[2021-02-09 04:22:40,347] {dag_processing.py:590} INFO - Processing files using up to 2 processes at a time 
[2021-02-09 04:22:40,347] {dag_processing.py:591} INFO - Process each file at most once every 0 seconds
[2021-02-09 04:22:40,347] {dag_processing.py:592} INFO - Checking for new files in /opt/airflow/dags every 300 seconds
[2021-02-09 04:22:40,347] {dag_processing.py:726} INFO - Searching for files in /opt/airflow/dags
[2021-02-09 04:22:40,350] {dag_processing.py:729} INFO - There are 26 files in /opt/airflow/dags
[2021-02-09 04:22:40,372] {dag_processing.py:1062} INFO - Finding 'running' jobs without a recent heartbeat
[2021-02-09 04:22:40,372] {dag_processing.py:1066} INFO - Failing jobs without heartbeat after 2021-02-09 04:17:40.372866+00:00
[2021-02-09 04:22:40,382] {dag_processing.py:833} INFO - 
================================================================================
DAG File Processing Stats

File Path                                                                                                           PID  Runtime      # DAGs    # Errors  Last Runtime    Last Run
----------------------------------------------------------------------------------------------------------------  -----  ---------  --------  ----------  --------------  ----------
/home/airflow/.local/lib/python3.8/site-packages/airflow/example_dags/example_task_group.py                                                0           0
/home/airflow/.local/lib/python3.8/site-packages/airflow/example_dags/example_nested_branch_dag.py                                         0           0
/home/airflow/.local/lib/python3.8/site-packages/airflow/example_dags/tutorial_etl_dag.py                            40  0.01s             0           0
/home/airflow/.local/lib/python3.8/site-packages/airflow/example_dags/example_latest_only.py                                               0           0
/home/airflow/.local/lib/python3.8/site-packages/airflow/example_dags/tutorial_taskflow_api_etl.py                                         0           0
/home/airflow/.local/lib/python3.8/site-packages/airflow/example_dags/example_complex.py                                                   0           0
/home/airflow/.local/lib/python3.8/site-packages/airflow/example_dags/example_trigger_controller_dag.py                                    0           0
/home/airflow/.local/lib/python3.8/site-packages/airflow/example_dags/example_skip_dag.py                                                  0           0
/home/airflow/.local/lib/python3.8/site-packages/airflow/example_dags/example_dag_decorator.py                                             0           0
/home/airflow/.local/lib/python3.8/site-packages/airflow/example_dags/example_branch_python_dop_operator_3.py                              0           0
/home/airflow/.local/lib/python3.8/site-packages/airflow/example_dags/example_subdag_operator.py                                           0           0
/home/airflow/.local/lib/python3.8/site-packages/airflow/example_dags/example_kubernetes_executor.py                                       0           0
/home/airflow/.local/lib/python3.8/site-packages/airflow/example_dags/example_passing_params_via_test_command.py                           0           0
/home/airflow/.local/lib/python3.8/site-packages/airflow/example_dags/example_xcomargs.py                                                  0           0
/home/airflow/.local/lib/python3.8/site-packages/airflow/example_dags/example_kubernetes_executor_config.py                                0           0
/home/airflow/.local/lib/python3.8/site-packages/airflow/example_dags/example_latest_only_with_trigger.py                                  0           0
/home/airflow/.local/lib/python3.8/site-packages/airflow/example_dags/example_python_operator.py                                           0           0
/home/airflow/.local/lib/python3.8/site-packages/airflow/example_dags/example_short_circuit_operator.py                                    0           0
/home/airflow/.local/lib/python3.8/site-packages/airflow/example_dags/example_bash_operator.py                                             0           0
/home/airflow/.local/lib/python3.8/site-packages/airflow/example_dags/example_external_task_marker_dag.py                                  0           0
/home/airflow/.local/lib/python3.8/site-packages/airflow/example_dags/example_branch_operator.py                                           0           0
/home/airflow/.local/lib/python3.8/site-packages/airflow/example_dags/example_xcom.py                                39  0.01s             0           0
/home/airflow/.local/lib/python3.8/site-packages/airflow/example_dags/test_utils.py                                                        0           0
/home/airflow/.local/lib/python3.8/site-packages/airflow/example_dags/example_trigger_target_dag.py                                        0           0
/home/airflow/.local/lib/python3.8/site-packages/airflow/example_dags/tutorial.py                                                          0           0
/home/airflow/.local/lib/python3.8/site-packages/airflow/example_dags/subdags/subdag.py                                                    0           0
================================================================================
[2021-02-09 04:22:50,386] {dag_processing.py:1062} INFO - Finding 'running' jobs without a recent heartbeat
[2021-02-09 04:22:50,387] {dag_processing.py:1066} INFO - Failing jobs without heartbeat after 2021-02-09 04:17:50.387090+00:00
[2021-02-09 04:23:00,399] {dag_processing.py:1062} INFO - Finding 'running' jobs without a recent heartbeat
[2021-02-09 04:23:00,400] {dag_processing.py:1066} INFO - Failing jobs without heartbeat after 2021-02-09 04:18:00.400127+00:00
[2021-02-09 04:23:10,398] {dag_processing.py:833} INFO - 
================================================================================
DAG File Processing Stats

File Path                                                                                                           PID  Runtime      # DAGs    # Errors  Last Runtime    Last Run
----------------------------------------------------------------------------------------------------------------  -----  ---------  --------  ----------  --------------  -------------------
/home/airflow/.local/lib/python3.8/site-packages/airflow/example_dags/subdags/subdag.py                                                    0           0  0.02s           2021-02-09T04:23:10
/home/airflow/.local/lib/python3.8/site-packages/airflow/example_dags/example_task_group.py                                                1           0  0.04s           2021-02-09T04:23:09
/home/airflow/.local/lib/python3.8/site-packages/airflow/example_dags/example_nested_branch_dag.py                                         1           0  0.06s           2021-02-09T04:23:10
/home/airflow/.local/lib/python3.8/site-packages/airflow/example_dags/tutorial_etl_dag.py                                                  1           0  0.05s           2021-02-09T04:23:09
/home/airflow/.local/lib/python3.8/site-packages/airflow/example_dags/example_latest_only.py                                               1           0  0.05s           2021-02-09T04:23:10
/home/airflow/.local/lib/python3.8/site-packages/airflow/example_dags/tutorial_taskflow_api_etl.py                                         1           0  0.04s           2021-02-09T04:23:10
/home/airflow/.local/lib/python3.8/site-packages/airflow/example_dags/example_complex.py                                                   1           0  0.05s           2021-02-09T04:23:10
/home/airflow/.local/lib/python3.8/site-packages/airflow/example_dags/example_trigger_controller_dag.py                                    1           0  0.05s           2021-02-09T04:23:09
/home/airflow/.local/lib/python3.8/site-packages/airflow/example_dags/example_skip_dag.py                                                  1           0  0.05s           2021-02-09T04:23:10
/home/airflow/.local/lib/python3.8/site-packages/airflow/example_dags/example_dag_decorator.py                     1164  0.03s             1           0  0.05s           2021-02-09T04:23:09
/home/airflow/.local/lib/python3.8/site-packages/airflow/example_dags/example_branch_python_dop_operator_3.py                              1           0  0.06s           2021-02-09T04:23:10
/home/airflow/.local/lib/python3.8/site-packages/airflow/example_dags/example_kubernetes_executor.py                                       1           0  0.05s           2021-02-09T04:23:09
/home/airflow/.local/lib/python3.8/site-packages/airflow/example_dags/example_passing_params_via_test_command.py                           1           0  0.06s           2021-02-09T04:23:09
/home/airflow/.local/lib/python3.8/site-packages/airflow/example_dags/example_kubernetes_executor_config.py                                1           0  0.04s           2021-02-09T04:23:10
/home/airflow/.local/lib/python3.8/site-packages/airflow/example_dags/example_latest_only_with_trigger.py                                  1           0  0.04s           2021-02-09T04:23:09
/home/airflow/.local/lib/python3.8/site-packages/airflow/example_dags/example_python_operator.py                                           1           0  0.04s           2021-02-09T04:23:09
/home/airflow/.local/lib/python3.8/site-packages/airflow/example_dags/example_short_circuit_operator.py                                    1           0  0.05s           2021-02-09T04:23:10
/home/airflow/.local/lib/python3.8/site-packages/airflow/example_dags/example_bash_operator.py                                             1           0  0.08s           2021-02-09T04:23:10
/home/airflow/.local/lib/python3.8/site-packages/airflow/example_dags/example_branch_operator.py                                           1           0  0.05s           2021-02-09T04:23:10
/home/airflow/.local/lib/python3.8/site-packages/airflow/example_dags/example_xcom.py                                                      1           0  0.05s           2021-02-09T04:23:09
/home/airflow/.local/lib/python3.8/site-packages/airflow/example_dags/test_utils.py                                                        1           0  0.04s           2021-02-09T04:23:10
/home/airflow/.local/lib/python3.8/site-packages/airflow/example_dags/example_trigger_target_dag.py                                        1           0  0.05s           2021-02-09T04:23:10
/home/airflow/.local/lib/python3.8/site-packages/airflow/example_dags/tutorial.py                                                          1           0  0.04s           2021-02-09T04:23:10
/home/airflow/.local/lib/python3.8/site-packages/airflow/example_dags/example_xcomargs.py                                                  2           0  0.08s           2021-02-09T04:23:10
/home/airflow/.local/lib/python3.8/site-packages/airflow/example_dags/example_external_task_marker_dag.py                                  2           0  0.05s           2021-02-09T04:23:09
/home/airflow/.local/lib/python3.8/site-packages/airflow/example_dags/example_subdag_operator.py                   1165  0.00s             3           0  0.07s           2021-02-09T04:23:09
================================================================================
[2021-02-09 04:23:10,406] {dag_processing.py:1062} INFO - Finding 'running' jobs without a recent heartbeat
[2021-02-09 04:23:10,406] {dag_processing.py:1066} INFO - Failing jobs without heartbeat after 2021-02-09 04:18:10.406176+00:00
[2021-02-09 04:23:20,432] {dag_processing.py:1062} INFO - Finding 'running' jobs without a recent heartbeat
[2021-02-09 04:23:20,432] {dag_processing.py:1066} INFO - Failing jobs without heartbeat after 2021-02-09 04:18:20.432774+00:00
[2021-02-09 04:23:30,452] {dag_processing.py:1062} INFO - Finding 'running' jobs without a recent heartbeat
[2021-02-09 04:23:30,452] {dag_processing.py:1066} INFO - Failing jobs without heartbeat after 2021-02-09 04:18:30.452828+00:00
[2021-02-09 04:23:40,401] {dag_processing.py:833} INFO - 
================================================================================
DAG File Processing Stats

File Path                                                                                                           PID  Runtime      # DAGs    # Errors  Last Runtime    Last Run
----------------------------------------------------------------------------------------------------------------  -----  ---------  --------  ----------  --------------  -------------------
/home/airflow/.local/lib/python3.8/site-packages/airflow/example_dags/subdags/subdag.py                                                    0           0  0.02s           2021-02-09T04:23:40
/home/airflow/.local/lib/python3.8/site-packages/airflow/example_dags/example_task_group.py                                                1           0  0.05s           2021-02-09T04:23:40
/home/airflow/.local/lib/python3.8/site-packages/airflow/example_dags/example_nested_branch_dag.py                                         1           0  0.05s           2021-02-09T04:23:40
/home/airflow/.local/lib/python3.8/site-packages/airflow/example_dags/tutorial_etl_dag.py                                                  1           0  0.05s           2021-02-09T04:23:40
/home/airflow/.local/lib/python3.8/site-packages/airflow/example_dags/example_latest_only.py                                               1           0  0.05s           2021-02-09T04:23:40
/home/airflow/.local/lib/python3.8/site-packages/airflow/example_dags/tutorial_taskflow_api_etl.py                                         1           0  0.04s           2021-02-09T04:23:40
/home/airflow/.local/lib/python3.8/site-packages/airflow/example_dags/example_complex.py                                                   1           0  0.06s           2021-02-09T04:23:40
/home/airflow/.local/lib/python3.8/site-packages/airflow/example_dags/example_trigger_controller_dag.py                                    1           0  0.05s           2021-02-09T04:23:39
/home/airflow/.local/lib/python3.8/site-packages/airflow/example_dags/example_skip_dag.py                                                  1           0  0.05s           2021-02-09T04:23:40
/home/airflow/.local/lib/python3.8/site-packages/airflow/example_dags/example_dag_decorator.py                     2279  0.00s             1           0  0.04s           2021-02-09T04:23:39
/home/airflow/.local/lib/python3.8/site-packages/airflow/example_dags/example_branch_python_dop_operator_3.py                              1           0  0.06s           2021-02-09T04:23:40
/home/airflow/.local/lib/python3.8/site-packages/airflow/example_dags/example_kubernetes_executor.py                                       1           0  0.05s           2021-02-09T04:23:40
/home/airflow/.local/lib/python3.8/site-packages/airflow/example_dags/example_passing_params_via_test_command.py                           1           0  0.05s           2021-02-09T04:23:39
/home/airflow/.local/lib/python3.8/site-packages/airflow/example_dags/example_kubernetes_executor_config.py                                1           0  0.05s           2021-02-09T04:23:40
/home/airflow/.local/lib/python3.8/site-packages/airflow/example_dags/example_latest_only_with_trigger.py                                  1           0  0.05s           2021-02-09T04:23:39
/home/airflow/.local/lib/python3.8/site-packages/airflow/example_dags/example_python_operator.py                                           1           0  0.05s           2021-02-09T04:23:39
/home/airflow/.local/lib/python3.8/site-packages/airflow/example_dags/example_short_circuit_operator.py                                    1           0  0.05s           2021-02-09T04:23:40
/home/airflow/.local/lib/python3.8/site-packages/airflow/example_dags/example_bash_operator.py                                             1           0  0.05s           2021-02-09T04:23:40
/home/airflow/.local/lib/python3.8/site-packages/airflow/example_dags/example_branch_operator.py                   2278  0.03s             1           0  0.05s           2021-02-09T04:23:39
/home/airflow/.local/lib/python3.8/site-packages/airflow/example_dags/example_xcom.py                                                      1           0  0.05s           2021-02-09T04:23:39
/home/airflow/.local/lib/python3.8/site-packages/airflow/example_dags/test_utils.py                                                        1           0  0.04s           2021-02-09T04:23:40
/home/airflow/.local/lib/python3.8/site-packages/airflow/example_dags/example_trigger_target_dag.py                                        1           0  0.05s           2021-02-09T04:23:40
/home/airflow/.local/lib/python3.8/site-packages/airflow/example_dags/tutorial.py                                                          1           0  0.04s           2021-02-09T04:23:40
/home/airflow/.local/lib/python3.8/site-packages/airflow/example_dags/example_xcomargs.py                                                  2           0  0.05s           2021-02-09T04:23:40
/home/airflow/.local/lib/python3.8/site-packages/airflow/example_dags/example_external_task_marker_dag.py                                  2           0  0.05s           2021-02-09T04:23:39
/home/airflow/.local/lib/python3.8/site-packages/airflow/example_dags/example_subdag_operator.py                                           3           0  0.06s           2021-02-09T04:23:39
================================================================================
[2021-02-09 04:23:40,481] {dag_processing.py:1062} INFO - Finding 'running' jobs without a recent heartbeat
[2021-02-09 04:23:40,481] {dag_processing.py:1066} INFO - Failing jobs without heartbeat after 2021-02-09 04:18:40.481938+00:00
[2021-02-09 04:23:50,505] {dag_processing.py:1062} INFO - Finding 'running' jobs without a recent heartbeat
[2021-02-09 04:23:50,505] {dag_processing.py:1066} INFO - Failing jobs without heartbeat after 2021-02-09 04:18:50.505441+00:00
[2021-02-09 04:24:00,521] {dag_processing.py:1062} INFO - Finding 'running' jobs without a recent heartbeat
[2021-02-09 04:24:00,522] {dag_processing.py:1066} INFO - Failing jobs without heartbeat after 2021-02-09 04:19:00.522102+00:00
[2021-02-09 04:24:10,420] {dag_processing.py:833} INFO - 
================================================================================
DAG File Processing Stats

File Path                                                                                                           PID  Runtime      # DAGs    # Errors  Last Runtime    Last Run
----------------------------------------------------------------------------------------------------------------  -----  ---------  --------  ----------  --------------  -------------------
/home/airflow/.local/lib/python3.8/site-packages/airflow/example_dags/subdags/subdag.py                                                    0           0  0.02s           2021-02-09T04:24:10
/home/airflow/.local/lib/python3.8/site-packages/airflow/example_dags/example_task_group.py                                                1           0  0.05s           2021-02-09T04:24:10
/home/airflow/.local/lib/python3.8/site-packages/airflow/example_dags/example_nested_branch_dag.py                                         1           0  0.05s           2021-02-09T04:24:09
/home/airflow/.local/lib/python3.8/site-packages/airflow/example_dags/tutorial_etl_dag.py                                                  1           0  0.05s           2021-02-09T04:24:10
/home/airflow/.local/lib/python3.8/site-packages/airflow/example_dags/example_latest_only.py                                               1           0  0.05s           2021-02-09T04:24:10
/home/airflow/.local/lib/python3.8/site-packages/airflow/example_dags/tutorial_taskflow_api_etl.py                                         1           0  0.04s           2021-02-09T04:24:09
/home/airflow/.local/lib/python3.8/site-packages/airflow/example_dags/example_complex.py                                                   1           0  0.05s           2021-02-09T04:24:09
/home/airflow/.local/lib/python3.8/site-packages/airflow/example_dags/example_trigger_controller_dag.py                                    1           0  0.05s           2021-02-09T04:24:09
/home/airflow/.local/lib/python3.8/site-packages/airflow/example_dags/example_skip_dag.py                                                  1           0  0.05s           2021-02-09T04:24:09
/home/airflow/.local/lib/python3.8/site-packages/airflow/example_dags/example_dag_decorator.py                                             1           0  0.05s           2021-02-09T04:24:10
/home/airflow/.local/lib/python3.8/site-packages/airflow/example_dags/example_branch_python_dop_operator_3.py      3402  0.00s             1           0  0.06s           2021-02-09T04:24:09
/home/airflow/.local/lib/python3.8/site-packages/airflow/example_dags/example_kubernetes_executor.py                                       1           0  0.06s           2021-02-09T04:24:10
/home/airflow/.local/lib/python3.8/site-packages/airflow/example_dags/example_passing_params_via_test_command.py                           1           0  0.06s           2021-02-09T04:24:10
/home/airflow/.local/lib/python3.8/site-packages/airflow/example_dags/example_kubernetes_executor_config.py                                1           0  0.05s           2021-02-09T04:24:09
/home/airflow/.local/lib/python3.8/site-packages/airflow/example_dags/example_latest_only_with_trigger.py                                  1           0  0.05s           2021-02-09T04:24:10
/home/airflow/.local/lib/python3.8/site-packages/airflow/example_dags/example_python_operator.py                                           1           0  0.05s           2021-02-09T04:24:10
/home/airflow/.local/lib/python3.8/site-packages/airflow/example_dags/example_short_circuit_operator.py                                    1           0  0.05s           2021-02-09T04:24:10
/home/airflow/.local/lib/python3.8/site-packages/airflow/example_dags/example_bash_operator.py                                             1           0  0.05s           2021-02-09T04:24:09
/home/airflow/.local/lib/python3.8/site-packages/airflow/example_dags/example_branch_operator.py                                           1           0  0.06s           2021-02-09T04:24:10
/home/airflow/.local/lib/python3.8/site-packages/airflow/example_dags/example_xcom.py                                                      1           0  0.05s           2021-02-09T04:24:10
/home/airflow/.local/lib/python3.8/site-packages/airflow/example_dags/test_utils.py                                                        1           0  0.04s           2021-02-09T04:24:09
/home/airflow/.local/lib/python3.8/site-packages/airflow/example_dags/example_trigger_target_dag.py                3401  0.02s             1           0  0.05s           2021-02-09T04:24:09
/home/airflow/.local/lib/python3.8/site-packages/airflow/example_dags/tutorial.py                                                          1           0  0.05s           2021-02-09T04:24:10
/home/airflow/.local/lib/python3.8/site-packages/airflow/example_dags/example_xcomargs.py                                                  2           0  0.05s           2021-02-09T04:24:09
/home/airflow/.local/lib/python3.8/site-packages/airflow/example_dags/example_external_task_marker_dag.py                                  2           0  0.05s           2021-02-09T04:24:10
/home/airflow/.local/lib/python3.8/site-packages/airflow/example_dags/example_subdag_operator.py                                           3           0  0.06s           2021-02-09T04:24:10
================================================================================
[2021-02-09 04:24:10,532] {dag_processing.py:1062} INFO - Finding 'running' jobs without a recent heartbeat
[2021-02-09 04:24:10,532] {dag_processing.py:1066} INFO - Failing jobs without heartbeat after 2021-02-09 04:19:10.532483+00:00
[2021-02-09 04:24:20,544] {dag_processing.py:1062} INFO - Finding 'running' jobs without a recent heartbeat
[2021-02-09 04:24:20,545] {dag_processing.py:1066} INFO - Failing jobs without heartbeat after 2021-02-09 04:19:20.545190+00:00
[2021-02-09 04:24:30,592] {dag_processing.py:1062} INFO - Finding 'running' jobs without a recent heartbeat
[2021-02-09 04:24:30,593] {dag_processing.py:1066} INFO - Failing jobs without heartbeat after 2021-02-09 04:19:30.593110+00:00
[2021-02-09 04:24:36,300] {dag_processing.py:571} INFO - Exiting gracefully upon receiving signal 15
[2021-02-09 04:24:36,304] {dag_processing.py:571} INFO - Exiting gracefully upon receiving signal 15
[2021-02-09 04:24:36,415] {dag_processing.py:571} INFO - Exiting gracefully upon receiving signal 15
