[2021-02-06 06:42:45,555] {taskinstance.py:851} INFO - Dependencies all met for <TaskInstance: example_bash_operator.also_run_this 2021-02-06T06:42:42.660009+00:00 [queued]>
[2021-02-06 06:42:45,570] {taskinstance.py:851} INFO - Dependencies all met for <TaskInstance: example_bash_operator.also_run_this 2021-02-06T06:42:42.660009+00:00 [queued]>
[2021-02-06 06:42:45,570] {taskinstance.py:1042} INFO - 
--------------------------------------------------------------------------------
[2021-02-06 06:42:45,570] {taskinstance.py:1043} INFO - Starting attempt 1 of 1
[2021-02-06 06:42:45,571] {taskinstance.py:1044} INFO - 
--------------------------------------------------------------------------------
[2021-02-06 06:42:45,580] {taskinstance.py:1063} INFO - Executing <Task(BashOperator): also_run_this> on 2021-02-06T06:42:42.660009+00:00
[2021-02-06 06:42:45,585] {standard_task_runner.py:52} INFO - Started process 72 to run task
[2021-02-06 06:42:45,589] {standard_task_runner.py:76} INFO - Running: ['airflow', 'tasks', 'run', 'example_bash_operator', 'also_run_this', '2021-02-06T06:42:42.660009+00:00', '--job-id', '12', '--pool', 'default_pool', '--raw', '--subdir', '/home/airflow/.local/lib/python3.8/site-packages/airflow/example_dags/example_bash_operator.py', '--cfg-path', '/tmp/tmpphw_8b88', '--error-file', '/tmp/tmp9go8koho']
[2021-02-06 06:42:45,589] {standard_task_runner.py:77} INFO - Job 12: Subtask also_run_this
[2021-02-06 06:42:45,621] {logging_mixin.py:104} INFO - Running <TaskInstance: example_bash_operator.also_run_this 2021-02-06T06:42:42.660009+00:00 [running]> on host 6be8c7a30c6f
[2021-02-06 06:42:45,655] {taskinstance.py:1254} INFO - Exporting the following env vars:
AIRFLOW_CTX_DAG_OWNER=airflow
AIRFLOW_CTX_DAG_ID=example_bash_operator
AIRFLOW_CTX_TASK_ID=also_run_this
AIRFLOW_CTX_EXECUTION_DATE=2021-02-06T06:42:42.660009+00:00
AIRFLOW_CTX_DAG_RUN_ID=manual__2021-02-06T06:42:42.660009+00:00
[2021-02-06 06:42:45,655] {bash.py:135} INFO - Tmp dir root location: 
 /tmp
[2021-02-06 06:42:45,655] {bash.py:158} INFO - Running command: echo "run_id=manual__2021-02-06T06:42:42.660009+00:00 | dag_run=<DagRun example_bash_operator @ 2021-02-06 06:42:42.660009+00:00: manual__2021-02-06T06:42:42.660009+00:00, externally triggered: True>"
[2021-02-06 06:42:45,663] {bash.py:169} INFO - Output:
[2021-02-06 06:42:45,664] {bash.py:173} INFO - run_id=manual__2021-02-06T06:42:42.660009+00:00 | dag_run=<DagRun example_bash_operator @ 2021-02-06 06:42:42.660009+00:00: manual__2021-02-06T06:42:42.660009+00:00, externally triggered: True>
[2021-02-06 06:42:45,664] {bash.py:177} INFO - Command exited with return code 0
[2021-02-06 06:42:45,684] {taskinstance.py:1159} INFO - Marking task as SUCCESS. dag_id=example_bash_operator, task_id=also_run_this, execution_date=20210206T064242, start_date=20210206T064245, end_date=20210206T064245
[2021-02-06 06:42:45,710] {taskinstance.py:1219} INFO - 0 downstream tasks scheduled from follow-on schedule check
[2021-02-06 06:42:45,719] {local_task_job.py:146} INFO - Task exited with return code 0
