[2021-02-06 12:55:41,877] {scheduler_job.py:181} INFO - Started process (PID=42) to work on /home/airflow/.local/lib/python3.8/site-packages/airflow/example_dags/subdags/subdag.py
[2021-02-06 12:55:41,877] {scheduler_job.py:627} INFO - Processing file /home/airflow/.local/lib/python3.8/site-packages/airflow/example_dags/subdags/subdag.py for tasks to queue
[2021-02-06 12:55:41,878] {logging_mixin.py:104} INFO - [2021-02-06 12:55:41,878] {dagbag.py:449} INFO - Filling up the DagBag from /home/airflow/.local/lib/python3.8/site-packages/airflow/example_dags/subdags/subdag.py
[2021-02-06 12:55:41,883] {scheduler_job.py:639} WARNING - No viable dags retrieved from /home/airflow/.local/lib/python3.8/site-packages/airflow/example_dags/subdags/subdag.py
[2021-02-06 12:55:41,893] {scheduler_job.py:189} INFO - Processing /home/airflow/.local/lib/python3.8/site-packages/airflow/example_dags/subdags/subdag.py took 0.017 seconds
[2021-02-06 12:56:12,858] {scheduler_job.py:181} INFO - Started process (PID=68) to work on /home/airflow/.local/lib/python3.8/site-packages/airflow/example_dags/subdags/subdag.py
[2021-02-06 12:56:12,858] {scheduler_job.py:627} INFO - Processing file /home/airflow/.local/lib/python3.8/site-packages/airflow/example_dags/subdags/subdag.py for tasks to queue
[2021-02-06 12:56:12,859] {logging_mixin.py:104} INFO - [2021-02-06 12:56:12,859] {dagbag.py:449} INFO - Filling up the DagBag from /home/airflow/.local/lib/python3.8/site-packages/airflow/example_dags/subdags/subdag.py
[2021-02-06 12:56:12,860] {scheduler_job.py:639} WARNING - No viable dags retrieved from /home/airflow/.local/lib/python3.8/site-packages/airflow/example_dags/subdags/subdag.py
[2021-02-06 12:56:12,868] {scheduler_job.py:189} INFO - Processing /home/airflow/.local/lib/python3.8/site-packages/airflow/example_dags/subdags/subdag.py took 0.012 seconds
[2021-02-06 12:56:43,560] {scheduler_job.py:181} INFO - Started process (PID=94) to work on /home/airflow/.local/lib/python3.8/site-packages/airflow/example_dags/subdags/subdag.py
[2021-02-06 12:56:43,560] {scheduler_job.py:627} INFO - Processing file /home/airflow/.local/lib/python3.8/site-packages/airflow/example_dags/subdags/subdag.py for tasks to queue
[2021-02-06 12:56:43,561] {logging_mixin.py:104} INFO - [2021-02-06 12:56:43,560] {dagbag.py:449} INFO - Filling up the DagBag from /home/airflow/.local/lib/python3.8/site-packages/airflow/example_dags/subdags/subdag.py
[2021-02-06 12:56:43,562] {scheduler_job.py:639} WARNING - No viable dags retrieved from /home/airflow/.local/lib/python3.8/site-packages/airflow/example_dags/subdags/subdag.py
[2021-02-06 12:56:43,570] {scheduler_job.py:189} INFO - Processing /home/airflow/.local/lib/python3.8/site-packages/airflow/example_dags/subdags/subdag.py took 0.012 seconds
[2021-02-06 12:57:14,326] {scheduler_job.py:181} INFO - Started process (PID=120) to work on /home/airflow/.local/lib/python3.8/site-packages/airflow/example_dags/subdags/subdag.py
[2021-02-06 12:57:14,327] {scheduler_job.py:627} INFO - Processing file /home/airflow/.local/lib/python3.8/site-packages/airflow/example_dags/subdags/subdag.py for tasks to queue
[2021-02-06 12:57:14,327] {logging_mixin.py:104} INFO - [2021-02-06 12:57:14,327] {dagbag.py:449} INFO - Filling up the DagBag from /home/airflow/.local/lib/python3.8/site-packages/airflow/example_dags/subdags/subdag.py
[2021-02-06 12:57:14,329] {scheduler_job.py:639} WARNING - No viable dags retrieved from /home/airflow/.local/lib/python3.8/site-packages/airflow/example_dags/subdags/subdag.py
[2021-02-06 12:57:14,337] {scheduler_job.py:189} INFO - Processing /home/airflow/.local/lib/python3.8/site-packages/airflow/example_dags/subdags/subdag.py took 0.012 seconds
[2021-02-06 12:57:45,034] {scheduler_job.py:181} INFO - Started process (PID=146) to work on /home/airflow/.local/lib/python3.8/site-packages/airflow/example_dags/subdags/subdag.py
[2021-02-06 12:57:45,034] {scheduler_job.py:627} INFO - Processing file /home/airflow/.local/lib/python3.8/site-packages/airflow/example_dags/subdags/subdag.py for tasks to queue
[2021-02-06 12:57:45,035] {logging_mixin.py:104} INFO - [2021-02-06 12:57:45,035] {dagbag.py:449} INFO - Filling up the DagBag from /home/airflow/.local/lib/python3.8/site-packages/airflow/example_dags/subdags/subdag.py
[2021-02-06 12:57:45,036] {scheduler_job.py:639} WARNING - No viable dags retrieved from /home/airflow/.local/lib/python3.8/site-packages/airflow/example_dags/subdags/subdag.py
[2021-02-06 12:57:45,044] {scheduler_job.py:189} INFO - Processing /home/airflow/.local/lib/python3.8/site-packages/airflow/example_dags/subdags/subdag.py took 0.011 seconds
[2021-02-06 12:58:15,750] {scheduler_job.py:181} INFO - Started process (PID=172) to work on /home/airflow/.local/lib/python3.8/site-packages/airflow/example_dags/subdags/subdag.py
[2021-02-06 12:58:15,750] {scheduler_job.py:627} INFO - Processing file /home/airflow/.local/lib/python3.8/site-packages/airflow/example_dags/subdags/subdag.py for tasks to queue
[2021-02-06 12:58:15,751] {logging_mixin.py:104} INFO - [2021-02-06 12:58:15,751] {dagbag.py:449} INFO - Filling up the DagBag from /home/airflow/.local/lib/python3.8/site-packages/airflow/example_dags/subdags/subdag.py
[2021-02-06 12:58:15,752] {scheduler_job.py:639} WARNING - No viable dags retrieved from /home/airflow/.local/lib/python3.8/site-packages/airflow/example_dags/subdags/subdag.py
[2021-02-06 12:58:15,761] {scheduler_job.py:189} INFO - Processing /home/airflow/.local/lib/python3.8/site-packages/airflow/example_dags/subdags/subdag.py took 0.013 seconds
[2021-02-06 12:58:46,457] {scheduler_job.py:181} INFO - Started process (PID=198) to work on /home/airflow/.local/lib/python3.8/site-packages/airflow/example_dags/subdags/subdag.py
[2021-02-06 12:58:46,458] {scheduler_job.py:627} INFO - Processing file /home/airflow/.local/lib/python3.8/site-packages/airflow/example_dags/subdags/subdag.py for tasks to queue
[2021-02-06 12:58:46,458] {logging_mixin.py:104} INFO - [2021-02-06 12:58:46,458] {dagbag.py:449} INFO - Filling up the DagBag from /home/airflow/.local/lib/python3.8/site-packages/airflow/example_dags/subdags/subdag.py
[2021-02-06 12:58:46,459] {scheduler_job.py:639} WARNING - No viable dags retrieved from /home/airflow/.local/lib/python3.8/site-packages/airflow/example_dags/subdags/subdag.py
[2021-02-06 12:58:46,468] {scheduler_job.py:189} INFO - Processing /home/airflow/.local/lib/python3.8/site-packages/airflow/example_dags/subdags/subdag.py took 0.012 seconds
[2021-02-06 12:59:17,153] {scheduler_job.py:181} INFO - Started process (PID=224) to work on /home/airflow/.local/lib/python3.8/site-packages/airflow/example_dags/subdags/subdag.py
[2021-02-06 12:59:17,154] {scheduler_job.py:627} INFO - Processing file /home/airflow/.local/lib/python3.8/site-packages/airflow/example_dags/subdags/subdag.py for tasks to queue
[2021-02-06 12:59:17,154] {logging_mixin.py:104} INFO - [2021-02-06 12:59:17,154] {dagbag.py:449} INFO - Filling up the DagBag from /home/airflow/.local/lib/python3.8/site-packages/airflow/example_dags/subdags/subdag.py
[2021-02-06 12:59:17,155] {scheduler_job.py:639} WARNING - No viable dags retrieved from /home/airflow/.local/lib/python3.8/site-packages/airflow/example_dags/subdags/subdag.py
[2021-02-06 12:59:17,164] {scheduler_job.py:189} INFO - Processing /home/airflow/.local/lib/python3.8/site-packages/airflow/example_dags/subdags/subdag.py took 0.012 seconds
[2021-02-06 12:59:47,865] {scheduler_job.py:181} INFO - Started process (PID=250) to work on /home/airflow/.local/lib/python3.8/site-packages/airflow/example_dags/subdags/subdag.py
[2021-02-06 12:59:47,866] {scheduler_job.py:627} INFO - Processing file /home/airflow/.local/lib/python3.8/site-packages/airflow/example_dags/subdags/subdag.py for tasks to queue
[2021-02-06 12:59:47,866] {logging_mixin.py:104} INFO - [2021-02-06 12:59:47,866] {dagbag.py:449} INFO - Filling up the DagBag from /home/airflow/.local/lib/python3.8/site-packages/airflow/example_dags/subdags/subdag.py
[2021-02-06 12:59:47,868] {scheduler_job.py:639} WARNING - No viable dags retrieved from /home/airflow/.local/lib/python3.8/site-packages/airflow/example_dags/subdags/subdag.py
[2021-02-06 12:59:47,876] {scheduler_job.py:189} INFO - Processing /home/airflow/.local/lib/python3.8/site-packages/airflow/example_dags/subdags/subdag.py took 0.012 seconds
[2021-02-06 13:00:18,612] {scheduler_job.py:181} INFO - Started process (PID=276) to work on /home/airflow/.local/lib/python3.8/site-packages/airflow/example_dags/subdags/subdag.py
[2021-02-06 13:00:18,613] {scheduler_job.py:627} INFO - Processing file /home/airflow/.local/lib/python3.8/site-packages/airflow/example_dags/subdags/subdag.py for tasks to queue
[2021-02-06 13:00:18,613] {logging_mixin.py:104} INFO - [2021-02-06 13:00:18,613] {dagbag.py:449} INFO - Filling up the DagBag from /home/airflow/.local/lib/python3.8/site-packages/airflow/example_dags/subdags/subdag.py
[2021-02-06 13:00:18,615] {scheduler_job.py:639} WARNING - No viable dags retrieved from /home/airflow/.local/lib/python3.8/site-packages/airflow/example_dags/subdags/subdag.py
[2021-02-06 13:00:18,627] {scheduler_job.py:189} INFO - Processing /home/airflow/.local/lib/python3.8/site-packages/airflow/example_dags/subdags/subdag.py took 0.017 seconds
[2021-02-06 13:00:48,782] {scheduler_job.py:181} INFO - Started process (PID=303) to work on /home/airflow/.local/lib/python3.8/site-packages/airflow/example_dags/subdags/subdag.py
[2021-02-06 13:00:48,783] {scheduler_job.py:627} INFO - Processing file /home/airflow/.local/lib/python3.8/site-packages/airflow/example_dags/subdags/subdag.py for tasks to queue
[2021-02-06 13:00:48,783] {logging_mixin.py:104} INFO - [2021-02-06 13:00:48,783] {dagbag.py:449} INFO - Filling up the DagBag from /home/airflow/.local/lib/python3.8/site-packages/airflow/example_dags/subdags/subdag.py
[2021-02-06 13:00:48,785] {scheduler_job.py:639} WARNING - No viable dags retrieved from /home/airflow/.local/lib/python3.8/site-packages/airflow/example_dags/subdags/subdag.py
[2021-02-06 13:00:48,793] {scheduler_job.py:189} INFO - Processing /home/airflow/.local/lib/python3.8/site-packages/airflow/example_dags/subdags/subdag.py took 0.012 seconds
[2021-02-06 13:01:19,450] {scheduler_job.py:181} INFO - Started process (PID=328) to work on /home/airflow/.local/lib/python3.8/site-packages/airflow/example_dags/subdags/subdag.py
[2021-02-06 13:01:19,451] {scheduler_job.py:627} INFO - Processing file /home/airflow/.local/lib/python3.8/site-packages/airflow/example_dags/subdags/subdag.py for tasks to queue
[2021-02-06 13:01:19,451] {logging_mixin.py:104} INFO - [2021-02-06 13:01:19,451] {dagbag.py:449} INFO - Filling up the DagBag from /home/airflow/.local/lib/python3.8/site-packages/airflow/example_dags/subdags/subdag.py
[2021-02-06 13:01:19,452] {scheduler_job.py:639} WARNING - No viable dags retrieved from /home/airflow/.local/lib/python3.8/site-packages/airflow/example_dags/subdags/subdag.py
[2021-02-06 13:01:19,461] {scheduler_job.py:189} INFO - Processing /home/airflow/.local/lib/python3.8/site-packages/airflow/example_dags/subdags/subdag.py took 0.012 seconds
[2021-02-06 13:01:50,165] {scheduler_job.py:181} INFO - Started process (PID=354) to work on /home/airflow/.local/lib/python3.8/site-packages/airflow/example_dags/subdags/subdag.py
[2021-02-06 13:01:50,165] {scheduler_job.py:627} INFO - Processing file /home/airflow/.local/lib/python3.8/site-packages/airflow/example_dags/subdags/subdag.py for tasks to queue
[2021-02-06 13:01:50,166] {logging_mixin.py:104} INFO - [2021-02-06 13:01:50,166] {dagbag.py:449} INFO - Filling up the DagBag from /home/airflow/.local/lib/python3.8/site-packages/airflow/example_dags/subdags/subdag.py
[2021-02-06 13:01:50,167] {scheduler_job.py:639} WARNING - No viable dags retrieved from /home/airflow/.local/lib/python3.8/site-packages/airflow/example_dags/subdags/subdag.py
[2021-02-06 13:01:50,176] {scheduler_job.py:189} INFO - Processing /home/airflow/.local/lib/python3.8/site-packages/airflow/example_dags/subdags/subdag.py took 0.012 seconds
[2021-02-06 13:02:20,885] {scheduler_job.py:181} INFO - Started process (PID=380) to work on /home/airflow/.local/lib/python3.8/site-packages/airflow/example_dags/subdags/subdag.py
[2021-02-06 13:02:20,885] {scheduler_job.py:627} INFO - Processing file /home/airflow/.local/lib/python3.8/site-packages/airflow/example_dags/subdags/subdag.py for tasks to queue
[2021-02-06 13:02:20,886] {logging_mixin.py:104} INFO - [2021-02-06 13:02:20,886] {dagbag.py:449} INFO - Filling up the DagBag from /home/airflow/.local/lib/python3.8/site-packages/airflow/example_dags/subdags/subdag.py
[2021-02-06 13:02:20,888] {scheduler_job.py:639} WARNING - No viable dags retrieved from /home/airflow/.local/lib/python3.8/site-packages/airflow/example_dags/subdags/subdag.py
[2021-02-06 13:02:20,896] {scheduler_job.py:189} INFO - Processing /home/airflow/.local/lib/python3.8/site-packages/airflow/example_dags/subdags/subdag.py took 0.012 seconds
[2021-02-06 13:02:51,561] {scheduler_job.py:181} INFO - Started process (PID=406) to work on /home/airflow/.local/lib/python3.8/site-packages/airflow/example_dags/subdags/subdag.py
[2021-02-06 13:02:51,561] {scheduler_job.py:627} INFO - Processing file /home/airflow/.local/lib/python3.8/site-packages/airflow/example_dags/subdags/subdag.py for tasks to queue
[2021-02-06 13:02:51,562] {logging_mixin.py:104} INFO - [2021-02-06 13:02:51,562] {dagbag.py:449} INFO - Filling up the DagBag from /home/airflow/.local/lib/python3.8/site-packages/airflow/example_dags/subdags/subdag.py
[2021-02-06 13:02:51,563] {scheduler_job.py:639} WARNING - No viable dags retrieved from /home/airflow/.local/lib/python3.8/site-packages/airflow/example_dags/subdags/subdag.py
[2021-02-06 13:02:51,572] {scheduler_job.py:189} INFO - Processing /home/airflow/.local/lib/python3.8/site-packages/airflow/example_dags/subdags/subdag.py took 0.013 seconds
[2021-02-06 13:03:22,279] {scheduler_job.py:181} INFO - Started process (PID=432) to work on /home/airflow/.local/lib/python3.8/site-packages/airflow/example_dags/subdags/subdag.py
[2021-02-06 13:03:22,279] {scheduler_job.py:627} INFO - Processing file /home/airflow/.local/lib/python3.8/site-packages/airflow/example_dags/subdags/subdag.py for tasks to queue
[2021-02-06 13:03:22,280] {logging_mixin.py:104} INFO - [2021-02-06 13:03:22,280] {dagbag.py:449} INFO - Filling up the DagBag from /home/airflow/.local/lib/python3.8/site-packages/airflow/example_dags/subdags/subdag.py
[2021-02-06 13:03:22,281] {scheduler_job.py:639} WARNING - No viable dags retrieved from /home/airflow/.local/lib/python3.8/site-packages/airflow/example_dags/subdags/subdag.py
[2021-02-06 13:03:22,289] {scheduler_job.py:189} INFO - Processing /home/airflow/.local/lib/python3.8/site-packages/airflow/example_dags/subdags/subdag.py took 0.012 seconds
[2021-02-06 13:03:53,037] {scheduler_job.py:181} INFO - Started process (PID=458) to work on /home/airflow/.local/lib/python3.8/site-packages/airflow/example_dags/subdags/subdag.py
[2021-02-06 13:03:53,038] {scheduler_job.py:627} INFO - Processing file /home/airflow/.local/lib/python3.8/site-packages/airflow/example_dags/subdags/subdag.py for tasks to queue
[2021-02-06 13:03:53,039] {logging_mixin.py:104} INFO - [2021-02-06 13:03:53,039] {dagbag.py:449} INFO - Filling up the DagBag from /home/airflow/.local/lib/python3.8/site-packages/airflow/example_dags/subdags/subdag.py
[2021-02-06 13:03:53,040] {scheduler_job.py:639} WARNING - No viable dags retrieved from /home/airflow/.local/lib/python3.8/site-packages/airflow/example_dags/subdags/subdag.py
[2021-02-06 13:03:53,048] {scheduler_job.py:189} INFO - Processing /home/airflow/.local/lib/python3.8/site-packages/airflow/example_dags/subdags/subdag.py took 0.012 seconds
[2021-02-06 13:04:23,749] {scheduler_job.py:181} INFO - Started process (PID=484) to work on /home/airflow/.local/lib/python3.8/site-packages/airflow/example_dags/subdags/subdag.py
[2021-02-06 13:04:23,749] {scheduler_job.py:627} INFO - Processing file /home/airflow/.local/lib/python3.8/site-packages/airflow/example_dags/subdags/subdag.py for tasks to queue
[2021-02-06 13:04:23,750] {logging_mixin.py:104} INFO - [2021-02-06 13:04:23,750] {dagbag.py:449} INFO - Filling up the DagBag from /home/airflow/.local/lib/python3.8/site-packages/airflow/example_dags/subdags/subdag.py
[2021-02-06 13:04:23,751] {scheduler_job.py:639} WARNING - No viable dags retrieved from /home/airflow/.local/lib/python3.8/site-packages/airflow/example_dags/subdags/subdag.py
[2021-02-06 13:04:23,759] {scheduler_job.py:189} INFO - Processing /home/airflow/.local/lib/python3.8/site-packages/airflow/example_dags/subdags/subdag.py took 0.012 seconds
[2021-02-06 13:04:54,423] {scheduler_job.py:181} INFO - Started process (PID=510) to work on /home/airflow/.local/lib/python3.8/site-packages/airflow/example_dags/subdags/subdag.py
[2021-02-06 13:04:54,424] {scheduler_job.py:627} INFO - Processing file /home/airflow/.local/lib/python3.8/site-packages/airflow/example_dags/subdags/subdag.py for tasks to queue
[2021-02-06 13:04:54,424] {logging_mixin.py:104} INFO - [2021-02-06 13:04:54,424] {dagbag.py:449} INFO - Filling up the DagBag from /home/airflow/.local/lib/python3.8/site-packages/airflow/example_dags/subdags/subdag.py
[2021-02-06 13:04:54,426] {scheduler_job.py:639} WARNING - No viable dags retrieved from /home/airflow/.local/lib/python3.8/site-packages/airflow/example_dags/subdags/subdag.py
[2021-02-06 13:04:54,434] {scheduler_job.py:189} INFO - Processing /home/airflow/.local/lib/python3.8/site-packages/airflow/example_dags/subdags/subdag.py took 0.012 seconds
[2021-02-06 13:05:25,139] {scheduler_job.py:181} INFO - Started process (PID=536) to work on /home/airflow/.local/lib/python3.8/site-packages/airflow/example_dags/subdags/subdag.py
[2021-02-06 13:05:25,139] {scheduler_job.py:627} INFO - Processing file /home/airflow/.local/lib/python3.8/site-packages/airflow/example_dags/subdags/subdag.py for tasks to queue
[2021-02-06 13:05:25,140] {logging_mixin.py:104} INFO - [2021-02-06 13:05:25,140] {dagbag.py:449} INFO - Filling up the DagBag from /home/airflow/.local/lib/python3.8/site-packages/airflow/example_dags/subdags/subdag.py
[2021-02-06 13:05:25,141] {scheduler_job.py:639} WARNING - No viable dags retrieved from /home/airflow/.local/lib/python3.8/site-packages/airflow/example_dags/subdags/subdag.py
[2021-02-06 13:05:25,149] {scheduler_job.py:189} INFO - Processing /home/airflow/.local/lib/python3.8/site-packages/airflow/example_dags/subdags/subdag.py took 0.012 seconds
[2021-02-06 13:05:55,860] {scheduler_job.py:181} INFO - Started process (PID=562) to work on /home/airflow/.local/lib/python3.8/site-packages/airflow/example_dags/subdags/subdag.py
[2021-02-06 13:05:55,860] {scheduler_job.py:627} INFO - Processing file /home/airflow/.local/lib/python3.8/site-packages/airflow/example_dags/subdags/subdag.py for tasks to queue
[2021-02-06 13:05:55,861] {logging_mixin.py:104} INFO - [2021-02-06 13:05:55,861] {dagbag.py:449} INFO - Filling up the DagBag from /home/airflow/.local/lib/python3.8/site-packages/airflow/example_dags/subdags/subdag.py
[2021-02-06 13:05:55,862] {scheduler_job.py:639} WARNING - No viable dags retrieved from /home/airflow/.local/lib/python3.8/site-packages/airflow/example_dags/subdags/subdag.py
[2021-02-06 13:05:55,870] {scheduler_job.py:189} INFO - Processing /home/airflow/.local/lib/python3.8/site-packages/airflow/example_dags/subdags/subdag.py took 0.012 seconds
[2021-02-06 13:06:26,542] {scheduler_job.py:181} INFO - Started process (PID=588) to work on /home/airflow/.local/lib/python3.8/site-packages/airflow/example_dags/subdags/subdag.py
[2021-02-06 13:06:26,543] {scheduler_job.py:627} INFO - Processing file /home/airflow/.local/lib/python3.8/site-packages/airflow/example_dags/subdags/subdag.py for tasks to queue
[2021-02-06 13:06:26,543] {logging_mixin.py:104} INFO - [2021-02-06 13:06:26,543] {dagbag.py:449} INFO - Filling up the DagBag from /home/airflow/.local/lib/python3.8/site-packages/airflow/example_dags/subdags/subdag.py
[2021-02-06 13:06:26,544] {scheduler_job.py:639} WARNING - No viable dags retrieved from /home/airflow/.local/lib/python3.8/site-packages/airflow/example_dags/subdags/subdag.py
[2021-02-06 13:06:26,553] {scheduler_job.py:189} INFO - Processing /home/airflow/.local/lib/python3.8/site-packages/airflow/example_dags/subdags/subdag.py took 0.012 seconds
[2021-02-06 13:06:57,264] {scheduler_job.py:181} INFO - Started process (PID=614) to work on /home/airflow/.local/lib/python3.8/site-packages/airflow/example_dags/subdags/subdag.py
[2021-02-06 13:06:57,264] {scheduler_job.py:627} INFO - Processing file /home/airflow/.local/lib/python3.8/site-packages/airflow/example_dags/subdags/subdag.py for tasks to queue
[2021-02-06 13:06:57,265] {logging_mixin.py:104} INFO - [2021-02-06 13:06:57,265] {dagbag.py:449} INFO - Filling up the DagBag from /home/airflow/.local/lib/python3.8/site-packages/airflow/example_dags/subdags/subdag.py
[2021-02-06 13:06:57,266] {scheduler_job.py:639} WARNING - No viable dags retrieved from /home/airflow/.local/lib/python3.8/site-packages/airflow/example_dags/subdags/subdag.py
[2021-02-06 13:06:57,275] {scheduler_job.py:189} INFO - Processing /home/airflow/.local/lib/python3.8/site-packages/airflow/example_dags/subdags/subdag.py took 0.012 seconds
[2021-02-06 13:07:27,980] {scheduler_job.py:181} INFO - Started process (PID=640) to work on /home/airflow/.local/lib/python3.8/site-packages/airflow/example_dags/subdags/subdag.py
[2021-02-06 13:07:27,981] {scheduler_job.py:627} INFO - Processing file /home/airflow/.local/lib/python3.8/site-packages/airflow/example_dags/subdags/subdag.py for tasks to queue
[2021-02-06 13:07:27,981] {logging_mixin.py:104} INFO - [2021-02-06 13:07:27,981] {dagbag.py:449} INFO - Filling up the DagBag from /home/airflow/.local/lib/python3.8/site-packages/airflow/example_dags/subdags/subdag.py
[2021-02-06 13:07:27,983] {scheduler_job.py:639} WARNING - No viable dags retrieved from /home/airflow/.local/lib/python3.8/site-packages/airflow/example_dags/subdags/subdag.py
[2021-02-06 13:07:27,991] {scheduler_job.py:189} INFO - Processing /home/airflow/.local/lib/python3.8/site-packages/airflow/example_dags/subdags/subdag.py took 0.012 seconds
[2021-02-06 13:07:58,795] {scheduler_job.py:181} INFO - Started process (PID=666) to work on /home/airflow/.local/lib/python3.8/site-packages/airflow/example_dags/subdags/subdag.py
[2021-02-06 13:07:58,795] {scheduler_job.py:627} INFO - Processing file /home/airflow/.local/lib/python3.8/site-packages/airflow/example_dags/subdags/subdag.py for tasks to queue
[2021-02-06 13:07:58,796] {logging_mixin.py:104} INFO - [2021-02-06 13:07:58,796] {dagbag.py:449} INFO - Filling up the DagBag from /home/airflow/.local/lib/python3.8/site-packages/airflow/example_dags/subdags/subdag.py
[2021-02-06 13:07:58,797] {scheduler_job.py:639} WARNING - No viable dags retrieved from /home/airflow/.local/lib/python3.8/site-packages/airflow/example_dags/subdags/subdag.py
[2021-02-06 13:07:58,805] {scheduler_job.py:189} INFO - Processing /home/airflow/.local/lib/python3.8/site-packages/airflow/example_dags/subdags/subdag.py took 0.012 seconds
[2021-02-06 13:08:29,592] {scheduler_job.py:181} INFO - Started process (PID=692) to work on /home/airflow/.local/lib/python3.8/site-packages/airflow/example_dags/subdags/subdag.py
[2021-02-06 13:08:29,592] {scheduler_job.py:627} INFO - Processing file /home/airflow/.local/lib/python3.8/site-packages/airflow/example_dags/subdags/subdag.py for tasks to queue
[2021-02-06 13:08:29,593] {logging_mixin.py:104} INFO - [2021-02-06 13:08:29,593] {dagbag.py:449} INFO - Filling up the DagBag from /home/airflow/.local/lib/python3.8/site-packages/airflow/example_dags/subdags/subdag.py
[2021-02-06 13:08:29,594] {scheduler_job.py:639} WARNING - No viable dags retrieved from /home/airflow/.local/lib/python3.8/site-packages/airflow/example_dags/subdags/subdag.py
[2021-02-06 13:08:29,603] {scheduler_job.py:189} INFO - Processing /home/airflow/.local/lib/python3.8/site-packages/airflow/example_dags/subdags/subdag.py took 0.013 seconds
[2021-02-06 13:09:00,322] {scheduler_job.py:181} INFO - Started process (PID=718) to work on /home/airflow/.local/lib/python3.8/site-packages/airflow/example_dags/subdags/subdag.py
[2021-02-06 13:09:00,323] {scheduler_job.py:627} INFO - Processing file /home/airflow/.local/lib/python3.8/site-packages/airflow/example_dags/subdags/subdag.py for tasks to queue
[2021-02-06 13:09:00,323] {logging_mixin.py:104} INFO - [2021-02-06 13:09:00,323] {dagbag.py:449} INFO - Filling up the DagBag from /home/airflow/.local/lib/python3.8/site-packages/airflow/example_dags/subdags/subdag.py
[2021-02-06 13:09:00,324] {scheduler_job.py:639} WARNING - No viable dags retrieved from /home/airflow/.local/lib/python3.8/site-packages/airflow/example_dags/subdags/subdag.py
[2021-02-06 13:09:00,332] {scheduler_job.py:189} INFO - Processing /home/airflow/.local/lib/python3.8/site-packages/airflow/example_dags/subdags/subdag.py took 0.011 seconds
[2021-02-06 13:09:31,034] {scheduler_job.py:181} INFO - Started process (PID=744) to work on /home/airflow/.local/lib/python3.8/site-packages/airflow/example_dags/subdags/subdag.py
[2021-02-06 13:09:31,034] {scheduler_job.py:627} INFO - Processing file /home/airflow/.local/lib/python3.8/site-packages/airflow/example_dags/subdags/subdag.py for tasks to queue
[2021-02-06 13:09:31,035] {logging_mixin.py:104} INFO - [2021-02-06 13:09:31,035] {dagbag.py:449} INFO - Filling up the DagBag from /home/airflow/.local/lib/python3.8/site-packages/airflow/example_dags/subdags/subdag.py
[2021-02-06 13:09:31,036] {scheduler_job.py:639} WARNING - No viable dags retrieved from /home/airflow/.local/lib/python3.8/site-packages/airflow/example_dags/subdags/subdag.py
[2021-02-06 13:09:31,045] {scheduler_job.py:189} INFO - Processing /home/airflow/.local/lib/python3.8/site-packages/airflow/example_dags/subdags/subdag.py took 0.013 seconds
[2021-02-06 13:10:01,759] {scheduler_job.py:181} INFO - Started process (PID=770) to work on /home/airflow/.local/lib/python3.8/site-packages/airflow/example_dags/subdags/subdag.py
[2021-02-06 13:10:01,759] {scheduler_job.py:627} INFO - Processing file /home/airflow/.local/lib/python3.8/site-packages/airflow/example_dags/subdags/subdag.py for tasks to queue
[2021-02-06 13:10:01,760] {logging_mixin.py:104} INFO - [2021-02-06 13:10:01,759] {dagbag.py:449} INFO - Filling up the DagBag from /home/airflow/.local/lib/python3.8/site-packages/airflow/example_dags/subdags/subdag.py
[2021-02-06 13:10:01,761] {scheduler_job.py:639} WARNING - No viable dags retrieved from /home/airflow/.local/lib/python3.8/site-packages/airflow/example_dags/subdags/subdag.py
[2021-02-06 13:10:01,771] {scheduler_job.py:189} INFO - Processing /home/airflow/.local/lib/python3.8/site-packages/airflow/example_dags/subdags/subdag.py took 0.014 seconds
[2021-02-06 13:10:32,533] {scheduler_job.py:181} INFO - Started process (PID=796) to work on /home/airflow/.local/lib/python3.8/site-packages/airflow/example_dags/subdags/subdag.py
[2021-02-06 13:10:32,533] {scheduler_job.py:627} INFO - Processing file /home/airflow/.local/lib/python3.8/site-packages/airflow/example_dags/subdags/subdag.py for tasks to queue
[2021-02-06 13:10:32,533] {logging_mixin.py:104} INFO - [2021-02-06 13:10:32,533] {dagbag.py:449} INFO - Filling up the DagBag from /home/airflow/.local/lib/python3.8/site-packages/airflow/example_dags/subdags/subdag.py
[2021-02-06 13:10:32,535] {scheduler_job.py:639} WARNING - No viable dags retrieved from /home/airflow/.local/lib/python3.8/site-packages/airflow/example_dags/subdags/subdag.py
[2021-02-06 13:10:32,544] {scheduler_job.py:189} INFO - Processing /home/airflow/.local/lib/python3.8/site-packages/airflow/example_dags/subdags/subdag.py took 0.013 seconds
[2021-02-06 13:11:03,261] {scheduler_job.py:181} INFO - Started process (PID=822) to work on /home/airflow/.local/lib/python3.8/site-packages/airflow/example_dags/subdags/subdag.py
[2021-02-06 13:11:03,261] {scheduler_job.py:627} INFO - Processing file /home/airflow/.local/lib/python3.8/site-packages/airflow/example_dags/subdags/subdag.py for tasks to queue
[2021-02-06 13:11:03,262] {logging_mixin.py:104} INFO - [2021-02-06 13:11:03,262] {dagbag.py:449} INFO - Filling up the DagBag from /home/airflow/.local/lib/python3.8/site-packages/airflow/example_dags/subdags/subdag.py
[2021-02-06 13:11:03,263] {scheduler_job.py:639} WARNING - No viable dags retrieved from /home/airflow/.local/lib/python3.8/site-packages/airflow/example_dags/subdags/subdag.py
[2021-02-06 13:11:03,273] {scheduler_job.py:189} INFO - Processing /home/airflow/.local/lib/python3.8/site-packages/airflow/example_dags/subdags/subdag.py took 0.013 seconds
[2021-02-06 13:11:33,984] {scheduler_job.py:181} INFO - Started process (PID=848) to work on /home/airflow/.local/lib/python3.8/site-packages/airflow/example_dags/subdags/subdag.py
[2021-02-06 13:11:33,984] {scheduler_job.py:627} INFO - Processing file /home/airflow/.local/lib/python3.8/site-packages/airflow/example_dags/subdags/subdag.py for tasks to queue
[2021-02-06 13:11:33,985] {logging_mixin.py:104} INFO - [2021-02-06 13:11:33,984] {dagbag.py:449} INFO - Filling up the DagBag from /home/airflow/.local/lib/python3.8/site-packages/airflow/example_dags/subdags/subdag.py
[2021-02-06 13:11:33,986] {scheduler_job.py:639} WARNING - No viable dags retrieved from /home/airflow/.local/lib/python3.8/site-packages/airflow/example_dags/subdags/subdag.py
[2021-02-06 13:11:33,995] {scheduler_job.py:189} INFO - Processing /home/airflow/.local/lib/python3.8/site-packages/airflow/example_dags/subdags/subdag.py took 0.013 seconds
[2021-02-06 13:12:04,832] {scheduler_job.py:181} INFO - Started process (PID=874) to work on /home/airflow/.local/lib/python3.8/site-packages/airflow/example_dags/subdags/subdag.py
[2021-02-06 13:12:04,832] {scheduler_job.py:627} INFO - Processing file /home/airflow/.local/lib/python3.8/site-packages/airflow/example_dags/subdags/subdag.py for tasks to queue
[2021-02-06 13:12:04,833] {logging_mixin.py:104} INFO - [2021-02-06 13:12:04,833] {dagbag.py:449} INFO - Filling up the DagBag from /home/airflow/.local/lib/python3.8/site-packages/airflow/example_dags/subdags/subdag.py
[2021-02-06 13:12:04,834] {scheduler_job.py:639} WARNING - No viable dags retrieved from /home/airflow/.local/lib/python3.8/site-packages/airflow/example_dags/subdags/subdag.py
[2021-02-06 13:12:04,844] {scheduler_job.py:189} INFO - Processing /home/airflow/.local/lib/python3.8/site-packages/airflow/example_dags/subdags/subdag.py took 0.013 seconds
[2021-02-06 13:12:35,540] {scheduler_job.py:181} INFO - Started process (PID=900) to work on /home/airflow/.local/lib/python3.8/site-packages/airflow/example_dags/subdags/subdag.py
[2021-02-06 13:12:35,541] {scheduler_job.py:627} INFO - Processing file /home/airflow/.local/lib/python3.8/site-packages/airflow/example_dags/subdags/subdag.py for tasks to queue
[2021-02-06 13:12:35,542] {logging_mixin.py:104} INFO - [2021-02-06 13:12:35,542] {dagbag.py:449} INFO - Filling up the DagBag from /home/airflow/.local/lib/python3.8/site-packages/airflow/example_dags/subdags/subdag.py
[2021-02-06 13:12:35,543] {scheduler_job.py:639} WARNING - No viable dags retrieved from /home/airflow/.local/lib/python3.8/site-packages/airflow/example_dags/subdags/subdag.py
[2021-02-06 13:12:35,552] {scheduler_job.py:189} INFO - Processing /home/airflow/.local/lib/python3.8/site-packages/airflow/example_dags/subdags/subdag.py took 0.013 seconds
[2021-02-06 13:13:06,254] {scheduler_job.py:181} INFO - Started process (PID=926) to work on /home/airflow/.local/lib/python3.8/site-packages/airflow/example_dags/subdags/subdag.py
[2021-02-06 13:13:06,255] {scheduler_job.py:627} INFO - Processing file /home/airflow/.local/lib/python3.8/site-packages/airflow/example_dags/subdags/subdag.py for tasks to queue
[2021-02-06 13:13:06,255] {logging_mixin.py:104} INFO - [2021-02-06 13:13:06,255] {dagbag.py:449} INFO - Filling up the DagBag from /home/airflow/.local/lib/python3.8/site-packages/airflow/example_dags/subdags/subdag.py
[2021-02-06 13:13:06,257] {scheduler_job.py:639} WARNING - No viable dags retrieved from /home/airflow/.local/lib/python3.8/site-packages/airflow/example_dags/subdags/subdag.py
[2021-02-06 13:13:06,265] {scheduler_job.py:189} INFO - Processing /home/airflow/.local/lib/python3.8/site-packages/airflow/example_dags/subdags/subdag.py took 0.012 seconds
[2021-02-06 13:13:36,961] {scheduler_job.py:181} INFO - Started process (PID=952) to work on /home/airflow/.local/lib/python3.8/site-packages/airflow/example_dags/subdags/subdag.py
[2021-02-06 13:13:36,962] {scheduler_job.py:627} INFO - Processing file /home/airflow/.local/lib/python3.8/site-packages/airflow/example_dags/subdags/subdag.py for tasks to queue
[2021-02-06 13:13:36,963] {logging_mixin.py:104} INFO - [2021-02-06 13:13:36,962] {dagbag.py:449} INFO - Filling up the DagBag from /home/airflow/.local/lib/python3.8/site-packages/airflow/example_dags/subdags/subdag.py
[2021-02-06 13:13:36,964] {scheduler_job.py:639} WARNING - No viable dags retrieved from /home/airflow/.local/lib/python3.8/site-packages/airflow/example_dags/subdags/subdag.py
[2021-02-06 13:13:36,973] {scheduler_job.py:189} INFO - Processing /home/airflow/.local/lib/python3.8/site-packages/airflow/example_dags/subdags/subdag.py took 0.013 seconds
[2021-02-06 13:14:07,708] {scheduler_job.py:181} INFO - Started process (PID=978) to work on /home/airflow/.local/lib/python3.8/site-packages/airflow/example_dags/subdags/subdag.py
[2021-02-06 13:14:07,709] {scheduler_job.py:627} INFO - Processing file /home/airflow/.local/lib/python3.8/site-packages/airflow/example_dags/subdags/subdag.py for tasks to queue
[2021-02-06 13:14:07,709] {logging_mixin.py:104} INFO - [2021-02-06 13:14:07,709] {dagbag.py:449} INFO - Filling up the DagBag from /home/airflow/.local/lib/python3.8/site-packages/airflow/example_dags/subdags/subdag.py
[2021-02-06 13:14:07,711] {scheduler_job.py:639} WARNING - No viable dags retrieved from /home/airflow/.local/lib/python3.8/site-packages/airflow/example_dags/subdags/subdag.py
[2021-02-06 13:14:07,719] {scheduler_job.py:189} INFO - Processing /home/airflow/.local/lib/python3.8/site-packages/airflow/example_dags/subdags/subdag.py took 0.012 seconds
[2021-02-06 13:14:38,498] {scheduler_job.py:181} INFO - Started process (PID=1004) to work on /home/airflow/.local/lib/python3.8/site-packages/airflow/example_dags/subdags/subdag.py
[2021-02-06 13:14:38,498] {scheduler_job.py:627} INFO - Processing file /home/airflow/.local/lib/python3.8/site-packages/airflow/example_dags/subdags/subdag.py for tasks to queue
[2021-02-06 13:14:38,498] {logging_mixin.py:104} INFO - [2021-02-06 13:14:38,498] {dagbag.py:449} INFO - Filling up the DagBag from /home/airflow/.local/lib/python3.8/site-packages/airflow/example_dags/subdags/subdag.py
[2021-02-06 13:14:38,500] {scheduler_job.py:639} WARNING - No viable dags retrieved from /home/airflow/.local/lib/python3.8/site-packages/airflow/example_dags/subdags/subdag.py
[2021-02-06 13:14:38,508] {scheduler_job.py:189} INFO - Processing /home/airflow/.local/lib/python3.8/site-packages/airflow/example_dags/subdags/subdag.py took 0.012 seconds
[2021-02-06 13:15:09,211] {scheduler_job.py:181} INFO - Started process (PID=1030) to work on /home/airflow/.local/lib/python3.8/site-packages/airflow/example_dags/subdags/subdag.py
[2021-02-06 13:15:09,212] {scheduler_job.py:627} INFO - Processing file /home/airflow/.local/lib/python3.8/site-packages/airflow/example_dags/subdags/subdag.py for tasks to queue
[2021-02-06 13:15:09,212] {logging_mixin.py:104} INFO - [2021-02-06 13:15:09,212] {dagbag.py:449} INFO - Filling up the DagBag from /home/airflow/.local/lib/python3.8/site-packages/airflow/example_dags/subdags/subdag.py
[2021-02-06 13:15:09,213] {scheduler_job.py:639} WARNING - No viable dags retrieved from /home/airflow/.local/lib/python3.8/site-packages/airflow/example_dags/subdags/subdag.py
[2021-02-06 13:15:09,222] {scheduler_job.py:189} INFO - Processing /home/airflow/.local/lib/python3.8/site-packages/airflow/example_dags/subdags/subdag.py took 0.012 seconds
[2021-02-06 13:15:39,936] {scheduler_job.py:181} INFO - Started process (PID=1056) to work on /home/airflow/.local/lib/python3.8/site-packages/airflow/example_dags/subdags/subdag.py
[2021-02-06 13:15:39,936] {scheduler_job.py:627} INFO - Processing file /home/airflow/.local/lib/python3.8/site-packages/airflow/example_dags/subdags/subdag.py for tasks to queue
[2021-02-06 13:15:39,937] {logging_mixin.py:104} INFO - [2021-02-06 13:15:39,937] {dagbag.py:449} INFO - Filling up the DagBag from /home/airflow/.local/lib/python3.8/site-packages/airflow/example_dags/subdags/subdag.py
[2021-02-06 13:15:39,939] {scheduler_job.py:639} WARNING - No viable dags retrieved from /home/airflow/.local/lib/python3.8/site-packages/airflow/example_dags/subdags/subdag.py
[2021-02-06 13:15:39,947] {scheduler_job.py:189} INFO - Processing /home/airflow/.local/lib/python3.8/site-packages/airflow/example_dags/subdags/subdag.py took 0.013 seconds
[2021-02-06 13:16:10,694] {scheduler_job.py:181} INFO - Started process (PID=1082) to work on /home/airflow/.local/lib/python3.8/site-packages/airflow/example_dags/subdags/subdag.py
[2021-02-06 13:16:10,694] {scheduler_job.py:627} INFO - Processing file /home/airflow/.local/lib/python3.8/site-packages/airflow/example_dags/subdags/subdag.py for tasks to queue
[2021-02-06 13:16:10,694] {logging_mixin.py:104} INFO - [2021-02-06 13:16:10,694] {dagbag.py:449} INFO - Filling up the DagBag from /home/airflow/.local/lib/python3.8/site-packages/airflow/example_dags/subdags/subdag.py
[2021-02-06 13:16:10,696] {scheduler_job.py:639} WARNING - No viable dags retrieved from /home/airflow/.local/lib/python3.8/site-packages/airflow/example_dags/subdags/subdag.py
[2021-02-06 13:16:10,704] {scheduler_job.py:189} INFO - Processing /home/airflow/.local/lib/python3.8/site-packages/airflow/example_dags/subdags/subdag.py took 0.012 seconds
[2021-02-06 13:16:41,421] {scheduler_job.py:181} INFO - Started process (PID=1108) to work on /home/airflow/.local/lib/python3.8/site-packages/airflow/example_dags/subdags/subdag.py
[2021-02-06 13:16:41,422] {scheduler_job.py:627} INFO - Processing file /home/airflow/.local/lib/python3.8/site-packages/airflow/example_dags/subdags/subdag.py for tasks to queue
[2021-02-06 13:16:41,422] {logging_mixin.py:104} INFO - [2021-02-06 13:16:41,422] {dagbag.py:449} INFO - Filling up the DagBag from /home/airflow/.local/lib/python3.8/site-packages/airflow/example_dags/subdags/subdag.py
[2021-02-06 13:16:41,424] {scheduler_job.py:639} WARNING - No viable dags retrieved from /home/airflow/.local/lib/python3.8/site-packages/airflow/example_dags/subdags/subdag.py
[2021-02-06 13:16:41,433] {scheduler_job.py:189} INFO - Processing /home/airflow/.local/lib/python3.8/site-packages/airflow/example_dags/subdags/subdag.py took 0.013 seconds
[2021-02-06 13:17:12,104] {scheduler_job.py:181} INFO - Started process (PID=1134) to work on /home/airflow/.local/lib/python3.8/site-packages/airflow/example_dags/subdags/subdag.py
[2021-02-06 13:17:12,104] {scheduler_job.py:627} INFO - Processing file /home/airflow/.local/lib/python3.8/site-packages/airflow/example_dags/subdags/subdag.py for tasks to queue
[2021-02-06 13:17:12,105] {logging_mixin.py:104} INFO - [2021-02-06 13:17:12,105] {dagbag.py:449} INFO - Filling up the DagBag from /home/airflow/.local/lib/python3.8/site-packages/airflow/example_dags/subdags/subdag.py
[2021-02-06 13:17:12,106] {scheduler_job.py:639} WARNING - No viable dags retrieved from /home/airflow/.local/lib/python3.8/site-packages/airflow/example_dags/subdags/subdag.py
[2021-02-06 13:17:12,115] {scheduler_job.py:189} INFO - Processing /home/airflow/.local/lib/python3.8/site-packages/airflow/example_dags/subdags/subdag.py took 0.013 seconds
[2021-02-06 13:17:42,810] {scheduler_job.py:181} INFO - Started process (PID=1160) to work on /home/airflow/.local/lib/python3.8/site-packages/airflow/example_dags/subdags/subdag.py
[2021-02-06 13:17:42,811] {scheduler_job.py:627} INFO - Processing file /home/airflow/.local/lib/python3.8/site-packages/airflow/example_dags/subdags/subdag.py for tasks to queue
[2021-02-06 13:17:42,812] {logging_mixin.py:104} INFO - [2021-02-06 13:17:42,811] {dagbag.py:449} INFO - Filling up the DagBag from /home/airflow/.local/lib/python3.8/site-packages/airflow/example_dags/subdags/subdag.py
[2021-02-06 13:17:42,813] {scheduler_job.py:639} WARNING - No viable dags retrieved from /home/airflow/.local/lib/python3.8/site-packages/airflow/example_dags/subdags/subdag.py
[2021-02-06 13:17:42,821] {scheduler_job.py:189} INFO - Processing /home/airflow/.local/lib/python3.8/site-packages/airflow/example_dags/subdags/subdag.py took 0.013 seconds
[2021-02-06 13:18:13,537] {scheduler_job.py:181} INFO - Started process (PID=1186) to work on /home/airflow/.local/lib/python3.8/site-packages/airflow/example_dags/subdags/subdag.py
[2021-02-06 13:18:13,538] {scheduler_job.py:627} INFO - Processing file /home/airflow/.local/lib/python3.8/site-packages/airflow/example_dags/subdags/subdag.py for tasks to queue
[2021-02-06 13:18:13,538] {logging_mixin.py:104} INFO - [2021-02-06 13:18:13,538] {dagbag.py:449} INFO - Filling up the DagBag from /home/airflow/.local/lib/python3.8/site-packages/airflow/example_dags/subdags/subdag.py
[2021-02-06 13:18:13,539] {scheduler_job.py:639} WARNING - No viable dags retrieved from /home/airflow/.local/lib/python3.8/site-packages/airflow/example_dags/subdags/subdag.py
[2021-02-06 13:18:13,548] {scheduler_job.py:189} INFO - Processing /home/airflow/.local/lib/python3.8/site-packages/airflow/example_dags/subdags/subdag.py took 0.012 seconds
[2021-02-06 13:18:44,254] {scheduler_job.py:181} INFO - Started process (PID=1212) to work on /home/airflow/.local/lib/python3.8/site-packages/airflow/example_dags/subdags/subdag.py
[2021-02-06 13:18:44,254] {scheduler_job.py:627} INFO - Processing file /home/airflow/.local/lib/python3.8/site-packages/airflow/example_dags/subdags/subdag.py for tasks to queue
[2021-02-06 13:18:44,254] {logging_mixin.py:104} INFO - [2021-02-06 13:18:44,254] {dagbag.py:449} INFO - Filling up the DagBag from /home/airflow/.local/lib/python3.8/site-packages/airflow/example_dags/subdags/subdag.py
[2021-02-06 13:18:44,256] {scheduler_job.py:639} WARNING - No viable dags retrieved from /home/airflow/.local/lib/python3.8/site-packages/airflow/example_dags/subdags/subdag.py
[2021-02-06 13:18:44,264] {scheduler_job.py:189} INFO - Processing /home/airflow/.local/lib/python3.8/site-packages/airflow/example_dags/subdags/subdag.py took 0.012 seconds
[2021-02-06 13:19:15,056] {scheduler_job.py:181} INFO - Started process (PID=1238) to work on /home/airflow/.local/lib/python3.8/site-packages/airflow/example_dags/subdags/subdag.py
[2021-02-06 13:19:15,057] {scheduler_job.py:627} INFO - Processing file /home/airflow/.local/lib/python3.8/site-packages/airflow/example_dags/subdags/subdag.py for tasks to queue
[2021-02-06 13:19:15,057] {logging_mixin.py:104} INFO - [2021-02-06 13:19:15,057] {dagbag.py:449} INFO - Filling up the DagBag from /home/airflow/.local/lib/python3.8/site-packages/airflow/example_dags/subdags/subdag.py
[2021-02-06 13:19:15,059] {scheduler_job.py:639} WARNING - No viable dags retrieved from /home/airflow/.local/lib/python3.8/site-packages/airflow/example_dags/subdags/subdag.py
[2021-02-06 13:19:15,067] {scheduler_job.py:189} INFO - Processing /home/airflow/.local/lib/python3.8/site-packages/airflow/example_dags/subdags/subdag.py took 0.012 seconds
[2021-02-06 13:19:45,740] {scheduler_job.py:181} INFO - Started process (PID=1264) to work on /home/airflow/.local/lib/python3.8/site-packages/airflow/example_dags/subdags/subdag.py
[2021-02-06 13:19:45,741] {scheduler_job.py:627} INFO - Processing file /home/airflow/.local/lib/python3.8/site-packages/airflow/example_dags/subdags/subdag.py for tasks to queue
[2021-02-06 13:19:45,741] {logging_mixin.py:104} INFO - [2021-02-06 13:19:45,741] {dagbag.py:449} INFO - Filling up the DagBag from /home/airflow/.local/lib/python3.8/site-packages/airflow/example_dags/subdags/subdag.py
[2021-02-06 13:19:45,742] {scheduler_job.py:639} WARNING - No viable dags retrieved from /home/airflow/.local/lib/python3.8/site-packages/airflow/example_dags/subdags/subdag.py
[2021-02-06 13:19:45,750] {scheduler_job.py:189} INFO - Processing /home/airflow/.local/lib/python3.8/site-packages/airflow/example_dags/subdags/subdag.py took 0.012 seconds
[2021-02-06 13:20:16,442] {scheduler_job.py:181} INFO - Started process (PID=1290) to work on /home/airflow/.local/lib/python3.8/site-packages/airflow/example_dags/subdags/subdag.py
[2021-02-06 13:20:16,443] {scheduler_job.py:627} INFO - Processing file /home/airflow/.local/lib/python3.8/site-packages/airflow/example_dags/subdags/subdag.py for tasks to queue
[2021-02-06 13:20:16,443] {logging_mixin.py:104} INFO - [2021-02-06 13:20:16,443] {dagbag.py:449} INFO - Filling up the DagBag from /home/airflow/.local/lib/python3.8/site-packages/airflow/example_dags/subdags/subdag.py
[2021-02-06 13:20:16,444] {scheduler_job.py:639} WARNING - No viable dags retrieved from /home/airflow/.local/lib/python3.8/site-packages/airflow/example_dags/subdags/subdag.py
[2021-02-06 13:20:16,453] {scheduler_job.py:189} INFO - Processing /home/airflow/.local/lib/python3.8/site-packages/airflow/example_dags/subdags/subdag.py took 0.012 seconds
[2021-02-06 13:20:47,164] {scheduler_job.py:181} INFO - Started process (PID=1316) to work on /home/airflow/.local/lib/python3.8/site-packages/airflow/example_dags/subdags/subdag.py
[2021-02-06 13:20:47,164] {scheduler_job.py:627} INFO - Processing file /home/airflow/.local/lib/python3.8/site-packages/airflow/example_dags/subdags/subdag.py for tasks to queue
[2021-02-06 13:20:47,165] {logging_mixin.py:104} INFO - [2021-02-06 13:20:47,165] {dagbag.py:449} INFO - Filling up the DagBag from /home/airflow/.local/lib/python3.8/site-packages/airflow/example_dags/subdags/subdag.py
[2021-02-06 13:20:47,166] {scheduler_job.py:639} WARNING - No viable dags retrieved from /home/airflow/.local/lib/python3.8/site-packages/airflow/example_dags/subdags/subdag.py
[2021-02-06 13:20:47,175] {scheduler_job.py:189} INFO - Processing /home/airflow/.local/lib/python3.8/site-packages/airflow/example_dags/subdags/subdag.py took 0.012 seconds
[2021-02-06 13:21:17,936] {scheduler_job.py:181} INFO - Started process (PID=1356) to work on /home/airflow/.local/lib/python3.8/site-packages/airflow/example_dags/subdags/subdag.py
[2021-02-06 13:21:17,937] {scheduler_job.py:627} INFO - Processing file /home/airflow/.local/lib/python3.8/site-packages/airflow/example_dags/subdags/subdag.py for tasks to queue
[2021-02-06 13:21:17,938] {logging_mixin.py:104} INFO - [2021-02-06 13:21:17,938] {dagbag.py:449} INFO - Filling up the DagBag from /home/airflow/.local/lib/python3.8/site-packages/airflow/example_dags/subdags/subdag.py
[2021-02-06 13:21:17,941] {scheduler_job.py:639} WARNING - No viable dags retrieved from /home/airflow/.local/lib/python3.8/site-packages/airflow/example_dags/subdags/subdag.py
[2021-02-06 13:21:17,955] {scheduler_job.py:189} INFO - Processing /home/airflow/.local/lib/python3.8/site-packages/airflow/example_dags/subdags/subdag.py took 0.023 seconds
[2021-02-06 13:21:48,804] {scheduler_job.py:181} INFO - Started process (PID=1382) to work on /home/airflow/.local/lib/python3.8/site-packages/airflow/example_dags/subdags/subdag.py
[2021-02-06 13:21:48,804] {scheduler_job.py:627} INFO - Processing file /home/airflow/.local/lib/python3.8/site-packages/airflow/example_dags/subdags/subdag.py for tasks to queue
[2021-02-06 13:21:48,805] {logging_mixin.py:104} INFO - [2021-02-06 13:21:48,805] {dagbag.py:449} INFO - Filling up the DagBag from /home/airflow/.local/lib/python3.8/site-packages/airflow/example_dags/subdags/subdag.py
[2021-02-06 13:21:48,806] {scheduler_job.py:639} WARNING - No viable dags retrieved from /home/airflow/.local/lib/python3.8/site-packages/airflow/example_dags/subdags/subdag.py
[2021-02-06 13:21:48,815] {scheduler_job.py:189} INFO - Processing /home/airflow/.local/lib/python3.8/site-packages/airflow/example_dags/subdags/subdag.py took 0.013 seconds
