[2021-02-06 13:21:20,263] {taskinstance.py:851} INFO - Dependencies all met for <TaskInstance: example_bash_operator.run_after_loop 2021-02-05T00:00:00+00:00 [queued]>
[2021-02-06 13:21:20,272] {taskinstance.py:851} INFO - Dependencies all met for <TaskInstance: example_bash_operator.run_after_loop 2021-02-05T00:00:00+00:00 [queued]>
[2021-02-06 13:21:20,272] {taskinstance.py:1042} INFO - 
--------------------------------------------------------------------------------
[2021-02-06 13:21:20,273] {taskinstance.py:1043} INFO - Starting attempt 1 of 1
[2021-02-06 13:21:20,273] {taskinstance.py:1044} INFO - 
--------------------------------------------------------------------------------
[2021-02-06 13:21:20,286] {taskinstance.py:1063} INFO - Executing <Task(BashOperator): run_after_loop> on 2021-02-05T00:00:00+00:00
[2021-02-06 13:21:20,290] {standard_task_runner.py:52} INFO - Started process 85 to run task
[2021-02-06 13:21:20,292] {standard_task_runner.py:76} INFO - Running: ['airflow', 'tasks', 'run', 'example_bash_operator', 'run_after_loop', '2021-02-05T00:00:00+00:00', '--job-id', '11', '--pool', 'default_pool', '--raw', '--subdir', '/home/airflow/.local/lib/python3.8/site-packages/airflow/example_dags/example_bash_operator.py', '--cfg-path', '/tmp/tmpf_vj9429', '--error-file', '/tmp/tmpfi2br92p']
[2021-02-06 13:21:20,292] {standard_task_runner.py:77} INFO - Job 11: Subtask run_after_loop
[2021-02-06 13:21:20,325] {logging_mixin.py:104} INFO - Running <TaskInstance: example_bash_operator.run_after_loop 2021-02-05T00:00:00+00:00 [running]> on host 66bc8b98f452
[2021-02-06 13:21:20,355] {taskinstance.py:1254} INFO - Exporting the following env vars:
AIRFLOW_CTX_DAG_OWNER=airflow
AIRFLOW_CTX_DAG_ID=example_bash_operator
AIRFLOW_CTX_TASK_ID=run_after_loop
AIRFLOW_CTX_EXECUTION_DATE=2021-02-05T00:00:00+00:00
AIRFLOW_CTX_DAG_RUN_ID=scheduled__2021-02-05T00:00:00+00:00
[2021-02-06 13:21:20,356] {bash.py:135} INFO - Tmp dir root location: 
 /tmp
[2021-02-06 13:21:20,357] {bash.py:158} INFO - Running command: echo 1
[2021-02-06 13:21:20,362] {bash.py:169} INFO - Output:
[2021-02-06 13:21:20,363] {bash.py:173} INFO - 1
[2021-02-06 13:21:20,364] {bash.py:177} INFO - Command exited with return code 0
[2021-02-06 13:21:20,384] {taskinstance.py:1159} INFO - Marking task as SUCCESS. dag_id=example_bash_operator, task_id=run_after_loop, execution_date=20210205T000000, start_date=20210206T132120, end_date=20210206T132120
[2021-02-06 13:21:20,406] {taskinstance.py:1219} INFO - 1 downstream tasks scheduled from follow-on schedule check
[2021-02-06 13:21:20,424] {local_task_job.py:146} INFO - Task exited with return code 0
