[2021-02-08 01:26:31,551] {scheduler_job.py:181} INFO - Started process (PID=1640) to work on /home/airflow/.local/lib/python3.8/site-packages/airflow/example_dags/example_bash_operator.py
[2021-02-08 01:26:31,554] {scheduler_job.py:627} INFO - Processing file /home/airflow/.local/lib/python3.8/site-packages/airflow/example_dags/example_bash_operator.py for tasks to queue
[2021-02-08 01:26:31,556] {logging_mixin.py:104} INFO - [2021-02-08 01:26:31,555] {dagbag.py:449} INFO - Filling up the DagBag from /home/airflow/.local/lib/python3.8/site-packages/airflow/example_dags/example_bash_operator.py
[2021-02-08 01:26:31,576] {scheduler_job.py:637} INFO - DAG(s) dict_keys(['example_bash_operator']) retrieved from /home/airflow/.local/lib/python3.8/site-packages/airflow/example_dags/example_bash_operator.py
[2021-02-08 01:26:31,637] {logging_mixin.py:104} INFO - [2021-02-08 01:26:31,637] {dag.py:1818} INFO - Sync 1 DAGs
[2021-02-08 01:26:31,686] {logging_mixin.py:104} INFO - [2021-02-08 01:26:31,686] {dag.py:2273} INFO - Setting next_dagrun for example_bash_operator to 2021-02-06 00:00:00+00:00
[2021-02-08 01:26:31,714] {scheduler_job.py:189} INFO - Processing /home/airflow/.local/lib/python3.8/site-packages/airflow/example_dags/example_bash_operator.py took 0.167 seconds
[2021-02-08 03:26:49,658] {scheduler_job.py:181} INFO - Started process (PID=1666) to work on /home/airflow/.local/lib/python3.8/site-packages/airflow/example_dags/example_bash_operator.py
[2021-02-08 03:26:49,661] {scheduler_job.py:627} INFO - Processing file /home/airflow/.local/lib/python3.8/site-packages/airflow/example_dags/example_bash_operator.py for tasks to queue
[2021-02-08 03:26:49,662] {logging_mixin.py:104} INFO - [2021-02-08 03:26:49,662] {dagbag.py:449} INFO - Filling up the DagBag from /home/airflow/.local/lib/python3.8/site-packages/airflow/example_dags/example_bash_operator.py
[2021-02-08 03:26:49,684] {scheduler_job.py:637} INFO - DAG(s) dict_keys(['example_bash_operator']) retrieved from /home/airflow/.local/lib/python3.8/site-packages/airflow/example_dags/example_bash_operator.py
[2021-02-08 03:26:49,723] {logging_mixin.py:104} INFO - [2021-02-08 03:26:49,722] {dag.py:1818} INFO - Sync 1 DAGs
[2021-02-08 03:26:49,753] {logging_mixin.py:104} INFO - [2021-02-08 03:26:49,753] {dag.py:2273} INFO - Setting next_dagrun for example_bash_operator to 2021-02-06 00:00:00+00:00
[2021-02-08 03:26:49,774] {scheduler_job.py:189} INFO - Processing /home/airflow/.local/lib/python3.8/site-packages/airflow/example_dags/example_bash_operator.py took 0.115 seconds
[2021-02-08 04:25:26,371] {scheduler_job.py:181} INFO - Started process (PID=1692) to work on /home/airflow/.local/lib/python3.8/site-packages/airflow/example_dags/example_bash_operator.py
[2021-02-08 04:25:26,377] {scheduler_job.py:627} INFO - Processing file /home/airflow/.local/lib/python3.8/site-packages/airflow/example_dags/example_bash_operator.py for tasks to queue
[2021-02-08 04:25:26,382] {logging_mixin.py:104} INFO - [2021-02-08 04:25:26,382] {dagbag.py:449} INFO - Filling up the DagBag from /home/airflow/.local/lib/python3.8/site-packages/airflow/example_dags/example_bash_operator.py
[2021-02-08 04:25:26,440] {scheduler_job.py:637} INFO - DAG(s) dict_keys(['example_bash_operator']) retrieved from /home/airflow/.local/lib/python3.8/site-packages/airflow/example_dags/example_bash_operator.py
[2021-02-08 04:25:26,539] {logging_mixin.py:104} INFO - [2021-02-08 04:25:26,539] {dag.py:1818} INFO - Sync 1 DAGs
[2021-02-08 04:25:26,618] {logging_mixin.py:104} INFO - [2021-02-08 04:25:26,618] {dag.py:2273} INFO - Setting next_dagrun for example_bash_operator to 2021-02-06 00:00:00+00:00
[2021-02-08 04:25:26,682] {scheduler_job.py:189} INFO - Processing /home/airflow/.local/lib/python3.8/site-packages/airflow/example_dags/example_bash_operator.py took 0.322 seconds
[2021-02-08 04:25:57,349] {scheduler_job.py:181} INFO - Started process (PID=1719) to work on /home/airflow/.local/lib/python3.8/site-packages/airflow/example_dags/example_bash_operator.py
[2021-02-08 04:25:57,354] {scheduler_job.py:627} INFO - Processing file /home/airflow/.local/lib/python3.8/site-packages/airflow/example_dags/example_bash_operator.py for tasks to queue
[2021-02-08 04:25:57,357] {logging_mixin.py:104} INFO - [2021-02-08 04:25:57,357] {dagbag.py:449} INFO - Filling up the DagBag from /home/airflow/.local/lib/python3.8/site-packages/airflow/example_dags/example_bash_operator.py
[2021-02-08 04:25:57,378] {scheduler_job.py:637} INFO - DAG(s) dict_keys(['example_bash_operator']) retrieved from /home/airflow/.local/lib/python3.8/site-packages/airflow/example_dags/example_bash_operator.py
[2021-02-08 04:25:57,420] {logging_mixin.py:104} INFO - [2021-02-08 04:25:57,420] {dag.py:1818} INFO - Sync 1 DAGs
[2021-02-08 04:25:57,454] {logging_mixin.py:104} INFO - [2021-02-08 04:25:57,454] {dag.py:2273} INFO - Setting next_dagrun for example_bash_operator to 2021-02-06 00:00:00+00:00
[2021-02-08 04:25:57,470] {scheduler_job.py:189} INFO - Processing /home/airflow/.local/lib/python3.8/site-packages/airflow/example_dags/example_bash_operator.py took 0.133 seconds
[2021-02-08 04:26:28,447] {scheduler_job.py:181} INFO - Started process (PID=1746) to work on /home/airflow/.local/lib/python3.8/site-packages/airflow/example_dags/example_bash_operator.py
[2021-02-08 04:26:28,448] {scheduler_job.py:627} INFO - Processing file /home/airflow/.local/lib/python3.8/site-packages/airflow/example_dags/example_bash_operator.py for tasks to queue
[2021-02-08 04:26:28,450] {logging_mixin.py:104} INFO - [2021-02-08 04:26:28,450] {dagbag.py:449} INFO - Filling up the DagBag from /home/airflow/.local/lib/python3.8/site-packages/airflow/example_dags/example_bash_operator.py
[2021-02-08 04:26:28,464] {scheduler_job.py:637} INFO - DAG(s) dict_keys(['example_bash_operator']) retrieved from /home/airflow/.local/lib/python3.8/site-packages/airflow/example_dags/example_bash_operator.py
[2021-02-08 04:26:28,491] {logging_mixin.py:104} INFO - [2021-02-08 04:26:28,491] {dag.py:1818} INFO - Sync 1 DAGs
[2021-02-08 04:26:28,510] {logging_mixin.py:104} INFO - [2021-02-08 04:26:28,510] {dag.py:2273} INFO - Setting next_dagrun for example_bash_operator to 2021-02-06 00:00:00+00:00
[2021-02-08 04:26:28,522] {scheduler_job.py:189} INFO - Processing /home/airflow/.local/lib/python3.8/site-packages/airflow/example_dags/example_bash_operator.py took 0.081 seconds
[2021-02-08 04:26:59,204] {scheduler_job.py:181} INFO - Started process (PID=1772) to work on /home/airflow/.local/lib/python3.8/site-packages/airflow/example_dags/example_bash_operator.py
[2021-02-08 04:26:59,210] {scheduler_job.py:627} INFO - Processing file /home/airflow/.local/lib/python3.8/site-packages/airflow/example_dags/example_bash_operator.py for tasks to queue
[2021-02-08 04:26:59,214] {logging_mixin.py:104} INFO - [2021-02-08 04:26:59,213] {dagbag.py:449} INFO - Filling up the DagBag from /home/airflow/.local/lib/python3.8/site-packages/airflow/example_dags/example_bash_operator.py
[2021-02-08 04:26:59,241] {scheduler_job.py:637} INFO - DAG(s) dict_keys(['example_bash_operator']) retrieved from /home/airflow/.local/lib/python3.8/site-packages/airflow/example_dags/example_bash_operator.py
[2021-02-08 04:26:59,271] {logging_mixin.py:104} INFO - [2021-02-08 04:26:59,271] {dag.py:1818} INFO - Sync 1 DAGs
[2021-02-08 04:26:59,295] {logging_mixin.py:104} INFO - [2021-02-08 04:26:59,295] {dag.py:2273} INFO - Setting next_dagrun for example_bash_operator to 2021-02-06 00:00:00+00:00
[2021-02-08 04:26:59,307] {scheduler_job.py:189} INFO - Processing /home/airflow/.local/lib/python3.8/site-packages/airflow/example_dags/example_bash_operator.py took 0.113 seconds
[2021-02-08 04:27:29,956] {scheduler_job.py:181} INFO - Started process (PID=1798) to work on /home/airflow/.local/lib/python3.8/site-packages/airflow/example_dags/example_bash_operator.py
[2021-02-08 04:27:29,960] {scheduler_job.py:627} INFO - Processing file /home/airflow/.local/lib/python3.8/site-packages/airflow/example_dags/example_bash_operator.py for tasks to queue
[2021-02-08 04:27:29,962] {logging_mixin.py:104} INFO - [2021-02-08 04:27:29,962] {dagbag.py:449} INFO - Filling up the DagBag from /home/airflow/.local/lib/python3.8/site-packages/airflow/example_dags/example_bash_operator.py
[2021-02-08 04:27:29,984] {scheduler_job.py:637} INFO - DAG(s) dict_keys(['example_bash_operator']) retrieved from /home/airflow/.local/lib/python3.8/site-packages/airflow/example_dags/example_bash_operator.py
[2021-02-08 04:27:30,011] {logging_mixin.py:104} INFO - [2021-02-08 04:27:30,011] {dag.py:1818} INFO - Sync 1 DAGs
[2021-02-08 04:27:30,030] {logging_mixin.py:104} INFO - [2021-02-08 04:27:30,030] {dag.py:2273} INFO - Setting next_dagrun for example_bash_operator to 2021-02-06 00:00:00+00:00
[2021-02-08 04:27:30,043] {scheduler_job.py:189} INFO - Processing /home/airflow/.local/lib/python3.8/site-packages/airflow/example_dags/example_bash_operator.py took 0.092 seconds
[2021-02-08 04:28:00,388] {scheduler_job.py:181} INFO - Started process (PID=1824) to work on /home/airflow/.local/lib/python3.8/site-packages/airflow/example_dags/example_bash_operator.py
[2021-02-08 04:28:00,390] {scheduler_job.py:627} INFO - Processing file /home/airflow/.local/lib/python3.8/site-packages/airflow/example_dags/example_bash_operator.py for tasks to queue
[2021-02-08 04:28:00,392] {logging_mixin.py:104} INFO - [2021-02-08 04:28:00,392] {dagbag.py:449} INFO - Filling up the DagBag from /home/airflow/.local/lib/python3.8/site-packages/airflow/example_dags/example_bash_operator.py
[2021-02-08 04:28:00,404] {scheduler_job.py:637} INFO - DAG(s) dict_keys(['example_bash_operator']) retrieved from /home/airflow/.local/lib/python3.8/site-packages/airflow/example_dags/example_bash_operator.py
[2021-02-08 04:28:00,435] {logging_mixin.py:104} INFO - [2021-02-08 04:28:00,435] {dag.py:1818} INFO - Sync 1 DAGs
[2021-02-08 04:28:00,459] {logging_mixin.py:104} INFO - [2021-02-08 04:28:00,459] {dag.py:2273} INFO - Setting next_dagrun for example_bash_operator to 2021-02-06 00:00:00+00:00
[2021-02-08 04:28:00,471] {scheduler_job.py:189} INFO - Processing /home/airflow/.local/lib/python3.8/site-packages/airflow/example_dags/example_bash_operator.py took 0.087 seconds
[2021-02-08 04:28:30,855] {scheduler_job.py:181} INFO - Started process (PID=1850) to work on /home/airflow/.local/lib/python3.8/site-packages/airflow/example_dags/example_bash_operator.py
[2021-02-08 04:28:30,857] {scheduler_job.py:627} INFO - Processing file /home/airflow/.local/lib/python3.8/site-packages/airflow/example_dags/example_bash_operator.py for tasks to queue
[2021-02-08 04:28:30,858] {logging_mixin.py:104} INFO - [2021-02-08 04:28:30,858] {dagbag.py:449} INFO - Filling up the DagBag from /home/airflow/.local/lib/python3.8/site-packages/airflow/example_dags/example_bash_operator.py
[2021-02-08 04:28:30,870] {scheduler_job.py:637} INFO - DAG(s) dict_keys(['example_bash_operator']) retrieved from /home/airflow/.local/lib/python3.8/site-packages/airflow/example_dags/example_bash_operator.py
[2021-02-08 04:28:30,893] {logging_mixin.py:104} INFO - [2021-02-08 04:28:30,893] {dag.py:1818} INFO - Sync 1 DAGs
[2021-02-08 04:28:30,912] {logging_mixin.py:104} INFO - [2021-02-08 04:28:30,912] {dag.py:2273} INFO - Setting next_dagrun for example_bash_operator to 2021-02-06 00:00:00+00:00
[2021-02-08 04:28:30,924] {scheduler_job.py:189} INFO - Processing /home/airflow/.local/lib/python3.8/site-packages/airflow/example_dags/example_bash_operator.py took 0.074 seconds
[2021-02-08 04:29:01,358] {scheduler_job.py:181} INFO - Started process (PID=1876) to work on /home/airflow/.local/lib/python3.8/site-packages/airflow/example_dags/example_bash_operator.py
[2021-02-08 04:29:01,364] {scheduler_job.py:627} INFO - Processing file /home/airflow/.local/lib/python3.8/site-packages/airflow/example_dags/example_bash_operator.py for tasks to queue
[2021-02-08 04:29:01,368] {logging_mixin.py:104} INFO - [2021-02-08 04:29:01,368] {dagbag.py:449} INFO - Filling up the DagBag from /home/airflow/.local/lib/python3.8/site-packages/airflow/example_dags/example_bash_operator.py
[2021-02-08 04:29:01,390] {scheduler_job.py:637} INFO - DAG(s) dict_keys(['example_bash_operator']) retrieved from /home/airflow/.local/lib/python3.8/site-packages/airflow/example_dags/example_bash_operator.py
[2021-02-08 04:29:01,425] {logging_mixin.py:104} INFO - [2021-02-08 04:29:01,424] {dag.py:1818} INFO - Sync 1 DAGs
[2021-02-08 04:29:01,465] {logging_mixin.py:104} INFO - [2021-02-08 04:29:01,465] {dag.py:2273} INFO - Setting next_dagrun for example_bash_operator to 2021-02-06 00:00:00+00:00
[2021-02-08 04:29:01,481] {scheduler_job.py:189} INFO - Processing /home/airflow/.local/lib/python3.8/site-packages/airflow/example_dags/example_bash_operator.py took 0.128 seconds
[2021-02-08 04:29:31,916] {scheduler_job.py:181} INFO - Started process (PID=1902) to work on /home/airflow/.local/lib/python3.8/site-packages/airflow/example_dags/example_bash_operator.py
[2021-02-08 04:29:31,919] {scheduler_job.py:627} INFO - Processing file /home/airflow/.local/lib/python3.8/site-packages/airflow/example_dags/example_bash_operator.py for tasks to queue
[2021-02-08 04:29:31,921] {logging_mixin.py:104} INFO - [2021-02-08 04:29:31,921] {dagbag.py:449} INFO - Filling up the DagBag from /home/airflow/.local/lib/python3.8/site-packages/airflow/example_dags/example_bash_operator.py
[2021-02-08 04:29:31,941] {scheduler_job.py:637} INFO - DAG(s) dict_keys(['example_bash_operator']) retrieved from /home/airflow/.local/lib/python3.8/site-packages/airflow/example_dags/example_bash_operator.py
[2021-02-08 04:29:31,984] {logging_mixin.py:104} INFO - [2021-02-08 04:29:31,984] {dag.py:1818} INFO - Sync 1 DAGs
[2021-02-08 04:29:32,018] {logging_mixin.py:104} INFO - [2021-02-08 04:29:32,018] {dag.py:2273} INFO - Setting next_dagrun for example_bash_operator to 2021-02-06 00:00:00+00:00
[2021-02-08 04:29:32,034] {scheduler_job.py:189} INFO - Processing /home/airflow/.local/lib/python3.8/site-packages/airflow/example_dags/example_bash_operator.py took 0.124 seconds
[2021-02-08 04:30:02,924] {scheduler_job.py:181} INFO - Started process (PID=1928) to work on /home/airflow/.local/lib/python3.8/site-packages/airflow/example_dags/example_bash_operator.py
[2021-02-08 04:30:02,925] {scheduler_job.py:627} INFO - Processing file /home/airflow/.local/lib/python3.8/site-packages/airflow/example_dags/example_bash_operator.py for tasks to queue
[2021-02-08 04:30:02,927] {logging_mixin.py:104} INFO - [2021-02-08 04:30:02,927] {dagbag.py:449} INFO - Filling up the DagBag from /home/airflow/.local/lib/python3.8/site-packages/airflow/example_dags/example_bash_operator.py
[2021-02-08 04:30:02,940] {scheduler_job.py:637} INFO - DAG(s) dict_keys(['example_bash_operator']) retrieved from /home/airflow/.local/lib/python3.8/site-packages/airflow/example_dags/example_bash_operator.py
[2021-02-08 04:30:02,963] {logging_mixin.py:104} INFO - [2021-02-08 04:30:02,963] {dag.py:1818} INFO - Sync 1 DAGs
[2021-02-08 04:30:02,982] {logging_mixin.py:104} INFO - [2021-02-08 04:30:02,982] {dag.py:2273} INFO - Setting next_dagrun for example_bash_operator to 2021-02-06 00:00:00+00:00
[2021-02-08 04:30:02,994] {scheduler_job.py:189} INFO - Processing /home/airflow/.local/lib/python3.8/site-packages/airflow/example_dags/example_bash_operator.py took 0.074 seconds
[2021-02-08 04:30:33,554] {scheduler_job.py:181} INFO - Started process (PID=1954) to work on /home/airflow/.local/lib/python3.8/site-packages/airflow/example_dags/example_bash_operator.py
[2021-02-08 04:30:33,561] {scheduler_job.py:627} INFO - Processing file /home/airflow/.local/lib/python3.8/site-packages/airflow/example_dags/example_bash_operator.py for tasks to queue
[2021-02-08 04:30:33,564] {logging_mixin.py:104} INFO - [2021-02-08 04:30:33,564] {dagbag.py:449} INFO - Filling up the DagBag from /home/airflow/.local/lib/python3.8/site-packages/airflow/example_dags/example_bash_operator.py
[2021-02-08 04:30:33,589] {scheduler_job.py:637} INFO - DAG(s) dict_keys(['example_bash_operator']) retrieved from /home/airflow/.local/lib/python3.8/site-packages/airflow/example_dags/example_bash_operator.py
[2021-02-08 04:30:33,633] {logging_mixin.py:104} INFO - [2021-02-08 04:30:33,633] {dag.py:1818} INFO - Sync 1 DAGs
[2021-02-08 04:30:33,667] {logging_mixin.py:104} INFO - [2021-02-08 04:30:33,667] {dag.py:2273} INFO - Setting next_dagrun for example_bash_operator to 2021-02-06 00:00:00+00:00
[2021-02-08 04:30:33,684] {scheduler_job.py:189} INFO - Processing /home/airflow/.local/lib/python3.8/site-packages/airflow/example_dags/example_bash_operator.py took 0.138 seconds
[2021-02-08 04:31:04,244] {scheduler_job.py:181} INFO - Started process (PID=1980) to work on /home/airflow/.local/lib/python3.8/site-packages/airflow/example_dags/example_bash_operator.py
[2021-02-08 04:31:04,246] {scheduler_job.py:627} INFO - Processing file /home/airflow/.local/lib/python3.8/site-packages/airflow/example_dags/example_bash_operator.py for tasks to queue
[2021-02-08 04:31:04,248] {logging_mixin.py:104} INFO - [2021-02-08 04:31:04,248] {dagbag.py:449} INFO - Filling up the DagBag from /home/airflow/.local/lib/python3.8/site-packages/airflow/example_dags/example_bash_operator.py
[2021-02-08 04:31:04,261] {scheduler_job.py:637} INFO - DAG(s) dict_keys(['example_bash_operator']) retrieved from /home/airflow/.local/lib/python3.8/site-packages/airflow/example_dags/example_bash_operator.py
[2021-02-08 04:31:04,296] {logging_mixin.py:104} INFO - [2021-02-08 04:31:04,295] {dag.py:1818} INFO - Sync 1 DAGs
[2021-02-08 04:31:04,322] {logging_mixin.py:104} INFO - [2021-02-08 04:31:04,322] {dag.py:2273} INFO - Setting next_dagrun for example_bash_operator to 2021-02-06 00:00:00+00:00
[2021-02-08 04:31:04,338] {scheduler_job.py:189} INFO - Processing /home/airflow/.local/lib/python3.8/site-packages/airflow/example_dags/example_bash_operator.py took 0.097 seconds
[2021-02-08 04:31:34,757] {scheduler_job.py:181} INFO - Started process (PID=2006) to work on /home/airflow/.local/lib/python3.8/site-packages/airflow/example_dags/example_bash_operator.py
[2021-02-08 04:31:34,759] {scheduler_job.py:627} INFO - Processing file /home/airflow/.local/lib/python3.8/site-packages/airflow/example_dags/example_bash_operator.py for tasks to queue
[2021-02-08 04:31:34,760] {logging_mixin.py:104} INFO - [2021-02-08 04:31:34,760] {dagbag.py:449} INFO - Filling up the DagBag from /home/airflow/.local/lib/python3.8/site-packages/airflow/example_dags/example_bash_operator.py
[2021-02-08 04:31:34,772] {scheduler_job.py:637} INFO - DAG(s) dict_keys(['example_bash_operator']) retrieved from /home/airflow/.local/lib/python3.8/site-packages/airflow/example_dags/example_bash_operator.py
[2021-02-08 04:31:34,795] {logging_mixin.py:104} INFO - [2021-02-08 04:31:34,795] {dag.py:1818} INFO - Sync 1 DAGs
[2021-02-08 04:31:34,813] {logging_mixin.py:104} INFO - [2021-02-08 04:31:34,813] {dag.py:2273} INFO - Setting next_dagrun for example_bash_operator to 2021-02-06 00:00:00+00:00
[2021-02-08 04:31:34,824] {scheduler_job.py:189} INFO - Processing /home/airflow/.local/lib/python3.8/site-packages/airflow/example_dags/example_bash_operator.py took 0.071 seconds
[2021-02-08 04:32:05,327] {scheduler_job.py:181} INFO - Started process (PID=2032) to work on /home/airflow/.local/lib/python3.8/site-packages/airflow/example_dags/example_bash_operator.py
[2021-02-08 04:32:05,329] {scheduler_job.py:627} INFO - Processing file /home/airflow/.local/lib/python3.8/site-packages/airflow/example_dags/example_bash_operator.py for tasks to queue
[2021-02-08 04:32:05,330] {logging_mixin.py:104} INFO - [2021-02-08 04:32:05,330] {dagbag.py:449} INFO - Filling up the DagBag from /home/airflow/.local/lib/python3.8/site-packages/airflow/example_dags/example_bash_operator.py
[2021-02-08 04:32:05,344] {scheduler_job.py:637} INFO - DAG(s) dict_keys(['example_bash_operator']) retrieved from /home/airflow/.local/lib/python3.8/site-packages/airflow/example_dags/example_bash_operator.py
[2021-02-08 04:32:05,370] {logging_mixin.py:104} INFO - [2021-02-08 04:32:05,370] {dag.py:1818} INFO - Sync 1 DAGs
[2021-02-08 04:32:05,391] {logging_mixin.py:104} INFO - [2021-02-08 04:32:05,391] {dag.py:2273} INFO - Setting next_dagrun for example_bash_operator to 2021-02-06 00:00:00+00:00
[2021-02-08 04:32:05,403] {scheduler_job.py:189} INFO - Processing /home/airflow/.local/lib/python3.8/site-packages/airflow/example_dags/example_bash_operator.py took 0.080 seconds
[2021-02-08 04:32:36,130] {scheduler_job.py:181} INFO - Started process (PID=2058) to work on /home/airflow/.local/lib/python3.8/site-packages/airflow/example_dags/example_bash_operator.py
[2021-02-08 04:32:36,133] {scheduler_job.py:627} INFO - Processing file /home/airflow/.local/lib/python3.8/site-packages/airflow/example_dags/example_bash_operator.py for tasks to queue
[2021-02-08 04:32:36,135] {logging_mixin.py:104} INFO - [2021-02-08 04:32:36,135] {dagbag.py:449} INFO - Filling up the DagBag from /home/airflow/.local/lib/python3.8/site-packages/airflow/example_dags/example_bash_operator.py
[2021-02-08 04:32:36,151] {scheduler_job.py:637} INFO - DAG(s) dict_keys(['example_bash_operator']) retrieved from /home/airflow/.local/lib/python3.8/site-packages/airflow/example_dags/example_bash_operator.py
[2021-02-08 04:32:36,184] {logging_mixin.py:104} INFO - [2021-02-08 04:32:36,184] {dag.py:1818} INFO - Sync 1 DAGs
[2021-02-08 04:32:36,207] {logging_mixin.py:104} INFO - [2021-02-08 04:32:36,207] {dag.py:2273} INFO - Setting next_dagrun for example_bash_operator to 2021-02-06 00:00:00+00:00
[2021-02-08 04:32:36,220] {scheduler_job.py:189} INFO - Processing /home/airflow/.local/lib/python3.8/site-packages/airflow/example_dags/example_bash_operator.py took 0.095 seconds
[2021-02-08 04:33:07,049] {scheduler_job.py:181} INFO - Started process (PID=2084) to work on /home/airflow/.local/lib/python3.8/site-packages/airflow/example_dags/example_bash_operator.py
[2021-02-08 04:33:07,053] {scheduler_job.py:627} INFO - Processing file /home/airflow/.local/lib/python3.8/site-packages/airflow/example_dags/example_bash_operator.py for tasks to queue
[2021-02-08 04:33:07,056] {logging_mixin.py:104} INFO - [2021-02-08 04:33:07,055] {dagbag.py:449} INFO - Filling up the DagBag from /home/airflow/.local/lib/python3.8/site-packages/airflow/example_dags/example_bash_operator.py
[2021-02-08 04:33:07,079] {scheduler_job.py:637} INFO - DAG(s) dict_keys(['example_bash_operator']) retrieved from /home/airflow/.local/lib/python3.8/site-packages/airflow/example_dags/example_bash_operator.py
[2021-02-08 04:33:07,122] {logging_mixin.py:104} INFO - [2021-02-08 04:33:07,122] {dag.py:1818} INFO - Sync 1 DAGs
[2021-02-08 04:33:07,158] {logging_mixin.py:104} INFO - [2021-02-08 04:33:07,158] {dag.py:2273} INFO - Setting next_dagrun for example_bash_operator to 2021-02-06 00:00:00+00:00
[2021-02-08 04:33:07,181] {scheduler_job.py:189} INFO - Processing /home/airflow/.local/lib/python3.8/site-packages/airflow/example_dags/example_bash_operator.py took 0.141 seconds
[2021-02-08 04:33:37,273] {scheduler_job.py:181} INFO - Started process (PID=2110) to work on /home/airflow/.local/lib/python3.8/site-packages/airflow/example_dags/example_bash_operator.py
[2021-02-08 04:33:37,276] {scheduler_job.py:627} INFO - Processing file /home/airflow/.local/lib/python3.8/site-packages/airflow/example_dags/example_bash_operator.py for tasks to queue
[2021-02-08 04:33:37,278] {logging_mixin.py:104} INFO - [2021-02-08 04:33:37,278] {dagbag.py:449} INFO - Filling up the DagBag from /home/airflow/.local/lib/python3.8/site-packages/airflow/example_dags/example_bash_operator.py
[2021-02-08 04:33:37,297] {scheduler_job.py:637} INFO - DAG(s) dict_keys(['example_bash_operator']) retrieved from /home/airflow/.local/lib/python3.8/site-packages/airflow/example_dags/example_bash_operator.py
[2021-02-08 04:33:37,328] {logging_mixin.py:104} INFO - [2021-02-08 04:33:37,328] {dag.py:1818} INFO - Sync 1 DAGs
[2021-02-08 04:33:37,351] {logging_mixin.py:104} INFO - [2021-02-08 04:33:37,351] {dag.py:2273} INFO - Setting next_dagrun for example_bash_operator to 2021-02-06 00:00:00+00:00
[2021-02-08 04:33:37,369] {scheduler_job.py:189} INFO - Processing /home/airflow/.local/lib/python3.8/site-packages/airflow/example_dags/example_bash_operator.py took 0.100 seconds
[2021-02-08 04:34:07,500] {scheduler_job.py:181} INFO - Started process (PID=2136) to work on /home/airflow/.local/lib/python3.8/site-packages/airflow/example_dags/example_bash_operator.py
[2021-02-08 04:34:07,507] {scheduler_job.py:627} INFO - Processing file /home/airflow/.local/lib/python3.8/site-packages/airflow/example_dags/example_bash_operator.py for tasks to queue
[2021-02-08 04:34:07,510] {logging_mixin.py:104} INFO - [2021-02-08 04:34:07,510] {dagbag.py:449} INFO - Filling up the DagBag from /home/airflow/.local/lib/python3.8/site-packages/airflow/example_dags/example_bash_operator.py
[2021-02-08 04:34:07,540] {scheduler_job.py:637} INFO - DAG(s) dict_keys(['example_bash_operator']) retrieved from /home/airflow/.local/lib/python3.8/site-packages/airflow/example_dags/example_bash_operator.py
[2021-02-08 04:34:07,578] {logging_mixin.py:104} INFO - [2021-02-08 04:34:07,578] {dag.py:1818} INFO - Sync 1 DAGs
[2021-02-08 04:34:07,637] {logging_mixin.py:104} INFO - [2021-02-08 04:34:07,637] {dag.py:2273} INFO - Setting next_dagrun for example_bash_operator to 2021-02-06 00:00:00+00:00
[2021-02-08 04:34:07,695] {scheduler_job.py:189} INFO - Processing /home/airflow/.local/lib/python3.8/site-packages/airflow/example_dags/example_bash_operator.py took 0.218 seconds
[2021-02-08 04:34:38,047] {scheduler_job.py:181} INFO - Started process (PID=2162) to work on /home/airflow/.local/lib/python3.8/site-packages/airflow/example_dags/example_bash_operator.py
[2021-02-08 04:34:38,050] {scheduler_job.py:627} INFO - Processing file /home/airflow/.local/lib/python3.8/site-packages/airflow/example_dags/example_bash_operator.py for tasks to queue
[2021-02-08 04:34:38,052] {logging_mixin.py:104} INFO - [2021-02-08 04:34:38,052] {dagbag.py:449} INFO - Filling up the DagBag from /home/airflow/.local/lib/python3.8/site-packages/airflow/example_dags/example_bash_operator.py
[2021-02-08 04:34:38,074] {scheduler_job.py:637} INFO - DAG(s) dict_keys(['example_bash_operator']) retrieved from /home/airflow/.local/lib/python3.8/site-packages/airflow/example_dags/example_bash_operator.py
[2021-02-08 04:34:38,105] {logging_mixin.py:104} INFO - [2021-02-08 04:34:38,104] {dag.py:1818} INFO - Sync 1 DAGs
[2021-02-08 04:34:38,127] {logging_mixin.py:104} INFO - [2021-02-08 04:34:38,127] {dag.py:2273} INFO - Setting next_dagrun for example_bash_operator to 2021-02-06 00:00:00+00:00
[2021-02-08 04:34:38,142] {scheduler_job.py:189} INFO - Processing /home/airflow/.local/lib/python3.8/site-packages/airflow/example_dags/example_bash_operator.py took 0.104 seconds
[2021-02-08 04:35:08,857] {scheduler_job.py:181} INFO - Started process (PID=2188) to work on /home/airflow/.local/lib/python3.8/site-packages/airflow/example_dags/example_bash_operator.py
[2021-02-08 04:35:08,860] {scheduler_job.py:627} INFO - Processing file /home/airflow/.local/lib/python3.8/site-packages/airflow/example_dags/example_bash_operator.py for tasks to queue
[2021-02-08 04:35:08,864] {logging_mixin.py:104} INFO - [2021-02-08 04:35:08,864] {dagbag.py:449} INFO - Filling up the DagBag from /home/airflow/.local/lib/python3.8/site-packages/airflow/example_dags/example_bash_operator.py
[2021-02-08 04:35:08,885] {scheduler_job.py:637} INFO - DAG(s) dict_keys(['example_bash_operator']) retrieved from /home/airflow/.local/lib/python3.8/site-packages/airflow/example_dags/example_bash_operator.py
[2021-02-08 04:35:08,922] {logging_mixin.py:104} INFO - [2021-02-08 04:35:08,922] {dag.py:1818} INFO - Sync 1 DAGs
[2021-02-08 04:35:08,951] {logging_mixin.py:104} INFO - [2021-02-08 04:35:08,951] {dag.py:2273} INFO - Setting next_dagrun for example_bash_operator to 2021-02-06 00:00:00+00:00
[2021-02-08 04:35:08,966] {scheduler_job.py:189} INFO - Processing /home/airflow/.local/lib/python3.8/site-packages/airflow/example_dags/example_bash_operator.py took 0.115 seconds
[2021-02-08 04:35:39,236] {scheduler_job.py:181} INFO - Started process (PID=2214) to work on /home/airflow/.local/lib/python3.8/site-packages/airflow/example_dags/example_bash_operator.py
[2021-02-08 04:35:39,243] {scheduler_job.py:627} INFO - Processing file /home/airflow/.local/lib/python3.8/site-packages/airflow/example_dags/example_bash_operator.py for tasks to queue
[2021-02-08 04:35:39,244] {logging_mixin.py:104} INFO - [2021-02-08 04:35:39,244] {dagbag.py:449} INFO - Filling up the DagBag from /home/airflow/.local/lib/python3.8/site-packages/airflow/example_dags/example_bash_operator.py
[2021-02-08 04:35:39,264] {scheduler_job.py:637} INFO - DAG(s) dict_keys(['example_bash_operator']) retrieved from /home/airflow/.local/lib/python3.8/site-packages/airflow/example_dags/example_bash_operator.py
[2021-02-08 04:35:39,301] {logging_mixin.py:104} INFO - [2021-02-08 04:35:39,301] {dag.py:1818} INFO - Sync 1 DAGs
[2021-02-08 04:35:39,357] {logging_mixin.py:104} INFO - [2021-02-08 04:35:39,357] {dag.py:2273} INFO - Setting next_dagrun for example_bash_operator to 2021-02-06 00:00:00+00:00
[2021-02-08 04:35:39,379] {scheduler_job.py:189} INFO - Processing /home/airflow/.local/lib/python3.8/site-packages/airflow/example_dags/example_bash_operator.py took 0.159 seconds
[2021-02-08 04:36:10,208] {scheduler_job.py:181} INFO - Started process (PID=2240) to work on /home/airflow/.local/lib/python3.8/site-packages/airflow/example_dags/example_bash_operator.py
[2021-02-08 04:36:10,212] {scheduler_job.py:627} INFO - Processing file /home/airflow/.local/lib/python3.8/site-packages/airflow/example_dags/example_bash_operator.py for tasks to queue
[2021-02-08 04:36:10,214] {logging_mixin.py:104} INFO - [2021-02-08 04:36:10,214] {dagbag.py:449} INFO - Filling up the DagBag from /home/airflow/.local/lib/python3.8/site-packages/airflow/example_dags/example_bash_operator.py
[2021-02-08 04:36:10,255] {scheduler_job.py:637} INFO - DAG(s) dict_keys(['example_bash_operator']) retrieved from /home/airflow/.local/lib/python3.8/site-packages/airflow/example_dags/example_bash_operator.py
[2021-02-08 04:36:10,319] {logging_mixin.py:104} INFO - [2021-02-08 04:36:10,319] {dag.py:1818} INFO - Sync 1 DAGs
[2021-02-08 04:36:10,352] {logging_mixin.py:104} INFO - [2021-02-08 04:36:10,352] {dag.py:2273} INFO - Setting next_dagrun for example_bash_operator to 2021-02-06 00:00:00+00:00
[2021-02-08 04:36:10,370] {scheduler_job.py:189} INFO - Processing /home/airflow/.local/lib/python3.8/site-packages/airflow/example_dags/example_bash_operator.py took 0.174 seconds
[2021-02-08 04:36:40,442] {scheduler_job.py:181} INFO - Started process (PID=2266) to work on /home/airflow/.local/lib/python3.8/site-packages/airflow/example_dags/example_bash_operator.py
[2021-02-08 04:36:40,445] {scheduler_job.py:627} INFO - Processing file /home/airflow/.local/lib/python3.8/site-packages/airflow/example_dags/example_bash_operator.py for tasks to queue
[2021-02-08 04:36:40,447] {logging_mixin.py:104} INFO - [2021-02-08 04:36:40,447] {dagbag.py:449} INFO - Filling up the DagBag from /home/airflow/.local/lib/python3.8/site-packages/airflow/example_dags/example_bash_operator.py
[2021-02-08 04:36:40,465] {scheduler_job.py:637} INFO - DAG(s) dict_keys(['example_bash_operator']) retrieved from /home/airflow/.local/lib/python3.8/site-packages/airflow/example_dags/example_bash_operator.py
[2021-02-08 04:36:40,508] {logging_mixin.py:104} INFO - [2021-02-08 04:36:40,508] {dag.py:1818} INFO - Sync 1 DAGs
[2021-02-08 04:36:40,545] {logging_mixin.py:104} INFO - [2021-02-08 04:36:40,545] {dag.py:2273} INFO - Setting next_dagrun for example_bash_operator to 2021-02-06 00:00:00+00:00
[2021-02-08 04:36:40,563] {scheduler_job.py:189} INFO - Processing /home/airflow/.local/lib/python3.8/site-packages/airflow/example_dags/example_bash_operator.py took 0.126 seconds
[2021-02-08 04:37:10,632] {scheduler_job.py:181} INFO - Started process (PID=2292) to work on /home/airflow/.local/lib/python3.8/site-packages/airflow/example_dags/example_bash_operator.py
[2021-02-08 04:37:10,634] {scheduler_job.py:627} INFO - Processing file /home/airflow/.local/lib/python3.8/site-packages/airflow/example_dags/example_bash_operator.py for tasks to queue
[2021-02-08 04:37:10,636] {logging_mixin.py:104} INFO - [2021-02-08 04:37:10,636] {dagbag.py:449} INFO - Filling up the DagBag from /home/airflow/.local/lib/python3.8/site-packages/airflow/example_dags/example_bash_operator.py
[2021-02-08 04:37:10,649] {scheduler_job.py:637} INFO - DAG(s) dict_keys(['example_bash_operator']) retrieved from /home/airflow/.local/lib/python3.8/site-packages/airflow/example_dags/example_bash_operator.py
[2021-02-08 04:37:10,672] {logging_mixin.py:104} INFO - [2021-02-08 04:37:10,672] {dag.py:1818} INFO - Sync 1 DAGs
[2021-02-08 04:37:10,692] {logging_mixin.py:104} INFO - [2021-02-08 04:37:10,692] {dag.py:2273} INFO - Setting next_dagrun for example_bash_operator to 2021-02-06 00:00:00+00:00
[2021-02-08 04:37:10,704] {scheduler_job.py:189} INFO - Processing /home/airflow/.local/lib/python3.8/site-packages/airflow/example_dags/example_bash_operator.py took 0.076 seconds
[2021-02-08 04:37:40,795] {scheduler_job.py:181} INFO - Started process (PID=2318) to work on /home/airflow/.local/lib/python3.8/site-packages/airflow/example_dags/example_bash_operator.py
[2021-02-08 04:37:40,799] {scheduler_job.py:627} INFO - Processing file /home/airflow/.local/lib/python3.8/site-packages/airflow/example_dags/example_bash_operator.py for tasks to queue
[2021-02-08 04:37:40,801] {logging_mixin.py:104} INFO - [2021-02-08 04:37:40,801] {dagbag.py:449} INFO - Filling up the DagBag from /home/airflow/.local/lib/python3.8/site-packages/airflow/example_dags/example_bash_operator.py
[2021-02-08 04:37:40,819] {scheduler_job.py:637} INFO - DAG(s) dict_keys(['example_bash_operator']) retrieved from /home/airflow/.local/lib/python3.8/site-packages/airflow/example_dags/example_bash_operator.py
[2021-02-08 04:37:40,852] {logging_mixin.py:104} INFO - [2021-02-08 04:37:40,852] {dag.py:1818} INFO - Sync 1 DAGs
[2021-02-08 04:37:40,880] {logging_mixin.py:104} INFO - [2021-02-08 04:37:40,880] {dag.py:2273} INFO - Setting next_dagrun for example_bash_operator to 2021-02-06 00:00:00+00:00
[2021-02-08 04:37:40,896] {scheduler_job.py:189} INFO - Processing /home/airflow/.local/lib/python3.8/site-packages/airflow/example_dags/example_bash_operator.py took 0.106 seconds
[2021-02-08 04:38:10,995] {scheduler_job.py:181} INFO - Started process (PID=2344) to work on /home/airflow/.local/lib/python3.8/site-packages/airflow/example_dags/example_bash_operator.py
[2021-02-08 04:38:10,998] {scheduler_job.py:627} INFO - Processing file /home/airflow/.local/lib/python3.8/site-packages/airflow/example_dags/example_bash_operator.py for tasks to queue
[2021-02-08 04:38:11,001] {logging_mixin.py:104} INFO - [2021-02-08 04:38:11,000] {dagbag.py:449} INFO - Filling up the DagBag from /home/airflow/.local/lib/python3.8/site-packages/airflow/example_dags/example_bash_operator.py
[2021-02-08 04:38:11,016] {scheduler_job.py:637} INFO - DAG(s) dict_keys(['example_bash_operator']) retrieved from /home/airflow/.local/lib/python3.8/site-packages/airflow/example_dags/example_bash_operator.py
[2021-02-08 04:38:11,044] {logging_mixin.py:104} INFO - [2021-02-08 04:38:11,044] {dag.py:1818} INFO - Sync 1 DAGs
[2021-02-08 04:38:11,067] {logging_mixin.py:104} INFO - [2021-02-08 04:38:11,067] {dag.py:2273} INFO - Setting next_dagrun for example_bash_operator to 2021-02-06 00:00:00+00:00
[2021-02-08 04:38:11,088] {scheduler_job.py:189} INFO - Processing /home/airflow/.local/lib/python3.8/site-packages/airflow/example_dags/example_bash_operator.py took 0.097 seconds
[2021-02-08 04:38:41,178] {scheduler_job.py:181} INFO - Started process (PID=2370) to work on /home/airflow/.local/lib/python3.8/site-packages/airflow/example_dags/example_bash_operator.py
[2021-02-08 04:38:41,181] {scheduler_job.py:627} INFO - Processing file /home/airflow/.local/lib/python3.8/site-packages/airflow/example_dags/example_bash_operator.py for tasks to queue
[2021-02-08 04:38:41,183] {logging_mixin.py:104} INFO - [2021-02-08 04:38:41,182] {dagbag.py:449} INFO - Filling up the DagBag from /home/airflow/.local/lib/python3.8/site-packages/airflow/example_dags/example_bash_operator.py
[2021-02-08 04:38:41,199] {scheduler_job.py:637} INFO - DAG(s) dict_keys(['example_bash_operator']) retrieved from /home/airflow/.local/lib/python3.8/site-packages/airflow/example_dags/example_bash_operator.py
[2021-02-08 04:38:41,232] {logging_mixin.py:104} INFO - [2021-02-08 04:38:41,232] {dag.py:1818} INFO - Sync 1 DAGs
[2021-02-08 04:38:41,255] {logging_mixin.py:104} INFO - [2021-02-08 04:38:41,255] {dag.py:2273} INFO - Setting next_dagrun for example_bash_operator to 2021-02-06 00:00:00+00:00
[2021-02-08 04:38:41,268] {scheduler_job.py:189} INFO - Processing /home/airflow/.local/lib/python3.8/site-packages/airflow/example_dags/example_bash_operator.py took 0.096 seconds
[2021-02-08 04:39:12,229] {scheduler_job.py:181} INFO - Started process (PID=2396) to work on /home/airflow/.local/lib/python3.8/site-packages/airflow/example_dags/example_bash_operator.py
[2021-02-08 04:39:12,232] {scheduler_job.py:627} INFO - Processing file /home/airflow/.local/lib/python3.8/site-packages/airflow/example_dags/example_bash_operator.py for tasks to queue
[2021-02-08 04:39:12,235] {logging_mixin.py:104} INFO - [2021-02-08 04:39:12,234] {dagbag.py:449} INFO - Filling up the DagBag from /home/airflow/.local/lib/python3.8/site-packages/airflow/example_dags/example_bash_operator.py
[2021-02-08 04:39:12,257] {scheduler_job.py:637} INFO - DAG(s) dict_keys(['example_bash_operator']) retrieved from /home/airflow/.local/lib/python3.8/site-packages/airflow/example_dags/example_bash_operator.py
[2021-02-08 04:39:12,296] {logging_mixin.py:104} INFO - [2021-02-08 04:39:12,295] {dag.py:1818} INFO - Sync 1 DAGs
[2021-02-08 04:39:12,395] {logging_mixin.py:104} INFO - [2021-02-08 04:39:12,395] {dag.py:2273} INFO - Setting next_dagrun for example_bash_operator to 2021-02-06 00:00:00+00:00
[2021-02-08 04:39:12,417] {scheduler_job.py:189} INFO - Processing /home/airflow/.local/lib/python3.8/site-packages/airflow/example_dags/example_bash_operator.py took 0.194 seconds
[2021-02-08 04:39:42,508] {scheduler_job.py:181} INFO - Started process (PID=2422) to work on /home/airflow/.local/lib/python3.8/site-packages/airflow/example_dags/example_bash_operator.py
[2021-02-08 04:39:42,510] {scheduler_job.py:627} INFO - Processing file /home/airflow/.local/lib/python3.8/site-packages/airflow/example_dags/example_bash_operator.py for tasks to queue
[2021-02-08 04:39:42,513] {logging_mixin.py:104} INFO - [2021-02-08 04:39:42,513] {dagbag.py:449} INFO - Filling up the DagBag from /home/airflow/.local/lib/python3.8/site-packages/airflow/example_dags/example_bash_operator.py
[2021-02-08 04:39:42,533] {scheduler_job.py:637} INFO - DAG(s) dict_keys(['example_bash_operator']) retrieved from /home/airflow/.local/lib/python3.8/site-packages/airflow/example_dags/example_bash_operator.py
[2021-02-08 04:39:42,568] {logging_mixin.py:104} INFO - [2021-02-08 04:39:42,568] {dag.py:1818} INFO - Sync 1 DAGs
[2021-02-08 04:39:42,591] {logging_mixin.py:104} INFO - [2021-02-08 04:39:42,591] {dag.py:2273} INFO - Setting next_dagrun for example_bash_operator to 2021-02-06 00:00:00+00:00
[2021-02-08 04:39:42,605] {scheduler_job.py:189} INFO - Processing /home/airflow/.local/lib/python3.8/site-packages/airflow/example_dags/example_bash_operator.py took 0.102 seconds
[2021-02-08 04:40:13,851] {scheduler_job.py:181} INFO - Started process (PID=2448) to work on /home/airflow/.local/lib/python3.8/site-packages/airflow/example_dags/example_bash_operator.py
[2021-02-08 04:40:13,855] {scheduler_job.py:627} INFO - Processing file /home/airflow/.local/lib/python3.8/site-packages/airflow/example_dags/example_bash_operator.py for tasks to queue
[2021-02-08 04:40:13,857] {logging_mixin.py:104} INFO - [2021-02-08 04:40:13,857] {dagbag.py:449} INFO - Filling up the DagBag from /home/airflow/.local/lib/python3.8/site-packages/airflow/example_dags/example_bash_operator.py
[2021-02-08 04:40:13,878] {scheduler_job.py:637} INFO - DAG(s) dict_keys(['example_bash_operator']) retrieved from /home/airflow/.local/lib/python3.8/site-packages/airflow/example_dags/example_bash_operator.py
[2021-02-08 04:40:13,916] {logging_mixin.py:104} INFO - [2021-02-08 04:40:13,916] {dag.py:1818} INFO - Sync 1 DAGs
[2021-02-08 04:40:13,943] {logging_mixin.py:104} INFO - [2021-02-08 04:40:13,943] {dag.py:2273} INFO - Setting next_dagrun for example_bash_operator to 2021-02-06 00:00:00+00:00
[2021-02-08 04:40:13,959] {scheduler_job.py:189} INFO - Processing /home/airflow/.local/lib/python3.8/site-packages/airflow/example_dags/example_bash_operator.py took 0.115 seconds
[2021-02-08 04:40:44,250] {scheduler_job.py:181} INFO - Started process (PID=2475) to work on /home/airflow/.local/lib/python3.8/site-packages/airflow/example_dags/example_bash_operator.py
[2021-02-08 04:40:44,252] {scheduler_job.py:627} INFO - Processing file /home/airflow/.local/lib/python3.8/site-packages/airflow/example_dags/example_bash_operator.py for tasks to queue
[2021-02-08 04:40:44,255] {logging_mixin.py:104} INFO - [2021-02-08 04:40:44,254] {dagbag.py:449} INFO - Filling up the DagBag from /home/airflow/.local/lib/python3.8/site-packages/airflow/example_dags/example_bash_operator.py
[2021-02-08 04:40:44,276] {scheduler_job.py:637} INFO - DAG(s) dict_keys(['example_bash_operator']) retrieved from /home/airflow/.local/lib/python3.8/site-packages/airflow/example_dags/example_bash_operator.py
[2021-02-08 04:40:44,317] {logging_mixin.py:104} INFO - [2021-02-08 04:40:44,317] {dag.py:1818} INFO - Sync 1 DAGs
[2021-02-08 04:40:44,347] {logging_mixin.py:104} INFO - [2021-02-08 04:40:44,347] {dag.py:2273} INFO - Setting next_dagrun for example_bash_operator to 2021-02-06 00:00:00+00:00
[2021-02-08 04:40:44,365] {scheduler_job.py:189} INFO - Processing /home/airflow/.local/lib/python3.8/site-packages/airflow/example_dags/example_bash_operator.py took 0.120 seconds
[2021-02-08 04:41:15,396] {scheduler_job.py:181} INFO - Started process (PID=2503) to work on /home/airflow/.local/lib/python3.8/site-packages/airflow/example_dags/example_bash_operator.py
[2021-02-08 04:41:15,398] {scheduler_job.py:627} INFO - Processing file /home/airflow/.local/lib/python3.8/site-packages/airflow/example_dags/example_bash_operator.py for tasks to queue
[2021-02-08 04:41:15,400] {logging_mixin.py:104} INFO - [2021-02-08 04:41:15,399] {dagbag.py:449} INFO - Filling up the DagBag from /home/airflow/.local/lib/python3.8/site-packages/airflow/example_dags/example_bash_operator.py
[2021-02-08 04:41:15,413] {scheduler_job.py:637} INFO - DAG(s) dict_keys(['example_bash_operator']) retrieved from /home/airflow/.local/lib/python3.8/site-packages/airflow/example_dags/example_bash_operator.py
[2021-02-08 04:41:15,442] {logging_mixin.py:104} INFO - [2021-02-08 04:41:15,442] {dag.py:1818} INFO - Sync 1 DAGs
[2021-02-08 04:41:15,464] {logging_mixin.py:104} INFO - [2021-02-08 04:41:15,464] {dag.py:2273} INFO - Setting next_dagrun for example_bash_operator to 2021-02-06 00:00:00+00:00
[2021-02-08 04:41:15,476] {scheduler_job.py:189} INFO - Processing /home/airflow/.local/lib/python3.8/site-packages/airflow/example_dags/example_bash_operator.py took 0.085 seconds
[2021-02-08 04:41:45,670] {scheduler_job.py:181} INFO - Started process (PID=2529) to work on /home/airflow/.local/lib/python3.8/site-packages/airflow/example_dags/example_bash_operator.py
[2021-02-08 04:41:45,672] {scheduler_job.py:627} INFO - Processing file /home/airflow/.local/lib/python3.8/site-packages/airflow/example_dags/example_bash_operator.py for tasks to queue
[2021-02-08 04:41:45,674] {logging_mixin.py:104} INFO - [2021-02-08 04:41:45,674] {dagbag.py:449} INFO - Filling up the DagBag from /home/airflow/.local/lib/python3.8/site-packages/airflow/example_dags/example_bash_operator.py
[2021-02-08 04:41:45,688] {scheduler_job.py:637} INFO - DAG(s) dict_keys(['example_bash_operator']) retrieved from /home/airflow/.local/lib/python3.8/site-packages/airflow/example_dags/example_bash_operator.py
[2021-02-08 04:41:45,713] {logging_mixin.py:104} INFO - [2021-02-08 04:41:45,712] {dag.py:1818} INFO - Sync 1 DAGs
[2021-02-08 04:41:45,732] {logging_mixin.py:104} INFO - [2021-02-08 04:41:45,732] {dag.py:2273} INFO - Setting next_dagrun for example_bash_operator to 2021-02-06 00:00:00+00:00
[2021-02-08 04:41:45,745] {scheduler_job.py:189} INFO - Processing /home/airflow/.local/lib/python3.8/site-packages/airflow/example_dags/example_bash_operator.py took 0.079 seconds
[2021-02-08 04:42:16,592] {scheduler_job.py:181} INFO - Started process (PID=2555) to work on /home/airflow/.local/lib/python3.8/site-packages/airflow/example_dags/example_bash_operator.py
[2021-02-08 04:42:16,595] {scheduler_job.py:627} INFO - Processing file /home/airflow/.local/lib/python3.8/site-packages/airflow/example_dags/example_bash_operator.py for tasks to queue
[2021-02-08 04:42:16,598] {logging_mixin.py:104} INFO - [2021-02-08 04:42:16,598] {dagbag.py:449} INFO - Filling up the DagBag from /home/airflow/.local/lib/python3.8/site-packages/airflow/example_dags/example_bash_operator.py
[2021-02-08 04:42:16,619] {scheduler_job.py:637} INFO - DAG(s) dict_keys(['example_bash_operator']) retrieved from /home/airflow/.local/lib/python3.8/site-packages/airflow/example_dags/example_bash_operator.py
[2021-02-08 04:42:16,669] {logging_mixin.py:104} INFO - [2021-02-08 04:42:16,669] {dag.py:1818} INFO - Sync 1 DAGs
[2021-02-08 04:42:16,708] {logging_mixin.py:104} INFO - [2021-02-08 04:42:16,708] {dag.py:2273} INFO - Setting next_dagrun for example_bash_operator to 2021-02-06 00:00:00+00:00
[2021-02-08 04:42:16,748] {scheduler_job.py:189} INFO - Processing /home/airflow/.local/lib/python3.8/site-packages/airflow/example_dags/example_bash_operator.py took 0.162 seconds
[2021-02-08 04:42:46,966] {scheduler_job.py:181} INFO - Started process (PID=2581) to work on /home/airflow/.local/lib/python3.8/site-packages/airflow/example_dags/example_bash_operator.py
[2021-02-08 04:42:46,970] {scheduler_job.py:627} INFO - Processing file /home/airflow/.local/lib/python3.8/site-packages/airflow/example_dags/example_bash_operator.py for tasks to queue
[2021-02-08 04:42:46,972] {logging_mixin.py:104} INFO - [2021-02-08 04:42:46,972] {dagbag.py:449} INFO - Filling up the DagBag from /home/airflow/.local/lib/python3.8/site-packages/airflow/example_dags/example_bash_operator.py
[2021-02-08 04:42:46,993] {scheduler_job.py:637} INFO - DAG(s) dict_keys(['example_bash_operator']) retrieved from /home/airflow/.local/lib/python3.8/site-packages/airflow/example_dags/example_bash_operator.py
[2021-02-08 04:42:47,033] {logging_mixin.py:104} INFO - [2021-02-08 04:42:47,033] {dag.py:1818} INFO - Sync 1 DAGs
[2021-02-08 04:42:47,066] {logging_mixin.py:104} INFO - [2021-02-08 04:42:47,066] {dag.py:2273} INFO - Setting next_dagrun for example_bash_operator to 2021-02-06 00:00:00+00:00
[2021-02-08 04:42:47,083] {scheduler_job.py:189} INFO - Processing /home/airflow/.local/lib/python3.8/site-packages/airflow/example_dags/example_bash_operator.py took 0.123 seconds
[2021-02-08 04:43:17,523] {scheduler_job.py:181} INFO - Started process (PID=2607) to work on /home/airflow/.local/lib/python3.8/site-packages/airflow/example_dags/example_bash_operator.py
[2021-02-08 04:43:17,527] {scheduler_job.py:627} INFO - Processing file /home/airflow/.local/lib/python3.8/site-packages/airflow/example_dags/example_bash_operator.py for tasks to queue
[2021-02-08 04:43:17,530] {logging_mixin.py:104} INFO - [2021-02-08 04:43:17,529] {dagbag.py:449} INFO - Filling up the DagBag from /home/airflow/.local/lib/python3.8/site-packages/airflow/example_dags/example_bash_operator.py
[2021-02-08 04:43:17,603] {scheduler_job.py:637} INFO - DAG(s) dict_keys(['example_bash_operator']) retrieved from /home/airflow/.local/lib/python3.8/site-packages/airflow/example_dags/example_bash_operator.py
[2021-02-08 04:43:17,681] {logging_mixin.py:104} INFO - [2021-02-08 04:43:17,680] {dag.py:1818} INFO - Sync 1 DAGs
[2021-02-08 04:43:17,732] {logging_mixin.py:104} INFO - [2021-02-08 04:43:17,732] {dag.py:2273} INFO - Setting next_dagrun for example_bash_operator to 2021-02-06 00:00:00+00:00
[2021-02-08 04:43:17,758] {scheduler_job.py:189} INFO - Processing /home/airflow/.local/lib/python3.8/site-packages/airflow/example_dags/example_bash_operator.py took 0.242 seconds
