[2021-02-08 01:26:29,591] {scheduler_job.py:181} INFO - Started process (PID=1620) to work on /home/airflow/.local/lib/python3.8/site-packages/airflow/example_dags/example_nested_branch_dag.py
[2021-02-08 01:26:29,595] {scheduler_job.py:627} INFO - Processing file /home/airflow/.local/lib/python3.8/site-packages/airflow/example_dags/example_nested_branch_dag.py for tasks to queue
[2021-02-08 01:26:29,608] {logging_mixin.py:104} INFO - [2021-02-08 01:26:29,608] {dagbag.py:449} INFO - Filling up the DagBag from /home/airflow/.local/lib/python3.8/site-packages/airflow/example_dags/example_nested_branch_dag.py
[2021-02-08 01:26:29,647] {scheduler_job.py:637} INFO - DAG(s) dict_keys(['example_nested_branch_dag']) retrieved from /home/airflow/.local/lib/python3.8/site-packages/airflow/example_dags/example_nested_branch_dag.py
[2021-02-08 01:26:29,698] {logging_mixin.py:104} INFO - [2021-02-08 01:26:29,698] {dag.py:1818} INFO - Sync 1 DAGs
[2021-02-08 01:26:29,735] {logging_mixin.py:104} INFO - [2021-02-08 01:26:29,735] {dag.py:2273} INFO - Setting next_dagrun for example_nested_branch_dag to 2021-02-06 00:00:00+00:00
[2021-02-08 01:26:29,775] {scheduler_job.py:189} INFO - Processing /home/airflow/.local/lib/python3.8/site-packages/airflow/example_dags/example_nested_branch_dag.py took 0.196 seconds
[2021-02-08 03:26:48,001] {scheduler_job.py:181} INFO - Started process (PID=1646) to work on /home/airflow/.local/lib/python3.8/site-packages/airflow/example_dags/example_nested_branch_dag.py
[2021-02-08 03:26:48,007] {scheduler_job.py:627} INFO - Processing file /home/airflow/.local/lib/python3.8/site-packages/airflow/example_dags/example_nested_branch_dag.py for tasks to queue
[2021-02-08 03:26:48,013] {logging_mixin.py:104} INFO - [2021-02-08 03:26:48,013] {dagbag.py:449} INFO - Filling up the DagBag from /home/airflow/.local/lib/python3.8/site-packages/airflow/example_dags/example_nested_branch_dag.py
[2021-02-08 03:26:48,055] {scheduler_job.py:637} INFO - DAG(s) dict_keys(['example_nested_branch_dag']) retrieved from /home/airflow/.local/lib/python3.8/site-packages/airflow/example_dags/example_nested_branch_dag.py
[2021-02-08 03:26:48,102] {logging_mixin.py:104} INFO - [2021-02-08 03:26:48,102] {dag.py:1818} INFO - Sync 1 DAGs
[2021-02-08 03:26:48,146] {logging_mixin.py:104} INFO - [2021-02-08 03:26:48,145] {dag.py:2273} INFO - Setting next_dagrun for example_nested_branch_dag to 2021-02-06 00:00:00+00:00
[2021-02-08 03:26:48,173] {scheduler_job.py:189} INFO - Processing /home/airflow/.local/lib/python3.8/site-packages/airflow/example_dags/example_nested_branch_dag.py took 0.178 seconds
[2021-02-08 04:25:22,581] {scheduler_job.py:181} INFO - Started process (PID=1672) to work on /home/airflow/.local/lib/python3.8/site-packages/airflow/example_dags/example_nested_branch_dag.py
[2021-02-08 04:25:22,606] {scheduler_job.py:627} INFO - Processing file /home/airflow/.local/lib/python3.8/site-packages/airflow/example_dags/example_nested_branch_dag.py for tasks to queue
[2021-02-08 04:25:22,611] {logging_mixin.py:104} INFO - [2021-02-08 04:25:22,611] {dagbag.py:449} INFO - Filling up the DagBag from /home/airflow/.local/lib/python3.8/site-packages/airflow/example_dags/example_nested_branch_dag.py
[2021-02-08 04:25:22,715] {scheduler_job.py:637} INFO - DAG(s) dict_keys(['example_nested_branch_dag']) retrieved from /home/airflow/.local/lib/python3.8/site-packages/airflow/example_dags/example_nested_branch_dag.py
[2021-02-08 04:25:22,846] {logging_mixin.py:104} INFO - [2021-02-08 04:25:22,845] {dag.py:1818} INFO - Sync 1 DAGs
[2021-02-08 04:25:22,928] {logging_mixin.py:104} INFO - [2021-02-08 04:25:22,928] {dag.py:2273} INFO - Setting next_dagrun for example_nested_branch_dag to 2021-02-06 00:00:00+00:00
[2021-02-08 04:25:22,995] {scheduler_job.py:189} INFO - Processing /home/airflow/.local/lib/python3.8/site-packages/airflow/example_dags/example_nested_branch_dag.py took 0.458 seconds
[2021-02-08 04:25:53,687] {scheduler_job.py:181} INFO - Started process (PID=1698) to work on /home/airflow/.local/lib/python3.8/site-packages/airflow/example_dags/example_nested_branch_dag.py
[2021-02-08 04:25:53,690] {scheduler_job.py:627} INFO - Processing file /home/airflow/.local/lib/python3.8/site-packages/airflow/example_dags/example_nested_branch_dag.py for tasks to queue
[2021-02-08 04:25:53,692] {logging_mixin.py:104} INFO - [2021-02-08 04:25:53,692] {dagbag.py:449} INFO - Filling up the DagBag from /home/airflow/.local/lib/python3.8/site-packages/airflow/example_dags/example_nested_branch_dag.py
[2021-02-08 04:25:53,711] {scheduler_job.py:637} INFO - DAG(s) dict_keys(['example_nested_branch_dag']) retrieved from /home/airflow/.local/lib/python3.8/site-packages/airflow/example_dags/example_nested_branch_dag.py
[2021-02-08 04:25:53,748] {logging_mixin.py:104} INFO - [2021-02-08 04:25:53,748] {dag.py:1818} INFO - Sync 1 DAGs
[2021-02-08 04:25:53,776] {logging_mixin.py:104} INFO - [2021-02-08 04:25:53,776] {dag.py:2273} INFO - Setting next_dagrun for example_nested_branch_dag to 2021-02-06 00:00:00+00:00
[2021-02-08 04:25:53,791] {scheduler_job.py:189} INFO - Processing /home/airflow/.local/lib/python3.8/site-packages/airflow/example_dags/example_nested_branch_dag.py took 0.108 seconds
[2021-02-08 04:26:23,962] {scheduler_job.py:181} INFO - Started process (PID=1724) to work on /home/airflow/.local/lib/python3.8/site-packages/airflow/example_dags/example_nested_branch_dag.py
[2021-02-08 04:26:23,965] {scheduler_job.py:627} INFO - Processing file /home/airflow/.local/lib/python3.8/site-packages/airflow/example_dags/example_nested_branch_dag.py for tasks to queue
[2021-02-08 04:26:23,967] {logging_mixin.py:104} INFO - [2021-02-08 04:26:23,967] {dagbag.py:449} INFO - Filling up the DagBag from /home/airflow/.local/lib/python3.8/site-packages/airflow/example_dags/example_nested_branch_dag.py
[2021-02-08 04:26:23,988] {scheduler_job.py:637} INFO - DAG(s) dict_keys(['example_nested_branch_dag']) retrieved from /home/airflow/.local/lib/python3.8/site-packages/airflow/example_dags/example_nested_branch_dag.py
[2021-02-08 04:26:24,024] {logging_mixin.py:104} INFO - [2021-02-08 04:26:24,024] {dag.py:1818} INFO - Sync 1 DAGs
[2021-02-08 04:26:24,059] {logging_mixin.py:104} INFO - [2021-02-08 04:26:24,059] {dag.py:2273} INFO - Setting next_dagrun for example_nested_branch_dag to 2021-02-06 00:00:00+00:00
[2021-02-08 04:26:24,079] {scheduler_job.py:189} INFO - Processing /home/airflow/.local/lib/python3.8/site-packages/airflow/example_dags/example_nested_branch_dag.py took 0.122 seconds
[2021-02-08 04:26:54,732] {scheduler_job.py:181} INFO - Started process (PID=1750) to work on /home/airflow/.local/lib/python3.8/site-packages/airflow/example_dags/example_nested_branch_dag.py
[2021-02-08 04:26:54,734] {scheduler_job.py:627} INFO - Processing file /home/airflow/.local/lib/python3.8/site-packages/airflow/example_dags/example_nested_branch_dag.py for tasks to queue
[2021-02-08 04:26:54,736] {logging_mixin.py:104} INFO - [2021-02-08 04:26:54,736] {dagbag.py:449} INFO - Filling up the DagBag from /home/airflow/.local/lib/python3.8/site-packages/airflow/example_dags/example_nested_branch_dag.py
[2021-02-08 04:26:54,751] {scheduler_job.py:637} INFO - DAG(s) dict_keys(['example_nested_branch_dag']) retrieved from /home/airflow/.local/lib/python3.8/site-packages/airflow/example_dags/example_nested_branch_dag.py
[2021-02-08 04:26:54,780] {logging_mixin.py:104} INFO - [2021-02-08 04:26:54,780] {dag.py:1818} INFO - Sync 1 DAGs
[2021-02-08 04:26:54,803] {logging_mixin.py:104} INFO - [2021-02-08 04:26:54,803] {dag.py:2273} INFO - Setting next_dagrun for example_nested_branch_dag to 2021-02-06 00:00:00+00:00
[2021-02-08 04:26:54,816] {scheduler_job.py:189} INFO - Processing /home/airflow/.local/lib/python3.8/site-packages/airflow/example_dags/example_nested_branch_dag.py took 0.088 seconds
[2021-02-08 04:27:25,480] {scheduler_job.py:181} INFO - Started process (PID=1776) to work on /home/airflow/.local/lib/python3.8/site-packages/airflow/example_dags/example_nested_branch_dag.py
[2021-02-08 04:27:25,482] {scheduler_job.py:627} INFO - Processing file /home/airflow/.local/lib/python3.8/site-packages/airflow/example_dags/example_nested_branch_dag.py for tasks to queue
[2021-02-08 04:27:25,483] {logging_mixin.py:104} INFO - [2021-02-08 04:27:25,483] {dagbag.py:449} INFO - Filling up the DagBag from /home/airflow/.local/lib/python3.8/site-packages/airflow/example_dags/example_nested_branch_dag.py
[2021-02-08 04:27:25,502] {scheduler_job.py:637} INFO - DAG(s) dict_keys(['example_nested_branch_dag']) retrieved from /home/airflow/.local/lib/python3.8/site-packages/airflow/example_dags/example_nested_branch_dag.py
[2021-02-08 04:27:25,531] {logging_mixin.py:104} INFO - [2021-02-08 04:27:25,531] {dag.py:1818} INFO - Sync 1 DAGs
[2021-02-08 04:27:25,553] {logging_mixin.py:104} INFO - [2021-02-08 04:27:25,553] {dag.py:2273} INFO - Setting next_dagrun for example_nested_branch_dag to 2021-02-06 00:00:00+00:00
[2021-02-08 04:27:25,566] {scheduler_job.py:189} INFO - Processing /home/airflow/.local/lib/python3.8/site-packages/airflow/example_dags/example_nested_branch_dag.py took 0.091 seconds
[2021-02-08 04:27:56,202] {scheduler_job.py:181} INFO - Started process (PID=1802) to work on /home/airflow/.local/lib/python3.8/site-packages/airflow/example_dags/example_nested_branch_dag.py
[2021-02-08 04:27:56,205] {scheduler_job.py:627} INFO - Processing file /home/airflow/.local/lib/python3.8/site-packages/airflow/example_dags/example_nested_branch_dag.py for tasks to queue
[2021-02-08 04:27:56,207] {logging_mixin.py:104} INFO - [2021-02-08 04:27:56,207] {dagbag.py:449} INFO - Filling up the DagBag from /home/airflow/.local/lib/python3.8/site-packages/airflow/example_dags/example_nested_branch_dag.py
[2021-02-08 04:27:56,221] {scheduler_job.py:637} INFO - DAG(s) dict_keys(['example_nested_branch_dag']) retrieved from /home/airflow/.local/lib/python3.8/site-packages/airflow/example_dags/example_nested_branch_dag.py
[2021-02-08 04:27:56,249] {logging_mixin.py:104} INFO - [2021-02-08 04:27:56,249] {dag.py:1818} INFO - Sync 1 DAGs
[2021-02-08 04:27:56,270] {logging_mixin.py:104} INFO - [2021-02-08 04:27:56,270] {dag.py:2273} INFO - Setting next_dagrun for example_nested_branch_dag to 2021-02-06 00:00:00+00:00
[2021-02-08 04:27:56,284] {scheduler_job.py:189} INFO - Processing /home/airflow/.local/lib/python3.8/site-packages/airflow/example_dags/example_nested_branch_dag.py took 0.088 seconds
[2021-02-08 04:28:26,659] {scheduler_job.py:181} INFO - Started process (PID=1828) to work on /home/airflow/.local/lib/python3.8/site-packages/airflow/example_dags/example_nested_branch_dag.py
[2021-02-08 04:28:26,662] {scheduler_job.py:627} INFO - Processing file /home/airflow/.local/lib/python3.8/site-packages/airflow/example_dags/example_nested_branch_dag.py for tasks to queue
[2021-02-08 04:28:26,664] {logging_mixin.py:104} INFO - [2021-02-08 04:28:26,664] {dagbag.py:449} INFO - Filling up the DagBag from /home/airflow/.local/lib/python3.8/site-packages/airflow/example_dags/example_nested_branch_dag.py
[2021-02-08 04:28:26,679] {scheduler_job.py:637} INFO - DAG(s) dict_keys(['example_nested_branch_dag']) retrieved from /home/airflow/.local/lib/python3.8/site-packages/airflow/example_dags/example_nested_branch_dag.py
[2021-02-08 04:28:26,704] {logging_mixin.py:104} INFO - [2021-02-08 04:28:26,704] {dag.py:1818} INFO - Sync 1 DAGs
[2021-02-08 04:28:26,729] {logging_mixin.py:104} INFO - [2021-02-08 04:28:26,729] {dag.py:2273} INFO - Setting next_dagrun for example_nested_branch_dag to 2021-02-06 00:00:00+00:00
[2021-02-08 04:28:26,746] {scheduler_job.py:189} INFO - Processing /home/airflow/.local/lib/python3.8/site-packages/airflow/example_dags/example_nested_branch_dag.py took 0.091 seconds
[2021-02-08 04:28:57,087] {scheduler_job.py:181} INFO - Started process (PID=1854) to work on /home/airflow/.local/lib/python3.8/site-packages/airflow/example_dags/example_nested_branch_dag.py
[2021-02-08 04:28:57,090] {scheduler_job.py:627} INFO - Processing file /home/airflow/.local/lib/python3.8/site-packages/airflow/example_dags/example_nested_branch_dag.py for tasks to queue
[2021-02-08 04:28:57,092] {logging_mixin.py:104} INFO - [2021-02-08 04:28:57,092] {dagbag.py:449} INFO - Filling up the DagBag from /home/airflow/.local/lib/python3.8/site-packages/airflow/example_dags/example_nested_branch_dag.py
[2021-02-08 04:28:57,120] {scheduler_job.py:637} INFO - DAG(s) dict_keys(['example_nested_branch_dag']) retrieved from /home/airflow/.local/lib/python3.8/site-packages/airflow/example_dags/example_nested_branch_dag.py
[2021-02-08 04:28:57,148] {logging_mixin.py:104} INFO - [2021-02-08 04:28:57,148] {dag.py:1818} INFO - Sync 1 DAGs
[2021-02-08 04:28:57,173] {logging_mixin.py:104} INFO - [2021-02-08 04:28:57,172] {dag.py:2273} INFO - Setting next_dagrun for example_nested_branch_dag to 2021-02-06 00:00:00+00:00
[2021-02-08 04:28:57,190] {scheduler_job.py:189} INFO - Processing /home/airflow/.local/lib/python3.8/site-packages/airflow/example_dags/example_nested_branch_dag.py took 0.109 seconds
[2021-02-08 04:29:27,701] {scheduler_job.py:181} INFO - Started process (PID=1880) to work on /home/airflow/.local/lib/python3.8/site-packages/airflow/example_dags/example_nested_branch_dag.py
[2021-02-08 04:29:27,703] {scheduler_job.py:627} INFO - Processing file /home/airflow/.local/lib/python3.8/site-packages/airflow/example_dags/example_nested_branch_dag.py for tasks to queue
[2021-02-08 04:29:27,705] {logging_mixin.py:104} INFO - [2021-02-08 04:29:27,705] {dagbag.py:449} INFO - Filling up the DagBag from /home/airflow/.local/lib/python3.8/site-packages/airflow/example_dags/example_nested_branch_dag.py
[2021-02-08 04:29:27,731] {scheduler_job.py:637} INFO - DAG(s) dict_keys(['example_nested_branch_dag']) retrieved from /home/airflow/.local/lib/python3.8/site-packages/airflow/example_dags/example_nested_branch_dag.py
[2021-02-08 04:29:27,765] {logging_mixin.py:104} INFO - [2021-02-08 04:29:27,765] {dag.py:1818} INFO - Sync 1 DAGs
[2021-02-08 04:29:27,797] {logging_mixin.py:104} INFO - [2021-02-08 04:29:27,797] {dag.py:2273} INFO - Setting next_dagrun for example_nested_branch_dag to 2021-02-06 00:00:00+00:00
[2021-02-08 04:29:27,815] {scheduler_job.py:189} INFO - Processing /home/airflow/.local/lib/python3.8/site-packages/airflow/example_dags/example_nested_branch_dag.py took 0.120 seconds
[2021-02-08 04:29:58,309] {scheduler_job.py:181} INFO - Started process (PID=1906) to work on /home/airflow/.local/lib/python3.8/site-packages/airflow/example_dags/example_nested_branch_dag.py
[2021-02-08 04:29:58,312] {scheduler_job.py:627} INFO - Processing file /home/airflow/.local/lib/python3.8/site-packages/airflow/example_dags/example_nested_branch_dag.py for tasks to queue
[2021-02-08 04:29:58,314] {logging_mixin.py:104} INFO - [2021-02-08 04:29:58,314] {dagbag.py:449} INFO - Filling up the DagBag from /home/airflow/.local/lib/python3.8/site-packages/airflow/example_dags/example_nested_branch_dag.py
[2021-02-08 04:29:58,336] {scheduler_job.py:637} INFO - DAG(s) dict_keys(['example_nested_branch_dag']) retrieved from /home/airflow/.local/lib/python3.8/site-packages/airflow/example_dags/example_nested_branch_dag.py
[2021-02-08 04:29:58,368] {logging_mixin.py:104} INFO - [2021-02-08 04:29:58,368] {dag.py:1818} INFO - Sync 1 DAGs
[2021-02-08 04:29:58,396] {logging_mixin.py:104} INFO - [2021-02-08 04:29:58,396] {dag.py:2273} INFO - Setting next_dagrun for example_nested_branch_dag to 2021-02-06 00:00:00+00:00
[2021-02-08 04:29:58,419] {scheduler_job.py:189} INFO - Processing /home/airflow/.local/lib/python3.8/site-packages/airflow/example_dags/example_nested_branch_dag.py took 0.115 seconds
[2021-02-08 04:30:29,224] {scheduler_job.py:181} INFO - Started process (PID=1932) to work on /home/airflow/.local/lib/python3.8/site-packages/airflow/example_dags/example_nested_branch_dag.py
[2021-02-08 04:30:29,228] {scheduler_job.py:627} INFO - Processing file /home/airflow/.local/lib/python3.8/site-packages/airflow/example_dags/example_nested_branch_dag.py for tasks to queue
[2021-02-08 04:30:29,230] {logging_mixin.py:104} INFO - [2021-02-08 04:30:29,230] {dagbag.py:449} INFO - Filling up the DagBag from /home/airflow/.local/lib/python3.8/site-packages/airflow/example_dags/example_nested_branch_dag.py
[2021-02-08 04:30:29,247] {scheduler_job.py:637} INFO - DAG(s) dict_keys(['example_nested_branch_dag']) retrieved from /home/airflow/.local/lib/python3.8/site-packages/airflow/example_dags/example_nested_branch_dag.py
[2021-02-08 04:30:29,286] {logging_mixin.py:104} INFO - [2021-02-08 04:30:29,286] {dag.py:1818} INFO - Sync 1 DAGs
[2021-02-08 04:30:29,312] {logging_mixin.py:104} INFO - [2021-02-08 04:30:29,311] {dag.py:2273} INFO - Setting next_dagrun for example_nested_branch_dag to 2021-02-06 00:00:00+00:00
[2021-02-08 04:30:29,327] {scheduler_job.py:189} INFO - Processing /home/airflow/.local/lib/python3.8/site-packages/airflow/example_dags/example_nested_branch_dag.py took 0.109 seconds
[2021-02-08 04:30:59,884] {scheduler_job.py:181} INFO - Started process (PID=1958) to work on /home/airflow/.local/lib/python3.8/site-packages/airflow/example_dags/example_nested_branch_dag.py
[2021-02-08 04:30:59,888] {scheduler_job.py:627} INFO - Processing file /home/airflow/.local/lib/python3.8/site-packages/airflow/example_dags/example_nested_branch_dag.py for tasks to queue
[2021-02-08 04:30:59,890] {logging_mixin.py:104} INFO - [2021-02-08 04:30:59,890] {dagbag.py:449} INFO - Filling up the DagBag from /home/airflow/.local/lib/python3.8/site-packages/airflow/example_dags/example_nested_branch_dag.py
[2021-02-08 04:30:59,916] {scheduler_job.py:637} INFO - DAG(s) dict_keys(['example_nested_branch_dag']) retrieved from /home/airflow/.local/lib/python3.8/site-packages/airflow/example_dags/example_nested_branch_dag.py
[2021-02-08 04:30:59,956] {logging_mixin.py:104} INFO - [2021-02-08 04:30:59,955] {dag.py:1818} INFO - Sync 1 DAGs
[2021-02-08 04:30:59,987] {logging_mixin.py:104} INFO - [2021-02-08 04:30:59,987] {dag.py:2273} INFO - Setting next_dagrun for example_nested_branch_dag to 2021-02-06 00:00:00+00:00
[2021-02-08 04:31:00,005] {scheduler_job.py:189} INFO - Processing /home/airflow/.local/lib/python3.8/site-packages/airflow/example_dags/example_nested_branch_dag.py took 0.127 seconds
[2021-02-08 04:31:30,567] {scheduler_job.py:181} INFO - Started process (PID=1984) to work on /home/airflow/.local/lib/python3.8/site-packages/airflow/example_dags/example_nested_branch_dag.py
[2021-02-08 04:31:30,569] {scheduler_job.py:627} INFO - Processing file /home/airflow/.local/lib/python3.8/site-packages/airflow/example_dags/example_nested_branch_dag.py for tasks to queue
[2021-02-08 04:31:30,570] {logging_mixin.py:104} INFO - [2021-02-08 04:31:30,570] {dagbag.py:449} INFO - Filling up the DagBag from /home/airflow/.local/lib/python3.8/site-packages/airflow/example_dags/example_nested_branch_dag.py
[2021-02-08 04:31:30,586] {scheduler_job.py:637} INFO - DAG(s) dict_keys(['example_nested_branch_dag']) retrieved from /home/airflow/.local/lib/python3.8/site-packages/airflow/example_dags/example_nested_branch_dag.py
[2021-02-08 04:31:30,613] {logging_mixin.py:104} INFO - [2021-02-08 04:31:30,613] {dag.py:1818} INFO - Sync 1 DAGs
[2021-02-08 04:31:30,637] {logging_mixin.py:104} INFO - [2021-02-08 04:31:30,637] {dag.py:2273} INFO - Setting next_dagrun for example_nested_branch_dag to 2021-02-06 00:00:00+00:00
[2021-02-08 04:31:30,653] {scheduler_job.py:189} INFO - Processing /home/airflow/.local/lib/python3.8/site-packages/airflow/example_dags/example_nested_branch_dag.py took 0.091 seconds
[2021-02-08 04:32:01,014] {scheduler_job.py:181} INFO - Started process (PID=2010) to work on /home/airflow/.local/lib/python3.8/site-packages/airflow/example_dags/example_nested_branch_dag.py
[2021-02-08 04:32:01,016] {scheduler_job.py:627} INFO - Processing file /home/airflow/.local/lib/python3.8/site-packages/airflow/example_dags/example_nested_branch_dag.py for tasks to queue
[2021-02-08 04:32:01,017] {logging_mixin.py:104} INFO - [2021-02-08 04:32:01,017] {dagbag.py:449} INFO - Filling up the DagBag from /home/airflow/.local/lib/python3.8/site-packages/airflow/example_dags/example_nested_branch_dag.py
[2021-02-08 04:32:01,032] {scheduler_job.py:637} INFO - DAG(s) dict_keys(['example_nested_branch_dag']) retrieved from /home/airflow/.local/lib/python3.8/site-packages/airflow/example_dags/example_nested_branch_dag.py
[2021-02-08 04:32:01,058] {logging_mixin.py:104} INFO - [2021-02-08 04:32:01,058] {dag.py:1818} INFO - Sync 1 DAGs
[2021-02-08 04:32:01,104] {logging_mixin.py:104} INFO - [2021-02-08 04:32:01,104] {dag.py:2273} INFO - Setting next_dagrun for example_nested_branch_dag to 2021-02-06 00:00:00+00:00
[2021-02-08 04:32:01,125] {scheduler_job.py:189} INFO - Processing /home/airflow/.local/lib/python3.8/site-packages/airflow/example_dags/example_nested_branch_dag.py took 0.116 seconds
[2021-02-08 04:32:31,587] {scheduler_job.py:181} INFO - Started process (PID=2036) to work on /home/airflow/.local/lib/python3.8/site-packages/airflow/example_dags/example_nested_branch_dag.py
[2021-02-08 04:32:31,589] {scheduler_job.py:627} INFO - Processing file /home/airflow/.local/lib/python3.8/site-packages/airflow/example_dags/example_nested_branch_dag.py for tasks to queue
[2021-02-08 04:32:31,591] {logging_mixin.py:104} INFO - [2021-02-08 04:32:31,591] {dagbag.py:449} INFO - Filling up the DagBag from /home/airflow/.local/lib/python3.8/site-packages/airflow/example_dags/example_nested_branch_dag.py
[2021-02-08 04:32:31,607] {scheduler_job.py:637} INFO - DAG(s) dict_keys(['example_nested_branch_dag']) retrieved from /home/airflow/.local/lib/python3.8/site-packages/airflow/example_dags/example_nested_branch_dag.py
[2021-02-08 04:32:31,632] {logging_mixin.py:104} INFO - [2021-02-08 04:32:31,632] {dag.py:1818} INFO - Sync 1 DAGs
[2021-02-08 04:32:31,653] {logging_mixin.py:104} INFO - [2021-02-08 04:32:31,653] {dag.py:2273} INFO - Setting next_dagrun for example_nested_branch_dag to 2021-02-06 00:00:00+00:00
[2021-02-08 04:32:31,665] {scheduler_job.py:189} INFO - Processing /home/airflow/.local/lib/python3.8/site-packages/airflow/example_dags/example_nested_branch_dag.py took 0.083 seconds
[2021-02-08 04:33:01,722] {scheduler_job.py:181} INFO - Started process (PID=2062) to work on /home/airflow/.local/lib/python3.8/site-packages/airflow/example_dags/example_nested_branch_dag.py
[2021-02-08 04:33:01,724] {scheduler_job.py:627} INFO - Processing file /home/airflow/.local/lib/python3.8/site-packages/airflow/example_dags/example_nested_branch_dag.py for tasks to queue
[2021-02-08 04:33:01,726] {logging_mixin.py:104} INFO - [2021-02-08 04:33:01,726] {dagbag.py:449} INFO - Filling up the DagBag from /home/airflow/.local/lib/python3.8/site-packages/airflow/example_dags/example_nested_branch_dag.py
[2021-02-08 04:33:01,746] {scheduler_job.py:637} INFO - DAG(s) dict_keys(['example_nested_branch_dag']) retrieved from /home/airflow/.local/lib/python3.8/site-packages/airflow/example_dags/example_nested_branch_dag.py
[2021-02-08 04:33:01,782] {logging_mixin.py:104} INFO - [2021-02-08 04:33:01,782] {dag.py:1818} INFO - Sync 1 DAGs
[2021-02-08 04:33:01,813] {logging_mixin.py:104} INFO - [2021-02-08 04:33:01,812] {dag.py:2273} INFO - Setting next_dagrun for example_nested_branch_dag to 2021-02-06 00:00:00+00:00
[2021-02-08 04:33:01,829] {scheduler_job.py:189} INFO - Processing /home/airflow/.local/lib/python3.8/site-packages/airflow/example_dags/example_nested_branch_dag.py took 0.112 seconds
[2021-02-08 04:33:32,444] {scheduler_job.py:181} INFO - Started process (PID=2088) to work on /home/airflow/.local/lib/python3.8/site-packages/airflow/example_dags/example_nested_branch_dag.py
[2021-02-08 04:33:32,447] {scheduler_job.py:627} INFO - Processing file /home/airflow/.local/lib/python3.8/site-packages/airflow/example_dags/example_nested_branch_dag.py for tasks to queue
[2021-02-08 04:33:32,449] {logging_mixin.py:104} INFO - [2021-02-08 04:33:32,449] {dagbag.py:449} INFO - Filling up the DagBag from /home/airflow/.local/lib/python3.8/site-packages/airflow/example_dags/example_nested_branch_dag.py
[2021-02-08 04:33:32,470] {scheduler_job.py:637} INFO - DAG(s) dict_keys(['example_nested_branch_dag']) retrieved from /home/airflow/.local/lib/python3.8/site-packages/airflow/example_dags/example_nested_branch_dag.py
[2021-02-08 04:33:32,501] {logging_mixin.py:104} INFO - [2021-02-08 04:33:32,501] {dag.py:1818} INFO - Sync 1 DAGs
[2021-02-08 04:33:32,526] {logging_mixin.py:104} INFO - [2021-02-08 04:33:32,526] {dag.py:2273} INFO - Setting next_dagrun for example_nested_branch_dag to 2021-02-06 00:00:00+00:00
[2021-02-08 04:33:32,538] {scheduler_job.py:189} INFO - Processing /home/airflow/.local/lib/python3.8/site-packages/airflow/example_dags/example_nested_branch_dag.py took 0.100 seconds
[2021-02-08 04:34:02,786] {scheduler_job.py:181} INFO - Started process (PID=2114) to work on /home/airflow/.local/lib/python3.8/site-packages/airflow/example_dags/example_nested_branch_dag.py
[2021-02-08 04:34:02,791] {scheduler_job.py:627} INFO - Processing file /home/airflow/.local/lib/python3.8/site-packages/airflow/example_dags/example_nested_branch_dag.py for tasks to queue
[2021-02-08 04:34:02,794] {logging_mixin.py:104} INFO - [2021-02-08 04:34:02,793] {dagbag.py:449} INFO - Filling up the DagBag from /home/airflow/.local/lib/python3.8/site-packages/airflow/example_dags/example_nested_branch_dag.py
[2021-02-08 04:34:02,825] {scheduler_job.py:637} INFO - DAG(s) dict_keys(['example_nested_branch_dag']) retrieved from /home/airflow/.local/lib/python3.8/site-packages/airflow/example_dags/example_nested_branch_dag.py
[2021-02-08 04:34:02,870] {logging_mixin.py:104} INFO - [2021-02-08 04:34:02,870] {dag.py:1818} INFO - Sync 1 DAGs
[2021-02-08 04:34:02,903] {logging_mixin.py:104} INFO - [2021-02-08 04:34:02,903] {dag.py:2273} INFO - Setting next_dagrun for example_nested_branch_dag to 2021-02-06 00:00:00+00:00
[2021-02-08 04:34:02,920] {scheduler_job.py:189} INFO - Processing /home/airflow/.local/lib/python3.8/site-packages/airflow/example_dags/example_nested_branch_dag.py took 0.142 seconds
[2021-02-08 04:34:33,944] {scheduler_job.py:181} INFO - Started process (PID=2140) to work on /home/airflow/.local/lib/python3.8/site-packages/airflow/example_dags/example_nested_branch_dag.py
[2021-02-08 04:34:33,949] {scheduler_job.py:627} INFO - Processing file /home/airflow/.local/lib/python3.8/site-packages/airflow/example_dags/example_nested_branch_dag.py for tasks to queue
[2021-02-08 04:34:33,952] {logging_mixin.py:104} INFO - [2021-02-08 04:34:33,952] {dagbag.py:449} INFO - Filling up the DagBag from /home/airflow/.local/lib/python3.8/site-packages/airflow/example_dags/example_nested_branch_dag.py
[2021-02-08 04:34:34,004] {scheduler_job.py:637} INFO - DAG(s) dict_keys(['example_nested_branch_dag']) retrieved from /home/airflow/.local/lib/python3.8/site-packages/airflow/example_dags/example_nested_branch_dag.py
[2021-02-08 04:34:34,079] {logging_mixin.py:104} INFO - [2021-02-08 04:34:34,078] {dag.py:1818} INFO - Sync 1 DAGs
[2021-02-08 04:34:34,134] {logging_mixin.py:104} INFO - [2021-02-08 04:34:34,134] {dag.py:2273} INFO - Setting next_dagrun for example_nested_branch_dag to 2021-02-06 00:00:00+00:00
[2021-02-08 04:34:34,150] {scheduler_job.py:189} INFO - Processing /home/airflow/.local/lib/python3.8/site-packages/airflow/example_dags/example_nested_branch_dag.py took 0.227 seconds
[2021-02-08 04:35:04,342] {scheduler_job.py:181} INFO - Started process (PID=2166) to work on /home/airflow/.local/lib/python3.8/site-packages/airflow/example_dags/example_nested_branch_dag.py
[2021-02-08 04:35:04,347] {scheduler_job.py:627} INFO - Processing file /home/airflow/.local/lib/python3.8/site-packages/airflow/example_dags/example_nested_branch_dag.py for tasks to queue
[2021-02-08 04:35:04,350] {logging_mixin.py:104} INFO - [2021-02-08 04:35:04,349] {dagbag.py:449} INFO - Filling up the DagBag from /home/airflow/.local/lib/python3.8/site-packages/airflow/example_dags/example_nested_branch_dag.py
[2021-02-08 04:35:04,430] {scheduler_job.py:637} INFO - DAG(s) dict_keys(['example_nested_branch_dag']) retrieved from /home/airflow/.local/lib/python3.8/site-packages/airflow/example_dags/example_nested_branch_dag.py
[2021-02-08 04:35:04,485] {logging_mixin.py:104} INFO - [2021-02-08 04:35:04,485] {dag.py:1818} INFO - Sync 1 DAGs
[2021-02-08 04:35:04,618] {logging_mixin.py:104} INFO - [2021-02-08 04:35:04,618] {dag.py:2273} INFO - Setting next_dagrun for example_nested_branch_dag to 2021-02-06 00:00:00+00:00
[2021-02-08 04:35:04,715] {scheduler_job.py:189} INFO - Processing /home/airflow/.local/lib/python3.8/site-packages/airflow/example_dags/example_nested_branch_dag.py took 0.380 seconds
[2021-02-08 04:35:35,260] {scheduler_job.py:181} INFO - Started process (PID=2192) to work on /home/airflow/.local/lib/python3.8/site-packages/airflow/example_dags/example_nested_branch_dag.py
[2021-02-08 04:35:35,263] {scheduler_job.py:627} INFO - Processing file /home/airflow/.local/lib/python3.8/site-packages/airflow/example_dags/example_nested_branch_dag.py for tasks to queue
[2021-02-08 04:35:35,265] {logging_mixin.py:104} INFO - [2021-02-08 04:35:35,265] {dagbag.py:449} INFO - Filling up the DagBag from /home/airflow/.local/lib/python3.8/site-packages/airflow/example_dags/example_nested_branch_dag.py
[2021-02-08 04:35:35,283] {scheduler_job.py:637} INFO - DAG(s) dict_keys(['example_nested_branch_dag']) retrieved from /home/airflow/.local/lib/python3.8/site-packages/airflow/example_dags/example_nested_branch_dag.py
[2021-02-08 04:35:35,313] {logging_mixin.py:104} INFO - [2021-02-08 04:35:35,313] {dag.py:1818} INFO - Sync 1 DAGs
[2021-02-08 04:35:35,338] {logging_mixin.py:104} INFO - [2021-02-08 04:35:35,338] {dag.py:2273} INFO - Setting next_dagrun for example_nested_branch_dag to 2021-02-06 00:00:00+00:00
[2021-02-08 04:35:35,357] {scheduler_job.py:189} INFO - Processing /home/airflow/.local/lib/python3.8/site-packages/airflow/example_dags/example_nested_branch_dag.py took 0.101 seconds
[2021-02-08 04:36:05,748] {scheduler_job.py:181} INFO - Started process (PID=2218) to work on /home/airflow/.local/lib/python3.8/site-packages/airflow/example_dags/example_nested_branch_dag.py
[2021-02-08 04:36:05,750] {scheduler_job.py:627} INFO - Processing file /home/airflow/.local/lib/python3.8/site-packages/airflow/example_dags/example_nested_branch_dag.py for tasks to queue
[2021-02-08 04:36:05,752] {logging_mixin.py:104} INFO - [2021-02-08 04:36:05,752] {dagbag.py:449} INFO - Filling up the DagBag from /home/airflow/.local/lib/python3.8/site-packages/airflow/example_dags/example_nested_branch_dag.py
[2021-02-08 04:36:05,773] {scheduler_job.py:637} INFO - DAG(s) dict_keys(['example_nested_branch_dag']) retrieved from /home/airflow/.local/lib/python3.8/site-packages/airflow/example_dags/example_nested_branch_dag.py
[2021-02-08 04:36:05,804] {logging_mixin.py:104} INFO - [2021-02-08 04:36:05,804] {dag.py:1818} INFO - Sync 1 DAGs
[2021-02-08 04:36:05,826] {logging_mixin.py:104} INFO - [2021-02-08 04:36:05,826] {dag.py:2273} INFO - Setting next_dagrun for example_nested_branch_dag to 2021-02-06 00:00:00+00:00
[2021-02-08 04:36:05,837] {scheduler_job.py:189} INFO - Processing /home/airflow/.local/lib/python3.8/site-packages/airflow/example_dags/example_nested_branch_dag.py took 0.096 seconds
[2021-02-08 04:36:36,514] {scheduler_job.py:181} INFO - Started process (PID=2244) to work on /home/airflow/.local/lib/python3.8/site-packages/airflow/example_dags/example_nested_branch_dag.py
[2021-02-08 04:36:36,515] {scheduler_job.py:627} INFO - Processing file /home/airflow/.local/lib/python3.8/site-packages/airflow/example_dags/example_nested_branch_dag.py for tasks to queue
[2021-02-08 04:36:36,517] {logging_mixin.py:104} INFO - [2021-02-08 04:36:36,517] {dagbag.py:449} INFO - Filling up the DagBag from /home/airflow/.local/lib/python3.8/site-packages/airflow/example_dags/example_nested_branch_dag.py
[2021-02-08 04:36:36,532] {scheduler_job.py:637} INFO - DAG(s) dict_keys(['example_nested_branch_dag']) retrieved from /home/airflow/.local/lib/python3.8/site-packages/airflow/example_dags/example_nested_branch_dag.py
[2021-02-08 04:36:36,563] {logging_mixin.py:104} INFO - [2021-02-08 04:36:36,562] {dag.py:1818} INFO - Sync 1 DAGs
[2021-02-08 04:36:36,589] {logging_mixin.py:104} INFO - [2021-02-08 04:36:36,589] {dag.py:2273} INFO - Setting next_dagrun for example_nested_branch_dag to 2021-02-06 00:00:00+00:00
[2021-02-08 04:36:36,611] {scheduler_job.py:189} INFO - Processing /home/airflow/.local/lib/python3.8/site-packages/airflow/example_dags/example_nested_branch_dag.py took 0.105 seconds
[2021-02-08 04:37:06,751] {scheduler_job.py:181} INFO - Started process (PID=2270) to work on /home/airflow/.local/lib/python3.8/site-packages/airflow/example_dags/example_nested_branch_dag.py
[2021-02-08 04:37:06,755] {scheduler_job.py:627} INFO - Processing file /home/airflow/.local/lib/python3.8/site-packages/airflow/example_dags/example_nested_branch_dag.py for tasks to queue
[2021-02-08 04:37:06,758] {logging_mixin.py:104} INFO - [2021-02-08 04:37:06,758] {dagbag.py:449} INFO - Filling up the DagBag from /home/airflow/.local/lib/python3.8/site-packages/airflow/example_dags/example_nested_branch_dag.py
[2021-02-08 04:37:06,776] {scheduler_job.py:637} INFO - DAG(s) dict_keys(['example_nested_branch_dag']) retrieved from /home/airflow/.local/lib/python3.8/site-packages/airflow/example_dags/example_nested_branch_dag.py
[2021-02-08 04:37:06,817] {logging_mixin.py:104} INFO - [2021-02-08 04:37:06,817] {dag.py:1818} INFO - Sync 1 DAGs
[2021-02-08 04:37:06,849] {logging_mixin.py:104} INFO - [2021-02-08 04:37:06,849] {dag.py:2273} INFO - Setting next_dagrun for example_nested_branch_dag to 2021-02-06 00:00:00+00:00
[2021-02-08 04:37:06,871] {scheduler_job.py:189} INFO - Processing /home/airflow/.local/lib/python3.8/site-packages/airflow/example_dags/example_nested_branch_dag.py took 0.124 seconds
[2021-02-08 04:37:37,006] {scheduler_job.py:181} INFO - Started process (PID=2296) to work on /home/airflow/.local/lib/python3.8/site-packages/airflow/example_dags/example_nested_branch_dag.py
[2021-02-08 04:37:37,009] {scheduler_job.py:627} INFO - Processing file /home/airflow/.local/lib/python3.8/site-packages/airflow/example_dags/example_nested_branch_dag.py for tasks to queue
[2021-02-08 04:37:37,012] {logging_mixin.py:104} INFO - [2021-02-08 04:37:37,011] {dagbag.py:449} INFO - Filling up the DagBag from /home/airflow/.local/lib/python3.8/site-packages/airflow/example_dags/example_nested_branch_dag.py
[2021-02-08 04:37:37,031] {scheduler_job.py:637} INFO - DAG(s) dict_keys(['example_nested_branch_dag']) retrieved from /home/airflow/.local/lib/python3.8/site-packages/airflow/example_dags/example_nested_branch_dag.py
[2021-02-08 04:37:37,062] {logging_mixin.py:104} INFO - [2021-02-08 04:37:37,062] {dag.py:1818} INFO - Sync 1 DAGs
[2021-02-08 04:37:37,091] {logging_mixin.py:104} INFO - [2021-02-08 04:37:37,091] {dag.py:2273} INFO - Setting next_dagrun for example_nested_branch_dag to 2021-02-06 00:00:00+00:00
[2021-02-08 04:37:37,104] {scheduler_job.py:189} INFO - Processing /home/airflow/.local/lib/python3.8/site-packages/airflow/example_dags/example_nested_branch_dag.py took 0.104 seconds
[2021-02-08 04:38:07,226] {scheduler_job.py:181} INFO - Started process (PID=2322) to work on /home/airflow/.local/lib/python3.8/site-packages/airflow/example_dags/example_nested_branch_dag.py
[2021-02-08 04:38:07,231] {scheduler_job.py:627} INFO - Processing file /home/airflow/.local/lib/python3.8/site-packages/airflow/example_dags/example_nested_branch_dag.py for tasks to queue
[2021-02-08 04:38:07,233] {logging_mixin.py:104} INFO - [2021-02-08 04:38:07,232] {dagbag.py:449} INFO - Filling up the DagBag from /home/airflow/.local/lib/python3.8/site-packages/airflow/example_dags/example_nested_branch_dag.py
[2021-02-08 04:38:07,272] {scheduler_job.py:637} INFO - DAG(s) dict_keys(['example_nested_branch_dag']) retrieved from /home/airflow/.local/lib/python3.8/site-packages/airflow/example_dags/example_nested_branch_dag.py
[2021-02-08 04:38:07,312] {logging_mixin.py:104} INFO - [2021-02-08 04:38:07,312] {dag.py:1818} INFO - Sync 1 DAGs
[2021-02-08 04:38:07,344] {logging_mixin.py:104} INFO - [2021-02-08 04:38:07,343] {dag.py:2273} INFO - Setting next_dagrun for example_nested_branch_dag to 2021-02-06 00:00:00+00:00
[2021-02-08 04:38:07,359] {scheduler_job.py:189} INFO - Processing /home/airflow/.local/lib/python3.8/site-packages/airflow/example_dags/example_nested_branch_dag.py took 0.144 seconds
[2021-02-08 04:38:37,422] {scheduler_job.py:181} INFO - Started process (PID=2348) to work on /home/airflow/.local/lib/python3.8/site-packages/airflow/example_dags/example_nested_branch_dag.py
[2021-02-08 04:38:37,425] {scheduler_job.py:627} INFO - Processing file /home/airflow/.local/lib/python3.8/site-packages/airflow/example_dags/example_nested_branch_dag.py for tasks to queue
[2021-02-08 04:38:37,427] {logging_mixin.py:104} INFO - [2021-02-08 04:38:37,426] {dagbag.py:449} INFO - Filling up the DagBag from /home/airflow/.local/lib/python3.8/site-packages/airflow/example_dags/example_nested_branch_dag.py
[2021-02-08 04:38:37,446] {scheduler_job.py:637} INFO - DAG(s) dict_keys(['example_nested_branch_dag']) retrieved from /home/airflow/.local/lib/python3.8/site-packages/airflow/example_dags/example_nested_branch_dag.py
[2021-02-08 04:38:37,493] {logging_mixin.py:104} INFO - [2021-02-08 04:38:37,493] {dag.py:1818} INFO - Sync 1 DAGs
[2021-02-08 04:38:37,519] {logging_mixin.py:104} INFO - [2021-02-08 04:38:37,519] {dag.py:2273} INFO - Setting next_dagrun for example_nested_branch_dag to 2021-02-06 00:00:00+00:00
[2021-02-08 04:38:37,532] {scheduler_job.py:189} INFO - Processing /home/airflow/.local/lib/python3.8/site-packages/airflow/example_dags/example_nested_branch_dag.py took 0.117 seconds
[2021-02-08 04:39:07,587] {scheduler_job.py:181} INFO - Started process (PID=2374) to work on /home/airflow/.local/lib/python3.8/site-packages/airflow/example_dags/example_nested_branch_dag.py
[2021-02-08 04:39:07,589] {scheduler_job.py:627} INFO - Processing file /home/airflow/.local/lib/python3.8/site-packages/airflow/example_dags/example_nested_branch_dag.py for tasks to queue
[2021-02-08 04:39:07,591] {logging_mixin.py:104} INFO - [2021-02-08 04:39:07,591] {dagbag.py:449} INFO - Filling up the DagBag from /home/airflow/.local/lib/python3.8/site-packages/airflow/example_dags/example_nested_branch_dag.py
[2021-02-08 04:39:07,610] {scheduler_job.py:637} INFO - DAG(s) dict_keys(['example_nested_branch_dag']) retrieved from /home/airflow/.local/lib/python3.8/site-packages/airflow/example_dags/example_nested_branch_dag.py
[2021-02-08 04:39:07,640] {logging_mixin.py:104} INFO - [2021-02-08 04:39:07,640] {dag.py:1818} INFO - Sync 1 DAGs
[2021-02-08 04:39:07,664] {logging_mixin.py:104} INFO - [2021-02-08 04:39:07,663] {dag.py:2273} INFO - Setting next_dagrun for example_nested_branch_dag to 2021-02-06 00:00:00+00:00
[2021-02-08 04:39:07,679] {scheduler_job.py:189} INFO - Processing /home/airflow/.local/lib/python3.8/site-packages/airflow/example_dags/example_nested_branch_dag.py took 0.098 seconds
[2021-02-08 04:39:37,967] {scheduler_job.py:181} INFO - Started process (PID=2400) to work on /home/airflow/.local/lib/python3.8/site-packages/airflow/example_dags/example_nested_branch_dag.py
[2021-02-08 04:39:37,970] {scheduler_job.py:627} INFO - Processing file /home/airflow/.local/lib/python3.8/site-packages/airflow/example_dags/example_nested_branch_dag.py for tasks to queue
[2021-02-08 04:39:37,972] {logging_mixin.py:104} INFO - [2021-02-08 04:39:37,972] {dagbag.py:449} INFO - Filling up the DagBag from /home/airflow/.local/lib/python3.8/site-packages/airflow/example_dags/example_nested_branch_dag.py
[2021-02-08 04:39:37,989] {scheduler_job.py:637} INFO - DAG(s) dict_keys(['example_nested_branch_dag']) retrieved from /home/airflow/.local/lib/python3.8/site-packages/airflow/example_dags/example_nested_branch_dag.py
[2021-02-08 04:39:38,025] {logging_mixin.py:104} INFO - [2021-02-08 04:39:38,025] {dag.py:1818} INFO - Sync 1 DAGs
[2021-02-08 04:39:38,058] {logging_mixin.py:104} INFO - [2021-02-08 04:39:38,057] {dag.py:2273} INFO - Setting next_dagrun for example_nested_branch_dag to 2021-02-06 00:00:00+00:00
[2021-02-08 04:39:38,068] {scheduler_job.py:189} INFO - Processing /home/airflow/.local/lib/python3.8/site-packages/airflow/example_dags/example_nested_branch_dag.py took 0.106 seconds
[2021-02-08 04:40:08,860] {scheduler_job.py:181} INFO - Started process (PID=2426) to work on /home/airflow/.local/lib/python3.8/site-packages/airflow/example_dags/example_nested_branch_dag.py
[2021-02-08 04:40:08,862] {scheduler_job.py:627} INFO - Processing file /home/airflow/.local/lib/python3.8/site-packages/airflow/example_dags/example_nested_branch_dag.py for tasks to queue
[2021-02-08 04:40:08,865] {logging_mixin.py:104} INFO - [2021-02-08 04:40:08,865] {dagbag.py:449} INFO - Filling up the DagBag from /home/airflow/.local/lib/python3.8/site-packages/airflow/example_dags/example_nested_branch_dag.py
[2021-02-08 04:40:08,886] {scheduler_job.py:637} INFO - DAG(s) dict_keys(['example_nested_branch_dag']) retrieved from /home/airflow/.local/lib/python3.8/site-packages/airflow/example_dags/example_nested_branch_dag.py
[2021-02-08 04:40:08,940] {logging_mixin.py:104} INFO - [2021-02-08 04:40:08,940] {dag.py:1818} INFO - Sync 1 DAGs
[2021-02-08 04:40:08,982] {logging_mixin.py:104} INFO - [2021-02-08 04:40:08,981] {dag.py:2273} INFO - Setting next_dagrun for example_nested_branch_dag to 2021-02-06 00:00:00+00:00
[2021-02-08 04:40:08,996] {scheduler_job.py:189} INFO - Processing /home/airflow/.local/lib/python3.8/site-packages/airflow/example_dags/example_nested_branch_dag.py took 0.142 seconds
[2021-02-08 04:40:39,466] {scheduler_job.py:181} INFO - Started process (PID=2452) to work on /home/airflow/.local/lib/python3.8/site-packages/airflow/example_dags/example_nested_branch_dag.py
[2021-02-08 04:40:39,468] {scheduler_job.py:627} INFO - Processing file /home/airflow/.local/lib/python3.8/site-packages/airflow/example_dags/example_nested_branch_dag.py for tasks to queue
[2021-02-08 04:40:39,470] {logging_mixin.py:104} INFO - [2021-02-08 04:40:39,470] {dagbag.py:449} INFO - Filling up the DagBag from /home/airflow/.local/lib/python3.8/site-packages/airflow/example_dags/example_nested_branch_dag.py
[2021-02-08 04:40:39,488] {scheduler_job.py:637} INFO - DAG(s) dict_keys(['example_nested_branch_dag']) retrieved from /home/airflow/.local/lib/python3.8/site-packages/airflow/example_dags/example_nested_branch_dag.py
[2021-02-08 04:40:39,540] {logging_mixin.py:104} INFO - [2021-02-08 04:40:39,539] {dag.py:1818} INFO - Sync 1 DAGs
[2021-02-08 04:40:39,600] {logging_mixin.py:104} INFO - [2021-02-08 04:40:39,600] {dag.py:2273} INFO - Setting next_dagrun for example_nested_branch_dag to 2021-02-06 00:00:00+00:00
[2021-02-08 04:40:39,644] {scheduler_job.py:189} INFO - Processing /home/airflow/.local/lib/python3.8/site-packages/airflow/example_dags/example_nested_branch_dag.py took 0.188 seconds
[2021-02-08 04:41:10,520] {scheduler_job.py:181} INFO - Started process (PID=2478) to work on /home/airflow/.local/lib/python3.8/site-packages/airflow/example_dags/example_nested_branch_dag.py
[2021-02-08 04:41:10,523] {scheduler_job.py:627} INFO - Processing file /home/airflow/.local/lib/python3.8/site-packages/airflow/example_dags/example_nested_branch_dag.py for tasks to queue
[2021-02-08 04:41:10,525] {logging_mixin.py:104} INFO - [2021-02-08 04:41:10,525] {dagbag.py:449} INFO - Filling up the DagBag from /home/airflow/.local/lib/python3.8/site-packages/airflow/example_dags/example_nested_branch_dag.py
[2021-02-08 04:41:10,557] {scheduler_job.py:637} INFO - DAG(s) dict_keys(['example_nested_branch_dag']) retrieved from /home/airflow/.local/lib/python3.8/site-packages/airflow/example_dags/example_nested_branch_dag.py
[2021-02-08 04:41:10,629] {logging_mixin.py:104} INFO - [2021-02-08 04:41:10,628] {dag.py:1818} INFO - Sync 1 DAGs
[2021-02-08 04:41:10,673] {logging_mixin.py:104} INFO - [2021-02-08 04:41:10,672] {dag.py:2273} INFO - Setting next_dagrun for example_nested_branch_dag to 2021-02-06 00:00:00+00:00
[2021-02-08 04:41:10,693] {scheduler_job.py:189} INFO - Processing /home/airflow/.local/lib/python3.8/site-packages/airflow/example_dags/example_nested_branch_dag.py took 0.182 seconds
[2021-02-08 04:41:41,476] {scheduler_job.py:181} INFO - Started process (PID=2504) to work on /home/airflow/.local/lib/python3.8/site-packages/airflow/example_dags/example_nested_branch_dag.py
[2021-02-08 04:41:41,482] {scheduler_job.py:627} INFO - Processing file /home/airflow/.local/lib/python3.8/site-packages/airflow/example_dags/example_nested_branch_dag.py for tasks to queue
[2021-02-08 04:41:41,486] {logging_mixin.py:104} INFO - [2021-02-08 04:41:41,485] {dagbag.py:449} INFO - Filling up the DagBag from /home/airflow/.local/lib/python3.8/site-packages/airflow/example_dags/example_nested_branch_dag.py
[2021-02-08 04:41:41,514] {scheduler_job.py:637} INFO - DAG(s) dict_keys(['example_nested_branch_dag']) retrieved from /home/airflow/.local/lib/python3.8/site-packages/airflow/example_dags/example_nested_branch_dag.py
[2021-02-08 04:41:41,546] {logging_mixin.py:104} INFO - [2021-02-08 04:41:41,546] {dag.py:1818} INFO - Sync 1 DAGs
[2021-02-08 04:41:41,569] {logging_mixin.py:104} INFO - [2021-02-08 04:41:41,568] {dag.py:2273} INFO - Setting next_dagrun for example_nested_branch_dag to 2021-02-06 00:00:00+00:00
[2021-02-08 04:41:41,579] {scheduler_job.py:189} INFO - Processing /home/airflow/.local/lib/python3.8/site-packages/airflow/example_dags/example_nested_branch_dag.py took 0.110 seconds
[2021-02-08 04:42:11,737] {scheduler_job.py:181} INFO - Started process (PID=2530) to work on /home/airflow/.local/lib/python3.8/site-packages/airflow/example_dags/example_nested_branch_dag.py
[2021-02-08 04:42:11,739] {scheduler_job.py:627} INFO - Processing file /home/airflow/.local/lib/python3.8/site-packages/airflow/example_dags/example_nested_branch_dag.py for tasks to queue
[2021-02-08 04:42:11,741] {logging_mixin.py:104} INFO - [2021-02-08 04:42:11,740] {dagbag.py:449} INFO - Filling up the DagBag from /home/airflow/.local/lib/python3.8/site-packages/airflow/example_dags/example_nested_branch_dag.py
[2021-02-08 04:42:11,758] {scheduler_job.py:637} INFO - DAG(s) dict_keys(['example_nested_branch_dag']) retrieved from /home/airflow/.local/lib/python3.8/site-packages/airflow/example_dags/example_nested_branch_dag.py
[2021-02-08 04:42:11,786] {logging_mixin.py:104} INFO - [2021-02-08 04:42:11,786] {dag.py:1818} INFO - Sync 1 DAGs
[2021-02-08 04:42:11,809] {logging_mixin.py:104} INFO - [2021-02-08 04:42:11,809] {dag.py:2273} INFO - Setting next_dagrun for example_nested_branch_dag to 2021-02-06 00:00:00+00:00
[2021-02-08 04:42:11,827] {scheduler_job.py:189} INFO - Processing /home/airflow/.local/lib/python3.8/site-packages/airflow/example_dags/example_nested_branch_dag.py took 0.094 seconds
[2021-02-08 04:42:42,667] {scheduler_job.py:181} INFO - Started process (PID=2556) to work on /home/airflow/.local/lib/python3.8/site-packages/airflow/example_dags/example_nested_branch_dag.py
[2021-02-08 04:42:42,671] {scheduler_job.py:627} INFO - Processing file /home/airflow/.local/lib/python3.8/site-packages/airflow/example_dags/example_nested_branch_dag.py for tasks to queue
[2021-02-08 04:42:42,672] {logging_mixin.py:104} INFO - [2021-02-08 04:42:42,672] {dagbag.py:449} INFO - Filling up the DagBag from /home/airflow/.local/lib/python3.8/site-packages/airflow/example_dags/example_nested_branch_dag.py
[2021-02-08 04:42:42,691] {scheduler_job.py:637} INFO - DAG(s) dict_keys(['example_nested_branch_dag']) retrieved from /home/airflow/.local/lib/python3.8/site-packages/airflow/example_dags/example_nested_branch_dag.py
[2021-02-08 04:42:42,724] {logging_mixin.py:104} INFO - [2021-02-08 04:42:42,724] {dag.py:1818} INFO - Sync 1 DAGs
[2021-02-08 04:42:42,751] {logging_mixin.py:104} INFO - [2021-02-08 04:42:42,751] {dag.py:2273} INFO - Setting next_dagrun for example_nested_branch_dag to 2021-02-06 00:00:00+00:00
[2021-02-08 04:42:42,765] {scheduler_job.py:189} INFO - Processing /home/airflow/.local/lib/python3.8/site-packages/airflow/example_dags/example_nested_branch_dag.py took 0.104 seconds
[2021-02-08 04:43:13,155] {scheduler_job.py:181} INFO - Started process (PID=2582) to work on /home/airflow/.local/lib/python3.8/site-packages/airflow/example_dags/example_nested_branch_dag.py
[2021-02-08 04:43:13,163] {scheduler_job.py:627} INFO - Processing file /home/airflow/.local/lib/python3.8/site-packages/airflow/example_dags/example_nested_branch_dag.py for tasks to queue
[2021-02-08 04:43:13,165] {logging_mixin.py:104} INFO - [2021-02-08 04:43:13,165] {dagbag.py:449} INFO - Filling up the DagBag from /home/airflow/.local/lib/python3.8/site-packages/airflow/example_dags/example_nested_branch_dag.py
[2021-02-08 04:43:13,183] {scheduler_job.py:637} INFO - DAG(s) dict_keys(['example_nested_branch_dag']) retrieved from /home/airflow/.local/lib/python3.8/site-packages/airflow/example_dags/example_nested_branch_dag.py
[2021-02-08 04:43:13,217] {logging_mixin.py:104} INFO - [2021-02-08 04:43:13,217] {dag.py:1818} INFO - Sync 1 DAGs
[2021-02-08 04:43:13,247] {logging_mixin.py:104} INFO - [2021-02-08 04:43:13,247] {dag.py:2273} INFO - Setting next_dagrun for example_nested_branch_dag to 2021-02-06 00:00:00+00:00
[2021-02-08 04:43:13,265] {scheduler_job.py:189} INFO - Processing /home/airflow/.local/lib/python3.8/site-packages/airflow/example_dags/example_nested_branch_dag.py took 0.116 seconds
[2021-02-08 04:43:44,295] {scheduler_job.py:181} INFO - Started process (PID=2608) to work on /home/airflow/.local/lib/python3.8/site-packages/airflow/example_dags/example_nested_branch_dag.py
[2021-02-08 04:43:44,300] {scheduler_job.py:627} INFO - Processing file /home/airflow/.local/lib/python3.8/site-packages/airflow/example_dags/example_nested_branch_dag.py for tasks to queue
[2021-02-08 04:43:44,306] {logging_mixin.py:104} INFO - [2021-02-08 04:43:44,306] {dagbag.py:449} INFO - Filling up the DagBag from /home/airflow/.local/lib/python3.8/site-packages/airflow/example_dags/example_nested_branch_dag.py
[2021-02-08 04:43:44,367] {scheduler_job.py:637} INFO - DAG(s) dict_keys(['example_nested_branch_dag']) retrieved from /home/airflow/.local/lib/python3.8/site-packages/airflow/example_dags/example_nested_branch_dag.py
[2021-02-08 04:43:44,436] {logging_mixin.py:104} INFO - [2021-02-08 04:43:44,435] {dag.py:1818} INFO - Sync 1 DAGs
[2021-02-08 04:43:44,600] {logging_mixin.py:104} INFO - [2021-02-08 04:43:44,599] {dag.py:2273} INFO - Setting next_dagrun for example_nested_branch_dag to 2021-02-06 00:00:00+00:00
[2021-02-08 04:43:44,675] {scheduler_job.py:189} INFO - Processing /home/airflow/.local/lib/python3.8/site-packages/airflow/example_dags/example_nested_branch_dag.py took 0.397 seconds
