[2021-02-08 01:26:29,827] {scheduler_job.py:181} INFO - Started process (PID=1623) to work on /home/airflow/.local/lib/python3.8/site-packages/airflow/example_dags/example_branch_python_dop_operator_3.py
[2021-02-08 01:26:29,835] {scheduler_job.py:627} INFO - Processing file /home/airflow/.local/lib/python3.8/site-packages/airflow/example_dags/example_branch_python_dop_operator_3.py for tasks to queue
[2021-02-08 01:26:29,842] {logging_mixin.py:104} INFO - [2021-02-08 01:26:29,841] {dagbag.py:449} INFO - Filling up the DagBag from /home/airflow/.local/lib/python3.8/site-packages/airflow/example_dags/example_branch_python_dop_operator_3.py
[2021-02-08 01:26:29,876] {scheduler_job.py:637} INFO - DAG(s) dict_keys(['example_branch_dop_operator_v3']) retrieved from /home/airflow/.local/lib/python3.8/site-packages/airflow/example_dags/example_branch_python_dop_operator_3.py
[2021-02-08 01:26:29,975] {logging_mixin.py:104} INFO - [2021-02-08 01:26:29,975] {dag.py:1818} INFO - Sync 1 DAGs
[2021-02-08 01:26:30,090] {logging_mixin.py:104} INFO - [2021-02-08 01:26:30,089] {dag.py:2273} INFO - Setting next_dagrun for example_branch_dop_operator_v3 to 2021-02-06 00:00:00+00:00
[2021-02-08 01:26:30,114] {scheduler_job.py:189} INFO - Processing /home/airflow/.local/lib/python3.8/site-packages/airflow/example_dags/example_branch_python_dop_operator_3.py took 0.294 seconds
[2021-02-08 03:26:48,214] {scheduler_job.py:181} INFO - Started process (PID=1649) to work on /home/airflow/.local/lib/python3.8/site-packages/airflow/example_dags/example_branch_python_dop_operator_3.py
[2021-02-08 03:26:48,217] {scheduler_job.py:627} INFO - Processing file /home/airflow/.local/lib/python3.8/site-packages/airflow/example_dags/example_branch_python_dop_operator_3.py for tasks to queue
[2021-02-08 03:26:48,219] {logging_mixin.py:104} INFO - [2021-02-08 03:26:48,218] {dagbag.py:449} INFO - Filling up the DagBag from /home/airflow/.local/lib/python3.8/site-packages/airflow/example_dags/example_branch_python_dop_operator_3.py
[2021-02-08 03:26:48,243] {scheduler_job.py:637} INFO - DAG(s) dict_keys(['example_branch_dop_operator_v3']) retrieved from /home/airflow/.local/lib/python3.8/site-packages/airflow/example_dags/example_branch_python_dop_operator_3.py
[2021-02-08 03:26:48,276] {logging_mixin.py:104} INFO - [2021-02-08 03:26:48,275] {dag.py:1818} INFO - Sync 1 DAGs
[2021-02-08 03:26:48,330] {logging_mixin.py:104} INFO - [2021-02-08 03:26:48,330] {dag.py:2273} INFO - Setting next_dagrun for example_branch_dop_operator_v3 to 2021-02-06 00:00:00+00:00
[2021-02-08 03:26:48,347] {scheduler_job.py:189} INFO - Processing /home/airflow/.local/lib/python3.8/site-packages/airflow/example_dags/example_branch_python_dop_operator_3.py took 0.138 seconds
[2021-02-08 04:25:23,107] {scheduler_job.py:181} INFO - Started process (PID=1675) to work on /home/airflow/.local/lib/python3.8/site-packages/airflow/example_dags/example_branch_python_dop_operator_3.py
[2021-02-08 04:25:23,123] {scheduler_job.py:627} INFO - Processing file /home/airflow/.local/lib/python3.8/site-packages/airflow/example_dags/example_branch_python_dop_operator_3.py for tasks to queue
[2021-02-08 04:25:23,147] {logging_mixin.py:104} INFO - [2021-02-08 04:25:23,146] {dagbag.py:449} INFO - Filling up the DagBag from /home/airflow/.local/lib/python3.8/site-packages/airflow/example_dags/example_branch_python_dop_operator_3.py
[2021-02-08 04:25:23,193] {scheduler_job.py:637} INFO - DAG(s) dict_keys(['example_branch_dop_operator_v3']) retrieved from /home/airflow/.local/lib/python3.8/site-packages/airflow/example_dags/example_branch_python_dop_operator_3.py
[2021-02-08 04:25:23,305] {logging_mixin.py:104} INFO - [2021-02-08 04:25:23,305] {dag.py:1818} INFO - Sync 1 DAGs
[2021-02-08 04:25:23,402] {logging_mixin.py:104} INFO - [2021-02-08 04:25:23,401] {dag.py:2273} INFO - Setting next_dagrun for example_branch_dop_operator_v3 to 2021-02-06 00:00:00+00:00
[2021-02-08 04:25:23,453] {scheduler_job.py:189} INFO - Processing /home/airflow/.local/lib/python3.8/site-packages/airflow/example_dags/example_branch_python_dop_operator_3.py took 0.355 seconds
[2021-02-08 04:25:53,812] {scheduler_job.py:181} INFO - Started process (PID=1700) to work on /home/airflow/.local/lib/python3.8/site-packages/airflow/example_dags/example_branch_python_dop_operator_3.py
[2021-02-08 04:25:53,814] {scheduler_job.py:627} INFO - Processing file /home/airflow/.local/lib/python3.8/site-packages/airflow/example_dags/example_branch_python_dop_operator_3.py for tasks to queue
[2021-02-08 04:25:53,818] {logging_mixin.py:104} INFO - [2021-02-08 04:25:53,817] {dagbag.py:449} INFO - Filling up the DagBag from /home/airflow/.local/lib/python3.8/site-packages/airflow/example_dags/example_branch_python_dop_operator_3.py
[2021-02-08 04:25:53,836] {scheduler_job.py:637} INFO - DAG(s) dict_keys(['example_branch_dop_operator_v3']) retrieved from /home/airflow/.local/lib/python3.8/site-packages/airflow/example_dags/example_branch_python_dop_operator_3.py
[2021-02-08 04:25:53,877] {logging_mixin.py:104} INFO - [2021-02-08 04:25:53,877] {dag.py:1818} INFO - Sync 1 DAGs
[2021-02-08 04:25:53,924] {logging_mixin.py:104} INFO - [2021-02-08 04:25:53,923] {dag.py:2273} INFO - Setting next_dagrun for example_branch_dop_operator_v3 to 2021-02-06 00:00:00+00:00
[2021-02-08 04:25:53,944] {scheduler_job.py:189} INFO - Processing /home/airflow/.local/lib/python3.8/site-packages/airflow/example_dags/example_branch_python_dop_operator_3.py took 0.137 seconds
[2021-02-08 04:26:24,237] {scheduler_job.py:181} INFO - Started process (PID=1727) to work on /home/airflow/.local/lib/python3.8/site-packages/airflow/example_dags/example_branch_python_dop_operator_3.py
[2021-02-08 04:26:24,240] {scheduler_job.py:627} INFO - Processing file /home/airflow/.local/lib/python3.8/site-packages/airflow/example_dags/example_branch_python_dop_operator_3.py for tasks to queue
[2021-02-08 04:26:24,242] {logging_mixin.py:104} INFO - [2021-02-08 04:26:24,241] {dagbag.py:449} INFO - Filling up the DagBag from /home/airflow/.local/lib/python3.8/site-packages/airflow/example_dags/example_branch_python_dop_operator_3.py
[2021-02-08 04:26:24,261] {scheduler_job.py:637} INFO - DAG(s) dict_keys(['example_branch_dop_operator_v3']) retrieved from /home/airflow/.local/lib/python3.8/site-packages/airflow/example_dags/example_branch_python_dop_operator_3.py
[2021-02-08 04:26:24,297] {logging_mixin.py:104} INFO - [2021-02-08 04:26:24,296] {dag.py:1818} INFO - Sync 1 DAGs
[2021-02-08 04:26:24,375] {logging_mixin.py:104} INFO - [2021-02-08 04:26:24,375] {dag.py:2273} INFO - Setting next_dagrun for example_branch_dop_operator_v3 to 2021-02-06 00:00:00+00:00
[2021-02-08 04:26:24,397] {scheduler_job.py:189} INFO - Processing /home/airflow/.local/lib/python3.8/site-packages/airflow/example_dags/example_branch_python_dop_operator_3.py took 0.166 seconds
[2021-02-08 04:26:54,863] {scheduler_job.py:181} INFO - Started process (PID=1753) to work on /home/airflow/.local/lib/python3.8/site-packages/airflow/example_dags/example_branch_python_dop_operator_3.py
[2021-02-08 04:26:54,867] {scheduler_job.py:627} INFO - Processing file /home/airflow/.local/lib/python3.8/site-packages/airflow/example_dags/example_branch_python_dop_operator_3.py for tasks to queue
[2021-02-08 04:26:54,869] {logging_mixin.py:104} INFO - [2021-02-08 04:26:54,869] {dagbag.py:449} INFO - Filling up the DagBag from /home/airflow/.local/lib/python3.8/site-packages/airflow/example_dags/example_branch_python_dop_operator_3.py
[2021-02-08 04:26:54,899] {scheduler_job.py:637} INFO - DAG(s) dict_keys(['example_branch_dop_operator_v3']) retrieved from /home/airflow/.local/lib/python3.8/site-packages/airflow/example_dags/example_branch_python_dop_operator_3.py
[2021-02-08 04:26:54,952] {logging_mixin.py:104} INFO - [2021-02-08 04:26:54,952] {dag.py:1818} INFO - Sync 1 DAGs
[2021-02-08 04:26:54,993] {logging_mixin.py:104} INFO - [2021-02-08 04:26:54,993] {dag.py:2273} INFO - Setting next_dagrun for example_branch_dop_operator_v3 to 2021-02-06 00:00:00+00:00
[2021-02-08 04:26:55,007] {scheduler_job.py:189} INFO - Processing /home/airflow/.local/lib/python3.8/site-packages/airflow/example_dags/example_branch_python_dop_operator_3.py took 0.152 seconds
[2021-02-08 04:27:25,591] {scheduler_job.py:181} INFO - Started process (PID=1779) to work on /home/airflow/.local/lib/python3.8/site-packages/airflow/example_dags/example_branch_python_dop_operator_3.py
[2021-02-08 04:27:25,594] {scheduler_job.py:627} INFO - Processing file /home/airflow/.local/lib/python3.8/site-packages/airflow/example_dags/example_branch_python_dop_operator_3.py for tasks to queue
[2021-02-08 04:27:25,596] {logging_mixin.py:104} INFO - [2021-02-08 04:27:25,596] {dagbag.py:449} INFO - Filling up the DagBag from /home/airflow/.local/lib/python3.8/site-packages/airflow/example_dags/example_branch_python_dop_operator_3.py
[2021-02-08 04:27:25,610] {scheduler_job.py:637} INFO - DAG(s) dict_keys(['example_branch_dop_operator_v3']) retrieved from /home/airflow/.local/lib/python3.8/site-packages/airflow/example_dags/example_branch_python_dop_operator_3.py
[2021-02-08 04:27:25,639] {logging_mixin.py:104} INFO - [2021-02-08 04:27:25,638] {dag.py:1818} INFO - Sync 1 DAGs
[2021-02-08 04:27:25,672] {logging_mixin.py:104} INFO - [2021-02-08 04:27:25,672] {dag.py:2273} INFO - Setting next_dagrun for example_branch_dop_operator_v3 to 2021-02-06 00:00:00+00:00
[2021-02-08 04:27:25,685] {scheduler_job.py:189} INFO - Processing /home/airflow/.local/lib/python3.8/site-packages/airflow/example_dags/example_branch_python_dop_operator_3.py took 0.097 seconds
[2021-02-08 04:27:56,387] {scheduler_job.py:181} INFO - Started process (PID=1805) to work on /home/airflow/.local/lib/python3.8/site-packages/airflow/example_dags/example_branch_python_dop_operator_3.py
[2021-02-08 04:27:56,390] {scheduler_job.py:627} INFO - Processing file /home/airflow/.local/lib/python3.8/site-packages/airflow/example_dags/example_branch_python_dop_operator_3.py for tasks to queue
[2021-02-08 04:27:56,392] {logging_mixin.py:104} INFO - [2021-02-08 04:27:56,391] {dagbag.py:449} INFO - Filling up the DagBag from /home/airflow/.local/lib/python3.8/site-packages/airflow/example_dags/example_branch_python_dop_operator_3.py
[2021-02-08 04:27:56,407] {scheduler_job.py:637} INFO - DAG(s) dict_keys(['example_branch_dop_operator_v3']) retrieved from /home/airflow/.local/lib/python3.8/site-packages/airflow/example_dags/example_branch_python_dop_operator_3.py
[2021-02-08 04:27:56,449] {logging_mixin.py:104} INFO - [2021-02-08 04:27:56,448] {dag.py:1818} INFO - Sync 1 DAGs
[2021-02-08 04:27:56,489] {logging_mixin.py:104} INFO - [2021-02-08 04:27:56,488] {dag.py:2273} INFO - Setting next_dagrun for example_branch_dop_operator_v3 to 2021-02-06 00:00:00+00:00
[2021-02-08 04:27:56,503] {scheduler_job.py:189} INFO - Processing /home/airflow/.local/lib/python3.8/site-packages/airflow/example_dags/example_branch_python_dop_operator_3.py took 0.119 seconds
[2021-02-08 04:28:26,666] {scheduler_job.py:181} INFO - Started process (PID=1829) to work on /home/airflow/.local/lib/python3.8/site-packages/airflow/example_dags/example_branch_python_dop_operator_3.py
[2021-02-08 04:28:26,668] {scheduler_job.py:627} INFO - Processing file /home/airflow/.local/lib/python3.8/site-packages/airflow/example_dags/example_branch_python_dop_operator_3.py for tasks to queue
[2021-02-08 04:28:26,670] {logging_mixin.py:104} INFO - [2021-02-08 04:28:26,670] {dagbag.py:449} INFO - Filling up the DagBag from /home/airflow/.local/lib/python3.8/site-packages/airflow/example_dags/example_branch_python_dop_operator_3.py
[2021-02-08 04:28:26,684] {scheduler_job.py:637} INFO - DAG(s) dict_keys(['example_branch_dop_operator_v3']) retrieved from /home/airflow/.local/lib/python3.8/site-packages/airflow/example_dags/example_branch_python_dop_operator_3.py
[2021-02-08 04:28:26,710] {logging_mixin.py:104} INFO - [2021-02-08 04:28:26,710] {dag.py:1818} INFO - Sync 1 DAGs
[2021-02-08 04:28:26,742] {logging_mixin.py:104} INFO - [2021-02-08 04:28:26,741] {dag.py:2273} INFO - Setting next_dagrun for example_branch_dop_operator_v3 to 2021-02-06 00:00:00+00:00
[2021-02-08 04:28:26,754] {scheduler_job.py:189} INFO - Processing /home/airflow/.local/lib/python3.8/site-packages/airflow/example_dags/example_branch_python_dop_operator_3.py took 0.092 seconds
[2021-02-08 04:28:57,090] {scheduler_job.py:181} INFO - Started process (PID=1855) to work on /home/airflow/.local/lib/python3.8/site-packages/airflow/example_dags/example_branch_python_dop_operator_3.py
[2021-02-08 04:28:57,092] {scheduler_job.py:627} INFO - Processing file /home/airflow/.local/lib/python3.8/site-packages/airflow/example_dags/example_branch_python_dop_operator_3.py for tasks to queue
[2021-02-08 04:28:57,094] {logging_mixin.py:104} INFO - [2021-02-08 04:28:57,094] {dagbag.py:449} INFO - Filling up the DagBag from /home/airflow/.local/lib/python3.8/site-packages/airflow/example_dags/example_branch_python_dop_operator_3.py
[2021-02-08 04:28:57,117] {scheduler_job.py:637} INFO - DAG(s) dict_keys(['example_branch_dop_operator_v3']) retrieved from /home/airflow/.local/lib/python3.8/site-packages/airflow/example_dags/example_branch_python_dop_operator_3.py
[2021-02-08 04:28:57,151] {logging_mixin.py:104} INFO - [2021-02-08 04:28:57,151] {dag.py:1818} INFO - Sync 1 DAGs
[2021-02-08 04:28:57,188] {logging_mixin.py:104} INFO - [2021-02-08 04:28:57,188] {dag.py:2273} INFO - Setting next_dagrun for example_branch_dop_operator_v3 to 2021-02-06 00:00:00+00:00
[2021-02-08 04:28:57,201] {scheduler_job.py:189} INFO - Processing /home/airflow/.local/lib/python3.8/site-packages/airflow/example_dags/example_branch_python_dop_operator_3.py took 0.116 seconds
[2021-02-08 04:29:27,846] {scheduler_job.py:181} INFO - Started process (PID=1883) to work on /home/airflow/.local/lib/python3.8/site-packages/airflow/example_dags/example_branch_python_dop_operator_3.py
[2021-02-08 04:29:27,848] {scheduler_job.py:627} INFO - Processing file /home/airflow/.local/lib/python3.8/site-packages/airflow/example_dags/example_branch_python_dop_operator_3.py for tasks to queue
[2021-02-08 04:29:27,850] {logging_mixin.py:104} INFO - [2021-02-08 04:29:27,849] {dagbag.py:449} INFO - Filling up the DagBag from /home/airflow/.local/lib/python3.8/site-packages/airflow/example_dags/example_branch_python_dop_operator_3.py
[2021-02-08 04:29:27,868] {scheduler_job.py:637} INFO - DAG(s) dict_keys(['example_branch_dop_operator_v3']) retrieved from /home/airflow/.local/lib/python3.8/site-packages/airflow/example_dags/example_branch_python_dop_operator_3.py
[2021-02-08 04:29:27,903] {logging_mixin.py:104} INFO - [2021-02-08 04:29:27,903] {dag.py:1818} INFO - Sync 1 DAGs
[2021-02-08 04:29:27,949] {logging_mixin.py:104} INFO - [2021-02-08 04:29:27,949] {dag.py:2273} INFO - Setting next_dagrun for example_branch_dop_operator_v3 to 2021-02-06 00:00:00+00:00
[2021-02-08 04:29:27,965] {scheduler_job.py:189} INFO - Processing /home/airflow/.local/lib/python3.8/site-packages/airflow/example_dags/example_branch_python_dop_operator_3.py took 0.125 seconds
[2021-02-08 04:29:58,581] {scheduler_job.py:181} INFO - Started process (PID=1909) to work on /home/airflow/.local/lib/python3.8/site-packages/airflow/example_dags/example_branch_python_dop_operator_3.py
[2021-02-08 04:29:58,584] {scheduler_job.py:627} INFO - Processing file /home/airflow/.local/lib/python3.8/site-packages/airflow/example_dags/example_branch_python_dop_operator_3.py for tasks to queue
[2021-02-08 04:29:58,586] {logging_mixin.py:104} INFO - [2021-02-08 04:29:58,586] {dagbag.py:449} INFO - Filling up the DagBag from /home/airflow/.local/lib/python3.8/site-packages/airflow/example_dags/example_branch_python_dop_operator_3.py
[2021-02-08 04:29:58,604] {scheduler_job.py:637} INFO - DAG(s) dict_keys(['example_branch_dop_operator_v3']) retrieved from /home/airflow/.local/lib/python3.8/site-packages/airflow/example_dags/example_branch_python_dop_operator_3.py
[2021-02-08 04:29:58,636] {logging_mixin.py:104} INFO - [2021-02-08 04:29:58,636] {dag.py:1818} INFO - Sync 1 DAGs
[2021-02-08 04:29:58,689] {logging_mixin.py:104} INFO - [2021-02-08 04:29:58,688] {dag.py:2273} INFO - Setting next_dagrun for example_branch_dop_operator_v3 to 2021-02-06 00:00:00+00:00
[2021-02-08 04:29:58,708] {scheduler_job.py:189} INFO - Processing /home/airflow/.local/lib/python3.8/site-packages/airflow/example_dags/example_branch_python_dop_operator_3.py took 0.133 seconds
[2021-02-08 04:30:29,358] {scheduler_job.py:181} INFO - Started process (PID=1935) to work on /home/airflow/.local/lib/python3.8/site-packages/airflow/example_dags/example_branch_python_dop_operator_3.py
[2021-02-08 04:30:29,361] {scheduler_job.py:627} INFO - Processing file /home/airflow/.local/lib/python3.8/site-packages/airflow/example_dags/example_branch_python_dop_operator_3.py for tasks to queue
[2021-02-08 04:30:29,363] {logging_mixin.py:104} INFO - [2021-02-08 04:30:29,363] {dagbag.py:449} INFO - Filling up the DagBag from /home/airflow/.local/lib/python3.8/site-packages/airflow/example_dags/example_branch_python_dop_operator_3.py
[2021-02-08 04:30:29,384] {scheduler_job.py:637} INFO - DAG(s) dict_keys(['example_branch_dop_operator_v3']) retrieved from /home/airflow/.local/lib/python3.8/site-packages/airflow/example_dags/example_branch_python_dop_operator_3.py
[2021-02-08 04:30:29,412] {logging_mixin.py:104} INFO - [2021-02-08 04:30:29,412] {dag.py:1818} INFO - Sync 1 DAGs
[2021-02-08 04:30:29,461] {logging_mixin.py:104} INFO - [2021-02-08 04:30:29,461] {dag.py:2273} INFO - Setting next_dagrun for example_branch_dop_operator_v3 to 2021-02-06 00:00:00+00:00
[2021-02-08 04:30:29,480] {scheduler_job.py:189} INFO - Processing /home/airflow/.local/lib/python3.8/site-packages/airflow/example_dags/example_branch_python_dop_operator_3.py took 0.127 seconds
[2021-02-08 04:31:00,058] {scheduler_job.py:181} INFO - Started process (PID=1961) to work on /home/airflow/.local/lib/python3.8/site-packages/airflow/example_dags/example_branch_python_dop_operator_3.py
[2021-02-08 04:31:00,061] {scheduler_job.py:627} INFO - Processing file /home/airflow/.local/lib/python3.8/site-packages/airflow/example_dags/example_branch_python_dop_operator_3.py for tasks to queue
[2021-02-08 04:31:00,064] {logging_mixin.py:104} INFO - [2021-02-08 04:31:00,063] {dagbag.py:449} INFO - Filling up the DagBag from /home/airflow/.local/lib/python3.8/site-packages/airflow/example_dags/example_branch_python_dop_operator_3.py
[2021-02-08 04:31:00,089] {scheduler_job.py:637} INFO - DAG(s) dict_keys(['example_branch_dop_operator_v3']) retrieved from /home/airflow/.local/lib/python3.8/site-packages/airflow/example_dags/example_branch_python_dop_operator_3.py
[2021-02-08 04:31:00,127] {logging_mixin.py:104} INFO - [2021-02-08 04:31:00,126] {dag.py:1818} INFO - Sync 1 DAGs
[2021-02-08 04:31:00,181] {logging_mixin.py:104} INFO - [2021-02-08 04:31:00,181] {dag.py:2273} INFO - Setting next_dagrun for example_branch_dop_operator_v3 to 2021-02-06 00:00:00+00:00
[2021-02-08 04:31:00,196] {scheduler_job.py:189} INFO - Processing /home/airflow/.local/lib/python3.8/site-packages/airflow/example_dags/example_branch_python_dop_operator_3.py took 0.143 seconds
[2021-02-08 04:31:30,683] {scheduler_job.py:181} INFO - Started process (PID=1987) to work on /home/airflow/.local/lib/python3.8/site-packages/airflow/example_dags/example_branch_python_dop_operator_3.py
[2021-02-08 04:31:30,685] {scheduler_job.py:627} INFO - Processing file /home/airflow/.local/lib/python3.8/site-packages/airflow/example_dags/example_branch_python_dop_operator_3.py for tasks to queue
[2021-02-08 04:31:30,687] {logging_mixin.py:104} INFO - [2021-02-08 04:31:30,687] {dagbag.py:449} INFO - Filling up the DagBag from /home/airflow/.local/lib/python3.8/site-packages/airflow/example_dags/example_branch_python_dop_operator_3.py
[2021-02-08 04:31:30,706] {scheduler_job.py:637} INFO - DAG(s) dict_keys(['example_branch_dop_operator_v3']) retrieved from /home/airflow/.local/lib/python3.8/site-packages/airflow/example_dags/example_branch_python_dop_operator_3.py
[2021-02-08 04:31:30,740] {logging_mixin.py:104} INFO - [2021-02-08 04:31:30,739] {dag.py:1818} INFO - Sync 1 DAGs
[2021-02-08 04:31:30,782] {logging_mixin.py:104} INFO - [2021-02-08 04:31:30,781] {dag.py:2273} INFO - Setting next_dagrun for example_branch_dop_operator_v3 to 2021-02-06 00:00:00+00:00
[2021-02-08 04:31:30,793] {scheduler_job.py:189} INFO - Processing /home/airflow/.local/lib/python3.8/site-packages/airflow/example_dags/example_branch_python_dop_operator_3.py took 0.114 seconds
[2021-02-08 04:32:01,018] {scheduler_job.py:181} INFO - Started process (PID=2011) to work on /home/airflow/.local/lib/python3.8/site-packages/airflow/example_dags/example_branch_python_dop_operator_3.py
[2021-02-08 04:32:01,020] {scheduler_job.py:627} INFO - Processing file /home/airflow/.local/lib/python3.8/site-packages/airflow/example_dags/example_branch_python_dop_operator_3.py for tasks to queue
[2021-02-08 04:32:01,021] {logging_mixin.py:104} INFO - [2021-02-08 04:32:01,021] {dagbag.py:449} INFO - Filling up the DagBag from /home/airflow/.local/lib/python3.8/site-packages/airflow/example_dags/example_branch_python_dop_operator_3.py
[2021-02-08 04:32:01,036] {scheduler_job.py:637} INFO - DAG(s) dict_keys(['example_branch_dop_operator_v3']) retrieved from /home/airflow/.local/lib/python3.8/site-packages/airflow/example_dags/example_branch_python_dop_operator_3.py
[2021-02-08 04:32:01,067] {logging_mixin.py:104} INFO - [2021-02-08 04:32:01,067] {dag.py:1818} INFO - Sync 1 DAGs
[2021-02-08 04:32:01,125] {logging_mixin.py:104} INFO - [2021-02-08 04:32:01,125] {dag.py:2273} INFO - Setting next_dagrun for example_branch_dop_operator_v3 to 2021-02-06 00:00:00+00:00
[2021-02-08 04:32:01,140] {scheduler_job.py:189} INFO - Processing /home/airflow/.local/lib/python3.8/site-packages/airflow/example_dags/example_branch_python_dop_operator_3.py took 0.127 seconds
[2021-02-08 04:32:31,789] {scheduler_job.py:181} INFO - Started process (PID=2039) to work on /home/airflow/.local/lib/python3.8/site-packages/airflow/example_dags/example_branch_python_dop_operator_3.py
[2021-02-08 04:32:31,792] {scheduler_job.py:627} INFO - Processing file /home/airflow/.local/lib/python3.8/site-packages/airflow/example_dags/example_branch_python_dop_operator_3.py for tasks to queue
[2021-02-08 04:32:31,794] {logging_mixin.py:104} INFO - [2021-02-08 04:32:31,794] {dagbag.py:449} INFO - Filling up the DagBag from /home/airflow/.local/lib/python3.8/site-packages/airflow/example_dags/example_branch_python_dop_operator_3.py
[2021-02-08 04:32:31,810] {scheduler_job.py:637} INFO - DAG(s) dict_keys(['example_branch_dop_operator_v3']) retrieved from /home/airflow/.local/lib/python3.8/site-packages/airflow/example_dags/example_branch_python_dop_operator_3.py
[2021-02-08 04:32:31,859] {logging_mixin.py:104} INFO - [2021-02-08 04:32:31,858] {dag.py:1818} INFO - Sync 1 DAGs
[2021-02-08 04:32:31,913] {logging_mixin.py:104} INFO - [2021-02-08 04:32:31,913] {dag.py:2273} INFO - Setting next_dagrun for example_branch_dop_operator_v3 to 2021-02-06 00:00:00+00:00
[2021-02-08 04:32:31,935] {scheduler_job.py:189} INFO - Processing /home/airflow/.local/lib/python3.8/site-packages/airflow/example_dags/example_branch_python_dop_operator_3.py took 0.151 seconds
[2021-02-08 04:33:01,987] {scheduler_job.py:181} INFO - Started process (PID=2065) to work on /home/airflow/.local/lib/python3.8/site-packages/airflow/example_dags/example_branch_python_dop_operator_3.py
[2021-02-08 04:33:01,990] {scheduler_job.py:627} INFO - Processing file /home/airflow/.local/lib/python3.8/site-packages/airflow/example_dags/example_branch_python_dop_operator_3.py for tasks to queue
[2021-02-08 04:33:01,992] {logging_mixin.py:104} INFO - [2021-02-08 04:33:01,992] {dagbag.py:449} INFO - Filling up the DagBag from /home/airflow/.local/lib/python3.8/site-packages/airflow/example_dags/example_branch_python_dop_operator_3.py
[2021-02-08 04:33:02,010] {scheduler_job.py:637} INFO - DAG(s) dict_keys(['example_branch_dop_operator_v3']) retrieved from /home/airflow/.local/lib/python3.8/site-packages/airflow/example_dags/example_branch_python_dop_operator_3.py
[2021-02-08 04:33:02,042] {logging_mixin.py:104} INFO - [2021-02-08 04:33:02,042] {dag.py:1818} INFO - Sync 1 DAGs
[2021-02-08 04:33:02,077] {logging_mixin.py:104} INFO - [2021-02-08 04:33:02,077] {dag.py:2273} INFO - Setting next_dagrun for example_branch_dop_operator_v3 to 2021-02-06 00:00:00+00:00
[2021-02-08 04:33:02,092] {scheduler_job.py:189} INFO - Processing /home/airflow/.local/lib/python3.8/site-packages/airflow/example_dags/example_branch_python_dop_operator_3.py took 0.111 seconds
[2021-02-08 04:33:32,678] {scheduler_job.py:181} INFO - Started process (PID=2091) to work on /home/airflow/.local/lib/python3.8/site-packages/airflow/example_dags/example_branch_python_dop_operator_3.py
[2021-02-08 04:33:32,686] {scheduler_job.py:627} INFO - Processing file /home/airflow/.local/lib/python3.8/site-packages/airflow/example_dags/example_branch_python_dop_operator_3.py for tasks to queue
[2021-02-08 04:33:32,694] {logging_mixin.py:104} INFO - [2021-02-08 04:33:32,693] {dagbag.py:449} INFO - Filling up the DagBag from /home/airflow/.local/lib/python3.8/site-packages/airflow/example_dags/example_branch_python_dop_operator_3.py
[2021-02-08 04:33:32,728] {scheduler_job.py:637} INFO - DAG(s) dict_keys(['example_branch_dop_operator_v3']) retrieved from /home/airflow/.local/lib/python3.8/site-packages/airflow/example_dags/example_branch_python_dop_operator_3.py
[2021-02-08 04:33:32,763] {logging_mixin.py:104} INFO - [2021-02-08 04:33:32,763] {dag.py:1818} INFO - Sync 1 DAGs
[2021-02-08 04:33:32,805] {logging_mixin.py:104} INFO - [2021-02-08 04:33:32,805] {dag.py:2273} INFO - Setting next_dagrun for example_branch_dop_operator_v3 to 2021-02-06 00:00:00+00:00
[2021-02-08 04:33:32,818] {scheduler_job.py:189} INFO - Processing /home/airflow/.local/lib/python3.8/site-packages/airflow/example_dags/example_branch_python_dop_operator_3.py took 0.154 seconds
[2021-02-08 04:34:02,952] {scheduler_job.py:181} INFO - Started process (PID=2117) to work on /home/airflow/.local/lib/python3.8/site-packages/airflow/example_dags/example_branch_python_dop_operator_3.py
[2021-02-08 04:34:02,955] {scheduler_job.py:627} INFO - Processing file /home/airflow/.local/lib/python3.8/site-packages/airflow/example_dags/example_branch_python_dop_operator_3.py for tasks to queue
[2021-02-08 04:34:02,957] {logging_mixin.py:104} INFO - [2021-02-08 04:34:02,957] {dagbag.py:449} INFO - Filling up the DagBag from /home/airflow/.local/lib/python3.8/site-packages/airflow/example_dags/example_branch_python_dop_operator_3.py
[2021-02-08 04:34:02,983] {scheduler_job.py:637} INFO - DAG(s) dict_keys(['example_branch_dop_operator_v3']) retrieved from /home/airflow/.local/lib/python3.8/site-packages/airflow/example_dags/example_branch_python_dop_operator_3.py
[2021-02-08 04:34:03,039] {logging_mixin.py:104} INFO - [2021-02-08 04:34:03,039] {dag.py:1818} INFO - Sync 1 DAGs
[2021-02-08 04:34:03,091] {logging_mixin.py:104} INFO - [2021-02-08 04:34:03,091] {dag.py:2273} INFO - Setting next_dagrun for example_branch_dop_operator_v3 to 2021-02-06 00:00:00+00:00
[2021-02-08 04:34:03,109] {scheduler_job.py:189} INFO - Processing /home/airflow/.local/lib/python3.8/site-packages/airflow/example_dags/example_branch_python_dop_operator_3.py took 0.162 seconds
[2021-02-08 04:34:34,261] {scheduler_job.py:181} INFO - Started process (PID=2143) to work on /home/airflow/.local/lib/python3.8/site-packages/airflow/example_dags/example_branch_python_dop_operator_3.py
[2021-02-08 04:34:34,266] {scheduler_job.py:627} INFO - Processing file /home/airflow/.local/lib/python3.8/site-packages/airflow/example_dags/example_branch_python_dop_operator_3.py for tasks to queue
[2021-02-08 04:34:34,276] {logging_mixin.py:104} INFO - [2021-02-08 04:34:34,275] {dagbag.py:449} INFO - Filling up the DagBag from /home/airflow/.local/lib/python3.8/site-packages/airflow/example_dags/example_branch_python_dop_operator_3.py
[2021-02-08 04:34:34,373] {scheduler_job.py:637} INFO - DAG(s) dict_keys(['example_branch_dop_operator_v3']) retrieved from /home/airflow/.local/lib/python3.8/site-packages/airflow/example_dags/example_branch_python_dop_operator_3.py
[2021-02-08 04:34:34,519] {logging_mixin.py:104} INFO - [2021-02-08 04:34:34,518] {dag.py:1818} INFO - Sync 1 DAGs
[2021-02-08 04:34:34,667] {logging_mixin.py:104} INFO - [2021-02-08 04:34:34,665] {dag.py:2273} INFO - Setting next_dagrun for example_branch_dop_operator_v3 to 2021-02-06 00:00:00+00:00
[2021-02-08 04:34:34,750] {scheduler_job.py:189} INFO - Processing /home/airflow/.local/lib/python3.8/site-packages/airflow/example_dags/example_branch_python_dop_operator_3.py took 0.500 seconds
[2021-02-08 04:35:05,021] {scheduler_job.py:181} INFO - Started process (PID=2169) to work on /home/airflow/.local/lib/python3.8/site-packages/airflow/example_dags/example_branch_python_dop_operator_3.py
[2021-02-08 04:35:05,023] {scheduler_job.py:627} INFO - Processing file /home/airflow/.local/lib/python3.8/site-packages/airflow/example_dags/example_branch_python_dop_operator_3.py for tasks to queue
[2021-02-08 04:35:05,026] {logging_mixin.py:104} INFO - [2021-02-08 04:35:05,026] {dagbag.py:449} INFO - Filling up the DagBag from /home/airflow/.local/lib/python3.8/site-packages/airflow/example_dags/example_branch_python_dop_operator_3.py
[2021-02-08 04:35:05,053] {scheduler_job.py:637} INFO - DAG(s) dict_keys(['example_branch_dop_operator_v3']) retrieved from /home/airflow/.local/lib/python3.8/site-packages/airflow/example_dags/example_branch_python_dop_operator_3.py
[2021-02-08 04:35:05,092] {logging_mixin.py:104} INFO - [2021-02-08 04:35:05,091] {dag.py:1818} INFO - Sync 1 DAGs
[2021-02-08 04:35:05,169] {logging_mixin.py:104} INFO - [2021-02-08 04:35:05,167] {dag.py:2273} INFO - Setting next_dagrun for example_branch_dop_operator_v3 to 2021-02-06 00:00:00+00:00
[2021-02-08 04:35:05,260] {scheduler_job.py:189} INFO - Processing /home/airflow/.local/lib/python3.8/site-packages/airflow/example_dags/example_branch_python_dop_operator_3.py took 0.248 seconds
[2021-02-08 04:35:35,942] {scheduler_job.py:181} INFO - Started process (PID=2198) to work on /home/airflow/.local/lib/python3.8/site-packages/airflow/example_dags/example_branch_python_dop_operator_3.py
[2021-02-08 04:35:35,945] {scheduler_job.py:627} INFO - Processing file /home/airflow/.local/lib/python3.8/site-packages/airflow/example_dags/example_branch_python_dop_operator_3.py for tasks to queue
[2021-02-08 04:35:35,946] {logging_mixin.py:104} INFO - [2021-02-08 04:35:35,946] {dagbag.py:449} INFO - Filling up the DagBag from /home/airflow/.local/lib/python3.8/site-packages/airflow/example_dags/example_branch_python_dop_operator_3.py
[2021-02-08 04:35:35,963] {scheduler_job.py:637} INFO - DAG(s) dict_keys(['example_branch_dop_operator_v3']) retrieved from /home/airflow/.local/lib/python3.8/site-packages/airflow/example_dags/example_branch_python_dop_operator_3.py
[2021-02-08 04:35:35,991] {logging_mixin.py:104} INFO - [2021-02-08 04:35:35,991] {dag.py:1818} INFO - Sync 1 DAGs
[2021-02-08 04:35:36,022] {logging_mixin.py:104} INFO - [2021-02-08 04:35:36,022] {dag.py:2273} INFO - Setting next_dagrun for example_branch_dop_operator_v3 to 2021-02-06 00:00:00+00:00
[2021-02-08 04:35:36,040] {scheduler_job.py:189} INFO - Processing /home/airflow/.local/lib/python3.8/site-packages/airflow/example_dags/example_branch_python_dop_operator_3.py took 0.102 seconds
[2021-02-08 04:36:06,095] {scheduler_job.py:181} INFO - Started process (PID=2224) to work on /home/airflow/.local/lib/python3.8/site-packages/airflow/example_dags/example_branch_python_dop_operator_3.py
[2021-02-08 04:36:06,098] {scheduler_job.py:627} INFO - Processing file /home/airflow/.local/lib/python3.8/site-packages/airflow/example_dags/example_branch_python_dop_operator_3.py for tasks to queue
[2021-02-08 04:36:06,100] {logging_mixin.py:104} INFO - [2021-02-08 04:36:06,100] {dagbag.py:449} INFO - Filling up the DagBag from /home/airflow/.local/lib/python3.8/site-packages/airflow/example_dags/example_branch_python_dop_operator_3.py
[2021-02-08 04:36:06,125] {scheduler_job.py:637} INFO - DAG(s) dict_keys(['example_branch_dop_operator_v3']) retrieved from /home/airflow/.local/lib/python3.8/site-packages/airflow/example_dags/example_branch_python_dop_operator_3.py
[2021-02-08 04:36:06,162] {logging_mixin.py:104} INFO - [2021-02-08 04:36:06,162] {dag.py:1818} INFO - Sync 1 DAGs
[2021-02-08 04:36:06,206] {logging_mixin.py:104} INFO - [2021-02-08 04:36:06,206] {dag.py:2273} INFO - Setting next_dagrun for example_branch_dop_operator_v3 to 2021-02-06 00:00:00+00:00
[2021-02-08 04:36:06,220] {scheduler_job.py:189} INFO - Processing /home/airflow/.local/lib/python3.8/site-packages/airflow/example_dags/example_branch_python_dop_operator_3.py took 0.130 seconds
[2021-02-08 04:36:36,751] {scheduler_job.py:181} INFO - Started process (PID=2248) to work on /home/airflow/.local/lib/python3.8/site-packages/airflow/example_dags/example_branch_python_dop_operator_3.py
[2021-02-08 04:36:36,753] {scheduler_job.py:627} INFO - Processing file /home/airflow/.local/lib/python3.8/site-packages/airflow/example_dags/example_branch_python_dop_operator_3.py for tasks to queue
[2021-02-08 04:36:36,755] {logging_mixin.py:104} INFO - [2021-02-08 04:36:36,755] {dagbag.py:449} INFO - Filling up the DagBag from /home/airflow/.local/lib/python3.8/site-packages/airflow/example_dags/example_branch_python_dop_operator_3.py
[2021-02-08 04:36:36,776] {scheduler_job.py:637} INFO - DAG(s) dict_keys(['example_branch_dop_operator_v3']) retrieved from /home/airflow/.local/lib/python3.8/site-packages/airflow/example_dags/example_branch_python_dop_operator_3.py
[2021-02-08 04:36:36,813] {logging_mixin.py:104} INFO - [2021-02-08 04:36:36,813] {dag.py:1818} INFO - Sync 1 DAGs
[2021-02-08 04:36:36,857] {logging_mixin.py:104} INFO - [2021-02-08 04:36:36,857] {dag.py:2273} INFO - Setting next_dagrun for example_branch_dop_operator_v3 to 2021-02-06 00:00:00+00:00
[2021-02-08 04:36:36,878] {scheduler_job.py:189} INFO - Processing /home/airflow/.local/lib/python3.8/site-packages/airflow/example_dags/example_branch_python_dop_operator_3.py took 0.132 seconds
[2021-02-08 04:37:06,979] {scheduler_job.py:181} INFO - Started process (PID=2274) to work on /home/airflow/.local/lib/python3.8/site-packages/airflow/example_dags/example_branch_python_dop_operator_3.py
[2021-02-08 04:37:06,981] {scheduler_job.py:627} INFO - Processing file /home/airflow/.local/lib/python3.8/site-packages/airflow/example_dags/example_branch_python_dop_operator_3.py for tasks to queue
[2021-02-08 04:37:06,982] {logging_mixin.py:104} INFO - [2021-02-08 04:37:06,982] {dagbag.py:449} INFO - Filling up the DagBag from /home/airflow/.local/lib/python3.8/site-packages/airflow/example_dags/example_branch_python_dop_operator_3.py
[2021-02-08 04:37:06,997] {scheduler_job.py:637} INFO - DAG(s) dict_keys(['example_branch_dop_operator_v3']) retrieved from /home/airflow/.local/lib/python3.8/site-packages/airflow/example_dags/example_branch_python_dop_operator_3.py
[2021-02-08 04:37:07,021] {logging_mixin.py:104} INFO - [2021-02-08 04:37:07,021] {dag.py:1818} INFO - Sync 1 DAGs
[2021-02-08 04:37:07,054] {logging_mixin.py:104} INFO - [2021-02-08 04:37:07,054] {dag.py:2273} INFO - Setting next_dagrun for example_branch_dop_operator_v3 to 2021-02-06 00:00:00+00:00
[2021-02-08 04:37:07,068] {scheduler_job.py:189} INFO - Processing /home/airflow/.local/lib/python3.8/site-packages/airflow/example_dags/example_branch_python_dop_operator_3.py took 0.095 seconds
[2021-02-08 04:37:37,345] {scheduler_job.py:181} INFO - Started process (PID=2300) to work on /home/airflow/.local/lib/python3.8/site-packages/airflow/example_dags/example_branch_python_dop_operator_3.py
[2021-02-08 04:37:37,348] {scheduler_job.py:627} INFO - Processing file /home/airflow/.local/lib/python3.8/site-packages/airflow/example_dags/example_branch_python_dop_operator_3.py for tasks to queue
[2021-02-08 04:37:37,350] {logging_mixin.py:104} INFO - [2021-02-08 04:37:37,350] {dagbag.py:449} INFO - Filling up the DagBag from /home/airflow/.local/lib/python3.8/site-packages/airflow/example_dags/example_branch_python_dop_operator_3.py
[2021-02-08 04:37:37,367] {scheduler_job.py:637} INFO - DAG(s) dict_keys(['example_branch_dop_operator_v3']) retrieved from /home/airflow/.local/lib/python3.8/site-packages/airflow/example_dags/example_branch_python_dop_operator_3.py
[2021-02-08 04:37:37,397] {logging_mixin.py:104} INFO - [2021-02-08 04:37:37,397] {dag.py:1818} INFO - Sync 1 DAGs
[2021-02-08 04:37:37,431] {logging_mixin.py:104} INFO - [2021-02-08 04:37:37,430] {dag.py:2273} INFO - Setting next_dagrun for example_branch_dop_operator_v3 to 2021-02-06 00:00:00+00:00
[2021-02-08 04:37:37,446] {scheduler_job.py:189} INFO - Processing /home/airflow/.local/lib/python3.8/site-packages/airflow/example_dags/example_branch_python_dop_operator_3.py took 0.106 seconds
[2021-02-08 04:38:07,521] {scheduler_job.py:181} INFO - Started process (PID=2326) to work on /home/airflow/.local/lib/python3.8/site-packages/airflow/example_dags/example_branch_python_dop_operator_3.py
[2021-02-08 04:38:07,525] {scheduler_job.py:627} INFO - Processing file /home/airflow/.local/lib/python3.8/site-packages/airflow/example_dags/example_branch_python_dop_operator_3.py for tasks to queue
[2021-02-08 04:38:07,528] {logging_mixin.py:104} INFO - [2021-02-08 04:38:07,528] {dagbag.py:449} INFO - Filling up the DagBag from /home/airflow/.local/lib/python3.8/site-packages/airflow/example_dags/example_branch_python_dop_operator_3.py
[2021-02-08 04:38:07,555] {scheduler_job.py:637} INFO - DAG(s) dict_keys(['example_branch_dop_operator_v3']) retrieved from /home/airflow/.local/lib/python3.8/site-packages/airflow/example_dags/example_branch_python_dop_operator_3.py
[2021-02-08 04:38:07,598] {logging_mixin.py:104} INFO - [2021-02-08 04:38:07,598] {dag.py:1818} INFO - Sync 1 DAGs
[2021-02-08 04:38:07,659] {logging_mixin.py:104} INFO - [2021-02-08 04:38:07,659] {dag.py:2273} INFO - Setting next_dagrun for example_branch_dop_operator_v3 to 2021-02-06 00:00:00+00:00
[2021-02-08 04:38:07,680] {scheduler_job.py:189} INFO - Processing /home/airflow/.local/lib/python3.8/site-packages/airflow/example_dags/example_branch_python_dop_operator_3.py took 0.170 seconds
[2021-02-08 04:38:37,908] {scheduler_job.py:181} INFO - Started process (PID=2352) to work on /home/airflow/.local/lib/python3.8/site-packages/airflow/example_dags/example_branch_python_dop_operator_3.py
[2021-02-08 04:38:37,912] {scheduler_job.py:627} INFO - Processing file /home/airflow/.local/lib/python3.8/site-packages/airflow/example_dags/example_branch_python_dop_operator_3.py for tasks to queue
[2021-02-08 04:38:37,914] {logging_mixin.py:104} INFO - [2021-02-08 04:38:37,914] {dagbag.py:449} INFO - Filling up the DagBag from /home/airflow/.local/lib/python3.8/site-packages/airflow/example_dags/example_branch_python_dop_operator_3.py
[2021-02-08 04:38:37,936] {scheduler_job.py:637} INFO - DAG(s) dict_keys(['example_branch_dop_operator_v3']) retrieved from /home/airflow/.local/lib/python3.8/site-packages/airflow/example_dags/example_branch_python_dop_operator_3.py
[2021-02-08 04:38:37,967] {logging_mixin.py:104} INFO - [2021-02-08 04:38:37,967] {dag.py:1818} INFO - Sync 1 DAGs
[2021-02-08 04:38:38,004] {logging_mixin.py:104} INFO - [2021-02-08 04:38:38,004] {dag.py:2273} INFO - Setting next_dagrun for example_branch_dop_operator_v3 to 2021-02-06 00:00:00+00:00
[2021-02-08 04:38:38,017] {scheduler_job.py:189} INFO - Processing /home/airflow/.local/lib/python3.8/site-packages/airflow/example_dags/example_branch_python_dop_operator_3.py took 0.116 seconds
[2021-02-08 04:39:09,001] {scheduler_job.py:181} INFO - Started process (PID=2380) to work on /home/airflow/.local/lib/python3.8/site-packages/airflow/example_dags/example_branch_python_dop_operator_3.py
[2021-02-08 04:39:09,007] {scheduler_job.py:627} INFO - Processing file /home/airflow/.local/lib/python3.8/site-packages/airflow/example_dags/example_branch_python_dop_operator_3.py for tasks to queue
[2021-02-08 04:39:09,010] {logging_mixin.py:104} INFO - [2021-02-08 04:39:09,010] {dagbag.py:449} INFO - Filling up the DagBag from /home/airflow/.local/lib/python3.8/site-packages/airflow/example_dags/example_branch_python_dop_operator_3.py
[2021-02-08 04:39:09,038] {scheduler_job.py:637} INFO - DAG(s) dict_keys(['example_branch_dop_operator_v3']) retrieved from /home/airflow/.local/lib/python3.8/site-packages/airflow/example_dags/example_branch_python_dop_operator_3.py
[2021-02-08 04:39:09,073] {logging_mixin.py:104} INFO - [2021-02-08 04:39:09,073] {dag.py:1818} INFO - Sync 1 DAGs
[2021-02-08 04:39:09,127] {logging_mixin.py:104} INFO - [2021-02-08 04:39:09,126] {dag.py:2273} INFO - Setting next_dagrun for example_branch_dop_operator_v3 to 2021-02-06 00:00:00+00:00
[2021-02-08 04:39:09,144] {scheduler_job.py:189} INFO - Processing /home/airflow/.local/lib/python3.8/site-packages/airflow/example_dags/example_branch_python_dop_operator_3.py took 0.149 seconds
[2021-02-08 04:39:39,354] {scheduler_job.py:181} INFO - Started process (PID=2406) to work on /home/airflow/.local/lib/python3.8/site-packages/airflow/example_dags/example_branch_python_dop_operator_3.py
[2021-02-08 04:39:39,357] {scheduler_job.py:627} INFO - Processing file /home/airflow/.local/lib/python3.8/site-packages/airflow/example_dags/example_branch_python_dop_operator_3.py for tasks to queue
[2021-02-08 04:39:39,360] {logging_mixin.py:104} INFO - [2021-02-08 04:39:39,360] {dagbag.py:449} INFO - Filling up the DagBag from /home/airflow/.local/lib/python3.8/site-packages/airflow/example_dags/example_branch_python_dop_operator_3.py
[2021-02-08 04:39:39,389] {scheduler_job.py:637} INFO - DAG(s) dict_keys(['example_branch_dop_operator_v3']) retrieved from /home/airflow/.local/lib/python3.8/site-packages/airflow/example_dags/example_branch_python_dop_operator_3.py
[2021-02-08 04:39:39,431] {logging_mixin.py:104} INFO - [2021-02-08 04:39:39,431] {dag.py:1818} INFO - Sync 1 DAGs
[2021-02-08 04:39:39,474] {logging_mixin.py:104} INFO - [2021-02-08 04:39:39,474] {dag.py:2273} INFO - Setting next_dagrun for example_branch_dop_operator_v3 to 2021-02-06 00:00:00+00:00
[2021-02-08 04:39:39,494] {scheduler_job.py:189} INFO - Processing /home/airflow/.local/lib/python3.8/site-packages/airflow/example_dags/example_branch_python_dop_operator_3.py took 0.145 seconds
[2021-02-08 04:40:10,315] {scheduler_job.py:181} INFO - Started process (PID=2432) to work on /home/airflow/.local/lib/python3.8/site-packages/airflow/example_dags/example_branch_python_dop_operator_3.py
[2021-02-08 04:40:10,318] {scheduler_job.py:627} INFO - Processing file /home/airflow/.local/lib/python3.8/site-packages/airflow/example_dags/example_branch_python_dop_operator_3.py for tasks to queue
[2021-02-08 04:40:10,321] {logging_mixin.py:104} INFO - [2021-02-08 04:40:10,320] {dagbag.py:449} INFO - Filling up the DagBag from /home/airflow/.local/lib/python3.8/site-packages/airflow/example_dags/example_branch_python_dop_operator_3.py
[2021-02-08 04:40:10,348] {scheduler_job.py:637} INFO - DAG(s) dict_keys(['example_branch_dop_operator_v3']) retrieved from /home/airflow/.local/lib/python3.8/site-packages/airflow/example_dags/example_branch_python_dop_operator_3.py
[2021-02-08 04:40:10,385] {logging_mixin.py:104} INFO - [2021-02-08 04:40:10,384] {dag.py:1818} INFO - Sync 1 DAGs
[2021-02-08 04:40:10,434] {logging_mixin.py:104} INFO - [2021-02-08 04:40:10,434] {dag.py:2273} INFO - Setting next_dagrun for example_branch_dop_operator_v3 to 2021-02-06 00:00:00+00:00
[2021-02-08 04:40:10,452] {scheduler_job.py:189} INFO - Processing /home/airflow/.local/lib/python3.8/site-packages/airflow/example_dags/example_branch_python_dop_operator_3.py took 0.143 seconds
[2021-02-08 04:40:40,939] {scheduler_job.py:181} INFO - Started process (PID=2458) to work on /home/airflow/.local/lib/python3.8/site-packages/airflow/example_dags/example_branch_python_dop_operator_3.py
[2021-02-08 04:40:40,941] {scheduler_job.py:627} INFO - Processing file /home/airflow/.local/lib/python3.8/site-packages/airflow/example_dags/example_branch_python_dop_operator_3.py for tasks to queue
[2021-02-08 04:40:40,943] {logging_mixin.py:104} INFO - [2021-02-08 04:40:40,943] {dagbag.py:449} INFO - Filling up the DagBag from /home/airflow/.local/lib/python3.8/site-packages/airflow/example_dags/example_branch_python_dop_operator_3.py
[2021-02-08 04:40:40,964] {scheduler_job.py:637} INFO - DAG(s) dict_keys(['example_branch_dop_operator_v3']) retrieved from /home/airflow/.local/lib/python3.8/site-packages/airflow/example_dags/example_branch_python_dop_operator_3.py
[2021-02-08 04:40:40,992] {logging_mixin.py:104} INFO - [2021-02-08 04:40:40,991] {dag.py:1818} INFO - Sync 1 DAGs
[2021-02-08 04:40:41,023] {logging_mixin.py:104} INFO - [2021-02-08 04:40:41,022] {dag.py:2273} INFO - Setting next_dagrun for example_branch_dop_operator_v3 to 2021-02-06 00:00:00+00:00
[2021-02-08 04:40:41,034] {scheduler_job.py:189} INFO - Processing /home/airflow/.local/lib/python3.8/site-packages/airflow/example_dags/example_branch_python_dop_operator_3.py took 0.099 seconds
[2021-02-08 04:41:11,979] {scheduler_job.py:181} INFO - Started process (PID=2484) to work on /home/airflow/.local/lib/python3.8/site-packages/airflow/example_dags/example_branch_python_dop_operator_3.py
[2021-02-08 04:41:11,982] {scheduler_job.py:627} INFO - Processing file /home/airflow/.local/lib/python3.8/site-packages/airflow/example_dags/example_branch_python_dop_operator_3.py for tasks to queue
[2021-02-08 04:41:11,983] {logging_mixin.py:104} INFO - [2021-02-08 04:41:11,983] {dagbag.py:449} INFO - Filling up the DagBag from /home/airflow/.local/lib/python3.8/site-packages/airflow/example_dags/example_branch_python_dop_operator_3.py
[2021-02-08 04:41:12,018] {scheduler_job.py:637} INFO - DAG(s) dict_keys(['example_branch_dop_operator_v3']) retrieved from /home/airflow/.local/lib/python3.8/site-packages/airflow/example_dags/example_branch_python_dop_operator_3.py
[2021-02-08 04:41:12,078] {logging_mixin.py:104} INFO - [2021-02-08 04:41:12,077] {dag.py:1818} INFO - Sync 1 DAGs
[2021-02-08 04:41:12,135] {logging_mixin.py:104} INFO - [2021-02-08 04:41:12,135] {dag.py:2273} INFO - Setting next_dagrun for example_branch_dop_operator_v3 to 2021-02-06 00:00:00+00:00
[2021-02-08 04:41:12,157] {scheduler_job.py:189} INFO - Processing /home/airflow/.local/lib/python3.8/site-packages/airflow/example_dags/example_branch_python_dop_operator_3.py took 0.183 seconds
[2021-02-08 04:41:42,878] {scheduler_job.py:181} INFO - Started process (PID=2510) to work on /home/airflow/.local/lib/python3.8/site-packages/airflow/example_dags/example_branch_python_dop_operator_3.py
[2021-02-08 04:41:42,882] {scheduler_job.py:627} INFO - Processing file /home/airflow/.local/lib/python3.8/site-packages/airflow/example_dags/example_branch_python_dop_operator_3.py for tasks to queue
[2021-02-08 04:41:42,884] {logging_mixin.py:104} INFO - [2021-02-08 04:41:42,884] {dagbag.py:449} INFO - Filling up the DagBag from /home/airflow/.local/lib/python3.8/site-packages/airflow/example_dags/example_branch_python_dop_operator_3.py
[2021-02-08 04:41:42,913] {scheduler_job.py:637} INFO - DAG(s) dict_keys(['example_branch_dop_operator_v3']) retrieved from /home/airflow/.local/lib/python3.8/site-packages/airflow/example_dags/example_branch_python_dop_operator_3.py
[2021-02-08 04:41:42,952] {logging_mixin.py:104} INFO - [2021-02-08 04:41:42,952] {dag.py:1818} INFO - Sync 1 DAGs
[2021-02-08 04:41:42,998] {logging_mixin.py:104} INFO - [2021-02-08 04:41:42,998] {dag.py:2273} INFO - Setting next_dagrun for example_branch_dop_operator_v3 to 2021-02-06 00:00:00+00:00
[2021-02-08 04:41:43,015] {scheduler_job.py:189} INFO - Processing /home/airflow/.local/lib/python3.8/site-packages/airflow/example_dags/example_branch_python_dop_operator_3.py took 0.142 seconds
[2021-02-08 04:42:13,171] {scheduler_job.py:181} INFO - Started process (PID=2536) to work on /home/airflow/.local/lib/python3.8/site-packages/airflow/example_dags/example_branch_python_dop_operator_3.py
[2021-02-08 04:42:13,174] {scheduler_job.py:627} INFO - Processing file /home/airflow/.local/lib/python3.8/site-packages/airflow/example_dags/example_branch_python_dop_operator_3.py for tasks to queue
[2021-02-08 04:42:13,176] {logging_mixin.py:104} INFO - [2021-02-08 04:42:13,176] {dagbag.py:449} INFO - Filling up the DagBag from /home/airflow/.local/lib/python3.8/site-packages/airflow/example_dags/example_branch_python_dop_operator_3.py
[2021-02-08 04:42:13,229] {scheduler_job.py:637} INFO - DAG(s) dict_keys(['example_branch_dop_operator_v3']) retrieved from /home/airflow/.local/lib/python3.8/site-packages/airflow/example_dags/example_branch_python_dop_operator_3.py
[2021-02-08 04:42:13,272] {logging_mixin.py:104} INFO - [2021-02-08 04:42:13,272] {dag.py:1818} INFO - Sync 1 DAGs
[2021-02-08 04:42:13,332] {logging_mixin.py:104} INFO - [2021-02-08 04:42:13,332] {dag.py:2273} INFO - Setting next_dagrun for example_branch_dop_operator_v3 to 2021-02-06 00:00:00+00:00
[2021-02-08 04:42:13,350] {scheduler_job.py:189} INFO - Processing /home/airflow/.local/lib/python3.8/site-packages/airflow/example_dags/example_branch_python_dop_operator_3.py took 0.184 seconds
[2021-02-08 04:42:44,197] {scheduler_job.py:181} INFO - Started process (PID=2562) to work on /home/airflow/.local/lib/python3.8/site-packages/airflow/example_dags/example_branch_python_dop_operator_3.py
[2021-02-08 04:42:44,203] {scheduler_job.py:627} INFO - Processing file /home/airflow/.local/lib/python3.8/site-packages/airflow/example_dags/example_branch_python_dop_operator_3.py for tasks to queue
[2021-02-08 04:42:44,212] {logging_mixin.py:104} INFO - [2021-02-08 04:42:44,212] {dagbag.py:449} INFO - Filling up the DagBag from /home/airflow/.local/lib/python3.8/site-packages/airflow/example_dags/example_branch_python_dop_operator_3.py
[2021-02-08 04:42:44,247] {scheduler_job.py:637} INFO - DAG(s) dict_keys(['example_branch_dop_operator_v3']) retrieved from /home/airflow/.local/lib/python3.8/site-packages/airflow/example_dags/example_branch_python_dop_operator_3.py
[2021-02-08 04:42:44,311] {logging_mixin.py:104} INFO - [2021-02-08 04:42:44,310] {dag.py:1818} INFO - Sync 1 DAGs
[2021-02-08 04:42:44,747] {logging_mixin.py:104} INFO - [2021-02-08 04:42:44,747] {dag.py:2273} INFO - Setting next_dagrun for example_branch_dop_operator_v3 to 2021-02-06 00:00:00+00:00
[2021-02-08 04:42:44,853] {scheduler_job.py:189} INFO - Processing /home/airflow/.local/lib/python3.8/site-packages/airflow/example_dags/example_branch_python_dop_operator_3.py took 0.681 seconds
[2021-02-08 04:43:15,851] {scheduler_job.py:181} INFO - Started process (PID=2590) to work on /home/airflow/.local/lib/python3.8/site-packages/airflow/example_dags/example_branch_python_dop_operator_3.py
[2021-02-08 04:43:15,856] {scheduler_job.py:627} INFO - Processing file /home/airflow/.local/lib/python3.8/site-packages/airflow/example_dags/example_branch_python_dop_operator_3.py for tasks to queue
[2021-02-08 04:43:15,860] {logging_mixin.py:104} INFO - [2021-02-08 04:43:15,859] {dagbag.py:449} INFO - Filling up the DagBag from /home/airflow/.local/lib/python3.8/site-packages/airflow/example_dags/example_branch_python_dop_operator_3.py
[2021-02-08 04:43:15,888] {scheduler_job.py:637} INFO - DAG(s) dict_keys(['example_branch_dop_operator_v3']) retrieved from /home/airflow/.local/lib/python3.8/site-packages/airflow/example_dags/example_branch_python_dop_operator_3.py
[2021-02-08 04:43:15,933] {logging_mixin.py:104} INFO - [2021-02-08 04:43:15,933] {dag.py:1818} INFO - Sync 1 DAGs
[2021-02-08 04:43:16,003] {logging_mixin.py:104} INFO - [2021-02-08 04:43:16,003] {dag.py:2273} INFO - Setting next_dagrun for example_branch_dop_operator_v3 to 2021-02-06 00:00:00+00:00
[2021-02-08 04:43:16,019] {scheduler_job.py:189} INFO - Processing /home/airflow/.local/lib/python3.8/site-packages/airflow/example_dags/example_branch_python_dop_operator_3.py took 0.178 seconds
[2021-02-08 04:43:46,796] {scheduler_job.py:181} INFO - Started process (PID=2616) to work on /home/airflow/.local/lib/python3.8/site-packages/airflow/example_dags/example_branch_python_dop_operator_3.py
[2021-02-08 04:43:46,806] {scheduler_job.py:627} INFO - Processing file /home/airflow/.local/lib/python3.8/site-packages/airflow/example_dags/example_branch_python_dop_operator_3.py for tasks to queue
[2021-02-08 04:43:46,812] {logging_mixin.py:104} INFO - [2021-02-08 04:43:46,811] {dagbag.py:449} INFO - Filling up the DagBag from /home/airflow/.local/lib/python3.8/site-packages/airflow/example_dags/example_branch_python_dop_operator_3.py
[2021-02-08 04:43:46,938] {scheduler_job.py:637} INFO - DAG(s) dict_keys(['example_branch_dop_operator_v3']) retrieved from /home/airflow/.local/lib/python3.8/site-packages/airflow/example_dags/example_branch_python_dop_operator_3.py
[2021-02-08 04:43:47,115] {logging_mixin.py:104} INFO - [2021-02-08 04:43:47,114] {dag.py:1818} INFO - Sync 1 DAGs
[2021-02-08 04:43:47,182] {logging_mixin.py:104} INFO - [2021-02-08 04:43:47,182] {dag.py:2273} INFO - Setting next_dagrun for example_branch_dop_operator_v3 to 2021-02-06 00:00:00+00:00
[2021-02-08 04:43:47,199] {scheduler_job.py:189} INFO - Processing /home/airflow/.local/lib/python3.8/site-packages/airflow/example_dags/example_branch_python_dop_operator_3.py took 0.422 seconds
