[2021-02-08 01:26:31,605] {scheduler_job.py:181} INFO - Started process (PID=1641) to work on /home/airflow/.local/lib/python3.8/site-packages/airflow/example_dags/example_latest_only_with_trigger.py
[2021-02-08 01:26:31,609] {scheduler_job.py:627} INFO - Processing file /home/airflow/.local/lib/python3.8/site-packages/airflow/example_dags/example_latest_only_with_trigger.py for tasks to queue
[2021-02-08 01:26:31,611] {logging_mixin.py:104} INFO - [2021-02-08 01:26:31,611] {dagbag.py:449} INFO - Filling up the DagBag from /home/airflow/.local/lib/python3.8/site-packages/airflow/example_dags/example_latest_only_with_trigger.py
[2021-02-08 01:26:31,627] {scheduler_job.py:637} INFO - DAG(s) dict_keys(['latest_only_with_trigger']) retrieved from /home/airflow/.local/lib/python3.8/site-packages/airflow/example_dags/example_latest_only_with_trigger.py
[2021-02-08 01:26:31,675] {logging_mixin.py:104} INFO - [2021-02-08 01:26:31,674] {dag.py:1818} INFO - Sync 1 DAGs
[2021-02-08 01:26:31,696] {logging_mixin.py:104} INFO - [2021-02-08 01:26:31,696] {dag.py:2273} INFO - Setting next_dagrun for latest_only_with_trigger to 2021-02-06 00:00:00+00:00
[2021-02-08 01:26:31,714] {scheduler_job.py:189} INFO - Processing /home/airflow/.local/lib/python3.8/site-packages/airflow/example_dags/example_latest_only_with_trigger.py took 0.115 seconds
[2021-02-08 03:26:49,667] {scheduler_job.py:181} INFO - Started process (PID=1667) to work on /home/airflow/.local/lib/python3.8/site-packages/airflow/example_dags/example_latest_only_with_trigger.py
[2021-02-08 03:26:49,670] {scheduler_job.py:627} INFO - Processing file /home/airflow/.local/lib/python3.8/site-packages/airflow/example_dags/example_latest_only_with_trigger.py for tasks to queue
[2021-02-08 03:26:49,672] {logging_mixin.py:104} INFO - [2021-02-08 03:26:49,672] {dagbag.py:449} INFO - Filling up the DagBag from /home/airflow/.local/lib/python3.8/site-packages/airflow/example_dags/example_latest_only_with_trigger.py
[2021-02-08 03:26:49,687] {scheduler_job.py:637} INFO - DAG(s) dict_keys(['latest_only_with_trigger']) retrieved from /home/airflow/.local/lib/python3.8/site-packages/airflow/example_dags/example_latest_only_with_trigger.py
[2021-02-08 03:26:49,719] {logging_mixin.py:104} INFO - [2021-02-08 03:26:49,719] {dag.py:1818} INFO - Sync 1 DAGs
[2021-02-08 03:26:49,742] {logging_mixin.py:104} INFO - [2021-02-08 03:26:49,742] {dag.py:2273} INFO - Setting next_dagrun for latest_only_with_trigger to 2021-02-06 00:00:00+00:00
[2021-02-08 03:26:49,756] {scheduler_job.py:189} INFO - Processing /home/airflow/.local/lib/python3.8/site-packages/airflow/example_dags/example_latest_only_with_trigger.py took 0.096 seconds
[2021-02-08 04:25:26,387] {scheduler_job.py:181} INFO - Started process (PID=1693) to work on /home/airflow/.local/lib/python3.8/site-packages/airflow/example_dags/example_latest_only_with_trigger.py
[2021-02-08 04:25:26,403] {scheduler_job.py:627} INFO - Processing file /home/airflow/.local/lib/python3.8/site-packages/airflow/example_dags/example_latest_only_with_trigger.py for tasks to queue
[2021-02-08 04:25:26,408] {logging_mixin.py:104} INFO - [2021-02-08 04:25:26,408] {dagbag.py:449} INFO - Filling up the DagBag from /home/airflow/.local/lib/python3.8/site-packages/airflow/example_dags/example_latest_only_with_trigger.py
[2021-02-08 04:25:26,473] {scheduler_job.py:637} INFO - DAG(s) dict_keys(['latest_only_with_trigger']) retrieved from /home/airflow/.local/lib/python3.8/site-packages/airflow/example_dags/example_latest_only_with_trigger.py
[2021-02-08 04:25:26,568] {logging_mixin.py:104} INFO - [2021-02-08 04:25:26,567] {dag.py:1818} INFO - Sync 1 DAGs
[2021-02-08 04:25:26,630] {logging_mixin.py:104} INFO - [2021-02-08 04:25:26,629] {dag.py:2273} INFO - Setting next_dagrun for latest_only_with_trigger to 2021-02-06 00:00:00+00:00
[2021-02-08 04:25:26,683] {scheduler_job.py:189} INFO - Processing /home/airflow/.local/lib/python3.8/site-packages/airflow/example_dags/example_latest_only_with_trigger.py took 0.309 seconds
[2021-02-08 04:25:56,981] {scheduler_job.py:181} INFO - Started process (PID=1715) to work on /home/airflow/.local/lib/python3.8/site-packages/airflow/example_dags/example_latest_only_with_trigger.py
[2021-02-08 04:25:56,985] {scheduler_job.py:627} INFO - Processing file /home/airflow/.local/lib/python3.8/site-packages/airflow/example_dags/example_latest_only_with_trigger.py for tasks to queue
[2021-02-08 04:25:56,987] {logging_mixin.py:104} INFO - [2021-02-08 04:25:56,987] {dagbag.py:449} INFO - Filling up the DagBag from /home/airflow/.local/lib/python3.8/site-packages/airflow/example_dags/example_latest_only_with_trigger.py
[2021-02-08 04:25:57,003] {scheduler_job.py:637} INFO - DAG(s) dict_keys(['latest_only_with_trigger']) retrieved from /home/airflow/.local/lib/python3.8/site-packages/airflow/example_dags/example_latest_only_with_trigger.py
[2021-02-08 04:25:57,048] {logging_mixin.py:104} INFO - [2021-02-08 04:25:57,048] {dag.py:1818} INFO - Sync 1 DAGs
[2021-02-08 04:25:57,088] {logging_mixin.py:104} INFO - [2021-02-08 04:25:57,087] {dag.py:2273} INFO - Setting next_dagrun for latest_only_with_trigger to 2021-02-06 00:00:00+00:00
[2021-02-08 04:25:57,105] {scheduler_job.py:189} INFO - Processing /home/airflow/.local/lib/python3.8/site-packages/airflow/example_dags/example_latest_only_with_trigger.py took 0.134 seconds
[2021-02-08 04:26:27,168] {scheduler_job.py:181} INFO - Started process (PID=1741) to work on /home/airflow/.local/lib/python3.8/site-packages/airflow/example_dags/example_latest_only_with_trigger.py
[2021-02-08 04:26:27,171] {scheduler_job.py:627} INFO - Processing file /home/airflow/.local/lib/python3.8/site-packages/airflow/example_dags/example_latest_only_with_trigger.py for tasks to queue
[2021-02-08 04:26:27,173] {logging_mixin.py:104} INFO - [2021-02-08 04:26:27,173] {dagbag.py:449} INFO - Filling up the DagBag from /home/airflow/.local/lib/python3.8/site-packages/airflow/example_dags/example_latest_only_with_trigger.py
[2021-02-08 04:26:27,188] {scheduler_job.py:637} INFO - DAG(s) dict_keys(['latest_only_with_trigger']) retrieved from /home/airflow/.local/lib/python3.8/site-packages/airflow/example_dags/example_latest_only_with_trigger.py
[2021-02-08 04:26:27,224] {logging_mixin.py:104} INFO - [2021-02-08 04:26:27,224] {dag.py:1818} INFO - Sync 1 DAGs
[2021-02-08 04:26:27,244] {logging_mixin.py:104} INFO - [2021-02-08 04:26:27,244] {dag.py:2273} INFO - Setting next_dagrun for latest_only_with_trigger to 2021-02-06 00:00:00+00:00
[2021-02-08 04:26:27,264] {scheduler_job.py:189} INFO - Processing /home/airflow/.local/lib/python3.8/site-packages/airflow/example_dags/example_latest_only_with_trigger.py took 0.103 seconds
[2021-02-08 04:26:57,856] {scheduler_job.py:181} INFO - Started process (PID=1766) to work on /home/airflow/.local/lib/python3.8/site-packages/airflow/example_dags/example_latest_only_with_trigger.py
[2021-02-08 04:26:57,859] {scheduler_job.py:627} INFO - Processing file /home/airflow/.local/lib/python3.8/site-packages/airflow/example_dags/example_latest_only_with_trigger.py for tasks to queue
[2021-02-08 04:26:57,862] {logging_mixin.py:104} INFO - [2021-02-08 04:26:57,862] {dagbag.py:449} INFO - Filling up the DagBag from /home/airflow/.local/lib/python3.8/site-packages/airflow/example_dags/example_latest_only_with_trigger.py
[2021-02-08 04:26:57,879] {scheduler_job.py:637} INFO - DAG(s) dict_keys(['latest_only_with_trigger']) retrieved from /home/airflow/.local/lib/python3.8/site-packages/airflow/example_dags/example_latest_only_with_trigger.py
[2021-02-08 04:26:57,915] {logging_mixin.py:104} INFO - [2021-02-08 04:26:57,915] {dag.py:1818} INFO - Sync 1 DAGs
[2021-02-08 04:26:57,938] {logging_mixin.py:104} INFO - [2021-02-08 04:26:57,938] {dag.py:2273} INFO - Setting next_dagrun for latest_only_with_trigger to 2021-02-06 00:00:00+00:00
[2021-02-08 04:26:57,954] {scheduler_job.py:189} INFO - Processing /home/airflow/.local/lib/python3.8/site-packages/airflow/example_dags/example_latest_only_with_trigger.py took 0.103 seconds
[2021-02-08 04:27:28,569] {scheduler_job.py:181} INFO - Started process (PID=1792) to work on /home/airflow/.local/lib/python3.8/site-packages/airflow/example_dags/example_latest_only_with_trigger.py
[2021-02-08 04:27:28,577] {scheduler_job.py:627} INFO - Processing file /home/airflow/.local/lib/python3.8/site-packages/airflow/example_dags/example_latest_only_with_trigger.py for tasks to queue
[2021-02-08 04:27:28,585] {logging_mixin.py:104} INFO - [2021-02-08 04:27:28,584] {dagbag.py:449} INFO - Filling up the DagBag from /home/airflow/.local/lib/python3.8/site-packages/airflow/example_dags/example_latest_only_with_trigger.py
[2021-02-08 04:27:28,636] {scheduler_job.py:637} INFO - DAG(s) dict_keys(['latest_only_with_trigger']) retrieved from /home/airflow/.local/lib/python3.8/site-packages/airflow/example_dags/example_latest_only_with_trigger.py
[2021-02-08 04:27:28,680] {logging_mixin.py:104} INFO - [2021-02-08 04:27:28,680] {dag.py:1818} INFO - Sync 1 DAGs
[2021-02-08 04:27:28,698] {logging_mixin.py:104} INFO - [2021-02-08 04:27:28,698] {dag.py:2273} INFO - Setting next_dagrun for latest_only_with_trigger to 2021-02-06 00:00:00+00:00
[2021-02-08 04:27:28,718] {scheduler_job.py:189} INFO - Processing /home/airflow/.local/lib/python3.8/site-packages/airflow/example_dags/example_latest_only_with_trigger.py took 0.158 seconds
[2021-02-08 04:27:59,155] {scheduler_job.py:181} INFO - Started process (PID=1818) to work on /home/airflow/.local/lib/python3.8/site-packages/airflow/example_dags/example_latest_only_with_trigger.py
[2021-02-08 04:27:59,157] {scheduler_job.py:627} INFO - Processing file /home/airflow/.local/lib/python3.8/site-packages/airflow/example_dags/example_latest_only_with_trigger.py for tasks to queue
[2021-02-08 04:27:59,159] {logging_mixin.py:104} INFO - [2021-02-08 04:27:59,159] {dagbag.py:449} INFO - Filling up the DagBag from /home/airflow/.local/lib/python3.8/site-packages/airflow/example_dags/example_latest_only_with_trigger.py
[2021-02-08 04:27:59,175] {scheduler_job.py:637} INFO - DAG(s) dict_keys(['latest_only_with_trigger']) retrieved from /home/airflow/.local/lib/python3.8/site-packages/airflow/example_dags/example_latest_only_with_trigger.py
[2021-02-08 04:27:59,202] {logging_mixin.py:104} INFO - [2021-02-08 04:27:59,202] {dag.py:1818} INFO - Sync 1 DAGs
[2021-02-08 04:27:59,217] {logging_mixin.py:104} INFO - [2021-02-08 04:27:59,217] {dag.py:2273} INFO - Setting next_dagrun for latest_only_with_trigger to 2021-02-06 00:00:00+00:00
[2021-02-08 04:27:59,241] {scheduler_job.py:189} INFO - Processing /home/airflow/.local/lib/python3.8/site-packages/airflow/example_dags/example_latest_only_with_trigger.py took 0.092 seconds
[2021-02-08 04:28:29,571] {scheduler_job.py:181} INFO - Started process (PID=1844) to work on /home/airflow/.local/lib/python3.8/site-packages/airflow/example_dags/example_latest_only_with_trigger.py
[2021-02-08 04:28:29,573] {scheduler_job.py:627} INFO - Processing file /home/airflow/.local/lib/python3.8/site-packages/airflow/example_dags/example_latest_only_with_trigger.py for tasks to queue
[2021-02-08 04:28:29,575] {logging_mixin.py:104} INFO - [2021-02-08 04:28:29,575] {dagbag.py:449} INFO - Filling up the DagBag from /home/airflow/.local/lib/python3.8/site-packages/airflow/example_dags/example_latest_only_with_trigger.py
[2021-02-08 04:28:29,588] {scheduler_job.py:637} INFO - DAG(s) dict_keys(['latest_only_with_trigger']) retrieved from /home/airflow/.local/lib/python3.8/site-packages/airflow/example_dags/example_latest_only_with_trigger.py
[2021-02-08 04:28:29,614] {logging_mixin.py:104} INFO - [2021-02-08 04:28:29,614] {dag.py:1818} INFO - Sync 1 DAGs
[2021-02-08 04:28:29,629] {logging_mixin.py:104} INFO - [2021-02-08 04:28:29,629] {dag.py:2273} INFO - Setting next_dagrun for latest_only_with_trigger to 2021-02-06 00:00:00+00:00
[2021-02-08 04:28:29,645] {scheduler_job.py:189} INFO - Processing /home/airflow/.local/lib/python3.8/site-packages/airflow/example_dags/example_latest_only_with_trigger.py took 0.080 seconds
[2021-02-08 04:29:00,071] {scheduler_job.py:181} INFO - Started process (PID=1870) to work on /home/airflow/.local/lib/python3.8/site-packages/airflow/example_dags/example_latest_only_with_trigger.py
[2021-02-08 04:29:00,075] {scheduler_job.py:627} INFO - Processing file /home/airflow/.local/lib/python3.8/site-packages/airflow/example_dags/example_latest_only_with_trigger.py for tasks to queue
[2021-02-08 04:29:00,077] {logging_mixin.py:104} INFO - [2021-02-08 04:29:00,076] {dagbag.py:449} INFO - Filling up the DagBag from /home/airflow/.local/lib/python3.8/site-packages/airflow/example_dags/example_latest_only_with_trigger.py
[2021-02-08 04:29:00,095] {scheduler_job.py:637} INFO - DAG(s) dict_keys(['latest_only_with_trigger']) retrieved from /home/airflow/.local/lib/python3.8/site-packages/airflow/example_dags/example_latest_only_with_trigger.py
[2021-02-08 04:29:00,124] {logging_mixin.py:104} INFO - [2021-02-08 04:29:00,123] {dag.py:1818} INFO - Sync 1 DAGs
[2021-02-08 04:29:00,143] {logging_mixin.py:104} INFO - [2021-02-08 04:29:00,142] {dag.py:2273} INFO - Setting next_dagrun for latest_only_with_trigger to 2021-02-06 00:00:00+00:00
[2021-02-08 04:29:00,158] {scheduler_job.py:189} INFO - Processing /home/airflow/.local/lib/python3.8/site-packages/airflow/example_dags/example_latest_only_with_trigger.py took 0.094 seconds
[2021-02-08 04:29:30,654] {scheduler_job.py:181} INFO - Started process (PID=1896) to work on /home/airflow/.local/lib/python3.8/site-packages/airflow/example_dags/example_latest_only_with_trigger.py
[2021-02-08 04:29:30,657] {scheduler_job.py:627} INFO - Processing file /home/airflow/.local/lib/python3.8/site-packages/airflow/example_dags/example_latest_only_with_trigger.py for tasks to queue
[2021-02-08 04:29:30,658] {logging_mixin.py:104} INFO - [2021-02-08 04:29:30,658] {dagbag.py:449} INFO - Filling up the DagBag from /home/airflow/.local/lib/python3.8/site-packages/airflow/example_dags/example_latest_only_with_trigger.py
[2021-02-08 04:29:30,669] {scheduler_job.py:637} INFO - DAG(s) dict_keys(['latest_only_with_trigger']) retrieved from /home/airflow/.local/lib/python3.8/site-packages/airflow/example_dags/example_latest_only_with_trigger.py
[2021-02-08 04:29:30,694] {logging_mixin.py:104} INFO - [2021-02-08 04:29:30,693] {dag.py:1818} INFO - Sync 1 DAGs
[2021-02-08 04:29:30,708] {logging_mixin.py:104} INFO - [2021-02-08 04:29:30,708] {dag.py:2273} INFO - Setting next_dagrun for latest_only_with_trigger to 2021-02-06 00:00:00+00:00
[2021-02-08 04:29:30,724] {scheduler_job.py:189} INFO - Processing /home/airflow/.local/lib/python3.8/site-packages/airflow/example_dags/example_latest_only_with_trigger.py took 0.074 seconds
[2021-02-08 04:30:01,627] {scheduler_job.py:181} INFO - Started process (PID=1922) to work on /home/airflow/.local/lib/python3.8/site-packages/airflow/example_dags/example_latest_only_with_trigger.py
[2021-02-08 04:30:01,630] {scheduler_job.py:627} INFO - Processing file /home/airflow/.local/lib/python3.8/site-packages/airflow/example_dags/example_latest_only_with_trigger.py for tasks to queue
[2021-02-08 04:30:01,633] {logging_mixin.py:104} INFO - [2021-02-08 04:30:01,633] {dagbag.py:449} INFO - Filling up the DagBag from /home/airflow/.local/lib/python3.8/site-packages/airflow/example_dags/example_latest_only_with_trigger.py
[2021-02-08 04:30:01,648] {scheduler_job.py:637} INFO - DAG(s) dict_keys(['latest_only_with_trigger']) retrieved from /home/airflow/.local/lib/python3.8/site-packages/airflow/example_dags/example_latest_only_with_trigger.py
[2021-02-08 04:30:01,681] {logging_mixin.py:104} INFO - [2021-02-08 04:30:01,681] {dag.py:1818} INFO - Sync 1 DAGs
[2021-02-08 04:30:01,706] {logging_mixin.py:104} INFO - [2021-02-08 04:30:01,706] {dag.py:2273} INFO - Setting next_dagrun for latest_only_with_trigger to 2021-02-06 00:00:00+00:00
[2021-02-08 04:30:01,730] {scheduler_job.py:189} INFO - Processing /home/airflow/.local/lib/python3.8/site-packages/airflow/example_dags/example_latest_only_with_trigger.py took 0.110 seconds
[2021-02-08 04:30:32,217] {scheduler_job.py:181} INFO - Started process (PID=1948) to work on /home/airflow/.local/lib/python3.8/site-packages/airflow/example_dags/example_latest_only_with_trigger.py
[2021-02-08 04:30:32,220] {scheduler_job.py:627} INFO - Processing file /home/airflow/.local/lib/python3.8/site-packages/airflow/example_dags/example_latest_only_with_trigger.py for tasks to queue
[2021-02-08 04:30:32,222] {logging_mixin.py:104} INFO - [2021-02-08 04:30:32,222] {dagbag.py:449} INFO - Filling up the DagBag from /home/airflow/.local/lib/python3.8/site-packages/airflow/example_dags/example_latest_only_with_trigger.py
[2021-02-08 04:30:32,235] {scheduler_job.py:637} INFO - DAG(s) dict_keys(['latest_only_with_trigger']) retrieved from /home/airflow/.local/lib/python3.8/site-packages/airflow/example_dags/example_latest_only_with_trigger.py
[2021-02-08 04:30:32,264] {logging_mixin.py:104} INFO - [2021-02-08 04:30:32,264] {dag.py:1818} INFO - Sync 1 DAGs
[2021-02-08 04:30:32,281] {logging_mixin.py:104} INFO - [2021-02-08 04:30:32,281] {dag.py:2273} INFO - Setting next_dagrun for latest_only_with_trigger to 2021-02-06 00:00:00+00:00
[2021-02-08 04:30:32,299] {scheduler_job.py:189} INFO - Processing /home/airflow/.local/lib/python3.8/site-packages/airflow/example_dags/example_latest_only_with_trigger.py took 0.086 seconds
[2021-02-08 04:31:02,979] {scheduler_job.py:181} INFO - Started process (PID=1974) to work on /home/airflow/.local/lib/python3.8/site-packages/airflow/example_dags/example_latest_only_with_trigger.py
[2021-02-08 04:31:02,981] {scheduler_job.py:627} INFO - Processing file /home/airflow/.local/lib/python3.8/site-packages/airflow/example_dags/example_latest_only_with_trigger.py for tasks to queue
[2021-02-08 04:31:02,982] {logging_mixin.py:104} INFO - [2021-02-08 04:31:02,982] {dagbag.py:449} INFO - Filling up the DagBag from /home/airflow/.local/lib/python3.8/site-packages/airflow/example_dags/example_latest_only_with_trigger.py
[2021-02-08 04:31:02,994] {scheduler_job.py:637} INFO - DAG(s) dict_keys(['latest_only_with_trigger']) retrieved from /home/airflow/.local/lib/python3.8/site-packages/airflow/example_dags/example_latest_only_with_trigger.py
[2021-02-08 04:31:03,022] {logging_mixin.py:104} INFO - [2021-02-08 04:31:03,022] {dag.py:1818} INFO - Sync 1 DAGs
[2021-02-08 04:31:03,039] {logging_mixin.py:104} INFO - [2021-02-08 04:31:03,039] {dag.py:2273} INFO - Setting next_dagrun for latest_only_with_trigger to 2021-02-06 00:00:00+00:00
[2021-02-08 04:31:03,056] {scheduler_job.py:189} INFO - Processing /home/airflow/.local/lib/python3.8/site-packages/airflow/example_dags/example_latest_only_with_trigger.py took 0.082 seconds
[2021-02-08 04:31:33,485] {scheduler_job.py:181} INFO - Started process (PID=2000) to work on /home/airflow/.local/lib/python3.8/site-packages/airflow/example_dags/example_latest_only_with_trigger.py
[2021-02-08 04:31:33,487] {scheduler_job.py:627} INFO - Processing file /home/airflow/.local/lib/python3.8/site-packages/airflow/example_dags/example_latest_only_with_trigger.py for tasks to queue
[2021-02-08 04:31:33,489] {logging_mixin.py:104} INFO - [2021-02-08 04:31:33,489] {dagbag.py:449} INFO - Filling up the DagBag from /home/airflow/.local/lib/python3.8/site-packages/airflow/example_dags/example_latest_only_with_trigger.py
[2021-02-08 04:31:33,501] {scheduler_job.py:637} INFO - DAG(s) dict_keys(['latest_only_with_trigger']) retrieved from /home/airflow/.local/lib/python3.8/site-packages/airflow/example_dags/example_latest_only_with_trigger.py
[2021-02-08 04:31:33,532] {logging_mixin.py:104} INFO - [2021-02-08 04:31:33,532] {dag.py:1818} INFO - Sync 1 DAGs
[2021-02-08 04:31:33,548] {logging_mixin.py:104} INFO - [2021-02-08 04:31:33,548] {dag.py:2273} INFO - Setting next_dagrun for latest_only_with_trigger to 2021-02-06 00:00:00+00:00
[2021-02-08 04:31:33,567] {scheduler_job.py:189} INFO - Processing /home/airflow/.local/lib/python3.8/site-packages/airflow/example_dags/example_latest_only_with_trigger.py took 0.086 seconds
[2021-02-08 04:32:03,990] {scheduler_job.py:181} INFO - Started process (PID=2026) to work on /home/airflow/.local/lib/python3.8/site-packages/airflow/example_dags/example_latest_only_with_trigger.py
[2021-02-08 04:32:03,992] {scheduler_job.py:627} INFO - Processing file /home/airflow/.local/lib/python3.8/site-packages/airflow/example_dags/example_latest_only_with_trigger.py for tasks to queue
[2021-02-08 04:32:03,993] {logging_mixin.py:104} INFO - [2021-02-08 04:32:03,993] {dagbag.py:449} INFO - Filling up the DagBag from /home/airflow/.local/lib/python3.8/site-packages/airflow/example_dags/example_latest_only_with_trigger.py
[2021-02-08 04:32:04,005] {scheduler_job.py:637} INFO - DAG(s) dict_keys(['latest_only_with_trigger']) retrieved from /home/airflow/.local/lib/python3.8/site-packages/airflow/example_dags/example_latest_only_with_trigger.py
[2021-02-08 04:32:04,034] {logging_mixin.py:104} INFO - [2021-02-08 04:32:04,034] {dag.py:1818} INFO - Sync 1 DAGs
[2021-02-08 04:32:04,050] {logging_mixin.py:104} INFO - [2021-02-08 04:32:04,050] {dag.py:2273} INFO - Setting next_dagrun for latest_only_with_trigger to 2021-02-06 00:00:00+00:00
[2021-02-08 04:32:04,071] {scheduler_job.py:189} INFO - Processing /home/airflow/.local/lib/python3.8/site-packages/airflow/example_dags/example_latest_only_with_trigger.py took 0.086 seconds
[2021-02-08 04:32:34,644] {scheduler_job.py:181} INFO - Started process (PID=2052) to work on /home/airflow/.local/lib/python3.8/site-packages/airflow/example_dags/example_latest_only_with_trigger.py
[2021-02-08 04:32:34,683] {scheduler_job.py:627} INFO - Processing file /home/airflow/.local/lib/python3.8/site-packages/airflow/example_dags/example_latest_only_with_trigger.py for tasks to queue
[2021-02-08 04:32:34,693] {logging_mixin.py:104} INFO - [2021-02-08 04:32:34,693] {dagbag.py:449} INFO - Filling up the DagBag from /home/airflow/.local/lib/python3.8/site-packages/airflow/example_dags/example_latest_only_with_trigger.py
[2021-02-08 04:32:34,767] {scheduler_job.py:637} INFO - DAG(s) dict_keys(['latest_only_with_trigger']) retrieved from /home/airflow/.local/lib/python3.8/site-packages/airflow/example_dags/example_latest_only_with_trigger.py
[2021-02-08 04:32:34,871] {logging_mixin.py:104} INFO - [2021-02-08 04:32:34,871] {dag.py:1818} INFO - Sync 1 DAGs
[2021-02-08 04:32:34,914] {logging_mixin.py:104} INFO - [2021-02-08 04:32:34,914] {dag.py:2273} INFO - Setting next_dagrun for latest_only_with_trigger to 2021-02-06 00:00:00+00:00
[2021-02-08 04:32:34,938] {scheduler_job.py:189} INFO - Processing /home/airflow/.local/lib/python3.8/site-packages/airflow/example_dags/example_latest_only_with_trigger.py took 0.302 seconds
[2021-02-08 04:33:05,763] {scheduler_job.py:181} INFO - Started process (PID=2078) to work on /home/airflow/.local/lib/python3.8/site-packages/airflow/example_dags/example_latest_only_with_trigger.py
[2021-02-08 04:33:05,765] {scheduler_job.py:627} INFO - Processing file /home/airflow/.local/lib/python3.8/site-packages/airflow/example_dags/example_latest_only_with_trigger.py for tasks to queue
[2021-02-08 04:33:05,767] {logging_mixin.py:104} INFO - [2021-02-08 04:33:05,767] {dagbag.py:449} INFO - Filling up the DagBag from /home/airflow/.local/lib/python3.8/site-packages/airflow/example_dags/example_latest_only_with_trigger.py
[2021-02-08 04:33:05,779] {scheduler_job.py:637} INFO - DAG(s) dict_keys(['latest_only_with_trigger']) retrieved from /home/airflow/.local/lib/python3.8/site-packages/airflow/example_dags/example_latest_only_with_trigger.py
[2021-02-08 04:33:05,804] {logging_mixin.py:104} INFO - [2021-02-08 04:33:05,804] {dag.py:1818} INFO - Sync 1 DAGs
[2021-02-08 04:33:05,819] {logging_mixin.py:104} INFO - [2021-02-08 04:33:05,819] {dag.py:2273} INFO - Setting next_dagrun for latest_only_with_trigger to 2021-02-06 00:00:00+00:00
[2021-02-08 04:33:05,836] {scheduler_job.py:189} INFO - Processing /home/airflow/.local/lib/python3.8/site-packages/airflow/example_dags/example_latest_only_with_trigger.py took 0.078 seconds
[2021-02-08 04:33:35,907] {scheduler_job.py:181} INFO - Started process (PID=2104) to work on /home/airflow/.local/lib/python3.8/site-packages/airflow/example_dags/example_latest_only_with_trigger.py
[2021-02-08 04:33:35,909] {scheduler_job.py:627} INFO - Processing file /home/airflow/.local/lib/python3.8/site-packages/airflow/example_dags/example_latest_only_with_trigger.py for tasks to queue
[2021-02-08 04:33:35,912] {logging_mixin.py:104} INFO - [2021-02-08 04:33:35,912] {dagbag.py:449} INFO - Filling up the DagBag from /home/airflow/.local/lib/python3.8/site-packages/airflow/example_dags/example_latest_only_with_trigger.py
[2021-02-08 04:33:35,928] {scheduler_job.py:637} INFO - DAG(s) dict_keys(['latest_only_with_trigger']) retrieved from /home/airflow/.local/lib/python3.8/site-packages/airflow/example_dags/example_latest_only_with_trigger.py
[2021-02-08 04:33:35,955] {logging_mixin.py:104} INFO - [2021-02-08 04:33:35,954] {dag.py:1818} INFO - Sync 1 DAGs
[2021-02-08 04:33:35,971] {logging_mixin.py:104} INFO - [2021-02-08 04:33:35,971] {dag.py:2273} INFO - Setting next_dagrun for latest_only_with_trigger to 2021-02-06 00:00:00+00:00
[2021-02-08 04:33:35,986] {scheduler_job.py:189} INFO - Processing /home/airflow/.local/lib/python3.8/site-packages/airflow/example_dags/example_latest_only_with_trigger.py took 0.084 seconds
[2021-02-08 04:34:06,149] {scheduler_job.py:181} INFO - Started process (PID=2130) to work on /home/airflow/.local/lib/python3.8/site-packages/airflow/example_dags/example_latest_only_with_trigger.py
[2021-02-08 04:34:06,152] {scheduler_job.py:627} INFO - Processing file /home/airflow/.local/lib/python3.8/site-packages/airflow/example_dags/example_latest_only_with_trigger.py for tasks to queue
[2021-02-08 04:34:06,154] {logging_mixin.py:104} INFO - [2021-02-08 04:34:06,153] {dagbag.py:449} INFO - Filling up the DagBag from /home/airflow/.local/lib/python3.8/site-packages/airflow/example_dags/example_latest_only_with_trigger.py
[2021-02-08 04:34:06,166] {scheduler_job.py:637} INFO - DAG(s) dict_keys(['latest_only_with_trigger']) retrieved from /home/airflow/.local/lib/python3.8/site-packages/airflow/example_dags/example_latest_only_with_trigger.py
[2021-02-08 04:34:06,208] {logging_mixin.py:104} INFO - [2021-02-08 04:34:06,208] {dag.py:1818} INFO - Sync 1 DAGs
[2021-02-08 04:34:06,224] {logging_mixin.py:104} INFO - [2021-02-08 04:34:06,224] {dag.py:2273} INFO - Setting next_dagrun for latest_only_with_trigger to 2021-02-06 00:00:00+00:00
[2021-02-08 04:34:06,251] {scheduler_job.py:189} INFO - Processing /home/airflow/.local/lib/python3.8/site-packages/airflow/example_dags/example_latest_only_with_trigger.py took 0.106 seconds
[2021-02-08 04:34:36,379] {scheduler_job.py:181} INFO - Started process (PID=2156) to work on /home/airflow/.local/lib/python3.8/site-packages/airflow/example_dags/example_latest_only_with_trigger.py
[2021-02-08 04:34:36,383] {scheduler_job.py:627} INFO - Processing file /home/airflow/.local/lib/python3.8/site-packages/airflow/example_dags/example_latest_only_with_trigger.py for tasks to queue
[2021-02-08 04:34:36,386] {logging_mixin.py:104} INFO - [2021-02-08 04:34:36,386] {dagbag.py:449} INFO - Filling up the DagBag from /home/airflow/.local/lib/python3.8/site-packages/airflow/example_dags/example_latest_only_with_trigger.py
[2021-02-08 04:34:36,409] {scheduler_job.py:637} INFO - DAG(s) dict_keys(['latest_only_with_trigger']) retrieved from /home/airflow/.local/lib/python3.8/site-packages/airflow/example_dags/example_latest_only_with_trigger.py
[2021-02-08 04:34:36,532] {logging_mixin.py:104} INFO - [2021-02-08 04:34:36,531] {dag.py:1818} INFO - Sync 1 DAGs
[2021-02-08 04:34:36,564] {logging_mixin.py:104} INFO - [2021-02-08 04:34:36,563] {dag.py:2273} INFO - Setting next_dagrun for latest_only_with_trigger to 2021-02-06 00:00:00+00:00
[2021-02-08 04:34:36,589] {scheduler_job.py:189} INFO - Processing /home/airflow/.local/lib/python3.8/site-packages/airflow/example_dags/example_latest_only_with_trigger.py took 0.218 seconds
[2021-02-08 04:35:07,478] {scheduler_job.py:181} INFO - Started process (PID=2182) to work on /home/airflow/.local/lib/python3.8/site-packages/airflow/example_dags/example_latest_only_with_trigger.py
[2021-02-08 04:35:07,482] {scheduler_job.py:627} INFO - Processing file /home/airflow/.local/lib/python3.8/site-packages/airflow/example_dags/example_latest_only_with_trigger.py for tasks to queue
[2021-02-08 04:35:07,485] {logging_mixin.py:104} INFO - [2021-02-08 04:35:07,485] {dagbag.py:449} INFO - Filling up the DagBag from /home/airflow/.local/lib/python3.8/site-packages/airflow/example_dags/example_latest_only_with_trigger.py
[2021-02-08 04:35:07,504] {scheduler_job.py:637} INFO - DAG(s) dict_keys(['latest_only_with_trigger']) retrieved from /home/airflow/.local/lib/python3.8/site-packages/airflow/example_dags/example_latest_only_with_trigger.py
[2021-02-08 04:35:07,543] {logging_mixin.py:104} INFO - [2021-02-08 04:35:07,543] {dag.py:1818} INFO - Sync 1 DAGs
[2021-02-08 04:35:07,578] {logging_mixin.py:104} INFO - [2021-02-08 04:35:07,576] {dag.py:2273} INFO - Setting next_dagrun for latest_only_with_trigger to 2021-02-06 00:00:00+00:00
[2021-02-08 04:35:07,616] {scheduler_job.py:189} INFO - Processing /home/airflow/.local/lib/python3.8/site-packages/airflow/example_dags/example_latest_only_with_trigger.py took 0.154 seconds
[2021-02-08 04:35:37,770] {scheduler_job.py:181} INFO - Started process (PID=2208) to work on /home/airflow/.local/lib/python3.8/site-packages/airflow/example_dags/example_latest_only_with_trigger.py
[2021-02-08 04:35:37,774] {scheduler_job.py:627} INFO - Processing file /home/airflow/.local/lib/python3.8/site-packages/airflow/example_dags/example_latest_only_with_trigger.py for tasks to queue
[2021-02-08 04:35:37,776] {logging_mixin.py:104} INFO - [2021-02-08 04:35:37,776] {dagbag.py:449} INFO - Filling up the DagBag from /home/airflow/.local/lib/python3.8/site-packages/airflow/example_dags/example_latest_only_with_trigger.py
[2021-02-08 04:35:37,800] {scheduler_job.py:637} INFO - DAG(s) dict_keys(['latest_only_with_trigger']) retrieved from /home/airflow/.local/lib/python3.8/site-packages/airflow/example_dags/example_latest_only_with_trigger.py
[2021-02-08 04:35:37,841] {logging_mixin.py:104} INFO - [2021-02-08 04:35:37,841] {dag.py:1818} INFO - Sync 1 DAGs
[2021-02-08 04:35:37,877] {logging_mixin.py:104} INFO - [2021-02-08 04:35:37,877] {dag.py:2273} INFO - Setting next_dagrun for latest_only_with_trigger to 2021-02-06 00:00:00+00:00
[2021-02-08 04:35:37,907] {scheduler_job.py:189} INFO - Processing /home/airflow/.local/lib/python3.8/site-packages/airflow/example_dags/example_latest_only_with_trigger.py took 0.148 seconds
[2021-02-08 04:36:08,228] {scheduler_job.py:181} INFO - Started process (PID=2234) to work on /home/airflow/.local/lib/python3.8/site-packages/airflow/example_dags/example_latest_only_with_trigger.py
[2021-02-08 04:36:08,232] {scheduler_job.py:627} INFO - Processing file /home/airflow/.local/lib/python3.8/site-packages/airflow/example_dags/example_latest_only_with_trigger.py for tasks to queue
[2021-02-08 04:36:08,235] {logging_mixin.py:104} INFO - [2021-02-08 04:36:08,235] {dagbag.py:449} INFO - Filling up the DagBag from /home/airflow/.local/lib/python3.8/site-packages/airflow/example_dags/example_latest_only_with_trigger.py
[2021-02-08 04:36:08,262] {scheduler_job.py:637} INFO - DAG(s) dict_keys(['latest_only_with_trigger']) retrieved from /home/airflow/.local/lib/python3.8/site-packages/airflow/example_dags/example_latest_only_with_trigger.py
[2021-02-08 04:36:08,332] {logging_mixin.py:104} INFO - [2021-02-08 04:36:08,332] {dag.py:1818} INFO - Sync 1 DAGs
[2021-02-08 04:36:08,473] {logging_mixin.py:104} INFO - [2021-02-08 04:36:08,473] {dag.py:2273} INFO - Setting next_dagrun for latest_only_with_trigger to 2021-02-06 00:00:00+00:00
[2021-02-08 04:36:08,502] {scheduler_job.py:189} INFO - Processing /home/airflow/.local/lib/python3.8/site-packages/airflow/example_dags/example_latest_only_with_trigger.py took 0.286 seconds
[2021-02-08 04:36:38,722] {scheduler_job.py:181} INFO - Started process (PID=2260) to work on /home/airflow/.local/lib/python3.8/site-packages/airflow/example_dags/example_latest_only_with_trigger.py
[2021-02-08 04:36:38,731] {scheduler_job.py:627} INFO - Processing file /home/airflow/.local/lib/python3.8/site-packages/airflow/example_dags/example_latest_only_with_trigger.py for tasks to queue
[2021-02-08 04:36:38,739] {logging_mixin.py:104} INFO - [2021-02-08 04:36:38,738] {dagbag.py:449} INFO - Filling up the DagBag from /home/airflow/.local/lib/python3.8/site-packages/airflow/example_dags/example_latest_only_with_trigger.py
[2021-02-08 04:36:38,801] {scheduler_job.py:637} INFO - DAG(s) dict_keys(['latest_only_with_trigger']) retrieved from /home/airflow/.local/lib/python3.8/site-packages/airflow/example_dags/example_latest_only_with_trigger.py
[2021-02-08 04:36:38,876] {logging_mixin.py:104} INFO - [2021-02-08 04:36:38,876] {dag.py:1818} INFO - Sync 1 DAGs
[2021-02-08 04:36:38,897] {logging_mixin.py:104} INFO - [2021-02-08 04:36:38,897] {dag.py:2273} INFO - Setting next_dagrun for latest_only_with_trigger to 2021-02-06 00:00:00+00:00
[2021-02-08 04:36:38,913] {scheduler_job.py:189} INFO - Processing /home/airflow/.local/lib/python3.8/site-packages/airflow/example_dags/example_latest_only_with_trigger.py took 0.198 seconds
[2021-02-08 04:37:08,994] {scheduler_job.py:181} INFO - Started process (PID=2286) to work on /home/airflow/.local/lib/python3.8/site-packages/airflow/example_dags/example_latest_only_with_trigger.py
[2021-02-08 04:37:08,999] {scheduler_job.py:627} INFO - Processing file /home/airflow/.local/lib/python3.8/site-packages/airflow/example_dags/example_latest_only_with_trigger.py for tasks to queue
[2021-02-08 04:37:09,003] {logging_mixin.py:104} INFO - [2021-02-08 04:37:09,002] {dagbag.py:449} INFO - Filling up the DagBag from /home/airflow/.local/lib/python3.8/site-packages/airflow/example_dags/example_latest_only_with_trigger.py
[2021-02-08 04:37:09,017] {scheduler_job.py:637} INFO - DAG(s) dict_keys(['latest_only_with_trigger']) retrieved from /home/airflow/.local/lib/python3.8/site-packages/airflow/example_dags/example_latest_only_with_trigger.py
[2021-02-08 04:37:09,051] {logging_mixin.py:104} INFO - [2021-02-08 04:37:09,051] {dag.py:1818} INFO - Sync 1 DAGs
[2021-02-08 04:37:09,080] {logging_mixin.py:104} INFO - [2021-02-08 04:37:09,080] {dag.py:2273} INFO - Setting next_dagrun for latest_only_with_trigger to 2021-02-06 00:00:00+00:00
[2021-02-08 04:37:09,100] {scheduler_job.py:189} INFO - Processing /home/airflow/.local/lib/python3.8/site-packages/airflow/example_dags/example_latest_only_with_trigger.py took 0.116 seconds
[2021-02-08 04:37:39,159] {scheduler_job.py:181} INFO - Started process (PID=2312) to work on /home/airflow/.local/lib/python3.8/site-packages/airflow/example_dags/example_latest_only_with_trigger.py
[2021-02-08 04:37:39,162] {scheduler_job.py:627} INFO - Processing file /home/airflow/.local/lib/python3.8/site-packages/airflow/example_dags/example_latest_only_with_trigger.py for tasks to queue
[2021-02-08 04:37:39,164] {logging_mixin.py:104} INFO - [2021-02-08 04:37:39,164] {dagbag.py:449} INFO - Filling up the DagBag from /home/airflow/.local/lib/python3.8/site-packages/airflow/example_dags/example_latest_only_with_trigger.py
[2021-02-08 04:37:39,181] {scheduler_job.py:637} INFO - DAG(s) dict_keys(['latest_only_with_trigger']) retrieved from /home/airflow/.local/lib/python3.8/site-packages/airflow/example_dags/example_latest_only_with_trigger.py
[2021-02-08 04:37:39,258] {logging_mixin.py:104} INFO - [2021-02-08 04:37:39,258] {dag.py:1818} INFO - Sync 1 DAGs
[2021-02-08 04:37:39,280] {logging_mixin.py:104} INFO - [2021-02-08 04:37:39,280] {dag.py:2273} INFO - Setting next_dagrun for latest_only_with_trigger to 2021-02-06 00:00:00+00:00
[2021-02-08 04:37:39,299] {scheduler_job.py:189} INFO - Processing /home/airflow/.local/lib/python3.8/site-packages/airflow/example_dags/example_latest_only_with_trigger.py took 0.145 seconds
[2021-02-08 04:38:09,383] {scheduler_job.py:181} INFO - Started process (PID=2337) to work on /home/airflow/.local/lib/python3.8/site-packages/airflow/example_dags/example_latest_only_with_trigger.py
[2021-02-08 04:38:09,386] {scheduler_job.py:627} INFO - Processing file /home/airflow/.local/lib/python3.8/site-packages/airflow/example_dags/example_latest_only_with_trigger.py for tasks to queue
[2021-02-08 04:38:09,388] {logging_mixin.py:104} INFO - [2021-02-08 04:38:09,388] {dagbag.py:449} INFO - Filling up the DagBag from /home/airflow/.local/lib/python3.8/site-packages/airflow/example_dags/example_latest_only_with_trigger.py
[2021-02-08 04:38:09,401] {scheduler_job.py:637} INFO - DAG(s) dict_keys(['latest_only_with_trigger']) retrieved from /home/airflow/.local/lib/python3.8/site-packages/airflow/example_dags/example_latest_only_with_trigger.py
[2021-02-08 04:38:09,431] {logging_mixin.py:104} INFO - [2021-02-08 04:38:09,431] {dag.py:1818} INFO - Sync 1 DAGs
[2021-02-08 04:38:09,448] {logging_mixin.py:104} INFO - [2021-02-08 04:38:09,448] {dag.py:2273} INFO - Setting next_dagrun for latest_only_with_trigger to 2021-02-06 00:00:00+00:00
[2021-02-08 04:38:09,462] {scheduler_job.py:189} INFO - Processing /home/airflow/.local/lib/python3.8/site-packages/airflow/example_dags/example_latest_only_with_trigger.py took 0.085 seconds
[2021-02-08 04:38:39,728] {scheduler_job.py:181} INFO - Started process (PID=2363) to work on /home/airflow/.local/lib/python3.8/site-packages/airflow/example_dags/example_latest_only_with_trigger.py
[2021-02-08 04:38:39,737] {scheduler_job.py:627} INFO - Processing file /home/airflow/.local/lib/python3.8/site-packages/airflow/example_dags/example_latest_only_with_trigger.py for tasks to queue
[2021-02-08 04:38:39,740] {logging_mixin.py:104} INFO - [2021-02-08 04:38:39,740] {dagbag.py:449} INFO - Filling up the DagBag from /home/airflow/.local/lib/python3.8/site-packages/airflow/example_dags/example_latest_only_with_trigger.py
[2021-02-08 04:38:39,768] {scheduler_job.py:637} INFO - DAG(s) dict_keys(['latest_only_with_trigger']) retrieved from /home/airflow/.local/lib/python3.8/site-packages/airflow/example_dags/example_latest_only_with_trigger.py
[2021-02-08 04:38:39,810] {logging_mixin.py:104} INFO - [2021-02-08 04:38:39,810] {dag.py:1818} INFO - Sync 1 DAGs
[2021-02-08 04:38:39,831] {logging_mixin.py:104} INFO - [2021-02-08 04:38:39,831] {dag.py:2273} INFO - Setting next_dagrun for latest_only_with_trigger to 2021-02-06 00:00:00+00:00
[2021-02-08 04:38:39,867] {scheduler_job.py:189} INFO - Processing /home/airflow/.local/lib/python3.8/site-packages/airflow/example_dags/example_latest_only_with_trigger.py took 0.163 seconds
[2021-02-08 04:39:10,311] {scheduler_job.py:181} INFO - Started process (PID=2385) to work on /home/airflow/.local/lib/python3.8/site-packages/airflow/example_dags/example_latest_only_with_trigger.py
[2021-02-08 04:39:10,314] {scheduler_job.py:627} INFO - Processing file /home/airflow/.local/lib/python3.8/site-packages/airflow/example_dags/example_latest_only_with_trigger.py for tasks to queue
[2021-02-08 04:39:10,317] {logging_mixin.py:104} INFO - [2021-02-08 04:39:10,316] {dagbag.py:449} INFO - Filling up the DagBag from /home/airflow/.local/lib/python3.8/site-packages/airflow/example_dags/example_latest_only_with_trigger.py
[2021-02-08 04:39:10,338] {scheduler_job.py:637} INFO - DAG(s) dict_keys(['latest_only_with_trigger']) retrieved from /home/airflow/.local/lib/python3.8/site-packages/airflow/example_dags/example_latest_only_with_trigger.py
[2021-02-08 04:39:10,378] {logging_mixin.py:104} INFO - [2021-02-08 04:39:10,378] {dag.py:1818} INFO - Sync 1 DAGs
[2021-02-08 04:39:10,401] {logging_mixin.py:104} INFO - [2021-02-08 04:39:10,401] {dag.py:2273} INFO - Setting next_dagrun for latest_only_with_trigger to 2021-02-06 00:00:00+00:00
[2021-02-08 04:39:10,418] {scheduler_job.py:189} INFO - Processing /home/airflow/.local/lib/python3.8/site-packages/airflow/example_dags/example_latest_only_with_trigger.py took 0.113 seconds
[2021-02-08 04:39:40,527] {scheduler_job.py:181} INFO - Started process (PID=2409) to work on /home/airflow/.local/lib/python3.8/site-packages/airflow/example_dags/example_latest_only_with_trigger.py
[2021-02-08 04:39:40,529] {scheduler_job.py:627} INFO - Processing file /home/airflow/.local/lib/python3.8/site-packages/airflow/example_dags/example_latest_only_with_trigger.py for tasks to queue
[2021-02-08 04:39:40,531] {logging_mixin.py:104} INFO - [2021-02-08 04:39:40,531] {dagbag.py:449} INFO - Filling up the DagBag from /home/airflow/.local/lib/python3.8/site-packages/airflow/example_dags/example_latest_only_with_trigger.py
[2021-02-08 04:39:40,543] {scheduler_job.py:637} INFO - DAG(s) dict_keys(['latest_only_with_trigger']) retrieved from /home/airflow/.local/lib/python3.8/site-packages/airflow/example_dags/example_latest_only_with_trigger.py
[2021-02-08 04:39:40,572] {logging_mixin.py:104} INFO - [2021-02-08 04:39:40,572] {dag.py:1818} INFO - Sync 1 DAGs
[2021-02-08 04:39:40,588] {logging_mixin.py:104} INFO - [2021-02-08 04:39:40,587] {dag.py:2273} INFO - Setting next_dagrun for latest_only_with_trigger to 2021-02-06 00:00:00+00:00
[2021-02-08 04:39:40,601] {scheduler_job.py:189} INFO - Processing /home/airflow/.local/lib/python3.8/site-packages/airflow/example_dags/example_latest_only_with_trigger.py took 0.079 seconds
[2021-02-08 04:40:11,675] {scheduler_job.py:181} INFO - Started process (PID=2437) to work on /home/airflow/.local/lib/python3.8/site-packages/airflow/example_dags/example_latest_only_with_trigger.py
[2021-02-08 04:40:11,678] {scheduler_job.py:627} INFO - Processing file /home/airflow/.local/lib/python3.8/site-packages/airflow/example_dags/example_latest_only_with_trigger.py for tasks to queue
[2021-02-08 04:40:11,680] {logging_mixin.py:104} INFO - [2021-02-08 04:40:11,680] {dagbag.py:449} INFO - Filling up the DagBag from /home/airflow/.local/lib/python3.8/site-packages/airflow/example_dags/example_latest_only_with_trigger.py
[2021-02-08 04:40:11,696] {scheduler_job.py:637} INFO - DAG(s) dict_keys(['latest_only_with_trigger']) retrieved from /home/airflow/.local/lib/python3.8/site-packages/airflow/example_dags/example_latest_only_with_trigger.py
[2021-02-08 04:40:11,732] {logging_mixin.py:104} INFO - [2021-02-08 04:40:11,732] {dag.py:1818} INFO - Sync 1 DAGs
[2021-02-08 04:40:11,748] {logging_mixin.py:104} INFO - [2021-02-08 04:40:11,748] {dag.py:2273} INFO - Setting next_dagrun for latest_only_with_trigger to 2021-02-06 00:00:00+00:00
[2021-02-08 04:40:11,762] {scheduler_job.py:189} INFO - Processing /home/airflow/.local/lib/python3.8/site-packages/airflow/example_dags/example_latest_only_with_trigger.py took 0.092 seconds
[2021-02-08 04:40:42,070] {scheduler_job.py:181} INFO - Started process (PID=2461) to work on /home/airflow/.local/lib/python3.8/site-packages/airflow/example_dags/example_latest_only_with_trigger.py
[2021-02-08 04:40:42,073] {scheduler_job.py:627} INFO - Processing file /home/airflow/.local/lib/python3.8/site-packages/airflow/example_dags/example_latest_only_with_trigger.py for tasks to queue
[2021-02-08 04:40:42,075] {logging_mixin.py:104} INFO - [2021-02-08 04:40:42,074] {dagbag.py:449} INFO - Filling up the DagBag from /home/airflow/.local/lib/python3.8/site-packages/airflow/example_dags/example_latest_only_with_trigger.py
[2021-02-08 04:40:42,087] {scheduler_job.py:637} INFO - DAG(s) dict_keys(['latest_only_with_trigger']) retrieved from /home/airflow/.local/lib/python3.8/site-packages/airflow/example_dags/example_latest_only_with_trigger.py
[2021-02-08 04:40:42,124] {logging_mixin.py:104} INFO - [2021-02-08 04:40:42,124] {dag.py:1818} INFO - Sync 1 DAGs
[2021-02-08 04:40:42,148] {logging_mixin.py:104} INFO - [2021-02-08 04:40:42,148] {dag.py:2273} INFO - Setting next_dagrun for latest_only_with_trigger to 2021-02-06 00:00:00+00:00
[2021-02-08 04:40:42,170] {scheduler_job.py:189} INFO - Processing /home/airflow/.local/lib/python3.8/site-packages/airflow/example_dags/example_latest_only_with_trigger.py took 0.107 seconds
[2021-02-08 04:41:12,208] {scheduler_job.py:181} INFO - Started process (PID=2487) to work on /home/airflow/.local/lib/python3.8/site-packages/airflow/example_dags/example_latest_only_with_trigger.py
[2021-02-08 04:41:12,211] {scheduler_job.py:627} INFO - Processing file /home/airflow/.local/lib/python3.8/site-packages/airflow/example_dags/example_latest_only_with_trigger.py for tasks to queue
[2021-02-08 04:41:12,213] {logging_mixin.py:104} INFO - [2021-02-08 04:41:12,213] {dagbag.py:449} INFO - Filling up the DagBag from /home/airflow/.local/lib/python3.8/site-packages/airflow/example_dags/example_latest_only_with_trigger.py
[2021-02-08 04:41:12,228] {scheduler_job.py:637} INFO - DAG(s) dict_keys(['latest_only_with_trigger']) retrieved from /home/airflow/.local/lib/python3.8/site-packages/airflow/example_dags/example_latest_only_with_trigger.py
[2021-02-08 04:41:12,264] {logging_mixin.py:104} INFO - [2021-02-08 04:41:12,263] {dag.py:1818} INFO - Sync 1 DAGs
[2021-02-08 04:41:12,281] {logging_mixin.py:104} INFO - [2021-02-08 04:41:12,281] {dag.py:2273} INFO - Setting next_dagrun for latest_only_with_trigger to 2021-02-06 00:00:00+00:00
[2021-02-08 04:41:12,302] {scheduler_job.py:189} INFO - Processing /home/airflow/.local/lib/python3.8/site-packages/airflow/example_dags/example_latest_only_with_trigger.py took 0.099 seconds
[2021-02-08 04:41:43,060] {scheduler_job.py:181} INFO - Started process (PID=2513) to work on /home/airflow/.local/lib/python3.8/site-packages/airflow/example_dags/example_latest_only_with_trigger.py
[2021-02-08 04:41:43,063] {scheduler_job.py:627} INFO - Processing file /home/airflow/.local/lib/python3.8/site-packages/airflow/example_dags/example_latest_only_with_trigger.py for tasks to queue
[2021-02-08 04:41:43,065] {logging_mixin.py:104} INFO - [2021-02-08 04:41:43,065] {dagbag.py:449} INFO - Filling up the DagBag from /home/airflow/.local/lib/python3.8/site-packages/airflow/example_dags/example_latest_only_with_trigger.py
[2021-02-08 04:41:43,084] {scheduler_job.py:637} INFO - DAG(s) dict_keys(['latest_only_with_trigger']) retrieved from /home/airflow/.local/lib/python3.8/site-packages/airflow/example_dags/example_latest_only_with_trigger.py
[2021-02-08 04:41:43,128] {logging_mixin.py:104} INFO - [2021-02-08 04:41:43,128] {dag.py:1818} INFO - Sync 1 DAGs
[2021-02-08 04:41:43,154] {logging_mixin.py:104} INFO - [2021-02-08 04:41:43,153] {dag.py:2273} INFO - Setting next_dagrun for latest_only_with_trigger to 2021-02-06 00:00:00+00:00
[2021-02-08 04:41:43,171] {scheduler_job.py:189} INFO - Processing /home/airflow/.local/lib/python3.8/site-packages/airflow/example_dags/example_latest_only_with_trigger.py took 0.118 seconds
[2021-02-08 04:42:13,353] {scheduler_job.py:181} INFO - Started process (PID=2538) to work on /home/airflow/.local/lib/python3.8/site-packages/airflow/example_dags/example_latest_only_with_trigger.py
[2021-02-08 04:42:13,357] {scheduler_job.py:627} INFO - Processing file /home/airflow/.local/lib/python3.8/site-packages/airflow/example_dags/example_latest_only_with_trigger.py for tasks to queue
[2021-02-08 04:42:13,359] {logging_mixin.py:104} INFO - [2021-02-08 04:42:13,359] {dagbag.py:449} INFO - Filling up the DagBag from /home/airflow/.local/lib/python3.8/site-packages/airflow/example_dags/example_latest_only_with_trigger.py
[2021-02-08 04:42:13,380] {scheduler_job.py:637} INFO - DAG(s) dict_keys(['latest_only_with_trigger']) retrieved from /home/airflow/.local/lib/python3.8/site-packages/airflow/example_dags/example_latest_only_with_trigger.py
[2021-02-08 04:42:13,418] {logging_mixin.py:104} INFO - [2021-02-08 04:42:13,418] {dag.py:1818} INFO - Sync 1 DAGs
[2021-02-08 04:42:13,438] {logging_mixin.py:104} INFO - [2021-02-08 04:42:13,438] {dag.py:2273} INFO - Setting next_dagrun for latest_only_with_trigger to 2021-02-06 00:00:00+00:00
[2021-02-08 04:42:13,455] {scheduler_job.py:189} INFO - Processing /home/airflow/.local/lib/python3.8/site-packages/airflow/example_dags/example_latest_only_with_trigger.py took 0.107 seconds
[2021-02-08 04:42:45,308] {scheduler_job.py:181} INFO - Started process (PID=2565) to work on /home/airflow/.local/lib/python3.8/site-packages/airflow/example_dags/example_latest_only_with_trigger.py
[2021-02-08 04:42:45,312] {scheduler_job.py:627} INFO - Processing file /home/airflow/.local/lib/python3.8/site-packages/airflow/example_dags/example_latest_only_with_trigger.py for tasks to queue
[2021-02-08 04:42:45,315] {logging_mixin.py:104} INFO - [2021-02-08 04:42:45,314] {dagbag.py:449} INFO - Filling up the DagBag from /home/airflow/.local/lib/python3.8/site-packages/airflow/example_dags/example_latest_only_with_trigger.py
[2021-02-08 04:42:45,338] {scheduler_job.py:637} INFO - DAG(s) dict_keys(['latest_only_with_trigger']) retrieved from /home/airflow/.local/lib/python3.8/site-packages/airflow/example_dags/example_latest_only_with_trigger.py
[2021-02-08 04:42:45,389] {logging_mixin.py:104} INFO - [2021-02-08 04:42:45,389] {dag.py:1818} INFO - Sync 1 DAGs
[2021-02-08 04:42:45,416] {logging_mixin.py:104} INFO - [2021-02-08 04:42:45,416] {dag.py:2273} INFO - Setting next_dagrun for latest_only_with_trigger to 2021-02-06 00:00:00+00:00
[2021-02-08 04:42:45,433] {scheduler_job.py:189} INFO - Processing /home/airflow/.local/lib/python3.8/site-packages/airflow/example_dags/example_latest_only_with_trigger.py took 0.136 seconds
[2021-02-08 04:43:15,652] {scheduler_job.py:181} INFO - Started process (PID=2588) to work on /home/airflow/.local/lib/python3.8/site-packages/airflow/example_dags/example_latest_only_with_trigger.py
[2021-02-08 04:43:15,657] {scheduler_job.py:627} INFO - Processing file /home/airflow/.local/lib/python3.8/site-packages/airflow/example_dags/example_latest_only_with_trigger.py for tasks to queue
[2021-02-08 04:43:15,661] {logging_mixin.py:104} INFO - [2021-02-08 04:43:15,661] {dagbag.py:449} INFO - Filling up the DagBag from /home/airflow/.local/lib/python3.8/site-packages/airflow/example_dags/example_latest_only_with_trigger.py
[2021-02-08 04:43:15,679] {scheduler_job.py:637} INFO - DAG(s) dict_keys(['latest_only_with_trigger']) retrieved from /home/airflow/.local/lib/python3.8/site-packages/airflow/example_dags/example_latest_only_with_trigger.py
[2021-02-08 04:43:15,741] {logging_mixin.py:104} INFO - [2021-02-08 04:43:15,741] {dag.py:1818} INFO - Sync 1 DAGs
[2021-02-08 04:43:15,791] {logging_mixin.py:104} INFO - [2021-02-08 04:43:15,791] {dag.py:2273} INFO - Setting next_dagrun for latest_only_with_trigger to 2021-02-06 00:00:00+00:00
[2021-02-08 04:43:15,817] {scheduler_job.py:189} INFO - Processing /home/airflow/.local/lib/python3.8/site-packages/airflow/example_dags/example_latest_only_with_trigger.py took 0.181 seconds
[2021-02-08 04:43:46,318] {scheduler_job.py:181} INFO - Started process (PID=2614) to work on /home/airflow/.local/lib/python3.8/site-packages/airflow/example_dags/example_latest_only_with_trigger.py
[2021-02-08 04:43:46,323] {scheduler_job.py:627} INFO - Processing file /home/airflow/.local/lib/python3.8/site-packages/airflow/example_dags/example_latest_only_with_trigger.py for tasks to queue
[2021-02-08 04:43:46,333] {logging_mixin.py:104} INFO - [2021-02-08 04:43:46,332] {dagbag.py:449} INFO - Filling up the DagBag from /home/airflow/.local/lib/python3.8/site-packages/airflow/example_dags/example_latest_only_with_trigger.py
[2021-02-08 04:43:46,446] {scheduler_job.py:637} INFO - DAG(s) dict_keys(['latest_only_with_trigger']) retrieved from /home/airflow/.local/lib/python3.8/site-packages/airflow/example_dags/example_latest_only_with_trigger.py
[2021-02-08 04:43:46,607] {logging_mixin.py:104} INFO - [2021-02-08 04:43:46,607] {dag.py:1818} INFO - Sync 1 DAGs
[2021-02-08 04:43:46,636] {logging_mixin.py:104} INFO - [2021-02-08 04:43:46,636] {dag.py:2273} INFO - Setting next_dagrun for latest_only_with_trigger to 2021-02-06 00:00:00+00:00
[2021-02-08 04:43:46,658] {scheduler_job.py:189} INFO - Processing /home/airflow/.local/lib/python3.8/site-packages/airflow/example_dags/example_latest_only_with_trigger.py took 0.349 seconds
