[2021-02-08 01:26:31,019] {scheduler_job.py:181} INFO - Started process (PID=1634) to work on /home/airflow/.local/lib/python3.8/site-packages/airflow/example_dags/example_kubernetes_executor.py
[2021-02-08 01:26:31,022] {scheduler_job.py:627} INFO - Processing file /home/airflow/.local/lib/python3.8/site-packages/airflow/example_dags/example_kubernetes_executor.py for tasks to queue
[2021-02-08 01:26:31,024] {logging_mixin.py:104} INFO - [2021-02-08 01:26:31,024] {dagbag.py:449} INFO - Filling up the DagBag from /home/airflow/.local/lib/python3.8/site-packages/airflow/example_dags/example_kubernetes_executor.py
[2021-02-08 01:26:31,045] {scheduler_job.py:637} INFO - DAG(s) dict_keys(['example_kubernetes_executor']) retrieved from /home/airflow/.local/lib/python3.8/site-packages/airflow/example_dags/example_kubernetes_executor.py
[2021-02-08 01:26:31,096] {logging_mixin.py:104} INFO - [2021-02-08 01:26:31,096] {dag.py:1818} INFO - Sync 1 DAGs
[2021-02-08 01:26:31,116] {logging_mixin.py:104} INFO - [2021-02-08 01:26:31,116] {dag.py:2273} INFO - Setting next_dagrun for example_kubernetes_executor to None
[2021-02-08 01:26:31,135] {scheduler_job.py:189} INFO - Processing /home/airflow/.local/lib/python3.8/site-packages/airflow/example_dags/example_kubernetes_executor.py took 0.121 seconds
[2021-02-08 03:26:49,191] {scheduler_job.py:181} INFO - Started process (PID=1660) to work on /home/airflow/.local/lib/python3.8/site-packages/airflow/example_dags/example_kubernetes_executor.py
[2021-02-08 03:26:49,194] {scheduler_job.py:627} INFO - Processing file /home/airflow/.local/lib/python3.8/site-packages/airflow/example_dags/example_kubernetes_executor.py for tasks to queue
[2021-02-08 03:26:49,196] {logging_mixin.py:104} INFO - [2021-02-08 03:26:49,196] {dagbag.py:449} INFO - Filling up the DagBag from /home/airflow/.local/lib/python3.8/site-packages/airflow/example_dags/example_kubernetes_executor.py
[2021-02-08 03:26:49,217] {scheduler_job.py:637} INFO - DAG(s) dict_keys(['example_kubernetes_executor']) retrieved from /home/airflow/.local/lib/python3.8/site-packages/airflow/example_dags/example_kubernetes_executor.py
[2021-02-08 03:26:49,255] {logging_mixin.py:104} INFO - [2021-02-08 03:26:49,254] {dag.py:1818} INFO - Sync 1 DAGs
[2021-02-08 03:26:49,279] {logging_mixin.py:104} INFO - [2021-02-08 03:26:49,279] {dag.py:2273} INFO - Setting next_dagrun for example_kubernetes_executor to None
[2021-02-08 03:26:49,295] {scheduler_job.py:189} INFO - Processing /home/airflow/.local/lib/python3.8/site-packages/airflow/example_dags/example_kubernetes_executor.py took 0.110 seconds
[2021-02-08 04:25:25,169] {scheduler_job.py:181} INFO - Started process (PID=1686) to work on /home/airflow/.local/lib/python3.8/site-packages/airflow/example_dags/example_kubernetes_executor.py
[2021-02-08 04:25:25,181] {scheduler_job.py:627} INFO - Processing file /home/airflow/.local/lib/python3.8/site-packages/airflow/example_dags/example_kubernetes_executor.py for tasks to queue
[2021-02-08 04:25:25,196] {logging_mixin.py:104} INFO - [2021-02-08 04:25:25,195] {dagbag.py:449} INFO - Filling up the DagBag from /home/airflow/.local/lib/python3.8/site-packages/airflow/example_dags/example_kubernetes_executor.py
[2021-02-08 04:25:25,236] {scheduler_job.py:637} INFO - DAG(s) dict_keys(['example_kubernetes_executor']) retrieved from /home/airflow/.local/lib/python3.8/site-packages/airflow/example_dags/example_kubernetes_executor.py
[2021-02-08 04:25:25,323] {logging_mixin.py:104} INFO - [2021-02-08 04:25:25,323] {dag.py:1818} INFO - Sync 1 DAGs
[2021-02-08 04:25:25,360] {logging_mixin.py:104} INFO - [2021-02-08 04:25:25,359] {dag.py:2273} INFO - Setting next_dagrun for example_kubernetes_executor to None
[2021-02-08 04:25:25,395] {scheduler_job.py:189} INFO - Processing /home/airflow/.local/lib/python3.8/site-packages/airflow/example_dags/example_kubernetes_executor.py took 0.237 seconds
[2021-02-08 04:25:55,712] {scheduler_job.py:181} INFO - Started process (PID=1712) to work on /home/airflow/.local/lib/python3.8/site-packages/airflow/example_dags/example_kubernetes_executor.py
[2021-02-08 04:25:55,715] {scheduler_job.py:627} INFO - Processing file /home/airflow/.local/lib/python3.8/site-packages/airflow/example_dags/example_kubernetes_executor.py for tasks to queue
[2021-02-08 04:25:55,717] {logging_mixin.py:104} INFO - [2021-02-08 04:25:55,717] {dagbag.py:449} INFO - Filling up the DagBag from /home/airflow/.local/lib/python3.8/site-packages/airflow/example_dags/example_kubernetes_executor.py
[2021-02-08 04:25:55,737] {scheduler_job.py:637} INFO - DAG(s) dict_keys(['example_kubernetes_executor']) retrieved from /home/airflow/.local/lib/python3.8/site-packages/airflow/example_dags/example_kubernetes_executor.py
[2021-02-08 04:25:55,774] {logging_mixin.py:104} INFO - [2021-02-08 04:25:55,774] {dag.py:1818} INFO - Sync 1 DAGs
[2021-02-08 04:25:55,792] {logging_mixin.py:104} INFO - [2021-02-08 04:25:55,792] {dag.py:2273} INFO - Setting next_dagrun for example_kubernetes_executor to None
[2021-02-08 04:25:55,808] {scheduler_job.py:189} INFO - Processing /home/airflow/.local/lib/python3.8/site-packages/airflow/example_dags/example_kubernetes_executor.py took 0.107 seconds
[2021-02-08 04:26:25,933] {scheduler_job.py:181} INFO - Started process (PID=1738) to work on /home/airflow/.local/lib/python3.8/site-packages/airflow/example_dags/example_kubernetes_executor.py
[2021-02-08 04:26:25,935] {scheduler_job.py:627} INFO - Processing file /home/airflow/.local/lib/python3.8/site-packages/airflow/example_dags/example_kubernetes_executor.py for tasks to queue
[2021-02-08 04:26:25,937] {logging_mixin.py:104} INFO - [2021-02-08 04:26:25,937] {dagbag.py:449} INFO - Filling up the DagBag from /home/airflow/.local/lib/python3.8/site-packages/airflow/example_dags/example_kubernetes_executor.py
[2021-02-08 04:26:25,951] {scheduler_job.py:637} INFO - DAG(s) dict_keys(['example_kubernetes_executor']) retrieved from /home/airflow/.local/lib/python3.8/site-packages/airflow/example_dags/example_kubernetes_executor.py
[2021-02-08 04:26:25,988] {logging_mixin.py:104} INFO - [2021-02-08 04:26:25,988] {dag.py:1818} INFO - Sync 1 DAGs
[2021-02-08 04:26:26,004] {logging_mixin.py:104} INFO - [2021-02-08 04:26:26,004] {dag.py:2273} INFO - Setting next_dagrun for example_kubernetes_executor to None
[2021-02-08 04:26:26,016] {scheduler_job.py:189} INFO - Processing /home/airflow/.local/lib/python3.8/site-packages/airflow/example_dags/example_kubernetes_executor.py took 0.087 seconds
[2021-02-08 04:26:56,298] {scheduler_job.py:181} INFO - Started process (PID=1759) to work on /home/airflow/.local/lib/python3.8/site-packages/airflow/example_dags/example_kubernetes_executor.py
[2021-02-08 04:26:56,300] {scheduler_job.py:627} INFO - Processing file /home/airflow/.local/lib/python3.8/site-packages/airflow/example_dags/example_kubernetes_executor.py for tasks to queue
[2021-02-08 04:26:56,302] {logging_mixin.py:104} INFO - [2021-02-08 04:26:56,302] {dagbag.py:449} INFO - Filling up the DagBag from /home/airflow/.local/lib/python3.8/site-packages/airflow/example_dags/example_kubernetes_executor.py
[2021-02-08 04:26:56,317] {scheduler_job.py:637} INFO - DAG(s) dict_keys(['example_kubernetes_executor']) retrieved from /home/airflow/.local/lib/python3.8/site-packages/airflow/example_dags/example_kubernetes_executor.py
[2021-02-08 04:26:56,349] {logging_mixin.py:104} INFO - [2021-02-08 04:26:56,349] {dag.py:1818} INFO - Sync 1 DAGs
[2021-02-08 04:26:56,368] {logging_mixin.py:104} INFO - [2021-02-08 04:26:56,368] {dag.py:2273} INFO - Setting next_dagrun for example_kubernetes_executor to None
[2021-02-08 04:26:56,383] {scheduler_job.py:189} INFO - Processing /home/airflow/.local/lib/python3.8/site-packages/airflow/example_dags/example_kubernetes_executor.py took 0.089 seconds
[2021-02-08 04:27:27,019] {scheduler_job.py:181} INFO - Started process (PID=1785) to work on /home/airflow/.local/lib/python3.8/site-packages/airflow/example_dags/example_kubernetes_executor.py
[2021-02-08 04:27:27,023] {scheduler_job.py:627} INFO - Processing file /home/airflow/.local/lib/python3.8/site-packages/airflow/example_dags/example_kubernetes_executor.py for tasks to queue
[2021-02-08 04:27:27,026] {logging_mixin.py:104} INFO - [2021-02-08 04:27:27,026] {dagbag.py:449} INFO - Filling up the DagBag from /home/airflow/.local/lib/python3.8/site-packages/airflow/example_dags/example_kubernetes_executor.py
[2021-02-08 04:27:27,044] {scheduler_job.py:637} INFO - DAG(s) dict_keys(['example_kubernetes_executor']) retrieved from /home/airflow/.local/lib/python3.8/site-packages/airflow/example_dags/example_kubernetes_executor.py
[2021-02-08 04:27:27,074] {logging_mixin.py:104} INFO - [2021-02-08 04:27:27,074] {dag.py:1818} INFO - Sync 1 DAGs
[2021-02-08 04:27:27,091] {logging_mixin.py:104} INFO - [2021-02-08 04:27:27,091] {dag.py:2273} INFO - Setting next_dagrun for example_kubernetes_executor to None
[2021-02-08 04:27:27,105] {scheduler_job.py:189} INFO - Processing /home/airflow/.local/lib/python3.8/site-packages/airflow/example_dags/example_kubernetes_executor.py took 0.092 seconds
[2021-02-08 04:27:57,652] {scheduler_job.py:181} INFO - Started process (PID=1811) to work on /home/airflow/.local/lib/python3.8/site-packages/airflow/example_dags/example_kubernetes_executor.py
[2021-02-08 04:27:57,653] {scheduler_job.py:627} INFO - Processing file /home/airflow/.local/lib/python3.8/site-packages/airflow/example_dags/example_kubernetes_executor.py for tasks to queue
[2021-02-08 04:27:57,655] {logging_mixin.py:104} INFO - [2021-02-08 04:27:57,655] {dagbag.py:449} INFO - Filling up the DagBag from /home/airflow/.local/lib/python3.8/site-packages/airflow/example_dags/example_kubernetes_executor.py
[2021-02-08 04:27:57,668] {scheduler_job.py:637} INFO - DAG(s) dict_keys(['example_kubernetes_executor']) retrieved from /home/airflow/.local/lib/python3.8/site-packages/airflow/example_dags/example_kubernetes_executor.py
[2021-02-08 04:27:57,699] {logging_mixin.py:104} INFO - [2021-02-08 04:27:57,699] {dag.py:1818} INFO - Sync 1 DAGs
[2021-02-08 04:27:57,715] {logging_mixin.py:104} INFO - [2021-02-08 04:27:57,714] {dag.py:2273} INFO - Setting next_dagrun for example_kubernetes_executor to None
[2021-02-08 04:27:57,728] {scheduler_job.py:189} INFO - Processing /home/airflow/.local/lib/python3.8/site-packages/airflow/example_dags/example_kubernetes_executor.py took 0.081 seconds
[2021-02-08 04:28:28,157] {scheduler_job.py:181} INFO - Started process (PID=1838) to work on /home/airflow/.local/lib/python3.8/site-packages/airflow/example_dags/example_kubernetes_executor.py
[2021-02-08 04:28:28,159] {scheduler_job.py:627} INFO - Processing file /home/airflow/.local/lib/python3.8/site-packages/airflow/example_dags/example_kubernetes_executor.py for tasks to queue
[2021-02-08 04:28:28,162] {logging_mixin.py:104} INFO - [2021-02-08 04:28:28,162] {dagbag.py:449} INFO - Filling up the DagBag from /home/airflow/.local/lib/python3.8/site-packages/airflow/example_dags/example_kubernetes_executor.py
[2021-02-08 04:28:28,181] {scheduler_job.py:637} INFO - DAG(s) dict_keys(['example_kubernetes_executor']) retrieved from /home/airflow/.local/lib/python3.8/site-packages/airflow/example_dags/example_kubernetes_executor.py
[2021-02-08 04:28:28,212] {logging_mixin.py:104} INFO - [2021-02-08 04:28:28,211] {dag.py:1818} INFO - Sync 1 DAGs
[2021-02-08 04:28:28,227] {logging_mixin.py:104} INFO - [2021-02-08 04:28:28,226] {dag.py:2273} INFO - Setting next_dagrun for example_kubernetes_executor to None
[2021-02-08 04:28:28,241] {scheduler_job.py:189} INFO - Processing /home/airflow/.local/lib/python3.8/site-packages/airflow/example_dags/example_kubernetes_executor.py took 0.090 seconds
[2021-02-08 04:28:58,571] {scheduler_job.py:181} INFO - Started process (PID=1863) to work on /home/airflow/.local/lib/python3.8/site-packages/airflow/example_dags/example_kubernetes_executor.py
[2021-02-08 04:28:58,573] {scheduler_job.py:627} INFO - Processing file /home/airflow/.local/lib/python3.8/site-packages/airflow/example_dags/example_kubernetes_executor.py for tasks to queue
[2021-02-08 04:28:58,575] {logging_mixin.py:104} INFO - [2021-02-08 04:28:58,575] {dagbag.py:449} INFO - Filling up the DagBag from /home/airflow/.local/lib/python3.8/site-packages/airflow/example_dags/example_kubernetes_executor.py
[2021-02-08 04:28:58,587] {scheduler_job.py:637} INFO - DAG(s) dict_keys(['example_kubernetes_executor']) retrieved from /home/airflow/.local/lib/python3.8/site-packages/airflow/example_dags/example_kubernetes_executor.py
[2021-02-08 04:28:58,613] {logging_mixin.py:104} INFO - [2021-02-08 04:28:58,613] {dag.py:1818} INFO - Sync 1 DAGs
[2021-02-08 04:28:58,628] {logging_mixin.py:104} INFO - [2021-02-08 04:28:58,628] {dag.py:2273} INFO - Setting next_dagrun for example_kubernetes_executor to None
[2021-02-08 04:28:58,649] {scheduler_job.py:189} INFO - Processing /home/airflow/.local/lib/python3.8/site-packages/airflow/example_dags/example_kubernetes_executor.py took 0.082 seconds
[2021-02-08 04:29:29,185] {scheduler_job.py:181} INFO - Started process (PID=1889) to work on /home/airflow/.local/lib/python3.8/site-packages/airflow/example_dags/example_kubernetes_executor.py
[2021-02-08 04:29:29,187] {scheduler_job.py:627} INFO - Processing file /home/airflow/.local/lib/python3.8/site-packages/airflow/example_dags/example_kubernetes_executor.py for tasks to queue
[2021-02-08 04:29:29,189] {logging_mixin.py:104} INFO - [2021-02-08 04:29:29,189] {dagbag.py:449} INFO - Filling up the DagBag from /home/airflow/.local/lib/python3.8/site-packages/airflow/example_dags/example_kubernetes_executor.py
[2021-02-08 04:29:29,200] {scheduler_job.py:637} INFO - DAG(s) dict_keys(['example_kubernetes_executor']) retrieved from /home/airflow/.local/lib/python3.8/site-packages/airflow/example_dags/example_kubernetes_executor.py
[2021-02-08 04:29:29,225] {logging_mixin.py:104} INFO - [2021-02-08 04:29:29,225] {dag.py:1818} INFO - Sync 1 DAGs
[2021-02-08 04:29:29,240] {logging_mixin.py:104} INFO - [2021-02-08 04:29:29,240] {dag.py:2273} INFO - Setting next_dagrun for example_kubernetes_executor to None
[2021-02-08 04:29:29,257] {scheduler_job.py:189} INFO - Processing /home/airflow/.local/lib/python3.8/site-packages/airflow/example_dags/example_kubernetes_executor.py took 0.076 seconds
[2021-02-08 04:29:59,894] {scheduler_job.py:181} INFO - Started process (PID=1915) to work on /home/airflow/.local/lib/python3.8/site-packages/airflow/example_dags/example_kubernetes_executor.py
[2021-02-08 04:29:59,897] {scheduler_job.py:627} INFO - Processing file /home/airflow/.local/lib/python3.8/site-packages/airflow/example_dags/example_kubernetes_executor.py for tasks to queue
[2021-02-08 04:29:59,899] {logging_mixin.py:104} INFO - [2021-02-08 04:29:59,899] {dagbag.py:449} INFO - Filling up the DagBag from /home/airflow/.local/lib/python3.8/site-packages/airflow/example_dags/example_kubernetes_executor.py
[2021-02-08 04:29:59,918] {scheduler_job.py:637} INFO - DAG(s) dict_keys(['example_kubernetes_executor']) retrieved from /home/airflow/.local/lib/python3.8/site-packages/airflow/example_dags/example_kubernetes_executor.py
[2021-02-08 04:29:59,953] {logging_mixin.py:104} INFO - [2021-02-08 04:29:59,952] {dag.py:1818} INFO - Sync 1 DAGs
[2021-02-08 04:29:59,973] {logging_mixin.py:104} INFO - [2021-02-08 04:29:59,973] {dag.py:2273} INFO - Setting next_dagrun for example_kubernetes_executor to None
[2021-02-08 04:29:59,991] {scheduler_job.py:189} INFO - Processing /home/airflow/.local/lib/python3.8/site-packages/airflow/example_dags/example_kubernetes_executor.py took 0.103 seconds
[2021-02-08 04:30:30,758] {scheduler_job.py:181} INFO - Started process (PID=1941) to work on /home/airflow/.local/lib/python3.8/site-packages/airflow/example_dags/example_kubernetes_executor.py
[2021-02-08 04:30:30,763] {scheduler_job.py:627} INFO - Processing file /home/airflow/.local/lib/python3.8/site-packages/airflow/example_dags/example_kubernetes_executor.py for tasks to queue
[2021-02-08 04:30:30,765] {logging_mixin.py:104} INFO - [2021-02-08 04:30:30,765] {dagbag.py:449} INFO - Filling up the DagBag from /home/airflow/.local/lib/python3.8/site-packages/airflow/example_dags/example_kubernetes_executor.py
[2021-02-08 04:30:30,785] {scheduler_job.py:637} INFO - DAG(s) dict_keys(['example_kubernetes_executor']) retrieved from /home/airflow/.local/lib/python3.8/site-packages/airflow/example_dags/example_kubernetes_executor.py
[2021-02-08 04:30:30,824] {logging_mixin.py:104} INFO - [2021-02-08 04:30:30,824] {dag.py:1818} INFO - Sync 1 DAGs
[2021-02-08 04:30:30,844] {logging_mixin.py:104} INFO - [2021-02-08 04:30:30,843] {dag.py:2273} INFO - Setting next_dagrun for example_kubernetes_executor to None
[2021-02-08 04:30:30,860] {scheduler_job.py:189} INFO - Processing /home/airflow/.local/lib/python3.8/site-packages/airflow/example_dags/example_kubernetes_executor.py took 0.112 seconds
[2021-02-08 04:31:01,514] {scheduler_job.py:181} INFO - Started process (PID=1967) to work on /home/airflow/.local/lib/python3.8/site-packages/airflow/example_dags/example_kubernetes_executor.py
[2021-02-08 04:31:01,516] {scheduler_job.py:627} INFO - Processing file /home/airflow/.local/lib/python3.8/site-packages/airflow/example_dags/example_kubernetes_executor.py for tasks to queue
[2021-02-08 04:31:01,518] {logging_mixin.py:104} INFO - [2021-02-08 04:31:01,518] {dagbag.py:449} INFO - Filling up the DagBag from /home/airflow/.local/lib/python3.8/site-packages/airflow/example_dags/example_kubernetes_executor.py
[2021-02-08 04:31:01,532] {scheduler_job.py:637} INFO - DAG(s) dict_keys(['example_kubernetes_executor']) retrieved from /home/airflow/.local/lib/python3.8/site-packages/airflow/example_dags/example_kubernetes_executor.py
[2021-02-08 04:31:01,557] {logging_mixin.py:104} INFO - [2021-02-08 04:31:01,557] {dag.py:1818} INFO - Sync 1 DAGs
[2021-02-08 04:31:01,573] {logging_mixin.py:104} INFO - [2021-02-08 04:31:01,573] {dag.py:2273} INFO - Setting next_dagrun for example_kubernetes_executor to None
[2021-02-08 04:31:01,589] {scheduler_job.py:189} INFO - Processing /home/airflow/.local/lib/python3.8/site-packages/airflow/example_dags/example_kubernetes_executor.py took 0.079 seconds
[2021-02-08 04:31:32,032] {scheduler_job.py:181} INFO - Started process (PID=1993) to work on /home/airflow/.local/lib/python3.8/site-packages/airflow/example_dags/example_kubernetes_executor.py
[2021-02-08 04:31:32,034] {scheduler_job.py:627} INFO - Processing file /home/airflow/.local/lib/python3.8/site-packages/airflow/example_dags/example_kubernetes_executor.py for tasks to queue
[2021-02-08 04:31:32,035] {logging_mixin.py:104} INFO - [2021-02-08 04:31:32,035] {dagbag.py:449} INFO - Filling up the DagBag from /home/airflow/.local/lib/python3.8/site-packages/airflow/example_dags/example_kubernetes_executor.py
[2021-02-08 04:31:32,047] {scheduler_job.py:637} INFO - DAG(s) dict_keys(['example_kubernetes_executor']) retrieved from /home/airflow/.local/lib/python3.8/site-packages/airflow/example_dags/example_kubernetes_executor.py
[2021-02-08 04:31:32,078] {logging_mixin.py:104} INFO - [2021-02-08 04:31:32,078] {dag.py:1818} INFO - Sync 1 DAGs
[2021-02-08 04:31:32,092] {logging_mixin.py:104} INFO - [2021-02-08 04:31:32,092] {dag.py:2273} INFO - Setting next_dagrun for example_kubernetes_executor to None
[2021-02-08 04:31:32,107] {scheduler_job.py:189} INFO - Processing /home/airflow/.local/lib/python3.8/site-packages/airflow/example_dags/example_kubernetes_executor.py took 0.081 seconds
[2021-02-08 04:32:02,526] {scheduler_job.py:181} INFO - Started process (PID=2019) to work on /home/airflow/.local/lib/python3.8/site-packages/airflow/example_dags/example_kubernetes_executor.py
[2021-02-08 04:32:02,528] {scheduler_job.py:627} INFO - Processing file /home/airflow/.local/lib/python3.8/site-packages/airflow/example_dags/example_kubernetes_executor.py for tasks to queue
[2021-02-08 04:32:02,529] {logging_mixin.py:104} INFO - [2021-02-08 04:32:02,529] {dagbag.py:449} INFO - Filling up the DagBag from /home/airflow/.local/lib/python3.8/site-packages/airflow/example_dags/example_kubernetes_executor.py
[2021-02-08 04:32:02,544] {scheduler_job.py:637} INFO - DAG(s) dict_keys(['example_kubernetes_executor']) retrieved from /home/airflow/.local/lib/python3.8/site-packages/airflow/example_dags/example_kubernetes_executor.py
[2021-02-08 04:32:02,568] {logging_mixin.py:104} INFO - [2021-02-08 04:32:02,568] {dag.py:1818} INFO - Sync 1 DAGs
[2021-02-08 04:32:02,584] {logging_mixin.py:104} INFO - [2021-02-08 04:32:02,584] {dag.py:2273} INFO - Setting next_dagrun for example_kubernetes_executor to None
[2021-02-08 04:32:02,596] {scheduler_job.py:189} INFO - Processing /home/airflow/.local/lib/python3.8/site-packages/airflow/example_dags/example_kubernetes_executor.py took 0.076 seconds
[2021-02-08 04:32:33,104] {scheduler_job.py:181} INFO - Started process (PID=2045) to work on /home/airflow/.local/lib/python3.8/site-packages/airflow/example_dags/example_kubernetes_executor.py
[2021-02-08 04:32:33,106] {scheduler_job.py:627} INFO - Processing file /home/airflow/.local/lib/python3.8/site-packages/airflow/example_dags/example_kubernetes_executor.py for tasks to queue
[2021-02-08 04:32:33,108] {logging_mixin.py:104} INFO - [2021-02-08 04:32:33,108] {dagbag.py:449} INFO - Filling up the DagBag from /home/airflow/.local/lib/python3.8/site-packages/airflow/example_dags/example_kubernetes_executor.py
[2021-02-08 04:32:33,119] {scheduler_job.py:637} INFO - DAG(s) dict_keys(['example_kubernetes_executor']) retrieved from /home/airflow/.local/lib/python3.8/site-packages/airflow/example_dags/example_kubernetes_executor.py
[2021-02-08 04:32:33,145] {logging_mixin.py:104} INFO - [2021-02-08 04:32:33,145] {dag.py:1818} INFO - Sync 1 DAGs
[2021-02-08 04:32:33,160] {logging_mixin.py:104} INFO - [2021-02-08 04:32:33,160] {dag.py:2273} INFO - Setting next_dagrun for example_kubernetes_executor to None
[2021-02-08 04:32:33,176] {scheduler_job.py:189} INFO - Processing /home/airflow/.local/lib/python3.8/site-packages/airflow/example_dags/example_kubernetes_executor.py took 0.076 seconds
[2021-02-08 04:33:03,269] {scheduler_job.py:181} INFO - Started process (PID=2071) to work on /home/airflow/.local/lib/python3.8/site-packages/airflow/example_dags/example_kubernetes_executor.py
[2021-02-08 04:33:03,271] {scheduler_job.py:627} INFO - Processing file /home/airflow/.local/lib/python3.8/site-packages/airflow/example_dags/example_kubernetes_executor.py for tasks to queue
[2021-02-08 04:33:03,273] {logging_mixin.py:104} INFO - [2021-02-08 04:33:03,272] {dagbag.py:449} INFO - Filling up the DagBag from /home/airflow/.local/lib/python3.8/site-packages/airflow/example_dags/example_kubernetes_executor.py
[2021-02-08 04:33:03,297] {scheduler_job.py:637} INFO - DAG(s) dict_keys(['example_kubernetes_executor']) retrieved from /home/airflow/.local/lib/python3.8/site-packages/airflow/example_dags/example_kubernetes_executor.py
[2021-02-08 04:33:03,337] {logging_mixin.py:104} INFO - [2021-02-08 04:33:03,337] {dag.py:1818} INFO - Sync 1 DAGs
[2021-02-08 04:33:03,353] {logging_mixin.py:104} INFO - [2021-02-08 04:33:03,353] {dag.py:2273} INFO - Setting next_dagrun for example_kubernetes_executor to None
[2021-02-08 04:33:03,367] {scheduler_job.py:189} INFO - Processing /home/airflow/.local/lib/python3.8/site-packages/airflow/example_dags/example_kubernetes_executor.py took 0.102 seconds
[2021-02-08 04:33:33,984] {scheduler_job.py:181} INFO - Started process (PID=2097) to work on /home/airflow/.local/lib/python3.8/site-packages/airflow/example_dags/example_kubernetes_executor.py
[2021-02-08 04:33:33,987] {scheduler_job.py:627} INFO - Processing file /home/airflow/.local/lib/python3.8/site-packages/airflow/example_dags/example_kubernetes_executor.py for tasks to queue
[2021-02-08 04:33:33,990] {logging_mixin.py:104} INFO - [2021-02-08 04:33:33,989] {dagbag.py:449} INFO - Filling up the DagBag from /home/airflow/.local/lib/python3.8/site-packages/airflow/example_dags/example_kubernetes_executor.py
[2021-02-08 04:33:34,009] {scheduler_job.py:637} INFO - DAG(s) dict_keys(['example_kubernetes_executor']) retrieved from /home/airflow/.local/lib/python3.8/site-packages/airflow/example_dags/example_kubernetes_executor.py
[2021-02-08 04:33:34,046] {logging_mixin.py:104} INFO - [2021-02-08 04:33:34,046] {dag.py:1818} INFO - Sync 1 DAGs
[2021-02-08 04:33:34,064] {logging_mixin.py:104} INFO - [2021-02-08 04:33:34,064] {dag.py:2273} INFO - Setting next_dagrun for example_kubernetes_executor to None
[2021-02-08 04:33:34,086] {scheduler_job.py:189} INFO - Processing /home/airflow/.local/lib/python3.8/site-packages/airflow/example_dags/example_kubernetes_executor.py took 0.108 seconds
[2021-02-08 04:34:04,339] {scheduler_job.py:181} INFO - Started process (PID=2123) to work on /home/airflow/.local/lib/python3.8/site-packages/airflow/example_dags/example_kubernetes_executor.py
[2021-02-08 04:34:04,341] {scheduler_job.py:627} INFO - Processing file /home/airflow/.local/lib/python3.8/site-packages/airflow/example_dags/example_kubernetes_executor.py for tasks to queue
[2021-02-08 04:34:04,343] {logging_mixin.py:104} INFO - [2021-02-08 04:34:04,343] {dagbag.py:449} INFO - Filling up the DagBag from /home/airflow/.local/lib/python3.8/site-packages/airflow/example_dags/example_kubernetes_executor.py
[2021-02-08 04:34:04,356] {scheduler_job.py:637} INFO - DAG(s) dict_keys(['example_kubernetes_executor']) retrieved from /home/airflow/.local/lib/python3.8/site-packages/airflow/example_dags/example_kubernetes_executor.py
[2021-02-08 04:34:04,384] {logging_mixin.py:104} INFO - [2021-02-08 04:34:04,384] {dag.py:1818} INFO - Sync 1 DAGs
[2021-02-08 04:34:04,405] {logging_mixin.py:104} INFO - [2021-02-08 04:34:04,405] {dag.py:2273} INFO - Setting next_dagrun for example_kubernetes_executor to None
[2021-02-08 04:34:04,445] {scheduler_job.py:189} INFO - Processing /home/airflow/.local/lib/python3.8/site-packages/airflow/example_dags/example_kubernetes_executor.py took 0.111 seconds
[2021-02-08 04:34:35,296] {scheduler_job.py:181} INFO - Started process (PID=2149) to work on /home/airflow/.local/lib/python3.8/site-packages/airflow/example_dags/example_kubernetes_executor.py
[2021-02-08 04:34:35,298] {scheduler_job.py:627} INFO - Processing file /home/airflow/.local/lib/python3.8/site-packages/airflow/example_dags/example_kubernetes_executor.py for tasks to queue
[2021-02-08 04:34:35,300] {logging_mixin.py:104} INFO - [2021-02-08 04:34:35,300] {dagbag.py:449} INFO - Filling up the DagBag from /home/airflow/.local/lib/python3.8/site-packages/airflow/example_dags/example_kubernetes_executor.py
[2021-02-08 04:34:35,316] {scheduler_job.py:637} INFO - DAG(s) dict_keys(['example_kubernetes_executor']) retrieved from /home/airflow/.local/lib/python3.8/site-packages/airflow/example_dags/example_kubernetes_executor.py
[2021-02-08 04:34:35,343] {logging_mixin.py:104} INFO - [2021-02-08 04:34:35,342] {dag.py:1818} INFO - Sync 1 DAGs
[2021-02-08 04:34:35,364] {logging_mixin.py:104} INFO - [2021-02-08 04:34:35,363] {dag.py:2273} INFO - Setting next_dagrun for example_kubernetes_executor to None
[2021-02-08 04:34:35,384] {scheduler_job.py:189} INFO - Processing /home/airflow/.local/lib/python3.8/site-packages/airflow/example_dags/example_kubernetes_executor.py took 0.092 seconds
[2021-02-08 04:35:05,737] {scheduler_job.py:181} INFO - Started process (PID=2175) to work on /home/airflow/.local/lib/python3.8/site-packages/airflow/example_dags/example_kubernetes_executor.py
[2021-02-08 04:35:05,739] {scheduler_job.py:627} INFO - Processing file /home/airflow/.local/lib/python3.8/site-packages/airflow/example_dags/example_kubernetes_executor.py for tasks to queue
[2021-02-08 04:35:05,742] {logging_mixin.py:104} INFO - [2021-02-08 04:35:05,741] {dagbag.py:449} INFO - Filling up the DagBag from /home/airflow/.local/lib/python3.8/site-packages/airflow/example_dags/example_kubernetes_executor.py
[2021-02-08 04:35:05,764] {scheduler_job.py:637} INFO - DAG(s) dict_keys(['example_kubernetes_executor']) retrieved from /home/airflow/.local/lib/python3.8/site-packages/airflow/example_dags/example_kubernetes_executor.py
[2021-02-08 04:35:05,794] {logging_mixin.py:104} INFO - [2021-02-08 04:35:05,794] {dag.py:1818} INFO - Sync 1 DAGs
[2021-02-08 04:35:05,815] {logging_mixin.py:104} INFO - [2021-02-08 04:35:05,815] {dag.py:2273} INFO - Setting next_dagrun for example_kubernetes_executor to None
[2021-02-08 04:35:05,855] {scheduler_job.py:189} INFO - Processing /home/airflow/.local/lib/python3.8/site-packages/airflow/example_dags/example_kubernetes_executor.py took 0.122 seconds
[2021-02-08 04:35:36,271] {scheduler_job.py:181} INFO - Started process (PID=2202) to work on /home/airflow/.local/lib/python3.8/site-packages/airflow/example_dags/example_kubernetes_executor.py
[2021-02-08 04:35:36,274] {scheduler_job.py:627} INFO - Processing file /home/airflow/.local/lib/python3.8/site-packages/airflow/example_dags/example_kubernetes_executor.py for tasks to queue
[2021-02-08 04:35:36,277] {logging_mixin.py:104} INFO - [2021-02-08 04:35:36,277] {dagbag.py:449} INFO - Filling up the DagBag from /home/airflow/.local/lib/python3.8/site-packages/airflow/example_dags/example_kubernetes_executor.py
[2021-02-08 04:35:36,303] {scheduler_job.py:637} INFO - DAG(s) dict_keys(['example_kubernetes_executor']) retrieved from /home/airflow/.local/lib/python3.8/site-packages/airflow/example_dags/example_kubernetes_executor.py
[2021-02-08 04:35:36,339] {logging_mixin.py:104} INFO - [2021-02-08 04:35:36,338] {dag.py:1818} INFO - Sync 1 DAGs
[2021-02-08 04:35:36,356] {logging_mixin.py:104} INFO - [2021-02-08 04:35:36,356] {dag.py:2273} INFO - Setting next_dagrun for example_kubernetes_executor to None
[2021-02-08 04:35:36,374] {scheduler_job.py:189} INFO - Processing /home/airflow/.local/lib/python3.8/site-packages/airflow/example_dags/example_kubernetes_executor.py took 0.110 seconds
[2021-02-08 04:36:06,437] {scheduler_job.py:181} INFO - Started process (PID=2227) to work on /home/airflow/.local/lib/python3.8/site-packages/airflow/example_dags/example_kubernetes_executor.py
[2021-02-08 04:36:06,440] {scheduler_job.py:627} INFO - Processing file /home/airflow/.local/lib/python3.8/site-packages/airflow/example_dags/example_kubernetes_executor.py for tasks to queue
[2021-02-08 04:36:06,442] {logging_mixin.py:104} INFO - [2021-02-08 04:36:06,442] {dagbag.py:449} INFO - Filling up the DagBag from /home/airflow/.local/lib/python3.8/site-packages/airflow/example_dags/example_kubernetes_executor.py
[2021-02-08 04:36:06,460] {scheduler_job.py:637} INFO - DAG(s) dict_keys(['example_kubernetes_executor']) retrieved from /home/airflow/.local/lib/python3.8/site-packages/airflow/example_dags/example_kubernetes_executor.py
[2021-02-08 04:36:06,501] {logging_mixin.py:104} INFO - [2021-02-08 04:36:06,501] {dag.py:1818} INFO - Sync 1 DAGs
[2021-02-08 04:36:06,520] {logging_mixin.py:104} INFO - [2021-02-08 04:36:06,520] {dag.py:2273} INFO - Setting next_dagrun for example_kubernetes_executor to None
[2021-02-08 04:36:06,535] {scheduler_job.py:189} INFO - Processing /home/airflow/.local/lib/python3.8/site-packages/airflow/example_dags/example_kubernetes_executor.py took 0.104 seconds
[2021-02-08 04:36:37,228] {scheduler_job.py:181} INFO - Started process (PID=2253) to work on /home/airflow/.local/lib/python3.8/site-packages/airflow/example_dags/example_kubernetes_executor.py
[2021-02-08 04:36:37,238] {scheduler_job.py:627} INFO - Processing file /home/airflow/.local/lib/python3.8/site-packages/airflow/example_dags/example_kubernetes_executor.py for tasks to queue
[2021-02-08 04:36:37,241] {logging_mixin.py:104} INFO - [2021-02-08 04:36:37,240] {dagbag.py:449} INFO - Filling up the DagBag from /home/airflow/.local/lib/python3.8/site-packages/airflow/example_dags/example_kubernetes_executor.py
[2021-02-08 04:36:37,264] {scheduler_job.py:637} INFO - DAG(s) dict_keys(['example_kubernetes_executor']) retrieved from /home/airflow/.local/lib/python3.8/site-packages/airflow/example_dags/example_kubernetes_executor.py
[2021-02-08 04:36:37,298] {logging_mixin.py:104} INFO - [2021-02-08 04:36:37,298] {dag.py:1818} INFO - Sync 1 DAGs
[2021-02-08 04:36:37,317] {logging_mixin.py:104} INFO - [2021-02-08 04:36:37,317] {dag.py:2273} INFO - Setting next_dagrun for example_kubernetes_executor to None
[2021-02-08 04:36:37,334] {scheduler_job.py:189} INFO - Processing /home/airflow/.local/lib/python3.8/site-packages/airflow/example_dags/example_kubernetes_executor.py took 0.113 seconds
[2021-02-08 04:37:07,584] {scheduler_job.py:181} INFO - Started process (PID=2279) to work on /home/airflow/.local/lib/python3.8/site-packages/airflow/example_dags/example_kubernetes_executor.py
[2021-02-08 04:37:07,586] {scheduler_job.py:627} INFO - Processing file /home/airflow/.local/lib/python3.8/site-packages/airflow/example_dags/example_kubernetes_executor.py for tasks to queue
[2021-02-08 04:37:07,588] {logging_mixin.py:104} INFO - [2021-02-08 04:37:07,588] {dagbag.py:449} INFO - Filling up the DagBag from /home/airflow/.local/lib/python3.8/site-packages/airflow/example_dags/example_kubernetes_executor.py
[2021-02-08 04:37:07,605] {scheduler_job.py:637} INFO - DAG(s) dict_keys(['example_kubernetes_executor']) retrieved from /home/airflow/.local/lib/python3.8/site-packages/airflow/example_dags/example_kubernetes_executor.py
[2021-02-08 04:37:07,638] {logging_mixin.py:104} INFO - [2021-02-08 04:37:07,638] {dag.py:1818} INFO - Sync 1 DAGs
[2021-02-08 04:37:07,657] {logging_mixin.py:104} INFO - [2021-02-08 04:37:07,656] {dag.py:2273} INFO - Setting next_dagrun for example_kubernetes_executor to None
[2021-02-08 04:37:07,673] {scheduler_job.py:189} INFO - Processing /home/airflow/.local/lib/python3.8/site-packages/airflow/example_dags/example_kubernetes_executor.py took 0.096 seconds
[2021-02-08 04:37:38,601] {scheduler_job.py:181} INFO - Started process (PID=2305) to work on /home/airflow/.local/lib/python3.8/site-packages/airflow/example_dags/example_kubernetes_executor.py
[2021-02-08 04:37:38,606] {scheduler_job.py:627} INFO - Processing file /home/airflow/.local/lib/python3.8/site-packages/airflow/example_dags/example_kubernetes_executor.py for tasks to queue
[2021-02-08 04:37:38,610] {logging_mixin.py:104} INFO - [2021-02-08 04:37:38,609] {dagbag.py:449} INFO - Filling up the DagBag from /home/airflow/.local/lib/python3.8/site-packages/airflow/example_dags/example_kubernetes_executor.py
[2021-02-08 04:37:38,633] {scheduler_job.py:637} INFO - DAG(s) dict_keys(['example_kubernetes_executor']) retrieved from /home/airflow/.local/lib/python3.8/site-packages/airflow/example_dags/example_kubernetes_executor.py
[2021-02-08 04:37:38,666] {logging_mixin.py:104} INFO - [2021-02-08 04:37:38,666] {dag.py:1818} INFO - Sync 1 DAGs
[2021-02-08 04:37:38,682] {logging_mixin.py:104} INFO - [2021-02-08 04:37:38,681] {dag.py:2273} INFO - Setting next_dagrun for example_kubernetes_executor to None
[2021-02-08 04:37:38,701] {scheduler_job.py:189} INFO - Processing /home/airflow/.local/lib/python3.8/site-packages/airflow/example_dags/example_kubernetes_executor.py took 0.112 seconds
[2021-02-08 04:38:08,845] {scheduler_job.py:181} INFO - Started process (PID=2331) to work on /home/airflow/.local/lib/python3.8/site-packages/airflow/example_dags/example_kubernetes_executor.py
[2021-02-08 04:38:08,847] {scheduler_job.py:627} INFO - Processing file /home/airflow/.local/lib/python3.8/site-packages/airflow/example_dags/example_kubernetes_executor.py for tasks to queue
[2021-02-08 04:38:08,849] {logging_mixin.py:104} INFO - [2021-02-08 04:38:08,849] {dagbag.py:449} INFO - Filling up the DagBag from /home/airflow/.local/lib/python3.8/site-packages/airflow/example_dags/example_kubernetes_executor.py
[2021-02-08 04:38:08,863] {scheduler_job.py:637} INFO - DAG(s) dict_keys(['example_kubernetes_executor']) retrieved from /home/airflow/.local/lib/python3.8/site-packages/airflow/example_dags/example_kubernetes_executor.py
[2021-02-08 04:38:08,892] {logging_mixin.py:104} INFO - [2021-02-08 04:38:08,892] {dag.py:1818} INFO - Sync 1 DAGs
[2021-02-08 04:38:08,910] {logging_mixin.py:104} INFO - [2021-02-08 04:38:08,909] {dag.py:2273} INFO - Setting next_dagrun for example_kubernetes_executor to None
[2021-02-08 04:38:08,926] {scheduler_job.py:189} INFO - Processing /home/airflow/.local/lib/python3.8/site-packages/airflow/example_dags/example_kubernetes_executor.py took 0.086 seconds
[2021-02-08 04:38:39,190] {scheduler_job.py:181} INFO - Started process (PID=2357) to work on /home/airflow/.local/lib/python3.8/site-packages/airflow/example_dags/example_kubernetes_executor.py
[2021-02-08 04:38:39,192] {scheduler_job.py:627} INFO - Processing file /home/airflow/.local/lib/python3.8/site-packages/airflow/example_dags/example_kubernetes_executor.py for tasks to queue
[2021-02-08 04:38:39,194] {logging_mixin.py:104} INFO - [2021-02-08 04:38:39,194] {dagbag.py:449} INFO - Filling up the DagBag from /home/airflow/.local/lib/python3.8/site-packages/airflow/example_dags/example_kubernetes_executor.py
[2021-02-08 04:38:39,210] {scheduler_job.py:637} INFO - DAG(s) dict_keys(['example_kubernetes_executor']) retrieved from /home/airflow/.local/lib/python3.8/site-packages/airflow/example_dags/example_kubernetes_executor.py
[2021-02-08 04:38:39,242] {logging_mixin.py:104} INFO - [2021-02-08 04:38:39,242] {dag.py:1818} INFO - Sync 1 DAGs
[2021-02-08 04:38:39,287] {logging_mixin.py:104} INFO - [2021-02-08 04:38:39,287] {dag.py:2273} INFO - Setting next_dagrun for example_kubernetes_executor to None
[2021-02-08 04:38:39,318] {scheduler_job.py:189} INFO - Processing /home/airflow/.local/lib/python3.8/site-packages/airflow/example_dags/example_kubernetes_executor.py took 0.134 seconds
[2021-02-08 04:39:10,182] {scheduler_job.py:181} INFO - Started process (PID=2383) to work on /home/airflow/.local/lib/python3.8/site-packages/airflow/example_dags/example_kubernetes_executor.py
[2021-02-08 04:39:10,185] {scheduler_job.py:627} INFO - Processing file /home/airflow/.local/lib/python3.8/site-packages/airflow/example_dags/example_kubernetes_executor.py for tasks to queue
[2021-02-08 04:39:10,186] {logging_mixin.py:104} INFO - [2021-02-08 04:39:10,186] {dagbag.py:449} INFO - Filling up the DagBag from /home/airflow/.local/lib/python3.8/site-packages/airflow/example_dags/example_kubernetes_executor.py
[2021-02-08 04:39:10,204] {scheduler_job.py:637} INFO - DAG(s) dict_keys(['example_kubernetes_executor']) retrieved from /home/airflow/.local/lib/python3.8/site-packages/airflow/example_dags/example_kubernetes_executor.py
[2021-02-08 04:39:10,240] {logging_mixin.py:104} INFO - [2021-02-08 04:39:10,240] {dag.py:1818} INFO - Sync 1 DAGs
[2021-02-08 04:39:10,263] {logging_mixin.py:104} INFO - [2021-02-08 04:39:10,263] {dag.py:2273} INFO - Setting next_dagrun for example_kubernetes_executor to None
[2021-02-08 04:39:10,278] {scheduler_job.py:189} INFO - Processing /home/airflow/.local/lib/python3.8/site-packages/airflow/example_dags/example_kubernetes_executor.py took 0.101 seconds
[2021-02-08 04:39:40,534] {scheduler_job.py:181} INFO - Started process (PID=2410) to work on /home/airflow/.local/lib/python3.8/site-packages/airflow/example_dags/example_kubernetes_executor.py
[2021-02-08 04:39:40,536] {scheduler_job.py:627} INFO - Processing file /home/airflow/.local/lib/python3.8/site-packages/airflow/example_dags/example_kubernetes_executor.py for tasks to queue
[2021-02-08 04:39:40,538] {logging_mixin.py:104} INFO - [2021-02-08 04:39:40,538] {dagbag.py:449} INFO - Filling up the DagBag from /home/airflow/.local/lib/python3.8/site-packages/airflow/example_dags/example_kubernetes_executor.py
[2021-02-08 04:39:40,557] {scheduler_job.py:637} INFO - DAG(s) dict_keys(['example_kubernetes_executor']) retrieved from /home/airflow/.local/lib/python3.8/site-packages/airflow/example_dags/example_kubernetes_executor.py
[2021-02-08 04:39:40,588] {logging_mixin.py:104} INFO - [2021-02-08 04:39:40,588] {dag.py:1818} INFO - Sync 1 DAGs
[2021-02-08 04:39:40,604] {logging_mixin.py:104} INFO - [2021-02-08 04:39:40,604] {dag.py:2273} INFO - Setting next_dagrun for example_kubernetes_executor to None
[2021-02-08 04:39:40,627] {scheduler_job.py:189} INFO - Processing /home/airflow/.local/lib/python3.8/site-packages/airflow/example_dags/example_kubernetes_executor.py took 0.098 seconds
[2021-02-08 04:40:11,505] {scheduler_job.py:181} INFO - Started process (PID=2435) to work on /home/airflow/.local/lib/python3.8/site-packages/airflow/example_dags/example_kubernetes_executor.py
[2021-02-08 04:40:11,509] {scheduler_job.py:627} INFO - Processing file /home/airflow/.local/lib/python3.8/site-packages/airflow/example_dags/example_kubernetes_executor.py for tasks to queue
[2021-02-08 04:40:11,514] {logging_mixin.py:104} INFO - [2021-02-08 04:40:11,513] {dagbag.py:449} INFO - Filling up the DagBag from /home/airflow/.local/lib/python3.8/site-packages/airflow/example_dags/example_kubernetes_executor.py
[2021-02-08 04:40:11,555] {scheduler_job.py:637} INFO - DAG(s) dict_keys(['example_kubernetes_executor']) retrieved from /home/airflow/.local/lib/python3.8/site-packages/airflow/example_dags/example_kubernetes_executor.py
[2021-02-08 04:40:11,602] {logging_mixin.py:104} INFO - [2021-02-08 04:40:11,602] {dag.py:1818} INFO - Sync 1 DAGs
[2021-02-08 04:40:11,622] {logging_mixin.py:104} INFO - [2021-02-08 04:40:11,622] {dag.py:2273} INFO - Setting next_dagrun for example_kubernetes_executor to None
[2021-02-08 04:40:11,643] {scheduler_job.py:189} INFO - Processing /home/airflow/.local/lib/python3.8/site-packages/airflow/example_dags/example_kubernetes_executor.py took 0.146 seconds
[2021-02-08 04:40:42,073] {scheduler_job.py:181} INFO - Started process (PID=2462) to work on /home/airflow/.local/lib/python3.8/site-packages/airflow/example_dags/example_kubernetes_executor.py
[2021-02-08 04:40:42,075] {scheduler_job.py:627} INFO - Processing file /home/airflow/.local/lib/python3.8/site-packages/airflow/example_dags/example_kubernetes_executor.py for tasks to queue
[2021-02-08 04:40:42,077] {logging_mixin.py:104} INFO - [2021-02-08 04:40:42,077] {dagbag.py:449} INFO - Filling up the DagBag from /home/airflow/.local/lib/python3.8/site-packages/airflow/example_dags/example_kubernetes_executor.py
[2021-02-08 04:40:42,093] {scheduler_job.py:637} INFO - DAG(s) dict_keys(['example_kubernetes_executor']) retrieved from /home/airflow/.local/lib/python3.8/site-packages/airflow/example_dags/example_kubernetes_executor.py
[2021-02-08 04:40:42,127] {logging_mixin.py:104} INFO - [2021-02-08 04:40:42,127] {dag.py:1818} INFO - Sync 1 DAGs
[2021-02-08 04:40:42,149] {logging_mixin.py:104} INFO - [2021-02-08 04:40:42,148] {dag.py:2273} INFO - Setting next_dagrun for example_kubernetes_executor to None
[2021-02-08 04:40:42,171] {scheduler_job.py:189} INFO - Processing /home/airflow/.local/lib/python3.8/site-packages/airflow/example_dags/example_kubernetes_executor.py took 0.103 seconds
[2021-02-08 04:41:12,341] {scheduler_job.py:181} INFO - Started process (PID=2488) to work on /home/airflow/.local/lib/python3.8/site-packages/airflow/example_dags/example_kubernetes_executor.py
[2021-02-08 04:41:12,344] {scheduler_job.py:627} INFO - Processing file /home/airflow/.local/lib/python3.8/site-packages/airflow/example_dags/example_kubernetes_executor.py for tasks to queue
[2021-02-08 04:41:12,347] {logging_mixin.py:104} INFO - [2021-02-08 04:41:12,346] {dagbag.py:449} INFO - Filling up the DagBag from /home/airflow/.local/lib/python3.8/site-packages/airflow/example_dags/example_kubernetes_executor.py
[2021-02-08 04:41:12,365] {scheduler_job.py:637} INFO - DAG(s) dict_keys(['example_kubernetes_executor']) retrieved from /home/airflow/.local/lib/python3.8/site-packages/airflow/example_dags/example_kubernetes_executor.py
[2021-02-08 04:41:12,400] {logging_mixin.py:104} INFO - [2021-02-08 04:41:12,400] {dag.py:1818} INFO - Sync 1 DAGs
[2021-02-08 04:41:12,424] {logging_mixin.py:104} INFO - [2021-02-08 04:41:12,424] {dag.py:2273} INFO - Setting next_dagrun for example_kubernetes_executor to None
[2021-02-08 04:41:12,441] {scheduler_job.py:189} INFO - Processing /home/airflow/.local/lib/python3.8/site-packages/airflow/example_dags/example_kubernetes_executor.py took 0.106 seconds
[2021-02-08 04:41:42,579] {scheduler_job.py:181} INFO - Started process (PID=2507) to work on /home/airflow/.local/lib/python3.8/site-packages/airflow/example_dags/example_kubernetes_executor.py
[2021-02-08 04:41:42,582] {scheduler_job.py:627} INFO - Processing file /home/airflow/.local/lib/python3.8/site-packages/airflow/example_dags/example_kubernetes_executor.py for tasks to queue
[2021-02-08 04:41:42,584] {logging_mixin.py:104} INFO - [2021-02-08 04:41:42,584] {dagbag.py:449} INFO - Filling up the DagBag from /home/airflow/.local/lib/python3.8/site-packages/airflow/example_dags/example_kubernetes_executor.py
[2021-02-08 04:41:42,602] {scheduler_job.py:637} INFO - DAG(s) dict_keys(['example_kubernetes_executor']) retrieved from /home/airflow/.local/lib/python3.8/site-packages/airflow/example_dags/example_kubernetes_executor.py
[2021-02-08 04:41:42,632] {logging_mixin.py:104} INFO - [2021-02-08 04:41:42,632] {dag.py:1818} INFO - Sync 1 DAGs
[2021-02-08 04:41:42,650] {logging_mixin.py:104} INFO - [2021-02-08 04:41:42,649] {dag.py:2273} INFO - Setting next_dagrun for example_kubernetes_executor to None
[2021-02-08 04:41:42,668] {scheduler_job.py:189} INFO - Processing /home/airflow/.local/lib/python3.8/site-packages/airflow/example_dags/example_kubernetes_executor.py took 0.095 seconds
[2021-02-08 04:42:12,864] {scheduler_job.py:181} INFO - Started process (PID=2533) to work on /home/airflow/.local/lib/python3.8/site-packages/airflow/example_dags/example_kubernetes_executor.py
[2021-02-08 04:42:12,867] {scheduler_job.py:627} INFO - Processing file /home/airflow/.local/lib/python3.8/site-packages/airflow/example_dags/example_kubernetes_executor.py for tasks to queue
[2021-02-08 04:42:12,869] {logging_mixin.py:104} INFO - [2021-02-08 04:42:12,868] {dagbag.py:449} INFO - Filling up the DagBag from /home/airflow/.local/lib/python3.8/site-packages/airflow/example_dags/example_kubernetes_executor.py
[2021-02-08 04:42:12,885] {scheduler_job.py:637} INFO - DAG(s) dict_keys(['example_kubernetes_executor']) retrieved from /home/airflow/.local/lib/python3.8/site-packages/airflow/example_dags/example_kubernetes_executor.py
[2021-02-08 04:42:12,919] {logging_mixin.py:104} INFO - [2021-02-08 04:42:12,919] {dag.py:1818} INFO - Sync 1 DAGs
[2021-02-08 04:42:12,938] {logging_mixin.py:104} INFO - [2021-02-08 04:42:12,938] {dag.py:2273} INFO - Setting next_dagrun for example_kubernetes_executor to None
[2021-02-08 04:42:12,954] {scheduler_job.py:189} INFO - Processing /home/airflow/.local/lib/python3.8/site-packages/airflow/example_dags/example_kubernetes_executor.py took 0.094 seconds
[2021-02-08 04:42:43,797] {scheduler_job.py:181} INFO - Started process (PID=2559) to work on /home/airflow/.local/lib/python3.8/site-packages/airflow/example_dags/example_kubernetes_executor.py
[2021-02-08 04:42:43,800] {scheduler_job.py:627} INFO - Processing file /home/airflow/.local/lib/python3.8/site-packages/airflow/example_dags/example_kubernetes_executor.py for tasks to queue
[2021-02-08 04:42:43,802] {logging_mixin.py:104} INFO - [2021-02-08 04:42:43,802] {dagbag.py:449} INFO - Filling up the DagBag from /home/airflow/.local/lib/python3.8/site-packages/airflow/example_dags/example_kubernetes_executor.py
[2021-02-08 04:42:43,816] {scheduler_job.py:637} INFO - DAG(s) dict_keys(['example_kubernetes_executor']) retrieved from /home/airflow/.local/lib/python3.8/site-packages/airflow/example_dags/example_kubernetes_executor.py
[2021-02-08 04:42:43,848] {logging_mixin.py:104} INFO - [2021-02-08 04:42:43,848] {dag.py:1818} INFO - Sync 1 DAGs
[2021-02-08 04:42:43,870] {logging_mixin.py:104} INFO - [2021-02-08 04:42:43,870] {dag.py:2273} INFO - Setting next_dagrun for example_kubernetes_executor to None
[2021-02-08 04:42:43,892] {scheduler_job.py:189} INFO - Processing /home/airflow/.local/lib/python3.8/site-packages/airflow/example_dags/example_kubernetes_executor.py took 0.100 seconds
[2021-02-08 04:43:14,296] {scheduler_job.py:181} INFO - Started process (PID=2585) to work on /home/airflow/.local/lib/python3.8/site-packages/airflow/example_dags/example_kubernetes_executor.py
[2021-02-08 04:43:14,299] {scheduler_job.py:627} INFO - Processing file /home/airflow/.local/lib/python3.8/site-packages/airflow/example_dags/example_kubernetes_executor.py for tasks to queue
[2021-02-08 04:43:14,301] {logging_mixin.py:104} INFO - [2021-02-08 04:43:14,301] {dagbag.py:449} INFO - Filling up the DagBag from /home/airflow/.local/lib/python3.8/site-packages/airflow/example_dags/example_kubernetes_executor.py
[2021-02-08 04:43:14,327] {scheduler_job.py:637} INFO - DAG(s) dict_keys(['example_kubernetes_executor']) retrieved from /home/airflow/.local/lib/python3.8/site-packages/airflow/example_dags/example_kubernetes_executor.py
[2021-02-08 04:43:14,374] {logging_mixin.py:104} INFO - [2021-02-08 04:43:14,374] {dag.py:1818} INFO - Sync 1 DAGs
[2021-02-08 04:43:14,409] {logging_mixin.py:104} INFO - [2021-02-08 04:43:14,409] {dag.py:2273} INFO - Setting next_dagrun for example_kubernetes_executor to None
[2021-02-08 04:43:14,428] {scheduler_job.py:189} INFO - Processing /home/airflow/.local/lib/python3.8/site-packages/airflow/example_dags/example_kubernetes_executor.py took 0.140 seconds
[2021-02-08 04:43:44,760] {scheduler_job.py:181} INFO - Started process (PID=2611) to work on /home/airflow/.local/lib/python3.8/site-packages/airflow/example_dags/example_kubernetes_executor.py
[2021-02-08 04:43:44,766] {scheduler_job.py:627} INFO - Processing file /home/airflow/.local/lib/python3.8/site-packages/airflow/example_dags/example_kubernetes_executor.py for tasks to queue
[2021-02-08 04:43:44,769] {logging_mixin.py:104} INFO - [2021-02-08 04:43:44,768] {dagbag.py:449} INFO - Filling up the DagBag from /home/airflow/.local/lib/python3.8/site-packages/airflow/example_dags/example_kubernetes_executor.py
[2021-02-08 04:43:44,791] {scheduler_job.py:637} INFO - DAG(s) dict_keys(['example_kubernetes_executor']) retrieved from /home/airflow/.local/lib/python3.8/site-packages/airflow/example_dags/example_kubernetes_executor.py
[2021-02-08 04:43:44,931] {logging_mixin.py:104} INFO - [2021-02-08 04:43:44,931] {dag.py:1818} INFO - Sync 1 DAGs
[2021-02-08 04:43:44,959] {logging_mixin.py:104} INFO - [2021-02-08 04:43:44,959] {dag.py:2273} INFO - Setting next_dagrun for example_kubernetes_executor to None
[2021-02-08 04:43:44,980] {scheduler_job.py:189} INFO - Processing /home/airflow/.local/lib/python3.8/site-packages/airflow/example_dags/example_kubernetes_executor.py took 0.228 seconds
