[2021-02-08 01:26:30,174] {scheduler_job.py:181} INFO - Started process (PID=1625) to work on /home/airflow/.local/lib/python3.8/site-packages/airflow/example_dags/example_dag_decorator.py
[2021-02-08 01:26:30,177] {scheduler_job.py:627} INFO - Processing file /home/airflow/.local/lib/python3.8/site-packages/airflow/example_dags/example_dag_decorator.py for tasks to queue
[2021-02-08 01:26:30,180] {logging_mixin.py:104} INFO - [2021-02-08 01:26:30,179] {dagbag.py:449} INFO - Filling up the DagBag from /home/airflow/.local/lib/python3.8/site-packages/airflow/example_dags/example_dag_decorator.py
[2021-02-08 01:26:30,206] {scheduler_job.py:637} INFO - DAG(s) dict_keys(['example_dag_decorator']) retrieved from /home/airflow/.local/lib/python3.8/site-packages/airflow/example_dags/example_dag_decorator.py
[2021-02-08 01:26:30,296] {logging_mixin.py:104} INFO - [2021-02-08 01:26:30,296] {dag.py:1818} INFO - Sync 1 DAGs
[2021-02-08 01:26:30,356] {logging_mixin.py:104} INFO - [2021-02-08 01:26:30,349] {dag.py:2273} INFO - Setting next_dagrun for example_dag_decorator to None
[2021-02-08 01:26:30,374] {scheduler_job.py:189} INFO - Processing /home/airflow/.local/lib/python3.8/site-packages/airflow/example_dags/example_dag_decorator.py took 0.206 seconds
[2021-02-08 03:26:48,385] {scheduler_job.py:181} INFO - Started process (PID=1651) to work on /home/airflow/.local/lib/python3.8/site-packages/airflow/example_dags/example_dag_decorator.py
[2021-02-08 03:26:48,389] {scheduler_job.py:627} INFO - Processing file /home/airflow/.local/lib/python3.8/site-packages/airflow/example_dags/example_dag_decorator.py for tasks to queue
[2021-02-08 03:26:48,392] {logging_mixin.py:104} INFO - [2021-02-08 03:26:48,392] {dagbag.py:449} INFO - Filling up the DagBag from /home/airflow/.local/lib/python3.8/site-packages/airflow/example_dags/example_dag_decorator.py
[2021-02-08 03:26:48,422] {scheduler_job.py:637} INFO - DAG(s) dict_keys(['example_dag_decorator']) retrieved from /home/airflow/.local/lib/python3.8/site-packages/airflow/example_dags/example_dag_decorator.py
[2021-02-08 03:26:48,471] {logging_mixin.py:104} INFO - [2021-02-08 03:26:48,471] {dag.py:1818} INFO - Sync 1 DAGs
[2021-02-08 03:26:48,497] {logging_mixin.py:104} INFO - [2021-02-08 03:26:48,497] {dag.py:2273} INFO - Setting next_dagrun for example_dag_decorator to None
[2021-02-08 03:26:48,516] {scheduler_job.py:189} INFO - Processing /home/airflow/.local/lib/python3.8/site-packages/airflow/example_dags/example_dag_decorator.py took 0.136 seconds
[2021-02-08 04:25:23,534] {scheduler_job.py:181} INFO - Started process (PID=1677) to work on /home/airflow/.local/lib/python3.8/site-packages/airflow/example_dags/example_dag_decorator.py
[2021-02-08 04:25:23,547] {scheduler_job.py:627} INFO - Processing file /home/airflow/.local/lib/python3.8/site-packages/airflow/example_dags/example_dag_decorator.py for tasks to queue
[2021-02-08 04:25:23,554] {logging_mixin.py:104} INFO - [2021-02-08 04:25:23,554] {dagbag.py:449} INFO - Filling up the DagBag from /home/airflow/.local/lib/python3.8/site-packages/airflow/example_dags/example_dag_decorator.py
[2021-02-08 04:25:23,622] {scheduler_job.py:637} INFO - DAG(s) dict_keys(['example_dag_decorator']) retrieved from /home/airflow/.local/lib/python3.8/site-packages/airflow/example_dags/example_dag_decorator.py
[2021-02-08 04:25:23,700] {logging_mixin.py:104} INFO - [2021-02-08 04:25:23,700] {dag.py:1818} INFO - Sync 1 DAGs
[2021-02-08 04:25:23,741] {logging_mixin.py:104} INFO - [2021-02-08 04:25:23,740] {dag.py:2273} INFO - Setting next_dagrun for example_dag_decorator to None
[2021-02-08 04:25:23,779] {scheduler_job.py:189} INFO - Processing /home/airflow/.local/lib/python3.8/site-packages/airflow/example_dags/example_dag_decorator.py took 0.263 seconds
[2021-02-08 04:25:53,980] {scheduler_job.py:181} INFO - Started process (PID=1703) to work on /home/airflow/.local/lib/python3.8/site-packages/airflow/example_dags/example_dag_decorator.py
[2021-02-08 04:25:53,983] {scheduler_job.py:627} INFO - Processing file /home/airflow/.local/lib/python3.8/site-packages/airflow/example_dags/example_dag_decorator.py for tasks to queue
[2021-02-08 04:25:53,986] {logging_mixin.py:104} INFO - [2021-02-08 04:25:53,985] {dagbag.py:449} INFO - Filling up the DagBag from /home/airflow/.local/lib/python3.8/site-packages/airflow/example_dags/example_dag_decorator.py
[2021-02-08 04:25:54,014] {scheduler_job.py:637} INFO - DAG(s) dict_keys(['example_dag_decorator']) retrieved from /home/airflow/.local/lib/python3.8/site-packages/airflow/example_dags/example_dag_decorator.py
[2021-02-08 04:25:54,056] {logging_mixin.py:104} INFO - [2021-02-08 04:25:54,056] {dag.py:1818} INFO - Sync 1 DAGs
[2021-02-08 04:25:54,085] {logging_mixin.py:104} INFO - [2021-02-08 04:25:54,085] {dag.py:2273} INFO - Setting next_dagrun for example_dag_decorator to None
[2021-02-08 04:25:54,105] {scheduler_job.py:189} INFO - Processing /home/airflow/.local/lib/python3.8/site-packages/airflow/example_dags/example_dag_decorator.py took 0.131 seconds
[2021-02-08 04:26:24,397] {scheduler_job.py:181} INFO - Started process (PID=1729) to work on /home/airflow/.local/lib/python3.8/site-packages/airflow/example_dags/example_dag_decorator.py
[2021-02-08 04:26:24,400] {scheduler_job.py:627} INFO - Processing file /home/airflow/.local/lib/python3.8/site-packages/airflow/example_dags/example_dag_decorator.py for tasks to queue
[2021-02-08 04:26:24,402] {logging_mixin.py:104} INFO - [2021-02-08 04:26:24,402] {dagbag.py:449} INFO - Filling up the DagBag from /home/airflow/.local/lib/python3.8/site-packages/airflow/example_dags/example_dag_decorator.py
[2021-02-08 04:26:24,432] {scheduler_job.py:637} INFO - DAG(s) dict_keys(['example_dag_decorator']) retrieved from /home/airflow/.local/lib/python3.8/site-packages/airflow/example_dags/example_dag_decorator.py
[2021-02-08 04:26:24,477] {logging_mixin.py:104} INFO - [2021-02-08 04:26:24,477] {dag.py:1818} INFO - Sync 1 DAGs
[2021-02-08 04:26:24,496] {logging_mixin.py:104} INFO - [2021-02-08 04:26:24,496] {dag.py:2273} INFO - Setting next_dagrun for example_dag_decorator to None
[2021-02-08 04:26:24,510] {scheduler_job.py:189} INFO - Processing /home/airflow/.local/lib/python3.8/site-packages/airflow/example_dags/example_dag_decorator.py took 0.120 seconds
[2021-02-08 04:26:55,037] {scheduler_job.py:181} INFO - Started process (PID=1755) to work on /home/airflow/.local/lib/python3.8/site-packages/airflow/example_dags/example_dag_decorator.py
[2021-02-08 04:26:55,041] {scheduler_job.py:627} INFO - Processing file /home/airflow/.local/lib/python3.8/site-packages/airflow/example_dags/example_dag_decorator.py for tasks to queue
[2021-02-08 04:26:55,043] {logging_mixin.py:104} INFO - [2021-02-08 04:26:55,043] {dagbag.py:449} INFO - Filling up the DagBag from /home/airflow/.local/lib/python3.8/site-packages/airflow/example_dags/example_dag_decorator.py
[2021-02-08 04:26:55,060] {scheduler_job.py:637} INFO - DAG(s) dict_keys(['example_dag_decorator']) retrieved from /home/airflow/.local/lib/python3.8/site-packages/airflow/example_dags/example_dag_decorator.py
[2021-02-08 04:26:55,098] {logging_mixin.py:104} INFO - [2021-02-08 04:26:55,097] {dag.py:1818} INFO - Sync 1 DAGs
[2021-02-08 04:26:55,119] {logging_mixin.py:104} INFO - [2021-02-08 04:26:55,119] {dag.py:2273} INFO - Setting next_dagrun for example_dag_decorator to None
[2021-02-08 04:26:55,138] {scheduler_job.py:189} INFO - Processing /home/airflow/.local/lib/python3.8/site-packages/airflow/example_dags/example_dag_decorator.py took 0.107 seconds
[2021-02-08 04:27:25,731] {scheduler_job.py:181} INFO - Started process (PID=1781) to work on /home/airflow/.local/lib/python3.8/site-packages/airflow/example_dags/example_dag_decorator.py
[2021-02-08 04:27:25,735] {scheduler_job.py:627} INFO - Processing file /home/airflow/.local/lib/python3.8/site-packages/airflow/example_dags/example_dag_decorator.py for tasks to queue
[2021-02-08 04:27:25,737] {logging_mixin.py:104} INFO - [2021-02-08 04:27:25,737] {dagbag.py:449} INFO - Filling up the DagBag from /home/airflow/.local/lib/python3.8/site-packages/airflow/example_dags/example_dag_decorator.py
[2021-02-08 04:27:25,759] {scheduler_job.py:637} INFO - DAG(s) dict_keys(['example_dag_decorator']) retrieved from /home/airflow/.local/lib/python3.8/site-packages/airflow/example_dags/example_dag_decorator.py
[2021-02-08 04:27:25,789] {logging_mixin.py:104} INFO - [2021-02-08 04:27:25,789] {dag.py:1818} INFO - Sync 1 DAGs
[2021-02-08 04:27:25,813] {logging_mixin.py:104} INFO - [2021-02-08 04:27:25,813] {dag.py:2273} INFO - Setting next_dagrun for example_dag_decorator to None
[2021-02-08 04:27:25,862] {scheduler_job.py:189} INFO - Processing /home/airflow/.local/lib/python3.8/site-packages/airflow/example_dags/example_dag_decorator.py took 0.136 seconds
[2021-02-08 04:27:56,513] {scheduler_job.py:181} INFO - Started process (PID=1807) to work on /home/airflow/.local/lib/python3.8/site-packages/airflow/example_dags/example_dag_decorator.py
[2021-02-08 04:27:56,515] {scheduler_job.py:627} INFO - Processing file /home/airflow/.local/lib/python3.8/site-packages/airflow/example_dags/example_dag_decorator.py for tasks to queue
[2021-02-08 04:27:56,517] {logging_mixin.py:104} INFO - [2021-02-08 04:27:56,517] {dagbag.py:449} INFO - Filling up the DagBag from /home/airflow/.local/lib/python3.8/site-packages/airflow/example_dags/example_dag_decorator.py
[2021-02-08 04:27:56,535] {scheduler_job.py:637} INFO - DAG(s) dict_keys(['example_dag_decorator']) retrieved from /home/airflow/.local/lib/python3.8/site-packages/airflow/example_dags/example_dag_decorator.py
[2021-02-08 04:27:56,569] {logging_mixin.py:104} INFO - [2021-02-08 04:27:56,569] {dag.py:1818} INFO - Sync 1 DAGs
[2021-02-08 04:27:56,584] {logging_mixin.py:104} INFO - [2021-02-08 04:27:56,584] {dag.py:2273} INFO - Setting next_dagrun for example_dag_decorator to None
[2021-02-08 04:27:56,599] {scheduler_job.py:189} INFO - Processing /home/airflow/.local/lib/python3.8/site-packages/airflow/example_dags/example_dag_decorator.py took 0.090 seconds
[2021-02-08 04:28:26,898] {scheduler_job.py:181} INFO - Started process (PID=1833) to work on /home/airflow/.local/lib/python3.8/site-packages/airflow/example_dags/example_dag_decorator.py
[2021-02-08 04:28:26,900] {scheduler_job.py:627} INFO - Processing file /home/airflow/.local/lib/python3.8/site-packages/airflow/example_dags/example_dag_decorator.py for tasks to queue
[2021-02-08 04:28:26,902] {logging_mixin.py:104} INFO - [2021-02-08 04:28:26,902] {dagbag.py:449} INFO - Filling up the DagBag from /home/airflow/.local/lib/python3.8/site-packages/airflow/example_dags/example_dag_decorator.py
[2021-02-08 04:28:26,922] {scheduler_job.py:637} INFO - DAG(s) dict_keys(['example_dag_decorator']) retrieved from /home/airflow/.local/lib/python3.8/site-packages/airflow/example_dags/example_dag_decorator.py
[2021-02-08 04:28:26,951] {logging_mixin.py:104} INFO - [2021-02-08 04:28:26,951] {dag.py:1818} INFO - Sync 1 DAGs
[2021-02-08 04:28:26,967] {logging_mixin.py:104} INFO - [2021-02-08 04:28:26,967] {dag.py:2273} INFO - Setting next_dagrun for example_dag_decorator to None
[2021-02-08 04:28:26,988] {scheduler_job.py:189} INFO - Processing /home/airflow/.local/lib/python3.8/site-packages/airflow/example_dags/example_dag_decorator.py took 0.094 seconds
[2021-02-08 04:28:57,347] {scheduler_job.py:181} INFO - Started process (PID=1859) to work on /home/airflow/.local/lib/python3.8/site-packages/airflow/example_dags/example_dag_decorator.py
[2021-02-08 04:28:57,349] {scheduler_job.py:627} INFO - Processing file /home/airflow/.local/lib/python3.8/site-packages/airflow/example_dags/example_dag_decorator.py for tasks to queue
[2021-02-08 04:28:57,351] {logging_mixin.py:104} INFO - [2021-02-08 04:28:57,351] {dagbag.py:449} INFO - Filling up the DagBag from /home/airflow/.local/lib/python3.8/site-packages/airflow/example_dags/example_dag_decorator.py
[2021-02-08 04:28:57,367] {scheduler_job.py:637} INFO - DAG(s) dict_keys(['example_dag_decorator']) retrieved from /home/airflow/.local/lib/python3.8/site-packages/airflow/example_dags/example_dag_decorator.py
[2021-02-08 04:28:57,396] {logging_mixin.py:104} INFO - [2021-02-08 04:28:57,395] {dag.py:1818} INFO - Sync 1 DAGs
[2021-02-08 04:28:57,410] {logging_mixin.py:104} INFO - [2021-02-08 04:28:57,410] {dag.py:2273} INFO - Setting next_dagrun for example_dag_decorator to None
[2021-02-08 04:28:57,444] {scheduler_job.py:189} INFO - Processing /home/airflow/.local/lib/python3.8/site-packages/airflow/example_dags/example_dag_decorator.py took 0.100 seconds
[2021-02-08 04:29:27,993] {scheduler_job.py:181} INFO - Started process (PID=1885) to work on /home/airflow/.local/lib/python3.8/site-packages/airflow/example_dags/example_dag_decorator.py
[2021-02-08 04:29:27,995] {scheduler_job.py:627} INFO - Processing file /home/airflow/.local/lib/python3.8/site-packages/airflow/example_dags/example_dag_decorator.py for tasks to queue
[2021-02-08 04:29:27,998] {logging_mixin.py:104} INFO - [2021-02-08 04:29:27,998] {dagbag.py:449} INFO - Filling up the DagBag from /home/airflow/.local/lib/python3.8/site-packages/airflow/example_dags/example_dag_decorator.py
[2021-02-08 04:29:28,022] {scheduler_job.py:637} INFO - DAG(s) dict_keys(['example_dag_decorator']) retrieved from /home/airflow/.local/lib/python3.8/site-packages/airflow/example_dags/example_dag_decorator.py
[2021-02-08 04:29:28,061] {logging_mixin.py:104} INFO - [2021-02-08 04:29:28,060] {dag.py:1818} INFO - Sync 1 DAGs
[2021-02-08 04:29:28,086] {logging_mixin.py:104} INFO - [2021-02-08 04:29:28,086] {dag.py:2273} INFO - Setting next_dagrun for example_dag_decorator to None
[2021-02-08 04:29:28,113] {scheduler_job.py:189} INFO - Processing /home/airflow/.local/lib/python3.8/site-packages/airflow/example_dags/example_dag_decorator.py took 0.125 seconds
[2021-02-08 04:29:58,733] {scheduler_job.py:181} INFO - Started process (PID=1911) to work on /home/airflow/.local/lib/python3.8/site-packages/airflow/example_dags/example_dag_decorator.py
[2021-02-08 04:29:58,735] {scheduler_job.py:627} INFO - Processing file /home/airflow/.local/lib/python3.8/site-packages/airflow/example_dags/example_dag_decorator.py for tasks to queue
[2021-02-08 04:29:58,738] {logging_mixin.py:104} INFO - [2021-02-08 04:29:58,738] {dagbag.py:449} INFO - Filling up the DagBag from /home/airflow/.local/lib/python3.8/site-packages/airflow/example_dags/example_dag_decorator.py
[2021-02-08 04:29:58,761] {scheduler_job.py:637} INFO - DAG(s) dict_keys(['example_dag_decorator']) retrieved from /home/airflow/.local/lib/python3.8/site-packages/airflow/example_dags/example_dag_decorator.py
[2021-02-08 04:29:58,797] {logging_mixin.py:104} INFO - [2021-02-08 04:29:58,797] {dag.py:1818} INFO - Sync 1 DAGs
[2021-02-08 04:29:58,815] {logging_mixin.py:104} INFO - [2021-02-08 04:29:58,815] {dag.py:2273} INFO - Setting next_dagrun for example_dag_decorator to None
[2021-02-08 04:29:58,835] {scheduler_job.py:189} INFO - Processing /home/airflow/.local/lib/python3.8/site-packages/airflow/example_dags/example_dag_decorator.py took 0.108 seconds
[2021-02-08 04:30:29,516] {scheduler_job.py:181} INFO - Started process (PID=1937) to work on /home/airflow/.local/lib/python3.8/site-packages/airflow/example_dags/example_dag_decorator.py
[2021-02-08 04:30:29,519] {scheduler_job.py:627} INFO - Processing file /home/airflow/.local/lib/python3.8/site-packages/airflow/example_dags/example_dag_decorator.py for tasks to queue
[2021-02-08 04:30:29,521] {logging_mixin.py:104} INFO - [2021-02-08 04:30:29,520] {dagbag.py:449} INFO - Filling up the DagBag from /home/airflow/.local/lib/python3.8/site-packages/airflow/example_dags/example_dag_decorator.py
[2021-02-08 04:30:29,543] {scheduler_job.py:637} INFO - DAG(s) dict_keys(['example_dag_decorator']) retrieved from /home/airflow/.local/lib/python3.8/site-packages/airflow/example_dags/example_dag_decorator.py
[2021-02-08 04:30:29,585] {logging_mixin.py:104} INFO - [2021-02-08 04:30:29,585] {dag.py:1818} INFO - Sync 1 DAGs
[2021-02-08 04:30:29,609] {logging_mixin.py:104} INFO - [2021-02-08 04:30:29,609] {dag.py:2273} INFO - Setting next_dagrun for example_dag_decorator to None
[2021-02-08 04:30:29,632] {scheduler_job.py:189} INFO - Processing /home/airflow/.local/lib/python3.8/site-packages/airflow/example_dags/example_dag_decorator.py took 0.121 seconds
[2021-02-08 04:31:00,233] {scheduler_job.py:181} INFO - Started process (PID=1963) to work on /home/airflow/.local/lib/python3.8/site-packages/airflow/example_dags/example_dag_decorator.py
[2021-02-08 04:31:00,236] {scheduler_job.py:627} INFO - Processing file /home/airflow/.local/lib/python3.8/site-packages/airflow/example_dags/example_dag_decorator.py for tasks to queue
[2021-02-08 04:31:00,239] {logging_mixin.py:104} INFO - [2021-02-08 04:31:00,239] {dagbag.py:449} INFO - Filling up the DagBag from /home/airflow/.local/lib/python3.8/site-packages/airflow/example_dags/example_dag_decorator.py
[2021-02-08 04:31:00,260] {scheduler_job.py:637} INFO - DAG(s) dict_keys(['example_dag_decorator']) retrieved from /home/airflow/.local/lib/python3.8/site-packages/airflow/example_dags/example_dag_decorator.py
[2021-02-08 04:31:00,325] {logging_mixin.py:104} INFO - [2021-02-08 04:31:00,325] {dag.py:1818} INFO - Sync 1 DAGs
[2021-02-08 04:31:00,358] {logging_mixin.py:104} INFO - [2021-02-08 04:31:00,358] {dag.py:2273} INFO - Setting next_dagrun for example_dag_decorator to None
[2021-02-08 04:31:00,387] {scheduler_job.py:189} INFO - Processing /home/airflow/.local/lib/python3.8/site-packages/airflow/example_dags/example_dag_decorator.py took 0.159 seconds
[2021-02-08 04:31:30,817] {scheduler_job.py:181} INFO - Started process (PID=1989) to work on /home/airflow/.local/lib/python3.8/site-packages/airflow/example_dags/example_dag_decorator.py
[2021-02-08 04:31:30,819] {scheduler_job.py:627} INFO - Processing file /home/airflow/.local/lib/python3.8/site-packages/airflow/example_dags/example_dag_decorator.py for tasks to queue
[2021-02-08 04:31:30,821] {logging_mixin.py:104} INFO - [2021-02-08 04:31:30,821] {dagbag.py:449} INFO - Filling up the DagBag from /home/airflow/.local/lib/python3.8/site-packages/airflow/example_dags/example_dag_decorator.py
[2021-02-08 04:31:30,836] {scheduler_job.py:637} INFO - DAG(s) dict_keys(['example_dag_decorator']) retrieved from /home/airflow/.local/lib/python3.8/site-packages/airflow/example_dags/example_dag_decorator.py
[2021-02-08 04:31:30,868] {logging_mixin.py:104} INFO - [2021-02-08 04:31:30,868] {dag.py:1818} INFO - Sync 1 DAGs
[2021-02-08 04:31:30,885] {logging_mixin.py:104} INFO - [2021-02-08 04:31:30,885] {dag.py:2273} INFO - Setting next_dagrun for example_dag_decorator to None
[2021-02-08 04:31:30,898] {scheduler_job.py:189} INFO - Processing /home/airflow/.local/lib/python3.8/site-packages/airflow/example_dags/example_dag_decorator.py took 0.084 seconds
[2021-02-08 04:32:01,298] {scheduler_job.py:181} INFO - Started process (PID=2015) to work on /home/airflow/.local/lib/python3.8/site-packages/airflow/example_dags/example_dag_decorator.py
[2021-02-08 04:32:01,301] {scheduler_job.py:627} INFO - Processing file /home/airflow/.local/lib/python3.8/site-packages/airflow/example_dags/example_dag_decorator.py for tasks to queue
[2021-02-08 04:32:01,303] {logging_mixin.py:104} INFO - [2021-02-08 04:32:01,303] {dagbag.py:449} INFO - Filling up the DagBag from /home/airflow/.local/lib/python3.8/site-packages/airflow/example_dags/example_dag_decorator.py
[2021-02-08 04:32:01,322] {scheduler_job.py:637} INFO - DAG(s) dict_keys(['example_dag_decorator']) retrieved from /home/airflow/.local/lib/python3.8/site-packages/airflow/example_dags/example_dag_decorator.py
[2021-02-08 04:32:01,356] {logging_mixin.py:104} INFO - [2021-02-08 04:32:01,355] {dag.py:1818} INFO - Sync 1 DAGs
[2021-02-08 04:32:01,373] {logging_mixin.py:104} INFO - [2021-02-08 04:32:01,373] {dag.py:2273} INFO - Setting next_dagrun for example_dag_decorator to None
[2021-02-08 04:32:01,389] {scheduler_job.py:189} INFO - Processing /home/airflow/.local/lib/python3.8/site-packages/airflow/example_dags/example_dag_decorator.py took 0.096 seconds
[2021-02-08 04:32:31,950] {scheduler_job.py:181} INFO - Started process (PID=2041) to work on /home/airflow/.local/lib/python3.8/site-packages/airflow/example_dags/example_dag_decorator.py
[2021-02-08 04:32:31,955] {scheduler_job.py:627} INFO - Processing file /home/airflow/.local/lib/python3.8/site-packages/airflow/example_dags/example_dag_decorator.py for tasks to queue
[2021-02-08 04:32:31,958] {logging_mixin.py:104} INFO - [2021-02-08 04:32:31,958] {dagbag.py:449} INFO - Filling up the DagBag from /home/airflow/.local/lib/python3.8/site-packages/airflow/example_dags/example_dag_decorator.py
[2021-02-08 04:32:31,987] {scheduler_job.py:637} INFO - DAG(s) dict_keys(['example_dag_decorator']) retrieved from /home/airflow/.local/lib/python3.8/site-packages/airflow/example_dags/example_dag_decorator.py
[2021-02-08 04:32:32,022] {logging_mixin.py:104} INFO - [2021-02-08 04:32:32,022] {dag.py:1818} INFO - Sync 1 DAGs
[2021-02-08 04:32:32,036] {logging_mixin.py:104} INFO - [2021-02-08 04:32:32,036] {dag.py:2273} INFO - Setting next_dagrun for example_dag_decorator to None
[2021-02-08 04:32:32,051] {scheduler_job.py:189} INFO - Processing /home/airflow/.local/lib/python3.8/site-packages/airflow/example_dags/example_dag_decorator.py took 0.109 seconds
[2021-02-08 04:33:02,099] {scheduler_job.py:181} INFO - Started process (PID=2067) to work on /home/airflow/.local/lib/python3.8/site-packages/airflow/example_dags/example_dag_decorator.py
[2021-02-08 04:33:02,102] {scheduler_job.py:627} INFO - Processing file /home/airflow/.local/lib/python3.8/site-packages/airflow/example_dags/example_dag_decorator.py for tasks to queue
[2021-02-08 04:33:02,105] {logging_mixin.py:104} INFO - [2021-02-08 04:33:02,104] {dagbag.py:449} INFO - Filling up the DagBag from /home/airflow/.local/lib/python3.8/site-packages/airflow/example_dags/example_dag_decorator.py
[2021-02-08 04:33:02,129] {scheduler_job.py:637} INFO - DAG(s) dict_keys(['example_dag_decorator']) retrieved from /home/airflow/.local/lib/python3.8/site-packages/airflow/example_dags/example_dag_decorator.py
[2021-02-08 04:33:02,171] {logging_mixin.py:104} INFO - [2021-02-08 04:33:02,171] {dag.py:1818} INFO - Sync 1 DAGs
[2021-02-08 04:33:02,193] {logging_mixin.py:104} INFO - [2021-02-08 04:33:02,193] {dag.py:2273} INFO - Setting next_dagrun for example_dag_decorator to None
[2021-02-08 04:33:02,219] {scheduler_job.py:189} INFO - Processing /home/airflow/.local/lib/python3.8/site-packages/airflow/example_dags/example_dag_decorator.py took 0.127 seconds
[2021-02-08 04:33:32,830] {scheduler_job.py:181} INFO - Started process (PID=2093) to work on /home/airflow/.local/lib/python3.8/site-packages/airflow/example_dags/example_dag_decorator.py
[2021-02-08 04:33:32,832] {scheduler_job.py:627} INFO - Processing file /home/airflow/.local/lib/python3.8/site-packages/airflow/example_dags/example_dag_decorator.py for tasks to queue
[2021-02-08 04:33:32,834] {logging_mixin.py:104} INFO - [2021-02-08 04:33:32,834] {dagbag.py:449} INFO - Filling up the DagBag from /home/airflow/.local/lib/python3.8/site-packages/airflow/example_dags/example_dag_decorator.py
[2021-02-08 04:33:32,850] {scheduler_job.py:637} INFO - DAG(s) dict_keys(['example_dag_decorator']) retrieved from /home/airflow/.local/lib/python3.8/site-packages/airflow/example_dags/example_dag_decorator.py
[2021-02-08 04:33:32,884] {logging_mixin.py:104} INFO - [2021-02-08 04:33:32,884] {dag.py:1818} INFO - Sync 1 DAGs
[2021-02-08 04:33:32,900] {logging_mixin.py:104} INFO - [2021-02-08 04:33:32,900] {dag.py:2273} INFO - Setting next_dagrun for example_dag_decorator to None
[2021-02-08 04:33:32,914] {scheduler_job.py:189} INFO - Processing /home/airflow/.local/lib/python3.8/site-packages/airflow/example_dags/example_dag_decorator.py took 0.089 seconds
[2021-02-08 04:34:03,141] {scheduler_job.py:181} INFO - Started process (PID=2119) to work on /home/airflow/.local/lib/python3.8/site-packages/airflow/example_dags/example_dag_decorator.py
[2021-02-08 04:34:03,143] {scheduler_job.py:627} INFO - Processing file /home/airflow/.local/lib/python3.8/site-packages/airflow/example_dags/example_dag_decorator.py for tasks to queue
[2021-02-08 04:34:03,145] {logging_mixin.py:104} INFO - [2021-02-08 04:34:03,145] {dagbag.py:449} INFO - Filling up the DagBag from /home/airflow/.local/lib/python3.8/site-packages/airflow/example_dags/example_dag_decorator.py
[2021-02-08 04:34:03,167] {scheduler_job.py:637} INFO - DAG(s) dict_keys(['example_dag_decorator']) retrieved from /home/airflow/.local/lib/python3.8/site-packages/airflow/example_dags/example_dag_decorator.py
[2021-02-08 04:34:03,216] {logging_mixin.py:104} INFO - [2021-02-08 04:34:03,216] {dag.py:1818} INFO - Sync 1 DAGs
[2021-02-08 04:34:03,237] {logging_mixin.py:104} INFO - [2021-02-08 04:34:03,237] {dag.py:2273} INFO - Setting next_dagrun for example_dag_decorator to None
[2021-02-08 04:34:03,257] {scheduler_job.py:189} INFO - Processing /home/airflow/.local/lib/python3.8/site-packages/airflow/example_dags/example_dag_decorator.py took 0.121 seconds
[2021-02-08 04:34:34,791] {scheduler_job.py:181} INFO - Started process (PID=2145) to work on /home/airflow/.local/lib/python3.8/site-packages/airflow/example_dags/example_dag_decorator.py
[2021-02-08 04:34:34,793] {scheduler_job.py:627} INFO - Processing file /home/airflow/.local/lib/python3.8/site-packages/airflow/example_dags/example_dag_decorator.py for tasks to queue
[2021-02-08 04:34:34,795] {logging_mixin.py:104} INFO - [2021-02-08 04:34:34,795] {dagbag.py:449} INFO - Filling up the DagBag from /home/airflow/.local/lib/python3.8/site-packages/airflow/example_dags/example_dag_decorator.py
[2021-02-08 04:34:34,816] {scheduler_job.py:637} INFO - DAG(s) dict_keys(['example_dag_decorator']) retrieved from /home/airflow/.local/lib/python3.8/site-packages/airflow/example_dags/example_dag_decorator.py
[2021-02-08 04:34:34,956] {logging_mixin.py:104} INFO - [2021-02-08 04:34:34,956] {dag.py:1818} INFO - Sync 1 DAGs
[2021-02-08 04:34:35,039] {logging_mixin.py:104} INFO - [2021-02-08 04:34:35,038] {dag.py:2273} INFO - Setting next_dagrun for example_dag_decorator to None
[2021-02-08 04:34:35,110] {scheduler_job.py:189} INFO - Processing /home/airflow/.local/lib/python3.8/site-packages/airflow/example_dags/example_dag_decorator.py took 0.324 seconds
[2021-02-08 04:35:05,274] {scheduler_job.py:181} INFO - Started process (PID=2171) to work on /home/airflow/.local/lib/python3.8/site-packages/airflow/example_dags/example_dag_decorator.py
[2021-02-08 04:35:05,280] {scheduler_job.py:627} INFO - Processing file /home/airflow/.local/lib/python3.8/site-packages/airflow/example_dags/example_dag_decorator.py for tasks to queue
[2021-02-08 04:35:05,285] {logging_mixin.py:104} INFO - [2021-02-08 04:35:05,285] {dagbag.py:449} INFO - Filling up the DagBag from /home/airflow/.local/lib/python3.8/site-packages/airflow/example_dags/example_dag_decorator.py
[2021-02-08 04:35:05,362] {scheduler_job.py:637} INFO - DAG(s) dict_keys(['example_dag_decorator']) retrieved from /home/airflow/.local/lib/python3.8/site-packages/airflow/example_dags/example_dag_decorator.py
[2021-02-08 04:35:05,461] {logging_mixin.py:104} INFO - [2021-02-08 04:35:05,460] {dag.py:1818} INFO - Sync 1 DAGs
[2021-02-08 04:35:05,528] {logging_mixin.py:104} INFO - [2021-02-08 04:35:05,528] {dag.py:2273} INFO - Setting next_dagrun for example_dag_decorator to None
[2021-02-08 04:35:05,570] {scheduler_job.py:189} INFO - Processing /home/airflow/.local/lib/python3.8/site-packages/airflow/example_dags/example_dag_decorator.py took 0.307 seconds
[2021-02-08 04:35:36,067] {scheduler_job.py:181} INFO - Started process (PID=2199) to work on /home/airflow/.local/lib/python3.8/site-packages/airflow/example_dags/example_dag_decorator.py
[2021-02-08 04:35:36,071] {scheduler_job.py:627} INFO - Processing file /home/airflow/.local/lib/python3.8/site-packages/airflow/example_dags/example_dag_decorator.py for tasks to queue
[2021-02-08 04:35:36,073] {logging_mixin.py:104} INFO - [2021-02-08 04:35:36,073] {dagbag.py:449} INFO - Filling up the DagBag from /home/airflow/.local/lib/python3.8/site-packages/airflow/example_dags/example_dag_decorator.py
[2021-02-08 04:35:36,094] {scheduler_job.py:637} INFO - DAG(s) dict_keys(['example_dag_decorator']) retrieved from /home/airflow/.local/lib/python3.8/site-packages/airflow/example_dags/example_dag_decorator.py
[2021-02-08 04:35:36,149] {logging_mixin.py:104} INFO - [2021-02-08 04:35:36,149] {dag.py:1818} INFO - Sync 1 DAGs
[2021-02-08 04:35:36,173] {logging_mixin.py:104} INFO - [2021-02-08 04:35:36,173] {dag.py:2273} INFO - Setting next_dagrun for example_dag_decorator to None
[2021-02-08 04:35:36,201] {scheduler_job.py:189} INFO - Processing /home/airflow/.local/lib/python3.8/site-packages/airflow/example_dags/example_dag_decorator.py took 0.139 seconds
[2021-02-08 04:36:06,260] {scheduler_job.py:181} INFO - Started process (PID=2225) to work on /home/airflow/.local/lib/python3.8/site-packages/airflow/example_dags/example_dag_decorator.py
[2021-02-08 04:36:06,264] {scheduler_job.py:627} INFO - Processing file /home/airflow/.local/lib/python3.8/site-packages/airflow/example_dags/example_dag_decorator.py for tasks to queue
[2021-02-08 04:36:06,268] {logging_mixin.py:104} INFO - [2021-02-08 04:36:06,267] {dagbag.py:449} INFO - Filling up the DagBag from /home/airflow/.local/lib/python3.8/site-packages/airflow/example_dags/example_dag_decorator.py
[2021-02-08 04:36:06,296] {scheduler_job.py:637} INFO - DAG(s) dict_keys(['example_dag_decorator']) retrieved from /home/airflow/.local/lib/python3.8/site-packages/airflow/example_dags/example_dag_decorator.py
[2021-02-08 04:36:06,342] {logging_mixin.py:104} INFO - [2021-02-08 04:36:06,342] {dag.py:1818} INFO - Sync 1 DAGs
[2021-02-08 04:36:06,362] {logging_mixin.py:104} INFO - [2021-02-08 04:36:06,362] {dag.py:2273} INFO - Setting next_dagrun for example_dag_decorator to None
[2021-02-08 04:36:06,392] {scheduler_job.py:189} INFO - Processing /home/airflow/.local/lib/python3.8/site-packages/airflow/example_dags/example_dag_decorator.py took 0.139 seconds
[2021-02-08 04:36:36,918] {scheduler_job.py:181} INFO - Started process (PID=2250) to work on /home/airflow/.local/lib/python3.8/site-packages/airflow/example_dags/example_dag_decorator.py
[2021-02-08 04:36:36,921] {scheduler_job.py:627} INFO - Processing file /home/airflow/.local/lib/python3.8/site-packages/airflow/example_dags/example_dag_decorator.py for tasks to queue
[2021-02-08 04:36:36,924] {logging_mixin.py:104} INFO - [2021-02-08 04:36:36,924] {dagbag.py:449} INFO - Filling up the DagBag from /home/airflow/.local/lib/python3.8/site-packages/airflow/example_dags/example_dag_decorator.py
[2021-02-08 04:36:36,964] {scheduler_job.py:637} INFO - DAG(s) dict_keys(['example_dag_decorator']) retrieved from /home/airflow/.local/lib/python3.8/site-packages/airflow/example_dags/example_dag_decorator.py
[2021-02-08 04:36:37,026] {logging_mixin.py:104} INFO - [2021-02-08 04:36:37,026] {dag.py:1818} INFO - Sync 1 DAGs
[2021-02-08 04:36:37,054] {logging_mixin.py:104} INFO - [2021-02-08 04:36:37,054] {dag.py:2273} INFO - Setting next_dagrun for example_dag_decorator to None
[2021-02-08 04:36:37,075] {scheduler_job.py:189} INFO - Processing /home/airflow/.local/lib/python3.8/site-packages/airflow/example_dags/example_dag_decorator.py took 0.165 seconds
[2021-02-08 04:37:07,417] {scheduler_job.py:181} INFO - Started process (PID=2278) to work on /home/airflow/.local/lib/python3.8/site-packages/airflow/example_dags/example_dag_decorator.py
[2021-02-08 04:37:07,419] {scheduler_job.py:627} INFO - Processing file /home/airflow/.local/lib/python3.8/site-packages/airflow/example_dags/example_dag_decorator.py for tasks to queue
[2021-02-08 04:37:07,422] {logging_mixin.py:104} INFO - [2021-02-08 04:37:07,422] {dagbag.py:449} INFO - Filling up the DagBag from /home/airflow/.local/lib/python3.8/site-packages/airflow/example_dags/example_dag_decorator.py
[2021-02-08 04:37:07,440] {scheduler_job.py:637} INFO - DAG(s) dict_keys(['example_dag_decorator']) retrieved from /home/airflow/.local/lib/python3.8/site-packages/airflow/example_dags/example_dag_decorator.py
[2021-02-08 04:37:07,501] {logging_mixin.py:104} INFO - [2021-02-08 04:37:07,501] {dag.py:1818} INFO - Sync 1 DAGs
[2021-02-08 04:37:07,531] {logging_mixin.py:104} INFO - [2021-02-08 04:37:07,530] {dag.py:2273} INFO - Setting next_dagrun for example_dag_decorator to None
[2021-02-08 04:37:07,553] {scheduler_job.py:189} INFO - Processing /home/airflow/.local/lib/python3.8/site-packages/airflow/example_dags/example_dag_decorator.py took 0.141 seconds
[2021-02-08 04:37:37,577] {scheduler_job.py:181} INFO - Started process (PID=2304) to work on /home/airflow/.local/lib/python3.8/site-packages/airflow/example_dags/example_dag_decorator.py
[2021-02-08 04:37:37,580] {scheduler_job.py:627} INFO - Processing file /home/airflow/.local/lib/python3.8/site-packages/airflow/example_dags/example_dag_decorator.py for tasks to queue
[2021-02-08 04:37:37,581] {logging_mixin.py:104} INFO - [2021-02-08 04:37:37,581] {dagbag.py:449} INFO - Filling up the DagBag from /home/airflow/.local/lib/python3.8/site-packages/airflow/example_dags/example_dag_decorator.py
[2021-02-08 04:37:37,596] {scheduler_job.py:637} INFO - DAG(s) dict_keys(['example_dag_decorator']) retrieved from /home/airflow/.local/lib/python3.8/site-packages/airflow/example_dags/example_dag_decorator.py
[2021-02-08 04:37:37,622] {logging_mixin.py:104} INFO - [2021-02-08 04:37:37,622] {dag.py:1818} INFO - Sync 1 DAGs
[2021-02-08 04:37:37,636] {logging_mixin.py:104} INFO - [2021-02-08 04:37:37,636] {dag.py:2273} INFO - Setting next_dagrun for example_dag_decorator to None
[2021-02-08 04:37:37,651] {scheduler_job.py:189} INFO - Processing /home/airflow/.local/lib/python3.8/site-packages/airflow/example_dags/example_dag_decorator.py took 0.078 seconds
[2021-02-08 04:38:07,778] {scheduler_job.py:181} INFO - Started process (PID=2330) to work on /home/airflow/.local/lib/python3.8/site-packages/airflow/example_dags/example_dag_decorator.py
[2021-02-08 04:38:07,781] {scheduler_job.py:627} INFO - Processing file /home/airflow/.local/lib/python3.8/site-packages/airflow/example_dags/example_dag_decorator.py for tasks to queue
[2021-02-08 04:38:07,783] {logging_mixin.py:104} INFO - [2021-02-08 04:38:07,782] {dagbag.py:449} INFO - Filling up the DagBag from /home/airflow/.local/lib/python3.8/site-packages/airflow/example_dags/example_dag_decorator.py
[2021-02-08 04:38:07,801] {scheduler_job.py:637} INFO - DAG(s) dict_keys(['example_dag_decorator']) retrieved from /home/airflow/.local/lib/python3.8/site-packages/airflow/example_dags/example_dag_decorator.py
[2021-02-08 04:38:07,836] {logging_mixin.py:104} INFO - [2021-02-08 04:38:07,836] {dag.py:1818} INFO - Sync 1 DAGs
[2021-02-08 04:38:07,852] {logging_mixin.py:104} INFO - [2021-02-08 04:38:07,852] {dag.py:2273} INFO - Setting next_dagrun for example_dag_decorator to None
[2021-02-08 04:38:07,866] {scheduler_job.py:189} INFO - Processing /home/airflow/.local/lib/python3.8/site-packages/airflow/example_dags/example_dag_decorator.py took 0.092 seconds
[2021-02-08 04:38:38,172] {scheduler_job.py:181} INFO - Started process (PID=2356) to work on /home/airflow/.local/lib/python3.8/site-packages/airflow/example_dags/example_dag_decorator.py
[2021-02-08 04:38:38,174] {scheduler_job.py:627} INFO - Processing file /home/airflow/.local/lib/python3.8/site-packages/airflow/example_dags/example_dag_decorator.py for tasks to queue
[2021-02-08 04:38:38,176] {logging_mixin.py:104} INFO - [2021-02-08 04:38:38,176] {dagbag.py:449} INFO - Filling up the DagBag from /home/airflow/.local/lib/python3.8/site-packages/airflow/example_dags/example_dag_decorator.py
[2021-02-08 04:38:38,195] {scheduler_job.py:637} INFO - DAG(s) dict_keys(['example_dag_decorator']) retrieved from /home/airflow/.local/lib/python3.8/site-packages/airflow/example_dags/example_dag_decorator.py
[2021-02-08 04:38:38,229] {logging_mixin.py:104} INFO - [2021-02-08 04:38:38,229] {dag.py:1818} INFO - Sync 1 DAGs
[2021-02-08 04:38:38,245] {logging_mixin.py:104} INFO - [2021-02-08 04:38:38,245] {dag.py:2273} INFO - Setting next_dagrun for example_dag_decorator to None
[2021-02-08 04:38:38,261] {scheduler_job.py:189} INFO - Processing /home/airflow/.local/lib/python3.8/site-packages/airflow/example_dags/example_dag_decorator.py took 0.094 seconds
[2021-02-08 04:39:09,148] {scheduler_job.py:181} INFO - Started process (PID=2382) to work on /home/airflow/.local/lib/python3.8/site-packages/airflow/example_dags/example_dag_decorator.py
[2021-02-08 04:39:09,152] {scheduler_job.py:627} INFO - Processing file /home/airflow/.local/lib/python3.8/site-packages/airflow/example_dags/example_dag_decorator.py for tasks to queue
[2021-02-08 04:39:09,155] {logging_mixin.py:104} INFO - [2021-02-08 04:39:09,155] {dagbag.py:449} INFO - Filling up the DagBag from /home/airflow/.local/lib/python3.8/site-packages/airflow/example_dags/example_dag_decorator.py
[2021-02-08 04:39:09,177] {scheduler_job.py:637} INFO - DAG(s) dict_keys(['example_dag_decorator']) retrieved from /home/airflow/.local/lib/python3.8/site-packages/airflow/example_dags/example_dag_decorator.py
[2021-02-08 04:39:09,216] {logging_mixin.py:104} INFO - [2021-02-08 04:39:09,216] {dag.py:1818} INFO - Sync 1 DAGs
[2021-02-08 04:39:09,233] {logging_mixin.py:104} INFO - [2021-02-08 04:39:09,232] {dag.py:2273} INFO - Setting next_dagrun for example_dag_decorator to None
[2021-02-08 04:39:09,247] {scheduler_job.py:189} INFO - Processing /home/airflow/.local/lib/python3.8/site-packages/airflow/example_dags/example_dag_decorator.py took 0.105 seconds
[2021-02-08 04:39:39,513] {scheduler_job.py:181} INFO - Started process (PID=2408) to work on /home/airflow/.local/lib/python3.8/site-packages/airflow/example_dags/example_dag_decorator.py
[2021-02-08 04:39:39,515] {scheduler_job.py:627} INFO - Processing file /home/airflow/.local/lib/python3.8/site-packages/airflow/example_dags/example_dag_decorator.py for tasks to queue
[2021-02-08 04:39:39,517] {logging_mixin.py:104} INFO - [2021-02-08 04:39:39,517] {dagbag.py:449} INFO - Filling up the DagBag from /home/airflow/.local/lib/python3.8/site-packages/airflow/example_dags/example_dag_decorator.py
[2021-02-08 04:39:39,535] {scheduler_job.py:637} INFO - DAG(s) dict_keys(['example_dag_decorator']) retrieved from /home/airflow/.local/lib/python3.8/site-packages/airflow/example_dags/example_dag_decorator.py
[2021-02-08 04:39:39,577] {logging_mixin.py:104} INFO - [2021-02-08 04:39:39,577] {dag.py:1818} INFO - Sync 1 DAGs
[2021-02-08 04:39:39,603] {logging_mixin.py:104} INFO - [2021-02-08 04:39:39,603] {dag.py:2273} INFO - Setting next_dagrun for example_dag_decorator to None
[2021-02-08 04:39:39,644] {scheduler_job.py:189} INFO - Processing /home/airflow/.local/lib/python3.8/site-packages/airflow/example_dags/example_dag_decorator.py took 0.138 seconds
[2021-02-08 04:40:10,489] {scheduler_job.py:181} INFO - Started process (PID=2434) to work on /home/airflow/.local/lib/python3.8/site-packages/airflow/example_dags/example_dag_decorator.py
[2021-02-08 04:40:10,491] {scheduler_job.py:627} INFO - Processing file /home/airflow/.local/lib/python3.8/site-packages/airflow/example_dags/example_dag_decorator.py for tasks to queue
[2021-02-08 04:40:10,493] {logging_mixin.py:104} INFO - [2021-02-08 04:40:10,493] {dagbag.py:449} INFO - Filling up the DagBag from /home/airflow/.local/lib/python3.8/site-packages/airflow/example_dags/example_dag_decorator.py
[2021-02-08 04:40:10,511] {scheduler_job.py:637} INFO - DAG(s) dict_keys(['example_dag_decorator']) retrieved from /home/airflow/.local/lib/python3.8/site-packages/airflow/example_dags/example_dag_decorator.py
[2021-02-08 04:40:10,543] {logging_mixin.py:104} INFO - [2021-02-08 04:40:10,543] {dag.py:1818} INFO - Sync 1 DAGs
[2021-02-08 04:40:10,559] {logging_mixin.py:104} INFO - [2021-02-08 04:40:10,559] {dag.py:2273} INFO - Setting next_dagrun for example_dag_decorator to None
[2021-02-08 04:40:10,580] {scheduler_job.py:189} INFO - Processing /home/airflow/.local/lib/python3.8/site-packages/airflow/example_dags/example_dag_decorator.py took 0.097 seconds
[2021-02-08 04:40:41,046] {scheduler_job.py:181} INFO - Started process (PID=2460) to work on /home/airflow/.local/lib/python3.8/site-packages/airflow/example_dags/example_dag_decorator.py
[2021-02-08 04:40:41,048] {scheduler_job.py:627} INFO - Processing file /home/airflow/.local/lib/python3.8/site-packages/airflow/example_dags/example_dag_decorator.py for tasks to queue
[2021-02-08 04:40:41,049] {logging_mixin.py:104} INFO - [2021-02-08 04:40:41,049] {dagbag.py:449} INFO - Filling up the DagBag from /home/airflow/.local/lib/python3.8/site-packages/airflow/example_dags/example_dag_decorator.py
[2021-02-08 04:40:41,064] {scheduler_job.py:637} INFO - DAG(s) dict_keys(['example_dag_decorator']) retrieved from /home/airflow/.local/lib/python3.8/site-packages/airflow/example_dags/example_dag_decorator.py
[2021-02-08 04:40:41,097] {logging_mixin.py:104} INFO - [2021-02-08 04:40:41,097] {dag.py:1818} INFO - Sync 1 DAGs
[2021-02-08 04:40:41,112] {logging_mixin.py:104} INFO - [2021-02-08 04:40:41,112] {dag.py:2273} INFO - Setting next_dagrun for example_dag_decorator to None
[2021-02-08 04:40:41,127] {scheduler_job.py:189} INFO - Processing /home/airflow/.local/lib/python3.8/site-packages/airflow/example_dags/example_dag_decorator.py took 0.085 seconds
[2021-02-08 04:41:12,193] {scheduler_job.py:181} INFO - Started process (PID=2486) to work on /home/airflow/.local/lib/python3.8/site-packages/airflow/example_dags/example_dag_decorator.py
[2021-02-08 04:41:12,196] {scheduler_job.py:627} INFO - Processing file /home/airflow/.local/lib/python3.8/site-packages/airflow/example_dags/example_dag_decorator.py for tasks to queue
[2021-02-08 04:41:12,200] {logging_mixin.py:104} INFO - [2021-02-08 04:41:12,200] {dagbag.py:449} INFO - Filling up the DagBag from /home/airflow/.local/lib/python3.8/site-packages/airflow/example_dags/example_dag_decorator.py
[2021-02-08 04:41:12,224] {scheduler_job.py:637} INFO - DAG(s) dict_keys(['example_dag_decorator']) retrieved from /home/airflow/.local/lib/python3.8/site-packages/airflow/example_dags/example_dag_decorator.py
[2021-02-08 04:41:12,260] {logging_mixin.py:104} INFO - [2021-02-08 04:41:12,260] {dag.py:1818} INFO - Sync 1 DAGs
[2021-02-08 04:41:12,279] {logging_mixin.py:104} INFO - [2021-02-08 04:41:12,279] {dag.py:2273} INFO - Setting next_dagrun for example_dag_decorator to None
[2021-02-08 04:41:12,304] {scheduler_job.py:189} INFO - Processing /home/airflow/.local/lib/python3.8/site-packages/airflow/example_dags/example_dag_decorator.py took 0.118 seconds
[2021-02-08 04:41:43,049] {scheduler_job.py:181} INFO - Started process (PID=2512) to work on /home/airflow/.local/lib/python3.8/site-packages/airflow/example_dags/example_dag_decorator.py
[2021-02-08 04:41:43,053] {scheduler_job.py:627} INFO - Processing file /home/airflow/.local/lib/python3.8/site-packages/airflow/example_dags/example_dag_decorator.py for tasks to queue
[2021-02-08 04:41:43,055] {logging_mixin.py:104} INFO - [2021-02-08 04:41:43,055] {dagbag.py:449} INFO - Filling up the DagBag from /home/airflow/.local/lib/python3.8/site-packages/airflow/example_dags/example_dag_decorator.py
[2021-02-08 04:41:43,082] {scheduler_job.py:637} INFO - DAG(s) dict_keys(['example_dag_decorator']) retrieved from /home/airflow/.local/lib/python3.8/site-packages/airflow/example_dags/example_dag_decorator.py
[2021-02-08 04:41:43,130] {logging_mixin.py:104} INFO - [2021-02-08 04:41:43,130] {dag.py:1818} INFO - Sync 1 DAGs
[2021-02-08 04:41:43,153] {logging_mixin.py:104} INFO - [2021-02-08 04:41:43,153] {dag.py:2273} INFO - Setting next_dagrun for example_dag_decorator to None
[2021-02-08 04:41:43,172] {scheduler_job.py:189} INFO - Processing /home/airflow/.local/lib/python3.8/site-packages/airflow/example_dags/example_dag_decorator.py took 0.130 seconds
[2021-02-08 04:42:13,488] {scheduler_job.py:181} INFO - Started process (PID=2540) to work on /home/airflow/.local/lib/python3.8/site-packages/airflow/example_dags/example_dag_decorator.py
[2021-02-08 04:42:13,493] {scheduler_job.py:627} INFO - Processing file /home/airflow/.local/lib/python3.8/site-packages/airflow/example_dags/example_dag_decorator.py for tasks to queue
[2021-02-08 04:42:13,496] {logging_mixin.py:104} INFO - [2021-02-08 04:42:13,496] {dagbag.py:449} INFO - Filling up the DagBag from /home/airflow/.local/lib/python3.8/site-packages/airflow/example_dags/example_dag_decorator.py
[2021-02-08 04:42:13,526] {scheduler_job.py:637} INFO - DAG(s) dict_keys(['example_dag_decorator']) retrieved from /home/airflow/.local/lib/python3.8/site-packages/airflow/example_dags/example_dag_decorator.py
[2021-02-08 04:42:13,638] {logging_mixin.py:104} INFO - [2021-02-08 04:42:13,638] {dag.py:1818} INFO - Sync 1 DAGs
[2021-02-08 04:42:13,670] {logging_mixin.py:104} INFO - [2021-02-08 04:42:13,669] {dag.py:2273} INFO - Setting next_dagrun for example_dag_decorator to None
[2021-02-08 04:42:13,702] {scheduler_job.py:189} INFO - Processing /home/airflow/.local/lib/python3.8/site-packages/airflow/example_dags/example_dag_decorator.py took 0.219 seconds
[2021-02-08 04:42:44,900] {scheduler_job.py:181} INFO - Started process (PID=2564) to work on /home/airflow/.local/lib/python3.8/site-packages/airflow/example_dags/example_dag_decorator.py
[2021-02-08 04:42:44,903] {scheduler_job.py:627} INFO - Processing file /home/airflow/.local/lib/python3.8/site-packages/airflow/example_dags/example_dag_decorator.py for tasks to queue
[2021-02-08 04:42:44,906] {logging_mixin.py:104} INFO - [2021-02-08 04:42:44,905] {dagbag.py:449} INFO - Filling up the DagBag from /home/airflow/.local/lib/python3.8/site-packages/airflow/example_dags/example_dag_decorator.py
[2021-02-08 04:42:44,927] {scheduler_job.py:637} INFO - DAG(s) dict_keys(['example_dag_decorator']) retrieved from /home/airflow/.local/lib/python3.8/site-packages/airflow/example_dags/example_dag_decorator.py
[2021-02-08 04:42:45,087] {logging_mixin.py:104} INFO - [2021-02-08 04:42:45,086] {dag.py:1818} INFO - Sync 1 DAGs
[2021-02-08 04:42:45,186] {logging_mixin.py:104} INFO - [2021-02-08 04:42:45,186] {dag.py:2273} INFO - Setting next_dagrun for example_dag_decorator to None
[2021-02-08 04:42:45,207] {scheduler_job.py:189} INFO - Processing /home/airflow/.local/lib/python3.8/site-packages/airflow/example_dags/example_dag_decorator.py took 0.314 seconds
[2021-02-08 04:43:16,024] {scheduler_job.py:181} INFO - Started process (PID=2592) to work on /home/airflow/.local/lib/python3.8/site-packages/airflow/example_dags/example_dag_decorator.py
[2021-02-08 04:43:16,027] {scheduler_job.py:627} INFO - Processing file /home/airflow/.local/lib/python3.8/site-packages/airflow/example_dags/example_dag_decorator.py for tasks to queue
[2021-02-08 04:43:16,029] {logging_mixin.py:104} INFO - [2021-02-08 04:43:16,029] {dagbag.py:449} INFO - Filling up the DagBag from /home/airflow/.local/lib/python3.8/site-packages/airflow/example_dags/example_dag_decorator.py
[2021-02-08 04:43:16,059] {scheduler_job.py:637} INFO - DAG(s) dict_keys(['example_dag_decorator']) retrieved from /home/airflow/.local/lib/python3.8/site-packages/airflow/example_dags/example_dag_decorator.py
[2021-02-08 04:43:16,099] {logging_mixin.py:104} INFO - [2021-02-08 04:43:16,099] {dag.py:1818} INFO - Sync 1 DAGs
[2021-02-08 04:43:16,119] {logging_mixin.py:104} INFO - [2021-02-08 04:43:16,119] {dag.py:2273} INFO - Setting next_dagrun for example_dag_decorator to None
[2021-02-08 04:43:16,140] {scheduler_job.py:189} INFO - Processing /home/airflow/.local/lib/python3.8/site-packages/airflow/example_dags/example_dag_decorator.py took 0.122 seconds
