[2021-02-08 01:26:32,046] {scheduler_job.py:181} INFO - Started process (PID=1645) to work on /home/airflow/.local/lib/python3.8/site-packages/airflow/example_dags/example_subdag_operator.py
[2021-02-08 01:26:32,049] {scheduler_job.py:627} INFO - Processing file /home/airflow/.local/lib/python3.8/site-packages/airflow/example_dags/example_subdag_operator.py for tasks to queue
[2021-02-08 01:26:32,051] {logging_mixin.py:104} INFO - [2021-02-08 01:26:32,050] {dagbag.py:449} INFO - Filling up the DagBag from /home/airflow/.local/lib/python3.8/site-packages/airflow/example_dags/example_subdag_operator.py
[2021-02-08 01:26:32,092] {scheduler_job.py:637} INFO - DAG(s) dict_keys(['example_subdag_operator.section-1', 'example_subdag_operator.section-2', 'example_subdag_operator']) retrieved from /home/airflow/.local/lib/python3.8/site-packages/airflow/example_dags/example_subdag_operator.py
[2021-02-08 01:26:32,113] {logging_mixin.py:104} INFO - [2021-02-08 01:26:32,113] {dag.py:1818} INFO - Sync 3 DAGs
[2021-02-08 01:26:32,133] {logging_mixin.py:104} INFO - [2021-02-08 01:26:32,133] {dag.py:2273} INFO - Setting next_dagrun for example_subdag_operator to 2021-02-06 00:00:00+00:00
[2021-02-08 01:26:32,135] {logging_mixin.py:104} INFO - [2021-02-08 01:26:32,135] {dag.py:2273} INFO - Setting next_dagrun for example_subdag_operator.section-1 to None
[2021-02-08 01:26:32,137] {logging_mixin.py:104} INFO - [2021-02-08 01:26:32,137] {dag.py:2273} INFO - Setting next_dagrun for example_subdag_operator.section-2 to None
[2021-02-08 01:26:32,151] {logging_mixin.py:104} INFO - [2021-02-08 01:26:32,151] {dag.py:1818} INFO - Sync 2 DAGs
[2021-02-08 01:26:32,164] {logging_mixin.py:104} INFO - [2021-02-08 01:26:32,164] {dag.py:2273} INFO - Setting next_dagrun for example_subdag_operator.section-1 to None
[2021-02-08 01:26:32,166] {logging_mixin.py:104} INFO - [2021-02-08 01:26:32,166] {dag.py:2273} INFO - Setting next_dagrun for example_subdag_operator.section-2 to None
[2021-02-08 01:26:32,176] {scheduler_job.py:189} INFO - Processing /home/airflow/.local/lib/python3.8/site-packages/airflow/example_dags/example_subdag_operator.py took 0.133 seconds
[2021-02-08 03:26:51,391] {scheduler_job.py:181} INFO - Started process (PID=1671) to work on /home/airflow/.local/lib/python3.8/site-packages/airflow/example_dags/example_subdag_operator.py
[2021-02-08 03:26:51,436] {scheduler_job.py:627} INFO - Processing file /home/airflow/.local/lib/python3.8/site-packages/airflow/example_dags/example_subdag_operator.py for tasks to queue
[2021-02-08 03:26:51,446] {logging_mixin.py:104} INFO - [2021-02-08 03:26:51,445] {dagbag.py:449} INFO - Filling up the DagBag from /home/airflow/.local/lib/python3.8/site-packages/airflow/example_dags/example_subdag_operator.py
[2021-02-08 03:26:51,805] {scheduler_job.py:637} INFO - DAG(s) dict_keys(['example_subdag_operator.section-1', 'example_subdag_operator.section-2', 'example_subdag_operator']) retrieved from /home/airflow/.local/lib/python3.8/site-packages/airflow/example_dags/example_subdag_operator.py
[2021-02-08 03:26:51,956] {logging_mixin.py:104} INFO - [2021-02-08 03:26:51,954] {dag.py:1818} INFO - Sync 3 DAGs
[2021-02-08 03:26:52,247] {logging_mixin.py:104} INFO - [2021-02-08 03:26:52,245] {dag.py:2273} INFO - Setting next_dagrun for example_subdag_operator to 2021-02-06 00:00:00+00:00
[2021-02-08 03:26:52,281] {logging_mixin.py:104} INFO - [2021-02-08 03:26:52,281] {dag.py:2273} INFO - Setting next_dagrun for example_subdag_operator.section-1 to None
[2021-02-08 03:26:52,298] {logging_mixin.py:104} INFO - [2021-02-08 03:26:52,296] {dag.py:2273} INFO - Setting next_dagrun for example_subdag_operator.section-2 to None
[2021-02-08 03:26:52,387] {logging_mixin.py:104} INFO - [2021-02-08 03:26:52,385] {dag.py:1818} INFO - Sync 2 DAGs
[2021-02-08 03:26:52,447] {logging_mixin.py:104} INFO - [2021-02-08 03:26:52,447] {dag.py:2273} INFO - Setting next_dagrun for example_subdag_operator.section-1 to None
[2021-02-08 03:26:52,453] {logging_mixin.py:104} INFO - [2021-02-08 03:26:52,452] {dag.py:2273} INFO - Setting next_dagrun for example_subdag_operator.section-2 to None
[2021-02-08 03:26:52,495] {scheduler_job.py:189} INFO - Processing /home/airflow/.local/lib/python3.8/site-packages/airflow/example_dags/example_subdag_operator.py took 1.175 seconds
[2021-02-08 04:25:27,702] {scheduler_job.py:181} INFO - Started process (PID=1697) to work on /home/airflow/.local/lib/python3.8/site-packages/airflow/example_dags/example_subdag_operator.py
[2021-02-08 04:25:27,711] {scheduler_job.py:627} INFO - Processing file /home/airflow/.local/lib/python3.8/site-packages/airflow/example_dags/example_subdag_operator.py for tasks to queue
[2021-02-08 04:25:27,714] {logging_mixin.py:104} INFO - [2021-02-08 04:25:27,714] {dagbag.py:449} INFO - Filling up the DagBag from /home/airflow/.local/lib/python3.8/site-packages/airflow/example_dags/example_subdag_operator.py
[2021-02-08 04:25:27,787] {scheduler_job.py:637} INFO - DAG(s) dict_keys(['example_subdag_operator.section-1', 'example_subdag_operator.section-2', 'example_subdag_operator']) retrieved from /home/airflow/.local/lib/python3.8/site-packages/airflow/example_dags/example_subdag_operator.py
[2021-02-08 04:25:27,815] {logging_mixin.py:104} INFO - [2021-02-08 04:25:27,815] {dag.py:1818} INFO - Sync 3 DAGs
[2021-02-08 04:25:27,852] {logging_mixin.py:104} INFO - [2021-02-08 04:25:27,852] {dag.py:2273} INFO - Setting next_dagrun for example_subdag_operator to 2021-02-06 00:00:00+00:00
[2021-02-08 04:25:27,868] {logging_mixin.py:104} INFO - [2021-02-08 04:25:27,867] {dag.py:2273} INFO - Setting next_dagrun for example_subdag_operator.section-1 to None
[2021-02-08 04:25:27,871] {logging_mixin.py:104} INFO - [2021-02-08 04:25:27,871] {dag.py:2273} INFO - Setting next_dagrun for example_subdag_operator.section-2 to None
[2021-02-08 04:25:27,887] {logging_mixin.py:104} INFO - [2021-02-08 04:25:27,887] {dag.py:1818} INFO - Sync 2 DAGs
[2021-02-08 04:25:27,903] {logging_mixin.py:104} INFO - [2021-02-08 04:25:27,903] {dag.py:2273} INFO - Setting next_dagrun for example_subdag_operator.section-1 to None
[2021-02-08 04:25:27,906] {logging_mixin.py:104} INFO - [2021-02-08 04:25:27,906] {dag.py:2273} INFO - Setting next_dagrun for example_subdag_operator.section-2 to None
[2021-02-08 04:25:27,930] {scheduler_job.py:189} INFO - Processing /home/airflow/.local/lib/python3.8/site-packages/airflow/example_dags/example_subdag_operator.py took 0.251 seconds
[2021-02-08 04:25:58,506] {scheduler_job.py:181} INFO - Started process (PID=1721) to work on /home/airflow/.local/lib/python3.8/site-packages/airflow/example_dags/example_subdag_operator.py
[2021-02-08 04:25:58,508] {scheduler_job.py:627} INFO - Processing file /home/airflow/.local/lib/python3.8/site-packages/airflow/example_dags/example_subdag_operator.py for tasks to queue
[2021-02-08 04:25:58,510] {logging_mixin.py:104} INFO - [2021-02-08 04:25:58,510] {dagbag.py:449} INFO - Filling up the DagBag from /home/airflow/.local/lib/python3.8/site-packages/airflow/example_dags/example_subdag_operator.py
[2021-02-08 04:25:58,572] {scheduler_job.py:637} INFO - DAG(s) dict_keys(['example_subdag_operator.section-1', 'example_subdag_operator.section-2', 'example_subdag_operator']) retrieved from /home/airflow/.local/lib/python3.8/site-packages/airflow/example_dags/example_subdag_operator.py
[2021-02-08 04:25:58,615] {logging_mixin.py:104} INFO - [2021-02-08 04:25:58,615] {dag.py:1818} INFO - Sync 3 DAGs
[2021-02-08 04:25:58,659] {logging_mixin.py:104} INFO - [2021-02-08 04:25:58,659] {dag.py:2273} INFO - Setting next_dagrun for example_subdag_operator to 2021-02-06 00:00:00+00:00
[2021-02-08 04:25:58,662] {logging_mixin.py:104} INFO - [2021-02-08 04:25:58,662] {dag.py:2273} INFO - Setting next_dagrun for example_subdag_operator.section-1 to None
[2021-02-08 04:25:58,663] {logging_mixin.py:104} INFO - [2021-02-08 04:25:58,663] {dag.py:2273} INFO - Setting next_dagrun for example_subdag_operator.section-2 to None
[2021-02-08 04:25:58,683] {logging_mixin.py:104} INFO - [2021-02-08 04:25:58,683] {dag.py:1818} INFO - Sync 2 DAGs
[2021-02-08 04:25:58,711] {logging_mixin.py:104} INFO - [2021-02-08 04:25:58,711] {dag.py:2273} INFO - Setting next_dagrun for example_subdag_operator.section-1 to None
[2021-02-08 04:25:58,713] {logging_mixin.py:104} INFO - [2021-02-08 04:25:58,713] {dag.py:2273} INFO - Setting next_dagrun for example_subdag_operator.section-2 to None
[2021-02-08 04:25:58,729] {scheduler_job.py:189} INFO - Processing /home/airflow/.local/lib/python3.8/site-packages/airflow/example_dags/example_subdag_operator.py took 0.234 seconds
[2021-02-08 04:26:29,493] {scheduler_job.py:181} INFO - Started process (PID=1747) to work on /home/airflow/.local/lib/python3.8/site-packages/airflow/example_dags/example_subdag_operator.py
[2021-02-08 04:26:29,495] {scheduler_job.py:627} INFO - Processing file /home/airflow/.local/lib/python3.8/site-packages/airflow/example_dags/example_subdag_operator.py for tasks to queue
[2021-02-08 04:26:29,497] {logging_mixin.py:104} INFO - [2021-02-08 04:26:29,497] {dagbag.py:449} INFO - Filling up the DagBag from /home/airflow/.local/lib/python3.8/site-packages/airflow/example_dags/example_subdag_operator.py
[2021-02-08 04:26:29,541] {scheduler_job.py:637} INFO - DAG(s) dict_keys(['example_subdag_operator.section-1', 'example_subdag_operator.section-2', 'example_subdag_operator']) retrieved from /home/airflow/.local/lib/python3.8/site-packages/airflow/example_dags/example_subdag_operator.py
[2021-02-08 04:26:29,555] {logging_mixin.py:104} INFO - [2021-02-08 04:26:29,554] {dag.py:1818} INFO - Sync 3 DAGs
[2021-02-08 04:26:29,570] {logging_mixin.py:104} INFO - [2021-02-08 04:26:29,570] {dag.py:2273} INFO - Setting next_dagrun for example_subdag_operator to 2021-02-06 00:00:00+00:00
[2021-02-08 04:26:29,573] {logging_mixin.py:104} INFO - [2021-02-08 04:26:29,573] {dag.py:2273} INFO - Setting next_dagrun for example_subdag_operator.section-1 to None
[2021-02-08 04:26:29,575] {logging_mixin.py:104} INFO - [2021-02-08 04:26:29,575] {dag.py:2273} INFO - Setting next_dagrun for example_subdag_operator.section-2 to None
[2021-02-08 04:26:29,584] {logging_mixin.py:104} INFO - [2021-02-08 04:26:29,584] {dag.py:1818} INFO - Sync 2 DAGs
[2021-02-08 04:26:29,597] {logging_mixin.py:104} INFO - [2021-02-08 04:26:29,597] {dag.py:2273} INFO - Setting next_dagrun for example_subdag_operator.section-1 to None
[2021-02-08 04:26:29,598] {logging_mixin.py:104} INFO - [2021-02-08 04:26:29,598] {dag.py:2273} INFO - Setting next_dagrun for example_subdag_operator.section-2 to None
[2021-02-08 04:26:29,608] {scheduler_job.py:189} INFO - Processing /home/airflow/.local/lib/python3.8/site-packages/airflow/example_dags/example_subdag_operator.py took 0.122 seconds
[2021-02-08 04:27:00,264] {scheduler_job.py:181} INFO - Started process (PID=1773) to work on /home/airflow/.local/lib/python3.8/site-packages/airflow/example_dags/example_subdag_operator.py
[2021-02-08 04:27:00,266] {scheduler_job.py:627} INFO - Processing file /home/airflow/.local/lib/python3.8/site-packages/airflow/example_dags/example_subdag_operator.py for tasks to queue
[2021-02-08 04:27:00,269] {logging_mixin.py:104} INFO - [2021-02-08 04:27:00,268] {dagbag.py:449} INFO - Filling up the DagBag from /home/airflow/.local/lib/python3.8/site-packages/airflow/example_dags/example_subdag_operator.py
[2021-02-08 04:27:00,315] {scheduler_job.py:637} INFO - DAG(s) dict_keys(['example_subdag_operator.section-1', 'example_subdag_operator.section-2', 'example_subdag_operator']) retrieved from /home/airflow/.local/lib/python3.8/site-packages/airflow/example_dags/example_subdag_operator.py
[2021-02-08 04:27:00,332] {logging_mixin.py:104} INFO - [2021-02-08 04:27:00,332] {dag.py:1818} INFO - Sync 3 DAGs
[2021-02-08 04:27:00,348] {logging_mixin.py:104} INFO - [2021-02-08 04:27:00,347] {dag.py:2273} INFO - Setting next_dagrun for example_subdag_operator to 2021-02-06 00:00:00+00:00
[2021-02-08 04:27:00,350] {logging_mixin.py:104} INFO - [2021-02-08 04:27:00,349] {dag.py:2273} INFO - Setting next_dagrun for example_subdag_operator.section-1 to None
[2021-02-08 04:27:00,351] {logging_mixin.py:104} INFO - [2021-02-08 04:27:00,351] {dag.py:2273} INFO - Setting next_dagrun for example_subdag_operator.section-2 to None
[2021-02-08 04:27:00,363] {logging_mixin.py:104} INFO - [2021-02-08 04:27:00,363] {dag.py:1818} INFO - Sync 2 DAGs
[2021-02-08 04:27:00,372] {logging_mixin.py:104} INFO - [2021-02-08 04:27:00,372] {dag.py:2273} INFO - Setting next_dagrun for example_subdag_operator.section-1 to None
[2021-02-08 04:27:00,374] {logging_mixin.py:104} INFO - [2021-02-08 04:27:00,374] {dag.py:2273} INFO - Setting next_dagrun for example_subdag_operator.section-2 to None
[2021-02-08 04:27:00,383] {scheduler_job.py:189} INFO - Processing /home/airflow/.local/lib/python3.8/site-packages/airflow/example_dags/example_subdag_operator.py took 0.126 seconds
[2021-02-08 04:27:31,009] {scheduler_job.py:181} INFO - Started process (PID=1799) to work on /home/airflow/.local/lib/python3.8/site-packages/airflow/example_dags/example_subdag_operator.py
[2021-02-08 04:27:31,012] {scheduler_job.py:627} INFO - Processing file /home/airflow/.local/lib/python3.8/site-packages/airflow/example_dags/example_subdag_operator.py for tasks to queue
[2021-02-08 04:27:31,014] {logging_mixin.py:104} INFO - [2021-02-08 04:27:31,013] {dagbag.py:449} INFO - Filling up the DagBag from /home/airflow/.local/lib/python3.8/site-packages/airflow/example_dags/example_subdag_operator.py
[2021-02-08 04:27:31,048] {scheduler_job.py:637} INFO - DAG(s) dict_keys(['example_subdag_operator.section-1', 'example_subdag_operator.section-2', 'example_subdag_operator']) retrieved from /home/airflow/.local/lib/python3.8/site-packages/airflow/example_dags/example_subdag_operator.py
[2021-02-08 04:27:31,060] {logging_mixin.py:104} INFO - [2021-02-08 04:27:31,060] {dag.py:1818} INFO - Sync 3 DAGs
[2021-02-08 04:27:31,073] {logging_mixin.py:104} INFO - [2021-02-08 04:27:31,073] {dag.py:2273} INFO - Setting next_dagrun for example_subdag_operator to 2021-02-06 00:00:00+00:00
[2021-02-08 04:27:31,075] {logging_mixin.py:104} INFO - [2021-02-08 04:27:31,075] {dag.py:2273} INFO - Setting next_dagrun for example_subdag_operator.section-1 to None
[2021-02-08 04:27:31,077] {logging_mixin.py:104} INFO - [2021-02-08 04:27:31,076] {dag.py:2273} INFO - Setting next_dagrun for example_subdag_operator.section-2 to None
[2021-02-08 04:27:31,084] {logging_mixin.py:104} INFO - [2021-02-08 04:27:31,084] {dag.py:1818} INFO - Sync 2 DAGs
[2021-02-08 04:27:31,093] {logging_mixin.py:104} INFO - [2021-02-08 04:27:31,093] {dag.py:2273} INFO - Setting next_dagrun for example_subdag_operator.section-1 to None
[2021-02-08 04:27:31,095] {logging_mixin.py:104} INFO - [2021-02-08 04:27:31,095] {dag.py:2273} INFO - Setting next_dagrun for example_subdag_operator.section-2 to None
[2021-02-08 04:27:31,103] {scheduler_job.py:189} INFO - Processing /home/airflow/.local/lib/python3.8/site-packages/airflow/example_dags/example_subdag_operator.py took 0.098 seconds
[2021-02-08 04:28:01,453] {scheduler_job.py:181} INFO - Started process (PID=1825) to work on /home/airflow/.local/lib/python3.8/site-packages/airflow/example_dags/example_subdag_operator.py
[2021-02-08 04:28:01,456] {scheduler_job.py:627} INFO - Processing file /home/airflow/.local/lib/python3.8/site-packages/airflow/example_dags/example_subdag_operator.py for tasks to queue
[2021-02-08 04:28:01,458] {logging_mixin.py:104} INFO - [2021-02-08 04:28:01,457] {dagbag.py:449} INFO - Filling up the DagBag from /home/airflow/.local/lib/python3.8/site-packages/airflow/example_dags/example_subdag_operator.py
[2021-02-08 04:28:01,499] {scheduler_job.py:637} INFO - DAG(s) dict_keys(['example_subdag_operator.section-1', 'example_subdag_operator.section-2', 'example_subdag_operator']) retrieved from /home/airflow/.local/lib/python3.8/site-packages/airflow/example_dags/example_subdag_operator.py
[2021-02-08 04:28:01,513] {logging_mixin.py:104} INFO - [2021-02-08 04:28:01,512] {dag.py:1818} INFO - Sync 3 DAGs
[2021-02-08 04:28:01,527] {logging_mixin.py:104} INFO - [2021-02-08 04:28:01,527] {dag.py:2273} INFO - Setting next_dagrun for example_subdag_operator to 2021-02-06 00:00:00+00:00
[2021-02-08 04:28:01,529] {logging_mixin.py:104} INFO - [2021-02-08 04:28:01,529] {dag.py:2273} INFO - Setting next_dagrun for example_subdag_operator.section-1 to None
[2021-02-08 04:28:01,530] {logging_mixin.py:104} INFO - [2021-02-08 04:28:01,530] {dag.py:2273} INFO - Setting next_dagrun for example_subdag_operator.section-2 to None
[2021-02-08 04:28:01,539] {logging_mixin.py:104} INFO - [2021-02-08 04:28:01,539] {dag.py:1818} INFO - Sync 2 DAGs
[2021-02-08 04:28:01,547] {logging_mixin.py:104} INFO - [2021-02-08 04:28:01,547] {dag.py:2273} INFO - Setting next_dagrun for example_subdag_operator.section-1 to None
[2021-02-08 04:28:01,548] {logging_mixin.py:104} INFO - [2021-02-08 04:28:01,548] {dag.py:2273} INFO - Setting next_dagrun for example_subdag_operator.section-2 to None
[2021-02-08 04:28:01,555] {scheduler_job.py:189} INFO - Processing /home/airflow/.local/lib/python3.8/site-packages/airflow/example_dags/example_subdag_operator.py took 0.110 seconds
[2021-02-08 04:28:31,869] {scheduler_job.py:181} INFO - Started process (PID=1851) to work on /home/airflow/.local/lib/python3.8/site-packages/airflow/example_dags/example_subdag_operator.py
[2021-02-08 04:28:31,871] {scheduler_job.py:627} INFO - Processing file /home/airflow/.local/lib/python3.8/site-packages/airflow/example_dags/example_subdag_operator.py for tasks to queue
[2021-02-08 04:28:31,873] {logging_mixin.py:104} INFO - [2021-02-08 04:28:31,873] {dagbag.py:449} INFO - Filling up the DagBag from /home/airflow/.local/lib/python3.8/site-packages/airflow/example_dags/example_subdag_operator.py
[2021-02-08 04:28:31,911] {scheduler_job.py:637} INFO - DAG(s) dict_keys(['example_subdag_operator.section-1', 'example_subdag_operator.section-2', 'example_subdag_operator']) retrieved from /home/airflow/.local/lib/python3.8/site-packages/airflow/example_dags/example_subdag_operator.py
[2021-02-08 04:28:31,925] {logging_mixin.py:104} INFO - [2021-02-08 04:28:31,925] {dag.py:1818} INFO - Sync 3 DAGs
[2021-02-08 04:28:31,940] {logging_mixin.py:104} INFO - [2021-02-08 04:28:31,940] {dag.py:2273} INFO - Setting next_dagrun for example_subdag_operator to 2021-02-06 00:00:00+00:00
[2021-02-08 04:28:31,942] {logging_mixin.py:104} INFO - [2021-02-08 04:28:31,942] {dag.py:2273} INFO - Setting next_dagrun for example_subdag_operator.section-1 to None
[2021-02-08 04:28:31,944] {logging_mixin.py:104} INFO - [2021-02-08 04:28:31,944] {dag.py:2273} INFO - Setting next_dagrun for example_subdag_operator.section-2 to None
[2021-02-08 04:28:31,956] {logging_mixin.py:104} INFO - [2021-02-08 04:28:31,955] {dag.py:1818} INFO - Sync 2 DAGs
[2021-02-08 04:28:31,965] {logging_mixin.py:104} INFO - [2021-02-08 04:28:31,965] {dag.py:2273} INFO - Setting next_dagrun for example_subdag_operator.section-1 to None
[2021-02-08 04:28:31,967] {logging_mixin.py:104} INFO - [2021-02-08 04:28:31,967] {dag.py:2273} INFO - Setting next_dagrun for example_subdag_operator.section-2 to None
[2021-02-08 04:28:31,975] {scheduler_job.py:189} INFO - Processing /home/airflow/.local/lib/python3.8/site-packages/airflow/example_dags/example_subdag_operator.py took 0.112 seconds
[2021-02-08 04:29:02,410] {scheduler_job.py:181} INFO - Started process (PID=1877) to work on /home/airflow/.local/lib/python3.8/site-packages/airflow/example_dags/example_subdag_operator.py
[2021-02-08 04:29:02,417] {scheduler_job.py:627} INFO - Processing file /home/airflow/.local/lib/python3.8/site-packages/airflow/example_dags/example_subdag_operator.py for tasks to queue
[2021-02-08 04:29:02,420] {logging_mixin.py:104} INFO - [2021-02-08 04:29:02,420] {dagbag.py:449} INFO - Filling up the DagBag from /home/airflow/.local/lib/python3.8/site-packages/airflow/example_dags/example_subdag_operator.py
[2021-02-08 04:29:02,494] {scheduler_job.py:637} INFO - DAG(s) dict_keys(['example_subdag_operator.section-1', 'example_subdag_operator.section-2', 'example_subdag_operator']) retrieved from /home/airflow/.local/lib/python3.8/site-packages/airflow/example_dags/example_subdag_operator.py
[2021-02-08 04:29:02,512] {logging_mixin.py:104} INFO - [2021-02-08 04:29:02,512] {dag.py:1818} INFO - Sync 3 DAGs
[2021-02-08 04:29:02,534] {logging_mixin.py:104} INFO - [2021-02-08 04:29:02,534] {dag.py:2273} INFO - Setting next_dagrun for example_subdag_operator to 2021-02-06 00:00:00+00:00
[2021-02-08 04:29:02,536] {logging_mixin.py:104} INFO - [2021-02-08 04:29:02,536] {dag.py:2273} INFO - Setting next_dagrun for example_subdag_operator.section-1 to None
[2021-02-08 04:29:02,538] {logging_mixin.py:104} INFO - [2021-02-08 04:29:02,538] {dag.py:2273} INFO - Setting next_dagrun for example_subdag_operator.section-2 to None
[2021-02-08 04:29:02,552] {logging_mixin.py:104} INFO - [2021-02-08 04:29:02,552] {dag.py:1818} INFO - Sync 2 DAGs
[2021-02-08 04:29:02,561] {logging_mixin.py:104} INFO - [2021-02-08 04:29:02,561] {dag.py:2273} INFO - Setting next_dagrun for example_subdag_operator.section-1 to None
[2021-02-08 04:29:02,563] {logging_mixin.py:104} INFO - [2021-02-08 04:29:02,563] {dag.py:2273} INFO - Setting next_dagrun for example_subdag_operator.section-2 to None
[2021-02-08 04:29:02,571] {scheduler_job.py:189} INFO - Processing /home/airflow/.local/lib/python3.8/site-packages/airflow/example_dags/example_subdag_operator.py took 0.167 seconds
[2021-02-08 04:29:33,001] {scheduler_job.py:181} INFO - Started process (PID=1903) to work on /home/airflow/.local/lib/python3.8/site-packages/airflow/example_dags/example_subdag_operator.py
[2021-02-08 04:29:33,004] {scheduler_job.py:627} INFO - Processing file /home/airflow/.local/lib/python3.8/site-packages/airflow/example_dags/example_subdag_operator.py for tasks to queue
[2021-02-08 04:29:33,007] {logging_mixin.py:104} INFO - [2021-02-08 04:29:33,007] {dagbag.py:449} INFO - Filling up the DagBag from /home/airflow/.local/lib/python3.8/site-packages/airflow/example_dags/example_subdag_operator.py
[2021-02-08 04:29:33,067] {scheduler_job.py:637} INFO - DAG(s) dict_keys(['example_subdag_operator.section-1', 'example_subdag_operator.section-2', 'example_subdag_operator']) retrieved from /home/airflow/.local/lib/python3.8/site-packages/airflow/example_dags/example_subdag_operator.py
[2021-02-08 04:29:33,088] {logging_mixin.py:104} INFO - [2021-02-08 04:29:33,088] {dag.py:1818} INFO - Sync 3 DAGs
[2021-02-08 04:29:33,119] {logging_mixin.py:104} INFO - [2021-02-08 04:29:33,118] {dag.py:2273} INFO - Setting next_dagrun for example_subdag_operator to 2021-02-06 00:00:00+00:00
[2021-02-08 04:29:33,124] {logging_mixin.py:104} INFO - [2021-02-08 04:29:33,124] {dag.py:2273} INFO - Setting next_dagrun for example_subdag_operator.section-1 to None
[2021-02-08 04:29:33,127] {logging_mixin.py:104} INFO - [2021-02-08 04:29:33,127] {dag.py:2273} INFO - Setting next_dagrun for example_subdag_operator.section-2 to None
[2021-02-08 04:29:33,148] {logging_mixin.py:104} INFO - [2021-02-08 04:29:33,147] {dag.py:1818} INFO - Sync 2 DAGs
[2021-02-08 04:29:33,168] {logging_mixin.py:104} INFO - [2021-02-08 04:29:33,168] {dag.py:2273} INFO - Setting next_dagrun for example_subdag_operator.section-1 to None
[2021-02-08 04:29:33,171] {logging_mixin.py:104} INFO - [2021-02-08 04:29:33,171] {dag.py:2273} INFO - Setting next_dagrun for example_subdag_operator.section-2 to None
[2021-02-08 04:29:33,192] {scheduler_job.py:189} INFO - Processing /home/airflow/.local/lib/python3.8/site-packages/airflow/example_dags/example_subdag_operator.py took 0.201 seconds
[2021-02-08 04:30:03,934] {scheduler_job.py:181} INFO - Started process (PID=1929) to work on /home/airflow/.local/lib/python3.8/site-packages/airflow/example_dags/example_subdag_operator.py
[2021-02-08 04:30:03,936] {scheduler_job.py:627} INFO - Processing file /home/airflow/.local/lib/python3.8/site-packages/airflow/example_dags/example_subdag_operator.py for tasks to queue
[2021-02-08 04:30:03,938] {logging_mixin.py:104} INFO - [2021-02-08 04:30:03,938] {dagbag.py:449} INFO - Filling up the DagBag from /home/airflow/.local/lib/python3.8/site-packages/airflow/example_dags/example_subdag_operator.py
[2021-02-08 04:30:03,981] {scheduler_job.py:637} INFO - DAG(s) dict_keys(['example_subdag_operator.section-1', 'example_subdag_operator.section-2', 'example_subdag_operator']) retrieved from /home/airflow/.local/lib/python3.8/site-packages/airflow/example_dags/example_subdag_operator.py
[2021-02-08 04:30:03,998] {logging_mixin.py:104} INFO - [2021-02-08 04:30:03,997] {dag.py:1818} INFO - Sync 3 DAGs
[2021-02-08 04:30:04,012] {logging_mixin.py:104} INFO - [2021-02-08 04:30:04,012] {dag.py:2273} INFO - Setting next_dagrun for example_subdag_operator to 2021-02-06 00:00:00+00:00
[2021-02-08 04:30:04,014] {logging_mixin.py:104} INFO - [2021-02-08 04:30:04,014] {dag.py:2273} INFO - Setting next_dagrun for example_subdag_operator.section-1 to None
[2021-02-08 04:30:04,015] {logging_mixin.py:104} INFO - [2021-02-08 04:30:04,015] {dag.py:2273} INFO - Setting next_dagrun for example_subdag_operator.section-2 to None
[2021-02-08 04:30:04,022] {logging_mixin.py:104} INFO - [2021-02-08 04:30:04,022] {dag.py:1818} INFO - Sync 2 DAGs
[2021-02-08 04:30:04,031] {logging_mixin.py:104} INFO - [2021-02-08 04:30:04,031] {dag.py:2273} INFO - Setting next_dagrun for example_subdag_operator.section-1 to None
[2021-02-08 04:30:04,033] {logging_mixin.py:104} INFO - [2021-02-08 04:30:04,032] {dag.py:2273} INFO - Setting next_dagrun for example_subdag_operator.section-2 to None
[2021-02-08 04:30:04,041] {scheduler_job.py:189} INFO - Processing /home/airflow/.local/lib/python3.8/site-packages/airflow/example_dags/example_subdag_operator.py took 0.111 seconds
[2021-02-08 04:30:34,620] {scheduler_job.py:181} INFO - Started process (PID=1955) to work on /home/airflow/.local/lib/python3.8/site-packages/airflow/example_dags/example_subdag_operator.py
[2021-02-08 04:30:34,622] {scheduler_job.py:627} INFO - Processing file /home/airflow/.local/lib/python3.8/site-packages/airflow/example_dags/example_subdag_operator.py for tasks to queue
[2021-02-08 04:30:34,624] {logging_mixin.py:104} INFO - [2021-02-08 04:30:34,624] {dagbag.py:449} INFO - Filling up the DagBag from /home/airflow/.local/lib/python3.8/site-packages/airflow/example_dags/example_subdag_operator.py
[2021-02-08 04:30:34,666] {scheduler_job.py:637} INFO - DAG(s) dict_keys(['example_subdag_operator.section-1', 'example_subdag_operator.section-2', 'example_subdag_operator']) retrieved from /home/airflow/.local/lib/python3.8/site-packages/airflow/example_dags/example_subdag_operator.py
[2021-02-08 04:30:34,687] {logging_mixin.py:104} INFO - [2021-02-08 04:30:34,687] {dag.py:1818} INFO - Sync 3 DAGs
[2021-02-08 04:30:34,714] {logging_mixin.py:104} INFO - [2021-02-08 04:30:34,714] {dag.py:2273} INFO - Setting next_dagrun for example_subdag_operator to 2021-02-06 00:00:00+00:00
[2021-02-08 04:30:34,723] {logging_mixin.py:104} INFO - [2021-02-08 04:30:34,723] {dag.py:2273} INFO - Setting next_dagrun for example_subdag_operator.section-1 to None
[2021-02-08 04:30:34,725] {logging_mixin.py:104} INFO - [2021-02-08 04:30:34,725] {dag.py:2273} INFO - Setting next_dagrun for example_subdag_operator.section-2 to None
[2021-02-08 04:30:34,746] {logging_mixin.py:104} INFO - [2021-02-08 04:30:34,746] {dag.py:1818} INFO - Sync 2 DAGs
[2021-02-08 04:30:34,758] {logging_mixin.py:104} INFO - [2021-02-08 04:30:34,758] {dag.py:2273} INFO - Setting next_dagrun for example_subdag_operator.section-1 to None
[2021-02-08 04:30:34,760] {logging_mixin.py:104} INFO - [2021-02-08 04:30:34,760] {dag.py:2273} INFO - Setting next_dagrun for example_subdag_operator.section-2 to None
[2021-02-08 04:30:34,768] {scheduler_job.py:189} INFO - Processing /home/airflow/.local/lib/python3.8/site-packages/airflow/example_dags/example_subdag_operator.py took 0.153 seconds
[2021-02-08 04:31:05,306] {scheduler_job.py:181} INFO - Started process (PID=1981) to work on /home/airflow/.local/lib/python3.8/site-packages/airflow/example_dags/example_subdag_operator.py
[2021-02-08 04:31:05,309] {scheduler_job.py:627} INFO - Processing file /home/airflow/.local/lib/python3.8/site-packages/airflow/example_dags/example_subdag_operator.py for tasks to queue
[2021-02-08 04:31:05,311] {logging_mixin.py:104} INFO - [2021-02-08 04:31:05,311] {dagbag.py:449} INFO - Filling up the DagBag from /home/airflow/.local/lib/python3.8/site-packages/airflow/example_dags/example_subdag_operator.py
[2021-02-08 04:31:05,365] {scheduler_job.py:637} INFO - DAG(s) dict_keys(['example_subdag_operator.section-1', 'example_subdag_operator.section-2', 'example_subdag_operator']) retrieved from /home/airflow/.local/lib/python3.8/site-packages/airflow/example_dags/example_subdag_operator.py
[2021-02-08 04:31:05,383] {logging_mixin.py:104} INFO - [2021-02-08 04:31:05,383] {dag.py:1818} INFO - Sync 3 DAGs
[2021-02-08 04:31:05,407] {logging_mixin.py:104} INFO - [2021-02-08 04:31:05,407] {dag.py:2273} INFO - Setting next_dagrun for example_subdag_operator to 2021-02-06 00:00:00+00:00
[2021-02-08 04:31:05,410] {logging_mixin.py:104} INFO - [2021-02-08 04:31:05,410] {dag.py:2273} INFO - Setting next_dagrun for example_subdag_operator.section-1 to None
[2021-02-08 04:31:05,412] {logging_mixin.py:104} INFO - [2021-02-08 04:31:05,411] {dag.py:2273} INFO - Setting next_dagrun for example_subdag_operator.section-2 to None
[2021-02-08 04:31:05,424] {logging_mixin.py:104} INFO - [2021-02-08 04:31:05,423] {dag.py:1818} INFO - Sync 2 DAGs
[2021-02-08 04:31:05,437] {logging_mixin.py:104} INFO - [2021-02-08 04:31:05,437] {dag.py:2273} INFO - Setting next_dagrun for example_subdag_operator.section-1 to None
[2021-02-08 04:31:05,440] {logging_mixin.py:104} INFO - [2021-02-08 04:31:05,439] {dag.py:2273} INFO - Setting next_dagrun for example_subdag_operator.section-2 to None
[2021-02-08 04:31:05,454] {scheduler_job.py:189} INFO - Processing /home/airflow/.local/lib/python3.8/site-packages/airflow/example_dags/example_subdag_operator.py took 0.156 seconds
[2021-02-08 04:31:35,771] {scheduler_job.py:181} INFO - Started process (PID=2007) to work on /home/airflow/.local/lib/python3.8/site-packages/airflow/example_dags/example_subdag_operator.py
[2021-02-08 04:31:35,773] {scheduler_job.py:627} INFO - Processing file /home/airflow/.local/lib/python3.8/site-packages/airflow/example_dags/example_subdag_operator.py for tasks to queue
[2021-02-08 04:31:35,775] {logging_mixin.py:104} INFO - [2021-02-08 04:31:35,775] {dagbag.py:449} INFO - Filling up the DagBag from /home/airflow/.local/lib/python3.8/site-packages/airflow/example_dags/example_subdag_operator.py
[2021-02-08 04:31:35,816] {scheduler_job.py:637} INFO - DAG(s) dict_keys(['example_subdag_operator.section-1', 'example_subdag_operator.section-2', 'example_subdag_operator']) retrieved from /home/airflow/.local/lib/python3.8/site-packages/airflow/example_dags/example_subdag_operator.py
[2021-02-08 04:31:35,829] {logging_mixin.py:104} INFO - [2021-02-08 04:31:35,829] {dag.py:1818} INFO - Sync 3 DAGs
[2021-02-08 04:31:35,844] {logging_mixin.py:104} INFO - [2021-02-08 04:31:35,844] {dag.py:2273} INFO - Setting next_dagrun for example_subdag_operator to 2021-02-06 00:00:00+00:00
[2021-02-08 04:31:35,847] {logging_mixin.py:104} INFO - [2021-02-08 04:31:35,846] {dag.py:2273} INFO - Setting next_dagrun for example_subdag_operator.section-1 to None
[2021-02-08 04:31:35,848] {logging_mixin.py:104} INFO - [2021-02-08 04:31:35,848] {dag.py:2273} INFO - Setting next_dagrun for example_subdag_operator.section-2 to None
[2021-02-08 04:31:35,858] {logging_mixin.py:104} INFO - [2021-02-08 04:31:35,857] {dag.py:1818} INFO - Sync 2 DAGs
[2021-02-08 04:31:35,867] {logging_mixin.py:104} INFO - [2021-02-08 04:31:35,867] {dag.py:2273} INFO - Setting next_dagrun for example_subdag_operator.section-1 to None
[2021-02-08 04:31:35,869] {logging_mixin.py:104} INFO - [2021-02-08 04:31:35,869] {dag.py:2273} INFO - Setting next_dagrun for example_subdag_operator.section-2 to None
[2021-02-08 04:31:35,880] {scheduler_job.py:189} INFO - Processing /home/airflow/.local/lib/python3.8/site-packages/airflow/example_dags/example_subdag_operator.py took 0.116 seconds
[2021-02-08 04:32:06,336] {scheduler_job.py:181} INFO - Started process (PID=2033) to work on /home/airflow/.local/lib/python3.8/site-packages/airflow/example_dags/example_subdag_operator.py
[2021-02-08 04:32:06,338] {scheduler_job.py:627} INFO - Processing file /home/airflow/.local/lib/python3.8/site-packages/airflow/example_dags/example_subdag_operator.py for tasks to queue
[2021-02-08 04:32:06,341] {logging_mixin.py:104} INFO - [2021-02-08 04:32:06,341] {dagbag.py:449} INFO - Filling up the DagBag from /home/airflow/.local/lib/python3.8/site-packages/airflow/example_dags/example_subdag_operator.py
[2021-02-08 04:32:06,382] {scheduler_job.py:637} INFO - DAG(s) dict_keys(['example_subdag_operator.section-1', 'example_subdag_operator.section-2', 'example_subdag_operator']) retrieved from /home/airflow/.local/lib/python3.8/site-packages/airflow/example_dags/example_subdag_operator.py
[2021-02-08 04:32:06,396] {logging_mixin.py:104} INFO - [2021-02-08 04:32:06,395] {dag.py:1818} INFO - Sync 3 DAGs
[2021-02-08 04:32:06,411] {logging_mixin.py:104} INFO - [2021-02-08 04:32:06,410] {dag.py:2273} INFO - Setting next_dagrun for example_subdag_operator to 2021-02-06 00:00:00+00:00
[2021-02-08 04:32:06,413] {logging_mixin.py:104} INFO - [2021-02-08 04:32:06,412] {dag.py:2273} INFO - Setting next_dagrun for example_subdag_operator.section-1 to None
[2021-02-08 04:32:06,414] {logging_mixin.py:104} INFO - [2021-02-08 04:32:06,413] {dag.py:2273} INFO - Setting next_dagrun for example_subdag_operator.section-2 to None
[2021-02-08 04:32:06,426] {logging_mixin.py:104} INFO - [2021-02-08 04:32:06,426] {dag.py:1818} INFO - Sync 2 DAGs
[2021-02-08 04:32:06,438] {logging_mixin.py:104} INFO - [2021-02-08 04:32:06,437] {dag.py:2273} INFO - Setting next_dagrun for example_subdag_operator.section-1 to None
[2021-02-08 04:32:06,439] {logging_mixin.py:104} INFO - [2021-02-08 04:32:06,439] {dag.py:2273} INFO - Setting next_dagrun for example_subdag_operator.section-2 to None
[2021-02-08 04:32:06,448] {scheduler_job.py:189} INFO - Processing /home/airflow/.local/lib/python3.8/site-packages/airflow/example_dags/example_subdag_operator.py took 0.117 seconds
[2021-02-08 04:32:37,260] {scheduler_job.py:181} INFO - Started process (PID=2059) to work on /home/airflow/.local/lib/python3.8/site-packages/airflow/example_dags/example_subdag_operator.py
[2021-02-08 04:32:37,270] {scheduler_job.py:627} INFO - Processing file /home/airflow/.local/lib/python3.8/site-packages/airflow/example_dags/example_subdag_operator.py for tasks to queue
[2021-02-08 04:32:37,273] {logging_mixin.py:104} INFO - [2021-02-08 04:32:37,273] {dagbag.py:449} INFO - Filling up the DagBag from /home/airflow/.local/lib/python3.8/site-packages/airflow/example_dags/example_subdag_operator.py
[2021-02-08 04:32:37,390] {scheduler_job.py:637} INFO - DAG(s) dict_keys(['example_subdag_operator.section-1', 'example_subdag_operator.section-2', 'example_subdag_operator']) retrieved from /home/airflow/.local/lib/python3.8/site-packages/airflow/example_dags/example_subdag_operator.py
[2021-02-08 04:32:37,424] {logging_mixin.py:104} INFO - [2021-02-08 04:32:37,424] {dag.py:1818} INFO - Sync 3 DAGs
[2021-02-08 04:32:37,476] {logging_mixin.py:104} INFO - [2021-02-08 04:32:37,475] {dag.py:2273} INFO - Setting next_dagrun for example_subdag_operator to 2021-02-06 00:00:00+00:00
[2021-02-08 04:32:37,481] {logging_mixin.py:104} INFO - [2021-02-08 04:32:37,481] {dag.py:2273} INFO - Setting next_dagrun for example_subdag_operator.section-1 to None
[2021-02-08 04:32:37,483] {logging_mixin.py:104} INFO - [2021-02-08 04:32:37,483] {dag.py:2273} INFO - Setting next_dagrun for example_subdag_operator.section-2 to None
[2021-02-08 04:32:37,502] {logging_mixin.py:104} INFO - [2021-02-08 04:32:37,501] {dag.py:1818} INFO - Sync 2 DAGs
[2021-02-08 04:32:37,532] {logging_mixin.py:104} INFO - [2021-02-08 04:32:37,532] {dag.py:2273} INFO - Setting next_dagrun for example_subdag_operator.section-1 to None
[2021-02-08 04:32:37,535] {logging_mixin.py:104} INFO - [2021-02-08 04:32:37,535] {dag.py:2273} INFO - Setting next_dagrun for example_subdag_operator.section-2 to None
[2021-02-08 04:32:37,549] {scheduler_job.py:189} INFO - Processing /home/airflow/.local/lib/python3.8/site-packages/airflow/example_dags/example_subdag_operator.py took 0.321 seconds
[2021-02-08 04:33:08,114] {scheduler_job.py:181} INFO - Started process (PID=2085) to work on /home/airflow/.local/lib/python3.8/site-packages/airflow/example_dags/example_subdag_operator.py
[2021-02-08 04:33:08,116] {scheduler_job.py:627} INFO - Processing file /home/airflow/.local/lib/python3.8/site-packages/airflow/example_dags/example_subdag_operator.py for tasks to queue
[2021-02-08 04:33:08,119] {logging_mixin.py:104} INFO - [2021-02-08 04:33:08,118] {dagbag.py:449} INFO - Filling up the DagBag from /home/airflow/.local/lib/python3.8/site-packages/airflow/example_dags/example_subdag_operator.py
[2021-02-08 04:33:08,164] {scheduler_job.py:637} INFO - DAG(s) dict_keys(['example_subdag_operator.section-1', 'example_subdag_operator.section-2', 'example_subdag_operator']) retrieved from /home/airflow/.local/lib/python3.8/site-packages/airflow/example_dags/example_subdag_operator.py
[2021-02-08 04:33:08,182] {logging_mixin.py:104} INFO - [2021-02-08 04:33:08,182] {dag.py:1818} INFO - Sync 3 DAGs
[2021-02-08 04:33:08,207] {logging_mixin.py:104} INFO - [2021-02-08 04:33:08,207] {dag.py:2273} INFO - Setting next_dagrun for example_subdag_operator to 2021-02-06 00:00:00+00:00
[2021-02-08 04:33:08,209] {logging_mixin.py:104} INFO - [2021-02-08 04:33:08,209] {dag.py:2273} INFO - Setting next_dagrun for example_subdag_operator.section-1 to None
[2021-02-08 04:33:08,211] {logging_mixin.py:104} INFO - [2021-02-08 04:33:08,211] {dag.py:2273} INFO - Setting next_dagrun for example_subdag_operator.section-2 to None
[2021-02-08 04:33:08,220] {logging_mixin.py:104} INFO - [2021-02-08 04:33:08,220] {dag.py:1818} INFO - Sync 2 DAGs
[2021-02-08 04:33:08,233] {logging_mixin.py:104} INFO - [2021-02-08 04:33:08,233] {dag.py:2273} INFO - Setting next_dagrun for example_subdag_operator.section-1 to None
[2021-02-08 04:33:08,235] {logging_mixin.py:104} INFO - [2021-02-08 04:33:08,235] {dag.py:2273} INFO - Setting next_dagrun for example_subdag_operator.section-2 to None
[2021-02-08 04:33:08,247] {scheduler_job.py:189} INFO - Processing /home/airflow/.local/lib/python3.8/site-packages/airflow/example_dags/example_subdag_operator.py took 0.138 seconds
[2021-02-08 04:33:38,281] {scheduler_job.py:181} INFO - Started process (PID=2111) to work on /home/airflow/.local/lib/python3.8/site-packages/airflow/example_dags/example_subdag_operator.py
[2021-02-08 04:33:38,284] {scheduler_job.py:627} INFO - Processing file /home/airflow/.local/lib/python3.8/site-packages/airflow/example_dags/example_subdag_operator.py for tasks to queue
[2021-02-08 04:33:38,286] {logging_mixin.py:104} INFO - [2021-02-08 04:33:38,286] {dagbag.py:449} INFO - Filling up the DagBag from /home/airflow/.local/lib/python3.8/site-packages/airflow/example_dags/example_subdag_operator.py
[2021-02-08 04:33:38,341] {scheduler_job.py:637} INFO - DAG(s) dict_keys(['example_subdag_operator.section-1', 'example_subdag_operator.section-2', 'example_subdag_operator']) retrieved from /home/airflow/.local/lib/python3.8/site-packages/airflow/example_dags/example_subdag_operator.py
[2021-02-08 04:33:38,361] {logging_mixin.py:104} INFO - [2021-02-08 04:33:38,360] {dag.py:1818} INFO - Sync 3 DAGs
[2021-02-08 04:33:38,385] {logging_mixin.py:104} INFO - [2021-02-08 04:33:38,385] {dag.py:2273} INFO - Setting next_dagrun for example_subdag_operator to 2021-02-06 00:00:00+00:00
[2021-02-08 04:33:38,388] {logging_mixin.py:104} INFO - [2021-02-08 04:33:38,388] {dag.py:2273} INFO - Setting next_dagrun for example_subdag_operator.section-1 to None
[2021-02-08 04:33:38,390] {logging_mixin.py:104} INFO - [2021-02-08 04:33:38,390] {dag.py:2273} INFO - Setting next_dagrun for example_subdag_operator.section-2 to None
[2021-02-08 04:33:38,406] {logging_mixin.py:104} INFO - [2021-02-08 04:33:38,406] {dag.py:1818} INFO - Sync 2 DAGs
[2021-02-08 04:33:38,421] {logging_mixin.py:104} INFO - [2021-02-08 04:33:38,421] {dag.py:2273} INFO - Setting next_dagrun for example_subdag_operator.section-1 to None
[2021-02-08 04:33:38,424] {logging_mixin.py:104} INFO - [2021-02-08 04:33:38,424] {dag.py:2273} INFO - Setting next_dagrun for example_subdag_operator.section-2 to None
[2021-02-08 04:33:38,445] {scheduler_job.py:189} INFO - Processing /home/airflow/.local/lib/python3.8/site-packages/airflow/example_dags/example_subdag_operator.py took 0.169 seconds
[2021-02-08 04:34:08,557] {scheduler_job.py:181} INFO - Started process (PID=2137) to work on /home/airflow/.local/lib/python3.8/site-packages/airflow/example_dags/example_subdag_operator.py
[2021-02-08 04:34:08,560] {scheduler_job.py:627} INFO - Processing file /home/airflow/.local/lib/python3.8/site-packages/airflow/example_dags/example_subdag_operator.py for tasks to queue
[2021-02-08 04:34:08,561] {logging_mixin.py:104} INFO - [2021-02-08 04:34:08,561] {dagbag.py:449} INFO - Filling up the DagBag from /home/airflow/.local/lib/python3.8/site-packages/airflow/example_dags/example_subdag_operator.py
[2021-02-08 04:34:08,626] {scheduler_job.py:637} INFO - DAG(s) dict_keys(['example_subdag_operator.section-1', 'example_subdag_operator.section-2', 'example_subdag_operator']) retrieved from /home/airflow/.local/lib/python3.8/site-packages/airflow/example_dags/example_subdag_operator.py
[2021-02-08 04:34:08,648] {logging_mixin.py:104} INFO - [2021-02-08 04:34:08,648] {dag.py:1818} INFO - Sync 3 DAGs
[2021-02-08 04:34:08,670] {logging_mixin.py:104} INFO - [2021-02-08 04:34:08,670] {dag.py:2273} INFO - Setting next_dagrun for example_subdag_operator to 2021-02-06 00:00:00+00:00
[2021-02-08 04:34:08,673] {logging_mixin.py:104} INFO - [2021-02-08 04:34:08,672] {dag.py:2273} INFO - Setting next_dagrun for example_subdag_operator.section-1 to None
[2021-02-08 04:34:08,674] {logging_mixin.py:104} INFO - [2021-02-08 04:34:08,674] {dag.py:2273} INFO - Setting next_dagrun for example_subdag_operator.section-2 to None
[2021-02-08 04:34:08,688] {logging_mixin.py:104} INFO - [2021-02-08 04:34:08,688] {dag.py:1818} INFO - Sync 2 DAGs
[2021-02-08 04:34:08,698] {logging_mixin.py:104} INFO - [2021-02-08 04:34:08,698] {dag.py:2273} INFO - Setting next_dagrun for example_subdag_operator.section-1 to None
[2021-02-08 04:34:08,699] {logging_mixin.py:104} INFO - [2021-02-08 04:34:08,699] {dag.py:2273} INFO - Setting next_dagrun for example_subdag_operator.section-2 to None
[2021-02-08 04:34:08,708] {scheduler_job.py:189} INFO - Processing /home/airflow/.local/lib/python3.8/site-packages/airflow/example_dags/example_subdag_operator.py took 0.155 seconds
[2021-02-08 04:34:39,085] {scheduler_job.py:181} INFO - Started process (PID=2163) to work on /home/airflow/.local/lib/python3.8/site-packages/airflow/example_dags/example_subdag_operator.py
[2021-02-08 04:34:39,088] {scheduler_job.py:627} INFO - Processing file /home/airflow/.local/lib/python3.8/site-packages/airflow/example_dags/example_subdag_operator.py for tasks to queue
[2021-02-08 04:34:39,089] {logging_mixin.py:104} INFO - [2021-02-08 04:34:39,089] {dagbag.py:449} INFO - Filling up the DagBag from /home/airflow/.local/lib/python3.8/site-packages/airflow/example_dags/example_subdag_operator.py
[2021-02-08 04:34:39,131] {scheduler_job.py:637} INFO - DAG(s) dict_keys(['example_subdag_operator.section-1', 'example_subdag_operator.section-2', 'example_subdag_operator']) retrieved from /home/airflow/.local/lib/python3.8/site-packages/airflow/example_dags/example_subdag_operator.py
[2021-02-08 04:34:39,144] {logging_mixin.py:104} INFO - [2021-02-08 04:34:39,144] {dag.py:1818} INFO - Sync 3 DAGs
[2021-02-08 04:34:39,163] {logging_mixin.py:104} INFO - [2021-02-08 04:34:39,163] {dag.py:2273} INFO - Setting next_dagrun for example_subdag_operator to 2021-02-06 00:00:00+00:00
[2021-02-08 04:34:39,165] {logging_mixin.py:104} INFO - [2021-02-08 04:34:39,165] {dag.py:2273} INFO - Setting next_dagrun for example_subdag_operator.section-1 to None
[2021-02-08 04:34:39,167] {logging_mixin.py:104} INFO - [2021-02-08 04:34:39,167] {dag.py:2273} INFO - Setting next_dagrun for example_subdag_operator.section-2 to None
[2021-02-08 04:34:39,175] {logging_mixin.py:104} INFO - [2021-02-08 04:34:39,175] {dag.py:1818} INFO - Sync 2 DAGs
[2021-02-08 04:34:39,187] {logging_mixin.py:104} INFO - [2021-02-08 04:34:39,187] {dag.py:2273} INFO - Setting next_dagrun for example_subdag_operator.section-1 to None
[2021-02-08 04:34:39,188] {logging_mixin.py:104} INFO - [2021-02-08 04:34:39,188] {dag.py:2273} INFO - Setting next_dagrun for example_subdag_operator.section-2 to None
[2021-02-08 04:34:39,200] {scheduler_job.py:189} INFO - Processing /home/airflow/.local/lib/python3.8/site-packages/airflow/example_dags/example_subdag_operator.py took 0.121 seconds
[2021-02-08 04:35:09,941] {scheduler_job.py:181} INFO - Started process (PID=2189) to work on /home/airflow/.local/lib/python3.8/site-packages/airflow/example_dags/example_subdag_operator.py
[2021-02-08 04:35:09,945] {scheduler_job.py:627} INFO - Processing file /home/airflow/.local/lib/python3.8/site-packages/airflow/example_dags/example_subdag_operator.py for tasks to queue
[2021-02-08 04:35:09,948] {logging_mixin.py:104} INFO - [2021-02-08 04:35:09,947] {dagbag.py:449} INFO - Filling up the DagBag from /home/airflow/.local/lib/python3.8/site-packages/airflow/example_dags/example_subdag_operator.py
[2021-02-08 04:35:10,002] {scheduler_job.py:637} INFO - DAG(s) dict_keys(['example_subdag_operator.section-1', 'example_subdag_operator.section-2', 'example_subdag_operator']) retrieved from /home/airflow/.local/lib/python3.8/site-packages/airflow/example_dags/example_subdag_operator.py
[2021-02-08 04:35:10,026] {logging_mixin.py:104} INFO - [2021-02-08 04:35:10,026] {dag.py:1818} INFO - Sync 3 DAGs
[2021-02-08 04:35:10,052] {logging_mixin.py:104} INFO - [2021-02-08 04:35:10,052] {dag.py:2273} INFO - Setting next_dagrun for example_subdag_operator to 2021-02-06 00:00:00+00:00
[2021-02-08 04:35:10,056] {logging_mixin.py:104} INFO - [2021-02-08 04:35:10,056] {dag.py:2273} INFO - Setting next_dagrun for example_subdag_operator.section-1 to None
[2021-02-08 04:35:10,058] {logging_mixin.py:104} INFO - [2021-02-08 04:35:10,057] {dag.py:2273} INFO - Setting next_dagrun for example_subdag_operator.section-2 to None
[2021-02-08 04:35:10,071] {logging_mixin.py:104} INFO - [2021-02-08 04:35:10,071] {dag.py:1818} INFO - Sync 2 DAGs
[2021-02-08 04:35:10,088] {logging_mixin.py:104} INFO - [2021-02-08 04:35:10,087] {dag.py:2273} INFO - Setting next_dagrun for example_subdag_operator.section-1 to None
[2021-02-08 04:35:10,089] {logging_mixin.py:104} INFO - [2021-02-08 04:35:10,089] {dag.py:2273} INFO - Setting next_dagrun for example_subdag_operator.section-2 to None
[2021-02-08 04:35:10,102] {scheduler_job.py:189} INFO - Processing /home/airflow/.local/lib/python3.8/site-packages/airflow/example_dags/example_subdag_operator.py took 0.177 seconds
[2021-02-08 04:35:40,292] {scheduler_job.py:181} INFO - Started process (PID=2215) to work on /home/airflow/.local/lib/python3.8/site-packages/airflow/example_dags/example_subdag_operator.py
[2021-02-08 04:35:40,305] {scheduler_job.py:627} INFO - Processing file /home/airflow/.local/lib/python3.8/site-packages/airflow/example_dags/example_subdag_operator.py for tasks to queue
[2021-02-08 04:35:40,319] {logging_mixin.py:104} INFO - [2021-02-08 04:35:40,318] {dagbag.py:449} INFO - Filling up the DagBag from /home/airflow/.local/lib/python3.8/site-packages/airflow/example_dags/example_subdag_operator.py
[2021-02-08 04:35:40,493] {scheduler_job.py:637} INFO - DAG(s) dict_keys(['example_subdag_operator.section-1', 'example_subdag_operator.section-2', 'example_subdag_operator']) retrieved from /home/airflow/.local/lib/python3.8/site-packages/airflow/example_dags/example_subdag_operator.py
[2021-02-08 04:35:40,518] {logging_mixin.py:104} INFO - [2021-02-08 04:35:40,518] {dag.py:1818} INFO - Sync 3 DAGs
[2021-02-08 04:35:40,545] {logging_mixin.py:104} INFO - [2021-02-08 04:35:40,545] {dag.py:2273} INFO - Setting next_dagrun for example_subdag_operator to 2021-02-06 00:00:00+00:00
[2021-02-08 04:35:40,550] {logging_mixin.py:104} INFO - [2021-02-08 04:35:40,549] {dag.py:2273} INFO - Setting next_dagrun for example_subdag_operator.section-1 to None
[2021-02-08 04:35:40,552] {logging_mixin.py:104} INFO - [2021-02-08 04:35:40,552] {dag.py:2273} INFO - Setting next_dagrun for example_subdag_operator.section-2 to None
[2021-02-08 04:35:40,571] {logging_mixin.py:104} INFO - [2021-02-08 04:35:40,570] {dag.py:1818} INFO - Sync 2 DAGs
[2021-02-08 04:35:40,588] {logging_mixin.py:104} INFO - [2021-02-08 04:35:40,588] {dag.py:2273} INFO - Setting next_dagrun for example_subdag_operator.section-1 to None
[2021-02-08 04:35:40,591] {logging_mixin.py:104} INFO - [2021-02-08 04:35:40,591] {dag.py:2273} INFO - Setting next_dagrun for example_subdag_operator.section-2 to None
[2021-02-08 04:35:40,606] {scheduler_job.py:189} INFO - Processing /home/airflow/.local/lib/python3.8/site-packages/airflow/example_dags/example_subdag_operator.py took 0.348 seconds
[2021-02-08 04:36:11,260] {scheduler_job.py:181} INFO - Started process (PID=2241) to work on /home/airflow/.local/lib/python3.8/site-packages/airflow/example_dags/example_subdag_operator.py
[2021-02-08 04:36:11,262] {scheduler_job.py:627} INFO - Processing file /home/airflow/.local/lib/python3.8/site-packages/airflow/example_dags/example_subdag_operator.py for tasks to queue
[2021-02-08 04:36:11,265] {logging_mixin.py:104} INFO - [2021-02-08 04:36:11,264] {dagbag.py:449} INFO - Filling up the DagBag from /home/airflow/.local/lib/python3.8/site-packages/airflow/example_dags/example_subdag_operator.py
[2021-02-08 04:36:11,314] {scheduler_job.py:637} INFO - DAG(s) dict_keys(['example_subdag_operator.section-1', 'example_subdag_operator.section-2', 'example_subdag_operator']) retrieved from /home/airflow/.local/lib/python3.8/site-packages/airflow/example_dags/example_subdag_operator.py
[2021-02-08 04:36:11,330] {logging_mixin.py:104} INFO - [2021-02-08 04:36:11,329] {dag.py:1818} INFO - Sync 3 DAGs
[2021-02-08 04:36:11,348] {logging_mixin.py:104} INFO - [2021-02-08 04:36:11,348] {dag.py:2273} INFO - Setting next_dagrun for example_subdag_operator to 2021-02-06 00:00:00+00:00
[2021-02-08 04:36:11,351] {logging_mixin.py:104} INFO - [2021-02-08 04:36:11,351] {dag.py:2273} INFO - Setting next_dagrun for example_subdag_operator.section-1 to None
[2021-02-08 04:36:11,352] {logging_mixin.py:104} INFO - [2021-02-08 04:36:11,352] {dag.py:2273} INFO - Setting next_dagrun for example_subdag_operator.section-2 to None
[2021-02-08 04:36:11,360] {logging_mixin.py:104} INFO - [2021-02-08 04:36:11,360] {dag.py:1818} INFO - Sync 2 DAGs
[2021-02-08 04:36:11,374] {logging_mixin.py:104} INFO - [2021-02-08 04:36:11,374] {dag.py:2273} INFO - Setting next_dagrun for example_subdag_operator.section-1 to None
[2021-02-08 04:36:11,376] {logging_mixin.py:104} INFO - [2021-02-08 04:36:11,376] {dag.py:2273} INFO - Setting next_dagrun for example_subdag_operator.section-2 to None
[2021-02-08 04:36:11,387] {scheduler_job.py:189} INFO - Processing /home/airflow/.local/lib/python3.8/site-packages/airflow/example_dags/example_subdag_operator.py took 0.133 seconds
[2021-02-08 04:36:41,516] {scheduler_job.py:181} INFO - Started process (PID=2267) to work on /home/airflow/.local/lib/python3.8/site-packages/airflow/example_dags/example_subdag_operator.py
[2021-02-08 04:36:41,519] {scheduler_job.py:627} INFO - Processing file /home/airflow/.local/lib/python3.8/site-packages/airflow/example_dags/example_subdag_operator.py for tasks to queue
[2021-02-08 04:36:41,521] {logging_mixin.py:104} INFO - [2021-02-08 04:36:41,521] {dagbag.py:449} INFO - Filling up the DagBag from /home/airflow/.local/lib/python3.8/site-packages/airflow/example_dags/example_subdag_operator.py
[2021-02-08 04:36:41,563] {scheduler_job.py:637} INFO - DAG(s) dict_keys(['example_subdag_operator.section-1', 'example_subdag_operator.section-2', 'example_subdag_operator']) retrieved from /home/airflow/.local/lib/python3.8/site-packages/airflow/example_dags/example_subdag_operator.py
[2021-02-08 04:36:41,577] {logging_mixin.py:104} INFO - [2021-02-08 04:36:41,577] {dag.py:1818} INFO - Sync 3 DAGs
[2021-02-08 04:36:41,595] {logging_mixin.py:104} INFO - [2021-02-08 04:36:41,595] {dag.py:2273} INFO - Setting next_dagrun for example_subdag_operator to 2021-02-06 00:00:00+00:00
[2021-02-08 04:36:41,599] {logging_mixin.py:104} INFO - [2021-02-08 04:36:41,599] {dag.py:2273} INFO - Setting next_dagrun for example_subdag_operator.section-1 to None
[2021-02-08 04:36:41,600] {logging_mixin.py:104} INFO - [2021-02-08 04:36:41,600] {dag.py:2273} INFO - Setting next_dagrun for example_subdag_operator.section-2 to None
[2021-02-08 04:36:41,609] {logging_mixin.py:104} INFO - [2021-02-08 04:36:41,609] {dag.py:1818} INFO - Sync 2 DAGs
[2021-02-08 04:36:41,628] {logging_mixin.py:104} INFO - [2021-02-08 04:36:41,627] {dag.py:2273} INFO - Setting next_dagrun for example_subdag_operator.section-1 to None
[2021-02-08 04:36:41,629] {logging_mixin.py:104} INFO - [2021-02-08 04:36:41,629] {dag.py:2273} INFO - Setting next_dagrun for example_subdag_operator.section-2 to None
[2021-02-08 04:36:41,639] {scheduler_job.py:189} INFO - Processing /home/airflow/.local/lib/python3.8/site-packages/airflow/example_dags/example_subdag_operator.py took 0.130 seconds
[2021-02-08 04:37:11,728] {scheduler_job.py:181} INFO - Started process (PID=2294) to work on /home/airflow/.local/lib/python3.8/site-packages/airflow/example_dags/example_subdag_operator.py
[2021-02-08 04:37:11,729] {scheduler_job.py:627} INFO - Processing file /home/airflow/.local/lib/python3.8/site-packages/airflow/example_dags/example_subdag_operator.py for tasks to queue
[2021-02-08 04:37:11,731] {logging_mixin.py:104} INFO - [2021-02-08 04:37:11,731] {dagbag.py:449} INFO - Filling up the DagBag from /home/airflow/.local/lib/python3.8/site-packages/airflow/example_dags/example_subdag_operator.py
[2021-02-08 04:37:11,803] {scheduler_job.py:637} INFO - DAG(s) dict_keys(['example_subdag_operator.section-1', 'example_subdag_operator.section-2', 'example_subdag_operator']) retrieved from /home/airflow/.local/lib/python3.8/site-packages/airflow/example_dags/example_subdag_operator.py
[2021-02-08 04:37:11,819] {logging_mixin.py:104} INFO - [2021-02-08 04:37:11,819] {dag.py:1818} INFO - Sync 3 DAGs
[2021-02-08 04:37:11,838] {logging_mixin.py:104} INFO - [2021-02-08 04:37:11,837] {dag.py:2273} INFO - Setting next_dagrun for example_subdag_operator to 2021-02-06 00:00:00+00:00
[2021-02-08 04:37:11,840] {logging_mixin.py:104} INFO - [2021-02-08 04:37:11,840] {dag.py:2273} INFO - Setting next_dagrun for example_subdag_operator.section-1 to None
[2021-02-08 04:37:11,841] {logging_mixin.py:104} INFO - [2021-02-08 04:37:11,841] {dag.py:2273} INFO - Setting next_dagrun for example_subdag_operator.section-2 to None
[2021-02-08 04:37:11,851] {logging_mixin.py:104} INFO - [2021-02-08 04:37:11,851] {dag.py:1818} INFO - Sync 2 DAGs
[2021-02-08 04:37:11,863] {logging_mixin.py:104} INFO - [2021-02-08 04:37:11,863] {dag.py:2273} INFO - Setting next_dagrun for example_subdag_operator.section-1 to None
[2021-02-08 04:37:11,864] {logging_mixin.py:104} INFO - [2021-02-08 04:37:11,864] {dag.py:2273} INFO - Setting next_dagrun for example_subdag_operator.section-2 to None
[2021-02-08 04:37:11,872] {scheduler_job.py:189} INFO - Processing /home/airflow/.local/lib/python3.8/site-packages/airflow/example_dags/example_subdag_operator.py took 0.148 seconds
[2021-02-08 04:37:41,899] {scheduler_job.py:181} INFO - Started process (PID=2320) to work on /home/airflow/.local/lib/python3.8/site-packages/airflow/example_dags/example_subdag_operator.py
[2021-02-08 04:37:41,902] {scheduler_job.py:627} INFO - Processing file /home/airflow/.local/lib/python3.8/site-packages/airflow/example_dags/example_subdag_operator.py for tasks to queue
[2021-02-08 04:37:41,904] {logging_mixin.py:104} INFO - [2021-02-08 04:37:41,904] {dagbag.py:449} INFO - Filling up the DagBag from /home/airflow/.local/lib/python3.8/site-packages/airflow/example_dags/example_subdag_operator.py
[2021-02-08 04:37:41,942] {scheduler_job.py:637} INFO - DAG(s) dict_keys(['example_subdag_operator.section-1', 'example_subdag_operator.section-2', 'example_subdag_operator']) retrieved from /home/airflow/.local/lib/python3.8/site-packages/airflow/example_dags/example_subdag_operator.py
[2021-02-08 04:37:41,965] {logging_mixin.py:104} INFO - [2021-02-08 04:37:41,965] {dag.py:1818} INFO - Sync 3 DAGs
[2021-02-08 04:37:42,008] {logging_mixin.py:104} INFO - [2021-02-08 04:37:42,008] {dag.py:2273} INFO - Setting next_dagrun for example_subdag_operator to 2021-02-06 00:00:00+00:00
[2021-02-08 04:37:42,016] {logging_mixin.py:104} INFO - [2021-02-08 04:37:42,016] {dag.py:2273} INFO - Setting next_dagrun for example_subdag_operator.section-1 to None
[2021-02-08 04:37:42,019] {logging_mixin.py:104} INFO - [2021-02-08 04:37:42,019] {dag.py:2273} INFO - Setting next_dagrun for example_subdag_operator.section-2 to None
[2021-02-08 04:37:42,054] {logging_mixin.py:104} INFO - [2021-02-08 04:37:42,054] {dag.py:1818} INFO - Sync 2 DAGs
[2021-02-08 04:37:42,064] {logging_mixin.py:104} INFO - [2021-02-08 04:37:42,064] {dag.py:2273} INFO - Setting next_dagrun for example_subdag_operator.section-1 to None
[2021-02-08 04:37:42,066] {logging_mixin.py:104} INFO - [2021-02-08 04:37:42,066] {dag.py:2273} INFO - Setting next_dagrun for example_subdag_operator.section-2 to None
[2021-02-08 04:37:42,076] {scheduler_job.py:189} INFO - Processing /home/airflow/.local/lib/python3.8/site-packages/airflow/example_dags/example_subdag_operator.py took 0.180 seconds
[2021-02-08 04:38:12,151] {scheduler_job.py:181} INFO - Started process (PID=2346) to work on /home/airflow/.local/lib/python3.8/site-packages/airflow/example_dags/example_subdag_operator.py
[2021-02-08 04:38:12,161] {scheduler_job.py:627} INFO - Processing file /home/airflow/.local/lib/python3.8/site-packages/airflow/example_dags/example_subdag_operator.py for tasks to queue
[2021-02-08 04:38:12,166] {logging_mixin.py:104} INFO - [2021-02-08 04:38:12,165] {dagbag.py:449} INFO - Filling up the DagBag from /home/airflow/.local/lib/python3.8/site-packages/airflow/example_dags/example_subdag_operator.py
[2021-02-08 04:38:12,235] {scheduler_job.py:637} INFO - DAG(s) dict_keys(['example_subdag_operator.section-1', 'example_subdag_operator.section-2', 'example_subdag_operator']) retrieved from /home/airflow/.local/lib/python3.8/site-packages/airflow/example_dags/example_subdag_operator.py
[2021-02-08 04:38:12,248] {logging_mixin.py:104} INFO - [2021-02-08 04:38:12,248] {dag.py:1818} INFO - Sync 3 DAGs
[2021-02-08 04:38:12,263] {logging_mixin.py:104} INFO - [2021-02-08 04:38:12,263] {dag.py:2273} INFO - Setting next_dagrun for example_subdag_operator to 2021-02-06 00:00:00+00:00
[2021-02-08 04:38:12,266] {logging_mixin.py:104} INFO - [2021-02-08 04:38:12,266] {dag.py:2273} INFO - Setting next_dagrun for example_subdag_operator.section-1 to None
[2021-02-08 04:38:12,267] {logging_mixin.py:104} INFO - [2021-02-08 04:38:12,267] {dag.py:2273} INFO - Setting next_dagrun for example_subdag_operator.section-2 to None
[2021-02-08 04:38:12,278] {logging_mixin.py:104} INFO - [2021-02-08 04:38:12,278] {dag.py:1818} INFO - Sync 2 DAGs
[2021-02-08 04:38:12,299] {logging_mixin.py:104} INFO - [2021-02-08 04:38:12,299] {dag.py:2273} INFO - Setting next_dagrun for example_subdag_operator.section-1 to None
[2021-02-08 04:38:12,301] {logging_mixin.py:104} INFO - [2021-02-08 04:38:12,300] {dag.py:2273} INFO - Setting next_dagrun for example_subdag_operator.section-2 to None
[2021-02-08 04:38:12,309] {scheduler_job.py:189} INFO - Processing /home/airflow/.local/lib/python3.8/site-packages/airflow/example_dags/example_subdag_operator.py took 0.173 seconds
[2021-02-08 04:38:42,360] {scheduler_job.py:181} INFO - Started process (PID=2372) to work on /home/airflow/.local/lib/python3.8/site-packages/airflow/example_dags/example_subdag_operator.py
[2021-02-08 04:38:42,362] {scheduler_job.py:627} INFO - Processing file /home/airflow/.local/lib/python3.8/site-packages/airflow/example_dags/example_subdag_operator.py for tasks to queue
[2021-02-08 04:38:42,363] {logging_mixin.py:104} INFO - [2021-02-08 04:38:42,363] {dagbag.py:449} INFO - Filling up the DagBag from /home/airflow/.local/lib/python3.8/site-packages/airflow/example_dags/example_subdag_operator.py
[2021-02-08 04:38:42,398] {scheduler_job.py:637} INFO - DAG(s) dict_keys(['example_subdag_operator.section-1', 'example_subdag_operator.section-2', 'example_subdag_operator']) retrieved from /home/airflow/.local/lib/python3.8/site-packages/airflow/example_dags/example_subdag_operator.py
[2021-02-08 04:38:42,413] {logging_mixin.py:104} INFO - [2021-02-08 04:38:42,413] {dag.py:1818} INFO - Sync 3 DAGs
[2021-02-08 04:38:42,428] {logging_mixin.py:104} INFO - [2021-02-08 04:38:42,428] {dag.py:2273} INFO - Setting next_dagrun for example_subdag_operator to 2021-02-06 00:00:00+00:00
[2021-02-08 04:38:42,430] {logging_mixin.py:104} INFO - [2021-02-08 04:38:42,430] {dag.py:2273} INFO - Setting next_dagrun for example_subdag_operator.section-1 to None
[2021-02-08 04:38:42,432] {logging_mixin.py:104} INFO - [2021-02-08 04:38:42,432] {dag.py:2273} INFO - Setting next_dagrun for example_subdag_operator.section-2 to None
[2021-02-08 04:38:42,439] {logging_mixin.py:104} INFO - [2021-02-08 04:38:42,439] {dag.py:1818} INFO - Sync 2 DAGs
[2021-02-08 04:38:42,447] {logging_mixin.py:104} INFO - [2021-02-08 04:38:42,447] {dag.py:2273} INFO - Setting next_dagrun for example_subdag_operator.section-1 to None
[2021-02-08 04:38:42,448] {logging_mixin.py:104} INFO - [2021-02-08 04:38:42,448] {dag.py:2273} INFO - Setting next_dagrun for example_subdag_operator.section-2 to None
[2021-02-08 04:38:42,456] {scheduler_job.py:189} INFO - Processing /home/airflow/.local/lib/python3.8/site-packages/airflow/example_dags/example_subdag_operator.py took 0.100 seconds
[2021-02-08 04:39:12,658] {scheduler_job.py:181} INFO - Started process (PID=2398) to work on /home/airflow/.local/lib/python3.8/site-packages/airflow/example_dags/example_subdag_operator.py
[2021-02-08 04:39:12,662] {scheduler_job.py:627} INFO - Processing file /home/airflow/.local/lib/python3.8/site-packages/airflow/example_dags/example_subdag_operator.py for tasks to queue
[2021-02-08 04:39:12,665] {logging_mixin.py:104} INFO - [2021-02-08 04:39:12,665] {dagbag.py:449} INFO - Filling up the DagBag from /home/airflow/.local/lib/python3.8/site-packages/airflow/example_dags/example_subdag_operator.py
[2021-02-08 04:39:12,769] {scheduler_job.py:637} INFO - DAG(s) dict_keys(['example_subdag_operator.section-1', 'example_subdag_operator.section-2', 'example_subdag_operator']) retrieved from /home/airflow/.local/lib/python3.8/site-packages/airflow/example_dags/example_subdag_operator.py
[2021-02-08 04:39:12,789] {logging_mixin.py:104} INFO - [2021-02-08 04:39:12,788] {dag.py:1818} INFO - Sync 3 DAGs
[2021-02-08 04:39:12,816] {logging_mixin.py:104} INFO - [2021-02-08 04:39:12,816] {dag.py:2273} INFO - Setting next_dagrun for example_subdag_operator to 2021-02-06 00:00:00+00:00
[2021-02-08 04:39:12,820] {logging_mixin.py:104} INFO - [2021-02-08 04:39:12,820] {dag.py:2273} INFO - Setting next_dagrun for example_subdag_operator.section-1 to None
[2021-02-08 04:39:12,823] {logging_mixin.py:104} INFO - [2021-02-08 04:39:12,823] {dag.py:2273} INFO - Setting next_dagrun for example_subdag_operator.section-2 to None
[2021-02-08 04:39:12,834] {logging_mixin.py:104} INFO - [2021-02-08 04:39:12,834] {dag.py:1818} INFO - Sync 2 DAGs
[2021-02-08 04:39:12,848] {logging_mixin.py:104} INFO - [2021-02-08 04:39:12,848] {dag.py:2273} INFO - Setting next_dagrun for example_subdag_operator.section-1 to None
[2021-02-08 04:39:12,850] {logging_mixin.py:104} INFO - [2021-02-08 04:39:12,850] {dag.py:2273} INFO - Setting next_dagrun for example_subdag_operator.section-2 to None
[2021-02-08 04:39:12,861] {scheduler_job.py:189} INFO - Processing /home/airflow/.local/lib/python3.8/site-packages/airflow/example_dags/example_subdag_operator.py took 0.210 seconds
[2021-02-08 04:39:43,580] {scheduler_job.py:181} INFO - Started process (PID=2423) to work on /home/airflow/.local/lib/python3.8/site-packages/airflow/example_dags/example_subdag_operator.py
[2021-02-08 04:39:43,582] {scheduler_job.py:627} INFO - Processing file /home/airflow/.local/lib/python3.8/site-packages/airflow/example_dags/example_subdag_operator.py for tasks to queue
[2021-02-08 04:39:43,584] {logging_mixin.py:104} INFO - [2021-02-08 04:39:43,583] {dagbag.py:449} INFO - Filling up the DagBag from /home/airflow/.local/lib/python3.8/site-packages/airflow/example_dags/example_subdag_operator.py
[2021-02-08 04:39:43,630] {scheduler_job.py:637} INFO - DAG(s) dict_keys(['example_subdag_operator.section-1', 'example_subdag_operator.section-2', 'example_subdag_operator']) retrieved from /home/airflow/.local/lib/python3.8/site-packages/airflow/example_dags/example_subdag_operator.py
[2021-02-08 04:39:43,649] {logging_mixin.py:104} INFO - [2021-02-08 04:39:43,649] {dag.py:1818} INFO - Sync 3 DAGs
[2021-02-08 04:39:43,671] {logging_mixin.py:104} INFO - [2021-02-08 04:39:43,671] {dag.py:2273} INFO - Setting next_dagrun for example_subdag_operator to 2021-02-06 00:00:00+00:00
[2021-02-08 04:39:43,675] {logging_mixin.py:104} INFO - [2021-02-08 04:39:43,675] {dag.py:2273} INFO - Setting next_dagrun for example_subdag_operator.section-1 to None
[2021-02-08 04:39:43,676] {logging_mixin.py:104} INFO - [2021-02-08 04:39:43,676] {dag.py:2273} INFO - Setting next_dagrun for example_subdag_operator.section-2 to None
[2021-02-08 04:39:43,687] {logging_mixin.py:104} INFO - [2021-02-08 04:39:43,687] {dag.py:1818} INFO - Sync 2 DAGs
[2021-02-08 04:39:43,700] {logging_mixin.py:104} INFO - [2021-02-08 04:39:43,700] {dag.py:2273} INFO - Setting next_dagrun for example_subdag_operator.section-1 to None
[2021-02-08 04:39:43,702] {logging_mixin.py:104} INFO - [2021-02-08 04:39:43,702] {dag.py:2273} INFO - Setting next_dagrun for example_subdag_operator.section-2 to None
[2021-02-08 04:39:43,715] {scheduler_job.py:189} INFO - Processing /home/airflow/.local/lib/python3.8/site-packages/airflow/example_dags/example_subdag_operator.py took 0.142 seconds
[2021-02-08 04:40:13,916] {scheduler_job.py:181} INFO - Started process (PID=2449) to work on /home/airflow/.local/lib/python3.8/site-packages/airflow/example_dags/example_subdag_operator.py
[2021-02-08 04:40:13,919] {scheduler_job.py:627} INFO - Processing file /home/airflow/.local/lib/python3.8/site-packages/airflow/example_dags/example_subdag_operator.py for tasks to queue
[2021-02-08 04:40:13,921] {logging_mixin.py:104} INFO - [2021-02-08 04:40:13,921] {dagbag.py:449} INFO - Filling up the DagBag from /home/airflow/.local/lib/python3.8/site-packages/airflow/example_dags/example_subdag_operator.py
[2021-02-08 04:40:13,966] {scheduler_job.py:637} INFO - DAG(s) dict_keys(['example_subdag_operator.section-1', 'example_subdag_operator.section-2', 'example_subdag_operator']) retrieved from /home/airflow/.local/lib/python3.8/site-packages/airflow/example_dags/example_subdag_operator.py
[2021-02-08 04:40:13,983] {logging_mixin.py:104} INFO - [2021-02-08 04:40:13,983] {dag.py:1818} INFO - Sync 3 DAGs
[2021-02-08 04:40:14,003] {logging_mixin.py:104} INFO - [2021-02-08 04:40:14,003] {dag.py:2273} INFO - Setting next_dagrun for example_subdag_operator to 2021-02-06 00:00:00+00:00
[2021-02-08 04:40:14,006] {logging_mixin.py:104} INFO - [2021-02-08 04:40:14,006] {dag.py:2273} INFO - Setting next_dagrun for example_subdag_operator.section-1 to None
[2021-02-08 04:40:14,007] {logging_mixin.py:104} INFO - [2021-02-08 04:40:14,007] {dag.py:2273} INFO - Setting next_dagrun for example_subdag_operator.section-2 to None
[2021-02-08 04:40:14,021] {logging_mixin.py:104} INFO - [2021-02-08 04:40:14,020] {dag.py:1818} INFO - Sync 2 DAGs
[2021-02-08 04:40:14,035] {logging_mixin.py:104} INFO - [2021-02-08 04:40:14,034] {dag.py:2273} INFO - Setting next_dagrun for example_subdag_operator.section-1 to None
[2021-02-08 04:40:14,036] {logging_mixin.py:104} INFO - [2021-02-08 04:40:14,036] {dag.py:2273} INFO - Setting next_dagrun for example_subdag_operator.section-2 to None
[2021-02-08 04:40:14,046] {scheduler_job.py:189} INFO - Processing /home/airflow/.local/lib/python3.8/site-packages/airflow/example_dags/example_subdag_operator.py took 0.135 seconds
[2021-02-08 04:40:44,084] {scheduler_job.py:181} INFO - Started process (PID=2472) to work on /home/airflow/.local/lib/python3.8/site-packages/airflow/example_dags/example_subdag_operator.py
[2021-02-08 04:40:44,086] {scheduler_job.py:627} INFO - Processing file /home/airflow/.local/lib/python3.8/site-packages/airflow/example_dags/example_subdag_operator.py for tasks to queue
[2021-02-08 04:40:44,088] {logging_mixin.py:104} INFO - [2021-02-08 04:40:44,088] {dagbag.py:449} INFO - Filling up the DagBag from /home/airflow/.local/lib/python3.8/site-packages/airflow/example_dags/example_subdag_operator.py
[2021-02-08 04:40:44,138] {scheduler_job.py:637} INFO - DAG(s) dict_keys(['example_subdag_operator.section-1', 'example_subdag_operator.section-2', 'example_subdag_operator']) retrieved from /home/airflow/.local/lib/python3.8/site-packages/airflow/example_dags/example_subdag_operator.py
[2021-02-08 04:40:44,154] {logging_mixin.py:104} INFO - [2021-02-08 04:40:44,154] {dag.py:1818} INFO - Sync 3 DAGs
[2021-02-08 04:40:44,172] {logging_mixin.py:104} INFO - [2021-02-08 04:40:44,171] {dag.py:2273} INFO - Setting next_dagrun for example_subdag_operator to 2021-02-06 00:00:00+00:00
[2021-02-08 04:40:44,174] {logging_mixin.py:104} INFO - [2021-02-08 04:40:44,174] {dag.py:2273} INFO - Setting next_dagrun for example_subdag_operator.section-1 to None
[2021-02-08 04:40:44,176] {logging_mixin.py:104} INFO - [2021-02-08 04:40:44,175] {dag.py:2273} INFO - Setting next_dagrun for example_subdag_operator.section-2 to None
[2021-02-08 04:40:44,188] {logging_mixin.py:104} INFO - [2021-02-08 04:40:44,188] {dag.py:1818} INFO - Sync 2 DAGs
[2021-02-08 04:40:44,201] {logging_mixin.py:104} INFO - [2021-02-08 04:40:44,201] {dag.py:2273} INFO - Setting next_dagrun for example_subdag_operator.section-1 to None
[2021-02-08 04:40:44,203] {logging_mixin.py:104} INFO - [2021-02-08 04:40:44,203] {dag.py:2273} INFO - Setting next_dagrun for example_subdag_operator.section-2 to None
[2021-02-08 04:40:44,216] {scheduler_job.py:189} INFO - Processing /home/airflow/.local/lib/python3.8/site-packages/airflow/example_dags/example_subdag_operator.py took 0.136 seconds
[2021-02-08 04:41:15,197] {scheduler_job.py:181} INFO - Started process (PID=2500) to work on /home/airflow/.local/lib/python3.8/site-packages/airflow/example_dags/example_subdag_operator.py
[2021-02-08 04:41:15,199] {scheduler_job.py:627} INFO - Processing file /home/airflow/.local/lib/python3.8/site-packages/airflow/example_dags/example_subdag_operator.py for tasks to queue
[2021-02-08 04:41:15,200] {logging_mixin.py:104} INFO - [2021-02-08 04:41:15,200] {dagbag.py:449} INFO - Filling up the DagBag from /home/airflow/.local/lib/python3.8/site-packages/airflow/example_dags/example_subdag_operator.py
[2021-02-08 04:41:15,245] {scheduler_job.py:637} INFO - DAG(s) dict_keys(['example_subdag_operator.section-1', 'example_subdag_operator.section-2', 'example_subdag_operator']) retrieved from /home/airflow/.local/lib/python3.8/site-packages/airflow/example_dags/example_subdag_operator.py
[2021-02-08 04:41:15,260] {logging_mixin.py:104} INFO - [2021-02-08 04:41:15,259] {dag.py:1818} INFO - Sync 3 DAGs
[2021-02-08 04:41:15,277] {logging_mixin.py:104} INFO - [2021-02-08 04:41:15,277] {dag.py:2273} INFO - Setting next_dagrun for example_subdag_operator to 2021-02-06 00:00:00+00:00
[2021-02-08 04:41:15,280] {logging_mixin.py:104} INFO - [2021-02-08 04:41:15,279] {dag.py:2273} INFO - Setting next_dagrun for example_subdag_operator.section-1 to None
[2021-02-08 04:41:15,280] {logging_mixin.py:104} INFO - [2021-02-08 04:41:15,280] {dag.py:2273} INFO - Setting next_dagrun for example_subdag_operator.section-2 to None
[2021-02-08 04:41:15,291] {logging_mixin.py:104} INFO - [2021-02-08 04:41:15,291] {dag.py:1818} INFO - Sync 2 DAGs
[2021-02-08 04:41:15,300] {logging_mixin.py:104} INFO - [2021-02-08 04:41:15,300] {dag.py:2273} INFO - Setting next_dagrun for example_subdag_operator.section-1 to None
[2021-02-08 04:41:15,302] {logging_mixin.py:104} INFO - [2021-02-08 04:41:15,302] {dag.py:2273} INFO - Setting next_dagrun for example_subdag_operator.section-2 to None
[2021-02-08 04:41:15,311] {scheduler_job.py:189} INFO - Processing /home/airflow/.local/lib/python3.8/site-packages/airflow/example_dags/example_subdag_operator.py took 0.118 seconds
[2021-02-08 04:41:45,384] {scheduler_job.py:181} INFO - Started process (PID=2524) to work on /home/airflow/.local/lib/python3.8/site-packages/airflow/example_dags/example_subdag_operator.py
[2021-02-08 04:41:45,387] {scheduler_job.py:627} INFO - Processing file /home/airflow/.local/lib/python3.8/site-packages/airflow/example_dags/example_subdag_operator.py for tasks to queue
[2021-02-08 04:41:45,389] {logging_mixin.py:104} INFO - [2021-02-08 04:41:45,389] {dagbag.py:449} INFO - Filling up the DagBag from /home/airflow/.local/lib/python3.8/site-packages/airflow/example_dags/example_subdag_operator.py
[2021-02-08 04:41:45,431] {scheduler_job.py:637} INFO - DAG(s) dict_keys(['example_subdag_operator.section-1', 'example_subdag_operator.section-2', 'example_subdag_operator']) retrieved from /home/airflow/.local/lib/python3.8/site-packages/airflow/example_dags/example_subdag_operator.py
[2021-02-08 04:41:45,446] {logging_mixin.py:104} INFO - [2021-02-08 04:41:45,446] {dag.py:1818} INFO - Sync 3 DAGs
[2021-02-08 04:41:45,464] {logging_mixin.py:104} INFO - [2021-02-08 04:41:45,464] {dag.py:2273} INFO - Setting next_dagrun for example_subdag_operator to 2021-02-06 00:00:00+00:00
[2021-02-08 04:41:45,466] {logging_mixin.py:104} INFO - [2021-02-08 04:41:45,466] {dag.py:2273} INFO - Setting next_dagrun for example_subdag_operator.section-1 to None
[2021-02-08 04:41:45,468] {logging_mixin.py:104} INFO - [2021-02-08 04:41:45,468] {dag.py:2273} INFO - Setting next_dagrun for example_subdag_operator.section-2 to None
[2021-02-08 04:41:45,484] {logging_mixin.py:104} INFO - [2021-02-08 04:41:45,484] {dag.py:1818} INFO - Sync 2 DAGs
[2021-02-08 04:41:45,500] {logging_mixin.py:104} INFO - [2021-02-08 04:41:45,500] {dag.py:2273} INFO - Setting next_dagrun for example_subdag_operator.section-1 to None
[2021-02-08 04:41:45,502] {logging_mixin.py:104} INFO - [2021-02-08 04:41:45,501] {dag.py:2273} INFO - Setting next_dagrun for example_subdag_operator.section-2 to None
[2021-02-08 04:41:45,515] {scheduler_job.py:189} INFO - Processing /home/airflow/.local/lib/python3.8/site-packages/airflow/example_dags/example_subdag_operator.py took 0.138 seconds
[2021-02-08 04:42:16,354] {scheduler_job.py:181} INFO - Started process (PID=2552) to work on /home/airflow/.local/lib/python3.8/site-packages/airflow/example_dags/example_subdag_operator.py
[2021-02-08 04:42:16,358] {scheduler_job.py:627} INFO - Processing file /home/airflow/.local/lib/python3.8/site-packages/airflow/example_dags/example_subdag_operator.py for tasks to queue
[2021-02-08 04:42:16,362] {logging_mixin.py:104} INFO - [2021-02-08 04:42:16,361] {dagbag.py:449} INFO - Filling up the DagBag from /home/airflow/.local/lib/python3.8/site-packages/airflow/example_dags/example_subdag_operator.py
[2021-02-08 04:42:16,408] {scheduler_job.py:637} INFO - DAG(s) dict_keys(['example_subdag_operator.section-1', 'example_subdag_operator.section-2', 'example_subdag_operator']) retrieved from /home/airflow/.local/lib/python3.8/site-packages/airflow/example_dags/example_subdag_operator.py
[2021-02-08 04:42:16,421] {logging_mixin.py:104} INFO - [2021-02-08 04:42:16,421] {dag.py:1818} INFO - Sync 3 DAGs
[2021-02-08 04:42:16,446] {logging_mixin.py:104} INFO - [2021-02-08 04:42:16,446] {dag.py:2273} INFO - Setting next_dagrun for example_subdag_operator to 2021-02-06 00:00:00+00:00
[2021-02-08 04:42:16,449] {logging_mixin.py:104} INFO - [2021-02-08 04:42:16,449] {dag.py:2273} INFO - Setting next_dagrun for example_subdag_operator.section-1 to None
[2021-02-08 04:42:16,450] {logging_mixin.py:104} INFO - [2021-02-08 04:42:16,450] {dag.py:2273} INFO - Setting next_dagrun for example_subdag_operator.section-2 to None
[2021-02-08 04:42:16,458] {logging_mixin.py:104} INFO - [2021-02-08 04:42:16,458] {dag.py:1818} INFO - Sync 2 DAGs
[2021-02-08 04:42:16,469] {logging_mixin.py:104} INFO - [2021-02-08 04:42:16,469] {dag.py:2273} INFO - Setting next_dagrun for example_subdag_operator.section-1 to None
[2021-02-08 04:42:16,471] {logging_mixin.py:104} INFO - [2021-02-08 04:42:16,471] {dag.py:2273} INFO - Setting next_dagrun for example_subdag_operator.section-2 to None
[2021-02-08 04:42:16,481] {scheduler_job.py:189} INFO - Processing /home/airflow/.local/lib/python3.8/site-packages/airflow/example_dags/example_subdag_operator.py took 0.133 seconds
[2021-02-08 04:42:46,602] {scheduler_job.py:181} INFO - Started process (PID=2577) to work on /home/airflow/.local/lib/python3.8/site-packages/airflow/example_dags/example_subdag_operator.py
[2021-02-08 04:42:46,606] {scheduler_job.py:627} INFO - Processing file /home/airflow/.local/lib/python3.8/site-packages/airflow/example_dags/example_subdag_operator.py for tasks to queue
[2021-02-08 04:42:46,608] {logging_mixin.py:104} INFO - [2021-02-08 04:42:46,608] {dagbag.py:449} INFO - Filling up the DagBag from /home/airflow/.local/lib/python3.8/site-packages/airflow/example_dags/example_subdag_operator.py
[2021-02-08 04:42:46,663] {scheduler_job.py:637} INFO - DAG(s) dict_keys(['example_subdag_operator.section-1', 'example_subdag_operator.section-2', 'example_subdag_operator']) retrieved from /home/airflow/.local/lib/python3.8/site-packages/airflow/example_dags/example_subdag_operator.py
[2021-02-08 04:42:46,686] {logging_mixin.py:104} INFO - [2021-02-08 04:42:46,685] {dag.py:1818} INFO - Sync 3 DAGs
[2021-02-08 04:42:46,720] {logging_mixin.py:104} INFO - [2021-02-08 04:42:46,719] {dag.py:2273} INFO - Setting next_dagrun for example_subdag_operator to 2021-02-06 00:00:00+00:00
[2021-02-08 04:42:46,723] {logging_mixin.py:104} INFO - [2021-02-08 04:42:46,723] {dag.py:2273} INFO - Setting next_dagrun for example_subdag_operator.section-1 to None
[2021-02-08 04:42:46,727] {logging_mixin.py:104} INFO - [2021-02-08 04:42:46,727] {dag.py:2273} INFO - Setting next_dagrun for example_subdag_operator.section-2 to None
[2021-02-08 04:42:46,744] {logging_mixin.py:104} INFO - [2021-02-08 04:42:46,744] {dag.py:1818} INFO - Sync 2 DAGs
[2021-02-08 04:42:46,777] {logging_mixin.py:104} INFO - [2021-02-08 04:42:46,777] {dag.py:2273} INFO - Setting next_dagrun for example_subdag_operator.section-1 to None
[2021-02-08 04:42:46,782] {logging_mixin.py:104} INFO - [2021-02-08 04:42:46,781] {dag.py:2273} INFO - Setting next_dagrun for example_subdag_operator.section-2 to None
[2021-02-08 04:42:46,801] {scheduler_job.py:189} INFO - Processing /home/airflow/.local/lib/python3.8/site-packages/airflow/example_dags/example_subdag_operator.py took 0.206 seconds
[2021-02-08 04:43:16,956] {scheduler_job.py:181} INFO - Started process (PID=2602) to work on /home/airflow/.local/lib/python3.8/site-packages/airflow/example_dags/example_subdag_operator.py
[2021-02-08 04:43:16,959] {scheduler_job.py:627} INFO - Processing file /home/airflow/.local/lib/python3.8/site-packages/airflow/example_dags/example_subdag_operator.py for tasks to queue
[2021-02-08 04:43:16,962] {logging_mixin.py:104} INFO - [2021-02-08 04:43:16,961] {dagbag.py:449} INFO - Filling up the DagBag from /home/airflow/.local/lib/python3.8/site-packages/airflow/example_dags/example_subdag_operator.py
[2021-02-08 04:43:17,014] {scheduler_job.py:637} INFO - DAG(s) dict_keys(['example_subdag_operator.section-1', 'example_subdag_operator.section-2', 'example_subdag_operator']) retrieved from /home/airflow/.local/lib/python3.8/site-packages/airflow/example_dags/example_subdag_operator.py
[2021-02-08 04:43:17,044] {logging_mixin.py:104} INFO - [2021-02-08 04:43:17,044] {dag.py:1818} INFO - Sync 3 DAGs
[2021-02-08 04:43:17,073] {logging_mixin.py:104} INFO - [2021-02-08 04:43:17,072] {dag.py:2273} INFO - Setting next_dagrun for example_subdag_operator to 2021-02-06 00:00:00+00:00
[2021-02-08 04:43:17,076] {logging_mixin.py:104} INFO - [2021-02-08 04:43:17,076] {dag.py:2273} INFO - Setting next_dagrun for example_subdag_operator.section-1 to None
[2021-02-08 04:43:17,078] {logging_mixin.py:104} INFO - [2021-02-08 04:43:17,078] {dag.py:2273} INFO - Setting next_dagrun for example_subdag_operator.section-2 to None
[2021-02-08 04:43:17,093] {logging_mixin.py:104} INFO - [2021-02-08 04:43:17,093] {dag.py:1818} INFO - Sync 2 DAGs
[2021-02-08 04:43:17,111] {logging_mixin.py:104} INFO - [2021-02-08 04:43:17,111] {dag.py:2273} INFO - Setting next_dagrun for example_subdag_operator.section-1 to None
[2021-02-08 04:43:17,113] {logging_mixin.py:104} INFO - [2021-02-08 04:43:17,113] {dag.py:2273} INFO - Setting next_dagrun for example_subdag_operator.section-2 to None
[2021-02-08 04:43:17,129] {scheduler_job.py:189} INFO - Processing /home/airflow/.local/lib/python3.8/site-packages/airflow/example_dags/example_subdag_operator.py took 0.180 seconds
