[2021-02-08 01:26:31,387] {scheduler_job.py:181} INFO - Started process (PID=1638) to work on /home/airflow/.local/lib/python3.8/site-packages/airflow/example_dags/example_short_circuit_operator.py
[2021-02-08 01:26:31,390] {scheduler_job.py:627} INFO - Processing file /home/airflow/.local/lib/python3.8/site-packages/airflow/example_dags/example_short_circuit_operator.py for tasks to queue
[2021-02-08 01:26:31,393] {logging_mixin.py:104} INFO - [2021-02-08 01:26:31,392] {dagbag.py:449} INFO - Filling up the DagBag from /home/airflow/.local/lib/python3.8/site-packages/airflow/example_dags/example_short_circuit_operator.py
[2021-02-08 01:26:31,412] {scheduler_job.py:637} INFO - DAG(s) dict_keys(['example_short_circuit_operator']) retrieved from /home/airflow/.local/lib/python3.8/site-packages/airflow/example_dags/example_short_circuit_operator.py
[2021-02-08 01:26:31,469] {logging_mixin.py:104} INFO - [2021-02-08 01:26:31,469] {dag.py:1818} INFO - Sync 1 DAGs
[2021-02-08 01:26:31,491] {logging_mixin.py:104} INFO - [2021-02-08 01:26:31,491] {dag.py:2273} INFO - Setting next_dagrun for example_short_circuit_operator to 2021-02-06 00:00:00+00:00
[2021-02-08 01:26:31,513] {scheduler_job.py:189} INFO - Processing /home/airflow/.local/lib/python3.8/site-packages/airflow/example_dags/example_short_circuit_operator.py took 0.137 seconds
[2021-02-08 03:26:49,519] {scheduler_job.py:181} INFO - Started process (PID=1664) to work on /home/airflow/.local/lib/python3.8/site-packages/airflow/example_dags/example_short_circuit_operator.py
[2021-02-08 03:26:49,522] {scheduler_job.py:627} INFO - Processing file /home/airflow/.local/lib/python3.8/site-packages/airflow/example_dags/example_short_circuit_operator.py for tasks to queue
[2021-02-08 03:26:49,525] {logging_mixin.py:104} INFO - [2021-02-08 03:26:49,524] {dagbag.py:449} INFO - Filling up the DagBag from /home/airflow/.local/lib/python3.8/site-packages/airflow/example_dags/example_short_circuit_operator.py
[2021-02-08 03:26:49,543] {scheduler_job.py:637} INFO - DAG(s) dict_keys(['example_short_circuit_operator']) retrieved from /home/airflow/.local/lib/python3.8/site-packages/airflow/example_dags/example_short_circuit_operator.py
[2021-02-08 03:26:49,591] {logging_mixin.py:104} INFO - [2021-02-08 03:26:49,591] {dag.py:1818} INFO - Sync 1 DAGs
[2021-02-08 03:26:49,615] {logging_mixin.py:104} INFO - [2021-02-08 03:26:49,615] {dag.py:2273} INFO - Setting next_dagrun for example_short_circuit_operator to 2021-02-06 00:00:00+00:00
[2021-02-08 03:26:49,629] {scheduler_job.py:189} INFO - Processing /home/airflow/.local/lib/python3.8/site-packages/airflow/example_dags/example_short_circuit_operator.py took 0.116 seconds
[2021-02-08 04:25:25,981] {scheduler_job.py:181} INFO - Started process (PID=1690) to work on /home/airflow/.local/lib/python3.8/site-packages/airflow/example_dags/example_short_circuit_operator.py
[2021-02-08 04:25:25,989] {scheduler_job.py:627} INFO - Processing file /home/airflow/.local/lib/python3.8/site-packages/airflow/example_dags/example_short_circuit_operator.py for tasks to queue
[2021-02-08 04:25:25,996] {logging_mixin.py:104} INFO - [2021-02-08 04:25:25,995] {dagbag.py:449} INFO - Filling up the DagBag from /home/airflow/.local/lib/python3.8/site-packages/airflow/example_dags/example_short_circuit_operator.py
[2021-02-08 04:25:26,045] {scheduler_job.py:637} INFO - DAG(s) dict_keys(['example_short_circuit_operator']) retrieved from /home/airflow/.local/lib/python3.8/site-packages/airflow/example_dags/example_short_circuit_operator.py
[2021-02-08 04:25:26,167] {logging_mixin.py:104} INFO - [2021-02-08 04:25:26,167] {dag.py:1818} INFO - Sync 1 DAGs
[2021-02-08 04:25:26,235] {logging_mixin.py:104} INFO - [2021-02-08 04:25:26,234] {dag.py:2273} INFO - Setting next_dagrun for example_short_circuit_operator to 2021-02-06 00:00:00+00:00
[2021-02-08 04:25:26,266] {scheduler_job.py:189} INFO - Processing /home/airflow/.local/lib/python3.8/site-packages/airflow/example_dags/example_short_circuit_operator.py took 0.303 seconds
[2021-02-08 04:25:57,123] {scheduler_job.py:181} INFO - Started process (PID=1717) to work on /home/airflow/.local/lib/python3.8/site-packages/airflow/example_dags/example_short_circuit_operator.py
[2021-02-08 04:25:57,125] {scheduler_job.py:627} INFO - Processing file /home/airflow/.local/lib/python3.8/site-packages/airflow/example_dags/example_short_circuit_operator.py for tasks to queue
[2021-02-08 04:25:57,127] {logging_mixin.py:104} INFO - [2021-02-08 04:25:57,127] {dagbag.py:449} INFO - Filling up the DagBag from /home/airflow/.local/lib/python3.8/site-packages/airflow/example_dags/example_short_circuit_operator.py
[2021-02-08 04:25:57,152] {scheduler_job.py:637} INFO - DAG(s) dict_keys(['example_short_circuit_operator']) retrieved from /home/airflow/.local/lib/python3.8/site-packages/airflow/example_dags/example_short_circuit_operator.py
[2021-02-08 04:25:57,307] {logging_mixin.py:104} INFO - [2021-02-08 04:25:57,307] {dag.py:1818} INFO - Sync 1 DAGs
[2021-02-08 04:25:57,344] {logging_mixin.py:104} INFO - [2021-02-08 04:25:57,343] {dag.py:2273} INFO - Setting next_dagrun for example_short_circuit_operator to 2021-02-06 00:00:00+00:00
[2021-02-08 04:25:57,365] {scheduler_job.py:189} INFO - Processing /home/airflow/.local/lib/python3.8/site-packages/airflow/example_dags/example_short_circuit_operator.py took 0.246 seconds
[2021-02-08 04:26:28,306] {scheduler_job.py:181} INFO - Started process (PID=1744) to work on /home/airflow/.local/lib/python3.8/site-packages/airflow/example_dags/example_short_circuit_operator.py
[2021-02-08 04:26:28,307] {scheduler_job.py:627} INFO - Processing file /home/airflow/.local/lib/python3.8/site-packages/airflow/example_dags/example_short_circuit_operator.py for tasks to queue
[2021-02-08 04:26:28,309] {logging_mixin.py:104} INFO - [2021-02-08 04:26:28,309] {dagbag.py:449} INFO - Filling up the DagBag from /home/airflow/.local/lib/python3.8/site-packages/airflow/example_dags/example_short_circuit_operator.py
[2021-02-08 04:26:28,323] {scheduler_job.py:637} INFO - DAG(s) dict_keys(['example_short_circuit_operator']) retrieved from /home/airflow/.local/lib/python3.8/site-packages/airflow/example_dags/example_short_circuit_operator.py
[2021-02-08 04:26:28,367] {logging_mixin.py:104} INFO - [2021-02-08 04:26:28,367] {dag.py:1818} INFO - Sync 1 DAGs
[2021-02-08 04:26:28,385] {logging_mixin.py:104} INFO - [2021-02-08 04:26:28,385] {dag.py:2273} INFO - Setting next_dagrun for example_short_circuit_operator to 2021-02-06 00:00:00+00:00
[2021-02-08 04:26:28,397] {scheduler_job.py:189} INFO - Processing /home/airflow/.local/lib/python3.8/site-packages/airflow/example_dags/example_short_circuit_operator.py took 0.095 seconds
[2021-02-08 04:26:59,061] {scheduler_job.py:181} INFO - Started process (PID=1770) to work on /home/airflow/.local/lib/python3.8/site-packages/airflow/example_dags/example_short_circuit_operator.py
[2021-02-08 04:26:59,063] {scheduler_job.py:627} INFO - Processing file /home/airflow/.local/lib/python3.8/site-packages/airflow/example_dags/example_short_circuit_operator.py for tasks to queue
[2021-02-08 04:26:59,064] {logging_mixin.py:104} INFO - [2021-02-08 04:26:59,064] {dagbag.py:449} INFO - Filling up the DagBag from /home/airflow/.local/lib/python3.8/site-packages/airflow/example_dags/example_short_circuit_operator.py
[2021-02-08 04:26:59,086] {scheduler_job.py:637} INFO - DAG(s) dict_keys(['example_short_circuit_operator']) retrieved from /home/airflow/.local/lib/python3.8/site-packages/airflow/example_dags/example_short_circuit_operator.py
[2021-02-08 04:26:59,114] {logging_mixin.py:104} INFO - [2021-02-08 04:26:59,114] {dag.py:1818} INFO - Sync 1 DAGs
[2021-02-08 04:26:59,134] {logging_mixin.py:104} INFO - [2021-02-08 04:26:59,134] {dag.py:2273} INFO - Setting next_dagrun for example_short_circuit_operator to 2021-02-06 00:00:00+00:00
[2021-02-08 04:26:59,157] {scheduler_job.py:189} INFO - Processing /home/airflow/.local/lib/python3.8/site-packages/airflow/example_dags/example_short_circuit_operator.py took 0.101 seconds
[2021-02-08 04:27:29,773] {scheduler_job.py:181} INFO - Started process (PID=1796) to work on /home/airflow/.local/lib/python3.8/site-packages/airflow/example_dags/example_short_circuit_operator.py
[2021-02-08 04:27:29,783] {scheduler_job.py:627} INFO - Processing file /home/airflow/.local/lib/python3.8/site-packages/airflow/example_dags/example_short_circuit_operator.py for tasks to queue
[2021-02-08 04:27:29,791] {logging_mixin.py:104} INFO - [2021-02-08 04:27:29,791] {dagbag.py:449} INFO - Filling up the DagBag from /home/airflow/.local/lib/python3.8/site-packages/airflow/example_dags/example_short_circuit_operator.py
[2021-02-08 04:27:29,808] {scheduler_job.py:637} INFO - DAG(s) dict_keys(['example_short_circuit_operator']) retrieved from /home/airflow/.local/lib/python3.8/site-packages/airflow/example_dags/example_short_circuit_operator.py
[2021-02-08 04:27:29,860] {logging_mixin.py:104} INFO - [2021-02-08 04:27:29,860] {dag.py:1818} INFO - Sync 1 DAGs
[2021-02-08 04:27:29,898] {logging_mixin.py:104} INFO - [2021-02-08 04:27:29,898] {dag.py:2273} INFO - Setting next_dagrun for example_short_circuit_operator to 2021-02-06 00:00:00+00:00
[2021-02-08 04:27:29,922] {scheduler_job.py:189} INFO - Processing /home/airflow/.local/lib/python3.8/site-packages/airflow/example_dags/example_short_circuit_operator.py took 0.156 seconds
[2021-02-08 04:28:00,292] {scheduler_job.py:181} INFO - Started process (PID=1822) to work on /home/airflow/.local/lib/python3.8/site-packages/airflow/example_dags/example_short_circuit_operator.py
[2021-02-08 04:28:00,294] {scheduler_job.py:627} INFO - Processing file /home/airflow/.local/lib/python3.8/site-packages/airflow/example_dags/example_short_circuit_operator.py for tasks to queue
[2021-02-08 04:28:00,296] {logging_mixin.py:104} INFO - [2021-02-08 04:28:00,296] {dagbag.py:449} INFO - Filling up the DagBag from /home/airflow/.local/lib/python3.8/site-packages/airflow/example_dags/example_short_circuit_operator.py
[2021-02-08 04:28:00,307] {scheduler_job.py:637} INFO - DAG(s) dict_keys(['example_short_circuit_operator']) retrieved from /home/airflow/.local/lib/python3.8/site-packages/airflow/example_dags/example_short_circuit_operator.py
[2021-02-08 04:28:00,330] {logging_mixin.py:104} INFO - [2021-02-08 04:28:00,330] {dag.py:1818} INFO - Sync 1 DAGs
[2021-02-08 04:28:00,343] {logging_mixin.py:104} INFO - [2021-02-08 04:28:00,343] {dag.py:2273} INFO - Setting next_dagrun for example_short_circuit_operator to 2021-02-06 00:00:00+00:00
[2021-02-08 04:28:00,360] {scheduler_job.py:189} INFO - Processing /home/airflow/.local/lib/python3.8/site-packages/airflow/example_dags/example_short_circuit_operator.py took 0.072 seconds
[2021-02-08 04:28:30,687] {scheduler_job.py:181} INFO - Started process (PID=1848) to work on /home/airflow/.local/lib/python3.8/site-packages/airflow/example_dags/example_short_circuit_operator.py
[2021-02-08 04:28:30,689] {scheduler_job.py:627} INFO - Processing file /home/airflow/.local/lib/python3.8/site-packages/airflow/example_dags/example_short_circuit_operator.py for tasks to queue
[2021-02-08 04:28:30,691] {logging_mixin.py:104} INFO - [2021-02-08 04:28:30,690] {dagbag.py:449} INFO - Filling up the DagBag from /home/airflow/.local/lib/python3.8/site-packages/airflow/example_dags/example_short_circuit_operator.py
[2021-02-08 04:28:30,713] {scheduler_job.py:637} INFO - DAG(s) dict_keys(['example_short_circuit_operator']) retrieved from /home/airflow/.local/lib/python3.8/site-packages/airflow/example_dags/example_short_circuit_operator.py
[2021-02-08 04:28:30,740] {logging_mixin.py:104} INFO - [2021-02-08 04:28:30,740] {dag.py:1818} INFO - Sync 1 DAGs
[2021-02-08 04:28:30,757] {logging_mixin.py:104} INFO - [2021-02-08 04:28:30,757] {dag.py:2273} INFO - Setting next_dagrun for example_short_circuit_operator to 2021-02-06 00:00:00+00:00
[2021-02-08 04:28:30,773] {scheduler_job.py:189} INFO - Processing /home/airflow/.local/lib/python3.8/site-packages/airflow/example_dags/example_short_circuit_operator.py took 0.094 seconds
[2021-02-08 04:29:01,205] {scheduler_job.py:181} INFO - Started process (PID=1874) to work on /home/airflow/.local/lib/python3.8/site-packages/airflow/example_dags/example_short_circuit_operator.py
[2021-02-08 04:29:01,208] {scheduler_job.py:627} INFO - Processing file /home/airflow/.local/lib/python3.8/site-packages/airflow/example_dags/example_short_circuit_operator.py for tasks to queue
[2021-02-08 04:29:01,210] {logging_mixin.py:104} INFO - [2021-02-08 04:29:01,210] {dagbag.py:449} INFO - Filling up the DagBag from /home/airflow/.local/lib/python3.8/site-packages/airflow/example_dags/example_short_circuit_operator.py
[2021-02-08 04:29:01,228] {scheduler_job.py:637} INFO - DAG(s) dict_keys(['example_short_circuit_operator']) retrieved from /home/airflow/.local/lib/python3.8/site-packages/airflow/example_dags/example_short_circuit_operator.py
[2021-02-08 04:29:01,261] {logging_mixin.py:104} INFO - [2021-02-08 04:29:01,261] {dag.py:1818} INFO - Sync 1 DAGs
[2021-02-08 04:29:01,280] {logging_mixin.py:104} INFO - [2021-02-08 04:29:01,280] {dag.py:2273} INFO - Setting next_dagrun for example_short_circuit_operator to 2021-02-06 00:00:00+00:00
[2021-02-08 04:29:01,300] {scheduler_job.py:189} INFO - Processing /home/airflow/.local/lib/python3.8/site-packages/airflow/example_dags/example_short_circuit_operator.py took 0.101 seconds
[2021-02-08 04:29:31,763] {scheduler_job.py:181} INFO - Started process (PID=1900) to work on /home/airflow/.local/lib/python3.8/site-packages/airflow/example_dags/example_short_circuit_operator.py
[2021-02-08 04:29:31,765] {scheduler_job.py:627} INFO - Processing file /home/airflow/.local/lib/python3.8/site-packages/airflow/example_dags/example_short_circuit_operator.py for tasks to queue
[2021-02-08 04:29:31,767] {logging_mixin.py:104} INFO - [2021-02-08 04:29:31,767] {dagbag.py:449} INFO - Filling up the DagBag from /home/airflow/.local/lib/python3.8/site-packages/airflow/example_dags/example_short_circuit_operator.py
[2021-02-08 04:29:31,786] {scheduler_job.py:637} INFO - DAG(s) dict_keys(['example_short_circuit_operator']) retrieved from /home/airflow/.local/lib/python3.8/site-packages/airflow/example_dags/example_short_circuit_operator.py
[2021-02-08 04:29:31,823] {logging_mixin.py:104} INFO - [2021-02-08 04:29:31,823] {dag.py:1818} INFO - Sync 1 DAGs
[2021-02-08 04:29:31,848] {logging_mixin.py:104} INFO - [2021-02-08 04:29:31,848] {dag.py:2273} INFO - Setting next_dagrun for example_short_circuit_operator to 2021-02-06 00:00:00+00:00
[2021-02-08 04:29:31,863] {scheduler_job.py:189} INFO - Processing /home/airflow/.local/lib/python3.8/site-packages/airflow/example_dags/example_short_circuit_operator.py took 0.105 seconds
[2021-02-08 04:30:02,766] {scheduler_job.py:181} INFO - Started process (PID=1926) to work on /home/airflow/.local/lib/python3.8/site-packages/airflow/example_dags/example_short_circuit_operator.py
[2021-02-08 04:30:02,768] {scheduler_job.py:627} INFO - Processing file /home/airflow/.local/lib/python3.8/site-packages/airflow/example_dags/example_short_circuit_operator.py for tasks to queue
[2021-02-08 04:30:02,770] {logging_mixin.py:104} INFO - [2021-02-08 04:30:02,769] {dagbag.py:449} INFO - Filling up the DagBag from /home/airflow/.local/lib/python3.8/site-packages/airflow/example_dags/example_short_circuit_operator.py
[2021-02-08 04:30:02,783] {scheduler_job.py:637} INFO - DAG(s) dict_keys(['example_short_circuit_operator']) retrieved from /home/airflow/.local/lib/python3.8/site-packages/airflow/example_dags/example_short_circuit_operator.py
[2021-02-08 04:30:02,810] {logging_mixin.py:104} INFO - [2021-02-08 04:30:02,810] {dag.py:1818} INFO - Sync 1 DAGs
[2021-02-08 04:30:02,825] {logging_mixin.py:104} INFO - [2021-02-08 04:30:02,825] {dag.py:2273} INFO - Setting next_dagrun for example_short_circuit_operator to 2021-02-06 00:00:00+00:00
[2021-02-08 04:30:02,843] {scheduler_job.py:189} INFO - Processing /home/airflow/.local/lib/python3.8/site-packages/airflow/example_dags/example_short_circuit_operator.py took 0.081 seconds
[2021-02-08 04:30:33,356] {scheduler_job.py:181} INFO - Started process (PID=1952) to work on /home/airflow/.local/lib/python3.8/site-packages/airflow/example_dags/example_short_circuit_operator.py
[2021-02-08 04:30:33,360] {scheduler_job.py:627} INFO - Processing file /home/airflow/.local/lib/python3.8/site-packages/airflow/example_dags/example_short_circuit_operator.py for tasks to queue
[2021-02-08 04:30:33,362] {logging_mixin.py:104} INFO - [2021-02-08 04:30:33,361] {dagbag.py:449} INFO - Filling up the DagBag from /home/airflow/.local/lib/python3.8/site-packages/airflow/example_dags/example_short_circuit_operator.py
[2021-02-08 04:30:33,391] {scheduler_job.py:637} INFO - DAG(s) dict_keys(['example_short_circuit_operator']) retrieved from /home/airflow/.local/lib/python3.8/site-packages/airflow/example_dags/example_short_circuit_operator.py
[2021-02-08 04:30:33,439] {logging_mixin.py:104} INFO - [2021-02-08 04:30:33,439] {dag.py:1818} INFO - Sync 1 DAGs
[2021-02-08 04:30:33,482] {logging_mixin.py:104} INFO - [2021-02-08 04:30:33,482] {dag.py:2273} INFO - Setting next_dagrun for example_short_circuit_operator to 2021-02-06 00:00:00+00:00
[2021-02-08 04:30:33,509] {scheduler_job.py:189} INFO - Processing /home/airflow/.local/lib/python3.8/site-packages/airflow/example_dags/example_short_circuit_operator.py took 0.157 seconds
[2021-02-08 04:31:04,103] {scheduler_job.py:181} INFO - Started process (PID=1978) to work on /home/airflow/.local/lib/python3.8/site-packages/airflow/example_dags/example_short_circuit_operator.py
[2021-02-08 04:31:04,107] {scheduler_job.py:627} INFO - Processing file /home/airflow/.local/lib/python3.8/site-packages/airflow/example_dags/example_short_circuit_operator.py for tasks to queue
[2021-02-08 04:31:04,109] {logging_mixin.py:104} INFO - [2021-02-08 04:31:04,109] {dagbag.py:449} INFO - Filling up the DagBag from /home/airflow/.local/lib/python3.8/site-packages/airflow/example_dags/example_short_circuit_operator.py
[2021-02-08 04:31:04,130] {scheduler_job.py:637} INFO - DAG(s) dict_keys(['example_short_circuit_operator']) retrieved from /home/airflow/.local/lib/python3.8/site-packages/airflow/example_dags/example_short_circuit_operator.py
[2021-02-08 04:31:04,176] {logging_mixin.py:104} INFO - [2021-02-08 04:31:04,176] {dag.py:1818} INFO - Sync 1 DAGs
[2021-02-08 04:31:04,194] {logging_mixin.py:104} INFO - [2021-02-08 04:31:04,193] {dag.py:2273} INFO - Setting next_dagrun for example_short_circuit_operator to 2021-02-06 00:00:00+00:00
[2021-02-08 04:31:04,211] {scheduler_job.py:189} INFO - Processing /home/airflow/.local/lib/python3.8/site-packages/airflow/example_dags/example_short_circuit_operator.py took 0.115 seconds
[2021-02-08 04:31:34,610] {scheduler_job.py:181} INFO - Started process (PID=2004) to work on /home/airflow/.local/lib/python3.8/site-packages/airflow/example_dags/example_short_circuit_operator.py
[2021-02-08 04:31:34,612] {scheduler_job.py:627} INFO - Processing file /home/airflow/.local/lib/python3.8/site-packages/airflow/example_dags/example_short_circuit_operator.py for tasks to queue
[2021-02-08 04:31:34,614] {logging_mixin.py:104} INFO - [2021-02-08 04:31:34,614] {dagbag.py:449} INFO - Filling up the DagBag from /home/airflow/.local/lib/python3.8/site-packages/airflow/example_dags/example_short_circuit_operator.py
[2021-02-08 04:31:34,628] {scheduler_job.py:637} INFO - DAG(s) dict_keys(['example_short_circuit_operator']) retrieved from /home/airflow/.local/lib/python3.8/site-packages/airflow/example_dags/example_short_circuit_operator.py
[2021-02-08 04:31:34,655] {logging_mixin.py:104} INFO - [2021-02-08 04:31:34,655] {dag.py:1818} INFO - Sync 1 DAGs
[2021-02-08 04:31:34,670] {logging_mixin.py:104} INFO - [2021-02-08 04:31:34,670] {dag.py:2273} INFO - Setting next_dagrun for example_short_circuit_operator to 2021-02-06 00:00:00+00:00
[2021-02-08 04:31:34,686] {scheduler_job.py:189} INFO - Processing /home/airflow/.local/lib/python3.8/site-packages/airflow/example_dags/example_short_circuit_operator.py took 0.081 seconds
[2021-02-08 04:32:05,151] {scheduler_job.py:181} INFO - Started process (PID=2030) to work on /home/airflow/.local/lib/python3.8/site-packages/airflow/example_dags/example_short_circuit_operator.py
[2021-02-08 04:32:05,155] {scheduler_job.py:627} INFO - Processing file /home/airflow/.local/lib/python3.8/site-packages/airflow/example_dags/example_short_circuit_operator.py for tasks to queue
[2021-02-08 04:32:05,157] {logging_mixin.py:104} INFO - [2021-02-08 04:32:05,157] {dagbag.py:449} INFO - Filling up the DagBag from /home/airflow/.local/lib/python3.8/site-packages/airflow/example_dags/example_short_circuit_operator.py
[2021-02-08 04:32:05,176] {scheduler_job.py:637} INFO - DAG(s) dict_keys(['example_short_circuit_operator']) retrieved from /home/airflow/.local/lib/python3.8/site-packages/airflow/example_dags/example_short_circuit_operator.py
[2021-02-08 04:32:05,210] {logging_mixin.py:104} INFO - [2021-02-08 04:32:05,210] {dag.py:1818} INFO - Sync 1 DAGs
[2021-02-08 04:32:05,228] {logging_mixin.py:104} INFO - [2021-02-08 04:32:05,228] {dag.py:2273} INFO - Setting next_dagrun for example_short_circuit_operator to 2021-02-06 00:00:00+00:00
[2021-02-08 04:32:05,249] {scheduler_job.py:189} INFO - Processing /home/airflow/.local/lib/python3.8/site-packages/airflow/example_dags/example_short_circuit_operator.py took 0.104 seconds
[2021-02-08 04:32:36,011] {scheduler_job.py:181} INFO - Started process (PID=2056) to work on /home/airflow/.local/lib/python3.8/site-packages/airflow/example_dags/example_short_circuit_operator.py
[2021-02-08 04:32:36,014] {scheduler_job.py:627} INFO - Processing file /home/airflow/.local/lib/python3.8/site-packages/airflow/example_dags/example_short_circuit_operator.py for tasks to queue
[2021-02-08 04:32:36,016] {logging_mixin.py:104} INFO - [2021-02-08 04:32:36,015] {dagbag.py:449} INFO - Filling up the DagBag from /home/airflow/.local/lib/python3.8/site-packages/airflow/example_dags/example_short_circuit_operator.py
[2021-02-08 04:32:36,028] {scheduler_job.py:637} INFO - DAG(s) dict_keys(['example_short_circuit_operator']) retrieved from /home/airflow/.local/lib/python3.8/site-packages/airflow/example_dags/example_short_circuit_operator.py
[2021-02-08 04:32:36,057] {logging_mixin.py:104} INFO - [2021-02-08 04:32:36,057] {dag.py:1818} INFO - Sync 1 DAGs
[2021-02-08 04:32:36,083] {logging_mixin.py:104} INFO - [2021-02-08 04:32:36,083] {dag.py:2273} INFO - Setting next_dagrun for example_short_circuit_operator to 2021-02-06 00:00:00+00:00
[2021-02-08 04:32:36,099] {scheduler_job.py:189} INFO - Processing /home/airflow/.local/lib/python3.8/site-packages/airflow/example_dags/example_short_circuit_operator.py took 0.092 seconds
[2021-02-08 04:33:06,898] {scheduler_job.py:181} INFO - Started process (PID=2082) to work on /home/airflow/.local/lib/python3.8/site-packages/airflow/example_dags/example_short_circuit_operator.py
[2021-02-08 04:33:06,900] {scheduler_job.py:627} INFO - Processing file /home/airflow/.local/lib/python3.8/site-packages/airflow/example_dags/example_short_circuit_operator.py for tasks to queue
[2021-02-08 04:33:06,902] {logging_mixin.py:104} INFO - [2021-02-08 04:33:06,902] {dagbag.py:449} INFO - Filling up the DagBag from /home/airflow/.local/lib/python3.8/site-packages/airflow/example_dags/example_short_circuit_operator.py
[2021-02-08 04:33:06,917] {scheduler_job.py:637} INFO - DAG(s) dict_keys(['example_short_circuit_operator']) retrieved from /home/airflow/.local/lib/python3.8/site-packages/airflow/example_dags/example_short_circuit_operator.py
[2021-02-08 04:33:06,948] {logging_mixin.py:104} INFO - [2021-02-08 04:33:06,948] {dag.py:1818} INFO - Sync 1 DAGs
[2021-02-08 04:33:06,984] {logging_mixin.py:104} INFO - [2021-02-08 04:33:06,983] {dag.py:2273} INFO - Setting next_dagrun for example_short_circuit_operator to 2021-02-06 00:00:00+00:00
[2021-02-08 04:33:07,000] {scheduler_job.py:189} INFO - Processing /home/airflow/.local/lib/python3.8/site-packages/airflow/example_dags/example_short_circuit_operator.py took 0.109 seconds
[2021-02-08 04:33:37,061] {scheduler_job.py:181} INFO - Started process (PID=2108) to work on /home/airflow/.local/lib/python3.8/site-packages/airflow/example_dags/example_short_circuit_operator.py
[2021-02-08 04:33:37,064] {scheduler_job.py:627} INFO - Processing file /home/airflow/.local/lib/python3.8/site-packages/airflow/example_dags/example_short_circuit_operator.py for tasks to queue
[2021-02-08 04:33:37,067] {logging_mixin.py:104} INFO - [2021-02-08 04:33:37,066] {dagbag.py:449} INFO - Filling up the DagBag from /home/airflow/.local/lib/python3.8/site-packages/airflow/example_dags/example_short_circuit_operator.py
[2021-02-08 04:33:37,105] {scheduler_job.py:637} INFO - DAG(s) dict_keys(['example_short_circuit_operator']) retrieved from /home/airflow/.local/lib/python3.8/site-packages/airflow/example_dags/example_short_circuit_operator.py
[2021-02-08 04:33:37,151] {logging_mixin.py:104} INFO - [2021-02-08 04:33:37,151] {dag.py:1818} INFO - Sync 1 DAGs
[2021-02-08 04:33:37,171] {logging_mixin.py:104} INFO - [2021-02-08 04:33:37,171] {dag.py:2273} INFO - Setting next_dagrun for example_short_circuit_operator to 2021-02-06 00:00:00+00:00
[2021-02-08 04:33:37,186] {scheduler_job.py:189} INFO - Processing /home/airflow/.local/lib/python3.8/site-packages/airflow/example_dags/example_short_circuit_operator.py took 0.130 seconds
[2021-02-08 04:34:07,300] {scheduler_job.py:181} INFO - Started process (PID=2134) to work on /home/airflow/.local/lib/python3.8/site-packages/airflow/example_dags/example_short_circuit_operator.py
[2021-02-08 04:34:07,303] {scheduler_job.py:627} INFO - Processing file /home/airflow/.local/lib/python3.8/site-packages/airflow/example_dags/example_short_circuit_operator.py for tasks to queue
[2021-02-08 04:34:07,305] {logging_mixin.py:104} INFO - [2021-02-08 04:34:07,304] {dagbag.py:449} INFO - Filling up the DagBag from /home/airflow/.local/lib/python3.8/site-packages/airflow/example_dags/example_short_circuit_operator.py
[2021-02-08 04:34:07,323] {scheduler_job.py:637} INFO - DAG(s) dict_keys(['example_short_circuit_operator']) retrieved from /home/airflow/.local/lib/python3.8/site-packages/airflow/example_dags/example_short_circuit_operator.py
[2021-02-08 04:34:07,369] {logging_mixin.py:104} INFO - [2021-02-08 04:34:07,369] {dag.py:1818} INFO - Sync 1 DAGs
[2021-02-08 04:34:07,406] {logging_mixin.py:104} INFO - [2021-02-08 04:34:07,406] {dag.py:2273} INFO - Setting next_dagrun for example_short_circuit_operator to 2021-02-06 00:00:00+00:00
[2021-02-08 04:34:07,420] {scheduler_job.py:189} INFO - Processing /home/airflow/.local/lib/python3.8/site-packages/airflow/example_dags/example_short_circuit_operator.py took 0.125 seconds
[2021-02-08 04:34:37,668] {scheduler_job.py:181} INFO - Started process (PID=2160) to work on /home/airflow/.local/lib/python3.8/site-packages/airflow/example_dags/example_short_circuit_operator.py
[2021-02-08 04:34:37,671] {scheduler_job.py:627} INFO - Processing file /home/airflow/.local/lib/python3.8/site-packages/airflow/example_dags/example_short_circuit_operator.py for tasks to queue
[2021-02-08 04:34:37,673] {logging_mixin.py:104} INFO - [2021-02-08 04:34:37,673] {dagbag.py:449} INFO - Filling up the DagBag from /home/airflow/.local/lib/python3.8/site-packages/airflow/example_dags/example_short_circuit_operator.py
[2021-02-08 04:34:37,691] {scheduler_job.py:637} INFO - DAG(s) dict_keys(['example_short_circuit_operator']) retrieved from /home/airflow/.local/lib/python3.8/site-packages/airflow/example_dags/example_short_circuit_operator.py
[2021-02-08 04:34:37,815] {logging_mixin.py:104} INFO - [2021-02-08 04:34:37,814] {dag.py:1818} INFO - Sync 1 DAGs
[2021-02-08 04:34:37,850] {logging_mixin.py:104} INFO - [2021-02-08 04:34:37,850] {dag.py:2273} INFO - Setting next_dagrun for example_short_circuit_operator to 2021-02-06 00:00:00+00:00
[2021-02-08 04:34:37,878] {scheduler_job.py:189} INFO - Processing /home/airflow/.local/lib/python3.8/site-packages/airflow/example_dags/example_short_circuit_operator.py took 0.215 seconds
[2021-02-08 04:35:08,716] {scheduler_job.py:181} INFO - Started process (PID=2186) to work on /home/airflow/.local/lib/python3.8/site-packages/airflow/example_dags/example_short_circuit_operator.py
[2021-02-08 04:35:08,719] {scheduler_job.py:627} INFO - Processing file /home/airflow/.local/lib/python3.8/site-packages/airflow/example_dags/example_short_circuit_operator.py for tasks to queue
[2021-02-08 04:35:08,721] {logging_mixin.py:104} INFO - [2021-02-08 04:35:08,721] {dagbag.py:449} INFO - Filling up the DagBag from /home/airflow/.local/lib/python3.8/site-packages/airflow/example_dags/example_short_circuit_operator.py
[2021-02-08 04:35:08,739] {scheduler_job.py:637} INFO - DAG(s) dict_keys(['example_short_circuit_operator']) retrieved from /home/airflow/.local/lib/python3.8/site-packages/airflow/example_dags/example_short_circuit_operator.py
[2021-02-08 04:35:08,776] {logging_mixin.py:104} INFO - [2021-02-08 04:35:08,775] {dag.py:1818} INFO - Sync 1 DAGs
[2021-02-08 04:35:08,792] {logging_mixin.py:104} INFO - [2021-02-08 04:35:08,792] {dag.py:2273} INFO - Setting next_dagrun for example_short_circuit_operator to 2021-02-06 00:00:00+00:00
[2021-02-08 04:35:08,813] {scheduler_job.py:189} INFO - Processing /home/airflow/.local/lib/python3.8/site-packages/airflow/example_dags/example_short_circuit_operator.py took 0.103 seconds
[2021-02-08 04:35:38,951] {scheduler_job.py:181} INFO - Started process (PID=2212) to work on /home/airflow/.local/lib/python3.8/site-packages/airflow/example_dags/example_short_circuit_operator.py
[2021-02-08 04:35:38,953] {scheduler_job.py:627} INFO - Processing file /home/airflow/.local/lib/python3.8/site-packages/airflow/example_dags/example_short_circuit_operator.py for tasks to queue
[2021-02-08 04:35:38,955] {logging_mixin.py:104} INFO - [2021-02-08 04:35:38,955] {dagbag.py:449} INFO - Filling up the DagBag from /home/airflow/.local/lib/python3.8/site-packages/airflow/example_dags/example_short_circuit_operator.py
[2021-02-08 04:35:38,980] {scheduler_job.py:637} INFO - DAG(s) dict_keys(['example_short_circuit_operator']) retrieved from /home/airflow/.local/lib/python3.8/site-packages/airflow/example_dags/example_short_circuit_operator.py
[2021-02-08 04:35:39,019] {logging_mixin.py:104} INFO - [2021-02-08 04:35:39,019] {dag.py:1818} INFO - Sync 1 DAGs
[2021-02-08 04:35:39,038] {logging_mixin.py:104} INFO - [2021-02-08 04:35:39,038] {dag.py:2273} INFO - Setting next_dagrun for example_short_circuit_operator to 2021-02-06 00:00:00+00:00
[2021-02-08 04:35:39,057] {scheduler_job.py:189} INFO - Processing /home/airflow/.local/lib/python3.8/site-packages/airflow/example_dags/example_short_circuit_operator.py took 0.112 seconds
[2021-02-08 04:36:09,556] {scheduler_job.py:181} INFO - Started process (PID=2238) to work on /home/airflow/.local/lib/python3.8/site-packages/airflow/example_dags/example_short_circuit_operator.py
[2021-02-08 04:36:09,567] {scheduler_job.py:627} INFO - Processing file /home/airflow/.local/lib/python3.8/site-packages/airflow/example_dags/example_short_circuit_operator.py for tasks to queue
[2021-02-08 04:36:09,608] {logging_mixin.py:104} INFO - [2021-02-08 04:36:09,608] {dagbag.py:449} INFO - Filling up the DagBag from /home/airflow/.local/lib/python3.8/site-packages/airflow/example_dags/example_short_circuit_operator.py
[2021-02-08 04:36:09,690] {scheduler_job.py:637} INFO - DAG(s) dict_keys(['example_short_circuit_operator']) retrieved from /home/airflow/.local/lib/python3.8/site-packages/airflow/example_dags/example_short_circuit_operator.py
[2021-02-08 04:36:09,799] {logging_mixin.py:104} INFO - [2021-02-08 04:36:09,799] {dag.py:1818} INFO - Sync 1 DAGs
[2021-02-08 04:36:09,979] {logging_mixin.py:104} INFO - [2021-02-08 04:36:09,977] {dag.py:2273} INFO - Setting next_dagrun for example_short_circuit_operator to 2021-02-06 00:00:00+00:00
[2021-02-08 04:36:10,013] {scheduler_job.py:189} INFO - Processing /home/airflow/.local/lib/python3.8/site-packages/airflow/example_dags/example_short_circuit_operator.py took 0.462 seconds
[2021-02-08 04:36:40,159] {scheduler_job.py:181} INFO - Started process (PID=2263) to work on /home/airflow/.local/lib/python3.8/site-packages/airflow/example_dags/example_short_circuit_operator.py
[2021-02-08 04:36:40,162] {scheduler_job.py:627} INFO - Processing file /home/airflow/.local/lib/python3.8/site-packages/airflow/example_dags/example_short_circuit_operator.py for tasks to queue
[2021-02-08 04:36:40,164] {logging_mixin.py:104} INFO - [2021-02-08 04:36:40,164] {dagbag.py:449} INFO - Filling up the DagBag from /home/airflow/.local/lib/python3.8/site-packages/airflow/example_dags/example_short_circuit_operator.py
[2021-02-08 04:36:40,179] {scheduler_job.py:637} INFO - DAG(s) dict_keys(['example_short_circuit_operator']) retrieved from /home/airflow/.local/lib/python3.8/site-packages/airflow/example_dags/example_short_circuit_operator.py
[2021-02-08 04:36:40,209] {logging_mixin.py:104} INFO - [2021-02-08 04:36:40,209] {dag.py:1818} INFO - Sync 1 DAGs
[2021-02-08 04:36:40,242] {logging_mixin.py:104} INFO - [2021-02-08 04:36:40,242] {dag.py:2273} INFO - Setting next_dagrun for example_short_circuit_operator to 2021-02-06 00:00:00+00:00
[2021-02-08 04:36:40,264] {scheduler_job.py:189} INFO - Processing /home/airflow/.local/lib/python3.8/site-packages/airflow/example_dags/example_short_circuit_operator.py took 0.110 seconds
[2021-02-08 04:37:10,295] {scheduler_job.py:181} INFO - Started process (PID=2289) to work on /home/airflow/.local/lib/python3.8/site-packages/airflow/example_dags/example_short_circuit_operator.py
[2021-02-08 04:37:10,298] {scheduler_job.py:627} INFO - Processing file /home/airflow/.local/lib/python3.8/site-packages/airflow/example_dags/example_short_circuit_operator.py for tasks to queue
[2021-02-08 04:37:10,299] {logging_mixin.py:104} INFO - [2021-02-08 04:37:10,299] {dagbag.py:449} INFO - Filling up the DagBag from /home/airflow/.local/lib/python3.8/site-packages/airflow/example_dags/example_short_circuit_operator.py
[2021-02-08 04:37:10,313] {scheduler_job.py:637} INFO - DAG(s) dict_keys(['example_short_circuit_operator']) retrieved from /home/airflow/.local/lib/python3.8/site-packages/airflow/example_dags/example_short_circuit_operator.py
[2021-02-08 04:37:10,341] {logging_mixin.py:104} INFO - [2021-02-08 04:37:10,341] {dag.py:1818} INFO - Sync 1 DAGs
[2021-02-08 04:37:10,358] {logging_mixin.py:104} INFO - [2021-02-08 04:37:10,358] {dag.py:2273} INFO - Setting next_dagrun for example_short_circuit_operator to 2021-02-06 00:00:00+00:00
[2021-02-08 04:37:10,381] {scheduler_job.py:189} INFO - Processing /home/airflow/.local/lib/python3.8/site-packages/airflow/example_dags/example_short_circuit_operator.py took 0.089 seconds
[2021-02-08 04:37:40,579] {scheduler_job.py:181} INFO - Started process (PID=2315) to work on /home/airflow/.local/lib/python3.8/site-packages/airflow/example_dags/example_short_circuit_operator.py
[2021-02-08 04:37:40,582] {scheduler_job.py:627} INFO - Processing file /home/airflow/.local/lib/python3.8/site-packages/airflow/example_dags/example_short_circuit_operator.py for tasks to queue
[2021-02-08 04:37:40,584] {logging_mixin.py:104} INFO - [2021-02-08 04:37:40,584] {dagbag.py:449} INFO - Filling up the DagBag from /home/airflow/.local/lib/python3.8/site-packages/airflow/example_dags/example_short_circuit_operator.py
[2021-02-08 04:37:40,601] {scheduler_job.py:637} INFO - DAG(s) dict_keys(['example_short_circuit_operator']) retrieved from /home/airflow/.local/lib/python3.8/site-packages/airflow/example_dags/example_short_circuit_operator.py
[2021-02-08 04:37:40,636] {logging_mixin.py:104} INFO - [2021-02-08 04:37:40,636] {dag.py:1818} INFO - Sync 1 DAGs
[2021-02-08 04:37:40,659] {logging_mixin.py:104} INFO - [2021-02-08 04:37:40,659] {dag.py:2273} INFO - Setting next_dagrun for example_short_circuit_operator to 2021-02-06 00:00:00+00:00
[2021-02-08 04:37:40,677] {scheduler_job.py:189} INFO - Processing /home/airflow/.local/lib/python3.8/site-packages/airflow/example_dags/example_short_circuit_operator.py took 0.103 seconds
[2021-02-08 04:38:10,729] {scheduler_job.py:181} INFO - Started process (PID=2342) to work on /home/airflow/.local/lib/python3.8/site-packages/airflow/example_dags/example_short_circuit_operator.py
[2021-02-08 04:38:10,731] {scheduler_job.py:627} INFO - Processing file /home/airflow/.local/lib/python3.8/site-packages/airflow/example_dags/example_short_circuit_operator.py for tasks to queue
[2021-02-08 04:38:10,733] {logging_mixin.py:104} INFO - [2021-02-08 04:38:10,733] {dagbag.py:449} INFO - Filling up the DagBag from /home/airflow/.local/lib/python3.8/site-packages/airflow/example_dags/example_short_circuit_operator.py
[2021-02-08 04:38:10,748] {scheduler_job.py:637} INFO - DAG(s) dict_keys(['example_short_circuit_operator']) retrieved from /home/airflow/.local/lib/python3.8/site-packages/airflow/example_dags/example_short_circuit_operator.py
[2021-02-08 04:38:10,780] {logging_mixin.py:104} INFO - [2021-02-08 04:38:10,780] {dag.py:1818} INFO - Sync 1 DAGs
[2021-02-08 04:38:10,795] {logging_mixin.py:104} INFO - [2021-02-08 04:38:10,795] {dag.py:2273} INFO - Setting next_dagrun for example_short_circuit_operator to 2021-02-06 00:00:00+00:00
[2021-02-08 04:38:10,811] {scheduler_job.py:189} INFO - Processing /home/airflow/.local/lib/python3.8/site-packages/airflow/example_dags/example_short_circuit_operator.py took 0.087 seconds
[2021-02-08 04:38:40,934] {scheduler_job.py:181} INFO - Started process (PID=2366) to work on /home/airflow/.local/lib/python3.8/site-packages/airflow/example_dags/example_short_circuit_operator.py
[2021-02-08 04:38:40,937] {scheduler_job.py:627} INFO - Processing file /home/airflow/.local/lib/python3.8/site-packages/airflow/example_dags/example_short_circuit_operator.py for tasks to queue
[2021-02-08 04:38:40,940] {logging_mixin.py:104} INFO - [2021-02-08 04:38:40,939] {dagbag.py:449} INFO - Filling up the DagBag from /home/airflow/.local/lib/python3.8/site-packages/airflow/example_dags/example_short_circuit_operator.py
[2021-02-08 04:38:40,954] {scheduler_job.py:637} INFO - DAG(s) dict_keys(['example_short_circuit_operator']) retrieved from /home/airflow/.local/lib/python3.8/site-packages/airflow/example_dags/example_short_circuit_operator.py
[2021-02-08 04:38:40,984] {logging_mixin.py:104} INFO - [2021-02-08 04:38:40,983] {dag.py:1818} INFO - Sync 1 DAGs
[2021-02-08 04:38:40,998] {logging_mixin.py:104} INFO - [2021-02-08 04:38:40,998] {dag.py:2273} INFO - Setting next_dagrun for example_short_circuit_operator to 2021-02-06 00:00:00+00:00
[2021-02-08 04:38:41,017] {scheduler_job.py:189} INFO - Processing /home/airflow/.local/lib/python3.8/site-packages/airflow/example_dags/example_short_circuit_operator.py took 0.089 seconds
[2021-02-08 04:39:12,018] {scheduler_job.py:181} INFO - Started process (PID=2394) to work on /home/airflow/.local/lib/python3.8/site-packages/airflow/example_dags/example_short_circuit_operator.py
[2021-02-08 04:39:12,021] {scheduler_job.py:627} INFO - Processing file /home/airflow/.local/lib/python3.8/site-packages/airflow/example_dags/example_short_circuit_operator.py for tasks to queue
[2021-02-08 04:39:12,023] {logging_mixin.py:104} INFO - [2021-02-08 04:39:12,023] {dagbag.py:449} INFO - Filling up the DagBag from /home/airflow/.local/lib/python3.8/site-packages/airflow/example_dags/example_short_circuit_operator.py
[2021-02-08 04:39:12,043] {scheduler_job.py:637} INFO - DAG(s) dict_keys(['example_short_circuit_operator']) retrieved from /home/airflow/.local/lib/python3.8/site-packages/airflow/example_dags/example_short_circuit_operator.py
[2021-02-08 04:39:12,120] {logging_mixin.py:104} INFO - [2021-02-08 04:39:12,119] {dag.py:1818} INFO - Sync 1 DAGs
[2021-02-08 04:39:12,156] {logging_mixin.py:104} INFO - [2021-02-08 04:39:12,156] {dag.py:2273} INFO - Setting next_dagrun for example_short_circuit_operator to 2021-02-06 00:00:00+00:00
[2021-02-08 04:39:12,179] {scheduler_job.py:189} INFO - Processing /home/airflow/.local/lib/python3.8/site-packages/airflow/example_dags/example_short_circuit_operator.py took 0.166 seconds
[2021-02-08 04:39:42,211] {scheduler_job.py:181} INFO - Started process (PID=2419) to work on /home/airflow/.local/lib/python3.8/site-packages/airflow/example_dags/example_short_circuit_operator.py
[2021-02-08 04:39:42,213] {scheduler_job.py:627} INFO - Processing file /home/airflow/.local/lib/python3.8/site-packages/airflow/example_dags/example_short_circuit_operator.py for tasks to queue
[2021-02-08 04:39:42,215] {logging_mixin.py:104} INFO - [2021-02-08 04:39:42,215] {dagbag.py:449} INFO - Filling up the DagBag from /home/airflow/.local/lib/python3.8/site-packages/airflow/example_dags/example_short_circuit_operator.py
[2021-02-08 04:39:42,230] {scheduler_job.py:637} INFO - DAG(s) dict_keys(['example_short_circuit_operator']) retrieved from /home/airflow/.local/lib/python3.8/site-packages/airflow/example_dags/example_short_circuit_operator.py
[2021-02-08 04:39:42,264] {logging_mixin.py:104} INFO - [2021-02-08 04:39:42,264] {dag.py:1818} INFO - Sync 1 DAGs
[2021-02-08 04:39:42,349] {logging_mixin.py:104} INFO - [2021-02-08 04:39:42,347] {dag.py:2273} INFO - Setting next_dagrun for example_short_circuit_operator to 2021-02-06 00:00:00+00:00
[2021-02-08 04:39:42,381] {scheduler_job.py:189} INFO - Processing /home/airflow/.local/lib/python3.8/site-packages/airflow/example_dags/example_short_circuit_operator.py took 0.175 seconds
[2021-02-08 04:40:13,648] {scheduler_job.py:181} INFO - Started process (PID=2446) to work on /home/airflow/.local/lib/python3.8/site-packages/airflow/example_dags/example_short_circuit_operator.py
[2021-02-08 04:40:13,652] {scheduler_job.py:627} INFO - Processing file /home/airflow/.local/lib/python3.8/site-packages/airflow/example_dags/example_short_circuit_operator.py for tasks to queue
[2021-02-08 04:40:13,655] {logging_mixin.py:104} INFO - [2021-02-08 04:40:13,655] {dagbag.py:449} INFO - Filling up the DagBag from /home/airflow/.local/lib/python3.8/site-packages/airflow/example_dags/example_short_circuit_operator.py
[2021-02-08 04:40:13,725] {scheduler_job.py:637} INFO - DAG(s) dict_keys(['example_short_circuit_operator']) retrieved from /home/airflow/.local/lib/python3.8/site-packages/airflow/example_dags/example_short_circuit_operator.py
[2021-02-08 04:40:13,833] {logging_mixin.py:104} INFO - [2021-02-08 04:40:13,832] {dag.py:1818} INFO - Sync 1 DAGs
[2021-02-08 04:40:13,867] {logging_mixin.py:104} INFO - [2021-02-08 04:40:13,867] {dag.py:2273} INFO - Setting next_dagrun for example_short_circuit_operator to 2021-02-06 00:00:00+00:00
[2021-02-08 04:40:13,883] {scheduler_job.py:189} INFO - Processing /home/airflow/.local/lib/python3.8/site-packages/airflow/example_dags/example_short_circuit_operator.py took 0.252 seconds
[2021-02-08 04:40:44,088] {scheduler_job.py:181} INFO - Started process (PID=2473) to work on /home/airflow/.local/lib/python3.8/site-packages/airflow/example_dags/example_short_circuit_operator.py
[2021-02-08 04:40:44,090] {scheduler_job.py:627} INFO - Processing file /home/airflow/.local/lib/python3.8/site-packages/airflow/example_dags/example_short_circuit_operator.py for tasks to queue
[2021-02-08 04:40:44,092] {logging_mixin.py:104} INFO - [2021-02-08 04:40:44,092] {dagbag.py:449} INFO - Filling up the DagBag from /home/airflow/.local/lib/python3.8/site-packages/airflow/example_dags/example_short_circuit_operator.py
[2021-02-08 04:40:44,106] {scheduler_job.py:637} INFO - DAG(s) dict_keys(['example_short_circuit_operator']) retrieved from /home/airflow/.local/lib/python3.8/site-packages/airflow/example_dags/example_short_circuit_operator.py
[2021-02-08 04:40:44,146] {logging_mixin.py:104} INFO - [2021-02-08 04:40:44,146] {dag.py:1818} INFO - Sync 1 DAGs
[2021-02-08 04:40:44,163] {logging_mixin.py:104} INFO - [2021-02-08 04:40:44,163] {dag.py:2273} INFO - Setting next_dagrun for example_short_circuit_operator to 2021-02-06 00:00:00+00:00
[2021-02-08 04:40:44,177] {scheduler_job.py:189} INFO - Processing /home/airflow/.local/lib/python3.8/site-packages/airflow/example_dags/example_short_circuit_operator.py took 0.094 seconds
[2021-02-08 04:41:15,241] {scheduler_job.py:181} INFO - Started process (PID=2501) to work on /home/airflow/.local/lib/python3.8/site-packages/airflow/example_dags/example_short_circuit_operator.py
[2021-02-08 04:41:15,244] {scheduler_job.py:627} INFO - Processing file /home/airflow/.local/lib/python3.8/site-packages/airflow/example_dags/example_short_circuit_operator.py for tasks to queue
[2021-02-08 04:41:15,245] {logging_mixin.py:104} INFO - [2021-02-08 04:41:15,245] {dagbag.py:449} INFO - Filling up the DagBag from /home/airflow/.local/lib/python3.8/site-packages/airflow/example_dags/example_short_circuit_operator.py
[2021-02-08 04:41:15,259] {scheduler_job.py:637} INFO - DAG(s) dict_keys(['example_short_circuit_operator']) retrieved from /home/airflow/.local/lib/python3.8/site-packages/airflow/example_dags/example_short_circuit_operator.py
[2021-02-08 04:41:15,286] {logging_mixin.py:104} INFO - [2021-02-08 04:41:15,286] {dag.py:1818} INFO - Sync 1 DAGs
[2021-02-08 04:41:15,304] {logging_mixin.py:104} INFO - [2021-02-08 04:41:15,304] {dag.py:2273} INFO - Setting next_dagrun for example_short_circuit_operator to 2021-02-06 00:00:00+00:00
[2021-02-08 04:41:15,315] {scheduler_job.py:189} INFO - Processing /home/airflow/.local/lib/python3.8/site-packages/airflow/example_dags/example_short_circuit_operator.py took 0.078 seconds
[2021-02-08 04:41:45,388] {scheduler_job.py:181} INFO - Started process (PID=2525) to work on /home/airflow/.local/lib/python3.8/site-packages/airflow/example_dags/example_short_circuit_operator.py
[2021-02-08 04:41:45,391] {scheduler_job.py:627} INFO - Processing file /home/airflow/.local/lib/python3.8/site-packages/airflow/example_dags/example_short_circuit_operator.py for tasks to queue
[2021-02-08 04:41:45,393] {logging_mixin.py:104} INFO - [2021-02-08 04:41:45,393] {dagbag.py:449} INFO - Filling up the DagBag from /home/airflow/.local/lib/python3.8/site-packages/airflow/example_dags/example_short_circuit_operator.py
[2021-02-08 04:41:45,406] {scheduler_job.py:637} INFO - DAG(s) dict_keys(['example_short_circuit_operator']) retrieved from /home/airflow/.local/lib/python3.8/site-packages/airflow/example_dags/example_short_circuit_operator.py
[2021-02-08 04:41:45,434] {logging_mixin.py:104} INFO - [2021-02-08 04:41:45,434] {dag.py:1818} INFO - Sync 1 DAGs
[2021-02-08 04:41:45,450] {logging_mixin.py:104} INFO - [2021-02-08 04:41:45,449] {dag.py:2273} INFO - Setting next_dagrun for example_short_circuit_operator to 2021-02-06 00:00:00+00:00
[2021-02-08 04:41:45,462] {scheduler_job.py:189} INFO - Processing /home/airflow/.local/lib/python3.8/site-packages/airflow/example_dags/example_short_circuit_operator.py took 0.079 seconds
[2021-02-08 04:42:16,447] {scheduler_job.py:181} INFO - Started process (PID=2553) to work on /home/airflow/.local/lib/python3.8/site-packages/airflow/example_dags/example_short_circuit_operator.py
[2021-02-08 04:42:16,449] {scheduler_job.py:627} INFO - Processing file /home/airflow/.local/lib/python3.8/site-packages/airflow/example_dags/example_short_circuit_operator.py for tasks to queue
[2021-02-08 04:42:16,452] {logging_mixin.py:104} INFO - [2021-02-08 04:42:16,451] {dagbag.py:449} INFO - Filling up the DagBag from /home/airflow/.local/lib/python3.8/site-packages/airflow/example_dags/example_short_circuit_operator.py
[2021-02-08 04:42:16,465] {scheduler_job.py:637} INFO - DAG(s) dict_keys(['example_short_circuit_operator']) retrieved from /home/airflow/.local/lib/python3.8/site-packages/airflow/example_dags/example_short_circuit_operator.py
[2021-02-08 04:42:16,508] {logging_mixin.py:104} INFO - [2021-02-08 04:42:16,508] {dag.py:1818} INFO - Sync 1 DAGs
[2021-02-08 04:42:16,535] {logging_mixin.py:104} INFO - [2021-02-08 04:42:16,535] {dag.py:2273} INFO - Setting next_dagrun for example_short_circuit_operator to 2021-02-06 00:00:00+00:00
[2021-02-08 04:42:16,557] {scheduler_job.py:189} INFO - Processing /home/airflow/.local/lib/python3.8/site-packages/airflow/example_dags/example_short_circuit_operator.py took 0.114 seconds
[2021-02-08 04:42:46,811] {scheduler_job.py:181} INFO - Started process (PID=2578) to work on /home/airflow/.local/lib/python3.8/site-packages/airflow/example_dags/example_short_circuit_operator.py
[2021-02-08 04:42:46,816] {scheduler_job.py:627} INFO - Processing file /home/airflow/.local/lib/python3.8/site-packages/airflow/example_dags/example_short_circuit_operator.py for tasks to queue
[2021-02-08 04:42:46,819] {logging_mixin.py:104} INFO - [2021-02-08 04:42:46,818] {dagbag.py:449} INFO - Filling up the DagBag from /home/airflow/.local/lib/python3.8/site-packages/airflow/example_dags/example_short_circuit_operator.py
[2021-02-08 04:42:46,844] {scheduler_job.py:637} INFO - DAG(s) dict_keys(['example_short_circuit_operator']) retrieved from /home/airflow/.local/lib/python3.8/site-packages/airflow/example_dags/example_short_circuit_operator.py
[2021-02-08 04:42:46,889] {logging_mixin.py:104} INFO - [2021-02-08 04:42:46,888] {dag.py:1818} INFO - Sync 1 DAGs
[2021-02-08 04:42:46,913] {logging_mixin.py:104} INFO - [2021-02-08 04:42:46,913] {dag.py:2273} INFO - Setting next_dagrun for example_short_circuit_operator to 2021-02-06 00:00:00+00:00
[2021-02-08 04:42:46,931] {scheduler_job.py:189} INFO - Processing /home/airflow/.local/lib/python3.8/site-packages/airflow/example_dags/example_short_circuit_operator.py took 0.126 seconds
[2021-02-08 04:43:17,301] {scheduler_job.py:181} INFO - Started process (PID=2605) to work on /home/airflow/.local/lib/python3.8/site-packages/airflow/example_dags/example_short_circuit_operator.py
[2021-02-08 04:43:17,306] {scheduler_job.py:627} INFO - Processing file /home/airflow/.local/lib/python3.8/site-packages/airflow/example_dags/example_short_circuit_operator.py for tasks to queue
[2021-02-08 04:43:17,309] {logging_mixin.py:104} INFO - [2021-02-08 04:43:17,308] {dagbag.py:449} INFO - Filling up the DagBag from /home/airflow/.local/lib/python3.8/site-packages/airflow/example_dags/example_short_circuit_operator.py
[2021-02-08 04:43:17,342] {scheduler_job.py:637} INFO - DAG(s) dict_keys(['example_short_circuit_operator']) retrieved from /home/airflow/.local/lib/python3.8/site-packages/airflow/example_dags/example_short_circuit_operator.py
[2021-02-08 04:43:17,413] {logging_mixin.py:104} INFO - [2021-02-08 04:43:17,412] {dag.py:1818} INFO - Sync 1 DAGs
[2021-02-08 04:43:17,449] {logging_mixin.py:104} INFO - [2021-02-08 04:43:17,448] {dag.py:2273} INFO - Setting next_dagrun for example_short_circuit_operator to 2021-02-06 00:00:00+00:00
[2021-02-08 04:43:17,474] {scheduler_job.py:189} INFO - Processing /home/airflow/.local/lib/python3.8/site-packages/airflow/example_dags/example_short_circuit_operator.py took 0.181 seconds
