[2021-02-08 01:26:30,516] {scheduler_job.py:181} INFO - Started process (PID=1628) to work on /home/airflow/.local/lib/python3.8/site-packages/airflow/example_dags/example_skip_dag.py
[2021-02-08 01:26:30,520] {scheduler_job.py:627} INFO - Processing file /home/airflow/.local/lib/python3.8/site-packages/airflow/example_dags/example_skip_dag.py for tasks to queue
[2021-02-08 01:26:30,524] {logging_mixin.py:104} INFO - [2021-02-08 01:26:30,523] {dagbag.py:449} INFO - Filling up the DagBag from /home/airflow/.local/lib/python3.8/site-packages/airflow/example_dags/example_skip_dag.py
[2021-02-08 01:26:30,551] {scheduler_job.py:637} INFO - DAG(s) dict_keys(['example_skip_dag']) retrieved from /home/airflow/.local/lib/python3.8/site-packages/airflow/example_dags/example_skip_dag.py
[2021-02-08 01:26:30,596] {logging_mixin.py:104} INFO - [2021-02-08 01:26:30,596] {dag.py:1818} INFO - Sync 1 DAGs
[2021-02-08 01:26:30,621] {logging_mixin.py:104} INFO - [2021-02-08 01:26:30,621] {dag.py:2273} INFO - Setting next_dagrun for example_skip_dag to 2021-02-06 00:00:00+00:00
[2021-02-08 01:26:30,641] {scheduler_job.py:189} INFO - Processing /home/airflow/.local/lib/python3.8/site-packages/airflow/example_dags/example_skip_dag.py took 0.137 seconds
[2021-02-08 03:26:48,676] {scheduler_job.py:181} INFO - Started process (PID=1654) to work on /home/airflow/.local/lib/python3.8/site-packages/airflow/example_dags/example_skip_dag.py
[2021-02-08 03:26:48,680] {scheduler_job.py:627} INFO - Processing file /home/airflow/.local/lib/python3.8/site-packages/airflow/example_dags/example_skip_dag.py for tasks to queue
[2021-02-08 03:26:48,693] {logging_mixin.py:104} INFO - [2021-02-08 03:26:48,683] {dagbag.py:449} INFO - Filling up the DagBag from /home/airflow/.local/lib/python3.8/site-packages/airflow/example_dags/example_skip_dag.py
[2021-02-08 03:26:48,713] {scheduler_job.py:637} INFO - DAG(s) dict_keys(['example_skip_dag']) retrieved from /home/airflow/.local/lib/python3.8/site-packages/airflow/example_dags/example_skip_dag.py
[2021-02-08 03:26:48,748] {logging_mixin.py:104} INFO - [2021-02-08 03:26:48,748] {dag.py:1818} INFO - Sync 1 DAGs
[2021-02-08 03:26:48,766] {logging_mixin.py:104} INFO - [2021-02-08 03:26:48,766] {dag.py:2273} INFO - Setting next_dagrun for example_skip_dag to 2021-02-06 00:00:00+00:00
[2021-02-08 03:26:48,783] {scheduler_job.py:189} INFO - Processing /home/airflow/.local/lib/python3.8/site-packages/airflow/example_dags/example_skip_dag.py took 0.113 seconds
[2021-02-08 04:25:24,120] {scheduler_job.py:181} INFO - Started process (PID=1680) to work on /home/airflow/.local/lib/python3.8/site-packages/airflow/example_dags/example_skip_dag.py
[2021-02-08 04:25:24,133] {scheduler_job.py:627} INFO - Processing file /home/airflow/.local/lib/python3.8/site-packages/airflow/example_dags/example_skip_dag.py for tasks to queue
[2021-02-08 04:25:24,147] {logging_mixin.py:104} INFO - [2021-02-08 04:25:24,147] {dagbag.py:449} INFO - Filling up the DagBag from /home/airflow/.local/lib/python3.8/site-packages/airflow/example_dags/example_skip_dag.py
[2021-02-08 04:25:24,209] {scheduler_job.py:637} INFO - DAG(s) dict_keys(['example_skip_dag']) retrieved from /home/airflow/.local/lib/python3.8/site-packages/airflow/example_dags/example_skip_dag.py
[2021-02-08 04:25:24,307] {logging_mixin.py:104} INFO - [2021-02-08 04:25:24,307] {dag.py:1818} INFO - Sync 1 DAGs
[2021-02-08 04:25:24,353] {logging_mixin.py:104} INFO - [2021-02-08 04:25:24,353] {dag.py:2273} INFO - Setting next_dagrun for example_skip_dag to 2021-02-06 00:00:00+00:00
[2021-02-08 04:25:24,386] {scheduler_job.py:189} INFO - Processing /home/airflow/.local/lib/python3.8/site-packages/airflow/example_dags/example_skip_dag.py took 0.290 seconds
[2021-02-08 04:25:55,254] {scheduler_job.py:181} INFO - Started process (PID=1706) to work on /home/airflow/.local/lib/python3.8/site-packages/airflow/example_dags/example_skip_dag.py
[2021-02-08 04:25:55,257] {scheduler_job.py:627} INFO - Processing file /home/airflow/.local/lib/python3.8/site-packages/airflow/example_dags/example_skip_dag.py for tasks to queue
[2021-02-08 04:25:55,259] {logging_mixin.py:104} INFO - [2021-02-08 04:25:55,259] {dagbag.py:449} INFO - Filling up the DagBag from /home/airflow/.local/lib/python3.8/site-packages/airflow/example_dags/example_skip_dag.py
[2021-02-08 04:25:55,273] {scheduler_job.py:637} INFO - DAG(s) dict_keys(['example_skip_dag']) retrieved from /home/airflow/.local/lib/python3.8/site-packages/airflow/example_dags/example_skip_dag.py
[2021-02-08 04:25:55,305] {logging_mixin.py:104} INFO - [2021-02-08 04:25:55,304] {dag.py:1818} INFO - Sync 1 DAGs
[2021-02-08 04:25:55,326] {logging_mixin.py:104} INFO - [2021-02-08 04:25:55,326] {dag.py:2273} INFO - Setting next_dagrun for example_skip_dag to 2021-02-06 00:00:00+00:00
[2021-02-08 04:25:55,343] {scheduler_job.py:189} INFO - Processing /home/airflow/.local/lib/python3.8/site-packages/airflow/example_dags/example_skip_dag.py took 0.096 seconds
[2021-02-08 04:26:25,579] {scheduler_job.py:181} INFO - Started process (PID=1733) to work on /home/airflow/.local/lib/python3.8/site-packages/airflow/example_dags/example_skip_dag.py
[2021-02-08 04:26:25,581] {scheduler_job.py:627} INFO - Processing file /home/airflow/.local/lib/python3.8/site-packages/airflow/example_dags/example_skip_dag.py for tasks to queue
[2021-02-08 04:26:25,583] {logging_mixin.py:104} INFO - [2021-02-08 04:26:25,583] {dagbag.py:449} INFO - Filling up the DagBag from /home/airflow/.local/lib/python3.8/site-packages/airflow/example_dags/example_skip_dag.py
[2021-02-08 04:26:25,598] {scheduler_job.py:637} INFO - DAG(s) dict_keys(['example_skip_dag']) retrieved from /home/airflow/.local/lib/python3.8/site-packages/airflow/example_dags/example_skip_dag.py
[2021-02-08 04:26:25,638] {logging_mixin.py:104} INFO - [2021-02-08 04:26:25,638] {dag.py:1818} INFO - Sync 1 DAGs
[2021-02-08 04:26:25,659] {logging_mixin.py:104} INFO - [2021-02-08 04:26:25,659] {dag.py:2273} INFO - Setting next_dagrun for example_skip_dag to 2021-02-06 00:00:00+00:00
[2021-02-08 04:26:25,672] {scheduler_job.py:189} INFO - Processing /home/airflow/.local/lib/python3.8/site-packages/airflow/example_dags/example_skip_dag.py took 0.098 seconds
[2021-02-08 04:26:56,460] {scheduler_job.py:181} INFO - Started process (PID=1761) to work on /home/airflow/.local/lib/python3.8/site-packages/airflow/example_dags/example_skip_dag.py
[2021-02-08 04:26:56,465] {scheduler_job.py:627} INFO - Processing file /home/airflow/.local/lib/python3.8/site-packages/airflow/example_dags/example_skip_dag.py for tasks to queue
[2021-02-08 04:26:56,471] {logging_mixin.py:104} INFO - [2021-02-08 04:26:56,471] {dagbag.py:449} INFO - Filling up the DagBag from /home/airflow/.local/lib/python3.8/site-packages/airflow/example_dags/example_skip_dag.py
[2021-02-08 04:26:56,493] {scheduler_job.py:637} INFO - DAG(s) dict_keys(['example_skip_dag']) retrieved from /home/airflow/.local/lib/python3.8/site-packages/airflow/example_dags/example_skip_dag.py
[2021-02-08 04:26:56,535] {logging_mixin.py:104} INFO - [2021-02-08 04:26:56,533] {dag.py:1818} INFO - Sync 1 DAGs
[2021-02-08 04:26:56,575] {logging_mixin.py:104} INFO - [2021-02-08 04:26:56,575] {dag.py:2273} INFO - Setting next_dagrun for example_skip_dag to 2021-02-06 00:00:00+00:00
[2021-02-08 04:26:56,590] {scheduler_job.py:189} INFO - Processing /home/airflow/.local/lib/python3.8/site-packages/airflow/example_dags/example_skip_dag.py took 0.135 seconds
[2021-02-08 04:27:27,147] {scheduler_job.py:181} INFO - Started process (PID=1787) to work on /home/airflow/.local/lib/python3.8/site-packages/airflow/example_dags/example_skip_dag.py
[2021-02-08 04:27:27,151] {scheduler_job.py:627} INFO - Processing file /home/airflow/.local/lib/python3.8/site-packages/airflow/example_dags/example_skip_dag.py for tasks to queue
[2021-02-08 04:27:27,154] {logging_mixin.py:104} INFO - [2021-02-08 04:27:27,154] {dagbag.py:449} INFO - Filling up the DagBag from /home/airflow/.local/lib/python3.8/site-packages/airflow/example_dags/example_skip_dag.py
[2021-02-08 04:27:27,171] {scheduler_job.py:637} INFO - DAG(s) dict_keys(['example_skip_dag']) retrieved from /home/airflow/.local/lib/python3.8/site-packages/airflow/example_dags/example_skip_dag.py
[2021-02-08 04:27:27,213] {logging_mixin.py:104} INFO - [2021-02-08 04:27:27,212] {dag.py:1818} INFO - Sync 1 DAGs
[2021-02-08 04:27:27,233] {logging_mixin.py:104} INFO - [2021-02-08 04:27:27,233] {dag.py:2273} INFO - Setting next_dagrun for example_skip_dag to 2021-02-06 00:00:00+00:00
[2021-02-08 04:27:27,245] {scheduler_job.py:189} INFO - Processing /home/airflow/.local/lib/python3.8/site-packages/airflow/example_dags/example_skip_dag.py took 0.110 seconds
[2021-02-08 04:27:57,783] {scheduler_job.py:181} INFO - Started process (PID=1813) to work on /home/airflow/.local/lib/python3.8/site-packages/airflow/example_dags/example_skip_dag.py
[2021-02-08 04:27:57,785] {scheduler_job.py:627} INFO - Processing file /home/airflow/.local/lib/python3.8/site-packages/airflow/example_dags/example_skip_dag.py for tasks to queue
[2021-02-08 04:27:57,787] {logging_mixin.py:104} INFO - [2021-02-08 04:27:57,787] {dagbag.py:449} INFO - Filling up the DagBag from /home/airflow/.local/lib/python3.8/site-packages/airflow/example_dags/example_skip_dag.py
[2021-02-08 04:27:57,806] {scheduler_job.py:637} INFO - DAG(s) dict_keys(['example_skip_dag']) retrieved from /home/airflow/.local/lib/python3.8/site-packages/airflow/example_dags/example_skip_dag.py
[2021-02-08 04:27:57,856] {logging_mixin.py:104} INFO - [2021-02-08 04:27:57,855] {dag.py:1818} INFO - Sync 1 DAGs
[2021-02-08 04:27:57,878] {logging_mixin.py:104} INFO - [2021-02-08 04:27:57,878] {dag.py:2273} INFO - Setting next_dagrun for example_skip_dag to 2021-02-06 00:00:00+00:00
[2021-02-08 04:27:57,898] {scheduler_job.py:189} INFO - Processing /home/airflow/.local/lib/python3.8/site-packages/airflow/example_dags/example_skip_dag.py took 0.122 seconds
[2021-02-08 04:28:28,183] {scheduler_job.py:181} INFO - Started process (PID=1839) to work on /home/airflow/.local/lib/python3.8/site-packages/airflow/example_dags/example_skip_dag.py
[2021-02-08 04:28:28,185] {scheduler_job.py:627} INFO - Processing file /home/airflow/.local/lib/python3.8/site-packages/airflow/example_dags/example_skip_dag.py for tasks to queue
[2021-02-08 04:28:28,187] {logging_mixin.py:104} INFO - [2021-02-08 04:28:28,187] {dagbag.py:449} INFO - Filling up the DagBag from /home/airflow/.local/lib/python3.8/site-packages/airflow/example_dags/example_skip_dag.py
[2021-02-08 04:28:28,200] {scheduler_job.py:637} INFO - DAG(s) dict_keys(['example_skip_dag']) retrieved from /home/airflow/.local/lib/python3.8/site-packages/airflow/example_dags/example_skip_dag.py
[2021-02-08 04:28:28,229] {logging_mixin.py:104} INFO - [2021-02-08 04:28:28,229] {dag.py:1818} INFO - Sync 1 DAGs
[2021-02-08 04:28:28,251] {logging_mixin.py:104} INFO - [2021-02-08 04:28:28,250] {dag.py:2273} INFO - Setting next_dagrun for example_skip_dag to 2021-02-06 00:00:00+00:00
[2021-02-08 04:28:28,262] {scheduler_job.py:189} INFO - Processing /home/airflow/.local/lib/python3.8/site-packages/airflow/example_dags/example_skip_dag.py took 0.084 seconds
[2021-02-08 04:28:58,693] {scheduler_job.py:181} INFO - Started process (PID=1865) to work on /home/airflow/.local/lib/python3.8/site-packages/airflow/example_dags/example_skip_dag.py
[2021-02-08 04:28:58,696] {scheduler_job.py:627} INFO - Processing file /home/airflow/.local/lib/python3.8/site-packages/airflow/example_dags/example_skip_dag.py for tasks to queue
[2021-02-08 04:28:58,698] {logging_mixin.py:104} INFO - [2021-02-08 04:28:58,698] {dagbag.py:449} INFO - Filling up the DagBag from /home/airflow/.local/lib/python3.8/site-packages/airflow/example_dags/example_skip_dag.py
[2021-02-08 04:28:58,711] {scheduler_job.py:637} INFO - DAG(s) dict_keys(['example_skip_dag']) retrieved from /home/airflow/.local/lib/python3.8/site-packages/airflow/example_dags/example_skip_dag.py
[2021-02-08 04:28:58,742] {logging_mixin.py:104} INFO - [2021-02-08 04:28:58,742] {dag.py:1818} INFO - Sync 1 DAGs
[2021-02-08 04:28:58,759] {logging_mixin.py:104} INFO - [2021-02-08 04:28:58,759] {dag.py:2273} INFO - Setting next_dagrun for example_skip_dag to 2021-02-06 00:00:00+00:00
[2021-02-08 04:28:58,773] {scheduler_job.py:189} INFO - Processing /home/airflow/.local/lib/python3.8/site-packages/airflow/example_dags/example_skip_dag.py took 0.085 seconds
[2021-02-08 04:29:29,301] {scheduler_job.py:181} INFO - Started process (PID=1891) to work on /home/airflow/.local/lib/python3.8/site-packages/airflow/example_dags/example_skip_dag.py
[2021-02-08 04:29:29,305] {scheduler_job.py:627} INFO - Processing file /home/airflow/.local/lib/python3.8/site-packages/airflow/example_dags/example_skip_dag.py for tasks to queue
[2021-02-08 04:29:29,307] {logging_mixin.py:104} INFO - [2021-02-08 04:29:29,307] {dagbag.py:449} INFO - Filling up the DagBag from /home/airflow/.local/lib/python3.8/site-packages/airflow/example_dags/example_skip_dag.py
[2021-02-08 04:29:29,324] {scheduler_job.py:637} INFO - DAG(s) dict_keys(['example_skip_dag']) retrieved from /home/airflow/.local/lib/python3.8/site-packages/airflow/example_dags/example_skip_dag.py
[2021-02-08 04:29:29,357] {logging_mixin.py:104} INFO - [2021-02-08 04:29:29,356] {dag.py:1818} INFO - Sync 1 DAGs
[2021-02-08 04:29:29,378] {logging_mixin.py:104} INFO - [2021-02-08 04:29:29,378] {dag.py:2273} INFO - Setting next_dagrun for example_skip_dag to 2021-02-06 00:00:00+00:00
[2021-02-08 04:29:29,390] {scheduler_job.py:189} INFO - Processing /home/airflow/.local/lib/python3.8/site-packages/airflow/example_dags/example_skip_dag.py took 0.093 seconds
[2021-02-08 04:30:00,092] {scheduler_job.py:181} INFO - Started process (PID=1917) to work on /home/airflow/.local/lib/python3.8/site-packages/airflow/example_dags/example_skip_dag.py
[2021-02-08 04:30:00,096] {scheduler_job.py:627} INFO - Processing file /home/airflow/.local/lib/python3.8/site-packages/airflow/example_dags/example_skip_dag.py for tasks to queue
[2021-02-08 04:30:00,099] {logging_mixin.py:104} INFO - [2021-02-08 04:30:00,099] {dagbag.py:449} INFO - Filling up the DagBag from /home/airflow/.local/lib/python3.8/site-packages/airflow/example_dags/example_skip_dag.py
[2021-02-08 04:30:00,124] {scheduler_job.py:637} INFO - DAG(s) dict_keys(['example_skip_dag']) retrieved from /home/airflow/.local/lib/python3.8/site-packages/airflow/example_dags/example_skip_dag.py
[2021-02-08 04:30:00,278] {logging_mixin.py:104} INFO - [2021-02-08 04:30:00,278] {dag.py:1818} INFO - Sync 1 DAGs
[2021-02-08 04:30:00,322] {logging_mixin.py:104} INFO - [2021-02-08 04:30:00,322] {dag.py:2273} INFO - Setting next_dagrun for example_skip_dag to 2021-02-06 00:00:00+00:00
[2021-02-08 04:30:00,345] {scheduler_job.py:189} INFO - Processing /home/airflow/.local/lib/python3.8/site-packages/airflow/example_dags/example_skip_dag.py took 0.260 seconds
[2021-02-08 04:30:30,903] {scheduler_job.py:181} INFO - Started process (PID=1943) to work on /home/airflow/.local/lib/python3.8/site-packages/airflow/example_dags/example_skip_dag.py
[2021-02-08 04:30:30,906] {scheduler_job.py:627} INFO - Processing file /home/airflow/.local/lib/python3.8/site-packages/airflow/example_dags/example_skip_dag.py for tasks to queue
[2021-02-08 04:30:30,908] {logging_mixin.py:104} INFO - [2021-02-08 04:30:30,908] {dagbag.py:449} INFO - Filling up the DagBag from /home/airflow/.local/lib/python3.8/site-packages/airflow/example_dags/example_skip_dag.py
[2021-02-08 04:30:30,923] {scheduler_job.py:637} INFO - DAG(s) dict_keys(['example_skip_dag']) retrieved from /home/airflow/.local/lib/python3.8/site-packages/airflow/example_dags/example_skip_dag.py
[2021-02-08 04:30:30,953] {logging_mixin.py:104} INFO - [2021-02-08 04:30:30,952] {dag.py:1818} INFO - Sync 1 DAGs
[2021-02-08 04:30:30,970] {logging_mixin.py:104} INFO - [2021-02-08 04:30:30,969] {dag.py:2273} INFO - Setting next_dagrun for example_skip_dag to 2021-02-06 00:00:00+00:00
[2021-02-08 04:30:30,988] {scheduler_job.py:189} INFO - Processing /home/airflow/.local/lib/python3.8/site-packages/airflow/example_dags/example_skip_dag.py took 0.090 seconds
[2021-02-08 04:31:01,647] {scheduler_job.py:181} INFO - Started process (PID=1969) to work on /home/airflow/.local/lib/python3.8/site-packages/airflow/example_dags/example_skip_dag.py
[2021-02-08 04:31:01,649] {scheduler_job.py:627} INFO - Processing file /home/airflow/.local/lib/python3.8/site-packages/airflow/example_dags/example_skip_dag.py for tasks to queue
[2021-02-08 04:31:01,651] {logging_mixin.py:104} INFO - [2021-02-08 04:31:01,651] {dagbag.py:449} INFO - Filling up the DagBag from /home/airflow/.local/lib/python3.8/site-packages/airflow/example_dags/example_skip_dag.py
[2021-02-08 04:31:01,662] {scheduler_job.py:637} INFO - DAG(s) dict_keys(['example_skip_dag']) retrieved from /home/airflow/.local/lib/python3.8/site-packages/airflow/example_dags/example_skip_dag.py
[2021-02-08 04:31:01,691] {logging_mixin.py:104} INFO - [2021-02-08 04:31:01,691] {dag.py:1818} INFO - Sync 1 DAGs
[2021-02-08 04:31:01,710] {logging_mixin.py:104} INFO - [2021-02-08 04:31:01,710] {dag.py:2273} INFO - Setting next_dagrun for example_skip_dag to 2021-02-06 00:00:00+00:00
[2021-02-08 04:31:01,722] {scheduler_job.py:189} INFO - Processing /home/airflow/.local/lib/python3.8/site-packages/airflow/example_dags/example_skip_dag.py took 0.080 seconds
[2021-02-08 04:31:32,150] {scheduler_job.py:181} INFO - Started process (PID=1995) to work on /home/airflow/.local/lib/python3.8/site-packages/airflow/example_dags/example_skip_dag.py
[2021-02-08 04:31:32,152] {scheduler_job.py:627} INFO - Processing file /home/airflow/.local/lib/python3.8/site-packages/airflow/example_dags/example_skip_dag.py for tasks to queue
[2021-02-08 04:31:32,154] {logging_mixin.py:104} INFO - [2021-02-08 04:31:32,154] {dagbag.py:449} INFO - Filling up the DagBag from /home/airflow/.local/lib/python3.8/site-packages/airflow/example_dags/example_skip_dag.py
[2021-02-08 04:31:32,165] {scheduler_job.py:637} INFO - DAG(s) dict_keys(['example_skip_dag']) retrieved from /home/airflow/.local/lib/python3.8/site-packages/airflow/example_dags/example_skip_dag.py
[2021-02-08 04:31:32,200] {logging_mixin.py:104} INFO - [2021-02-08 04:31:32,200] {dag.py:1818} INFO - Sync 1 DAGs
[2021-02-08 04:31:32,216] {logging_mixin.py:104} INFO - [2021-02-08 04:31:32,216] {dag.py:2273} INFO - Setting next_dagrun for example_skip_dag to 2021-02-06 00:00:00+00:00
[2021-02-08 04:31:32,228] {scheduler_job.py:189} INFO - Processing /home/airflow/.local/lib/python3.8/site-packages/airflow/example_dags/example_skip_dag.py took 0.082 seconds
[2021-02-08 04:32:02,644] {scheduler_job.py:181} INFO - Started process (PID=2021) to work on /home/airflow/.local/lib/python3.8/site-packages/airflow/example_dags/example_skip_dag.py
[2021-02-08 04:32:02,646] {scheduler_job.py:627} INFO - Processing file /home/airflow/.local/lib/python3.8/site-packages/airflow/example_dags/example_skip_dag.py for tasks to queue
[2021-02-08 04:32:02,648] {logging_mixin.py:104} INFO - [2021-02-08 04:32:02,647] {dagbag.py:449} INFO - Filling up the DagBag from /home/airflow/.local/lib/python3.8/site-packages/airflow/example_dags/example_skip_dag.py
[2021-02-08 04:32:02,663] {scheduler_job.py:637} INFO - DAG(s) dict_keys(['example_skip_dag']) retrieved from /home/airflow/.local/lib/python3.8/site-packages/airflow/example_dags/example_skip_dag.py
[2021-02-08 04:32:02,693] {logging_mixin.py:104} INFO - [2021-02-08 04:32:02,693] {dag.py:1818} INFO - Sync 1 DAGs
[2021-02-08 04:32:02,710] {logging_mixin.py:104} INFO - [2021-02-08 04:32:02,710] {dag.py:2273} INFO - Setting next_dagrun for example_skip_dag to 2021-02-06 00:00:00+00:00
[2021-02-08 04:32:02,725] {scheduler_job.py:189} INFO - Processing /home/airflow/.local/lib/python3.8/site-packages/airflow/example_dags/example_skip_dag.py took 0.086 seconds
[2021-02-08 04:32:33,214] {scheduler_job.py:181} INFO - Started process (PID=2047) to work on /home/airflow/.local/lib/python3.8/site-packages/airflow/example_dags/example_skip_dag.py
[2021-02-08 04:32:33,216] {scheduler_job.py:627} INFO - Processing file /home/airflow/.local/lib/python3.8/site-packages/airflow/example_dags/example_skip_dag.py for tasks to queue
[2021-02-08 04:32:33,218] {logging_mixin.py:104} INFO - [2021-02-08 04:32:33,218] {dagbag.py:449} INFO - Filling up the DagBag from /home/airflow/.local/lib/python3.8/site-packages/airflow/example_dags/example_skip_dag.py
[2021-02-08 04:32:33,230] {scheduler_job.py:637} INFO - DAG(s) dict_keys(['example_skip_dag']) retrieved from /home/airflow/.local/lib/python3.8/site-packages/airflow/example_dags/example_skip_dag.py
[2021-02-08 04:32:33,276] {logging_mixin.py:104} INFO - [2021-02-08 04:32:33,276] {dag.py:1818} INFO - Sync 1 DAGs
[2021-02-08 04:32:33,294] {logging_mixin.py:104} INFO - [2021-02-08 04:32:33,294] {dag.py:2273} INFO - Setting next_dagrun for example_skip_dag to 2021-02-06 00:00:00+00:00
[2021-02-08 04:32:33,308] {scheduler_job.py:189} INFO - Processing /home/airflow/.local/lib/python3.8/site-packages/airflow/example_dags/example_skip_dag.py took 0.098 seconds
[2021-02-08 04:33:03,479] {scheduler_job.py:181} INFO - Started process (PID=2073) to work on /home/airflow/.local/lib/python3.8/site-packages/airflow/example_dags/example_skip_dag.py
[2021-02-08 04:33:03,481] {scheduler_job.py:627} INFO - Processing file /home/airflow/.local/lib/python3.8/site-packages/airflow/example_dags/example_skip_dag.py for tasks to queue
[2021-02-08 04:33:03,483] {logging_mixin.py:104} INFO - [2021-02-08 04:33:03,482] {dagbag.py:449} INFO - Filling up the DagBag from /home/airflow/.local/lib/python3.8/site-packages/airflow/example_dags/example_skip_dag.py
[2021-02-08 04:33:03,493] {scheduler_job.py:637} INFO - DAG(s) dict_keys(['example_skip_dag']) retrieved from /home/airflow/.local/lib/python3.8/site-packages/airflow/example_dags/example_skip_dag.py
[2021-02-08 04:33:03,521] {logging_mixin.py:104} INFO - [2021-02-08 04:33:03,521] {dag.py:1818} INFO - Sync 1 DAGs
[2021-02-08 04:33:03,534] {logging_mixin.py:104} INFO - [2021-02-08 04:33:03,534] {dag.py:2273} INFO - Setting next_dagrun for example_skip_dag to 2021-02-06 00:00:00+00:00
[2021-02-08 04:33:03,545] {scheduler_job.py:189} INFO - Processing /home/airflow/.local/lib/python3.8/site-packages/airflow/example_dags/example_skip_dag.py took 0.070 seconds
[2021-02-08 04:33:34,140] {scheduler_job.py:181} INFO - Started process (PID=2099) to work on /home/airflow/.local/lib/python3.8/site-packages/airflow/example_dags/example_skip_dag.py
[2021-02-08 04:33:34,143] {scheduler_job.py:627} INFO - Processing file /home/airflow/.local/lib/python3.8/site-packages/airflow/example_dags/example_skip_dag.py for tasks to queue
[2021-02-08 04:33:34,145] {logging_mixin.py:104} INFO - [2021-02-08 04:33:34,145] {dagbag.py:449} INFO - Filling up the DagBag from /home/airflow/.local/lib/python3.8/site-packages/airflow/example_dags/example_skip_dag.py
[2021-02-08 04:33:34,161] {scheduler_job.py:637} INFO - DAG(s) dict_keys(['example_skip_dag']) retrieved from /home/airflow/.local/lib/python3.8/site-packages/airflow/example_dags/example_skip_dag.py
[2021-02-08 04:33:34,210] {logging_mixin.py:104} INFO - [2021-02-08 04:33:34,210] {dag.py:1818} INFO - Sync 1 DAGs
[2021-02-08 04:33:34,243] {logging_mixin.py:104} INFO - [2021-02-08 04:33:34,243] {dag.py:2273} INFO - Setting next_dagrun for example_skip_dag to 2021-02-06 00:00:00+00:00
[2021-02-08 04:33:34,265] {scheduler_job.py:189} INFO - Processing /home/airflow/.local/lib/python3.8/site-packages/airflow/example_dags/example_skip_dag.py took 0.129 seconds
[2021-02-08 04:34:04,599] {scheduler_job.py:181} INFO - Started process (PID=2124) to work on /home/airflow/.local/lib/python3.8/site-packages/airflow/example_dags/example_skip_dag.py
[2021-02-08 04:34:04,605] {scheduler_job.py:627} INFO - Processing file /home/airflow/.local/lib/python3.8/site-packages/airflow/example_dags/example_skip_dag.py for tasks to queue
[2021-02-08 04:34:04,609] {logging_mixin.py:104} INFO - [2021-02-08 04:34:04,609] {dagbag.py:449} INFO - Filling up the DagBag from /home/airflow/.local/lib/python3.8/site-packages/airflow/example_dags/example_skip_dag.py
[2021-02-08 04:34:04,632] {scheduler_job.py:637} INFO - DAG(s) dict_keys(['example_skip_dag']) retrieved from /home/airflow/.local/lib/python3.8/site-packages/airflow/example_dags/example_skip_dag.py
[2021-02-08 04:34:04,669] {logging_mixin.py:104} INFO - [2021-02-08 04:34:04,669] {dag.py:1818} INFO - Sync 1 DAGs
[2021-02-08 04:34:04,690] {logging_mixin.py:104} INFO - [2021-02-08 04:34:04,690] {dag.py:2273} INFO - Setting next_dagrun for example_skip_dag to 2021-02-06 00:00:00+00:00
[2021-02-08 04:34:04,703] {scheduler_job.py:189} INFO - Processing /home/airflow/.local/lib/python3.8/site-packages/airflow/example_dags/example_skip_dag.py took 0.135 seconds
[2021-02-08 04:34:35,543] {scheduler_job.py:181} INFO - Started process (PID=2151) to work on /home/airflow/.local/lib/python3.8/site-packages/airflow/example_dags/example_skip_dag.py
[2021-02-08 04:34:35,545] {scheduler_job.py:627} INFO - Processing file /home/airflow/.local/lib/python3.8/site-packages/airflow/example_dags/example_skip_dag.py for tasks to queue
[2021-02-08 04:34:35,547] {logging_mixin.py:104} INFO - [2021-02-08 04:34:35,546] {dagbag.py:449} INFO - Filling up the DagBag from /home/airflow/.local/lib/python3.8/site-packages/airflow/example_dags/example_skip_dag.py
[2021-02-08 04:34:35,560] {scheduler_job.py:637} INFO - DAG(s) dict_keys(['example_skip_dag']) retrieved from /home/airflow/.local/lib/python3.8/site-packages/airflow/example_dags/example_skip_dag.py
[2021-02-08 04:34:35,589] {logging_mixin.py:104} INFO - [2021-02-08 04:34:35,589] {dag.py:1818} INFO - Sync 1 DAGs
[2021-02-08 04:34:35,606] {logging_mixin.py:104} INFO - [2021-02-08 04:34:35,606] {dag.py:2273} INFO - Setting next_dagrun for example_skip_dag to 2021-02-06 00:00:00+00:00
[2021-02-08 04:34:35,622] {scheduler_job.py:189} INFO - Processing /home/airflow/.local/lib/python3.8/site-packages/airflow/example_dags/example_skip_dag.py took 0.085 seconds
[2021-02-08 04:35:05,966] {scheduler_job.py:181} INFO - Started process (PID=2177) to work on /home/airflow/.local/lib/python3.8/site-packages/airflow/example_dags/example_skip_dag.py
[2021-02-08 04:35:05,975] {scheduler_job.py:627} INFO - Processing file /home/airflow/.local/lib/python3.8/site-packages/airflow/example_dags/example_skip_dag.py for tasks to queue
[2021-02-08 04:35:05,985] {logging_mixin.py:104} INFO - [2021-02-08 04:35:05,983] {dagbag.py:449} INFO - Filling up the DagBag from /home/airflow/.local/lib/python3.8/site-packages/airflow/example_dags/example_skip_dag.py
[2021-02-08 04:35:06,028] {scheduler_job.py:637} INFO - DAG(s) dict_keys(['example_skip_dag']) retrieved from /home/airflow/.local/lib/python3.8/site-packages/airflow/example_dags/example_skip_dag.py
[2021-02-08 04:35:06,175] {logging_mixin.py:104} INFO - [2021-02-08 04:35:06,175] {dag.py:1818} INFO - Sync 1 DAGs
[2021-02-08 04:35:06,206] {logging_mixin.py:104} INFO - [2021-02-08 04:35:06,206] {dag.py:2273} INFO - Setting next_dagrun for example_skip_dag to 2021-02-06 00:00:00+00:00
[2021-02-08 04:35:06,225] {scheduler_job.py:189} INFO - Processing /home/airflow/.local/lib/python3.8/site-packages/airflow/example_dags/example_skip_dag.py took 0.276 seconds
[2021-02-08 04:35:36,379] {scheduler_job.py:181} INFO - Started process (PID=2203) to work on /home/airflow/.local/lib/python3.8/site-packages/airflow/example_dags/example_skip_dag.py
[2021-02-08 04:35:36,383] {scheduler_job.py:627} INFO - Processing file /home/airflow/.local/lib/python3.8/site-packages/airflow/example_dags/example_skip_dag.py for tasks to queue
[2021-02-08 04:35:36,385] {logging_mixin.py:104} INFO - [2021-02-08 04:35:36,385] {dagbag.py:449} INFO - Filling up the DagBag from /home/airflow/.local/lib/python3.8/site-packages/airflow/example_dags/example_skip_dag.py
[2021-02-08 04:35:36,399] {scheduler_job.py:637} INFO - DAG(s) dict_keys(['example_skip_dag']) retrieved from /home/airflow/.local/lib/python3.8/site-packages/airflow/example_dags/example_skip_dag.py
[2021-02-08 04:35:36,437] {logging_mixin.py:104} INFO - [2021-02-08 04:35:36,437] {dag.py:1818} INFO - Sync 1 DAGs
[2021-02-08 04:35:36,457] {logging_mixin.py:104} INFO - [2021-02-08 04:35:36,457] {dag.py:2273} INFO - Setting next_dagrun for example_skip_dag to 2021-02-06 00:00:00+00:00
[2021-02-08 04:35:36,472] {scheduler_job.py:189} INFO - Processing /home/airflow/.local/lib/python3.8/site-packages/airflow/example_dags/example_skip_dag.py took 0.099 seconds
[2021-02-08 04:36:06,688] {scheduler_job.py:181} INFO - Started process (PID=2230) to work on /home/airflow/.local/lib/python3.8/site-packages/airflow/example_dags/example_skip_dag.py
[2021-02-08 04:36:06,691] {scheduler_job.py:627} INFO - Processing file /home/airflow/.local/lib/python3.8/site-packages/airflow/example_dags/example_skip_dag.py for tasks to queue
[2021-02-08 04:36:06,692] {logging_mixin.py:104} INFO - [2021-02-08 04:36:06,692] {dagbag.py:449} INFO - Filling up the DagBag from /home/airflow/.local/lib/python3.8/site-packages/airflow/example_dags/example_skip_dag.py
[2021-02-08 04:36:06,704] {scheduler_job.py:637} INFO - DAG(s) dict_keys(['example_skip_dag']) retrieved from /home/airflow/.local/lib/python3.8/site-packages/airflow/example_dags/example_skip_dag.py
[2021-02-08 04:36:06,734] {logging_mixin.py:104} INFO - [2021-02-08 04:36:06,733] {dag.py:1818} INFO - Sync 1 DAGs
[2021-02-08 04:36:06,750] {logging_mixin.py:104} INFO - [2021-02-08 04:36:06,750] {dag.py:2273} INFO - Setting next_dagrun for example_skip_dag to 2021-02-06 00:00:00+00:00
[2021-02-08 04:36:06,765] {scheduler_job.py:189} INFO - Processing /home/airflow/.local/lib/python3.8/site-packages/airflow/example_dags/example_skip_dag.py took 0.082 seconds
[2021-02-08 04:36:37,254] {scheduler_job.py:181} INFO - Started process (PID=2254) to work on /home/airflow/.local/lib/python3.8/site-packages/airflow/example_dags/example_skip_dag.py
[2021-02-08 04:36:37,257] {scheduler_job.py:627} INFO - Processing file /home/airflow/.local/lib/python3.8/site-packages/airflow/example_dags/example_skip_dag.py for tasks to queue
[2021-02-08 04:36:37,259] {logging_mixin.py:104} INFO - [2021-02-08 04:36:37,259] {dagbag.py:449} INFO - Filling up the DagBag from /home/airflow/.local/lib/python3.8/site-packages/airflow/example_dags/example_skip_dag.py
[2021-02-08 04:36:37,276] {scheduler_job.py:637} INFO - DAG(s) dict_keys(['example_skip_dag']) retrieved from /home/airflow/.local/lib/python3.8/site-packages/airflow/example_dags/example_skip_dag.py
[2021-02-08 04:36:37,311] {logging_mixin.py:104} INFO - [2021-02-08 04:36:37,311] {dag.py:1818} INFO - Sync 1 DAGs
[2021-02-08 04:36:37,330] {logging_mixin.py:104} INFO - [2021-02-08 04:36:37,330] {dag.py:2273} INFO - Setting next_dagrun for example_skip_dag to 2021-02-06 00:00:00+00:00
[2021-02-08 04:36:37,345] {scheduler_job.py:189} INFO - Processing /home/airflow/.local/lib/python3.8/site-packages/airflow/example_dags/example_skip_dag.py took 0.095 seconds
[2021-02-08 04:37:07,703] {scheduler_job.py:181} INFO - Started process (PID=2281) to work on /home/airflow/.local/lib/python3.8/site-packages/airflow/example_dags/example_skip_dag.py
[2021-02-08 04:37:07,706] {scheduler_job.py:627} INFO - Processing file /home/airflow/.local/lib/python3.8/site-packages/airflow/example_dags/example_skip_dag.py for tasks to queue
[2021-02-08 04:37:07,709] {logging_mixin.py:104} INFO - [2021-02-08 04:37:07,708] {dagbag.py:449} INFO - Filling up the DagBag from /home/airflow/.local/lib/python3.8/site-packages/airflow/example_dags/example_skip_dag.py
[2021-02-08 04:37:07,726] {scheduler_job.py:637} INFO - DAG(s) dict_keys(['example_skip_dag']) retrieved from /home/airflow/.local/lib/python3.8/site-packages/airflow/example_dags/example_skip_dag.py
[2021-02-08 04:37:07,760] {logging_mixin.py:104} INFO - [2021-02-08 04:37:07,760] {dag.py:1818} INFO - Sync 1 DAGs
[2021-02-08 04:37:07,776] {logging_mixin.py:104} INFO - [2021-02-08 04:37:07,776] {dag.py:2273} INFO - Setting next_dagrun for example_skip_dag to 2021-02-06 00:00:00+00:00
[2021-02-08 04:37:07,790] {scheduler_job.py:189} INFO - Processing /home/airflow/.local/lib/python3.8/site-packages/airflow/example_dags/example_skip_dag.py took 0.093 seconds
[2021-02-08 04:37:38,608] {scheduler_job.py:181} INFO - Started process (PID=2306) to work on /home/airflow/.local/lib/python3.8/site-packages/airflow/example_dags/example_skip_dag.py
[2021-02-08 04:37:38,614] {scheduler_job.py:627} INFO - Processing file /home/airflow/.local/lib/python3.8/site-packages/airflow/example_dags/example_skip_dag.py for tasks to queue
[2021-02-08 04:37:38,617] {logging_mixin.py:104} INFO - [2021-02-08 04:37:38,617] {dagbag.py:449} INFO - Filling up the DagBag from /home/airflow/.local/lib/python3.8/site-packages/airflow/example_dags/example_skip_dag.py
[2021-02-08 04:37:38,634] {scheduler_job.py:637} INFO - DAG(s) dict_keys(['example_skip_dag']) retrieved from /home/airflow/.local/lib/python3.8/site-packages/airflow/example_dags/example_skip_dag.py
[2021-02-08 04:37:38,666] {logging_mixin.py:104} INFO - [2021-02-08 04:37:38,666] {dag.py:1818} INFO - Sync 1 DAGs
[2021-02-08 04:37:38,682] {logging_mixin.py:104} INFO - [2021-02-08 04:37:38,682] {dag.py:2273} INFO - Setting next_dagrun for example_skip_dag to 2021-02-06 00:00:00+00:00
[2021-02-08 04:37:38,700] {scheduler_job.py:189} INFO - Processing /home/airflow/.local/lib/python3.8/site-packages/airflow/example_dags/example_skip_dag.py took 0.099 seconds
[2021-02-08 04:38:08,850] {scheduler_job.py:181} INFO - Started process (PID=2332) to work on /home/airflow/.local/lib/python3.8/site-packages/airflow/example_dags/example_skip_dag.py
[2021-02-08 04:38:08,852] {scheduler_job.py:627} INFO - Processing file /home/airflow/.local/lib/python3.8/site-packages/airflow/example_dags/example_skip_dag.py for tasks to queue
[2021-02-08 04:38:08,854] {logging_mixin.py:104} INFO - [2021-02-08 04:38:08,854] {dagbag.py:449} INFO - Filling up the DagBag from /home/airflow/.local/lib/python3.8/site-packages/airflow/example_dags/example_skip_dag.py
[2021-02-08 04:38:08,865] {scheduler_job.py:637} INFO - DAG(s) dict_keys(['example_skip_dag']) retrieved from /home/airflow/.local/lib/python3.8/site-packages/airflow/example_dags/example_skip_dag.py
[2021-02-08 04:38:08,892] {logging_mixin.py:104} INFO - [2021-02-08 04:38:08,892] {dag.py:1818} INFO - Sync 1 DAGs
[2021-02-08 04:38:08,908] {logging_mixin.py:104} INFO - [2021-02-08 04:38:08,908] {dag.py:2273} INFO - Setting next_dagrun for example_skip_dag to 2021-02-06 00:00:00+00:00
[2021-02-08 04:38:08,926] {scheduler_job.py:189} INFO - Processing /home/airflow/.local/lib/python3.8/site-packages/airflow/example_dags/example_skip_dag.py took 0.081 seconds
[2021-02-08 04:38:39,192] {scheduler_job.py:181} INFO - Started process (PID=2358) to work on /home/airflow/.local/lib/python3.8/site-packages/airflow/example_dags/example_skip_dag.py
[2021-02-08 04:38:39,195] {scheduler_job.py:627} INFO - Processing file /home/airflow/.local/lib/python3.8/site-packages/airflow/example_dags/example_skip_dag.py for tasks to queue
[2021-02-08 04:38:39,197] {logging_mixin.py:104} INFO - [2021-02-08 04:38:39,197] {dagbag.py:449} INFO - Filling up the DagBag from /home/airflow/.local/lib/python3.8/site-packages/airflow/example_dags/example_skip_dag.py
[2021-02-08 04:38:39,210] {scheduler_job.py:637} INFO - DAG(s) dict_keys(['example_skip_dag']) retrieved from /home/airflow/.local/lib/python3.8/site-packages/airflow/example_dags/example_skip_dag.py
[2021-02-08 04:38:39,242] {logging_mixin.py:104} INFO - [2021-02-08 04:38:39,242] {dag.py:1818} INFO - Sync 1 DAGs
[2021-02-08 04:38:39,287] {logging_mixin.py:104} INFO - [2021-02-08 04:38:39,287] {dag.py:2273} INFO - Setting next_dagrun for example_skip_dag to 2021-02-06 00:00:00+00:00
[2021-02-08 04:38:39,316] {scheduler_job.py:189} INFO - Processing /home/airflow/.local/lib/python3.8/site-packages/airflow/example_dags/example_skip_dag.py took 0.129 seconds
[2021-02-08 04:39:10,347] {scheduler_job.py:181} INFO - Started process (PID=2386) to work on /home/airflow/.local/lib/python3.8/site-packages/airflow/example_dags/example_skip_dag.py
[2021-02-08 04:39:10,353] {scheduler_job.py:627} INFO - Processing file /home/airflow/.local/lib/python3.8/site-packages/airflow/example_dags/example_skip_dag.py for tasks to queue
[2021-02-08 04:39:10,356] {logging_mixin.py:104} INFO - [2021-02-08 04:39:10,356] {dagbag.py:449} INFO - Filling up the DagBag from /home/airflow/.local/lib/python3.8/site-packages/airflow/example_dags/example_skip_dag.py
[2021-02-08 04:39:10,372] {scheduler_job.py:637} INFO - DAG(s) dict_keys(['example_skip_dag']) retrieved from /home/airflow/.local/lib/python3.8/site-packages/airflow/example_dags/example_skip_dag.py
[2021-02-08 04:39:10,411] {logging_mixin.py:104} INFO - [2021-02-08 04:39:10,411] {dag.py:1818} INFO - Sync 1 DAGs
[2021-02-08 04:39:10,437] {logging_mixin.py:104} INFO - [2021-02-08 04:39:10,437] {dag.py:2273} INFO - Setting next_dagrun for example_skip_dag to 2021-02-06 00:00:00+00:00
[2021-02-08 04:39:10,457] {scheduler_job.py:189} INFO - Processing /home/airflow/.local/lib/python3.8/site-packages/airflow/example_dags/example_skip_dag.py took 0.117 seconds
[2021-02-08 04:39:40,626] {scheduler_job.py:181} INFO - Started process (PID=2411) to work on /home/airflow/.local/lib/python3.8/site-packages/airflow/example_dags/example_skip_dag.py
[2021-02-08 04:39:40,628] {scheduler_job.py:627} INFO - Processing file /home/airflow/.local/lib/python3.8/site-packages/airflow/example_dags/example_skip_dag.py for tasks to queue
[2021-02-08 04:39:40,630] {logging_mixin.py:104} INFO - [2021-02-08 04:39:40,630] {dagbag.py:449} INFO - Filling up the DagBag from /home/airflow/.local/lib/python3.8/site-packages/airflow/example_dags/example_skip_dag.py
[2021-02-08 04:39:40,643] {scheduler_job.py:637} INFO - DAG(s) dict_keys(['example_skip_dag']) retrieved from /home/airflow/.local/lib/python3.8/site-packages/airflow/example_dags/example_skip_dag.py
[2021-02-08 04:39:40,680] {logging_mixin.py:104} INFO - [2021-02-08 04:39:40,679] {dag.py:1818} INFO - Sync 1 DAGs
[2021-02-08 04:39:40,696] {logging_mixin.py:104} INFO - [2021-02-08 04:39:40,696] {dag.py:2273} INFO - Setting next_dagrun for example_skip_dag to 2021-02-06 00:00:00+00:00
[2021-02-08 04:39:40,711] {scheduler_job.py:189} INFO - Processing /home/airflow/.local/lib/python3.8/site-packages/airflow/example_dags/example_skip_dag.py took 0.089 seconds
[2021-02-08 04:40:11,726] {scheduler_job.py:181} INFO - Started process (PID=2438) to work on /home/airflow/.local/lib/python3.8/site-packages/airflow/example_dags/example_skip_dag.py
[2021-02-08 04:40:11,729] {scheduler_job.py:627} INFO - Processing file /home/airflow/.local/lib/python3.8/site-packages/airflow/example_dags/example_skip_dag.py for tasks to queue
[2021-02-08 04:40:11,730] {logging_mixin.py:104} INFO - [2021-02-08 04:40:11,730] {dagbag.py:449} INFO - Filling up the DagBag from /home/airflow/.local/lib/python3.8/site-packages/airflow/example_dags/example_skip_dag.py
[2021-02-08 04:40:11,743] {scheduler_job.py:637} INFO - DAG(s) dict_keys(['example_skip_dag']) retrieved from /home/airflow/.local/lib/python3.8/site-packages/airflow/example_dags/example_skip_dag.py
[2021-02-08 04:40:11,776] {logging_mixin.py:104} INFO - [2021-02-08 04:40:11,776] {dag.py:1818} INFO - Sync 1 DAGs
[2021-02-08 04:40:11,805] {logging_mixin.py:104} INFO - [2021-02-08 04:40:11,805] {dag.py:2273} INFO - Setting next_dagrun for example_skip_dag to 2021-02-06 00:00:00+00:00
[2021-02-08 04:40:11,825] {scheduler_job.py:189} INFO - Processing /home/airflow/.local/lib/python3.8/site-packages/airflow/example_dags/example_skip_dag.py took 0.103 seconds
[2021-02-08 04:40:42,199] {scheduler_job.py:181} INFO - Started process (PID=2463) to work on /home/airflow/.local/lib/python3.8/site-packages/airflow/example_dags/example_skip_dag.py
[2021-02-08 04:40:42,202] {scheduler_job.py:627} INFO - Processing file /home/airflow/.local/lib/python3.8/site-packages/airflow/example_dags/example_skip_dag.py for tasks to queue
[2021-02-08 04:40:42,203] {logging_mixin.py:104} INFO - [2021-02-08 04:40:42,203] {dagbag.py:449} INFO - Filling up the DagBag from /home/airflow/.local/lib/python3.8/site-packages/airflow/example_dags/example_skip_dag.py
[2021-02-08 04:40:42,215] {scheduler_job.py:637} INFO - DAG(s) dict_keys(['example_skip_dag']) retrieved from /home/airflow/.local/lib/python3.8/site-packages/airflow/example_dags/example_skip_dag.py
[2021-02-08 04:40:42,245] {logging_mixin.py:104} INFO - [2021-02-08 04:40:42,245] {dag.py:1818} INFO - Sync 1 DAGs
[2021-02-08 04:40:42,260] {logging_mixin.py:104} INFO - [2021-02-08 04:40:42,260] {dag.py:2273} INFO - Setting next_dagrun for example_skip_dag to 2021-02-06 00:00:00+00:00
[2021-02-08 04:40:42,274] {scheduler_job.py:189} INFO - Processing /home/airflow/.local/lib/python3.8/site-packages/airflow/example_dags/example_skip_dag.py took 0.078 seconds
[2021-02-08 04:41:12,471] {scheduler_job.py:181} INFO - Started process (PID=2489) to work on /home/airflow/.local/lib/python3.8/site-packages/airflow/example_dags/example_skip_dag.py
[2021-02-08 04:41:12,473] {scheduler_job.py:627} INFO - Processing file /home/airflow/.local/lib/python3.8/site-packages/airflow/example_dags/example_skip_dag.py for tasks to queue
[2021-02-08 04:41:12,475] {logging_mixin.py:104} INFO - [2021-02-08 04:41:12,474] {dagbag.py:449} INFO - Filling up the DagBag from /home/airflow/.local/lib/python3.8/site-packages/airflow/example_dags/example_skip_dag.py
[2021-02-08 04:41:12,489] {scheduler_job.py:637} INFO - DAG(s) dict_keys(['example_skip_dag']) retrieved from /home/airflow/.local/lib/python3.8/site-packages/airflow/example_dags/example_skip_dag.py
[2021-02-08 04:41:12,520] {logging_mixin.py:104} INFO - [2021-02-08 04:41:12,520] {dag.py:1818} INFO - Sync 1 DAGs
[2021-02-08 04:41:12,537] {logging_mixin.py:104} INFO - [2021-02-08 04:41:12,537] {dag.py:2273} INFO - Setting next_dagrun for example_skip_dag to 2021-02-06 00:00:00+00:00
[2021-02-08 04:41:12,552] {scheduler_job.py:189} INFO - Processing /home/airflow/.local/lib/python3.8/site-packages/airflow/example_dags/example_skip_dag.py took 0.087 seconds
[2021-02-08 04:41:43,333] {scheduler_job.py:181} INFO - Started process (PID=2515) to work on /home/airflow/.local/lib/python3.8/site-packages/airflow/example_dags/example_skip_dag.py
[2021-02-08 04:41:43,335] {scheduler_job.py:627} INFO - Processing file /home/airflow/.local/lib/python3.8/site-packages/airflow/example_dags/example_skip_dag.py for tasks to queue
[2021-02-08 04:41:43,338] {logging_mixin.py:104} INFO - [2021-02-08 04:41:43,337] {dagbag.py:449} INFO - Filling up the DagBag from /home/airflow/.local/lib/python3.8/site-packages/airflow/example_dags/example_skip_dag.py
[2021-02-08 04:41:43,356] {scheduler_job.py:637} INFO - DAG(s) dict_keys(['example_skip_dag']) retrieved from /home/airflow/.local/lib/python3.8/site-packages/airflow/example_dags/example_skip_dag.py
[2021-02-08 04:41:43,392] {logging_mixin.py:104} INFO - [2021-02-08 04:41:43,392] {dag.py:1818} INFO - Sync 1 DAGs
[2021-02-08 04:41:43,422] {logging_mixin.py:104} INFO - [2021-02-08 04:41:43,421] {dag.py:2273} INFO - Setting next_dagrun for example_skip_dag to 2021-02-06 00:00:00+00:00
[2021-02-08 04:41:43,463] {scheduler_job.py:189} INFO - Processing /home/airflow/.local/lib/python3.8/site-packages/airflow/example_dags/example_skip_dag.py took 0.136 seconds
[2021-02-08 04:42:13,546] {scheduler_job.py:181} INFO - Started process (PID=2541) to work on /home/airflow/.local/lib/python3.8/site-packages/airflow/example_dags/example_skip_dag.py
[2021-02-08 04:42:13,551] {scheduler_job.py:627} INFO - Processing file /home/airflow/.local/lib/python3.8/site-packages/airflow/example_dags/example_skip_dag.py for tasks to queue
[2021-02-08 04:42:13,555] {logging_mixin.py:104} INFO - [2021-02-08 04:42:13,555] {dagbag.py:449} INFO - Filling up the DagBag from /home/airflow/.local/lib/python3.8/site-packages/airflow/example_dags/example_skip_dag.py
[2021-02-08 04:42:13,609] {scheduler_job.py:637} INFO - DAG(s) dict_keys(['example_skip_dag']) retrieved from /home/airflow/.local/lib/python3.8/site-packages/airflow/example_dags/example_skip_dag.py
[2021-02-08 04:42:13,676] {logging_mixin.py:104} INFO - [2021-02-08 04:42:13,676] {dag.py:1818} INFO - Sync 1 DAGs
[2021-02-08 04:42:13,709] {logging_mixin.py:104} INFO - [2021-02-08 04:42:13,709] {dag.py:2273} INFO - Setting next_dagrun for example_skip_dag to 2021-02-06 00:00:00+00:00
[2021-02-08 04:42:13,767] {scheduler_job.py:189} INFO - Processing /home/airflow/.local/lib/python3.8/site-packages/airflow/example_dags/example_skip_dag.py took 0.233 seconds
[2021-02-08 04:42:45,851] {scheduler_job.py:181} INFO - Started process (PID=2570) to work on /home/airflow/.local/lib/python3.8/site-packages/airflow/example_dags/example_skip_dag.py
[2021-02-08 04:42:45,860] {scheduler_job.py:627} INFO - Processing file /home/airflow/.local/lib/python3.8/site-packages/airflow/example_dags/example_skip_dag.py for tasks to queue
[2021-02-08 04:42:45,865] {logging_mixin.py:104} INFO - [2021-02-08 04:42:45,865] {dagbag.py:449} INFO - Filling up the DagBag from /home/airflow/.local/lib/python3.8/site-packages/airflow/example_dags/example_skip_dag.py
[2021-02-08 04:42:45,889] {scheduler_job.py:637} INFO - DAG(s) dict_keys(['example_skip_dag']) retrieved from /home/airflow/.local/lib/python3.8/site-packages/airflow/example_dags/example_skip_dag.py
[2021-02-08 04:42:45,977] {logging_mixin.py:104} INFO - [2021-02-08 04:42:45,977] {dag.py:1818} INFO - Sync 1 DAGs
[2021-02-08 04:42:46,011] {logging_mixin.py:104} INFO - [2021-02-08 04:42:46,010] {dag.py:2273} INFO - Setting next_dagrun for example_skip_dag to 2021-02-06 00:00:00+00:00
[2021-02-08 04:42:46,036] {scheduler_job.py:189} INFO - Processing /home/airflow/.local/lib/python3.8/site-packages/airflow/example_dags/example_skip_dag.py took 0.194 seconds
[2021-02-08 04:43:16,381] {scheduler_job.py:181} INFO - Started process (PID=2596) to work on /home/airflow/.local/lib/python3.8/site-packages/airflow/example_dags/example_skip_dag.py
[2021-02-08 04:43:16,387] {scheduler_job.py:627} INFO - Processing file /home/airflow/.local/lib/python3.8/site-packages/airflow/example_dags/example_skip_dag.py for tasks to queue
[2021-02-08 04:43:16,391] {logging_mixin.py:104} INFO - [2021-02-08 04:43:16,391] {dagbag.py:449} INFO - Filling up the DagBag from /home/airflow/.local/lib/python3.8/site-packages/airflow/example_dags/example_skip_dag.py
[2021-02-08 04:43:16,430] {scheduler_job.py:637} INFO - DAG(s) dict_keys(['example_skip_dag']) retrieved from /home/airflow/.local/lib/python3.8/site-packages/airflow/example_dags/example_skip_dag.py
[2021-02-08 04:43:16,492] {logging_mixin.py:104} INFO - [2021-02-08 04:43:16,492] {dag.py:1818} INFO - Sync 1 DAGs
[2021-02-08 04:43:16,520] {logging_mixin.py:104} INFO - [2021-02-08 04:43:16,520] {dag.py:2273} INFO - Setting next_dagrun for example_skip_dag to 2021-02-06 00:00:00+00:00
[2021-02-08 04:43:16,541] {scheduler_job.py:189} INFO - Processing /home/airflow/.local/lib/python3.8/site-packages/airflow/example_dags/example_skip_dag.py took 0.166 seconds
