[2021-02-08 01:26:31,913] {scheduler_job.py:181} INFO - Started process (PID=1643) to work on /home/airflow/.local/lib/python3.8/site-packages/airflow/example_dags/tutorial_taskflow_api_etl.py
[2021-02-08 01:26:31,916] {scheduler_job.py:627} INFO - Processing file /home/airflow/.local/lib/python3.8/site-packages/airflow/example_dags/tutorial_taskflow_api_etl.py for tasks to queue
[2021-02-08 01:26:31,919] {logging_mixin.py:104} INFO - [2021-02-08 01:26:31,919] {dagbag.py:449} INFO - Filling up the DagBag from /home/airflow/.local/lib/python3.8/site-packages/airflow/example_dags/tutorial_taskflow_api_etl.py
[2021-02-08 01:26:31,948] {scheduler_job.py:637} INFO - DAG(s) dict_keys(['tutorial_taskflow_api_etl']) retrieved from /home/airflow/.local/lib/python3.8/site-packages/airflow/example_dags/tutorial_taskflow_api_etl.py
[2021-02-08 01:26:31,984] {logging_mixin.py:104} INFO - [2021-02-08 01:26:31,984] {dag.py:1818} INFO - Sync 1 DAGs
[2021-02-08 01:26:32,005] {logging_mixin.py:104} INFO - [2021-02-08 01:26:32,005] {dag.py:2273} INFO - Setting next_dagrun for tutorial_taskflow_api_etl to None
[2021-02-08 01:26:32,021] {scheduler_job.py:189} INFO - Processing /home/airflow/.local/lib/python3.8/site-packages/airflow/example_dags/tutorial_taskflow_api_etl.py took 0.118 seconds
[2021-02-08 03:26:49,821] {scheduler_job.py:181} INFO - Started process (PID=1669) to work on /home/airflow/.local/lib/python3.8/site-packages/airflow/example_dags/tutorial_taskflow_api_etl.py
[2021-02-08 03:26:49,843] {scheduler_job.py:627} INFO - Processing file /home/airflow/.local/lib/python3.8/site-packages/airflow/example_dags/tutorial_taskflow_api_etl.py for tasks to queue
[2021-02-08 03:26:49,858] {logging_mixin.py:104} INFO - [2021-02-08 03:26:49,856] {dagbag.py:449} INFO - Filling up the DagBag from /home/airflow/.local/lib/python3.8/site-packages/airflow/example_dags/tutorial_taskflow_api_etl.py
[2021-02-08 03:26:50,039] {scheduler_job.py:637} INFO - DAG(s) dict_keys(['tutorial_taskflow_api_etl']) retrieved from /home/airflow/.local/lib/python3.8/site-packages/airflow/example_dags/tutorial_taskflow_api_etl.py
[2021-02-08 03:26:50,508] {logging_mixin.py:104} INFO - [2021-02-08 03:26:50,504] {dag.py:1818} INFO - Sync 1 DAGs
[2021-02-08 03:26:50,884] {logging_mixin.py:104} INFO - [2021-02-08 03:26:50,883] {dag.py:2273} INFO - Setting next_dagrun for tutorial_taskflow_api_etl to None
[2021-02-08 03:26:51,074] {scheduler_job.py:189} INFO - Processing /home/airflow/.local/lib/python3.8/site-packages/airflow/example_dags/tutorial_taskflow_api_etl.py took 1.268 seconds
[2021-02-08 04:25:27,388] {scheduler_job.py:181} INFO - Started process (PID=1695) to work on /home/airflow/.local/lib/python3.8/site-packages/airflow/example_dags/tutorial_taskflow_api_etl.py
[2021-02-08 04:25:27,424] {scheduler_job.py:627} INFO - Processing file /home/airflow/.local/lib/python3.8/site-packages/airflow/example_dags/tutorial_taskflow_api_etl.py for tasks to queue
[2021-02-08 04:25:27,429] {logging_mixin.py:104} INFO - [2021-02-08 04:25:27,428] {dagbag.py:449} INFO - Filling up the DagBag from /home/airflow/.local/lib/python3.8/site-packages/airflow/example_dags/tutorial_taskflow_api_etl.py
[2021-02-08 04:25:27,468] {scheduler_job.py:637} INFO - DAG(s) dict_keys(['tutorial_taskflow_api_etl']) retrieved from /home/airflow/.local/lib/python3.8/site-packages/airflow/example_dags/tutorial_taskflow_api_etl.py
[2021-02-08 04:25:27,558] {logging_mixin.py:104} INFO - [2021-02-08 04:25:27,558] {dag.py:1818} INFO - Sync 1 DAGs
[2021-02-08 04:25:27,594] {logging_mixin.py:104} INFO - [2021-02-08 04:25:27,594] {dag.py:2273} INFO - Setting next_dagrun for tutorial_taskflow_api_etl to None
[2021-02-08 04:25:27,625] {scheduler_job.py:189} INFO - Processing /home/airflow/.local/lib/python3.8/site-packages/airflow/example_dags/tutorial_taskflow_api_etl.py took 0.243 seconds
[2021-02-08 04:25:58,512] {scheduler_job.py:181} INFO - Started process (PID=1722) to work on /home/airflow/.local/lib/python3.8/site-packages/airflow/example_dags/tutorial_taskflow_api_etl.py
[2021-02-08 04:25:58,514] {scheduler_job.py:627} INFO - Processing file /home/airflow/.local/lib/python3.8/site-packages/airflow/example_dags/tutorial_taskflow_api_etl.py for tasks to queue
[2021-02-08 04:25:58,518] {logging_mixin.py:104} INFO - [2021-02-08 04:25:58,517] {dagbag.py:449} INFO - Filling up the DagBag from /home/airflow/.local/lib/python3.8/site-packages/airflow/example_dags/tutorial_taskflow_api_etl.py
[2021-02-08 04:25:58,537] {scheduler_job.py:637} INFO - DAG(s) dict_keys(['tutorial_taskflow_api_etl']) retrieved from /home/airflow/.local/lib/python3.8/site-packages/airflow/example_dags/tutorial_taskflow_api_etl.py
[2021-02-08 04:25:58,585] {logging_mixin.py:104} INFO - [2021-02-08 04:25:58,584] {dag.py:1818} INFO - Sync 1 DAGs
[2021-02-08 04:25:58,623] {logging_mixin.py:104} INFO - [2021-02-08 04:25:58,623] {dag.py:2273} INFO - Setting next_dagrun for tutorial_taskflow_api_etl to None
[2021-02-08 04:25:58,661] {scheduler_job.py:189} INFO - Processing /home/airflow/.local/lib/python3.8/site-packages/airflow/example_dags/tutorial_taskflow_api_etl.py took 0.155 seconds
[2021-02-08 04:26:29,494] {scheduler_job.py:181} INFO - Started process (PID=1748) to work on /home/airflow/.local/lib/python3.8/site-packages/airflow/example_dags/tutorial_taskflow_api_etl.py
[2021-02-08 04:26:29,496] {scheduler_job.py:627} INFO - Processing file /home/airflow/.local/lib/python3.8/site-packages/airflow/example_dags/tutorial_taskflow_api_etl.py for tasks to queue
[2021-02-08 04:26:29,498] {logging_mixin.py:104} INFO - [2021-02-08 04:26:29,497] {dagbag.py:449} INFO - Filling up the DagBag from /home/airflow/.local/lib/python3.8/site-packages/airflow/example_dags/tutorial_taskflow_api_etl.py
[2021-02-08 04:26:29,512] {scheduler_job.py:637} INFO - DAG(s) dict_keys(['tutorial_taskflow_api_etl']) retrieved from /home/airflow/.local/lib/python3.8/site-packages/airflow/example_dags/tutorial_taskflow_api_etl.py
[2021-02-08 04:26:29,537] {logging_mixin.py:104} INFO - [2021-02-08 04:26:29,537] {dag.py:1818} INFO - Sync 1 DAGs
[2021-02-08 04:26:29,551] {logging_mixin.py:104} INFO - [2021-02-08 04:26:29,551] {dag.py:2273} INFO - Setting next_dagrun for tutorial_taskflow_api_etl to None
[2021-02-08 04:26:29,564] {scheduler_job.py:189} INFO - Processing /home/airflow/.local/lib/python3.8/site-packages/airflow/example_dags/tutorial_taskflow_api_etl.py took 0.075 seconds
[2021-02-08 04:27:00,271] {scheduler_job.py:181} INFO - Started process (PID=1774) to work on /home/airflow/.local/lib/python3.8/site-packages/airflow/example_dags/tutorial_taskflow_api_etl.py
[2021-02-08 04:27:00,273] {scheduler_job.py:627} INFO - Processing file /home/airflow/.local/lib/python3.8/site-packages/airflow/example_dags/tutorial_taskflow_api_etl.py for tasks to queue
[2021-02-08 04:27:00,275] {logging_mixin.py:104} INFO - [2021-02-08 04:27:00,275] {dagbag.py:449} INFO - Filling up the DagBag from /home/airflow/.local/lib/python3.8/site-packages/airflow/example_dags/tutorial_taskflow_api_etl.py
[2021-02-08 04:27:00,294] {scheduler_job.py:637} INFO - DAG(s) dict_keys(['tutorial_taskflow_api_etl']) retrieved from /home/airflow/.local/lib/python3.8/site-packages/airflow/example_dags/tutorial_taskflow_api_etl.py
[2021-02-08 04:27:00,330] {logging_mixin.py:104} INFO - [2021-02-08 04:27:00,330] {dag.py:1818} INFO - Sync 1 DAGs
[2021-02-08 04:27:00,347] {logging_mixin.py:104} INFO - [2021-02-08 04:27:00,347] {dag.py:2273} INFO - Setting next_dagrun for tutorial_taskflow_api_etl to None
[2021-02-08 04:27:00,368] {scheduler_job.py:189} INFO - Processing /home/airflow/.local/lib/python3.8/site-packages/airflow/example_dags/tutorial_taskflow_api_etl.py took 0.104 seconds
[2021-02-08 04:27:31,010] {scheduler_job.py:181} INFO - Started process (PID=1800) to work on /home/airflow/.local/lib/python3.8/site-packages/airflow/example_dags/tutorial_taskflow_api_etl.py
[2021-02-08 04:27:31,013] {scheduler_job.py:627} INFO - Processing file /home/airflow/.local/lib/python3.8/site-packages/airflow/example_dags/tutorial_taskflow_api_etl.py for tasks to queue
[2021-02-08 04:27:31,015] {logging_mixin.py:104} INFO - [2021-02-08 04:27:31,015] {dagbag.py:449} INFO - Filling up the DagBag from /home/airflow/.local/lib/python3.8/site-packages/airflow/example_dags/tutorial_taskflow_api_etl.py
[2021-02-08 04:27:31,027] {scheduler_job.py:637} INFO - DAG(s) dict_keys(['tutorial_taskflow_api_etl']) retrieved from /home/airflow/.local/lib/python3.8/site-packages/airflow/example_dags/tutorial_taskflow_api_etl.py
[2021-02-08 04:27:31,061] {logging_mixin.py:104} INFO - [2021-02-08 04:27:31,061] {dag.py:1818} INFO - Sync 1 DAGs
[2021-02-08 04:27:31,077] {logging_mixin.py:104} INFO - [2021-02-08 04:27:31,077] {dag.py:2273} INFO - Setting next_dagrun for tutorial_taskflow_api_etl to None
[2021-02-08 04:27:31,089] {scheduler_job.py:189} INFO - Processing /home/airflow/.local/lib/python3.8/site-packages/airflow/example_dags/tutorial_taskflow_api_etl.py took 0.084 seconds
[2021-02-08 04:28:01,458] {scheduler_job.py:181} INFO - Started process (PID=1826) to work on /home/airflow/.local/lib/python3.8/site-packages/airflow/example_dags/tutorial_taskflow_api_etl.py
[2021-02-08 04:28:01,463] {scheduler_job.py:627} INFO - Processing file /home/airflow/.local/lib/python3.8/site-packages/airflow/example_dags/tutorial_taskflow_api_etl.py for tasks to queue
[2021-02-08 04:28:01,466] {logging_mixin.py:104} INFO - [2021-02-08 04:28:01,466] {dagbag.py:449} INFO - Filling up the DagBag from /home/airflow/.local/lib/python3.8/site-packages/airflow/example_dags/tutorial_taskflow_api_etl.py
[2021-02-08 04:28:01,488] {scheduler_job.py:637} INFO - DAG(s) dict_keys(['tutorial_taskflow_api_etl']) retrieved from /home/airflow/.local/lib/python3.8/site-packages/airflow/example_dags/tutorial_taskflow_api_etl.py
[2021-02-08 04:28:01,526] {logging_mixin.py:104} INFO - [2021-02-08 04:28:01,525] {dag.py:1818} INFO - Sync 1 DAGs
[2021-02-08 04:28:01,545] {logging_mixin.py:104} INFO - [2021-02-08 04:28:01,545] {dag.py:2273} INFO - Setting next_dagrun for tutorial_taskflow_api_etl to None
[2021-02-08 04:28:01,556] {scheduler_job.py:189} INFO - Processing /home/airflow/.local/lib/python3.8/site-packages/airflow/example_dags/tutorial_taskflow_api_etl.py took 0.105 seconds
[2021-02-08 04:28:31,871] {scheduler_job.py:181} INFO - Started process (PID=1852) to work on /home/airflow/.local/lib/python3.8/site-packages/airflow/example_dags/tutorial_taskflow_api_etl.py
[2021-02-08 04:28:31,873] {scheduler_job.py:627} INFO - Processing file /home/airflow/.local/lib/python3.8/site-packages/airflow/example_dags/tutorial_taskflow_api_etl.py for tasks to queue
[2021-02-08 04:28:31,876] {logging_mixin.py:104} INFO - [2021-02-08 04:28:31,875] {dagbag.py:449} INFO - Filling up the DagBag from /home/airflow/.local/lib/python3.8/site-packages/airflow/example_dags/tutorial_taskflow_api_etl.py
[2021-02-08 04:28:31,891] {scheduler_job.py:637} INFO - DAG(s) dict_keys(['tutorial_taskflow_api_etl']) retrieved from /home/airflow/.local/lib/python3.8/site-packages/airflow/example_dags/tutorial_taskflow_api_etl.py
[2021-02-08 04:28:31,920] {logging_mixin.py:104} INFO - [2021-02-08 04:28:31,920] {dag.py:1818} INFO - Sync 1 DAGs
[2021-02-08 04:28:31,935] {logging_mixin.py:104} INFO - [2021-02-08 04:28:31,935] {dag.py:2273} INFO - Setting next_dagrun for tutorial_taskflow_api_etl to None
[2021-02-08 04:28:31,958] {scheduler_job.py:189} INFO - Processing /home/airflow/.local/lib/python3.8/site-packages/airflow/example_dags/tutorial_taskflow_api_etl.py took 0.092 seconds
[2021-02-08 04:29:02,435] {scheduler_job.py:181} INFO - Started process (PID=1878) to work on /home/airflow/.local/lib/python3.8/site-packages/airflow/example_dags/tutorial_taskflow_api_etl.py
[2021-02-08 04:29:02,441] {scheduler_job.py:627} INFO - Processing file /home/airflow/.local/lib/python3.8/site-packages/airflow/example_dags/tutorial_taskflow_api_etl.py for tasks to queue
[2021-02-08 04:29:02,446] {logging_mixin.py:104} INFO - [2021-02-08 04:29:02,445] {dagbag.py:449} INFO - Filling up the DagBag from /home/airflow/.local/lib/python3.8/site-packages/airflow/example_dags/tutorial_taskflow_api_etl.py
[2021-02-08 04:29:02,469] {scheduler_job.py:637} INFO - DAG(s) dict_keys(['tutorial_taskflow_api_etl']) retrieved from /home/airflow/.local/lib/python3.8/site-packages/airflow/example_dags/tutorial_taskflow_api_etl.py
[2021-02-08 04:29:02,512] {logging_mixin.py:104} INFO - [2021-02-08 04:29:02,512] {dag.py:1818} INFO - Sync 1 DAGs
[2021-02-08 04:29:02,532] {logging_mixin.py:104} INFO - [2021-02-08 04:29:02,532] {dag.py:2273} INFO - Setting next_dagrun for tutorial_taskflow_api_etl to None
[2021-02-08 04:29:02,557] {scheduler_job.py:189} INFO - Processing /home/airflow/.local/lib/python3.8/site-packages/airflow/example_dags/tutorial_taskflow_api_etl.py took 0.137 seconds
[2021-02-08 04:29:33,007] {scheduler_job.py:181} INFO - Started process (PID=1904) to work on /home/airflow/.local/lib/python3.8/site-packages/airflow/example_dags/tutorial_taskflow_api_etl.py
[2021-02-08 04:29:33,010] {scheduler_job.py:627} INFO - Processing file /home/airflow/.local/lib/python3.8/site-packages/airflow/example_dags/tutorial_taskflow_api_etl.py for tasks to queue
[2021-02-08 04:29:33,013] {logging_mixin.py:104} INFO - [2021-02-08 04:29:33,013] {dagbag.py:449} INFO - Filling up the DagBag from /home/airflow/.local/lib/python3.8/site-packages/airflow/example_dags/tutorial_taskflow_api_etl.py
[2021-02-08 04:29:33,035] {scheduler_job.py:637} INFO - DAG(s) dict_keys(['tutorial_taskflow_api_etl']) retrieved from /home/airflow/.local/lib/python3.8/site-packages/airflow/example_dags/tutorial_taskflow_api_etl.py
[2021-02-08 04:29:33,086] {logging_mixin.py:104} INFO - [2021-02-08 04:29:33,086] {dag.py:1818} INFO - Sync 1 DAGs
[2021-02-08 04:29:33,118] {logging_mixin.py:104} INFO - [2021-02-08 04:29:33,118] {dag.py:2273} INFO - Setting next_dagrun for tutorial_taskflow_api_etl to None
[2021-02-08 04:29:33,156] {scheduler_job.py:189} INFO - Processing /home/airflow/.local/lib/python3.8/site-packages/airflow/example_dags/tutorial_taskflow_api_etl.py took 0.156 seconds
[2021-02-08 04:30:03,940] {scheduler_job.py:181} INFO - Started process (PID=1930) to work on /home/airflow/.local/lib/python3.8/site-packages/airflow/example_dags/tutorial_taskflow_api_etl.py
[2021-02-08 04:30:03,943] {scheduler_job.py:627} INFO - Processing file /home/airflow/.local/lib/python3.8/site-packages/airflow/example_dags/tutorial_taskflow_api_etl.py for tasks to queue
[2021-02-08 04:30:03,945] {logging_mixin.py:104} INFO - [2021-02-08 04:30:03,944] {dagbag.py:449} INFO - Filling up the DagBag from /home/airflow/.local/lib/python3.8/site-packages/airflow/example_dags/tutorial_taskflow_api_etl.py
[2021-02-08 04:30:03,962] {scheduler_job.py:637} INFO - DAG(s) dict_keys(['tutorial_taskflow_api_etl']) retrieved from /home/airflow/.local/lib/python3.8/site-packages/airflow/example_dags/tutorial_taskflow_api_etl.py
[2021-02-08 04:30:03,992] {logging_mixin.py:104} INFO - [2021-02-08 04:30:03,992] {dag.py:1818} INFO - Sync 1 DAGs
[2021-02-08 04:30:04,007] {logging_mixin.py:104} INFO - [2021-02-08 04:30:04,007] {dag.py:2273} INFO - Setting next_dagrun for tutorial_taskflow_api_etl to None
[2021-02-08 04:30:04,024] {scheduler_job.py:189} INFO - Processing /home/airflow/.local/lib/python3.8/site-packages/airflow/example_dags/tutorial_taskflow_api_etl.py took 0.090 seconds
[2021-02-08 04:30:34,623] {scheduler_job.py:181} INFO - Started process (PID=1956) to work on /home/airflow/.local/lib/python3.8/site-packages/airflow/example_dags/tutorial_taskflow_api_etl.py
[2021-02-08 04:30:34,625] {scheduler_job.py:627} INFO - Processing file /home/airflow/.local/lib/python3.8/site-packages/airflow/example_dags/tutorial_taskflow_api_etl.py for tasks to queue
[2021-02-08 04:30:34,627] {logging_mixin.py:104} INFO - [2021-02-08 04:30:34,627] {dagbag.py:449} INFO - Filling up the DagBag from /home/airflow/.local/lib/python3.8/site-packages/airflow/example_dags/tutorial_taskflow_api_etl.py
[2021-02-08 04:30:34,640] {scheduler_job.py:637} INFO - DAG(s) dict_keys(['tutorial_taskflow_api_etl']) retrieved from /home/airflow/.local/lib/python3.8/site-packages/airflow/example_dags/tutorial_taskflow_api_etl.py
[2021-02-08 04:30:34,688] {logging_mixin.py:104} INFO - [2021-02-08 04:30:34,688] {dag.py:1818} INFO - Sync 1 DAGs
[2021-02-08 04:30:34,714] {logging_mixin.py:104} INFO - [2021-02-08 04:30:34,714] {dag.py:2273} INFO - Setting next_dagrun for tutorial_taskflow_api_etl to None
[2021-02-08 04:30:34,749] {scheduler_job.py:189} INFO - Processing /home/airflow/.local/lib/python3.8/site-packages/airflow/example_dags/tutorial_taskflow_api_etl.py took 0.130 seconds
[2021-02-08 04:31:05,309] {scheduler_job.py:181} INFO - Started process (PID=1982) to work on /home/airflow/.local/lib/python3.8/site-packages/airflow/example_dags/tutorial_taskflow_api_etl.py
[2021-02-08 04:31:05,312] {scheduler_job.py:627} INFO - Processing file /home/airflow/.local/lib/python3.8/site-packages/airflow/example_dags/tutorial_taskflow_api_etl.py for tasks to queue
[2021-02-08 04:31:05,314] {logging_mixin.py:104} INFO - [2021-02-08 04:31:05,314] {dagbag.py:449} INFO - Filling up the DagBag from /home/airflow/.local/lib/python3.8/site-packages/airflow/example_dags/tutorial_taskflow_api_etl.py
[2021-02-08 04:31:05,332] {scheduler_job.py:637} INFO - DAG(s) dict_keys(['tutorial_taskflow_api_etl']) retrieved from /home/airflow/.local/lib/python3.8/site-packages/airflow/example_dags/tutorial_taskflow_api_etl.py
[2021-02-08 04:31:05,372] {logging_mixin.py:104} INFO - [2021-02-08 04:31:05,371] {dag.py:1818} INFO - Sync 1 DAGs
[2021-02-08 04:31:05,392] {logging_mixin.py:104} INFO - [2021-02-08 04:31:05,392] {dag.py:2273} INFO - Setting next_dagrun for tutorial_taskflow_api_etl to None
[2021-02-08 04:31:05,418] {scheduler_job.py:189} INFO - Processing /home/airflow/.local/lib/python3.8/site-packages/airflow/example_dags/tutorial_taskflow_api_etl.py took 0.114 seconds
[2021-02-08 04:31:35,775] {scheduler_job.py:181} INFO - Started process (PID=2008) to work on /home/airflow/.local/lib/python3.8/site-packages/airflow/example_dags/tutorial_taskflow_api_etl.py
[2021-02-08 04:31:35,777] {scheduler_job.py:627} INFO - Processing file /home/airflow/.local/lib/python3.8/site-packages/airflow/example_dags/tutorial_taskflow_api_etl.py for tasks to queue
[2021-02-08 04:31:35,779] {logging_mixin.py:104} INFO - [2021-02-08 04:31:35,779] {dagbag.py:449} INFO - Filling up the DagBag from /home/airflow/.local/lib/python3.8/site-packages/airflow/example_dags/tutorial_taskflow_api_etl.py
[2021-02-08 04:31:35,794] {scheduler_job.py:637} INFO - DAG(s) dict_keys(['tutorial_taskflow_api_etl']) retrieved from /home/airflow/.local/lib/python3.8/site-packages/airflow/example_dags/tutorial_taskflow_api_etl.py
[2021-02-08 04:31:35,825] {logging_mixin.py:104} INFO - [2021-02-08 04:31:35,825] {dag.py:1818} INFO - Sync 1 DAGs
[2021-02-08 04:31:35,840] {logging_mixin.py:104} INFO - [2021-02-08 04:31:35,840] {dag.py:2273} INFO - Setting next_dagrun for tutorial_taskflow_api_etl to None
[2021-02-08 04:31:35,860] {scheduler_job.py:189} INFO - Processing /home/airflow/.local/lib/python3.8/site-packages/airflow/example_dags/tutorial_taskflow_api_etl.py took 0.091 seconds
[2021-02-08 04:32:06,347] {scheduler_job.py:181} INFO - Started process (PID=2034) to work on /home/airflow/.local/lib/python3.8/site-packages/airflow/example_dags/tutorial_taskflow_api_etl.py
[2021-02-08 04:32:06,349] {scheduler_job.py:627} INFO - Processing file /home/airflow/.local/lib/python3.8/site-packages/airflow/example_dags/tutorial_taskflow_api_etl.py for tasks to queue
[2021-02-08 04:32:06,351] {logging_mixin.py:104} INFO - [2021-02-08 04:32:06,351] {dagbag.py:449} INFO - Filling up the DagBag from /home/airflow/.local/lib/python3.8/site-packages/airflow/example_dags/tutorial_taskflow_api_etl.py
[2021-02-08 04:32:06,367] {scheduler_job.py:637} INFO - DAG(s) dict_keys(['tutorial_taskflow_api_etl']) retrieved from /home/airflow/.local/lib/python3.8/site-packages/airflow/example_dags/tutorial_taskflow_api_etl.py
[2021-02-08 04:32:06,394] {logging_mixin.py:104} INFO - [2021-02-08 04:32:06,394] {dag.py:1818} INFO - Sync 1 DAGs
[2021-02-08 04:32:06,409] {logging_mixin.py:104} INFO - [2021-02-08 04:32:06,409] {dag.py:2273} INFO - Setting next_dagrun for tutorial_taskflow_api_etl to None
[2021-02-08 04:32:06,431] {scheduler_job.py:189} INFO - Processing /home/airflow/.local/lib/python3.8/site-packages/airflow/example_dags/tutorial_taskflow_api_etl.py took 0.088 seconds
[2021-02-08 04:32:37,282] {scheduler_job.py:181} INFO - Started process (PID=2060) to work on /home/airflow/.local/lib/python3.8/site-packages/airflow/example_dags/tutorial_taskflow_api_etl.py
[2021-02-08 04:32:37,286] {scheduler_job.py:627} INFO - Processing file /home/airflow/.local/lib/python3.8/site-packages/airflow/example_dags/tutorial_taskflow_api_etl.py for tasks to queue
[2021-02-08 04:32:37,288] {logging_mixin.py:104} INFO - [2021-02-08 04:32:37,288] {dagbag.py:449} INFO - Filling up the DagBag from /home/airflow/.local/lib/python3.8/site-packages/airflow/example_dags/tutorial_taskflow_api_etl.py
[2021-02-08 04:32:37,310] {scheduler_job.py:637} INFO - DAG(s) dict_keys(['tutorial_taskflow_api_etl']) retrieved from /home/airflow/.local/lib/python3.8/site-packages/airflow/example_dags/tutorial_taskflow_api_etl.py
[2021-02-08 04:32:37,373] {logging_mixin.py:104} INFO - [2021-02-08 04:32:37,373] {dag.py:1818} INFO - Sync 1 DAGs
[2021-02-08 04:32:37,410] {logging_mixin.py:104} INFO - [2021-02-08 04:32:37,410] {dag.py:2273} INFO - Setting next_dagrun for tutorial_taskflow_api_etl to None
[2021-02-08 04:32:37,444] {scheduler_job.py:189} INFO - Processing /home/airflow/.local/lib/python3.8/site-packages/airflow/example_dags/tutorial_taskflow_api_etl.py took 0.168 seconds
[2021-02-08 04:33:08,127] {scheduler_job.py:181} INFO - Started process (PID=2086) to work on /home/airflow/.local/lib/python3.8/site-packages/airflow/example_dags/tutorial_taskflow_api_etl.py
[2021-02-08 04:33:08,129] {scheduler_job.py:627} INFO - Processing file /home/airflow/.local/lib/python3.8/site-packages/airflow/example_dags/tutorial_taskflow_api_etl.py for tasks to queue
[2021-02-08 04:33:08,132] {logging_mixin.py:104} INFO - [2021-02-08 04:33:08,132] {dagbag.py:449} INFO - Filling up the DagBag from /home/airflow/.local/lib/python3.8/site-packages/airflow/example_dags/tutorial_taskflow_api_etl.py
[2021-02-08 04:33:08,154] {scheduler_job.py:637} INFO - DAG(s) dict_keys(['tutorial_taskflow_api_etl']) retrieved from /home/airflow/.local/lib/python3.8/site-packages/airflow/example_dags/tutorial_taskflow_api_etl.py
[2021-02-08 04:33:08,196] {logging_mixin.py:104} INFO - [2021-02-08 04:33:08,195] {dag.py:1818} INFO - Sync 1 DAGs
[2021-02-08 04:33:08,218] {logging_mixin.py:104} INFO - [2021-02-08 04:33:08,218] {dag.py:2273} INFO - Setting next_dagrun for tutorial_taskflow_api_etl to None
[2021-02-08 04:33:08,240] {scheduler_job.py:189} INFO - Processing /home/airflow/.local/lib/python3.8/site-packages/airflow/example_dags/tutorial_taskflow_api_etl.py took 0.124 seconds
[2021-02-08 04:33:38,291] {scheduler_job.py:181} INFO - Started process (PID=2112) to work on /home/airflow/.local/lib/python3.8/site-packages/airflow/example_dags/tutorial_taskflow_api_etl.py
[2021-02-08 04:33:38,294] {scheduler_job.py:627} INFO - Processing file /home/airflow/.local/lib/python3.8/site-packages/airflow/example_dags/tutorial_taskflow_api_etl.py for tasks to queue
[2021-02-08 04:33:38,296] {logging_mixin.py:104} INFO - [2021-02-08 04:33:38,296] {dagbag.py:449} INFO - Filling up the DagBag from /home/airflow/.local/lib/python3.8/site-packages/airflow/example_dags/tutorial_taskflow_api_etl.py
[2021-02-08 04:33:38,323] {scheduler_job.py:637} INFO - DAG(s) dict_keys(['tutorial_taskflow_api_etl']) retrieved from /home/airflow/.local/lib/python3.8/site-packages/airflow/example_dags/tutorial_taskflow_api_etl.py
[2021-02-08 04:33:38,367] {logging_mixin.py:104} INFO - [2021-02-08 04:33:38,367] {dag.py:1818} INFO - Sync 1 DAGs
[2021-02-08 04:33:38,392] {logging_mixin.py:104} INFO - [2021-02-08 04:33:38,392] {dag.py:2273} INFO - Setting next_dagrun for tutorial_taskflow_api_etl to None
[2021-02-08 04:33:38,416] {scheduler_job.py:189} INFO - Processing /home/airflow/.local/lib/python3.8/site-packages/airflow/example_dags/tutorial_taskflow_api_etl.py took 0.131 seconds
[2021-02-08 04:34:08,564] {scheduler_job.py:181} INFO - Started process (PID=2138) to work on /home/airflow/.local/lib/python3.8/site-packages/airflow/example_dags/tutorial_taskflow_api_etl.py
[2021-02-08 04:34:08,566] {scheduler_job.py:627} INFO - Processing file /home/airflow/.local/lib/python3.8/site-packages/airflow/example_dags/tutorial_taskflow_api_etl.py for tasks to queue
[2021-02-08 04:34:08,568] {logging_mixin.py:104} INFO - [2021-02-08 04:34:08,568] {dagbag.py:449} INFO - Filling up the DagBag from /home/airflow/.local/lib/python3.8/site-packages/airflow/example_dags/tutorial_taskflow_api_etl.py
[2021-02-08 04:34:08,596] {scheduler_job.py:637} INFO - DAG(s) dict_keys(['tutorial_taskflow_api_etl']) retrieved from /home/airflow/.local/lib/python3.8/site-packages/airflow/example_dags/tutorial_taskflow_api_etl.py
[2021-02-08 04:34:08,656] {logging_mixin.py:104} INFO - [2021-02-08 04:34:08,655] {dag.py:1818} INFO - Sync 1 DAGs
[2021-02-08 04:34:08,685] {logging_mixin.py:104} INFO - [2021-02-08 04:34:08,685] {dag.py:2273} INFO - Setting next_dagrun for tutorial_taskflow_api_etl to None
[2021-02-08 04:34:08,699] {scheduler_job.py:189} INFO - Processing /home/airflow/.local/lib/python3.8/site-packages/airflow/example_dags/tutorial_taskflow_api_etl.py took 0.142 seconds
[2021-02-08 04:34:39,091] {scheduler_job.py:181} INFO - Started process (PID=2164) to work on /home/airflow/.local/lib/python3.8/site-packages/airflow/example_dags/tutorial_taskflow_api_etl.py
[2021-02-08 04:34:39,093] {scheduler_job.py:627} INFO - Processing file /home/airflow/.local/lib/python3.8/site-packages/airflow/example_dags/tutorial_taskflow_api_etl.py for tasks to queue
[2021-02-08 04:34:39,094] {logging_mixin.py:104} INFO - [2021-02-08 04:34:39,094] {dagbag.py:449} INFO - Filling up the DagBag from /home/airflow/.local/lib/python3.8/site-packages/airflow/example_dags/tutorial_taskflow_api_etl.py
[2021-02-08 04:34:39,109] {scheduler_job.py:637} INFO - DAG(s) dict_keys(['tutorial_taskflow_api_etl']) retrieved from /home/airflow/.local/lib/python3.8/site-packages/airflow/example_dags/tutorial_taskflow_api_etl.py
[2021-02-08 04:34:39,140] {logging_mixin.py:104} INFO - [2021-02-08 04:34:39,140] {dag.py:1818} INFO - Sync 1 DAGs
[2021-02-08 04:34:39,156] {logging_mixin.py:104} INFO - [2021-02-08 04:34:39,156] {dag.py:2273} INFO - Setting next_dagrun for tutorial_taskflow_api_etl to None
[2021-02-08 04:34:39,178] {scheduler_job.py:189} INFO - Processing /home/airflow/.local/lib/python3.8/site-packages/airflow/example_dags/tutorial_taskflow_api_etl.py took 0.092 seconds
[2021-02-08 04:35:09,942] {scheduler_job.py:181} INFO - Started process (PID=2190) to work on /home/airflow/.local/lib/python3.8/site-packages/airflow/example_dags/tutorial_taskflow_api_etl.py
[2021-02-08 04:35:09,945] {scheduler_job.py:627} INFO - Processing file /home/airflow/.local/lib/python3.8/site-packages/airflow/example_dags/tutorial_taskflow_api_etl.py for tasks to queue
[2021-02-08 04:35:09,948] {logging_mixin.py:104} INFO - [2021-02-08 04:35:09,947] {dagbag.py:449} INFO - Filling up the DagBag from /home/airflow/.local/lib/python3.8/site-packages/airflow/example_dags/tutorial_taskflow_api_etl.py
[2021-02-08 04:35:09,966] {scheduler_job.py:637} INFO - DAG(s) dict_keys(['tutorial_taskflow_api_etl']) retrieved from /home/airflow/.local/lib/python3.8/site-packages/airflow/example_dags/tutorial_taskflow_api_etl.py
[2021-02-08 04:35:10,008] {logging_mixin.py:104} INFO - [2021-02-08 04:35:10,008] {dag.py:1818} INFO - Sync 1 DAGs
[2021-02-08 04:35:10,030] {logging_mixin.py:104} INFO - [2021-02-08 04:35:10,030] {dag.py:2273} INFO - Setting next_dagrun for tutorial_taskflow_api_etl to None
[2021-02-08 04:35:10,056] {scheduler_job.py:189} INFO - Processing /home/airflow/.local/lib/python3.8/site-packages/airflow/example_dags/tutorial_taskflow_api_etl.py took 0.121 seconds
[2021-02-08 04:35:40,305] {scheduler_job.py:181} INFO - Started process (PID=2216) to work on /home/airflow/.local/lib/python3.8/site-packages/airflow/example_dags/tutorial_taskflow_api_etl.py
[2021-02-08 04:35:40,321] {scheduler_job.py:627} INFO - Processing file /home/airflow/.local/lib/python3.8/site-packages/airflow/example_dags/tutorial_taskflow_api_etl.py for tasks to queue
[2021-02-08 04:35:40,328] {logging_mixin.py:104} INFO - [2021-02-08 04:35:40,327] {dagbag.py:449} INFO - Filling up the DagBag from /home/airflow/.local/lib/python3.8/site-packages/airflow/example_dags/tutorial_taskflow_api_etl.py
[2021-02-08 04:35:40,451] {scheduler_job.py:637} INFO - DAG(s) dict_keys(['tutorial_taskflow_api_etl']) retrieved from /home/airflow/.local/lib/python3.8/site-packages/airflow/example_dags/tutorial_taskflow_api_etl.py
[2021-02-08 04:35:40,525] {logging_mixin.py:104} INFO - [2021-02-08 04:35:40,524] {dag.py:1818} INFO - Sync 1 DAGs
[2021-02-08 04:35:40,558] {logging_mixin.py:104} INFO - [2021-02-08 04:35:40,558] {dag.py:2273} INFO - Setting next_dagrun for tutorial_taskflow_api_etl to None
[2021-02-08 04:35:40,588] {scheduler_job.py:189} INFO - Processing /home/airflow/.local/lib/python3.8/site-packages/airflow/example_dags/tutorial_taskflow_api_etl.py took 0.310 seconds
[2021-02-08 04:36:11,268] {scheduler_job.py:181} INFO - Started process (PID=2242) to work on /home/airflow/.local/lib/python3.8/site-packages/airflow/example_dags/tutorial_taskflow_api_etl.py
[2021-02-08 04:36:11,270] {scheduler_job.py:627} INFO - Processing file /home/airflow/.local/lib/python3.8/site-packages/airflow/example_dags/tutorial_taskflow_api_etl.py for tasks to queue
[2021-02-08 04:36:11,272] {logging_mixin.py:104} INFO - [2021-02-08 04:36:11,272] {dagbag.py:449} INFO - Filling up the DagBag from /home/airflow/.local/lib/python3.8/site-packages/airflow/example_dags/tutorial_taskflow_api_etl.py
[2021-02-08 04:36:11,295] {scheduler_job.py:637} INFO - DAG(s) dict_keys(['tutorial_taskflow_api_etl']) retrieved from /home/airflow/.local/lib/python3.8/site-packages/airflow/example_dags/tutorial_taskflow_api_etl.py
[2021-02-08 04:36:11,331] {logging_mixin.py:104} INFO - [2021-02-08 04:36:11,331] {dag.py:1818} INFO - Sync 1 DAGs
[2021-02-08 04:36:11,348] {logging_mixin.py:104} INFO - [2021-02-08 04:36:11,348] {dag.py:2273} INFO - Setting next_dagrun for tutorial_taskflow_api_etl to None
[2021-02-08 04:36:11,368] {scheduler_job.py:189} INFO - Processing /home/airflow/.local/lib/python3.8/site-packages/airflow/example_dags/tutorial_taskflow_api_etl.py took 0.107 seconds
[2021-02-08 04:36:41,522] {scheduler_job.py:181} INFO - Started process (PID=2268) to work on /home/airflow/.local/lib/python3.8/site-packages/airflow/example_dags/tutorial_taskflow_api_etl.py
[2021-02-08 04:36:41,525] {scheduler_job.py:627} INFO - Processing file /home/airflow/.local/lib/python3.8/site-packages/airflow/example_dags/tutorial_taskflow_api_etl.py for tasks to queue
[2021-02-08 04:36:41,527] {logging_mixin.py:104} INFO - [2021-02-08 04:36:41,527] {dagbag.py:449} INFO - Filling up the DagBag from /home/airflow/.local/lib/python3.8/site-packages/airflow/example_dags/tutorial_taskflow_api_etl.py
[2021-02-08 04:36:41,546] {scheduler_job.py:637} INFO - DAG(s) dict_keys(['tutorial_taskflow_api_etl']) retrieved from /home/airflow/.local/lib/python3.8/site-packages/airflow/example_dags/tutorial_taskflow_api_etl.py
[2021-02-08 04:36:41,580] {logging_mixin.py:104} INFO - [2021-02-08 04:36:41,580] {dag.py:1818} INFO - Sync 1 DAGs
[2021-02-08 04:36:41,597] {logging_mixin.py:104} INFO - [2021-02-08 04:36:41,596] {dag.py:2273} INFO - Setting next_dagrun for tutorial_taskflow_api_etl to None
[2021-02-08 04:36:41,613] {scheduler_job.py:189} INFO - Processing /home/airflow/.local/lib/python3.8/site-packages/airflow/example_dags/tutorial_taskflow_api_etl.py took 0.097 seconds
[2021-02-08 04:37:11,639] {scheduler_job.py:181} INFO - Started process (PID=2293) to work on /home/airflow/.local/lib/python3.8/site-packages/airflow/example_dags/tutorial_taskflow_api_etl.py
[2021-02-08 04:37:11,641] {scheduler_job.py:627} INFO - Processing file /home/airflow/.local/lib/python3.8/site-packages/airflow/example_dags/tutorial_taskflow_api_etl.py for tasks to queue
[2021-02-08 04:37:11,642] {logging_mixin.py:104} INFO - [2021-02-08 04:37:11,642] {dagbag.py:449} INFO - Filling up the DagBag from /home/airflow/.local/lib/python3.8/site-packages/airflow/example_dags/tutorial_taskflow_api_etl.py
[2021-02-08 04:37:11,654] {scheduler_job.py:637} INFO - DAG(s) dict_keys(['tutorial_taskflow_api_etl']) retrieved from /home/airflow/.local/lib/python3.8/site-packages/airflow/example_dags/tutorial_taskflow_api_etl.py
[2021-02-08 04:37:11,678] {logging_mixin.py:104} INFO - [2021-02-08 04:37:11,678] {dag.py:1818} INFO - Sync 1 DAGs
[2021-02-08 04:37:11,691] {logging_mixin.py:104} INFO - [2021-02-08 04:37:11,691] {dag.py:2273} INFO - Setting next_dagrun for tutorial_taskflow_api_etl to None
[2021-02-08 04:37:11,708] {scheduler_job.py:189} INFO - Processing /home/airflow/.local/lib/python3.8/site-packages/airflow/example_dags/tutorial_taskflow_api_etl.py took 0.072 seconds
[2021-02-08 04:37:41,797] {scheduler_job.py:181} INFO - Started process (PID=2319) to work on /home/airflow/.local/lib/python3.8/site-packages/airflow/example_dags/tutorial_taskflow_api_etl.py
[2021-02-08 04:37:41,799] {scheduler_job.py:627} INFO - Processing file /home/airflow/.local/lib/python3.8/site-packages/airflow/example_dags/tutorial_taskflow_api_etl.py for tasks to queue
[2021-02-08 04:37:41,801] {logging_mixin.py:104} INFO - [2021-02-08 04:37:41,800] {dagbag.py:449} INFO - Filling up the DagBag from /home/airflow/.local/lib/python3.8/site-packages/airflow/example_dags/tutorial_taskflow_api_etl.py
[2021-02-08 04:37:41,813] {scheduler_job.py:637} INFO - DAG(s) dict_keys(['tutorial_taskflow_api_etl']) retrieved from /home/airflow/.local/lib/python3.8/site-packages/airflow/example_dags/tutorial_taskflow_api_etl.py
[2021-02-08 04:37:41,842] {logging_mixin.py:104} INFO - [2021-02-08 04:37:41,842] {dag.py:1818} INFO - Sync 1 DAGs
[2021-02-08 04:37:41,856] {logging_mixin.py:104} INFO - [2021-02-08 04:37:41,856] {dag.py:2273} INFO - Setting next_dagrun for tutorial_taskflow_api_etl to None
[2021-02-08 04:37:41,874] {scheduler_job.py:189} INFO - Processing /home/airflow/.local/lib/python3.8/site-packages/airflow/example_dags/tutorial_taskflow_api_etl.py took 0.081 seconds
[2021-02-08 04:38:12,001] {scheduler_job.py:181} INFO - Started process (PID=2345) to work on /home/airflow/.local/lib/python3.8/site-packages/airflow/example_dags/tutorial_taskflow_api_etl.py
[2021-02-08 04:38:12,003] {scheduler_job.py:627} INFO - Processing file /home/airflow/.local/lib/python3.8/site-packages/airflow/example_dags/tutorial_taskflow_api_etl.py for tasks to queue
[2021-02-08 04:38:12,004] {logging_mixin.py:104} INFO - [2021-02-08 04:38:12,004] {dagbag.py:449} INFO - Filling up the DagBag from /home/airflow/.local/lib/python3.8/site-packages/airflow/example_dags/tutorial_taskflow_api_etl.py
[2021-02-08 04:38:12,021] {scheduler_job.py:637} INFO - DAG(s) dict_keys(['tutorial_taskflow_api_etl']) retrieved from /home/airflow/.local/lib/python3.8/site-packages/airflow/example_dags/tutorial_taskflow_api_etl.py
[2021-02-08 04:38:12,049] {logging_mixin.py:104} INFO - [2021-02-08 04:38:12,049] {dag.py:1818} INFO - Sync 1 DAGs
[2021-02-08 04:38:12,071] {logging_mixin.py:104} INFO - [2021-02-08 04:38:12,070] {dag.py:2273} INFO - Setting next_dagrun for tutorial_taskflow_api_etl to None
[2021-02-08 04:38:12,123] {scheduler_job.py:189} INFO - Processing /home/airflow/.local/lib/python3.8/site-packages/airflow/example_dags/tutorial_taskflow_api_etl.py took 0.129 seconds
[2021-02-08 04:38:42,240] {scheduler_job.py:181} INFO - Started process (PID=2371) to work on /home/airflow/.local/lib/python3.8/site-packages/airflow/example_dags/tutorial_taskflow_api_etl.py
[2021-02-08 04:38:42,243] {scheduler_job.py:627} INFO - Processing file /home/airflow/.local/lib/python3.8/site-packages/airflow/example_dags/tutorial_taskflow_api_etl.py for tasks to queue
[2021-02-08 04:38:42,244] {logging_mixin.py:104} INFO - [2021-02-08 04:38:42,244] {dagbag.py:449} INFO - Filling up the DagBag from /home/airflow/.local/lib/python3.8/site-packages/airflow/example_dags/tutorial_taskflow_api_etl.py
[2021-02-08 04:38:42,265] {scheduler_job.py:637} INFO - DAG(s) dict_keys(['tutorial_taskflow_api_etl']) retrieved from /home/airflow/.local/lib/python3.8/site-packages/airflow/example_dags/tutorial_taskflow_api_etl.py
[2021-02-08 04:38:42,292] {logging_mixin.py:104} INFO - [2021-02-08 04:38:42,291] {dag.py:1818} INFO - Sync 1 DAGs
[2021-02-08 04:38:42,311] {logging_mixin.py:104} INFO - [2021-02-08 04:38:42,311] {dag.py:2273} INFO - Setting next_dagrun for tutorial_taskflow_api_etl to None
[2021-02-08 04:38:42,334] {scheduler_job.py:189} INFO - Processing /home/airflow/.local/lib/python3.8/site-packages/airflow/example_dags/tutorial_taskflow_api_etl.py took 0.100 seconds
[2021-02-08 04:39:12,449] {scheduler_job.py:181} INFO - Started process (PID=2397) to work on /home/airflow/.local/lib/python3.8/site-packages/airflow/example_dags/tutorial_taskflow_api_etl.py
[2021-02-08 04:39:12,451] {scheduler_job.py:627} INFO - Processing file /home/airflow/.local/lib/python3.8/site-packages/airflow/example_dags/tutorial_taskflow_api_etl.py for tasks to queue
[2021-02-08 04:39:12,454] {logging_mixin.py:104} INFO - [2021-02-08 04:39:12,454] {dagbag.py:449} INFO - Filling up the DagBag from /home/airflow/.local/lib/python3.8/site-packages/airflow/example_dags/tutorial_taskflow_api_etl.py
[2021-02-08 04:39:12,473] {scheduler_job.py:637} INFO - DAG(s) dict_keys(['tutorial_taskflow_api_etl']) retrieved from /home/airflow/.local/lib/python3.8/site-packages/airflow/example_dags/tutorial_taskflow_api_etl.py
[2021-02-08 04:39:12,530] {logging_mixin.py:104} INFO - [2021-02-08 04:39:12,530] {dag.py:1818} INFO - Sync 1 DAGs
[2021-02-08 04:39:12,591] {logging_mixin.py:104} INFO - [2021-02-08 04:39:12,591] {dag.py:2273} INFO - Setting next_dagrun for tutorial_taskflow_api_etl to None
[2021-02-08 04:39:12,620] {scheduler_job.py:189} INFO - Processing /home/airflow/.local/lib/python3.8/site-packages/airflow/example_dags/tutorial_taskflow_api_etl.py took 0.176 seconds
[2021-02-08 04:39:43,584] {scheduler_job.py:181} INFO - Started process (PID=2424) to work on /home/airflow/.local/lib/python3.8/site-packages/airflow/example_dags/tutorial_taskflow_api_etl.py
[2021-02-08 04:39:43,586] {scheduler_job.py:627} INFO - Processing file /home/airflow/.local/lib/python3.8/site-packages/airflow/example_dags/tutorial_taskflow_api_etl.py for tasks to queue
[2021-02-08 04:39:43,587] {logging_mixin.py:104} INFO - [2021-02-08 04:39:43,587] {dagbag.py:449} INFO - Filling up the DagBag from /home/airflow/.local/lib/python3.8/site-packages/airflow/example_dags/tutorial_taskflow_api_etl.py
[2021-02-08 04:39:43,603] {scheduler_job.py:637} INFO - DAG(s) dict_keys(['tutorial_taskflow_api_etl']) retrieved from /home/airflow/.local/lib/python3.8/site-packages/airflow/example_dags/tutorial_taskflow_api_etl.py
[2021-02-08 04:39:43,645] {logging_mixin.py:104} INFO - [2021-02-08 04:39:43,645] {dag.py:1818} INFO - Sync 1 DAGs
[2021-02-08 04:39:43,664] {logging_mixin.py:104} INFO - [2021-02-08 04:39:43,664] {dag.py:2273} INFO - Setting next_dagrun for tutorial_taskflow_api_etl to None
[2021-02-08 04:39:43,692] {scheduler_job.py:189} INFO - Processing /home/airflow/.local/lib/python3.8/site-packages/airflow/example_dags/tutorial_taskflow_api_etl.py took 0.113 seconds
[2021-02-08 04:40:13,988] {scheduler_job.py:181} INFO - Started process (PID=2450) to work on /home/airflow/.local/lib/python3.8/site-packages/airflow/example_dags/tutorial_taskflow_api_etl.py
[2021-02-08 04:40:13,991] {scheduler_job.py:627} INFO - Processing file /home/airflow/.local/lib/python3.8/site-packages/airflow/example_dags/tutorial_taskflow_api_etl.py for tasks to queue
[2021-02-08 04:40:13,993] {logging_mixin.py:104} INFO - [2021-02-08 04:40:13,993] {dagbag.py:449} INFO - Filling up the DagBag from /home/airflow/.local/lib/python3.8/site-packages/airflow/example_dags/tutorial_taskflow_api_etl.py
[2021-02-08 04:40:14,011] {scheduler_job.py:637} INFO - DAG(s) dict_keys(['tutorial_taskflow_api_etl']) retrieved from /home/airflow/.local/lib/python3.8/site-packages/airflow/example_dags/tutorial_taskflow_api_etl.py
[2021-02-08 04:40:14,061] {logging_mixin.py:104} INFO - [2021-02-08 04:40:14,061] {dag.py:1818} INFO - Sync 1 DAGs
[2021-02-08 04:40:14,093] {logging_mixin.py:104} INFO - [2021-02-08 04:40:14,093] {dag.py:2273} INFO - Setting next_dagrun for tutorial_taskflow_api_etl to None
[2021-02-08 04:40:14,163] {scheduler_job.py:189} INFO - Processing /home/airflow/.local/lib/python3.8/site-packages/airflow/example_dags/tutorial_taskflow_api_etl.py took 0.180 seconds
[2021-02-08 04:40:44,295] {scheduler_job.py:181} INFO - Started process (PID=2476) to work on /home/airflow/.local/lib/python3.8/site-packages/airflow/example_dags/tutorial_taskflow_api_etl.py
[2021-02-08 04:40:44,298] {scheduler_job.py:627} INFO - Processing file /home/airflow/.local/lib/python3.8/site-packages/airflow/example_dags/tutorial_taskflow_api_etl.py for tasks to queue
[2021-02-08 04:40:44,300] {logging_mixin.py:104} INFO - [2021-02-08 04:40:44,300] {dagbag.py:449} INFO - Filling up the DagBag from /home/airflow/.local/lib/python3.8/site-packages/airflow/example_dags/tutorial_taskflow_api_etl.py
[2021-02-08 04:40:44,316] {scheduler_job.py:637} INFO - DAG(s) dict_keys(['tutorial_taskflow_api_etl']) retrieved from /home/airflow/.local/lib/python3.8/site-packages/airflow/example_dags/tutorial_taskflow_api_etl.py
[2021-02-08 04:40:44,353] {logging_mixin.py:104} INFO - [2021-02-08 04:40:44,352] {dag.py:1818} INFO - Sync 1 DAGs
[2021-02-08 04:40:44,378] {logging_mixin.py:104} INFO - [2021-02-08 04:40:44,378] {dag.py:2273} INFO - Setting next_dagrun for tutorial_taskflow_api_etl to None
[2021-02-08 04:40:44,406] {scheduler_job.py:189} INFO - Processing /home/airflow/.local/lib/python3.8/site-packages/airflow/example_dags/tutorial_taskflow_api_etl.py took 0.115 seconds
[2021-02-08 04:41:15,092] {scheduler_job.py:181} INFO - Started process (PID=2498) to work on /home/airflow/.local/lib/python3.8/site-packages/airflow/example_dags/tutorial_taskflow_api_etl.py
[2021-02-08 04:41:15,094] {scheduler_job.py:627} INFO - Processing file /home/airflow/.local/lib/python3.8/site-packages/airflow/example_dags/tutorial_taskflow_api_etl.py for tasks to queue
[2021-02-08 04:41:15,096] {logging_mixin.py:104} INFO - [2021-02-08 04:41:15,096] {dagbag.py:449} INFO - Filling up the DagBag from /home/airflow/.local/lib/python3.8/site-packages/airflow/example_dags/tutorial_taskflow_api_etl.py
[2021-02-08 04:41:15,117] {scheduler_job.py:637} INFO - DAG(s) dict_keys(['tutorial_taskflow_api_etl']) retrieved from /home/airflow/.local/lib/python3.8/site-packages/airflow/example_dags/tutorial_taskflow_api_etl.py
[2021-02-08 04:41:15,161] {logging_mixin.py:104} INFO - [2021-02-08 04:41:15,161] {dag.py:1818} INFO - Sync 1 DAGs
[2021-02-08 04:41:15,187] {logging_mixin.py:104} INFO - [2021-02-08 04:41:15,187] {dag.py:2273} INFO - Setting next_dagrun for tutorial_taskflow_api_etl to None
[2021-02-08 04:41:15,207] {scheduler_job.py:189} INFO - Processing /home/airflow/.local/lib/python3.8/site-packages/airflow/example_dags/tutorial_taskflow_api_etl.py took 0.124 seconds
[2021-02-08 04:41:45,492] {scheduler_job.py:181} INFO - Started process (PID=2526) to work on /home/airflow/.local/lib/python3.8/site-packages/airflow/example_dags/tutorial_taskflow_api_etl.py
[2021-02-08 04:41:45,495] {scheduler_job.py:627} INFO - Processing file /home/airflow/.local/lib/python3.8/site-packages/airflow/example_dags/tutorial_taskflow_api_etl.py for tasks to queue
[2021-02-08 04:41:45,496] {logging_mixin.py:104} INFO - [2021-02-08 04:41:45,496] {dagbag.py:449} INFO - Filling up the DagBag from /home/airflow/.local/lib/python3.8/site-packages/airflow/example_dags/tutorial_taskflow_api_etl.py
[2021-02-08 04:41:45,515] {scheduler_job.py:637} INFO - DAG(s) dict_keys(['tutorial_taskflow_api_etl']) retrieved from /home/airflow/.local/lib/python3.8/site-packages/airflow/example_dags/tutorial_taskflow_api_etl.py
[2021-02-08 04:41:45,553] {logging_mixin.py:104} INFO - [2021-02-08 04:41:45,553] {dag.py:1818} INFO - Sync 1 DAGs
[2021-02-08 04:41:45,573] {logging_mixin.py:104} INFO - [2021-02-08 04:41:45,573] {dag.py:2273} INFO - Setting next_dagrun for tutorial_taskflow_api_etl to None
[2021-02-08 04:41:45,594] {scheduler_job.py:189} INFO - Processing /home/airflow/.local/lib/python3.8/site-packages/airflow/example_dags/tutorial_taskflow_api_etl.py took 0.107 seconds
[2021-02-08 04:42:16,222] {scheduler_job.py:181} INFO - Started process (PID=2549) to work on /home/airflow/.local/lib/python3.8/site-packages/airflow/example_dags/tutorial_taskflow_api_etl.py
[2021-02-08 04:42:16,225] {scheduler_job.py:627} INFO - Processing file /home/airflow/.local/lib/python3.8/site-packages/airflow/example_dags/tutorial_taskflow_api_etl.py for tasks to queue
[2021-02-08 04:42:16,227] {logging_mixin.py:104} INFO - [2021-02-08 04:42:16,227] {dagbag.py:449} INFO - Filling up the DagBag from /home/airflow/.local/lib/python3.8/site-packages/airflow/example_dags/tutorial_taskflow_api_etl.py
[2021-02-08 04:42:16,242] {scheduler_job.py:637} INFO - DAG(s) dict_keys(['tutorial_taskflow_api_etl']) retrieved from /home/airflow/.local/lib/python3.8/site-packages/airflow/example_dags/tutorial_taskflow_api_etl.py
[2021-02-08 04:42:16,272] {logging_mixin.py:104} INFO - [2021-02-08 04:42:16,272] {dag.py:1818} INFO - Sync 1 DAGs
[2021-02-08 04:42:16,287] {logging_mixin.py:104} INFO - [2021-02-08 04:42:16,287] {dag.py:2273} INFO - Setting next_dagrun for tutorial_taskflow_api_etl to None
[2021-02-08 04:42:16,303] {scheduler_job.py:189} INFO - Processing /home/airflow/.local/lib/python3.8/site-packages/airflow/example_dags/tutorial_taskflow_api_etl.py took 0.085 seconds
[2021-02-08 04:42:46,434] {scheduler_job.py:181} INFO - Started process (PID=2575) to work on /home/airflow/.local/lib/python3.8/site-packages/airflow/example_dags/tutorial_taskflow_api_etl.py
[2021-02-08 04:42:46,439] {scheduler_job.py:627} INFO - Processing file /home/airflow/.local/lib/python3.8/site-packages/airflow/example_dags/tutorial_taskflow_api_etl.py for tasks to queue
[2021-02-08 04:42:46,442] {logging_mixin.py:104} INFO - [2021-02-08 04:42:46,442] {dagbag.py:449} INFO - Filling up the DagBag from /home/airflow/.local/lib/python3.8/site-packages/airflow/example_dags/tutorial_taskflow_api_etl.py
[2021-02-08 04:42:46,464] {scheduler_job.py:637} INFO - DAG(s) dict_keys(['tutorial_taskflow_api_etl']) retrieved from /home/airflow/.local/lib/python3.8/site-packages/airflow/example_dags/tutorial_taskflow_api_etl.py
[2021-02-08 04:42:46,507] {logging_mixin.py:104} INFO - [2021-02-08 04:42:46,507] {dag.py:1818} INFO - Sync 1 DAGs
[2021-02-08 04:42:46,534] {logging_mixin.py:104} INFO - [2021-02-08 04:42:46,534] {dag.py:2273} INFO - Setting next_dagrun for tutorial_taskflow_api_etl to None
[2021-02-08 04:42:46,562] {scheduler_job.py:189} INFO - Processing /home/airflow/.local/lib/python3.8/site-packages/airflow/example_dags/tutorial_taskflow_api_etl.py took 0.133 seconds
[2021-02-08 04:43:16,768] {scheduler_job.py:181} INFO - Started process (PID=2600) to work on /home/airflow/.local/lib/python3.8/site-packages/airflow/example_dags/tutorial_taskflow_api_etl.py
[2021-02-08 04:43:16,782] {scheduler_job.py:627} INFO - Processing file /home/airflow/.local/lib/python3.8/site-packages/airflow/example_dags/tutorial_taskflow_api_etl.py for tasks to queue
[2021-02-08 04:43:16,785] {logging_mixin.py:104} INFO - [2021-02-08 04:43:16,784] {dagbag.py:449} INFO - Filling up the DagBag from /home/airflow/.local/lib/python3.8/site-packages/airflow/example_dags/tutorial_taskflow_api_etl.py
[2021-02-08 04:43:16,809] {scheduler_job.py:637} INFO - DAG(s) dict_keys(['tutorial_taskflow_api_etl']) retrieved from /home/airflow/.local/lib/python3.8/site-packages/airflow/example_dags/tutorial_taskflow_api_etl.py
[2021-02-08 04:43:16,867] {logging_mixin.py:104} INFO - [2021-02-08 04:43:16,867] {dag.py:1818} INFO - Sync 1 DAGs
[2021-02-08 04:43:16,889] {logging_mixin.py:104} INFO - [2021-02-08 04:43:16,889] {dag.py:2273} INFO - Setting next_dagrun for tutorial_taskflow_api_etl to None
[2021-02-08 04:43:16,913] {scheduler_job.py:189} INFO - Processing /home/airflow/.local/lib/python3.8/site-packages/airflow/example_dags/tutorial_taskflow_api_etl.py took 0.152 seconds
