[2021-02-08 01:26:30,753] {scheduler_job.py:181} INFO - Started process (PID=1631) to work on /home/airflow/.local/lib/python3.8/site-packages/airflow/example_dags/tutorial.py
[2021-02-08 01:26:30,755] {scheduler_job.py:627} INFO - Processing file /home/airflow/.local/lib/python3.8/site-packages/airflow/example_dags/tutorial.py for tasks to queue
[2021-02-08 01:26:30,757] {logging_mixin.py:104} INFO - [2021-02-08 01:26:30,757] {dagbag.py:449} INFO - Filling up the DagBag from /home/airflow/.local/lib/python3.8/site-packages/airflow/example_dags/tutorial.py
[2021-02-08 01:26:30,775] {scheduler_job.py:637} INFO - DAG(s) dict_keys(['tutorial']) retrieved from /home/airflow/.local/lib/python3.8/site-packages/airflow/example_dags/tutorial.py
[2021-02-08 01:26:30,828] {logging_mixin.py:104} INFO - [2021-02-08 01:26:30,828] {dag.py:1818} INFO - Sync 1 DAGs
[2021-02-08 01:26:30,853] {logging_mixin.py:104} INFO - [2021-02-08 01:26:30,853] {dag.py:2273} INFO - Setting next_dagrun for tutorial to 2021-02-06 00:00:00+00:00
[2021-02-08 01:26:30,871] {scheduler_job.py:189} INFO - Processing /home/airflow/.local/lib/python3.8/site-packages/airflow/example_dags/tutorial.py took 0.123 seconds
[2021-02-08 03:26:48,895] {scheduler_job.py:181} INFO - Started process (PID=1657) to work on /home/airflow/.local/lib/python3.8/site-packages/airflow/example_dags/tutorial.py
[2021-02-08 03:26:48,899] {scheduler_job.py:627} INFO - Processing file /home/airflow/.local/lib/python3.8/site-packages/airflow/example_dags/tutorial.py for tasks to queue
[2021-02-08 03:26:48,902] {logging_mixin.py:104} INFO - [2021-02-08 03:26:48,901] {dagbag.py:449} INFO - Filling up the DagBag from /home/airflow/.local/lib/python3.8/site-packages/airflow/example_dags/tutorial.py
[2021-02-08 03:26:48,916] {scheduler_job.py:637} INFO - DAG(s) dict_keys(['tutorial']) retrieved from /home/airflow/.local/lib/python3.8/site-packages/airflow/example_dags/tutorial.py
[2021-02-08 03:26:48,954] {logging_mixin.py:104} INFO - [2021-02-08 03:26:48,953] {dag.py:1818} INFO - Sync 1 DAGs
[2021-02-08 03:26:48,982] {logging_mixin.py:104} INFO - [2021-02-08 03:26:48,982] {dag.py:2273} INFO - Setting next_dagrun for tutorial to 2021-02-06 00:00:00+00:00
[2021-02-08 03:26:49,009] {scheduler_job.py:189} INFO - Processing /home/airflow/.local/lib/python3.8/site-packages/airflow/example_dags/tutorial.py took 0.118 seconds
[2021-02-08 04:25:24,593] {scheduler_job.py:181} INFO - Started process (PID=1683) to work on /home/airflow/.local/lib/python3.8/site-packages/airflow/example_dags/tutorial.py
[2021-02-08 04:25:24,603] {scheduler_job.py:627} INFO - Processing file /home/airflow/.local/lib/python3.8/site-packages/airflow/example_dags/tutorial.py for tasks to queue
[2021-02-08 04:25:24,612] {logging_mixin.py:104} INFO - [2021-02-08 04:25:24,611] {dagbag.py:449} INFO - Filling up the DagBag from /home/airflow/.local/lib/python3.8/site-packages/airflow/example_dags/tutorial.py
[2021-02-08 04:25:24,648] {scheduler_job.py:637} INFO - DAG(s) dict_keys(['tutorial']) retrieved from /home/airflow/.local/lib/python3.8/site-packages/airflow/example_dags/tutorial.py
[2021-02-08 04:25:24,745] {logging_mixin.py:104} INFO - [2021-02-08 04:25:24,744] {dag.py:1818} INFO - Sync 1 DAGs
[2021-02-08 04:25:24,806] {logging_mixin.py:104} INFO - [2021-02-08 04:25:24,805] {dag.py:2273} INFO - Setting next_dagrun for tutorial to 2021-02-06 00:00:00+00:00
[2021-02-08 04:25:24,873] {scheduler_job.py:189} INFO - Processing /home/airflow/.local/lib/python3.8/site-packages/airflow/example_dags/tutorial.py took 0.302 seconds
[2021-02-08 04:25:55,401] {scheduler_job.py:181} INFO - Started process (PID=1709) to work on /home/airflow/.local/lib/python3.8/site-packages/airflow/example_dags/tutorial.py
[2021-02-08 04:25:55,411] {scheduler_job.py:627} INFO - Processing file /home/airflow/.local/lib/python3.8/site-packages/airflow/example_dags/tutorial.py for tasks to queue
[2021-02-08 04:25:55,413] {logging_mixin.py:104} INFO - [2021-02-08 04:25:55,413] {dagbag.py:449} INFO - Filling up the DagBag from /home/airflow/.local/lib/python3.8/site-packages/airflow/example_dags/tutorial.py
[2021-02-08 04:25:55,428] {scheduler_job.py:637} INFO - DAG(s) dict_keys(['tutorial']) retrieved from /home/airflow/.local/lib/python3.8/site-packages/airflow/example_dags/tutorial.py
[2021-02-08 04:25:55,466] {logging_mixin.py:104} INFO - [2021-02-08 04:25:55,466] {dag.py:1818} INFO - Sync 1 DAGs
[2021-02-08 04:25:55,496] {logging_mixin.py:104} INFO - [2021-02-08 04:25:55,494] {dag.py:2273} INFO - Setting next_dagrun for tutorial to 2021-02-06 00:00:00+00:00
[2021-02-08 04:25:55,523] {scheduler_job.py:189} INFO - Processing /home/airflow/.local/lib/python3.8/site-packages/airflow/example_dags/tutorial.py took 0.130 seconds
[2021-02-08 04:26:25,690] {scheduler_job.py:181} INFO - Started process (PID=1734) to work on /home/airflow/.local/lib/python3.8/site-packages/airflow/example_dags/tutorial.py
[2021-02-08 04:26:25,692] {scheduler_job.py:627} INFO - Processing file /home/airflow/.local/lib/python3.8/site-packages/airflow/example_dags/tutorial.py for tasks to queue
[2021-02-08 04:26:25,694] {logging_mixin.py:104} INFO - [2021-02-08 04:26:25,694] {dagbag.py:449} INFO - Filling up the DagBag from /home/airflow/.local/lib/python3.8/site-packages/airflow/example_dags/tutorial.py
[2021-02-08 04:26:25,708] {scheduler_job.py:637} INFO - DAG(s) dict_keys(['tutorial']) retrieved from /home/airflow/.local/lib/python3.8/site-packages/airflow/example_dags/tutorial.py
[2021-02-08 04:26:25,760] {logging_mixin.py:104} INFO - [2021-02-08 04:26:25,760] {dag.py:1818} INFO - Sync 1 DAGs
[2021-02-08 04:26:25,779] {logging_mixin.py:104} INFO - [2021-02-08 04:26:25,778] {dag.py:2273} INFO - Setting next_dagrun for tutorial to 2021-02-06 00:00:00+00:00
[2021-02-08 04:26:25,792] {scheduler_job.py:189} INFO - Processing /home/airflow/.local/lib/python3.8/site-packages/airflow/example_dags/tutorial.py took 0.105 seconds
[2021-02-08 04:26:56,744] {scheduler_job.py:181} INFO - Started process (PID=1764) to work on /home/airflow/.local/lib/python3.8/site-packages/airflow/example_dags/tutorial.py
[2021-02-08 04:26:56,747] {scheduler_job.py:627} INFO - Processing file /home/airflow/.local/lib/python3.8/site-packages/airflow/example_dags/tutorial.py for tasks to queue
[2021-02-08 04:26:56,749] {logging_mixin.py:104} INFO - [2021-02-08 04:26:56,749] {dagbag.py:449} INFO - Filling up the DagBag from /home/airflow/.local/lib/python3.8/site-packages/airflow/example_dags/tutorial.py
[2021-02-08 04:26:56,762] {scheduler_job.py:637} INFO - DAG(s) dict_keys(['tutorial']) retrieved from /home/airflow/.local/lib/python3.8/site-packages/airflow/example_dags/tutorial.py
[2021-02-08 04:26:56,790] {logging_mixin.py:104} INFO - [2021-02-08 04:26:56,790] {dag.py:1818} INFO - Sync 1 DAGs
[2021-02-08 04:26:56,807] {logging_mixin.py:104} INFO - [2021-02-08 04:26:56,807] {dag.py:2273} INFO - Setting next_dagrun for tutorial to 2021-02-06 00:00:00+00:00
[2021-02-08 04:26:56,820] {scheduler_job.py:189} INFO - Processing /home/airflow/.local/lib/python3.8/site-packages/airflow/example_dags/tutorial.py took 0.081 seconds
[2021-02-08 04:27:27,375] {scheduler_job.py:181} INFO - Started process (PID=1790) to work on /home/airflow/.local/lib/python3.8/site-packages/airflow/example_dags/tutorial.py
[2021-02-08 04:27:27,378] {scheduler_job.py:627} INFO - Processing file /home/airflow/.local/lib/python3.8/site-packages/airflow/example_dags/tutorial.py for tasks to queue
[2021-02-08 04:27:27,380] {logging_mixin.py:104} INFO - [2021-02-08 04:27:27,380] {dagbag.py:449} INFO - Filling up the DagBag from /home/airflow/.local/lib/python3.8/site-packages/airflow/example_dags/tutorial.py
[2021-02-08 04:27:27,391] {scheduler_job.py:637} INFO - DAG(s) dict_keys(['tutorial']) retrieved from /home/airflow/.local/lib/python3.8/site-packages/airflow/example_dags/tutorial.py
[2021-02-08 04:27:27,429] {logging_mixin.py:104} INFO - [2021-02-08 04:27:27,428] {dag.py:1818} INFO - Sync 1 DAGs
[2021-02-08 04:27:27,463] {logging_mixin.py:104} INFO - [2021-02-08 04:27:27,463] {dag.py:2273} INFO - Setting next_dagrun for tutorial to 2021-02-06 00:00:00+00:00
[2021-02-08 04:27:27,488] {scheduler_job.py:189} INFO - Processing /home/airflow/.local/lib/python3.8/site-packages/airflow/example_dags/tutorial.py took 0.117 seconds
[2021-02-08 04:27:58,023] {scheduler_job.py:181} INFO - Started process (PID=1816) to work on /home/airflow/.local/lib/python3.8/site-packages/airflow/example_dags/tutorial.py
[2021-02-08 04:27:58,026] {scheduler_job.py:627} INFO - Processing file /home/airflow/.local/lib/python3.8/site-packages/airflow/example_dags/tutorial.py for tasks to queue
[2021-02-08 04:27:58,028] {logging_mixin.py:104} INFO - [2021-02-08 04:27:58,028] {dagbag.py:449} INFO - Filling up the DagBag from /home/airflow/.local/lib/python3.8/site-packages/airflow/example_dags/tutorial.py
[2021-02-08 04:27:58,044] {scheduler_job.py:637} INFO - DAG(s) dict_keys(['tutorial']) retrieved from /home/airflow/.local/lib/python3.8/site-packages/airflow/example_dags/tutorial.py
[2021-02-08 04:27:58,083] {logging_mixin.py:104} INFO - [2021-02-08 04:27:58,082] {dag.py:1818} INFO - Sync 1 DAGs
[2021-02-08 04:27:58,103] {logging_mixin.py:104} INFO - [2021-02-08 04:27:58,103] {dag.py:2273} INFO - Setting next_dagrun for tutorial to 2021-02-06 00:00:00+00:00
[2021-02-08 04:27:58,123] {scheduler_job.py:189} INFO - Processing /home/airflow/.local/lib/python3.8/site-packages/airflow/example_dags/tutorial.py took 0.106 seconds
[2021-02-08 04:28:28,398] {scheduler_job.py:181} INFO - Started process (PID=1842) to work on /home/airflow/.local/lib/python3.8/site-packages/airflow/example_dags/tutorial.py
[2021-02-08 04:28:28,401] {scheduler_job.py:627} INFO - Processing file /home/airflow/.local/lib/python3.8/site-packages/airflow/example_dags/tutorial.py for tasks to queue
[2021-02-08 04:28:28,403] {logging_mixin.py:104} INFO - [2021-02-08 04:28:28,403] {dagbag.py:449} INFO - Filling up the DagBag from /home/airflow/.local/lib/python3.8/site-packages/airflow/example_dags/tutorial.py
[2021-02-08 04:28:28,421] {scheduler_job.py:637} INFO - DAG(s) dict_keys(['tutorial']) retrieved from /home/airflow/.local/lib/python3.8/site-packages/airflow/example_dags/tutorial.py
[2021-02-08 04:28:28,486] {logging_mixin.py:104} INFO - [2021-02-08 04:28:28,486] {dag.py:1818} INFO - Sync 1 DAGs
[2021-02-08 04:28:28,516] {logging_mixin.py:104} INFO - [2021-02-08 04:28:28,515] {dag.py:2273} INFO - Setting next_dagrun for tutorial to 2021-02-06 00:00:00+00:00
[2021-02-08 04:28:28,536] {scheduler_job.py:189} INFO - Processing /home/airflow/.local/lib/python3.8/site-packages/airflow/example_dags/tutorial.py took 0.143 seconds
[2021-02-08 04:28:58,952] {scheduler_job.py:181} INFO - Started process (PID=1868) to work on /home/airflow/.local/lib/python3.8/site-packages/airflow/example_dags/tutorial.py
[2021-02-08 04:28:58,954] {scheduler_job.py:627} INFO - Processing file /home/airflow/.local/lib/python3.8/site-packages/airflow/example_dags/tutorial.py for tasks to queue
[2021-02-08 04:28:58,956] {logging_mixin.py:104} INFO - [2021-02-08 04:28:58,956] {dagbag.py:449} INFO - Filling up the DagBag from /home/airflow/.local/lib/python3.8/site-packages/airflow/example_dags/tutorial.py
[2021-02-08 04:28:58,972] {scheduler_job.py:637} INFO - DAG(s) dict_keys(['tutorial']) retrieved from /home/airflow/.local/lib/python3.8/site-packages/airflow/example_dags/tutorial.py
[2021-02-08 04:28:59,004] {logging_mixin.py:104} INFO - [2021-02-08 04:28:59,004] {dag.py:1818} INFO - Sync 1 DAGs
[2021-02-08 04:28:59,021] {logging_mixin.py:104} INFO - [2021-02-08 04:28:59,021] {dag.py:2273} INFO - Setting next_dagrun for tutorial to 2021-02-06 00:00:00+00:00
[2021-02-08 04:28:59,035] {scheduler_job.py:189} INFO - Processing /home/airflow/.local/lib/python3.8/site-packages/airflow/example_dags/tutorial.py took 0.088 seconds
[2021-02-08 04:29:29,539] {scheduler_job.py:181} INFO - Started process (PID=1894) to work on /home/airflow/.local/lib/python3.8/site-packages/airflow/example_dags/tutorial.py
[2021-02-08 04:29:29,542] {scheduler_job.py:627} INFO - Processing file /home/airflow/.local/lib/python3.8/site-packages/airflow/example_dags/tutorial.py for tasks to queue
[2021-02-08 04:29:29,544] {logging_mixin.py:104} INFO - [2021-02-08 04:29:29,544] {dagbag.py:449} INFO - Filling up the DagBag from /home/airflow/.local/lib/python3.8/site-packages/airflow/example_dags/tutorial.py
[2021-02-08 04:29:29,557] {scheduler_job.py:637} INFO - DAG(s) dict_keys(['tutorial']) retrieved from /home/airflow/.local/lib/python3.8/site-packages/airflow/example_dags/tutorial.py
[2021-02-08 04:29:29,585] {logging_mixin.py:104} INFO - [2021-02-08 04:29:29,584] {dag.py:1818} INFO - Sync 1 DAGs
[2021-02-08 04:29:29,599] {logging_mixin.py:104} INFO - [2021-02-08 04:29:29,599] {dag.py:2273} INFO - Setting next_dagrun for tutorial to 2021-02-06 00:00:00+00:00
[2021-02-08 04:29:29,619] {scheduler_job.py:189} INFO - Processing /home/airflow/.local/lib/python3.8/site-packages/airflow/example_dags/tutorial.py took 0.084 seconds
[2021-02-08 04:30:00,490] {scheduler_job.py:181} INFO - Started process (PID=1920) to work on /home/airflow/.local/lib/python3.8/site-packages/airflow/example_dags/tutorial.py
[2021-02-08 04:30:00,492] {scheduler_job.py:627} INFO - Processing file /home/airflow/.local/lib/python3.8/site-packages/airflow/example_dags/tutorial.py for tasks to queue
[2021-02-08 04:30:00,494] {logging_mixin.py:104} INFO - [2021-02-08 04:30:00,494] {dagbag.py:449} INFO - Filling up the DagBag from /home/airflow/.local/lib/python3.8/site-packages/airflow/example_dags/tutorial.py
[2021-02-08 04:30:00,510] {scheduler_job.py:637} INFO - DAG(s) dict_keys(['tutorial']) retrieved from /home/airflow/.local/lib/python3.8/site-packages/airflow/example_dags/tutorial.py
[2021-02-08 04:30:00,547] {logging_mixin.py:104} INFO - [2021-02-08 04:30:00,547] {dag.py:1818} INFO - Sync 1 DAGs
[2021-02-08 04:30:00,582] {logging_mixin.py:104} INFO - [2021-02-08 04:30:00,581] {dag.py:2273} INFO - Setting next_dagrun for tutorial to 2021-02-06 00:00:00+00:00
[2021-02-08 04:30:00,594] {scheduler_job.py:189} INFO - Processing /home/airflow/.local/lib/python3.8/site-packages/airflow/example_dags/tutorial.py took 0.108 seconds
[2021-02-08 04:30:31,105] {scheduler_job.py:181} INFO - Started process (PID=1946) to work on /home/airflow/.local/lib/python3.8/site-packages/airflow/example_dags/tutorial.py
[2021-02-08 04:30:31,108] {scheduler_job.py:627} INFO - Processing file /home/airflow/.local/lib/python3.8/site-packages/airflow/example_dags/tutorial.py for tasks to queue
[2021-02-08 04:30:31,110] {logging_mixin.py:104} INFO - [2021-02-08 04:30:31,110] {dagbag.py:449} INFO - Filling up the DagBag from /home/airflow/.local/lib/python3.8/site-packages/airflow/example_dags/tutorial.py
[2021-02-08 04:30:31,129] {scheduler_job.py:637} INFO - DAG(s) dict_keys(['tutorial']) retrieved from /home/airflow/.local/lib/python3.8/site-packages/airflow/example_dags/tutorial.py
[2021-02-08 04:30:31,159] {logging_mixin.py:104} INFO - [2021-02-08 04:30:31,159] {dag.py:1818} INFO - Sync 1 DAGs
[2021-02-08 04:30:31,176] {logging_mixin.py:104} INFO - [2021-02-08 04:30:31,176] {dag.py:2273} INFO - Setting next_dagrun for tutorial to 2021-02-06 00:00:00+00:00
[2021-02-08 04:30:31,190] {scheduler_job.py:189} INFO - Processing /home/airflow/.local/lib/python3.8/site-packages/airflow/example_dags/tutorial.py took 0.091 seconds
[2021-02-08 04:31:01,850] {scheduler_job.py:181} INFO - Started process (PID=1972) to work on /home/airflow/.local/lib/python3.8/site-packages/airflow/example_dags/tutorial.py
[2021-02-08 04:31:01,852] {scheduler_job.py:627} INFO - Processing file /home/airflow/.local/lib/python3.8/site-packages/airflow/example_dags/tutorial.py for tasks to queue
[2021-02-08 04:31:01,854] {logging_mixin.py:104} INFO - [2021-02-08 04:31:01,854] {dagbag.py:449} INFO - Filling up the DagBag from /home/airflow/.local/lib/python3.8/site-packages/airflow/example_dags/tutorial.py
[2021-02-08 04:31:01,870] {scheduler_job.py:637} INFO - DAG(s) dict_keys(['tutorial']) retrieved from /home/airflow/.local/lib/python3.8/site-packages/airflow/example_dags/tutorial.py
[2021-02-08 04:31:01,910] {logging_mixin.py:104} INFO - [2021-02-08 04:31:01,909] {dag.py:1818} INFO - Sync 1 DAGs
[2021-02-08 04:31:01,933] {logging_mixin.py:104} INFO - [2021-02-08 04:31:01,933] {dag.py:2273} INFO - Setting next_dagrun for tutorial to 2021-02-06 00:00:00+00:00
[2021-02-08 04:31:01,948] {scheduler_job.py:189} INFO - Processing /home/airflow/.local/lib/python3.8/site-packages/airflow/example_dags/tutorial.py took 0.103 seconds
[2021-02-08 04:31:32,379] {scheduler_job.py:181} INFO - Started process (PID=1998) to work on /home/airflow/.local/lib/python3.8/site-packages/airflow/example_dags/tutorial.py
[2021-02-08 04:31:32,381] {scheduler_job.py:627} INFO - Processing file /home/airflow/.local/lib/python3.8/site-packages/airflow/example_dags/tutorial.py for tasks to queue
[2021-02-08 04:31:32,383] {logging_mixin.py:104} INFO - [2021-02-08 04:31:32,383] {dagbag.py:449} INFO - Filling up the DagBag from /home/airflow/.local/lib/python3.8/site-packages/airflow/example_dags/tutorial.py
[2021-02-08 04:31:32,396] {scheduler_job.py:637} INFO - DAG(s) dict_keys(['tutorial']) retrieved from /home/airflow/.local/lib/python3.8/site-packages/airflow/example_dags/tutorial.py
[2021-02-08 04:31:32,427] {logging_mixin.py:104} INFO - [2021-02-08 04:31:32,427] {dag.py:1818} INFO - Sync 1 DAGs
[2021-02-08 04:31:32,442] {logging_mixin.py:104} INFO - [2021-02-08 04:31:32,441] {dag.py:2273} INFO - Setting next_dagrun for tutorial to 2021-02-06 00:00:00+00:00
[2021-02-08 04:31:32,455] {scheduler_job.py:189} INFO - Processing /home/airflow/.local/lib/python3.8/site-packages/airflow/example_dags/tutorial.py took 0.081 seconds
[2021-02-08 04:32:02,860] {scheduler_job.py:181} INFO - Started process (PID=2024) to work on /home/airflow/.local/lib/python3.8/site-packages/airflow/example_dags/tutorial.py
[2021-02-08 04:32:02,863] {scheduler_job.py:627} INFO - Processing file /home/airflow/.local/lib/python3.8/site-packages/airflow/example_dags/tutorial.py for tasks to queue
[2021-02-08 04:32:02,865] {logging_mixin.py:104} INFO - [2021-02-08 04:32:02,865] {dagbag.py:449} INFO - Filling up the DagBag from /home/airflow/.local/lib/python3.8/site-packages/airflow/example_dags/tutorial.py
[2021-02-08 04:32:02,881] {scheduler_job.py:637} INFO - DAG(s) dict_keys(['tutorial']) retrieved from /home/airflow/.local/lib/python3.8/site-packages/airflow/example_dags/tutorial.py
[2021-02-08 04:32:02,920] {logging_mixin.py:104} INFO - [2021-02-08 04:32:02,920] {dag.py:1818} INFO - Sync 1 DAGs
[2021-02-08 04:32:02,940] {logging_mixin.py:104} INFO - [2021-02-08 04:32:02,940] {dag.py:2273} INFO - Setting next_dagrun for tutorial to 2021-02-06 00:00:00+00:00
[2021-02-08 04:32:02,956] {scheduler_job.py:189} INFO - Processing /home/airflow/.local/lib/python3.8/site-packages/airflow/example_dags/tutorial.py took 0.100 seconds
[2021-02-08 04:32:33,446] {scheduler_job.py:181} INFO - Started process (PID=2050) to work on /home/airflow/.local/lib/python3.8/site-packages/airflow/example_dags/tutorial.py
[2021-02-08 04:32:33,449] {scheduler_job.py:627} INFO - Processing file /home/airflow/.local/lib/python3.8/site-packages/airflow/example_dags/tutorial.py for tasks to queue
[2021-02-08 04:32:33,450] {logging_mixin.py:104} INFO - [2021-02-08 04:32:33,450] {dagbag.py:449} INFO - Filling up the DagBag from /home/airflow/.local/lib/python3.8/site-packages/airflow/example_dags/tutorial.py
[2021-02-08 04:32:33,460] {scheduler_job.py:637} INFO - DAG(s) dict_keys(['tutorial']) retrieved from /home/airflow/.local/lib/python3.8/site-packages/airflow/example_dags/tutorial.py
[2021-02-08 04:32:33,488] {logging_mixin.py:104} INFO - [2021-02-08 04:32:33,488] {dag.py:1818} INFO - Sync 1 DAGs
[2021-02-08 04:32:33,511] {logging_mixin.py:104} INFO - [2021-02-08 04:32:33,510] {dag.py:2273} INFO - Setting next_dagrun for tutorial to 2021-02-06 00:00:00+00:00
[2021-02-08 04:32:33,544] {scheduler_job.py:189} INFO - Processing /home/airflow/.local/lib/python3.8/site-packages/airflow/example_dags/tutorial.py took 0.102 seconds
[2021-02-08 04:33:03,668] {scheduler_job.py:181} INFO - Started process (PID=2076) to work on /home/airflow/.local/lib/python3.8/site-packages/airflow/example_dags/tutorial.py
[2021-02-08 04:33:03,671] {scheduler_job.py:627} INFO - Processing file /home/airflow/.local/lib/python3.8/site-packages/airflow/example_dags/tutorial.py for tasks to queue
[2021-02-08 04:33:03,673] {logging_mixin.py:104} INFO - [2021-02-08 04:33:03,672] {dagbag.py:449} INFO - Filling up the DagBag from /home/airflow/.local/lib/python3.8/site-packages/airflow/example_dags/tutorial.py
[2021-02-08 04:33:03,685] {scheduler_job.py:637} INFO - DAG(s) dict_keys(['tutorial']) retrieved from /home/airflow/.local/lib/python3.8/site-packages/airflow/example_dags/tutorial.py
[2021-02-08 04:33:03,707] {logging_mixin.py:104} INFO - [2021-02-08 04:33:03,707] {dag.py:1818} INFO - Sync 1 DAGs
[2021-02-08 04:33:03,721] {logging_mixin.py:104} INFO - [2021-02-08 04:33:03,721] {dag.py:2273} INFO - Setting next_dagrun for tutorial to 2021-02-06 00:00:00+00:00
[2021-02-08 04:33:03,733] {scheduler_job.py:189} INFO - Processing /home/airflow/.local/lib/python3.8/site-packages/airflow/example_dags/tutorial.py took 0.069 seconds
[2021-02-08 04:33:34,581] {scheduler_job.py:181} INFO - Started process (PID=2102) to work on /home/airflow/.local/lib/python3.8/site-packages/airflow/example_dags/tutorial.py
[2021-02-08 04:33:34,584] {scheduler_job.py:627} INFO - Processing file /home/airflow/.local/lib/python3.8/site-packages/airflow/example_dags/tutorial.py for tasks to queue
[2021-02-08 04:33:34,586] {logging_mixin.py:104} INFO - [2021-02-08 04:33:34,586] {dagbag.py:449} INFO - Filling up the DagBag from /home/airflow/.local/lib/python3.8/site-packages/airflow/example_dags/tutorial.py
[2021-02-08 04:33:34,602] {scheduler_job.py:637} INFO - DAG(s) dict_keys(['tutorial']) retrieved from /home/airflow/.local/lib/python3.8/site-packages/airflow/example_dags/tutorial.py
[2021-02-08 04:33:34,647] {logging_mixin.py:104} INFO - [2021-02-08 04:33:34,646] {dag.py:1818} INFO - Sync 1 DAGs
[2021-02-08 04:33:34,693] {logging_mixin.py:104} INFO - [2021-02-08 04:33:34,692] {dag.py:2273} INFO - Setting next_dagrun for tutorial to 2021-02-06 00:00:00+00:00
[2021-02-08 04:33:34,730] {scheduler_job.py:189} INFO - Processing /home/airflow/.local/lib/python3.8/site-packages/airflow/example_dags/tutorial.py took 0.154 seconds
[2021-02-08 04:34:04,994] {scheduler_job.py:181} INFO - Started process (PID=2128) to work on /home/airflow/.local/lib/python3.8/site-packages/airflow/example_dags/tutorial.py
[2021-02-08 04:34:05,003] {scheduler_job.py:627} INFO - Processing file /home/airflow/.local/lib/python3.8/site-packages/airflow/example_dags/tutorial.py for tasks to queue
[2021-02-08 04:34:05,011] {logging_mixin.py:104} INFO - [2021-02-08 04:34:05,010] {dagbag.py:449} INFO - Filling up the DagBag from /home/airflow/.local/lib/python3.8/site-packages/airflow/example_dags/tutorial.py
[2021-02-08 04:34:05,035] {scheduler_job.py:637} INFO - DAG(s) dict_keys(['tutorial']) retrieved from /home/airflow/.local/lib/python3.8/site-packages/airflow/example_dags/tutorial.py
[2021-02-08 04:34:05,074] {logging_mixin.py:104} INFO - [2021-02-08 04:34:05,074] {dag.py:1818} INFO - Sync 1 DAGs
[2021-02-08 04:34:05,095] {logging_mixin.py:104} INFO - [2021-02-08 04:34:05,095] {dag.py:2273} INFO - Setting next_dagrun for tutorial to 2021-02-06 00:00:00+00:00
[2021-02-08 04:34:05,109] {scheduler_job.py:189} INFO - Processing /home/airflow/.local/lib/python3.8/site-packages/airflow/example_dags/tutorial.py took 0.128 seconds
[2021-02-08 04:34:35,782] {scheduler_job.py:181} INFO - Started process (PID=2154) to work on /home/airflow/.local/lib/python3.8/site-packages/airflow/example_dags/tutorial.py
[2021-02-08 04:34:35,789] {scheduler_job.py:627} INFO - Processing file /home/airflow/.local/lib/python3.8/site-packages/airflow/example_dags/tutorial.py for tasks to queue
[2021-02-08 04:34:35,793] {logging_mixin.py:104} INFO - [2021-02-08 04:34:35,792] {dagbag.py:449} INFO - Filling up the DagBag from /home/airflow/.local/lib/python3.8/site-packages/airflow/example_dags/tutorial.py
[2021-02-08 04:34:35,818] {scheduler_job.py:637} INFO - DAG(s) dict_keys(['tutorial']) retrieved from /home/airflow/.local/lib/python3.8/site-packages/airflow/example_dags/tutorial.py
[2021-02-08 04:34:35,957] {logging_mixin.py:104} INFO - [2021-02-08 04:34:35,957] {dag.py:1818} INFO - Sync 1 DAGs
[2021-02-08 04:34:36,007] {logging_mixin.py:104} INFO - [2021-02-08 04:34:36,007] {dag.py:2273} INFO - Setting next_dagrun for tutorial to 2021-02-06 00:00:00+00:00
[2021-02-08 04:34:36,027] {scheduler_job.py:189} INFO - Processing /home/airflow/.local/lib/python3.8/site-packages/airflow/example_dags/tutorial.py took 0.272 seconds
[2021-02-08 04:35:06,320] {scheduler_job.py:181} INFO - Started process (PID=2180) to work on /home/airflow/.local/lib/python3.8/site-packages/airflow/example_dags/tutorial.py
[2021-02-08 04:35:06,322] {scheduler_job.py:627} INFO - Processing file /home/airflow/.local/lib/python3.8/site-packages/airflow/example_dags/tutorial.py for tasks to queue
[2021-02-08 04:35:06,324] {logging_mixin.py:104} INFO - [2021-02-08 04:35:06,324] {dagbag.py:449} INFO - Filling up the DagBag from /home/airflow/.local/lib/python3.8/site-packages/airflow/example_dags/tutorial.py
[2021-02-08 04:35:06,337] {scheduler_job.py:637} INFO - DAG(s) dict_keys(['tutorial']) retrieved from /home/airflow/.local/lib/python3.8/site-packages/airflow/example_dags/tutorial.py
[2021-02-08 04:35:06,371] {logging_mixin.py:104} INFO - [2021-02-08 04:35:06,371] {dag.py:1818} INFO - Sync 1 DAGs
[2021-02-08 04:35:06,398] {logging_mixin.py:104} INFO - [2021-02-08 04:35:06,397] {dag.py:2273} INFO - Setting next_dagrun for tutorial to 2021-02-06 00:00:00+00:00
[2021-02-08 04:35:06,414] {scheduler_job.py:189} INFO - Processing /home/airflow/.local/lib/python3.8/site-packages/airflow/example_dags/tutorial.py took 0.098 seconds
[2021-02-08 04:35:36,531] {scheduler_job.py:181} INFO - Started process (PID=2206) to work on /home/airflow/.local/lib/python3.8/site-packages/airflow/example_dags/tutorial.py
[2021-02-08 04:35:36,533] {scheduler_job.py:627} INFO - Processing file /home/airflow/.local/lib/python3.8/site-packages/airflow/example_dags/tutorial.py for tasks to queue
[2021-02-08 04:35:36,535] {logging_mixin.py:104} INFO - [2021-02-08 04:35:36,535] {dagbag.py:449} INFO - Filling up the DagBag from /home/airflow/.local/lib/python3.8/site-packages/airflow/example_dags/tutorial.py
[2021-02-08 04:35:36,549] {scheduler_job.py:637} INFO - DAG(s) dict_keys(['tutorial']) retrieved from /home/airflow/.local/lib/python3.8/site-packages/airflow/example_dags/tutorial.py
[2021-02-08 04:35:36,583] {logging_mixin.py:104} INFO - [2021-02-08 04:35:36,582] {dag.py:1818} INFO - Sync 1 DAGs
[2021-02-08 04:35:36,603] {logging_mixin.py:104} INFO - [2021-02-08 04:35:36,603] {dag.py:2273} INFO - Setting next_dagrun for tutorial to 2021-02-06 00:00:00+00:00
[2021-02-08 04:35:36,619] {scheduler_job.py:189} INFO - Processing /home/airflow/.local/lib/python3.8/site-packages/airflow/example_dags/tutorial.py took 0.092 seconds
[2021-02-08 04:36:06,826] {scheduler_job.py:181} INFO - Started process (PID=2231) to work on /home/airflow/.local/lib/python3.8/site-packages/airflow/example_dags/tutorial.py
[2021-02-08 04:36:06,832] {scheduler_job.py:627} INFO - Processing file /home/airflow/.local/lib/python3.8/site-packages/airflow/example_dags/tutorial.py for tasks to queue
[2021-02-08 04:36:06,843] {logging_mixin.py:104} INFO - [2021-02-08 04:36:06,841] {dagbag.py:449} INFO - Filling up the DagBag from /home/airflow/.local/lib/python3.8/site-packages/airflow/example_dags/tutorial.py
[2021-02-08 04:36:06,886] {scheduler_job.py:637} INFO - DAG(s) dict_keys(['tutorial']) retrieved from /home/airflow/.local/lib/python3.8/site-packages/airflow/example_dags/tutorial.py
[2021-02-08 04:36:06,978] {logging_mixin.py:104} INFO - [2021-02-08 04:36:06,978] {dag.py:1818} INFO - Sync 1 DAGs
[2021-02-08 04:36:07,014] {logging_mixin.py:104} INFO - [2021-02-08 04:36:07,014] {dag.py:2273} INFO - Setting next_dagrun for tutorial to 2021-02-06 00:00:00+00:00
[2021-02-08 04:36:07,043] {scheduler_job.py:189} INFO - Processing /home/airflow/.local/lib/python3.8/site-packages/airflow/example_dags/tutorial.py took 0.231 seconds
[2021-02-08 04:36:37,383] {scheduler_job.py:181} INFO - Started process (PID=2256) to work on /home/airflow/.local/lib/python3.8/site-packages/airflow/example_dags/tutorial.py
[2021-02-08 04:36:37,385] {scheduler_job.py:627} INFO - Processing file /home/airflow/.local/lib/python3.8/site-packages/airflow/example_dags/tutorial.py for tasks to queue
[2021-02-08 04:36:37,387] {logging_mixin.py:104} INFO - [2021-02-08 04:36:37,387] {dagbag.py:449} INFO - Filling up the DagBag from /home/airflow/.local/lib/python3.8/site-packages/airflow/example_dags/tutorial.py
[2021-02-08 04:36:37,400] {scheduler_job.py:637} INFO - DAG(s) dict_keys(['tutorial']) retrieved from /home/airflow/.local/lib/python3.8/site-packages/airflow/example_dags/tutorial.py
[2021-02-08 04:36:37,432] {logging_mixin.py:104} INFO - [2021-02-08 04:36:37,431] {dag.py:1818} INFO - Sync 1 DAGs
[2021-02-08 04:36:37,447] {logging_mixin.py:104} INFO - [2021-02-08 04:36:37,447] {dag.py:2273} INFO - Setting next_dagrun for tutorial to 2021-02-06 00:00:00+00:00
[2021-02-08 04:36:37,462] {scheduler_job.py:189} INFO - Processing /home/airflow/.local/lib/python3.8/site-packages/airflow/example_dags/tutorial.py took 0.084 seconds
[2021-02-08 04:37:07,714] {scheduler_job.py:181} INFO - Started process (PID=2282) to work on /home/airflow/.local/lib/python3.8/site-packages/airflow/example_dags/tutorial.py
[2021-02-08 04:37:07,717] {scheduler_job.py:627} INFO - Processing file /home/airflow/.local/lib/python3.8/site-packages/airflow/example_dags/tutorial.py for tasks to queue
[2021-02-08 04:37:07,720] {logging_mixin.py:104} INFO - [2021-02-08 04:37:07,719] {dagbag.py:449} INFO - Filling up the DagBag from /home/airflow/.local/lib/python3.8/site-packages/airflow/example_dags/tutorial.py
[2021-02-08 04:37:07,736] {scheduler_job.py:637} INFO - DAG(s) dict_keys(['tutorial']) retrieved from /home/airflow/.local/lib/python3.8/site-packages/airflow/example_dags/tutorial.py
[2021-02-08 04:37:07,769] {logging_mixin.py:104} INFO - [2021-02-08 04:37:07,769] {dag.py:1818} INFO - Sync 1 DAGs
[2021-02-08 04:37:07,785] {logging_mixin.py:104} INFO - [2021-02-08 04:37:07,785] {dag.py:2273} INFO - Setting next_dagrun for tutorial to 2021-02-06 00:00:00+00:00
[2021-02-08 04:37:07,801] {scheduler_job.py:189} INFO - Processing /home/airflow/.local/lib/python3.8/site-packages/airflow/example_dags/tutorial.py took 0.091 seconds
[2021-02-08 04:37:38,827] {scheduler_job.py:181} INFO - Started process (PID=2309) to work on /home/airflow/.local/lib/python3.8/site-packages/airflow/example_dags/tutorial.py
[2021-02-08 04:37:38,829] {scheduler_job.py:627} INFO - Processing file /home/airflow/.local/lib/python3.8/site-packages/airflow/example_dags/tutorial.py for tasks to queue
[2021-02-08 04:37:38,831] {logging_mixin.py:104} INFO - [2021-02-08 04:37:38,831] {dagbag.py:449} INFO - Filling up the DagBag from /home/airflow/.local/lib/python3.8/site-packages/airflow/example_dags/tutorial.py
[2021-02-08 04:37:38,843] {scheduler_job.py:637} INFO - DAG(s) dict_keys(['tutorial']) retrieved from /home/airflow/.local/lib/python3.8/site-packages/airflow/example_dags/tutorial.py
[2021-02-08 04:37:38,873] {logging_mixin.py:104} INFO - [2021-02-08 04:37:38,873] {dag.py:1818} INFO - Sync 1 DAGs
[2021-02-08 04:37:38,889] {logging_mixin.py:104} INFO - [2021-02-08 04:37:38,888] {dag.py:2273} INFO - Setting next_dagrun for tutorial to 2021-02-06 00:00:00+00:00
[2021-02-08 04:37:38,903] {scheduler_job.py:189} INFO - Processing /home/airflow/.local/lib/python3.8/site-packages/airflow/example_dags/tutorial.py took 0.081 seconds
[2021-02-08 04:38:09,105] {scheduler_job.py:181} INFO - Started process (PID=2335) to work on /home/airflow/.local/lib/python3.8/site-packages/airflow/example_dags/tutorial.py
[2021-02-08 04:38:09,109] {scheduler_job.py:627} INFO - Processing file /home/airflow/.local/lib/python3.8/site-packages/airflow/example_dags/tutorial.py for tasks to queue
[2021-02-08 04:38:09,111] {logging_mixin.py:104} INFO - [2021-02-08 04:38:09,111] {dagbag.py:449} INFO - Filling up the DagBag from /home/airflow/.local/lib/python3.8/site-packages/airflow/example_dags/tutorial.py
[2021-02-08 04:38:09,129] {scheduler_job.py:637} INFO - DAG(s) dict_keys(['tutorial']) retrieved from /home/airflow/.local/lib/python3.8/site-packages/airflow/example_dags/tutorial.py
[2021-02-08 04:38:09,169] {logging_mixin.py:104} INFO - [2021-02-08 04:38:09,169] {dag.py:1818} INFO - Sync 1 DAGs
[2021-02-08 04:38:09,190] {logging_mixin.py:104} INFO - [2021-02-08 04:38:09,189] {dag.py:2273} INFO - Setting next_dagrun for tutorial to 2021-02-06 00:00:00+00:00
[2021-02-08 04:38:09,203] {scheduler_job.py:189} INFO - Processing /home/airflow/.local/lib/python3.8/site-packages/airflow/example_dags/tutorial.py took 0.117 seconds
[2021-02-08 04:38:39,457] {scheduler_job.py:181} INFO - Started process (PID=2361) to work on /home/airflow/.local/lib/python3.8/site-packages/airflow/example_dags/tutorial.py
[2021-02-08 04:38:39,460] {scheduler_job.py:627} INFO - Processing file /home/airflow/.local/lib/python3.8/site-packages/airflow/example_dags/tutorial.py for tasks to queue
[2021-02-08 04:38:39,462] {logging_mixin.py:104} INFO - [2021-02-08 04:38:39,462] {dagbag.py:449} INFO - Filling up the DagBag from /home/airflow/.local/lib/python3.8/site-packages/airflow/example_dags/tutorial.py
[2021-02-08 04:38:39,474] {scheduler_job.py:637} INFO - DAG(s) dict_keys(['tutorial']) retrieved from /home/airflow/.local/lib/python3.8/site-packages/airflow/example_dags/tutorial.py
[2021-02-08 04:38:39,505] {logging_mixin.py:104} INFO - [2021-02-08 04:38:39,505] {dag.py:1818} INFO - Sync 1 DAGs
[2021-02-08 04:38:39,520] {logging_mixin.py:104} INFO - [2021-02-08 04:38:39,520] {dag.py:2273} INFO - Setting next_dagrun for tutorial to 2021-02-06 00:00:00+00:00
[2021-02-08 04:38:39,535] {scheduler_job.py:189} INFO - Processing /home/airflow/.local/lib/python3.8/site-packages/airflow/example_dags/tutorial.py took 0.082 seconds
[2021-02-08 04:39:10,674] {scheduler_job.py:181} INFO - Started process (PID=2389) to work on /home/airflow/.local/lib/python3.8/site-packages/airflow/example_dags/tutorial.py
[2021-02-08 04:39:10,678] {scheduler_job.py:627} INFO - Processing file /home/airflow/.local/lib/python3.8/site-packages/airflow/example_dags/tutorial.py for tasks to queue
[2021-02-08 04:39:10,681] {logging_mixin.py:104} INFO - [2021-02-08 04:39:10,680] {dagbag.py:449} INFO - Filling up the DagBag from /home/airflow/.local/lib/python3.8/site-packages/airflow/example_dags/tutorial.py
[2021-02-08 04:39:10,705] {scheduler_job.py:637} INFO - DAG(s) dict_keys(['tutorial']) retrieved from /home/airflow/.local/lib/python3.8/site-packages/airflow/example_dags/tutorial.py
[2021-02-08 04:39:10,751] {logging_mixin.py:104} INFO - [2021-02-08 04:39:10,751] {dag.py:1818} INFO - Sync 1 DAGs
[2021-02-08 04:39:10,777] {logging_mixin.py:104} INFO - [2021-02-08 04:39:10,777] {dag.py:2273} INFO - Setting next_dagrun for tutorial to 2021-02-06 00:00:00+00:00
[2021-02-08 04:39:10,799] {scheduler_job.py:189} INFO - Processing /home/airflow/.local/lib/python3.8/site-packages/airflow/example_dags/tutorial.py took 0.133 seconds
[2021-02-08 04:39:40,865] {scheduler_job.py:181} INFO - Started process (PID=2415) to work on /home/airflow/.local/lib/python3.8/site-packages/airflow/example_dags/tutorial.py
[2021-02-08 04:39:40,868] {scheduler_job.py:627} INFO - Processing file /home/airflow/.local/lib/python3.8/site-packages/airflow/example_dags/tutorial.py for tasks to queue
[2021-02-08 04:39:40,870] {logging_mixin.py:104} INFO - [2021-02-08 04:39:40,870] {dagbag.py:449} INFO - Filling up the DagBag from /home/airflow/.local/lib/python3.8/site-packages/airflow/example_dags/tutorial.py
[2021-02-08 04:39:40,887] {scheduler_job.py:637} INFO - DAG(s) dict_keys(['tutorial']) retrieved from /home/airflow/.local/lib/python3.8/site-packages/airflow/example_dags/tutorial.py
[2021-02-08 04:39:40,930] {logging_mixin.py:104} INFO - [2021-02-08 04:39:40,930] {dag.py:1818} INFO - Sync 1 DAGs
[2021-02-08 04:39:40,954] {logging_mixin.py:104} INFO - [2021-02-08 04:39:40,954] {dag.py:2273} INFO - Setting next_dagrun for tutorial to 2021-02-06 00:00:00+00:00
[2021-02-08 04:39:40,990] {scheduler_job.py:189} INFO - Processing /home/airflow/.local/lib/python3.8/site-packages/airflow/example_dags/tutorial.py took 0.131 seconds
[2021-02-08 04:40:11,952] {scheduler_job.py:181} INFO - Started process (PID=2441) to work on /home/airflow/.local/lib/python3.8/site-packages/airflow/example_dags/tutorial.py
[2021-02-08 04:40:11,955] {scheduler_job.py:627} INFO - Processing file /home/airflow/.local/lib/python3.8/site-packages/airflow/example_dags/tutorial.py for tasks to queue
[2021-02-08 04:40:11,957] {logging_mixin.py:104} INFO - [2021-02-08 04:40:11,957] {dagbag.py:449} INFO - Filling up the DagBag from /home/airflow/.local/lib/python3.8/site-packages/airflow/example_dags/tutorial.py
[2021-02-08 04:40:11,975] {scheduler_job.py:637} INFO - DAG(s) dict_keys(['tutorial']) retrieved from /home/airflow/.local/lib/python3.8/site-packages/airflow/example_dags/tutorial.py
[2021-02-08 04:40:12,020] {logging_mixin.py:104} INFO - [2021-02-08 04:40:12,019] {dag.py:1818} INFO - Sync 1 DAGs
[2021-02-08 04:40:12,044] {logging_mixin.py:104} INFO - [2021-02-08 04:40:12,043] {dag.py:2273} INFO - Setting next_dagrun for tutorial to 2021-02-06 00:00:00+00:00
[2021-02-08 04:40:12,061] {scheduler_job.py:189} INFO - Processing /home/airflow/.local/lib/python3.8/site-packages/airflow/example_dags/tutorial.py took 0.114 seconds
[2021-02-08 04:40:42,622] {scheduler_job.py:181} INFO - Started process (PID=2467) to work on /home/airflow/.local/lib/python3.8/site-packages/airflow/example_dags/tutorial.py
[2021-02-08 04:40:42,625] {scheduler_job.py:627} INFO - Processing file /home/airflow/.local/lib/python3.8/site-packages/airflow/example_dags/tutorial.py for tasks to queue
[2021-02-08 04:40:42,627] {logging_mixin.py:104} INFO - [2021-02-08 04:40:42,627] {dagbag.py:449} INFO - Filling up the DagBag from /home/airflow/.local/lib/python3.8/site-packages/airflow/example_dags/tutorial.py
[2021-02-08 04:40:42,645] {scheduler_job.py:637} INFO - DAG(s) dict_keys(['tutorial']) retrieved from /home/airflow/.local/lib/python3.8/site-packages/airflow/example_dags/tutorial.py
[2021-02-08 04:40:42,703] {logging_mixin.py:104} INFO - [2021-02-08 04:40:42,703] {dag.py:1818} INFO - Sync 1 DAGs
[2021-02-08 04:40:42,727] {logging_mixin.py:104} INFO - [2021-02-08 04:40:42,727] {dag.py:2273} INFO - Setting next_dagrun for tutorial to 2021-02-06 00:00:00+00:00
[2021-02-08 04:40:42,751] {scheduler_job.py:189} INFO - Processing /home/airflow/.local/lib/python3.8/site-packages/airflow/example_dags/tutorial.py took 0.138 seconds
[2021-02-08 04:41:12,792] {scheduler_job.py:181} INFO - Started process (PID=2493) to work on /home/airflow/.local/lib/python3.8/site-packages/airflow/example_dags/tutorial.py
[2021-02-08 04:41:12,795] {scheduler_job.py:627} INFO - Processing file /home/airflow/.local/lib/python3.8/site-packages/airflow/example_dags/tutorial.py for tasks to queue
[2021-02-08 04:41:12,799] {logging_mixin.py:104} INFO - [2021-02-08 04:41:12,799] {dagbag.py:449} INFO - Filling up the DagBag from /home/airflow/.local/lib/python3.8/site-packages/airflow/example_dags/tutorial.py
[2021-02-08 04:41:12,816] {scheduler_job.py:637} INFO - DAG(s) dict_keys(['tutorial']) retrieved from /home/airflow/.local/lib/python3.8/site-packages/airflow/example_dags/tutorial.py
[2021-02-08 04:41:12,864] {logging_mixin.py:104} INFO - [2021-02-08 04:41:12,863] {dag.py:1818} INFO - Sync 1 DAGs
[2021-02-08 04:41:12,894] {logging_mixin.py:104} INFO - [2021-02-08 04:41:12,894] {dag.py:2273} INFO - Setting next_dagrun for tutorial to 2021-02-06 00:00:00+00:00
[2021-02-08 04:41:12,916] {scheduler_job.py:189} INFO - Processing /home/airflow/.local/lib/python3.8/site-packages/airflow/example_dags/tutorial.py took 0.129 seconds
[2021-02-08 04:41:43,543] {scheduler_job.py:181} INFO - Started process (PID=2518) to work on /home/airflow/.local/lib/python3.8/site-packages/airflow/example_dags/tutorial.py
[2021-02-08 04:41:43,547] {scheduler_job.py:627} INFO - Processing file /home/airflow/.local/lib/python3.8/site-packages/airflow/example_dags/tutorial.py for tasks to queue
[2021-02-08 04:41:43,549] {logging_mixin.py:104} INFO - [2021-02-08 04:41:43,549] {dagbag.py:449} INFO - Filling up the DagBag from /home/airflow/.local/lib/python3.8/site-packages/airflow/example_dags/tutorial.py
[2021-02-08 04:41:43,569] {scheduler_job.py:637} INFO - DAG(s) dict_keys(['tutorial']) retrieved from /home/airflow/.local/lib/python3.8/site-packages/airflow/example_dags/tutorial.py
[2021-02-08 04:41:43,605] {logging_mixin.py:104} INFO - [2021-02-08 04:41:43,605] {dag.py:1818} INFO - Sync 1 DAGs
[2021-02-08 04:41:43,633] {logging_mixin.py:104} INFO - [2021-02-08 04:41:43,633] {dag.py:2273} INFO - Setting next_dagrun for tutorial to 2021-02-06 00:00:00+00:00
[2021-02-08 04:41:43,658] {scheduler_job.py:189} INFO - Processing /home/airflow/.local/lib/python3.8/site-packages/airflow/example_dags/tutorial.py took 0.121 seconds
[2021-02-08 04:42:13,824] {scheduler_job.py:181} INFO - Started process (PID=2543) to work on /home/airflow/.local/lib/python3.8/site-packages/airflow/example_dags/tutorial.py
[2021-02-08 04:42:13,828] {scheduler_job.py:627} INFO - Processing file /home/airflow/.local/lib/python3.8/site-packages/airflow/example_dags/tutorial.py for tasks to queue
[2021-02-08 04:42:13,830] {logging_mixin.py:104} INFO - [2021-02-08 04:42:13,830] {dagbag.py:449} INFO - Filling up the DagBag from /home/airflow/.local/lib/python3.8/site-packages/airflow/example_dags/tutorial.py
[2021-02-08 04:42:13,853] {scheduler_job.py:637} INFO - DAG(s) dict_keys(['tutorial']) retrieved from /home/airflow/.local/lib/python3.8/site-packages/airflow/example_dags/tutorial.py
[2021-02-08 04:42:13,889] {logging_mixin.py:104} INFO - [2021-02-08 04:42:13,889] {dag.py:1818} INFO - Sync 1 DAGs
[2021-02-08 04:42:13,909] {logging_mixin.py:104} INFO - [2021-02-08 04:42:13,909] {dag.py:2273} INFO - Setting next_dagrun for tutorial to 2021-02-06 00:00:00+00:00
[2021-02-08 04:42:13,922] {scheduler_job.py:189} INFO - Processing /home/airflow/.local/lib/python3.8/site-packages/airflow/example_dags/tutorial.py took 0.105 seconds
[2021-02-08 04:42:46,264] {scheduler_job.py:181} INFO - Started process (PID=2573) to work on /home/airflow/.local/lib/python3.8/site-packages/airflow/example_dags/tutorial.py
[2021-02-08 04:42:46,269] {scheduler_job.py:627} INFO - Processing file /home/airflow/.local/lib/python3.8/site-packages/airflow/example_dags/tutorial.py for tasks to queue
[2021-02-08 04:42:46,272] {logging_mixin.py:104} INFO - [2021-02-08 04:42:46,272] {dagbag.py:449} INFO - Filling up the DagBag from /home/airflow/.local/lib/python3.8/site-packages/airflow/example_dags/tutorial.py
[2021-02-08 04:42:46,291] {scheduler_job.py:637} INFO - DAG(s) dict_keys(['tutorial']) retrieved from /home/airflow/.local/lib/python3.8/site-packages/airflow/example_dags/tutorial.py
[2021-02-08 04:42:46,334] {logging_mixin.py:104} INFO - [2021-02-08 04:42:46,334] {dag.py:1818} INFO - Sync 1 DAGs
[2021-02-08 04:42:46,364] {logging_mixin.py:104} INFO - [2021-02-08 04:42:46,364] {dag.py:2273} INFO - Setting next_dagrun for tutorial to 2021-02-06 00:00:00+00:00
[2021-02-08 04:42:46,393] {scheduler_job.py:189} INFO - Processing /home/airflow/.local/lib/python3.8/site-packages/airflow/example_dags/tutorial.py took 0.141 seconds
[2021-02-08 04:43:16,581] {scheduler_job.py:181} INFO - Started process (PID=2598) to work on /home/airflow/.local/lib/python3.8/site-packages/airflow/example_dags/tutorial.py
[2021-02-08 04:43:16,584] {scheduler_job.py:627} INFO - Processing file /home/airflow/.local/lib/python3.8/site-packages/airflow/example_dags/tutorial.py for tasks to queue
[2021-02-08 04:43:16,587] {logging_mixin.py:104} INFO - [2021-02-08 04:43:16,587] {dagbag.py:449} INFO - Filling up the DagBag from /home/airflow/.local/lib/python3.8/site-packages/airflow/example_dags/tutorial.py
[2021-02-08 04:43:16,616] {scheduler_job.py:637} INFO - DAG(s) dict_keys(['tutorial']) retrieved from /home/airflow/.local/lib/python3.8/site-packages/airflow/example_dags/tutorial.py
[2021-02-08 04:43:16,669] {logging_mixin.py:104} INFO - [2021-02-08 04:43:16,669] {dag.py:1818} INFO - Sync 1 DAGs
[2021-02-08 04:43:16,699] {logging_mixin.py:104} INFO - [2021-02-08 04:43:16,699] {dag.py:2273} INFO - Setting next_dagrun for tutorial to 2021-02-06 00:00:00+00:00
[2021-02-08 04:43:16,726] {scheduler_job.py:189} INFO - Processing /home/airflow/.local/lib/python3.8/site-packages/airflow/example_dags/tutorial.py took 0.152 seconds
