[2021-02-08 01:26:29,789] {scheduler_job.py:181} INFO - Started process (PID=1622) to work on /home/airflow/.local/lib/python3.8/site-packages/airflow/example_dags/tutorial_etl_dag.py
[2021-02-08 01:26:29,794] {scheduler_job.py:627} INFO - Processing file /home/airflow/.local/lib/python3.8/site-packages/airflow/example_dags/tutorial_etl_dag.py for tasks to queue
[2021-02-08 01:26:29,797] {logging_mixin.py:104} INFO - [2021-02-08 01:26:29,796] {dagbag.py:449} INFO - Filling up the DagBag from /home/airflow/.local/lib/python3.8/site-packages/airflow/example_dags/tutorial_etl_dag.py
[2021-02-08 01:26:29,829] {scheduler_job.py:637} INFO - DAG(s) dict_keys(['tutorial_etl_dag']) retrieved from /home/airflow/.local/lib/python3.8/site-packages/airflow/example_dags/tutorial_etl_dag.py
[2021-02-08 01:26:29,893] {logging_mixin.py:104} INFO - [2021-02-08 01:26:29,891] {dag.py:1818} INFO - Sync 1 DAGs
[2021-02-08 01:26:29,946] {logging_mixin.py:104} INFO - [2021-02-08 01:26:29,946] {dag.py:2273} INFO - Setting next_dagrun for tutorial_etl_dag to None
[2021-02-08 01:26:29,975] {scheduler_job.py:189} INFO - Processing /home/airflow/.local/lib/python3.8/site-packages/airflow/example_dags/tutorial_etl_dag.py took 0.193 seconds
[2021-02-08 03:26:48,197] {scheduler_job.py:181} INFO - Started process (PID=1648) to work on /home/airflow/.local/lib/python3.8/site-packages/airflow/example_dags/tutorial_etl_dag.py
[2021-02-08 03:26:48,200] {scheduler_job.py:627} INFO - Processing file /home/airflow/.local/lib/python3.8/site-packages/airflow/example_dags/tutorial_etl_dag.py for tasks to queue
[2021-02-08 03:26:48,202] {logging_mixin.py:104} INFO - [2021-02-08 03:26:48,202] {dagbag.py:449} INFO - Filling up the DagBag from /home/airflow/.local/lib/python3.8/site-packages/airflow/example_dags/tutorial_etl_dag.py
[2021-02-08 03:26:48,222] {scheduler_job.py:637} INFO - DAG(s) dict_keys(['tutorial_etl_dag']) retrieved from /home/airflow/.local/lib/python3.8/site-packages/airflow/example_dags/tutorial_etl_dag.py
[2021-02-08 03:26:48,252] {logging_mixin.py:104} INFO - [2021-02-08 03:26:48,252] {dag.py:1818} INFO - Sync 1 DAGs
[2021-02-08 03:26:48,276] {logging_mixin.py:104} INFO - [2021-02-08 03:26:48,276] {dag.py:2273} INFO - Setting next_dagrun for tutorial_etl_dag to None
[2021-02-08 03:26:48,292] {scheduler_job.py:189} INFO - Processing /home/airflow/.local/lib/python3.8/site-packages/airflow/example_dags/tutorial_etl_dag.py took 0.100 seconds
[2021-02-08 04:25:23,087] {scheduler_job.py:181} INFO - Started process (PID=1674) to work on /home/airflow/.local/lib/python3.8/site-packages/airflow/example_dags/tutorial_etl_dag.py
[2021-02-08 04:25:23,092] {scheduler_job.py:627} INFO - Processing file /home/airflow/.local/lib/python3.8/site-packages/airflow/example_dags/tutorial_etl_dag.py for tasks to queue
[2021-02-08 04:25:23,108] {logging_mixin.py:104} INFO - [2021-02-08 04:25:23,108] {dagbag.py:449} INFO - Filling up the DagBag from /home/airflow/.local/lib/python3.8/site-packages/airflow/example_dags/tutorial_etl_dag.py
[2021-02-08 04:25:23,151] {scheduler_job.py:637} INFO - DAG(s) dict_keys(['tutorial_etl_dag']) retrieved from /home/airflow/.local/lib/python3.8/site-packages/airflow/example_dags/tutorial_etl_dag.py
[2021-02-08 04:25:23,253] {logging_mixin.py:104} INFO - [2021-02-08 04:25:23,252] {dag.py:1818} INFO - Sync 1 DAGs
[2021-02-08 04:25:23,335] {logging_mixin.py:104} INFO - [2021-02-08 04:25:23,335] {dag.py:2273} INFO - Setting next_dagrun for tutorial_etl_dag to None
[2021-02-08 04:25:23,362] {scheduler_job.py:189} INFO - Processing /home/airflow/.local/lib/python3.8/site-packages/airflow/example_dags/tutorial_etl_dag.py took 0.285 seconds
[2021-02-08 04:25:53,690] {scheduler_job.py:181} INFO - Started process (PID=1699) to work on /home/airflow/.local/lib/python3.8/site-packages/airflow/example_dags/tutorial_etl_dag.py
[2021-02-08 04:25:53,692] {scheduler_job.py:627} INFO - Processing file /home/airflow/.local/lib/python3.8/site-packages/airflow/example_dags/tutorial_etl_dag.py for tasks to queue
[2021-02-08 04:25:53,694] {logging_mixin.py:104} INFO - [2021-02-08 04:25:53,694] {dagbag.py:449} INFO - Filling up the DagBag from /home/airflow/.local/lib/python3.8/site-packages/airflow/example_dags/tutorial_etl_dag.py
[2021-02-08 04:25:53,710] {scheduler_job.py:637} INFO - DAG(s) dict_keys(['tutorial_etl_dag']) retrieved from /home/airflow/.local/lib/python3.8/site-packages/airflow/example_dags/tutorial_etl_dag.py
[2021-02-08 04:25:53,753] {logging_mixin.py:104} INFO - [2021-02-08 04:25:53,752] {dag.py:1818} INFO - Sync 1 DAGs
[2021-02-08 04:25:53,770] {logging_mixin.py:104} INFO - [2021-02-08 04:25:53,770] {dag.py:2273} INFO - Setting next_dagrun for tutorial_etl_dag to None
[2021-02-08 04:25:53,783] {scheduler_job.py:189} INFO - Processing /home/airflow/.local/lib/python3.8/site-packages/airflow/example_dags/tutorial_etl_dag.py took 0.098 seconds
[2021-02-08 04:26:23,967] {scheduler_job.py:181} INFO - Started process (PID=1725) to work on /home/airflow/.local/lib/python3.8/site-packages/airflow/example_dags/tutorial_etl_dag.py
[2021-02-08 04:26:23,970] {scheduler_job.py:627} INFO - Processing file /home/airflow/.local/lib/python3.8/site-packages/airflow/example_dags/tutorial_etl_dag.py for tasks to queue
[2021-02-08 04:26:23,972] {logging_mixin.py:104} INFO - [2021-02-08 04:26:23,972] {dagbag.py:449} INFO - Filling up the DagBag from /home/airflow/.local/lib/python3.8/site-packages/airflow/example_dags/tutorial_etl_dag.py
[2021-02-08 04:26:23,987] {scheduler_job.py:637} INFO - DAG(s) dict_keys(['tutorial_etl_dag']) retrieved from /home/airflow/.local/lib/python3.8/site-packages/airflow/example_dags/tutorial_etl_dag.py
[2021-02-08 04:26:24,033] {logging_mixin.py:104} INFO - [2021-02-08 04:26:24,033] {dag.py:1818} INFO - Sync 1 DAGs
[2021-02-08 04:26:24,054] {logging_mixin.py:104} INFO - [2021-02-08 04:26:24,054] {dag.py:2273} INFO - Setting next_dagrun for tutorial_etl_dag to None
[2021-02-08 04:26:24,078] {scheduler_job.py:189} INFO - Processing /home/airflow/.local/lib/python3.8/site-packages/airflow/example_dags/tutorial_etl_dag.py took 0.116 seconds
[2021-02-08 04:26:54,847] {scheduler_job.py:181} INFO - Started process (PID=1752) to work on /home/airflow/.local/lib/python3.8/site-packages/airflow/example_dags/tutorial_etl_dag.py
[2021-02-08 04:26:54,854] {scheduler_job.py:627} INFO - Processing file /home/airflow/.local/lib/python3.8/site-packages/airflow/example_dags/tutorial_etl_dag.py for tasks to queue
[2021-02-08 04:26:54,859] {logging_mixin.py:104} INFO - [2021-02-08 04:26:54,858] {dagbag.py:449} INFO - Filling up the DagBag from /home/airflow/.local/lib/python3.8/site-packages/airflow/example_dags/tutorial_etl_dag.py
[2021-02-08 04:26:54,879] {scheduler_job.py:637} INFO - DAG(s) dict_keys(['tutorial_etl_dag']) retrieved from /home/airflow/.local/lib/python3.8/site-packages/airflow/example_dags/tutorial_etl_dag.py
[2021-02-08 04:26:54,933] {logging_mixin.py:104} INFO - [2021-02-08 04:26:54,933] {dag.py:1818} INFO - Sync 1 DAGs
[2021-02-08 04:26:54,956] {logging_mixin.py:104} INFO - [2021-02-08 04:26:54,956] {dag.py:2273} INFO - Setting next_dagrun for tutorial_etl_dag to None
[2021-02-08 04:26:54,971] {scheduler_job.py:189} INFO - Processing /home/airflow/.local/lib/python3.8/site-packages/airflow/example_dags/tutorial_etl_dag.py took 0.141 seconds
[2021-02-08 04:27:25,590] {scheduler_job.py:181} INFO - Started process (PID=1778) to work on /home/airflow/.local/lib/python3.8/site-packages/airflow/example_dags/tutorial_etl_dag.py
[2021-02-08 04:27:25,593] {scheduler_job.py:627} INFO - Processing file /home/airflow/.local/lib/python3.8/site-packages/airflow/example_dags/tutorial_etl_dag.py for tasks to queue
[2021-02-08 04:27:25,595] {logging_mixin.py:104} INFO - [2021-02-08 04:27:25,594] {dagbag.py:449} INFO - Filling up the DagBag from /home/airflow/.local/lib/python3.8/site-packages/airflow/example_dags/tutorial_etl_dag.py
[2021-02-08 04:27:25,607] {scheduler_job.py:637} INFO - DAG(s) dict_keys(['tutorial_etl_dag']) retrieved from /home/airflow/.local/lib/python3.8/site-packages/airflow/example_dags/tutorial_etl_dag.py
[2021-02-08 04:27:25,633] {logging_mixin.py:104} INFO - [2021-02-08 04:27:25,633] {dag.py:1818} INFO - Sync 1 DAGs
[2021-02-08 04:27:25,649] {logging_mixin.py:104} INFO - [2021-02-08 04:27:25,649] {dag.py:2273} INFO - Setting next_dagrun for tutorial_etl_dag to None
[2021-02-08 04:27:25,660] {scheduler_job.py:189} INFO - Processing /home/airflow/.local/lib/python3.8/site-packages/airflow/example_dags/tutorial_etl_dag.py took 0.075 seconds
[2021-02-08 04:27:56,306] {scheduler_job.py:181} INFO - Started process (PID=1804) to work on /home/airflow/.local/lib/python3.8/site-packages/airflow/example_dags/tutorial_etl_dag.py
[2021-02-08 04:27:56,308] {scheduler_job.py:627} INFO - Processing file /home/airflow/.local/lib/python3.8/site-packages/airflow/example_dags/tutorial_etl_dag.py for tasks to queue
[2021-02-08 04:27:56,309] {logging_mixin.py:104} INFO - [2021-02-08 04:27:56,309] {dagbag.py:449} INFO - Filling up the DagBag from /home/airflow/.local/lib/python3.8/site-packages/airflow/example_dags/tutorial_etl_dag.py
[2021-02-08 04:27:56,320] {scheduler_job.py:637} INFO - DAG(s) dict_keys(['tutorial_etl_dag']) retrieved from /home/airflow/.local/lib/python3.8/site-packages/airflow/example_dags/tutorial_etl_dag.py
[2021-02-08 04:27:56,342] {logging_mixin.py:104} INFO - [2021-02-08 04:27:56,342] {dag.py:1818} INFO - Sync 1 DAGs
[2021-02-08 04:27:56,355] {logging_mixin.py:104} INFO - [2021-02-08 04:27:56,355] {dag.py:2273} INFO - Setting next_dagrun for tutorial_etl_dag to None
[2021-02-08 04:27:56,366] {scheduler_job.py:189} INFO - Processing /home/airflow/.local/lib/python3.8/site-packages/airflow/example_dags/tutorial_etl_dag.py took 0.063 seconds
[2021-02-08 04:28:26,780] {scheduler_job.py:181} INFO - Started process (PID=1831) to work on /home/airflow/.local/lib/python3.8/site-packages/airflow/example_dags/tutorial_etl_dag.py
[2021-02-08 04:28:26,783] {scheduler_job.py:627} INFO - Processing file /home/airflow/.local/lib/python3.8/site-packages/airflow/example_dags/tutorial_etl_dag.py for tasks to queue
[2021-02-08 04:28:26,784] {logging_mixin.py:104} INFO - [2021-02-08 04:28:26,784] {dagbag.py:449} INFO - Filling up the DagBag from /home/airflow/.local/lib/python3.8/site-packages/airflow/example_dags/tutorial_etl_dag.py
[2021-02-08 04:28:26,796] {scheduler_job.py:637} INFO - DAG(s) dict_keys(['tutorial_etl_dag']) retrieved from /home/airflow/.local/lib/python3.8/site-packages/airflow/example_dags/tutorial_etl_dag.py
[2021-02-08 04:28:26,825] {logging_mixin.py:104} INFO - [2021-02-08 04:28:26,825] {dag.py:1818} INFO - Sync 1 DAGs
[2021-02-08 04:28:26,852] {logging_mixin.py:104} INFO - [2021-02-08 04:28:26,851] {dag.py:2273} INFO - Setting next_dagrun for tutorial_etl_dag to None
[2021-02-08 04:28:26,868] {scheduler_job.py:189} INFO - Processing /home/airflow/.local/lib/python3.8/site-packages/airflow/example_dags/tutorial_etl_dag.py took 0.091 seconds
[2021-02-08 04:28:57,232] {scheduler_job.py:181} INFO - Started process (PID=1857) to work on /home/airflow/.local/lib/python3.8/site-packages/airflow/example_dags/tutorial_etl_dag.py
[2021-02-08 04:28:57,234] {scheduler_job.py:627} INFO - Processing file /home/airflow/.local/lib/python3.8/site-packages/airflow/example_dags/tutorial_etl_dag.py for tasks to queue
[2021-02-08 04:28:57,235] {logging_mixin.py:104} INFO - [2021-02-08 04:28:57,235] {dagbag.py:449} INFO - Filling up the DagBag from /home/airflow/.local/lib/python3.8/site-packages/airflow/example_dags/tutorial_etl_dag.py
[2021-02-08 04:28:57,247] {scheduler_job.py:637} INFO - DAG(s) dict_keys(['tutorial_etl_dag']) retrieved from /home/airflow/.local/lib/python3.8/site-packages/airflow/example_dags/tutorial_etl_dag.py
[2021-02-08 04:28:57,282] {logging_mixin.py:104} INFO - [2021-02-08 04:28:57,282] {dag.py:1818} INFO - Sync 1 DAGs
[2021-02-08 04:28:57,304] {logging_mixin.py:104} INFO - [2021-02-08 04:28:57,303] {dag.py:2273} INFO - Setting next_dagrun for tutorial_etl_dag to None
[2021-02-08 04:28:57,320] {scheduler_job.py:189} INFO - Processing /home/airflow/.local/lib/python3.8/site-packages/airflow/example_dags/tutorial_etl_dag.py took 0.093 seconds
[2021-02-08 04:29:27,805] {scheduler_job.py:181} INFO - Started process (PID=1882) to work on /home/airflow/.local/lib/python3.8/site-packages/airflow/example_dags/tutorial_etl_dag.py
[2021-02-08 04:29:27,807] {scheduler_job.py:627} INFO - Processing file /home/airflow/.local/lib/python3.8/site-packages/airflow/example_dags/tutorial_etl_dag.py for tasks to queue
[2021-02-08 04:29:27,809] {logging_mixin.py:104} INFO - [2021-02-08 04:29:27,809] {dagbag.py:449} INFO - Filling up the DagBag from /home/airflow/.local/lib/python3.8/site-packages/airflow/example_dags/tutorial_etl_dag.py
[2021-02-08 04:29:27,821] {scheduler_job.py:637} INFO - DAG(s) dict_keys(['tutorial_etl_dag']) retrieved from /home/airflow/.local/lib/python3.8/site-packages/airflow/example_dags/tutorial_etl_dag.py
[2021-02-08 04:29:27,857] {logging_mixin.py:104} INFO - [2021-02-08 04:29:27,856] {dag.py:1818} INFO - Sync 1 DAGs
[2021-02-08 04:29:27,873] {logging_mixin.py:104} INFO - [2021-02-08 04:29:27,873] {dag.py:2273} INFO - Setting next_dagrun for tutorial_etl_dag to None
[2021-02-08 04:29:27,887] {scheduler_job.py:189} INFO - Processing /home/airflow/.local/lib/python3.8/site-packages/airflow/example_dags/tutorial_etl_dag.py took 0.086 seconds
[2021-02-08 04:29:58,454] {scheduler_job.py:181} INFO - Started process (PID=1908) to work on /home/airflow/.local/lib/python3.8/site-packages/airflow/example_dags/tutorial_etl_dag.py
[2021-02-08 04:29:58,457] {scheduler_job.py:627} INFO - Processing file /home/airflow/.local/lib/python3.8/site-packages/airflow/example_dags/tutorial_etl_dag.py for tasks to queue
[2021-02-08 04:29:58,459] {logging_mixin.py:104} INFO - [2021-02-08 04:29:58,458] {dagbag.py:449} INFO - Filling up the DagBag from /home/airflow/.local/lib/python3.8/site-packages/airflow/example_dags/tutorial_etl_dag.py
[2021-02-08 04:29:58,472] {scheduler_job.py:637} INFO - DAG(s) dict_keys(['tutorial_etl_dag']) retrieved from /home/airflow/.local/lib/python3.8/site-packages/airflow/example_dags/tutorial_etl_dag.py
[2021-02-08 04:29:58,511] {logging_mixin.py:104} INFO - [2021-02-08 04:29:58,511] {dag.py:1818} INFO - Sync 1 DAGs
[2021-02-08 04:29:58,527] {logging_mixin.py:104} INFO - [2021-02-08 04:29:58,527] {dag.py:2273} INFO - Setting next_dagrun for tutorial_etl_dag to None
[2021-02-08 04:29:58,545] {scheduler_job.py:189} INFO - Processing /home/airflow/.local/lib/python3.8/site-packages/airflow/example_dags/tutorial_etl_dag.py took 0.095 seconds
[2021-02-08 04:30:29,339] {scheduler_job.py:181} INFO - Started process (PID=1934) to work on /home/airflow/.local/lib/python3.8/site-packages/airflow/example_dags/tutorial_etl_dag.py
[2021-02-08 04:30:29,341] {scheduler_job.py:627} INFO - Processing file /home/airflow/.local/lib/python3.8/site-packages/airflow/example_dags/tutorial_etl_dag.py for tasks to queue
[2021-02-08 04:30:29,343] {logging_mixin.py:104} INFO - [2021-02-08 04:30:29,343] {dagbag.py:449} INFO - Filling up the DagBag from /home/airflow/.local/lib/python3.8/site-packages/airflow/example_dags/tutorial_etl_dag.py
[2021-02-08 04:30:29,360] {scheduler_job.py:637} INFO - DAG(s) dict_keys(['tutorial_etl_dag']) retrieved from /home/airflow/.local/lib/python3.8/site-packages/airflow/example_dags/tutorial_etl_dag.py
[2021-02-08 04:30:29,387] {logging_mixin.py:104} INFO - [2021-02-08 04:30:29,386] {dag.py:1818} INFO - Sync 1 DAGs
[2021-02-08 04:30:29,402] {logging_mixin.py:104} INFO - [2021-02-08 04:30:29,402] {dag.py:2273} INFO - Setting next_dagrun for tutorial_etl_dag to None
[2021-02-08 04:30:29,416] {scheduler_job.py:189} INFO - Processing /home/airflow/.local/lib/python3.8/site-packages/airflow/example_dags/tutorial_etl_dag.py took 0.081 seconds
[2021-02-08 04:31:00,042] {scheduler_job.py:181} INFO - Started process (PID=1960) to work on /home/airflow/.local/lib/python3.8/site-packages/airflow/example_dags/tutorial_etl_dag.py
[2021-02-08 04:31:00,044] {scheduler_job.py:627} INFO - Processing file /home/airflow/.local/lib/python3.8/site-packages/airflow/example_dags/tutorial_etl_dag.py for tasks to queue
[2021-02-08 04:31:00,046] {logging_mixin.py:104} INFO - [2021-02-08 04:31:00,046] {dagbag.py:449} INFO - Filling up the DagBag from /home/airflow/.local/lib/python3.8/site-packages/airflow/example_dags/tutorial_etl_dag.py
[2021-02-08 04:31:00,069] {scheduler_job.py:637} INFO - DAG(s) dict_keys(['tutorial_etl_dag']) retrieved from /home/airflow/.local/lib/python3.8/site-packages/airflow/example_dags/tutorial_etl_dag.py
[2021-02-08 04:31:00,106] {logging_mixin.py:104} INFO - [2021-02-08 04:31:00,106] {dag.py:1818} INFO - Sync 1 DAGs
[2021-02-08 04:31:00,127] {logging_mixin.py:104} INFO - [2021-02-08 04:31:00,127] {dag.py:2273} INFO - Setting next_dagrun for tutorial_etl_dag to None
[2021-02-08 04:31:00,142] {scheduler_job.py:189} INFO - Processing /home/airflow/.local/lib/python3.8/site-packages/airflow/example_dags/tutorial_etl_dag.py took 0.106 seconds
[2021-02-08 04:31:30,679] {scheduler_job.py:181} INFO - Started process (PID=1986) to work on /home/airflow/.local/lib/python3.8/site-packages/airflow/example_dags/tutorial_etl_dag.py
[2021-02-08 04:31:30,682] {scheduler_job.py:627} INFO - Processing file /home/airflow/.local/lib/python3.8/site-packages/airflow/example_dags/tutorial_etl_dag.py for tasks to queue
[2021-02-08 04:31:30,683] {logging_mixin.py:104} INFO - [2021-02-08 04:31:30,683] {dagbag.py:449} INFO - Filling up the DagBag from /home/airflow/.local/lib/python3.8/site-packages/airflow/example_dags/tutorial_etl_dag.py
[2021-02-08 04:31:30,696] {scheduler_job.py:637} INFO - DAG(s) dict_keys(['tutorial_etl_dag']) retrieved from /home/airflow/.local/lib/python3.8/site-packages/airflow/example_dags/tutorial_etl_dag.py
[2021-02-08 04:31:30,723] {logging_mixin.py:104} INFO - [2021-02-08 04:31:30,723] {dag.py:1818} INFO - Sync 1 DAGs
[2021-02-08 04:31:30,737] {logging_mixin.py:104} INFO - [2021-02-08 04:31:30,737] {dag.py:2273} INFO - Setting next_dagrun for tutorial_etl_dag to None
[2021-02-08 04:31:30,751] {scheduler_job.py:189} INFO - Processing /home/airflow/.local/lib/python3.8/site-packages/airflow/example_dags/tutorial_etl_dag.py took 0.078 seconds
[2021-02-08 04:32:01,176] {scheduler_job.py:181} INFO - Started process (PID=2013) to work on /home/airflow/.local/lib/python3.8/site-packages/airflow/example_dags/tutorial_etl_dag.py
[2021-02-08 04:32:01,178] {scheduler_job.py:627} INFO - Processing file /home/airflow/.local/lib/python3.8/site-packages/airflow/example_dags/tutorial_etl_dag.py for tasks to queue
[2021-02-08 04:32:01,181] {logging_mixin.py:104} INFO - [2021-02-08 04:32:01,180] {dagbag.py:449} INFO - Filling up the DagBag from /home/airflow/.local/lib/python3.8/site-packages/airflow/example_dags/tutorial_etl_dag.py
[2021-02-08 04:32:01,200] {scheduler_job.py:637} INFO - DAG(s) dict_keys(['tutorial_etl_dag']) retrieved from /home/airflow/.local/lib/python3.8/site-packages/airflow/example_dags/tutorial_etl_dag.py
[2021-02-08 04:32:01,232] {logging_mixin.py:104} INFO - [2021-02-08 04:32:01,232] {dag.py:1818} INFO - Sync 1 DAGs
[2021-02-08 04:32:01,247] {logging_mixin.py:104} INFO - [2021-02-08 04:32:01,247] {dag.py:2273} INFO - Setting next_dagrun for tutorial_etl_dag to None
[2021-02-08 04:32:01,262] {scheduler_job.py:189} INFO - Processing /home/airflow/.local/lib/python3.8/site-packages/airflow/example_dags/tutorial_etl_dag.py took 0.091 seconds
[2021-02-08 04:32:31,691] {scheduler_job.py:181} INFO - Started process (PID=2038) to work on /home/airflow/.local/lib/python3.8/site-packages/airflow/example_dags/tutorial_etl_dag.py
[2021-02-08 04:32:31,695] {scheduler_job.py:627} INFO - Processing file /home/airflow/.local/lib/python3.8/site-packages/airflow/example_dags/tutorial_etl_dag.py for tasks to queue
[2021-02-08 04:32:31,697] {logging_mixin.py:104} INFO - [2021-02-08 04:32:31,697] {dagbag.py:449} INFO - Filling up the DagBag from /home/airflow/.local/lib/python3.8/site-packages/airflow/example_dags/tutorial_etl_dag.py
[2021-02-08 04:32:31,711] {scheduler_job.py:637} INFO - DAG(s) dict_keys(['tutorial_etl_dag']) retrieved from /home/airflow/.local/lib/python3.8/site-packages/airflow/example_dags/tutorial_etl_dag.py
[2021-02-08 04:32:31,737] {logging_mixin.py:104} INFO - [2021-02-08 04:32:31,737] {dag.py:1818} INFO - Sync 1 DAGs
[2021-02-08 04:32:31,751] {logging_mixin.py:104} INFO - [2021-02-08 04:32:31,751] {dag.py:2273} INFO - Setting next_dagrun for tutorial_etl_dag to None
[2021-02-08 04:32:31,765] {scheduler_job.py:189} INFO - Processing /home/airflow/.local/lib/python3.8/site-packages/airflow/example_dags/tutorial_etl_dag.py took 0.079 seconds
[2021-02-08 04:33:01,863] {scheduler_job.py:181} INFO - Started process (PID=2064) to work on /home/airflow/.local/lib/python3.8/site-packages/airflow/example_dags/tutorial_etl_dag.py
[2021-02-08 04:33:01,866] {scheduler_job.py:627} INFO - Processing file /home/airflow/.local/lib/python3.8/site-packages/airflow/example_dags/tutorial_etl_dag.py for tasks to queue
[2021-02-08 04:33:01,869] {logging_mixin.py:104} INFO - [2021-02-08 04:33:01,869] {dagbag.py:449} INFO - Filling up the DagBag from /home/airflow/.local/lib/python3.8/site-packages/airflow/example_dags/tutorial_etl_dag.py
[2021-02-08 04:33:01,883] {scheduler_job.py:637} INFO - DAG(s) dict_keys(['tutorial_etl_dag']) retrieved from /home/airflow/.local/lib/python3.8/site-packages/airflow/example_dags/tutorial_etl_dag.py
[2021-02-08 04:33:01,917] {logging_mixin.py:104} INFO - [2021-02-08 04:33:01,917] {dag.py:1818} INFO - Sync 1 DAGs
[2021-02-08 04:33:01,937] {logging_mixin.py:104} INFO - [2021-02-08 04:33:01,937] {dag.py:2273} INFO - Setting next_dagrun for tutorial_etl_dag to None
[2021-02-08 04:33:01,957] {scheduler_job.py:189} INFO - Processing /home/airflow/.local/lib/python3.8/site-packages/airflow/example_dags/tutorial_etl_dag.py took 0.099 seconds
[2021-02-08 04:33:32,565] {scheduler_job.py:181} INFO - Started process (PID=2090) to work on /home/airflow/.local/lib/python3.8/site-packages/airflow/example_dags/tutorial_etl_dag.py
[2021-02-08 04:33:32,567] {scheduler_job.py:627} INFO - Processing file /home/airflow/.local/lib/python3.8/site-packages/airflow/example_dags/tutorial_etl_dag.py for tasks to queue
[2021-02-08 04:33:32,569] {logging_mixin.py:104} INFO - [2021-02-08 04:33:32,569] {dagbag.py:449} INFO - Filling up the DagBag from /home/airflow/.local/lib/python3.8/site-packages/airflow/example_dags/tutorial_etl_dag.py
[2021-02-08 04:33:32,584] {scheduler_job.py:637} INFO - DAG(s) dict_keys(['tutorial_etl_dag']) retrieved from /home/airflow/.local/lib/python3.8/site-packages/airflow/example_dags/tutorial_etl_dag.py
[2021-02-08 04:33:32,609] {logging_mixin.py:104} INFO - [2021-02-08 04:33:32,608] {dag.py:1818} INFO - Sync 1 DAGs
[2021-02-08 04:33:32,623] {logging_mixin.py:104} INFO - [2021-02-08 04:33:32,623] {dag.py:2273} INFO - Setting next_dagrun for tutorial_etl_dag to None
[2021-02-08 04:33:32,639] {scheduler_job.py:189} INFO - Processing /home/airflow/.local/lib/python3.8/site-packages/airflow/example_dags/tutorial_etl_dag.py took 0.079 seconds
[2021-02-08 04:34:02,799] {scheduler_job.py:181} INFO - Started process (PID=2115) to work on /home/airflow/.local/lib/python3.8/site-packages/airflow/example_dags/tutorial_etl_dag.py
[2021-02-08 04:34:02,803] {scheduler_job.py:627} INFO - Processing file /home/airflow/.local/lib/python3.8/site-packages/airflow/example_dags/tutorial_etl_dag.py for tasks to queue
[2021-02-08 04:34:02,805] {logging_mixin.py:104} INFO - [2021-02-08 04:34:02,805] {dagbag.py:449} INFO - Filling up the DagBag from /home/airflow/.local/lib/python3.8/site-packages/airflow/example_dags/tutorial_etl_dag.py
[2021-02-08 04:34:02,830] {scheduler_job.py:637} INFO - DAG(s) dict_keys(['tutorial_etl_dag']) retrieved from /home/airflow/.local/lib/python3.8/site-packages/airflow/example_dags/tutorial_etl_dag.py
[2021-02-08 04:34:02,868] {logging_mixin.py:104} INFO - [2021-02-08 04:34:02,868] {dag.py:1818} INFO - Sync 1 DAGs
[2021-02-08 04:34:02,888] {logging_mixin.py:104} INFO - [2021-02-08 04:34:02,887] {dag.py:2273} INFO - Setting next_dagrun for tutorial_etl_dag to None
[2021-02-08 04:34:02,902] {scheduler_job.py:189} INFO - Processing /home/airflow/.local/lib/python3.8/site-packages/airflow/example_dags/tutorial_etl_dag.py took 0.111 seconds
[2021-02-08 04:34:34,239] {scheduler_job.py:181} INFO - Started process (PID=2142) to work on /home/airflow/.local/lib/python3.8/site-packages/airflow/example_dags/tutorial_etl_dag.py
[2021-02-08 04:34:34,246] {scheduler_job.py:627} INFO - Processing file /home/airflow/.local/lib/python3.8/site-packages/airflow/example_dags/tutorial_etl_dag.py for tasks to queue
[2021-02-08 04:34:34,249] {logging_mixin.py:104} INFO - [2021-02-08 04:34:34,248] {dagbag.py:449} INFO - Filling up the DagBag from /home/airflow/.local/lib/python3.8/site-packages/airflow/example_dags/tutorial_etl_dag.py
[2021-02-08 04:34:34,319] {scheduler_job.py:637} INFO - DAG(s) dict_keys(['tutorial_etl_dag']) retrieved from /home/airflow/.local/lib/python3.8/site-packages/airflow/example_dags/tutorial_etl_dag.py
[2021-02-08 04:34:34,492] {logging_mixin.py:104} INFO - [2021-02-08 04:34:34,492] {dag.py:1818} INFO - Sync 1 DAGs
[2021-02-08 04:34:34,563] {logging_mixin.py:104} INFO - [2021-02-08 04:34:34,562] {dag.py:2273} INFO - Setting next_dagrun for tutorial_etl_dag to None
[2021-02-08 04:34:34,591] {scheduler_job.py:189} INFO - Processing /home/airflow/.local/lib/python3.8/site-packages/airflow/example_dags/tutorial_etl_dag.py took 0.375 seconds
[2021-02-08 04:35:04,777] {scheduler_job.py:181} INFO - Started process (PID=2168) to work on /home/airflow/.local/lib/python3.8/site-packages/airflow/example_dags/tutorial_etl_dag.py
[2021-02-08 04:35:04,781] {scheduler_job.py:627} INFO - Processing file /home/airflow/.local/lib/python3.8/site-packages/airflow/example_dags/tutorial_etl_dag.py for tasks to queue
[2021-02-08 04:35:04,790] {logging_mixin.py:104} INFO - [2021-02-08 04:35:04,788] {dagbag.py:449} INFO - Filling up the DagBag from /home/airflow/.local/lib/python3.8/site-packages/airflow/example_dags/tutorial_etl_dag.py
[2021-02-08 04:35:04,841] {scheduler_job.py:637} INFO - DAG(s) dict_keys(['tutorial_etl_dag']) retrieved from /home/airflow/.local/lib/python3.8/site-packages/airflow/example_dags/tutorial_etl_dag.py
[2021-02-08 04:35:04,938] {logging_mixin.py:104} INFO - [2021-02-08 04:35:04,937] {dag.py:1818} INFO - Sync 1 DAGs
[2021-02-08 04:35:04,969] {logging_mixin.py:104} INFO - [2021-02-08 04:35:04,969] {dag.py:2273} INFO - Setting next_dagrun for tutorial_etl_dag to None
[2021-02-08 04:35:04,984] {scheduler_job.py:189} INFO - Processing /home/airflow/.local/lib/python3.8/site-packages/airflow/example_dags/tutorial_etl_dag.py took 0.214 seconds
[2021-02-08 04:35:35,271] {scheduler_job.py:181} INFO - Started process (PID=2193) to work on /home/airflow/.local/lib/python3.8/site-packages/airflow/example_dags/tutorial_etl_dag.py
[2021-02-08 04:35:35,273] {scheduler_job.py:627} INFO - Processing file /home/airflow/.local/lib/python3.8/site-packages/airflow/example_dags/tutorial_etl_dag.py for tasks to queue
[2021-02-08 04:35:35,275] {logging_mixin.py:104} INFO - [2021-02-08 04:35:35,275] {dagbag.py:449} INFO - Filling up the DagBag from /home/airflow/.local/lib/python3.8/site-packages/airflow/example_dags/tutorial_etl_dag.py
[2021-02-08 04:35:35,300] {scheduler_job.py:637} INFO - DAG(s) dict_keys(['tutorial_etl_dag']) retrieved from /home/airflow/.local/lib/python3.8/site-packages/airflow/example_dags/tutorial_etl_dag.py
[2021-02-08 04:35:35,334] {logging_mixin.py:104} INFO - [2021-02-08 04:35:35,334] {dag.py:1818} INFO - Sync 1 DAGs
[2021-02-08 04:35:35,351] {logging_mixin.py:104} INFO - [2021-02-08 04:35:35,351] {dag.py:2273} INFO - Setting next_dagrun for tutorial_etl_dag to None
[2021-02-08 04:35:35,366] {scheduler_job.py:189} INFO - Processing /home/airflow/.local/lib/python3.8/site-packages/airflow/example_dags/tutorial_etl_dag.py took 0.099 seconds
[2021-02-08 04:36:05,752] {scheduler_job.py:181} INFO - Started process (PID=2219) to work on /home/airflow/.local/lib/python3.8/site-packages/airflow/example_dags/tutorial_etl_dag.py
[2021-02-08 04:36:05,755] {scheduler_job.py:627} INFO - Processing file /home/airflow/.local/lib/python3.8/site-packages/airflow/example_dags/tutorial_etl_dag.py for tasks to queue
[2021-02-08 04:36:05,758] {logging_mixin.py:104} INFO - [2021-02-08 04:36:05,757] {dagbag.py:449} INFO - Filling up the DagBag from /home/airflow/.local/lib/python3.8/site-packages/airflow/example_dags/tutorial_etl_dag.py
[2021-02-08 04:36:05,773] {scheduler_job.py:637} INFO - DAG(s) dict_keys(['tutorial_etl_dag']) retrieved from /home/airflow/.local/lib/python3.8/site-packages/airflow/example_dags/tutorial_etl_dag.py
[2021-02-08 04:36:05,801] {logging_mixin.py:104} INFO - [2021-02-08 04:36:05,801] {dag.py:1818} INFO - Sync 1 DAGs
[2021-02-08 04:36:05,816] {logging_mixin.py:104} INFO - [2021-02-08 04:36:05,816] {dag.py:2273} INFO - Setting next_dagrun for tutorial_etl_dag to None
[2021-02-08 04:36:05,833] {scheduler_job.py:189} INFO - Processing /home/airflow/.local/lib/python3.8/site-packages/airflow/example_dags/tutorial_etl_dag.py took 0.086 seconds
[2021-02-08 04:36:36,751] {scheduler_job.py:181} INFO - Started process (PID=2247) to work on /home/airflow/.local/lib/python3.8/site-packages/airflow/example_dags/tutorial_etl_dag.py
[2021-02-08 04:36:36,753] {scheduler_job.py:627} INFO - Processing file /home/airflow/.local/lib/python3.8/site-packages/airflow/example_dags/tutorial_etl_dag.py for tasks to queue
[2021-02-08 04:36:36,755] {logging_mixin.py:104} INFO - [2021-02-08 04:36:36,755] {dagbag.py:449} INFO - Filling up the DagBag from /home/airflow/.local/lib/python3.8/site-packages/airflow/example_dags/tutorial_etl_dag.py
[2021-02-08 04:36:36,771] {scheduler_job.py:637} INFO - DAG(s) dict_keys(['tutorial_etl_dag']) retrieved from /home/airflow/.local/lib/python3.8/site-packages/airflow/example_dags/tutorial_etl_dag.py
[2021-02-08 04:36:36,810] {logging_mixin.py:104} INFO - [2021-02-08 04:36:36,810] {dag.py:1818} INFO - Sync 1 DAGs
[2021-02-08 04:36:36,832] {logging_mixin.py:104} INFO - [2021-02-08 04:36:36,831] {dag.py:2273} INFO - Setting next_dagrun for tutorial_etl_dag to None
[2021-02-08 04:36:36,853] {scheduler_job.py:189} INFO - Processing /home/airflow/.local/lib/python3.8/site-packages/airflow/example_dags/tutorial_etl_dag.py took 0.107 seconds
[2021-02-08 04:37:06,899] {scheduler_job.py:181} INFO - Started process (PID=2273) to work on /home/airflow/.local/lib/python3.8/site-packages/airflow/example_dags/tutorial_etl_dag.py
[2021-02-08 04:37:06,901] {scheduler_job.py:627} INFO - Processing file /home/airflow/.local/lib/python3.8/site-packages/airflow/example_dags/tutorial_etl_dag.py for tasks to queue
[2021-02-08 04:37:06,903] {logging_mixin.py:104} INFO - [2021-02-08 04:37:06,903] {dagbag.py:449} INFO - Filling up the DagBag from /home/airflow/.local/lib/python3.8/site-packages/airflow/example_dags/tutorial_etl_dag.py
[2021-02-08 04:37:06,915] {scheduler_job.py:637} INFO - DAG(s) dict_keys(['tutorial_etl_dag']) retrieved from /home/airflow/.local/lib/python3.8/site-packages/airflow/example_dags/tutorial_etl_dag.py
[2021-02-08 04:37:06,940] {logging_mixin.py:104} INFO - [2021-02-08 04:37:06,940] {dag.py:1818} INFO - Sync 1 DAGs
[2021-02-08 04:37:06,956] {logging_mixin.py:104} INFO - [2021-02-08 04:37:06,956] {dag.py:2273} INFO - Setting next_dagrun for tutorial_etl_dag to None
[2021-02-08 04:37:06,968] {scheduler_job.py:189} INFO - Processing /home/airflow/.local/lib/python3.8/site-packages/airflow/example_dags/tutorial_etl_dag.py took 0.074 seconds
[2021-02-08 04:37:37,011] {scheduler_job.py:181} INFO - Started process (PID=2297) to work on /home/airflow/.local/lib/python3.8/site-packages/airflow/example_dags/tutorial_etl_dag.py
[2021-02-08 04:37:37,015] {scheduler_job.py:627} INFO - Processing file /home/airflow/.local/lib/python3.8/site-packages/airflow/example_dags/tutorial_etl_dag.py for tasks to queue
[2021-02-08 04:37:37,017] {logging_mixin.py:104} INFO - [2021-02-08 04:37:37,017] {dagbag.py:449} INFO - Filling up the DagBag from /home/airflow/.local/lib/python3.8/site-packages/airflow/example_dags/tutorial_etl_dag.py
[2021-02-08 04:37:37,032] {scheduler_job.py:637} INFO - DAG(s) dict_keys(['tutorial_etl_dag']) retrieved from /home/airflow/.local/lib/python3.8/site-packages/airflow/example_dags/tutorial_etl_dag.py
[2021-02-08 04:37:37,062] {logging_mixin.py:104} INFO - [2021-02-08 04:37:37,062] {dag.py:1818} INFO - Sync 1 DAGs
[2021-02-08 04:37:37,085] {logging_mixin.py:104} INFO - [2021-02-08 04:37:37,085] {dag.py:2273} INFO - Setting next_dagrun for tutorial_etl_dag to None
[2021-02-08 04:37:37,101] {scheduler_job.py:189} INFO - Processing /home/airflow/.local/lib/python3.8/site-packages/airflow/example_dags/tutorial_etl_dag.py took 0.096 seconds
[2021-02-08 04:38:07,225] {scheduler_job.py:181} INFO - Started process (PID=2323) to work on /home/airflow/.local/lib/python3.8/site-packages/airflow/example_dags/tutorial_etl_dag.py
[2021-02-08 04:38:07,228] {scheduler_job.py:627} INFO - Processing file /home/airflow/.local/lib/python3.8/site-packages/airflow/example_dags/tutorial_etl_dag.py for tasks to queue
[2021-02-08 04:38:07,230] {logging_mixin.py:104} INFO - [2021-02-08 04:38:07,230] {dagbag.py:449} INFO - Filling up the DagBag from /home/airflow/.local/lib/python3.8/site-packages/airflow/example_dags/tutorial_etl_dag.py
[2021-02-08 04:38:07,251] {scheduler_job.py:637} INFO - DAG(s) dict_keys(['tutorial_etl_dag']) retrieved from /home/airflow/.local/lib/python3.8/site-packages/airflow/example_dags/tutorial_etl_dag.py
[2021-02-08 04:38:07,283] {logging_mixin.py:104} INFO - [2021-02-08 04:38:07,283] {dag.py:1818} INFO - Sync 1 DAGs
[2021-02-08 04:38:07,302] {logging_mixin.py:104} INFO - [2021-02-08 04:38:07,302] {dag.py:2273} INFO - Setting next_dagrun for tutorial_etl_dag to None
[2021-02-08 04:38:07,321] {scheduler_job.py:189} INFO - Processing /home/airflow/.local/lib/python3.8/site-packages/airflow/example_dags/tutorial_etl_dag.py took 0.101 seconds
[2021-02-08 04:38:37,428] {scheduler_job.py:181} INFO - Started process (PID=2349) to work on /home/airflow/.local/lib/python3.8/site-packages/airflow/example_dags/tutorial_etl_dag.py
[2021-02-08 04:38:37,431] {scheduler_job.py:627} INFO - Processing file /home/airflow/.local/lib/python3.8/site-packages/airflow/example_dags/tutorial_etl_dag.py for tasks to queue
[2021-02-08 04:38:37,432] {logging_mixin.py:104} INFO - [2021-02-08 04:38:37,432] {dagbag.py:449} INFO - Filling up the DagBag from /home/airflow/.local/lib/python3.8/site-packages/airflow/example_dags/tutorial_etl_dag.py
[2021-02-08 04:38:37,447] {scheduler_job.py:637} INFO - DAG(s) dict_keys(['tutorial_etl_dag']) retrieved from /home/airflow/.local/lib/python3.8/site-packages/airflow/example_dags/tutorial_etl_dag.py
[2021-02-08 04:38:37,491] {logging_mixin.py:104} INFO - [2021-02-08 04:38:37,491] {dag.py:1818} INFO - Sync 1 DAGs
[2021-02-08 04:38:37,509] {logging_mixin.py:104} INFO - [2021-02-08 04:38:37,509] {dag.py:2273} INFO - Setting next_dagrun for tutorial_etl_dag to None
[2021-02-08 04:38:37,528] {scheduler_job.py:189} INFO - Processing /home/airflow/.local/lib/python3.8/site-packages/airflow/example_dags/tutorial_etl_dag.py took 0.105 seconds
[2021-02-08 04:39:07,591] {scheduler_job.py:181} INFO - Started process (PID=2375) to work on /home/airflow/.local/lib/python3.8/site-packages/airflow/example_dags/tutorial_etl_dag.py
[2021-02-08 04:39:07,593] {scheduler_job.py:627} INFO - Processing file /home/airflow/.local/lib/python3.8/site-packages/airflow/example_dags/tutorial_etl_dag.py for tasks to queue
[2021-02-08 04:39:07,595] {logging_mixin.py:104} INFO - [2021-02-08 04:39:07,595] {dagbag.py:449} INFO - Filling up the DagBag from /home/airflow/.local/lib/python3.8/site-packages/airflow/example_dags/tutorial_etl_dag.py
[2021-02-08 04:39:07,608] {scheduler_job.py:637} INFO - DAG(s) dict_keys(['tutorial_etl_dag']) retrieved from /home/airflow/.local/lib/python3.8/site-packages/airflow/example_dags/tutorial_etl_dag.py
[2021-02-08 04:39:07,634] {logging_mixin.py:104} INFO - [2021-02-08 04:39:07,634] {dag.py:1818} INFO - Sync 1 DAGs
[2021-02-08 04:39:07,651] {logging_mixin.py:104} INFO - [2021-02-08 04:39:07,651] {dag.py:2273} INFO - Setting next_dagrun for tutorial_etl_dag to None
[2021-02-08 04:39:07,669] {scheduler_job.py:189} INFO - Processing /home/airflow/.local/lib/python3.8/site-packages/airflow/example_dags/tutorial_etl_dag.py took 0.084 seconds
[2021-02-08 04:39:37,977] {scheduler_job.py:181} INFO - Started process (PID=2401) to work on /home/airflow/.local/lib/python3.8/site-packages/airflow/example_dags/tutorial_etl_dag.py
[2021-02-08 04:39:37,979] {scheduler_job.py:627} INFO - Processing file /home/airflow/.local/lib/python3.8/site-packages/airflow/example_dags/tutorial_etl_dag.py for tasks to queue
[2021-02-08 04:39:37,984] {logging_mixin.py:104} INFO - [2021-02-08 04:39:37,984] {dagbag.py:449} INFO - Filling up the DagBag from /home/airflow/.local/lib/python3.8/site-packages/airflow/example_dags/tutorial_etl_dag.py
[2021-02-08 04:39:37,999] {scheduler_job.py:637} INFO - DAG(s) dict_keys(['tutorial_etl_dag']) retrieved from /home/airflow/.local/lib/python3.8/site-packages/airflow/example_dags/tutorial_etl_dag.py
[2021-02-08 04:39:38,027] {logging_mixin.py:104} INFO - [2021-02-08 04:39:38,027] {dag.py:1818} INFO - Sync 1 DAGs
[2021-02-08 04:39:38,047] {logging_mixin.py:104} INFO - [2021-02-08 04:39:38,047] {dag.py:2273} INFO - Setting next_dagrun for tutorial_etl_dag to None
[2021-02-08 04:39:38,068] {scheduler_job.py:189} INFO - Processing /home/airflow/.local/lib/python3.8/site-packages/airflow/example_dags/tutorial_etl_dag.py took 0.095 seconds
[2021-02-08 04:40:08,866] {scheduler_job.py:181} INFO - Started process (PID=2427) to work on /home/airflow/.local/lib/python3.8/site-packages/airflow/example_dags/tutorial_etl_dag.py
[2021-02-08 04:40:08,869] {scheduler_job.py:627} INFO - Processing file /home/airflow/.local/lib/python3.8/site-packages/airflow/example_dags/tutorial_etl_dag.py for tasks to queue
[2021-02-08 04:40:08,871] {logging_mixin.py:104} INFO - [2021-02-08 04:40:08,870] {dagbag.py:449} INFO - Filling up the DagBag from /home/airflow/.local/lib/python3.8/site-packages/airflow/example_dags/tutorial_etl_dag.py
[2021-02-08 04:40:08,888] {scheduler_job.py:637} INFO - DAG(s) dict_keys(['tutorial_etl_dag']) retrieved from /home/airflow/.local/lib/python3.8/site-packages/airflow/example_dags/tutorial_etl_dag.py
[2021-02-08 04:40:08,940] {logging_mixin.py:104} INFO - [2021-02-08 04:40:08,940] {dag.py:1818} INFO - Sync 1 DAGs
[2021-02-08 04:40:08,969] {logging_mixin.py:104} INFO - [2021-02-08 04:40:08,969] {dag.py:2273} INFO - Setting next_dagrun for tutorial_etl_dag to None
[2021-02-08 04:40:08,993] {scheduler_job.py:189} INFO - Processing /home/airflow/.local/lib/python3.8/site-packages/airflow/example_dags/tutorial_etl_dag.py took 0.133 seconds
[2021-02-08 04:40:39,464] {scheduler_job.py:181} INFO - Started process (PID=2453) to work on /home/airflow/.local/lib/python3.8/site-packages/airflow/example_dags/tutorial_etl_dag.py
[2021-02-08 04:40:39,467] {scheduler_job.py:627} INFO - Processing file /home/airflow/.local/lib/python3.8/site-packages/airflow/example_dags/tutorial_etl_dag.py for tasks to queue
[2021-02-08 04:40:39,468] {logging_mixin.py:104} INFO - [2021-02-08 04:40:39,468] {dagbag.py:449} INFO - Filling up the DagBag from /home/airflow/.local/lib/python3.8/site-packages/airflow/example_dags/tutorial_etl_dag.py
[2021-02-08 04:40:39,484] {scheduler_job.py:637} INFO - DAG(s) dict_keys(['tutorial_etl_dag']) retrieved from /home/airflow/.local/lib/python3.8/site-packages/airflow/example_dags/tutorial_etl_dag.py
[2021-02-08 04:40:39,529] {logging_mixin.py:104} INFO - [2021-02-08 04:40:39,529] {dag.py:1818} INFO - Sync 1 DAGs
[2021-02-08 04:40:39,555] {logging_mixin.py:104} INFO - [2021-02-08 04:40:39,554] {dag.py:2273} INFO - Setting next_dagrun for tutorial_etl_dag to None
[2021-02-08 04:40:39,584] {scheduler_job.py:189} INFO - Processing /home/airflow/.local/lib/python3.8/site-packages/airflow/example_dags/tutorial_etl_dag.py took 0.125 seconds
[2021-02-08 04:41:10,525] {scheduler_job.py:181} INFO - Started process (PID=2479) to work on /home/airflow/.local/lib/python3.8/site-packages/airflow/example_dags/tutorial_etl_dag.py
[2021-02-08 04:41:10,528] {scheduler_job.py:627} INFO - Processing file /home/airflow/.local/lib/python3.8/site-packages/airflow/example_dags/tutorial_etl_dag.py for tasks to queue
[2021-02-08 04:41:10,531] {logging_mixin.py:104} INFO - [2021-02-08 04:41:10,531] {dagbag.py:449} INFO - Filling up the DagBag from /home/airflow/.local/lib/python3.8/site-packages/airflow/example_dags/tutorial_etl_dag.py
[2021-02-08 04:41:10,558] {scheduler_job.py:637} INFO - DAG(s) dict_keys(['tutorial_etl_dag']) retrieved from /home/airflow/.local/lib/python3.8/site-packages/airflow/example_dags/tutorial_etl_dag.py
[2021-02-08 04:41:10,619] {logging_mixin.py:104} INFO - [2021-02-08 04:41:10,618] {dag.py:1818} INFO - Sync 1 DAGs
[2021-02-08 04:41:10,656] {logging_mixin.py:104} INFO - [2021-02-08 04:41:10,655] {dag.py:2273} INFO - Setting next_dagrun for tutorial_etl_dag to None
[2021-02-08 04:41:10,672] {scheduler_job.py:189} INFO - Processing /home/airflow/.local/lib/python3.8/site-packages/airflow/example_dags/tutorial_etl_dag.py took 0.153 seconds
[2021-02-08 04:41:41,489] {scheduler_job.py:181} INFO - Started process (PID=2505) to work on /home/airflow/.local/lib/python3.8/site-packages/airflow/example_dags/tutorial_etl_dag.py
[2021-02-08 04:41:41,493] {scheduler_job.py:627} INFO - Processing file /home/airflow/.local/lib/python3.8/site-packages/airflow/example_dags/tutorial_etl_dag.py for tasks to queue
[2021-02-08 04:41:41,498] {logging_mixin.py:104} INFO - [2021-02-08 04:41:41,497] {dagbag.py:449} INFO - Filling up the DagBag from /home/airflow/.local/lib/python3.8/site-packages/airflow/example_dags/tutorial_etl_dag.py
[2021-02-08 04:41:41,515] {scheduler_job.py:637} INFO - DAG(s) dict_keys(['tutorial_etl_dag']) retrieved from /home/airflow/.local/lib/python3.8/site-packages/airflow/example_dags/tutorial_etl_dag.py
[2021-02-08 04:41:41,545] {logging_mixin.py:104} INFO - [2021-02-08 04:41:41,545] {dag.py:1818} INFO - Sync 1 DAGs
[2021-02-08 04:41:41,561] {logging_mixin.py:104} INFO - [2021-02-08 04:41:41,561] {dag.py:2273} INFO - Setting next_dagrun for tutorial_etl_dag to None
[2021-02-08 04:41:41,579] {scheduler_job.py:189} INFO - Processing /home/airflow/.local/lib/python3.8/site-packages/airflow/example_dags/tutorial_etl_dag.py took 0.102 seconds
[2021-02-08 04:42:11,745] {scheduler_job.py:181} INFO - Started process (PID=2531) to work on /home/airflow/.local/lib/python3.8/site-packages/airflow/example_dags/tutorial_etl_dag.py
[2021-02-08 04:42:11,747] {scheduler_job.py:627} INFO - Processing file /home/airflow/.local/lib/python3.8/site-packages/airflow/example_dags/tutorial_etl_dag.py for tasks to queue
[2021-02-08 04:42:11,748] {logging_mixin.py:104} INFO - [2021-02-08 04:42:11,748] {dagbag.py:449} INFO - Filling up the DagBag from /home/airflow/.local/lib/python3.8/site-packages/airflow/example_dags/tutorial_etl_dag.py
[2021-02-08 04:42:11,770] {scheduler_job.py:637} INFO - DAG(s) dict_keys(['tutorial_etl_dag']) retrieved from /home/airflow/.local/lib/python3.8/site-packages/airflow/example_dags/tutorial_etl_dag.py
[2021-02-08 04:42:11,798] {logging_mixin.py:104} INFO - [2021-02-08 04:42:11,798] {dag.py:1818} INFO - Sync 1 DAGs
[2021-02-08 04:42:11,813] {logging_mixin.py:104} INFO - [2021-02-08 04:42:11,813] {dag.py:2273} INFO - Setting next_dagrun for tutorial_etl_dag to None
[2021-02-08 04:42:11,827] {scheduler_job.py:189} INFO - Processing /home/airflow/.local/lib/python3.8/site-packages/airflow/example_dags/tutorial_etl_dag.py took 0.086 seconds
[2021-02-08 04:42:42,674] {scheduler_job.py:181} INFO - Started process (PID=2557) to work on /home/airflow/.local/lib/python3.8/site-packages/airflow/example_dags/tutorial_etl_dag.py
[2021-02-08 04:42:42,677] {scheduler_job.py:627} INFO - Processing file /home/airflow/.local/lib/python3.8/site-packages/airflow/example_dags/tutorial_etl_dag.py for tasks to queue
[2021-02-08 04:42:42,679] {logging_mixin.py:104} INFO - [2021-02-08 04:42:42,679] {dagbag.py:449} INFO - Filling up the DagBag from /home/airflow/.local/lib/python3.8/site-packages/airflow/example_dags/tutorial_etl_dag.py
[2021-02-08 04:42:42,694] {scheduler_job.py:637} INFO - DAG(s) dict_keys(['tutorial_etl_dag']) retrieved from /home/airflow/.local/lib/python3.8/site-packages/airflow/example_dags/tutorial_etl_dag.py
[2021-02-08 04:42:42,724] {logging_mixin.py:104} INFO - [2021-02-08 04:42:42,724] {dag.py:1818} INFO - Sync 1 DAGs
[2021-02-08 04:42:42,742] {logging_mixin.py:104} INFO - [2021-02-08 04:42:42,741] {dag.py:2273} INFO - Setting next_dagrun for tutorial_etl_dag to None
[2021-02-08 04:42:42,760] {scheduler_job.py:189} INFO - Processing /home/airflow/.local/lib/python3.8/site-packages/airflow/example_dags/tutorial_etl_dag.py took 0.093 seconds
[2021-02-08 04:43:13,158] {scheduler_job.py:181} INFO - Started process (PID=2583) to work on /home/airflow/.local/lib/python3.8/site-packages/airflow/example_dags/tutorial_etl_dag.py
[2021-02-08 04:43:13,164] {scheduler_job.py:627} INFO - Processing file /home/airflow/.local/lib/python3.8/site-packages/airflow/example_dags/tutorial_etl_dag.py for tasks to queue
[2021-02-08 04:43:13,166] {logging_mixin.py:104} INFO - [2021-02-08 04:43:13,166] {dagbag.py:449} INFO - Filling up the DagBag from /home/airflow/.local/lib/python3.8/site-packages/airflow/example_dags/tutorial_etl_dag.py
[2021-02-08 04:43:13,180] {scheduler_job.py:637} INFO - DAG(s) dict_keys(['tutorial_etl_dag']) retrieved from /home/airflow/.local/lib/python3.8/site-packages/airflow/example_dags/tutorial_etl_dag.py
[2021-02-08 04:43:13,211] {logging_mixin.py:104} INFO - [2021-02-08 04:43:13,211] {dag.py:1818} INFO - Sync 1 DAGs
[2021-02-08 04:43:13,232] {logging_mixin.py:104} INFO - [2021-02-08 04:43:13,232] {dag.py:2273} INFO - Setting next_dagrun for tutorial_etl_dag to None
[2021-02-08 04:43:13,248] {scheduler_job.py:189} INFO - Processing /home/airflow/.local/lib/python3.8/site-packages/airflow/example_dags/tutorial_etl_dag.py took 0.094 seconds
[2021-02-08 04:43:44,286] {scheduler_job.py:181} INFO - Started process (PID=2609) to work on /home/airflow/.local/lib/python3.8/site-packages/airflow/example_dags/tutorial_etl_dag.py
[2021-02-08 04:43:44,289] {scheduler_job.py:627} INFO - Processing file /home/airflow/.local/lib/python3.8/site-packages/airflow/example_dags/tutorial_etl_dag.py for tasks to queue
[2021-02-08 04:43:44,292] {logging_mixin.py:104} INFO - [2021-02-08 04:43:44,292] {dagbag.py:449} INFO - Filling up the DagBag from /home/airflow/.local/lib/python3.8/site-packages/airflow/example_dags/tutorial_etl_dag.py
[2021-02-08 04:43:44,339] {scheduler_job.py:637} INFO - DAG(s) dict_keys(['tutorial_etl_dag']) retrieved from /home/airflow/.local/lib/python3.8/site-packages/airflow/example_dags/tutorial_etl_dag.py
[2021-02-08 04:43:44,396] {logging_mixin.py:104} INFO - [2021-02-08 04:43:44,395] {dag.py:1818} INFO - Sync 1 DAGs
[2021-02-08 04:43:44,475] {logging_mixin.py:104} INFO - [2021-02-08 04:43:44,474] {dag.py:2273} INFO - Setting next_dagrun for tutorial_etl_dag to None
[2021-02-08 04:43:44,553] {scheduler_job.py:189} INFO - Processing /home/airflow/.local/lib/python3.8/site-packages/airflow/example_dags/tutorial_etl_dag.py took 0.272 seconds
