[2021-02-07 14:47:39,512] {scheduler_job.py:181} INFO - Started process (PID=41) to work on /home/airflow/.local/lib/python3.8/site-packages/airflow/example_dags/example_external_task_marker_dag.py
[2021-02-07 14:47:39,514] {scheduler_job.py:627} INFO - Processing file /home/airflow/.local/lib/python3.8/site-packages/airflow/example_dags/example_external_task_marker_dag.py for tasks to queue
[2021-02-07 14:47:39,516] {logging_mixin.py:104} INFO - [2021-02-07 14:47:39,516] {dagbag.py:449} INFO - Filling up the DagBag from /home/airflow/.local/lib/python3.8/site-packages/airflow/example_dags/example_external_task_marker_dag.py
[2021-02-07 14:47:39,537] {scheduler_job.py:637} INFO - DAG(s) dict_keys(['example_external_task_marker_parent', 'example_external_task_marker_child']) retrieved from /home/airflow/.local/lib/python3.8/site-packages/airflow/example_dags/example_external_task_marker_dag.py
[2021-02-07 14:47:39,597] {logging_mixin.py:104} INFO - [2021-02-07 14:47:39,596] {dag.py:1818} INFO - Sync 2 DAGs
[2021-02-07 14:47:39,619] {logging_mixin.py:104} INFO - [2021-02-07 14:47:39,618] {dag.py:1837} INFO - Creating ORM DAG for example_external_task_marker_parent
[2021-02-07 14:47:39,621] {logging_mixin.py:104} INFO - [2021-02-07 14:47:39,620] {dag.py:1837} INFO - Creating ORM DAG for example_external_task_marker_child
[2021-02-07 14:47:39,632] {logging_mixin.py:104} INFO - [2021-02-07 14:47:39,631] {dag.py:2273} INFO - Setting next_dagrun for example_external_task_marker_child to None
[2021-02-07 14:47:39,634] {logging_mixin.py:104} INFO - [2021-02-07 14:47:39,634] {dag.py:2273} INFO - Setting next_dagrun for example_external_task_marker_parent to None
[2021-02-07 14:47:39,663] {scheduler_job.py:189} INFO - Processing /home/airflow/.local/lib/python3.8/site-packages/airflow/example_dags/example_external_task_marker_dag.py took 0.157 seconds
[2021-02-07 14:48:11,645] {scheduler_job.py:181} INFO - Started process (PID=64) to work on /home/airflow/.local/lib/python3.8/site-packages/airflow/example_dags/example_external_task_marker_dag.py
[2021-02-07 14:48:11,648] {scheduler_job.py:627} INFO - Processing file /home/airflow/.local/lib/python3.8/site-packages/airflow/example_dags/example_external_task_marker_dag.py for tasks to queue
[2021-02-07 14:48:11,653] {logging_mixin.py:104} INFO - [2021-02-07 14:48:11,653] {dagbag.py:449} INFO - Filling up the DagBag from /home/airflow/.local/lib/python3.8/site-packages/airflow/example_dags/example_external_task_marker_dag.py
[2021-02-07 14:48:11,672] {scheduler_job.py:637} INFO - DAG(s) dict_keys(['example_external_task_marker_parent', 'example_external_task_marker_child']) retrieved from /home/airflow/.local/lib/python3.8/site-packages/airflow/example_dags/example_external_task_marker_dag.py
[2021-02-07 14:48:11,724] {logging_mixin.py:104} INFO - [2021-02-07 14:48:11,723] {dag.py:1818} INFO - Sync 2 DAGs
[2021-02-07 14:48:11,750] {logging_mixin.py:104} INFO - [2021-02-07 14:48:11,750] {dag.py:2273} INFO - Setting next_dagrun for example_external_task_marker_child to None
[2021-02-07 14:48:11,752] {logging_mixin.py:104} INFO - [2021-02-07 14:48:11,752] {dag.py:2273} INFO - Setting next_dagrun for example_external_task_marker_parent to None
[2021-02-07 14:48:11,773] {scheduler_job.py:189} INFO - Processing /home/airflow/.local/lib/python3.8/site-packages/airflow/example_dags/example_external_task_marker_dag.py took 0.133 seconds
[2021-02-07 15:04:18,695] {scheduler_job.py:181} INFO - Started process (PID=33) to work on /home/airflow/.local/lib/python3.8/site-packages/airflow/example_dags/example_external_task_marker_dag.py
[2021-02-07 15:04:18,701] {scheduler_job.py:627} INFO - Processing file /home/airflow/.local/lib/python3.8/site-packages/airflow/example_dags/example_external_task_marker_dag.py for tasks to queue
[2021-02-07 15:04:18,703] {logging_mixin.py:104} INFO - [2021-02-07 15:04:18,703] {dagbag.py:449} INFO - Filling up the DagBag from /home/airflow/.local/lib/python3.8/site-packages/airflow/example_dags/example_external_task_marker_dag.py
[2021-02-07 15:04:18,728] {scheduler_job.py:637} INFO - DAG(s) dict_keys(['example_external_task_marker_parent', 'example_external_task_marker_child']) retrieved from /home/airflow/.local/lib/python3.8/site-packages/airflow/example_dags/example_external_task_marker_dag.py
[2021-02-07 15:04:18,790] {logging_mixin.py:104} INFO - [2021-02-07 15:04:18,790] {dag.py:1818} INFO - Sync 2 DAGs
[2021-02-07 15:04:18,829] {logging_mixin.py:104} INFO - [2021-02-07 15:04:18,829] {dag.py:2273} INFO - Setting next_dagrun for example_external_task_marker_child to None
[2021-02-07 15:04:18,837] {logging_mixin.py:104} INFO - [2021-02-07 15:04:18,837] {dag.py:2273} INFO - Setting next_dagrun for example_external_task_marker_parent to None
[2021-02-07 15:04:18,854] {scheduler_job.py:189} INFO - Processing /home/airflow/.local/lib/python3.8/site-packages/airflow/example_dags/example_external_task_marker_dag.py took 0.183 seconds
[2021-02-07 15:04:56,874] {scheduler_job.py:181} INFO - Started process (PID=59) to work on /home/airflow/.local/lib/python3.8/site-packages/airflow/example_dags/example_external_task_marker_dag.py
[2021-02-07 15:04:56,910] {scheduler_job.py:627} INFO - Processing file /home/airflow/.local/lib/python3.8/site-packages/airflow/example_dags/example_external_task_marker_dag.py for tasks to queue
[2021-02-07 15:04:56,936] {logging_mixin.py:104} INFO - [2021-02-07 15:04:56,935] {dagbag.py:449} INFO - Filling up the DagBag from /home/airflow/.local/lib/python3.8/site-packages/airflow/example_dags/example_external_task_marker_dag.py
[2021-02-07 15:04:57,222] {scheduler_job.py:637} INFO - DAG(s) dict_keys(['example_external_task_marker_parent', 'example_external_task_marker_child']) retrieved from /home/airflow/.local/lib/python3.8/site-packages/airflow/example_dags/example_external_task_marker_dag.py
[2021-02-07 15:04:58,343] {logging_mixin.py:104} INFO - [2021-02-07 15:04:58,342] {dag.py:1818} INFO - Sync 2 DAGs
[2021-02-07 15:04:59,601] {logging_mixin.py:104} INFO - [2021-02-07 15:04:59,600] {dag.py:2273} INFO - Setting next_dagrun for example_external_task_marker_child to None
[2021-02-07 15:04:59,670] {logging_mixin.py:104} INFO - [2021-02-07 15:04:59,669] {dag.py:2273} INFO - Setting next_dagrun for example_external_task_marker_parent to None
[2021-02-07 15:04:59,896] {scheduler_job.py:189} INFO - Processing /home/airflow/.local/lib/python3.8/site-packages/airflow/example_dags/example_external_task_marker_dag.py took 3.112 seconds
[2021-02-07 15:05:32,564] {scheduler_job.py:181} INFO - Started process (PID=84) to work on /home/airflow/.local/lib/python3.8/site-packages/airflow/example_dags/example_external_task_marker_dag.py
[2021-02-07 15:05:32,576] {scheduler_job.py:627} INFO - Processing file /home/airflow/.local/lib/python3.8/site-packages/airflow/example_dags/example_external_task_marker_dag.py for tasks to queue
[2021-02-07 15:05:32,588] {logging_mixin.py:104} INFO - [2021-02-07 15:05:32,588] {dagbag.py:449} INFO - Filling up the DagBag from /home/airflow/.local/lib/python3.8/site-packages/airflow/example_dags/example_external_task_marker_dag.py
[2021-02-07 15:05:32,696] {scheduler_job.py:637} INFO - DAG(s) dict_keys(['example_external_task_marker_parent', 'example_external_task_marker_child']) retrieved from /home/airflow/.local/lib/python3.8/site-packages/airflow/example_dags/example_external_task_marker_dag.py
[2021-02-07 15:05:33,164] {logging_mixin.py:104} INFO - [2021-02-07 15:05:33,163] {dag.py:1818} INFO - Sync 2 DAGs
[2021-02-07 15:05:33,380] {logging_mixin.py:104} INFO - [2021-02-07 15:05:33,379] {dag.py:2273} INFO - Setting next_dagrun for example_external_task_marker_child to None
[2021-02-07 15:05:33,407] {logging_mixin.py:104} INFO - [2021-02-07 15:05:33,406] {dag.py:2273} INFO - Setting next_dagrun for example_external_task_marker_parent to None
[2021-02-07 15:05:33,579] {scheduler_job.py:189} INFO - Processing /home/airflow/.local/lib/python3.8/site-packages/airflow/example_dags/example_external_task_marker_dag.py took 1.057 seconds
[2021-02-07 15:06:04,172] {scheduler_job.py:181} INFO - Started process (PID=110) to work on /home/airflow/.local/lib/python3.8/site-packages/airflow/example_dags/example_external_task_marker_dag.py
[2021-02-07 15:06:04,176] {scheduler_job.py:627} INFO - Processing file /home/airflow/.local/lib/python3.8/site-packages/airflow/example_dags/example_external_task_marker_dag.py for tasks to queue
[2021-02-07 15:06:04,179] {logging_mixin.py:104} INFO - [2021-02-07 15:06:04,179] {dagbag.py:449} INFO - Filling up the DagBag from /home/airflow/.local/lib/python3.8/site-packages/airflow/example_dags/example_external_task_marker_dag.py
[2021-02-07 15:06:04,226] {scheduler_job.py:637} INFO - DAG(s) dict_keys(['example_external_task_marker_parent', 'example_external_task_marker_child']) retrieved from /home/airflow/.local/lib/python3.8/site-packages/airflow/example_dags/example_external_task_marker_dag.py
[2021-02-07 15:06:04,435] {logging_mixin.py:104} INFO - [2021-02-07 15:06:04,433] {dag.py:1818} INFO - Sync 2 DAGs
[2021-02-07 15:06:04,512] {logging_mixin.py:104} INFO - [2021-02-07 15:06:04,512] {dag.py:2273} INFO - Setting next_dagrun for example_external_task_marker_child to None
[2021-02-07 15:06:04,516] {logging_mixin.py:104} INFO - [2021-02-07 15:06:04,515] {dag.py:2273} INFO - Setting next_dagrun for example_external_task_marker_parent to None
[2021-02-07 15:06:04,547] {scheduler_job.py:189} INFO - Processing /home/airflow/.local/lib/python3.8/site-packages/airflow/example_dags/example_external_task_marker_dag.py took 0.386 seconds
[2021-02-07 15:06:35,364] {scheduler_job.py:181} INFO - Started process (PID=136) to work on /home/airflow/.local/lib/python3.8/site-packages/airflow/example_dags/example_external_task_marker_dag.py
[2021-02-07 15:06:35,366] {scheduler_job.py:627} INFO - Processing file /home/airflow/.local/lib/python3.8/site-packages/airflow/example_dags/example_external_task_marker_dag.py for tasks to queue
[2021-02-07 15:06:35,367] {logging_mixin.py:104} INFO - [2021-02-07 15:06:35,367] {dagbag.py:449} INFO - Filling up the DagBag from /home/airflow/.local/lib/python3.8/site-packages/airflow/example_dags/example_external_task_marker_dag.py
[2021-02-07 15:06:35,384] {scheduler_job.py:637} INFO - DAG(s) dict_keys(['example_external_task_marker_parent', 'example_external_task_marker_child']) retrieved from /home/airflow/.local/lib/python3.8/site-packages/airflow/example_dags/example_external_task_marker_dag.py
[2021-02-07 15:06:35,424] {logging_mixin.py:104} INFO - [2021-02-07 15:06:35,424] {dag.py:1818} INFO - Sync 2 DAGs
[2021-02-07 15:06:35,448] {logging_mixin.py:104} INFO - [2021-02-07 15:06:35,447] {dag.py:2273} INFO - Setting next_dagrun for example_external_task_marker_child to None
[2021-02-07 15:06:35,451] {logging_mixin.py:104} INFO - [2021-02-07 15:06:35,451] {dag.py:2273} INFO - Setting next_dagrun for example_external_task_marker_parent to None
[2021-02-07 15:06:35,476] {scheduler_job.py:189} INFO - Processing /home/airflow/.local/lib/python3.8/site-packages/airflow/example_dags/example_external_task_marker_dag.py took 0.116 seconds
[2021-02-07 15:07:05,709] {scheduler_job.py:181} INFO - Started process (PID=162) to work on /home/airflow/.local/lib/python3.8/site-packages/airflow/example_dags/example_external_task_marker_dag.py
[2021-02-07 15:07:05,711] {scheduler_job.py:627} INFO - Processing file /home/airflow/.local/lib/python3.8/site-packages/airflow/example_dags/example_external_task_marker_dag.py for tasks to queue
[2021-02-07 15:07:05,713] {logging_mixin.py:104} INFO - [2021-02-07 15:07:05,713] {dagbag.py:449} INFO - Filling up the DagBag from /home/airflow/.local/lib/python3.8/site-packages/airflow/example_dags/example_external_task_marker_dag.py
[2021-02-07 15:07:05,723] {scheduler_job.py:637} INFO - DAG(s) dict_keys(['example_external_task_marker_parent', 'example_external_task_marker_child']) retrieved from /home/airflow/.local/lib/python3.8/site-packages/airflow/example_dags/example_external_task_marker_dag.py
[2021-02-07 15:07:05,757] {logging_mixin.py:104} INFO - [2021-02-07 15:07:05,757] {dag.py:1818} INFO - Sync 2 DAGs
[2021-02-07 15:07:05,772] {logging_mixin.py:104} INFO - [2021-02-07 15:07:05,772] {dag.py:2273} INFO - Setting next_dagrun for example_external_task_marker_child to None
[2021-02-07 15:07:05,774] {logging_mixin.py:104} INFO - [2021-02-07 15:07:05,774] {dag.py:2273} INFO - Setting next_dagrun for example_external_task_marker_parent to None
[2021-02-07 15:07:05,787] {scheduler_job.py:189} INFO - Processing /home/airflow/.local/lib/python3.8/site-packages/airflow/example_dags/example_external_task_marker_dag.py took 0.082 seconds
[2021-02-07 15:07:35,982] {scheduler_job.py:181} INFO - Started process (PID=188) to work on /home/airflow/.local/lib/python3.8/site-packages/airflow/example_dags/example_external_task_marker_dag.py
[2021-02-07 15:07:35,984] {scheduler_job.py:627} INFO - Processing file /home/airflow/.local/lib/python3.8/site-packages/airflow/example_dags/example_external_task_marker_dag.py for tasks to queue
[2021-02-07 15:07:35,985] {logging_mixin.py:104} INFO - [2021-02-07 15:07:35,985] {dagbag.py:449} INFO - Filling up the DagBag from /home/airflow/.local/lib/python3.8/site-packages/airflow/example_dags/example_external_task_marker_dag.py
[2021-02-07 15:07:36,000] {scheduler_job.py:637} INFO - DAG(s) dict_keys(['example_external_task_marker_parent', 'example_external_task_marker_child']) retrieved from /home/airflow/.local/lib/python3.8/site-packages/airflow/example_dags/example_external_task_marker_dag.py
[2021-02-07 15:07:36,043] {logging_mixin.py:104} INFO - [2021-02-07 15:07:36,043] {dag.py:1818} INFO - Sync 2 DAGs
[2021-02-07 15:07:36,060] {logging_mixin.py:104} INFO - [2021-02-07 15:07:36,060] {dag.py:2273} INFO - Setting next_dagrun for example_external_task_marker_child to None
[2021-02-07 15:07:36,062] {logging_mixin.py:104} INFO - [2021-02-07 15:07:36,062] {dag.py:2273} INFO - Setting next_dagrun for example_external_task_marker_parent to None
[2021-02-07 15:07:36,078] {scheduler_job.py:189} INFO - Processing /home/airflow/.local/lib/python3.8/site-packages/airflow/example_dags/example_external_task_marker_dag.py took 0.100 seconds
[2021-02-07 15:08:06,237] {scheduler_job.py:181} INFO - Started process (PID=214) to work on /home/airflow/.local/lib/python3.8/site-packages/airflow/example_dags/example_external_task_marker_dag.py
[2021-02-07 15:08:06,239] {scheduler_job.py:627} INFO - Processing file /home/airflow/.local/lib/python3.8/site-packages/airflow/example_dags/example_external_task_marker_dag.py for tasks to queue
[2021-02-07 15:08:06,241] {logging_mixin.py:104} INFO - [2021-02-07 15:08:06,241] {dagbag.py:449} INFO - Filling up the DagBag from /home/airflow/.local/lib/python3.8/site-packages/airflow/example_dags/example_external_task_marker_dag.py
[2021-02-07 15:08:06,257] {scheduler_job.py:637} INFO - DAG(s) dict_keys(['example_external_task_marker_parent', 'example_external_task_marker_child']) retrieved from /home/airflow/.local/lib/python3.8/site-packages/airflow/example_dags/example_external_task_marker_dag.py
[2021-02-07 15:08:06,295] {logging_mixin.py:104} INFO - [2021-02-07 15:08:06,294] {dag.py:1818} INFO - Sync 2 DAGs
[2021-02-07 15:08:06,309] {logging_mixin.py:104} INFO - [2021-02-07 15:08:06,308] {dag.py:2273} INFO - Setting next_dagrun for example_external_task_marker_child to None
[2021-02-07 15:08:06,310] {logging_mixin.py:104} INFO - [2021-02-07 15:08:06,310] {dag.py:2273} INFO - Setting next_dagrun for example_external_task_marker_parent to None
[2021-02-07 15:08:06,323] {scheduler_job.py:189} INFO - Processing /home/airflow/.local/lib/python3.8/site-packages/airflow/example_dags/example_external_task_marker_dag.py took 0.090 seconds
[2021-02-07 15:08:36,590] {scheduler_job.py:181} INFO - Started process (PID=240) to work on /home/airflow/.local/lib/python3.8/site-packages/airflow/example_dags/example_external_task_marker_dag.py
[2021-02-07 15:08:36,592] {scheduler_job.py:627} INFO - Processing file /home/airflow/.local/lib/python3.8/site-packages/airflow/example_dags/example_external_task_marker_dag.py for tasks to queue
[2021-02-07 15:08:36,594] {logging_mixin.py:104} INFO - [2021-02-07 15:08:36,594] {dagbag.py:449} INFO - Filling up the DagBag from /home/airflow/.local/lib/python3.8/site-packages/airflow/example_dags/example_external_task_marker_dag.py
[2021-02-07 15:08:36,611] {scheduler_job.py:637} INFO - DAG(s) dict_keys(['example_external_task_marker_parent', 'example_external_task_marker_child']) retrieved from /home/airflow/.local/lib/python3.8/site-packages/airflow/example_dags/example_external_task_marker_dag.py
[2021-02-07 15:08:36,644] {logging_mixin.py:104} INFO - [2021-02-07 15:08:36,644] {dag.py:1818} INFO - Sync 2 DAGs
[2021-02-07 15:08:36,660] {logging_mixin.py:104} INFO - [2021-02-07 15:08:36,660] {dag.py:2273} INFO - Setting next_dagrun for example_external_task_marker_child to None
[2021-02-07 15:08:36,662] {logging_mixin.py:104} INFO - [2021-02-07 15:08:36,662] {dag.py:2273} INFO - Setting next_dagrun for example_external_task_marker_parent to None
[2021-02-07 15:08:36,672] {scheduler_job.py:189} INFO - Processing /home/airflow/.local/lib/python3.8/site-packages/airflow/example_dags/example_external_task_marker_dag.py took 0.087 seconds
[2021-02-07 15:09:06,791] {scheduler_job.py:181} INFO - Started process (PID=266) to work on /home/airflow/.local/lib/python3.8/site-packages/airflow/example_dags/example_external_task_marker_dag.py
[2021-02-07 15:09:06,793] {scheduler_job.py:627} INFO - Processing file /home/airflow/.local/lib/python3.8/site-packages/airflow/example_dags/example_external_task_marker_dag.py for tasks to queue
[2021-02-07 15:09:06,795] {logging_mixin.py:104} INFO - [2021-02-07 15:09:06,794] {dagbag.py:449} INFO - Filling up the DagBag from /home/airflow/.local/lib/python3.8/site-packages/airflow/example_dags/example_external_task_marker_dag.py
[2021-02-07 15:09:06,811] {scheduler_job.py:637} INFO - DAG(s) dict_keys(['example_external_task_marker_parent', 'example_external_task_marker_child']) retrieved from /home/airflow/.local/lib/python3.8/site-packages/airflow/example_dags/example_external_task_marker_dag.py
[2021-02-07 15:09:06,841] {logging_mixin.py:104} INFO - [2021-02-07 15:09:06,841] {dag.py:1818} INFO - Sync 2 DAGs
[2021-02-07 15:09:06,855] {logging_mixin.py:104} INFO - [2021-02-07 15:09:06,855] {dag.py:2273} INFO - Setting next_dagrun for example_external_task_marker_child to None
[2021-02-07 15:09:06,857] {logging_mixin.py:104} INFO - [2021-02-07 15:09:06,857] {dag.py:2273} INFO - Setting next_dagrun for example_external_task_marker_parent to None
[2021-02-07 15:09:06,875] {scheduler_job.py:189} INFO - Processing /home/airflow/.local/lib/python3.8/site-packages/airflow/example_dags/example_external_task_marker_dag.py took 0.089 seconds
[2021-02-07 15:09:37,238] {scheduler_job.py:181} INFO - Started process (PID=292) to work on /home/airflow/.local/lib/python3.8/site-packages/airflow/example_dags/example_external_task_marker_dag.py
[2021-02-07 15:09:37,240] {scheduler_job.py:627} INFO - Processing file /home/airflow/.local/lib/python3.8/site-packages/airflow/example_dags/example_external_task_marker_dag.py for tasks to queue
[2021-02-07 15:09:37,242] {logging_mixin.py:104} INFO - [2021-02-07 15:09:37,242] {dagbag.py:449} INFO - Filling up the DagBag from /home/airflow/.local/lib/python3.8/site-packages/airflow/example_dags/example_external_task_marker_dag.py
[2021-02-07 15:09:37,256] {scheduler_job.py:637} INFO - DAG(s) dict_keys(['example_external_task_marker_parent', 'example_external_task_marker_child']) retrieved from /home/airflow/.local/lib/python3.8/site-packages/airflow/example_dags/example_external_task_marker_dag.py
[2021-02-07 15:09:37,283] {logging_mixin.py:104} INFO - [2021-02-07 15:09:37,283] {dag.py:1818} INFO - Sync 2 DAGs
[2021-02-07 15:09:37,297] {logging_mixin.py:104} INFO - [2021-02-07 15:09:37,297] {dag.py:2273} INFO - Setting next_dagrun for example_external_task_marker_child to None
[2021-02-07 15:09:37,299] {logging_mixin.py:104} INFO - [2021-02-07 15:09:37,299] {dag.py:2273} INFO - Setting next_dagrun for example_external_task_marker_parent to None
[2021-02-07 15:09:37,309] {scheduler_job.py:189} INFO - Processing /home/airflow/.local/lib/python3.8/site-packages/airflow/example_dags/example_external_task_marker_dag.py took 0.076 seconds
[2021-02-07 15:10:07,965] {scheduler_job.py:181} INFO - Started process (PID=318) to work on /home/airflow/.local/lib/python3.8/site-packages/airflow/example_dags/example_external_task_marker_dag.py
[2021-02-07 15:10:07,969] {scheduler_job.py:627} INFO - Processing file /home/airflow/.local/lib/python3.8/site-packages/airflow/example_dags/example_external_task_marker_dag.py for tasks to queue
[2021-02-07 15:10:07,971] {logging_mixin.py:104} INFO - [2021-02-07 15:10:07,971] {dagbag.py:449} INFO - Filling up the DagBag from /home/airflow/.local/lib/python3.8/site-packages/airflow/example_dags/example_external_task_marker_dag.py
[2021-02-07 15:10:07,983] {scheduler_job.py:637} INFO - DAG(s) dict_keys(['example_external_task_marker_parent', 'example_external_task_marker_child']) retrieved from /home/airflow/.local/lib/python3.8/site-packages/airflow/example_dags/example_external_task_marker_dag.py
[2021-02-07 15:10:08,011] {logging_mixin.py:104} INFO - [2021-02-07 15:10:08,011] {dag.py:1818} INFO - Sync 2 DAGs
[2021-02-07 15:10:08,031] {logging_mixin.py:104} INFO - [2021-02-07 15:10:08,031] {dag.py:2273} INFO - Setting next_dagrun for example_external_task_marker_child to None
[2021-02-07 15:10:08,033] {logging_mixin.py:104} INFO - [2021-02-07 15:10:08,033] {dag.py:2273} INFO - Setting next_dagrun for example_external_task_marker_parent to None
[2021-02-07 15:10:08,045] {scheduler_job.py:189} INFO - Processing /home/airflow/.local/lib/python3.8/site-packages/airflow/example_dags/example_external_task_marker_dag.py took 0.084 seconds
[2021-02-07 15:11:37,739] {scheduler_job.py:181} INFO - Started process (PID=339) to work on /home/airflow/.local/lib/python3.8/site-packages/airflow/example_dags/example_external_task_marker_dag.py
[2021-02-07 15:11:37,749] {scheduler_job.py:627} INFO - Processing file /home/airflow/.local/lib/python3.8/site-packages/airflow/example_dags/example_external_task_marker_dag.py for tasks to queue
[2021-02-07 15:11:37,758] {logging_mixin.py:104} INFO - [2021-02-07 15:11:37,757] {dagbag.py:449} INFO - Filling up the DagBag from /home/airflow/.local/lib/python3.8/site-packages/airflow/example_dags/example_external_task_marker_dag.py
[2021-02-07 15:11:37,824] {scheduler_job.py:637} INFO - DAG(s) dict_keys(['example_external_task_marker_parent', 'example_external_task_marker_child']) retrieved from /home/airflow/.local/lib/python3.8/site-packages/airflow/example_dags/example_external_task_marker_dag.py
[2021-02-07 15:11:38,035] {logging_mixin.py:104} INFO - [2021-02-07 15:11:38,035] {dag.py:1818} INFO - Sync 2 DAGs
[2021-02-07 15:11:38,166] {logging_mixin.py:104} INFO - [2021-02-07 15:11:38,166] {dag.py:2273} INFO - Setting next_dagrun for example_external_task_marker_child to None
[2021-02-07 15:11:38,178] {logging_mixin.py:104} INFO - [2021-02-07 15:11:38,178] {dag.py:2273} INFO - Setting next_dagrun for example_external_task_marker_parent to None
[2021-02-07 15:11:38,249] {scheduler_job.py:189} INFO - Processing /home/airflow/.local/lib/python3.8/site-packages/airflow/example_dags/example_external_task_marker_dag.py took 0.537 seconds
[2021-02-07 19:10:20,119] {scheduler_job.py:181} INFO - Started process (PID=365) to work on /home/airflow/.local/lib/python3.8/site-packages/airflow/example_dags/example_external_task_marker_dag.py
[2021-02-07 19:10:20,125] {scheduler_job.py:627} INFO - Processing file /home/airflow/.local/lib/python3.8/site-packages/airflow/example_dags/example_external_task_marker_dag.py for tasks to queue
[2021-02-07 19:10:20,127] {logging_mixin.py:104} INFO - [2021-02-07 19:10:20,127] {dagbag.py:449} INFO - Filling up the DagBag from /home/airflow/.local/lib/python3.8/site-packages/airflow/example_dags/example_external_task_marker_dag.py
[2021-02-07 19:10:20,145] {scheduler_job.py:637} INFO - DAG(s) dict_keys(['example_external_task_marker_parent', 'example_external_task_marker_child']) retrieved from /home/airflow/.local/lib/python3.8/site-packages/airflow/example_dags/example_external_task_marker_dag.py
[2021-02-07 19:10:20,209] {logging_mixin.py:104} INFO - [2021-02-07 19:10:20,209] {dag.py:1818} INFO - Sync 2 DAGs
[2021-02-07 19:10:20,251] {logging_mixin.py:104} INFO - [2021-02-07 19:10:20,250] {dag.py:2273} INFO - Setting next_dagrun for example_external_task_marker_child to None
[2021-02-07 19:10:20,254] {logging_mixin.py:104} INFO - [2021-02-07 19:10:20,253] {dag.py:2273} INFO - Setting next_dagrun for example_external_task_marker_parent to None
[2021-02-07 19:10:20,283] {scheduler_job.py:189} INFO - Processing /home/airflow/.local/lib/python3.8/site-packages/airflow/example_dags/example_external_task_marker_dag.py took 0.168 seconds
[2021-02-07 21:10:34,275] {scheduler_job.py:181} INFO - Started process (PID=391) to work on /home/airflow/.local/lib/python3.8/site-packages/airflow/example_dags/example_external_task_marker_dag.py
[2021-02-07 21:10:34,280] {scheduler_job.py:627} INFO - Processing file /home/airflow/.local/lib/python3.8/site-packages/airflow/example_dags/example_external_task_marker_dag.py for tasks to queue
[2021-02-07 21:10:34,282] {logging_mixin.py:104} INFO - [2021-02-07 21:10:34,282] {dagbag.py:449} INFO - Filling up the DagBag from /home/airflow/.local/lib/python3.8/site-packages/airflow/example_dags/example_external_task_marker_dag.py
[2021-02-07 21:10:34,311] {scheduler_job.py:637} INFO - DAG(s) dict_keys(['example_external_task_marker_parent', 'example_external_task_marker_child']) retrieved from /home/airflow/.local/lib/python3.8/site-packages/airflow/example_dags/example_external_task_marker_dag.py
[2021-02-07 21:10:34,388] {logging_mixin.py:104} INFO - [2021-02-07 21:10:34,388] {dag.py:1818} INFO - Sync 2 DAGs
[2021-02-07 21:10:34,429] {logging_mixin.py:104} INFO - [2021-02-07 21:10:34,428] {dag.py:2273} INFO - Setting next_dagrun for example_external_task_marker_child to None
[2021-02-07 21:10:34,432] {logging_mixin.py:104} INFO - [2021-02-07 21:10:34,432] {dag.py:2273} INFO - Setting next_dagrun for example_external_task_marker_parent to None
[2021-02-07 21:10:34,457] {scheduler_job.py:189} INFO - Processing /home/airflow/.local/lib/python3.8/site-packages/airflow/example_dags/example_external_task_marker_dag.py took 0.188 seconds
[2021-02-07 21:45:32,005] {scheduler_job.py:181} INFO - Started process (PID=417) to work on /home/airflow/.local/lib/python3.8/site-packages/airflow/example_dags/example_external_task_marker_dag.py
[2021-02-07 21:45:32,015] {scheduler_job.py:627} INFO - Processing file /home/airflow/.local/lib/python3.8/site-packages/airflow/example_dags/example_external_task_marker_dag.py for tasks to queue
[2021-02-07 21:45:32,019] {logging_mixin.py:104} INFO - [2021-02-07 21:45:32,019] {dagbag.py:449} INFO - Filling up the DagBag from /home/airflow/.local/lib/python3.8/site-packages/airflow/example_dags/example_external_task_marker_dag.py
[2021-02-07 21:45:32,060] {scheduler_job.py:637} INFO - DAG(s) dict_keys(['example_external_task_marker_parent', 'example_external_task_marker_child']) retrieved from /home/airflow/.local/lib/python3.8/site-packages/airflow/example_dags/example_external_task_marker_dag.py
[2021-02-07 21:45:32,131] {logging_mixin.py:104} INFO - [2021-02-07 21:45:32,131] {dag.py:1818} INFO - Sync 2 DAGs
[2021-02-07 21:45:32,170] {logging_mixin.py:104} INFO - [2021-02-07 21:45:32,170] {dag.py:2273} INFO - Setting next_dagrun for example_external_task_marker_child to None
[2021-02-07 21:45:32,174] {logging_mixin.py:104} INFO - [2021-02-07 21:45:32,174] {dag.py:2273} INFO - Setting next_dagrun for example_external_task_marker_parent to None
[2021-02-07 21:45:32,217] {scheduler_job.py:189} INFO - Processing /home/airflow/.local/lib/python3.8/site-packages/airflow/example_dags/example_external_task_marker_dag.py took 0.217 seconds
[2021-02-07 21:46:02,635] {scheduler_job.py:181} INFO - Started process (PID=444) to work on /home/airflow/.local/lib/python3.8/site-packages/airflow/example_dags/example_external_task_marker_dag.py
[2021-02-07 21:46:02,639] {scheduler_job.py:627} INFO - Processing file /home/airflow/.local/lib/python3.8/site-packages/airflow/example_dags/example_external_task_marker_dag.py for tasks to queue
[2021-02-07 21:46:02,644] {logging_mixin.py:104} INFO - [2021-02-07 21:46:02,644] {dagbag.py:449} INFO - Filling up the DagBag from /home/airflow/.local/lib/python3.8/site-packages/airflow/example_dags/example_external_task_marker_dag.py
[2021-02-07 21:46:02,678] {scheduler_job.py:637} INFO - DAG(s) dict_keys(['example_external_task_marker_parent', 'example_external_task_marker_child']) retrieved from /home/airflow/.local/lib/python3.8/site-packages/airflow/example_dags/example_external_task_marker_dag.py
[2021-02-07 21:46:02,743] {logging_mixin.py:104} INFO - [2021-02-07 21:46:02,743] {dag.py:1818} INFO - Sync 2 DAGs
[2021-02-07 21:46:02,771] {logging_mixin.py:104} INFO - [2021-02-07 21:46:02,771] {dag.py:2273} INFO - Setting next_dagrun for example_external_task_marker_child to None
[2021-02-07 21:46:02,774] {logging_mixin.py:104} INFO - [2021-02-07 21:46:02,774] {dag.py:2273} INFO - Setting next_dagrun for example_external_task_marker_parent to None
[2021-02-07 21:46:02,797] {scheduler_job.py:189} INFO - Processing /home/airflow/.local/lib/python3.8/site-packages/airflow/example_dags/example_external_task_marker_dag.py took 0.168 seconds
[2021-02-07 21:46:32,896] {scheduler_job.py:181} INFO - Started process (PID=471) to work on /home/airflow/.local/lib/python3.8/site-packages/airflow/example_dags/example_external_task_marker_dag.py
[2021-02-07 21:46:32,899] {scheduler_job.py:627} INFO - Processing file /home/airflow/.local/lib/python3.8/site-packages/airflow/example_dags/example_external_task_marker_dag.py for tasks to queue
[2021-02-07 21:46:32,902] {logging_mixin.py:104} INFO - [2021-02-07 21:46:32,901] {dagbag.py:449} INFO - Filling up the DagBag from /home/airflow/.local/lib/python3.8/site-packages/airflow/example_dags/example_external_task_marker_dag.py
[2021-02-07 21:46:32,917] {scheduler_job.py:637} INFO - DAG(s) dict_keys(['example_external_task_marker_parent', 'example_external_task_marker_child']) retrieved from /home/airflow/.local/lib/python3.8/site-packages/airflow/example_dags/example_external_task_marker_dag.py
[2021-02-07 21:46:32,955] {logging_mixin.py:104} INFO - [2021-02-07 21:46:32,955] {dag.py:1818} INFO - Sync 2 DAGs
[2021-02-07 21:46:32,977] {logging_mixin.py:104} INFO - [2021-02-07 21:46:32,976] {dag.py:2273} INFO - Setting next_dagrun for example_external_task_marker_child to None
[2021-02-07 21:46:32,979] {logging_mixin.py:104} INFO - [2021-02-07 21:46:32,979] {dag.py:2273} INFO - Setting next_dagrun for example_external_task_marker_parent to None
[2021-02-07 21:46:32,999] {scheduler_job.py:189} INFO - Processing /home/airflow/.local/lib/python3.8/site-packages/airflow/example_dags/example_external_task_marker_dag.py took 0.110 seconds
[2021-02-07 21:47:08,425] {scheduler_job.py:181} INFO - Started process (PID=495) to work on /home/airflow/.local/lib/python3.8/site-packages/airflow/example_dags/example_external_task_marker_dag.py
[2021-02-07 21:47:08,443] {scheduler_job.py:627} INFO - Processing file /home/airflow/.local/lib/python3.8/site-packages/airflow/example_dags/example_external_task_marker_dag.py for tasks to queue
[2021-02-07 21:47:08,456] {logging_mixin.py:104} INFO - [2021-02-07 21:47:08,453] {dagbag.py:449} INFO - Filling up the DagBag from /home/airflow/.local/lib/python3.8/site-packages/airflow/example_dags/example_external_task_marker_dag.py
[2021-02-07 21:47:08,559] {scheduler_job.py:637} INFO - DAG(s) dict_keys(['example_external_task_marker_parent', 'example_external_task_marker_child']) retrieved from /home/airflow/.local/lib/python3.8/site-packages/airflow/example_dags/example_external_task_marker_dag.py
[2021-02-07 21:47:08,732] {logging_mixin.py:104} INFO - [2021-02-07 21:47:08,731] {dag.py:1818} INFO - Sync 2 DAGs
[2021-02-07 21:47:08,792] {logging_mixin.py:104} INFO - [2021-02-07 21:47:08,792] {dag.py:2273} INFO - Setting next_dagrun for example_external_task_marker_child to None
[2021-02-07 21:47:08,796] {logging_mixin.py:104} INFO - [2021-02-07 21:47:08,795] {dag.py:2273} INFO - Setting next_dagrun for example_external_task_marker_parent to None
[2021-02-07 21:47:08,849] {scheduler_job.py:189} INFO - Processing /home/airflow/.local/lib/python3.8/site-packages/airflow/example_dags/example_external_task_marker_dag.py took 0.459 seconds
[2021-02-07 21:47:38,976] {scheduler_job.py:181} INFO - Started process (PID=521) to work on /home/airflow/.local/lib/python3.8/site-packages/airflow/example_dags/example_external_task_marker_dag.py
[2021-02-07 21:47:38,980] {scheduler_job.py:627} INFO - Processing file /home/airflow/.local/lib/python3.8/site-packages/airflow/example_dags/example_external_task_marker_dag.py for tasks to queue
[2021-02-07 21:47:38,984] {logging_mixin.py:104} INFO - [2021-02-07 21:47:38,983] {dagbag.py:449} INFO - Filling up the DagBag from /home/airflow/.local/lib/python3.8/site-packages/airflow/example_dags/example_external_task_marker_dag.py
[2021-02-07 21:47:39,007] {scheduler_job.py:637} INFO - DAG(s) dict_keys(['example_external_task_marker_parent', 'example_external_task_marker_child']) retrieved from /home/airflow/.local/lib/python3.8/site-packages/airflow/example_dags/example_external_task_marker_dag.py
[2021-02-07 21:47:39,080] {logging_mixin.py:104} INFO - [2021-02-07 21:47:39,080] {dag.py:1818} INFO - Sync 2 DAGs
[2021-02-07 21:47:39,127] {logging_mixin.py:104} INFO - [2021-02-07 21:47:39,127] {dag.py:2273} INFO - Setting next_dagrun for example_external_task_marker_child to None
[2021-02-07 21:47:39,136] {logging_mixin.py:104} INFO - [2021-02-07 21:47:39,135] {dag.py:2273} INFO - Setting next_dagrun for example_external_task_marker_parent to None
[2021-02-07 21:47:39,179] {scheduler_job.py:189} INFO - Processing /home/airflow/.local/lib/python3.8/site-packages/airflow/example_dags/example_external_task_marker_dag.py took 0.208 seconds
[2021-02-07 21:48:09,290] {scheduler_job.py:181} INFO - Started process (PID=547) to work on /home/airflow/.local/lib/python3.8/site-packages/airflow/example_dags/example_external_task_marker_dag.py
[2021-02-07 21:48:09,293] {scheduler_job.py:627} INFO - Processing file /home/airflow/.local/lib/python3.8/site-packages/airflow/example_dags/example_external_task_marker_dag.py for tasks to queue
[2021-02-07 21:48:09,296] {logging_mixin.py:104} INFO - [2021-02-07 21:48:09,296] {dagbag.py:449} INFO - Filling up the DagBag from /home/airflow/.local/lib/python3.8/site-packages/airflow/example_dags/example_external_task_marker_dag.py
[2021-02-07 21:48:09,316] {scheduler_job.py:637} INFO - DAG(s) dict_keys(['example_external_task_marker_parent', 'example_external_task_marker_child']) retrieved from /home/airflow/.local/lib/python3.8/site-packages/airflow/example_dags/example_external_task_marker_dag.py
[2021-02-07 21:48:09,372] {logging_mixin.py:104} INFO - [2021-02-07 21:48:09,370] {dag.py:1818} INFO - Sync 2 DAGs
[2021-02-07 21:48:09,411] {logging_mixin.py:104} INFO - [2021-02-07 21:48:09,411] {dag.py:2273} INFO - Setting next_dagrun for example_external_task_marker_child to None
[2021-02-07 21:48:09,414] {logging_mixin.py:104} INFO - [2021-02-07 21:48:09,414] {dag.py:2273} INFO - Setting next_dagrun for example_external_task_marker_parent to None
[2021-02-07 21:48:09,437] {scheduler_job.py:189} INFO - Processing /home/airflow/.local/lib/python3.8/site-packages/airflow/example_dags/example_external_task_marker_dag.py took 0.157 seconds
[2021-02-07 21:48:40,045] {scheduler_job.py:181} INFO - Started process (PID=572) to work on /home/airflow/.local/lib/python3.8/site-packages/airflow/example_dags/example_external_task_marker_dag.py
[2021-02-07 21:48:40,061] {scheduler_job.py:627} INFO - Processing file /home/airflow/.local/lib/python3.8/site-packages/airflow/example_dags/example_external_task_marker_dag.py for tasks to queue
[2021-02-07 21:48:40,071] {logging_mixin.py:104} INFO - [2021-02-07 21:48:40,070] {dagbag.py:449} INFO - Filling up the DagBag from /home/airflow/.local/lib/python3.8/site-packages/airflow/example_dags/example_external_task_marker_dag.py
[2021-02-07 21:48:40,138] {scheduler_job.py:637} INFO - DAG(s) dict_keys(['example_external_task_marker_parent', 'example_external_task_marker_child']) retrieved from /home/airflow/.local/lib/python3.8/site-packages/airflow/example_dags/example_external_task_marker_dag.py
[2021-02-07 21:48:40,329] {logging_mixin.py:104} INFO - [2021-02-07 21:48:40,328] {dag.py:1818} INFO - Sync 2 DAGs
[2021-02-07 21:48:40,408] {logging_mixin.py:104} INFO - [2021-02-07 21:48:40,407] {dag.py:2273} INFO - Setting next_dagrun for example_external_task_marker_child to None
[2021-02-07 21:48:40,421] {logging_mixin.py:104} INFO - [2021-02-07 21:48:40,421] {dag.py:2273} INFO - Setting next_dagrun for example_external_task_marker_parent to None
[2021-02-07 21:48:40,473] {scheduler_job.py:189} INFO - Processing /home/airflow/.local/lib/python3.8/site-packages/airflow/example_dags/example_external_task_marker_dag.py took 0.490 seconds
[2021-02-07 21:49:11,164] {scheduler_job.py:181} INFO - Started process (PID=598) to work on /home/airflow/.local/lib/python3.8/site-packages/airflow/example_dags/example_external_task_marker_dag.py
[2021-02-07 21:49:11,166] {scheduler_job.py:627} INFO - Processing file /home/airflow/.local/lib/python3.8/site-packages/airflow/example_dags/example_external_task_marker_dag.py for tasks to queue
[2021-02-07 21:49:11,168] {logging_mixin.py:104} INFO - [2021-02-07 21:49:11,168] {dagbag.py:449} INFO - Filling up the DagBag from /home/airflow/.local/lib/python3.8/site-packages/airflow/example_dags/example_external_task_marker_dag.py
[2021-02-07 21:49:11,181] {scheduler_job.py:637} INFO - DAG(s) dict_keys(['example_external_task_marker_parent', 'example_external_task_marker_child']) retrieved from /home/airflow/.local/lib/python3.8/site-packages/airflow/example_dags/example_external_task_marker_dag.py
[2021-02-07 21:49:11,216] {logging_mixin.py:104} INFO - [2021-02-07 21:49:11,215] {dag.py:1818} INFO - Sync 2 DAGs
[2021-02-07 21:49:11,243] {logging_mixin.py:104} INFO - [2021-02-07 21:49:11,243] {dag.py:2273} INFO - Setting next_dagrun for example_external_task_marker_child to None
[2021-02-07 21:49:11,245] {logging_mixin.py:104} INFO - [2021-02-07 21:49:11,245] {dag.py:2273} INFO - Setting next_dagrun for example_external_task_marker_parent to None
[2021-02-07 21:49:11,261] {scheduler_job.py:189} INFO - Processing /home/airflow/.local/lib/python3.8/site-packages/airflow/example_dags/example_external_task_marker_dag.py took 0.102 seconds
[2021-02-07 21:49:42,339] {scheduler_job.py:181} INFO - Started process (PID=625) to work on /home/airflow/.local/lib/python3.8/site-packages/airflow/example_dags/example_external_task_marker_dag.py
[2021-02-07 21:49:42,359] {scheduler_job.py:627} INFO - Processing file /home/airflow/.local/lib/python3.8/site-packages/airflow/example_dags/example_external_task_marker_dag.py for tasks to queue
[2021-02-07 21:49:42,375] {logging_mixin.py:104} INFO - [2021-02-07 21:49:42,374] {dagbag.py:449} INFO - Filling up the DagBag from /home/airflow/.local/lib/python3.8/site-packages/airflow/example_dags/example_external_task_marker_dag.py
[2021-02-07 21:49:42,469] {scheduler_job.py:637} INFO - DAG(s) dict_keys(['example_external_task_marker_parent', 'example_external_task_marker_child']) retrieved from /home/airflow/.local/lib/python3.8/site-packages/airflow/example_dags/example_external_task_marker_dag.py
[2021-02-07 21:49:42,895] {logging_mixin.py:104} INFO - [2021-02-07 21:49:42,894] {dag.py:1818} INFO - Sync 2 DAGs
[2021-02-07 21:49:43,049] {logging_mixin.py:104} INFO - [2021-02-07 21:49:43,048] {dag.py:2273} INFO - Setting next_dagrun for example_external_task_marker_child to None
[2021-02-07 21:49:43,064] {logging_mixin.py:104} INFO - [2021-02-07 21:49:43,064] {dag.py:2273} INFO - Setting next_dagrun for example_external_task_marker_parent to None
[2021-02-07 21:49:43,152] {scheduler_job.py:189} INFO - Processing /home/airflow/.local/lib/python3.8/site-packages/airflow/example_dags/example_external_task_marker_dag.py took 0.848 seconds
[2021-02-07 21:50:13,630] {scheduler_job.py:181} INFO - Started process (PID=651) to work on /home/airflow/.local/lib/python3.8/site-packages/airflow/example_dags/example_external_task_marker_dag.py
[2021-02-07 21:50:13,633] {scheduler_job.py:627} INFO - Processing file /home/airflow/.local/lib/python3.8/site-packages/airflow/example_dags/example_external_task_marker_dag.py for tasks to queue
[2021-02-07 21:50:13,636] {logging_mixin.py:104} INFO - [2021-02-07 21:50:13,635] {dagbag.py:449} INFO - Filling up the DagBag from /home/airflow/.local/lib/python3.8/site-packages/airflow/example_dags/example_external_task_marker_dag.py
[2021-02-07 21:50:13,656] {scheduler_job.py:637} INFO - DAG(s) dict_keys(['example_external_task_marker_parent', 'example_external_task_marker_child']) retrieved from /home/airflow/.local/lib/python3.8/site-packages/airflow/example_dags/example_external_task_marker_dag.py
[2021-02-07 21:50:13,699] {logging_mixin.py:104} INFO - [2021-02-07 21:50:13,699] {dag.py:1818} INFO - Sync 2 DAGs
[2021-02-07 21:50:13,725] {logging_mixin.py:104} INFO - [2021-02-07 21:50:13,724] {dag.py:2273} INFO - Setting next_dagrun for example_external_task_marker_child to None
[2021-02-07 21:50:13,727] {logging_mixin.py:104} INFO - [2021-02-07 21:50:13,727] {dag.py:2273} INFO - Setting next_dagrun for example_external_task_marker_parent to None
[2021-02-07 21:50:13,747] {scheduler_job.py:189} INFO - Processing /home/airflow/.local/lib/python3.8/site-packages/airflow/example_dags/example_external_task_marker_dag.py took 0.122 seconds
[2021-02-07 21:50:44,357] {scheduler_job.py:181} INFO - Started process (PID=677) to work on /home/airflow/.local/lib/python3.8/site-packages/airflow/example_dags/example_external_task_marker_dag.py
[2021-02-07 21:50:44,360] {scheduler_job.py:627} INFO - Processing file /home/airflow/.local/lib/python3.8/site-packages/airflow/example_dags/example_external_task_marker_dag.py for tasks to queue
[2021-02-07 21:50:44,362] {logging_mixin.py:104} INFO - [2021-02-07 21:50:44,362] {dagbag.py:449} INFO - Filling up the DagBag from /home/airflow/.local/lib/python3.8/site-packages/airflow/example_dags/example_external_task_marker_dag.py
[2021-02-07 21:50:44,378] {scheduler_job.py:637} INFO - DAG(s) dict_keys(['example_external_task_marker_parent', 'example_external_task_marker_child']) retrieved from /home/airflow/.local/lib/python3.8/site-packages/airflow/example_dags/example_external_task_marker_dag.py
[2021-02-07 21:50:44,417] {logging_mixin.py:104} INFO - [2021-02-07 21:50:44,417] {dag.py:1818} INFO - Sync 2 DAGs
[2021-02-07 21:50:44,434] {logging_mixin.py:104} INFO - [2021-02-07 21:50:44,434] {dag.py:2273} INFO - Setting next_dagrun for example_external_task_marker_child to None
[2021-02-07 21:50:44,436] {logging_mixin.py:104} INFO - [2021-02-07 21:50:44,436] {dag.py:2273} INFO - Setting next_dagrun for example_external_task_marker_parent to None
[2021-02-07 21:50:44,456] {scheduler_job.py:189} INFO - Processing /home/airflow/.local/lib/python3.8/site-packages/airflow/example_dags/example_external_task_marker_dag.py took 0.104 seconds
[2021-02-07 21:51:15,047] {scheduler_job.py:181} INFO - Started process (PID=703) to work on /home/airflow/.local/lib/python3.8/site-packages/airflow/example_dags/example_external_task_marker_dag.py
[2021-02-07 21:51:15,049] {scheduler_job.py:627} INFO - Processing file /home/airflow/.local/lib/python3.8/site-packages/airflow/example_dags/example_external_task_marker_dag.py for tasks to queue
[2021-02-07 21:51:15,051] {logging_mixin.py:104} INFO - [2021-02-07 21:51:15,051] {dagbag.py:449} INFO - Filling up the DagBag from /home/airflow/.local/lib/python3.8/site-packages/airflow/example_dags/example_external_task_marker_dag.py
[2021-02-07 21:51:15,064] {scheduler_job.py:637} INFO - DAG(s) dict_keys(['example_external_task_marker_parent', 'example_external_task_marker_child']) retrieved from /home/airflow/.local/lib/python3.8/site-packages/airflow/example_dags/example_external_task_marker_dag.py
[2021-02-07 21:51:15,099] {logging_mixin.py:104} INFO - [2021-02-07 21:51:15,099] {dag.py:1818} INFO - Sync 2 DAGs
[2021-02-07 21:51:15,114] {logging_mixin.py:104} INFO - [2021-02-07 21:51:15,114] {dag.py:2273} INFO - Setting next_dagrun for example_external_task_marker_child to None
[2021-02-07 21:51:15,116] {logging_mixin.py:104} INFO - [2021-02-07 21:51:15,116] {dag.py:2273} INFO - Setting next_dagrun for example_external_task_marker_parent to None
[2021-02-07 21:51:15,148] {scheduler_job.py:189} INFO - Processing /home/airflow/.local/lib/python3.8/site-packages/airflow/example_dags/example_external_task_marker_dag.py took 0.105 seconds
[2021-02-07 21:51:45,913] {scheduler_job.py:181} INFO - Started process (PID=729) to work on /home/airflow/.local/lib/python3.8/site-packages/airflow/example_dags/example_external_task_marker_dag.py
[2021-02-07 21:51:45,916] {scheduler_job.py:627} INFO - Processing file /home/airflow/.local/lib/python3.8/site-packages/airflow/example_dags/example_external_task_marker_dag.py for tasks to queue
[2021-02-07 21:51:45,919] {logging_mixin.py:104} INFO - [2021-02-07 21:51:45,919] {dagbag.py:449} INFO - Filling up the DagBag from /home/airflow/.local/lib/python3.8/site-packages/airflow/example_dags/example_external_task_marker_dag.py
[2021-02-07 21:51:45,936] {scheduler_job.py:637} INFO - DAG(s) dict_keys(['example_external_task_marker_parent', 'example_external_task_marker_child']) retrieved from /home/airflow/.local/lib/python3.8/site-packages/airflow/example_dags/example_external_task_marker_dag.py
[2021-02-07 21:51:45,993] {logging_mixin.py:104} INFO - [2021-02-07 21:51:45,993] {dag.py:1818} INFO - Sync 2 DAGs
[2021-02-07 21:51:46,018] {logging_mixin.py:104} INFO - [2021-02-07 21:51:46,017] {dag.py:2273} INFO - Setting next_dagrun for example_external_task_marker_child to None
[2021-02-07 21:51:46,020] {logging_mixin.py:104} INFO - [2021-02-07 21:51:46,020] {dag.py:2273} INFO - Setting next_dagrun for example_external_task_marker_parent to None
[2021-02-07 21:51:46,038] {scheduler_job.py:189} INFO - Processing /home/airflow/.local/lib/python3.8/site-packages/airflow/example_dags/example_external_task_marker_dag.py took 0.130 seconds
[2021-02-07 21:52:16,684] {scheduler_job.py:181} INFO - Started process (PID=755) to work on /home/airflow/.local/lib/python3.8/site-packages/airflow/example_dags/example_external_task_marker_dag.py
[2021-02-07 21:52:16,686] {scheduler_job.py:627} INFO - Processing file /home/airflow/.local/lib/python3.8/site-packages/airflow/example_dags/example_external_task_marker_dag.py for tasks to queue
[2021-02-07 21:52:16,688] {logging_mixin.py:104} INFO - [2021-02-07 21:52:16,688] {dagbag.py:449} INFO - Filling up the DagBag from /home/airflow/.local/lib/python3.8/site-packages/airflow/example_dags/example_external_task_marker_dag.py
[2021-02-07 21:52:16,702] {scheduler_job.py:637} INFO - DAG(s) dict_keys(['example_external_task_marker_parent', 'example_external_task_marker_child']) retrieved from /home/airflow/.local/lib/python3.8/site-packages/airflow/example_dags/example_external_task_marker_dag.py
[2021-02-07 21:52:16,733] {logging_mixin.py:104} INFO - [2021-02-07 21:52:16,733] {dag.py:1818} INFO - Sync 2 DAGs
[2021-02-07 21:52:16,748] {logging_mixin.py:104} INFO - [2021-02-07 21:52:16,748] {dag.py:2273} INFO - Setting next_dagrun for example_external_task_marker_child to None
[2021-02-07 21:52:16,751] {logging_mixin.py:104} INFO - [2021-02-07 21:52:16,751] {dag.py:2273} INFO - Setting next_dagrun for example_external_task_marker_parent to None
[2021-02-07 21:52:16,768] {scheduler_job.py:189} INFO - Processing /home/airflow/.local/lib/python3.8/site-packages/airflow/example_dags/example_external_task_marker_dag.py took 0.089 seconds
[2021-02-07 21:52:47,257] {scheduler_job.py:181} INFO - Started process (PID=781) to work on /home/airflow/.local/lib/python3.8/site-packages/airflow/example_dags/example_external_task_marker_dag.py
[2021-02-07 21:52:47,259] {scheduler_job.py:627} INFO - Processing file /home/airflow/.local/lib/python3.8/site-packages/airflow/example_dags/example_external_task_marker_dag.py for tasks to queue
[2021-02-07 21:52:47,262] {logging_mixin.py:104} INFO - [2021-02-07 21:52:47,261] {dagbag.py:449} INFO - Filling up the DagBag from /home/airflow/.local/lib/python3.8/site-packages/airflow/example_dags/example_external_task_marker_dag.py
[2021-02-07 21:52:47,276] {scheduler_job.py:637} INFO - DAG(s) dict_keys(['example_external_task_marker_parent', 'example_external_task_marker_child']) retrieved from /home/airflow/.local/lib/python3.8/site-packages/airflow/example_dags/example_external_task_marker_dag.py
[2021-02-07 21:52:47,325] {logging_mixin.py:104} INFO - [2021-02-07 21:52:47,325] {dag.py:1818} INFO - Sync 2 DAGs
[2021-02-07 21:52:47,342] {logging_mixin.py:104} INFO - [2021-02-07 21:52:47,341] {dag.py:2273} INFO - Setting next_dagrun for example_external_task_marker_child to None
[2021-02-07 21:52:47,344] {logging_mixin.py:104} INFO - [2021-02-07 21:52:47,344] {dag.py:2273} INFO - Setting next_dagrun for example_external_task_marker_parent to None
[2021-02-07 21:52:47,361] {scheduler_job.py:189} INFO - Processing /home/airflow/.local/lib/python3.8/site-packages/airflow/example_dags/example_external_task_marker_dag.py took 0.109 seconds
[2021-02-07 21:53:18,276] {scheduler_job.py:181} INFO - Started process (PID=807) to work on /home/airflow/.local/lib/python3.8/site-packages/airflow/example_dags/example_external_task_marker_dag.py
[2021-02-07 21:53:18,278] {scheduler_job.py:627} INFO - Processing file /home/airflow/.local/lib/python3.8/site-packages/airflow/example_dags/example_external_task_marker_dag.py for tasks to queue
[2021-02-07 21:53:18,280] {logging_mixin.py:104} INFO - [2021-02-07 21:53:18,280] {dagbag.py:449} INFO - Filling up the DagBag from /home/airflow/.local/lib/python3.8/site-packages/airflow/example_dags/example_external_task_marker_dag.py
[2021-02-07 21:53:18,293] {scheduler_job.py:637} INFO - DAG(s) dict_keys(['example_external_task_marker_parent', 'example_external_task_marker_child']) retrieved from /home/airflow/.local/lib/python3.8/site-packages/airflow/example_dags/example_external_task_marker_dag.py
[2021-02-07 21:53:18,325] {logging_mixin.py:104} INFO - [2021-02-07 21:53:18,325] {dag.py:1818} INFO - Sync 2 DAGs
[2021-02-07 21:53:18,340] {logging_mixin.py:104} INFO - [2021-02-07 21:53:18,340] {dag.py:2273} INFO - Setting next_dagrun for example_external_task_marker_child to None
[2021-02-07 21:53:18,342] {logging_mixin.py:104} INFO - [2021-02-07 21:53:18,342] {dag.py:2273} INFO - Setting next_dagrun for example_external_task_marker_parent to None
[2021-02-07 21:53:18,361] {scheduler_job.py:189} INFO - Processing /home/airflow/.local/lib/python3.8/site-packages/airflow/example_dags/example_external_task_marker_dag.py took 0.089 seconds
[2021-02-07 21:53:49,243] {scheduler_job.py:181} INFO - Started process (PID=840) to work on /home/airflow/.local/lib/python3.8/site-packages/airflow/example_dags/example_external_task_marker_dag.py
[2021-02-07 21:53:49,246] {scheduler_job.py:627} INFO - Processing file /home/airflow/.local/lib/python3.8/site-packages/airflow/example_dags/example_external_task_marker_dag.py for tasks to queue
[2021-02-07 21:53:49,248] {logging_mixin.py:104} INFO - [2021-02-07 21:53:49,247] {dagbag.py:449} INFO - Filling up the DagBag from /home/airflow/.local/lib/python3.8/site-packages/airflow/example_dags/example_external_task_marker_dag.py
[2021-02-07 21:53:49,261] {scheduler_job.py:637} INFO - DAG(s) dict_keys(['example_external_task_marker_parent', 'example_external_task_marker_child']) retrieved from /home/airflow/.local/lib/python3.8/site-packages/airflow/example_dags/example_external_task_marker_dag.py
[2021-02-07 21:53:49,295] {logging_mixin.py:104} INFO - [2021-02-07 21:53:49,295] {dag.py:1818} INFO - Sync 2 DAGs
[2021-02-07 21:53:49,309] {logging_mixin.py:104} INFO - [2021-02-07 21:53:49,309] {dag.py:2273} INFO - Setting next_dagrun for example_external_task_marker_child to None
[2021-02-07 21:53:49,311] {logging_mixin.py:104} INFO - [2021-02-07 21:53:49,311] {dag.py:2273} INFO - Setting next_dagrun for example_external_task_marker_parent to None
[2021-02-07 21:53:49,328] {scheduler_job.py:189} INFO - Processing /home/airflow/.local/lib/python3.8/site-packages/airflow/example_dags/example_external_task_marker_dag.py took 0.090 seconds
[2021-02-07 21:54:19,561] {scheduler_job.py:181} INFO - Started process (PID=875) to work on /home/airflow/.local/lib/python3.8/site-packages/airflow/example_dags/example_external_task_marker_dag.py
[2021-02-07 21:54:19,563] {scheduler_job.py:627} INFO - Processing file /home/airflow/.local/lib/python3.8/site-packages/airflow/example_dags/example_external_task_marker_dag.py for tasks to queue
[2021-02-07 21:54:19,565] {logging_mixin.py:104} INFO - [2021-02-07 21:54:19,565] {dagbag.py:449} INFO - Filling up the DagBag from /home/airflow/.local/lib/python3.8/site-packages/airflow/example_dags/example_external_task_marker_dag.py
[2021-02-07 21:54:19,578] {scheduler_job.py:637} INFO - DAG(s) dict_keys(['example_external_task_marker_parent', 'example_external_task_marker_child']) retrieved from /home/airflow/.local/lib/python3.8/site-packages/airflow/example_dags/example_external_task_marker_dag.py
[2021-02-07 21:54:19,605] {logging_mixin.py:104} INFO - [2021-02-07 21:54:19,605] {dag.py:1818} INFO - Sync 2 DAGs
[2021-02-07 21:54:19,623] {logging_mixin.py:104} INFO - [2021-02-07 21:54:19,623] {dag.py:2273} INFO - Setting next_dagrun for example_external_task_marker_child to None
[2021-02-07 21:54:19,626] {logging_mixin.py:104} INFO - [2021-02-07 21:54:19,626] {dag.py:2273} INFO - Setting next_dagrun for example_external_task_marker_parent to None
[2021-02-07 21:54:19,637] {scheduler_job.py:189} INFO - Processing /home/airflow/.local/lib/python3.8/site-packages/airflow/example_dags/example_external_task_marker_dag.py took 0.080 seconds
[2021-02-07 21:54:50,642] {scheduler_job.py:181} INFO - Started process (PID=901) to work on /home/airflow/.local/lib/python3.8/site-packages/airflow/example_dags/example_external_task_marker_dag.py
[2021-02-07 21:54:50,645] {scheduler_job.py:627} INFO - Processing file /home/airflow/.local/lib/python3.8/site-packages/airflow/example_dags/example_external_task_marker_dag.py for tasks to queue
[2021-02-07 21:54:50,646] {logging_mixin.py:104} INFO - [2021-02-07 21:54:50,646] {dagbag.py:449} INFO - Filling up the DagBag from /home/airflow/.local/lib/python3.8/site-packages/airflow/example_dags/example_external_task_marker_dag.py
[2021-02-07 21:54:50,660] {scheduler_job.py:637} INFO - DAG(s) dict_keys(['example_external_task_marker_parent', 'example_external_task_marker_child']) retrieved from /home/airflow/.local/lib/python3.8/site-packages/airflow/example_dags/example_external_task_marker_dag.py
[2021-02-07 21:54:50,694] {logging_mixin.py:104} INFO - [2021-02-07 21:54:50,694] {dag.py:1818} INFO - Sync 2 DAGs
[2021-02-07 21:54:50,708] {logging_mixin.py:104} INFO - [2021-02-07 21:54:50,708] {dag.py:2273} INFO - Setting next_dagrun for example_external_task_marker_child to None
[2021-02-07 21:54:50,710] {logging_mixin.py:104} INFO - [2021-02-07 21:54:50,710] {dag.py:2273} INFO - Setting next_dagrun for example_external_task_marker_parent to None
[2021-02-07 21:54:50,727] {scheduler_job.py:189} INFO - Processing /home/airflow/.local/lib/python3.8/site-packages/airflow/example_dags/example_external_task_marker_dag.py took 0.090 seconds
[2021-02-07 21:55:20,884] {scheduler_job.py:181} INFO - Started process (PID=927) to work on /home/airflow/.local/lib/python3.8/site-packages/airflow/example_dags/example_external_task_marker_dag.py
[2021-02-07 21:55:20,887] {scheduler_job.py:627} INFO - Processing file /home/airflow/.local/lib/python3.8/site-packages/airflow/example_dags/example_external_task_marker_dag.py for tasks to queue
[2021-02-07 21:55:20,889] {logging_mixin.py:104} INFO - [2021-02-07 21:55:20,889] {dagbag.py:449} INFO - Filling up the DagBag from /home/airflow/.local/lib/python3.8/site-packages/airflow/example_dags/example_external_task_marker_dag.py
[2021-02-07 21:55:20,912] {scheduler_job.py:637} INFO - DAG(s) dict_keys(['example_external_task_marker_parent', 'example_external_task_marker_child']) retrieved from /home/airflow/.local/lib/python3.8/site-packages/airflow/example_dags/example_external_task_marker_dag.py
[2021-02-07 21:55:20,989] {logging_mixin.py:104} INFO - [2021-02-07 21:55:20,989] {dag.py:1818} INFO - Sync 2 DAGs
[2021-02-07 21:55:21,056] {logging_mixin.py:104} INFO - [2021-02-07 21:55:21,056] {dag.py:2273} INFO - Setting next_dagrun for example_external_task_marker_child to None
[2021-02-07 21:55:21,063] {logging_mixin.py:104} INFO - [2021-02-07 21:55:21,062] {dag.py:2273} INFO - Setting next_dagrun for example_external_task_marker_parent to None
[2021-02-07 21:55:21,106] {scheduler_job.py:189} INFO - Processing /home/airflow/.local/lib/python3.8/site-packages/airflow/example_dags/example_external_task_marker_dag.py took 0.229 seconds
[2021-02-07 21:55:51,251] {scheduler_job.py:181} INFO - Started process (PID=953) to work on /home/airflow/.local/lib/python3.8/site-packages/airflow/example_dags/example_external_task_marker_dag.py
[2021-02-07 21:55:51,254] {scheduler_job.py:627} INFO - Processing file /home/airflow/.local/lib/python3.8/site-packages/airflow/example_dags/example_external_task_marker_dag.py for tasks to queue
[2021-02-07 21:55:51,257] {logging_mixin.py:104} INFO - [2021-02-07 21:55:51,256] {dagbag.py:449} INFO - Filling up the DagBag from /home/airflow/.local/lib/python3.8/site-packages/airflow/example_dags/example_external_task_marker_dag.py
[2021-02-07 21:55:51,277] {scheduler_job.py:637} INFO - DAG(s) dict_keys(['example_external_task_marker_parent', 'example_external_task_marker_child']) retrieved from /home/airflow/.local/lib/python3.8/site-packages/airflow/example_dags/example_external_task_marker_dag.py
[2021-02-07 21:55:51,332] {logging_mixin.py:104} INFO - [2021-02-07 21:55:51,332] {dag.py:1818} INFO - Sync 2 DAGs
[2021-02-07 21:55:51,358] {logging_mixin.py:104} INFO - [2021-02-07 21:55:51,357] {dag.py:2273} INFO - Setting next_dagrun for example_external_task_marker_child to None
[2021-02-07 21:55:51,360] {logging_mixin.py:104} INFO - [2021-02-07 21:55:51,360] {dag.py:2273} INFO - Setting next_dagrun for example_external_task_marker_parent to None
[2021-02-07 21:55:51,378] {scheduler_job.py:189} INFO - Processing /home/airflow/.local/lib/python3.8/site-packages/airflow/example_dags/example_external_task_marker_dag.py took 0.132 seconds
[2021-02-07 21:56:21,701] {scheduler_job.py:181} INFO - Started process (PID=979) to work on /home/airflow/.local/lib/python3.8/site-packages/airflow/example_dags/example_external_task_marker_dag.py
[2021-02-07 21:56:21,703] {scheduler_job.py:627} INFO - Processing file /home/airflow/.local/lib/python3.8/site-packages/airflow/example_dags/example_external_task_marker_dag.py for tasks to queue
[2021-02-07 21:56:21,705] {logging_mixin.py:104} INFO - [2021-02-07 21:56:21,705] {dagbag.py:449} INFO - Filling up the DagBag from /home/airflow/.local/lib/python3.8/site-packages/airflow/example_dags/example_external_task_marker_dag.py
[2021-02-07 21:56:21,719] {scheduler_job.py:637} INFO - DAG(s) dict_keys(['example_external_task_marker_parent', 'example_external_task_marker_child']) retrieved from /home/airflow/.local/lib/python3.8/site-packages/airflow/example_dags/example_external_task_marker_dag.py
[2021-02-07 21:56:21,765] {logging_mixin.py:104} INFO - [2021-02-07 21:56:21,765] {dag.py:1818} INFO - Sync 2 DAGs
[2021-02-07 21:56:21,783] {logging_mixin.py:104} INFO - [2021-02-07 21:56:21,783] {dag.py:2273} INFO - Setting next_dagrun for example_external_task_marker_child to None
[2021-02-07 21:56:21,785] {logging_mixin.py:104} INFO - [2021-02-07 21:56:21,785] {dag.py:2273} INFO - Setting next_dagrun for example_external_task_marker_parent to None
[2021-02-07 21:56:21,806] {scheduler_job.py:189} INFO - Processing /home/airflow/.local/lib/python3.8/site-packages/airflow/example_dags/example_external_task_marker_dag.py took 0.111 seconds
[2021-02-07 21:56:51,872] {scheduler_job.py:181} INFO - Started process (PID=1005) to work on /home/airflow/.local/lib/python3.8/site-packages/airflow/example_dags/example_external_task_marker_dag.py
[2021-02-07 21:56:51,875] {scheduler_job.py:627} INFO - Processing file /home/airflow/.local/lib/python3.8/site-packages/airflow/example_dags/example_external_task_marker_dag.py for tasks to queue
[2021-02-07 21:56:51,879] {logging_mixin.py:104} INFO - [2021-02-07 21:56:51,879] {dagbag.py:449} INFO - Filling up the DagBag from /home/airflow/.local/lib/python3.8/site-packages/airflow/example_dags/example_external_task_marker_dag.py
[2021-02-07 21:56:51,897] {scheduler_job.py:637} INFO - DAG(s) dict_keys(['example_external_task_marker_parent', 'example_external_task_marker_child']) retrieved from /home/airflow/.local/lib/python3.8/site-packages/airflow/example_dags/example_external_task_marker_dag.py
[2021-02-07 21:56:51,939] {logging_mixin.py:104} INFO - [2021-02-07 21:56:51,939] {dag.py:1818} INFO - Sync 2 DAGs
[2021-02-07 21:56:51,965] {logging_mixin.py:104} INFO - [2021-02-07 21:56:51,964] {dag.py:2273} INFO - Setting next_dagrun for example_external_task_marker_child to None
[2021-02-07 21:56:51,967] {logging_mixin.py:104} INFO - [2021-02-07 21:56:51,967] {dag.py:2273} INFO - Setting next_dagrun for example_external_task_marker_parent to None
[2021-02-07 21:56:51,990] {scheduler_job.py:189} INFO - Processing /home/airflow/.local/lib/python3.8/site-packages/airflow/example_dags/example_external_task_marker_dag.py took 0.124 seconds
[2021-02-07 21:57:22,016] {scheduler_job.py:181} INFO - Started process (PID=1030) to work on /home/airflow/.local/lib/python3.8/site-packages/airflow/example_dags/example_external_task_marker_dag.py
[2021-02-07 21:57:22,018] {scheduler_job.py:627} INFO - Processing file /home/airflow/.local/lib/python3.8/site-packages/airflow/example_dags/example_external_task_marker_dag.py for tasks to queue
[2021-02-07 21:57:22,019] {logging_mixin.py:104} INFO - [2021-02-07 21:57:22,019] {dagbag.py:449} INFO - Filling up the DagBag from /home/airflow/.local/lib/python3.8/site-packages/airflow/example_dags/example_external_task_marker_dag.py
[2021-02-07 21:57:22,030] {scheduler_job.py:637} INFO - DAG(s) dict_keys(['example_external_task_marker_parent', 'example_external_task_marker_child']) retrieved from /home/airflow/.local/lib/python3.8/site-packages/airflow/example_dags/example_external_task_marker_dag.py
[2021-02-07 21:57:22,056] {logging_mixin.py:104} INFO - [2021-02-07 21:57:22,056] {dag.py:1818} INFO - Sync 2 DAGs
[2021-02-07 21:57:22,069] {logging_mixin.py:104} INFO - [2021-02-07 21:57:22,069] {dag.py:2273} INFO - Setting next_dagrun for example_external_task_marker_child to None
[2021-02-07 21:57:22,071] {logging_mixin.py:104} INFO - [2021-02-07 21:57:22,071] {dag.py:2273} INFO - Setting next_dagrun for example_external_task_marker_parent to None
[2021-02-07 21:57:22,083] {scheduler_job.py:189} INFO - Processing /home/airflow/.local/lib/python3.8/site-packages/airflow/example_dags/example_external_task_marker_dag.py took 0.071 seconds
[2021-02-07 21:57:52,583] {scheduler_job.py:181} INFO - Started process (PID=1057) to work on /home/airflow/.local/lib/python3.8/site-packages/airflow/example_dags/example_external_task_marker_dag.py
[2021-02-07 21:57:52,586] {scheduler_job.py:627} INFO - Processing file /home/airflow/.local/lib/python3.8/site-packages/airflow/example_dags/example_external_task_marker_dag.py for tasks to queue
[2021-02-07 21:57:52,587] {logging_mixin.py:104} INFO - [2021-02-07 21:57:52,587] {dagbag.py:449} INFO - Filling up the DagBag from /home/airflow/.local/lib/python3.8/site-packages/airflow/example_dags/example_external_task_marker_dag.py
[2021-02-07 21:57:52,599] {scheduler_job.py:637} INFO - DAG(s) dict_keys(['example_external_task_marker_parent', 'example_external_task_marker_child']) retrieved from /home/airflow/.local/lib/python3.8/site-packages/airflow/example_dags/example_external_task_marker_dag.py
[2021-02-07 21:57:52,631] {logging_mixin.py:104} INFO - [2021-02-07 21:57:52,631] {dag.py:1818} INFO - Sync 2 DAGs
[2021-02-07 21:57:52,646] {logging_mixin.py:104} INFO - [2021-02-07 21:57:52,645] {dag.py:2273} INFO - Setting next_dagrun for example_external_task_marker_child to None
[2021-02-07 21:57:52,648] {logging_mixin.py:104} INFO - [2021-02-07 21:57:52,647] {dag.py:2273} INFO - Setting next_dagrun for example_external_task_marker_parent to None
[2021-02-07 21:57:52,661] {scheduler_job.py:189} INFO - Processing /home/airflow/.local/lib/python3.8/site-packages/airflow/example_dags/example_external_task_marker_dag.py took 0.082 seconds
[2021-02-07 21:58:23,162] {scheduler_job.py:181} INFO - Started process (PID=1083) to work on /home/airflow/.local/lib/python3.8/site-packages/airflow/example_dags/example_external_task_marker_dag.py
[2021-02-07 21:58:23,165] {scheduler_job.py:627} INFO - Processing file /home/airflow/.local/lib/python3.8/site-packages/airflow/example_dags/example_external_task_marker_dag.py for tasks to queue
[2021-02-07 21:58:23,167] {logging_mixin.py:104} INFO - [2021-02-07 21:58:23,167] {dagbag.py:449} INFO - Filling up the DagBag from /home/airflow/.local/lib/python3.8/site-packages/airflow/example_dags/example_external_task_marker_dag.py
[2021-02-07 21:58:23,185] {scheduler_job.py:637} INFO - DAG(s) dict_keys(['example_external_task_marker_parent', 'example_external_task_marker_child']) retrieved from /home/airflow/.local/lib/python3.8/site-packages/airflow/example_dags/example_external_task_marker_dag.py
[2021-02-07 21:58:23,232] {logging_mixin.py:104} INFO - [2021-02-07 21:58:23,232] {dag.py:1818} INFO - Sync 2 DAGs
[2021-02-07 21:58:23,253] {logging_mixin.py:104} INFO - [2021-02-07 21:58:23,253] {dag.py:2273} INFO - Setting next_dagrun for example_external_task_marker_child to None
[2021-02-07 21:58:23,256] {logging_mixin.py:104} INFO - [2021-02-07 21:58:23,256] {dag.py:2273} INFO - Setting next_dagrun for example_external_task_marker_parent to None
[2021-02-07 21:58:23,281] {scheduler_job.py:189} INFO - Processing /home/airflow/.local/lib/python3.8/site-packages/airflow/example_dags/example_external_task_marker_dag.py took 0.124 seconds
[2021-02-07 21:58:53,863] {scheduler_job.py:181} INFO - Started process (PID=1109) to work on /home/airflow/.local/lib/python3.8/site-packages/airflow/example_dags/example_external_task_marker_dag.py
[2021-02-07 21:58:53,866] {scheduler_job.py:627} INFO - Processing file /home/airflow/.local/lib/python3.8/site-packages/airflow/example_dags/example_external_task_marker_dag.py for tasks to queue
[2021-02-07 21:58:53,869] {logging_mixin.py:104} INFO - [2021-02-07 21:58:53,868] {dagbag.py:449} INFO - Filling up the DagBag from /home/airflow/.local/lib/python3.8/site-packages/airflow/example_dags/example_external_task_marker_dag.py
[2021-02-07 21:58:53,928] {scheduler_job.py:637} INFO - DAG(s) dict_keys(['example_external_task_marker_parent', 'example_external_task_marker_child']) retrieved from /home/airflow/.local/lib/python3.8/site-packages/airflow/example_dags/example_external_task_marker_dag.py
[2021-02-07 21:58:54,127] {logging_mixin.py:104} INFO - [2021-02-07 21:58:54,125] {dag.py:1818} INFO - Sync 2 DAGs
[2021-02-07 21:58:54,238] {logging_mixin.py:104} INFO - [2021-02-07 21:58:54,238] {dag.py:2273} INFO - Setting next_dagrun for example_external_task_marker_child to None
[2021-02-07 21:58:54,258] {logging_mixin.py:104} INFO - [2021-02-07 21:58:54,257] {dag.py:2273} INFO - Setting next_dagrun for example_external_task_marker_parent to None
[2021-02-07 21:58:54,354] {scheduler_job.py:189} INFO - Processing /home/airflow/.local/lib/python3.8/site-packages/airflow/example_dags/example_external_task_marker_dag.py took 0.495 seconds
[2021-02-07 21:59:24,469] {scheduler_job.py:181} INFO - Started process (PID=1135) to work on /home/airflow/.local/lib/python3.8/site-packages/airflow/example_dags/example_external_task_marker_dag.py
[2021-02-07 21:59:24,473] {scheduler_job.py:627} INFO - Processing file /home/airflow/.local/lib/python3.8/site-packages/airflow/example_dags/example_external_task_marker_dag.py for tasks to queue
[2021-02-07 21:59:24,476] {logging_mixin.py:104} INFO - [2021-02-07 21:59:24,476] {dagbag.py:449} INFO - Filling up the DagBag from /home/airflow/.local/lib/python3.8/site-packages/airflow/example_dags/example_external_task_marker_dag.py
[2021-02-07 21:59:24,499] {scheduler_job.py:637} INFO - DAG(s) dict_keys(['example_external_task_marker_parent', 'example_external_task_marker_child']) retrieved from /home/airflow/.local/lib/python3.8/site-packages/airflow/example_dags/example_external_task_marker_dag.py
[2021-02-07 21:59:24,558] {logging_mixin.py:104} INFO - [2021-02-07 21:59:24,557] {dag.py:1818} INFO - Sync 2 DAGs
[2021-02-07 21:59:24,598] {logging_mixin.py:104} INFO - [2021-02-07 21:59:24,598] {dag.py:2273} INFO - Setting next_dagrun for example_external_task_marker_child to None
[2021-02-07 21:59:24,601] {logging_mixin.py:104} INFO - [2021-02-07 21:59:24,601] {dag.py:2273} INFO - Setting next_dagrun for example_external_task_marker_parent to None
[2021-02-07 21:59:24,627] {scheduler_job.py:189} INFO - Processing /home/airflow/.local/lib/python3.8/site-packages/airflow/example_dags/example_external_task_marker_dag.py took 0.164 seconds
[2021-02-07 21:59:54,772] {scheduler_job.py:181} INFO - Started process (PID=1161) to work on /home/airflow/.local/lib/python3.8/site-packages/airflow/example_dags/example_external_task_marker_dag.py
[2021-02-07 21:59:54,775] {scheduler_job.py:627} INFO - Processing file /home/airflow/.local/lib/python3.8/site-packages/airflow/example_dags/example_external_task_marker_dag.py for tasks to queue
[2021-02-07 21:59:54,781] {logging_mixin.py:104} INFO - [2021-02-07 21:59:54,780] {dagbag.py:449} INFO - Filling up the DagBag from /home/airflow/.local/lib/python3.8/site-packages/airflow/example_dags/example_external_task_marker_dag.py
[2021-02-07 21:59:54,810] {scheduler_job.py:637} INFO - DAG(s) dict_keys(['example_external_task_marker_parent', 'example_external_task_marker_child']) retrieved from /home/airflow/.local/lib/python3.8/site-packages/airflow/example_dags/example_external_task_marker_dag.py
[2021-02-07 21:59:54,866] {logging_mixin.py:104} INFO - [2021-02-07 21:59:54,866] {dag.py:1818} INFO - Sync 2 DAGs
[2021-02-07 21:59:54,900] {logging_mixin.py:104} INFO - [2021-02-07 21:59:54,900] {dag.py:2273} INFO - Setting next_dagrun for example_external_task_marker_child to None
[2021-02-07 21:59:54,903] {logging_mixin.py:104} INFO - [2021-02-07 21:59:54,903] {dag.py:2273} INFO - Setting next_dagrun for example_external_task_marker_parent to None
[2021-02-07 21:59:54,943] {scheduler_job.py:189} INFO - Processing /home/airflow/.local/lib/python3.8/site-packages/airflow/example_dags/example_external_task_marker_dag.py took 0.182 seconds
[2021-02-07 22:00:25,235] {scheduler_job.py:181} INFO - Started process (PID=1187) to work on /home/airflow/.local/lib/python3.8/site-packages/airflow/example_dags/example_external_task_marker_dag.py
[2021-02-07 22:00:25,238] {scheduler_job.py:627} INFO - Processing file /home/airflow/.local/lib/python3.8/site-packages/airflow/example_dags/example_external_task_marker_dag.py for tasks to queue
[2021-02-07 22:00:25,241] {logging_mixin.py:104} INFO - [2021-02-07 22:00:25,241] {dagbag.py:449} INFO - Filling up the DagBag from /home/airflow/.local/lib/python3.8/site-packages/airflow/example_dags/example_external_task_marker_dag.py
[2021-02-07 22:00:25,267] {scheduler_job.py:637} INFO - DAG(s) dict_keys(['example_external_task_marker_parent', 'example_external_task_marker_child']) retrieved from /home/airflow/.local/lib/python3.8/site-packages/airflow/example_dags/example_external_task_marker_dag.py
[2021-02-07 22:00:25,333] {logging_mixin.py:104} INFO - [2021-02-07 22:00:25,333] {dag.py:1818} INFO - Sync 2 DAGs
[2021-02-07 22:00:25,364] {logging_mixin.py:104} INFO - [2021-02-07 22:00:25,363] {dag.py:2273} INFO - Setting next_dagrun for example_external_task_marker_child to None
[2021-02-07 22:00:25,367] {logging_mixin.py:104} INFO - [2021-02-07 22:00:25,367] {dag.py:2273} INFO - Setting next_dagrun for example_external_task_marker_parent to None
[2021-02-07 22:00:25,387] {scheduler_job.py:189} INFO - Processing /home/airflow/.local/lib/python3.8/site-packages/airflow/example_dags/example_external_task_marker_dag.py took 0.159 seconds
[2021-02-07 22:00:55,527] {scheduler_job.py:181} INFO - Started process (PID=1213) to work on /home/airflow/.local/lib/python3.8/site-packages/airflow/example_dags/example_external_task_marker_dag.py
[2021-02-07 22:00:55,532] {scheduler_job.py:627} INFO - Processing file /home/airflow/.local/lib/python3.8/site-packages/airflow/example_dags/example_external_task_marker_dag.py for tasks to queue
[2021-02-07 22:00:55,535] {logging_mixin.py:104} INFO - [2021-02-07 22:00:55,535] {dagbag.py:449} INFO - Filling up the DagBag from /home/airflow/.local/lib/python3.8/site-packages/airflow/example_dags/example_external_task_marker_dag.py
[2021-02-07 22:00:55,555] {scheduler_job.py:637} INFO - DAG(s) dict_keys(['example_external_task_marker_parent', 'example_external_task_marker_child']) retrieved from /home/airflow/.local/lib/python3.8/site-packages/airflow/example_dags/example_external_task_marker_dag.py
[2021-02-07 22:00:55,606] {logging_mixin.py:104} INFO - [2021-02-07 22:00:55,606] {dag.py:1818} INFO - Sync 2 DAGs
[2021-02-07 22:00:55,632] {logging_mixin.py:104} INFO - [2021-02-07 22:00:55,632] {dag.py:2273} INFO - Setting next_dagrun for example_external_task_marker_child to None
[2021-02-07 22:00:55,635] {logging_mixin.py:104} INFO - [2021-02-07 22:00:55,635] {dag.py:2273} INFO - Setting next_dagrun for example_external_task_marker_parent to None
[2021-02-07 22:00:55,655] {scheduler_job.py:189} INFO - Processing /home/airflow/.local/lib/python3.8/site-packages/airflow/example_dags/example_external_task_marker_dag.py took 0.133 seconds
[2021-02-07 22:01:27,953] {scheduler_job.py:181} INFO - Started process (PID=1239) to work on /home/airflow/.local/lib/python3.8/site-packages/airflow/example_dags/example_external_task_marker_dag.py
[2021-02-07 22:01:27,972] {scheduler_job.py:627} INFO - Processing file /home/airflow/.local/lib/python3.8/site-packages/airflow/example_dags/example_external_task_marker_dag.py for tasks to queue
[2021-02-07 22:01:27,985] {logging_mixin.py:104} INFO - [2021-02-07 22:01:27,984] {dagbag.py:449} INFO - Filling up the DagBag from /home/airflow/.local/lib/python3.8/site-packages/airflow/example_dags/example_external_task_marker_dag.py
[2021-02-07 22:01:28,082] {scheduler_job.py:637} INFO - DAG(s) dict_keys(['example_external_task_marker_parent', 'example_external_task_marker_child']) retrieved from /home/airflow/.local/lib/python3.8/site-packages/airflow/example_dags/example_external_task_marker_dag.py
[2021-02-07 22:01:28,330] {logging_mixin.py:104} INFO - [2021-02-07 22:01:28,328] {dag.py:1818} INFO - Sync 2 DAGs
[2021-02-07 22:01:28,444] {logging_mixin.py:104} INFO - [2021-02-07 22:01:28,443] {dag.py:2273} INFO - Setting next_dagrun for example_external_task_marker_child to None
[2021-02-07 22:01:28,454] {logging_mixin.py:104} INFO - [2021-02-07 22:01:28,454] {dag.py:2273} INFO - Setting next_dagrun for example_external_task_marker_parent to None
[2021-02-07 22:01:28,559] {scheduler_job.py:189} INFO - Processing /home/airflow/.local/lib/python3.8/site-packages/airflow/example_dags/example_external_task_marker_dag.py took 0.647 seconds
[2021-02-07 22:01:59,539] {scheduler_job.py:181} INFO - Started process (PID=1267) to work on /home/airflow/.local/lib/python3.8/site-packages/airflow/example_dags/example_external_task_marker_dag.py
[2021-02-07 22:01:59,542] {scheduler_job.py:627} INFO - Processing file /home/airflow/.local/lib/python3.8/site-packages/airflow/example_dags/example_external_task_marker_dag.py for tasks to queue
[2021-02-07 22:01:59,544] {logging_mixin.py:104} INFO - [2021-02-07 22:01:59,544] {dagbag.py:449} INFO - Filling up the DagBag from /home/airflow/.local/lib/python3.8/site-packages/airflow/example_dags/example_external_task_marker_dag.py
[2021-02-07 22:01:59,562] {scheduler_job.py:637} INFO - DAG(s) dict_keys(['example_external_task_marker_parent', 'example_external_task_marker_child']) retrieved from /home/airflow/.local/lib/python3.8/site-packages/airflow/example_dags/example_external_task_marker_dag.py
[2021-02-07 22:01:59,603] {logging_mixin.py:104} INFO - [2021-02-07 22:01:59,603] {dag.py:1818} INFO - Sync 2 DAGs
[2021-02-07 22:01:59,623] {logging_mixin.py:104} INFO - [2021-02-07 22:01:59,623] {dag.py:2273} INFO - Setting next_dagrun for example_external_task_marker_child to None
[2021-02-07 22:01:59,626] {logging_mixin.py:104} INFO - [2021-02-07 22:01:59,626] {dag.py:2273} INFO - Setting next_dagrun for example_external_task_marker_parent to None
[2021-02-07 22:01:59,653] {scheduler_job.py:189} INFO - Processing /home/airflow/.local/lib/python3.8/site-packages/airflow/example_dags/example_external_task_marker_dag.py took 0.119 seconds
[2021-02-07 22:02:29,821] {scheduler_job.py:181} INFO - Started process (PID=1293) to work on /home/airflow/.local/lib/python3.8/site-packages/airflow/example_dags/example_external_task_marker_dag.py
[2021-02-07 22:02:29,824] {scheduler_job.py:627} INFO - Processing file /home/airflow/.local/lib/python3.8/site-packages/airflow/example_dags/example_external_task_marker_dag.py for tasks to queue
[2021-02-07 22:02:29,826] {logging_mixin.py:104} INFO - [2021-02-07 22:02:29,826] {dagbag.py:449} INFO - Filling up the DagBag from /home/airflow/.local/lib/python3.8/site-packages/airflow/example_dags/example_external_task_marker_dag.py
[2021-02-07 22:02:29,843] {scheduler_job.py:637} INFO - DAG(s) dict_keys(['example_external_task_marker_parent', 'example_external_task_marker_child']) retrieved from /home/airflow/.local/lib/python3.8/site-packages/airflow/example_dags/example_external_task_marker_dag.py
[2021-02-07 22:02:29,887] {logging_mixin.py:104} INFO - [2021-02-07 22:02:29,887] {dag.py:1818} INFO - Sync 2 DAGs
[2021-02-07 22:02:29,910] {logging_mixin.py:104} INFO - [2021-02-07 22:02:29,910] {dag.py:2273} INFO - Setting next_dagrun for example_external_task_marker_child to None
[2021-02-07 22:02:29,913] {logging_mixin.py:104} INFO - [2021-02-07 22:02:29,913] {dag.py:2273} INFO - Setting next_dagrun for example_external_task_marker_parent to None
[2021-02-07 22:02:29,936] {scheduler_job.py:189} INFO - Processing /home/airflow/.local/lib/python3.8/site-packages/airflow/example_dags/example_external_task_marker_dag.py took 0.121 seconds
[2021-02-07 22:03:00,050] {scheduler_job.py:181} INFO - Started process (PID=1319) to work on /home/airflow/.local/lib/python3.8/site-packages/airflow/example_dags/example_external_task_marker_dag.py
[2021-02-07 22:03:00,053] {scheduler_job.py:627} INFO - Processing file /home/airflow/.local/lib/python3.8/site-packages/airflow/example_dags/example_external_task_marker_dag.py for tasks to queue
[2021-02-07 22:03:00,056] {logging_mixin.py:104} INFO - [2021-02-07 22:03:00,055] {dagbag.py:449} INFO - Filling up the DagBag from /home/airflow/.local/lib/python3.8/site-packages/airflow/example_dags/example_external_task_marker_dag.py
[2021-02-07 22:03:00,074] {scheduler_job.py:637} INFO - DAG(s) dict_keys(['example_external_task_marker_parent', 'example_external_task_marker_child']) retrieved from /home/airflow/.local/lib/python3.8/site-packages/airflow/example_dags/example_external_task_marker_dag.py
[2021-02-07 22:03:00,114] {logging_mixin.py:104} INFO - [2021-02-07 22:03:00,114] {dag.py:1818} INFO - Sync 2 DAGs
[2021-02-07 22:03:00,137] {logging_mixin.py:104} INFO - [2021-02-07 22:03:00,137] {dag.py:2273} INFO - Setting next_dagrun for example_external_task_marker_child to None
[2021-02-07 22:03:00,140] {logging_mixin.py:104} INFO - [2021-02-07 22:03:00,140] {dag.py:2273} INFO - Setting next_dagrun for example_external_task_marker_parent to None
[2021-02-07 22:03:00,161] {scheduler_job.py:189} INFO - Processing /home/airflow/.local/lib/python3.8/site-packages/airflow/example_dags/example_external_task_marker_dag.py took 0.119 seconds
[2021-02-07 22:03:31,622] {scheduler_job.py:181} INFO - Started process (PID=1345) to work on /home/airflow/.local/lib/python3.8/site-packages/airflow/example_dags/example_external_task_marker_dag.py
[2021-02-07 22:03:31,634] {scheduler_job.py:627} INFO - Processing file /home/airflow/.local/lib/python3.8/site-packages/airflow/example_dags/example_external_task_marker_dag.py for tasks to queue
[2021-02-07 22:03:31,652] {logging_mixin.py:104} INFO - [2021-02-07 22:03:31,649] {dagbag.py:449} INFO - Filling up the DagBag from /home/airflow/.local/lib/python3.8/site-packages/airflow/example_dags/example_external_task_marker_dag.py
[2021-02-07 22:03:31,754] {scheduler_job.py:637} INFO - DAG(s) dict_keys(['example_external_task_marker_parent', 'example_external_task_marker_child']) retrieved from /home/airflow/.local/lib/python3.8/site-packages/airflow/example_dags/example_external_task_marker_dag.py
[2021-02-07 22:03:32,024] {logging_mixin.py:104} INFO - [2021-02-07 22:03:32,022] {dag.py:1818} INFO - Sync 2 DAGs
[2021-02-07 22:03:32,192] {logging_mixin.py:104} INFO - [2021-02-07 22:03:32,191] {dag.py:2273} INFO - Setting next_dagrun for example_external_task_marker_child to None
[2021-02-07 22:03:32,208] {logging_mixin.py:104} INFO - [2021-02-07 22:03:32,206] {dag.py:2273} INFO - Setting next_dagrun for example_external_task_marker_parent to None
[2021-02-07 22:03:32,296] {scheduler_job.py:189} INFO - Processing /home/airflow/.local/lib/python3.8/site-packages/airflow/example_dags/example_external_task_marker_dag.py took 0.720 seconds
[2021-02-07 22:04:03,016] {scheduler_job.py:181} INFO - Started process (PID=1371) to work on /home/airflow/.local/lib/python3.8/site-packages/airflow/example_dags/example_external_task_marker_dag.py
[2021-02-07 22:04:03,022] {scheduler_job.py:627} INFO - Processing file /home/airflow/.local/lib/python3.8/site-packages/airflow/example_dags/example_external_task_marker_dag.py for tasks to queue
[2021-02-07 22:04:03,025] {logging_mixin.py:104} INFO - [2021-02-07 22:04:03,025] {dagbag.py:449} INFO - Filling up the DagBag from /home/airflow/.local/lib/python3.8/site-packages/airflow/example_dags/example_external_task_marker_dag.py
[2021-02-07 22:04:03,048] {scheduler_job.py:637} INFO - DAG(s) dict_keys(['example_external_task_marker_parent', 'example_external_task_marker_child']) retrieved from /home/airflow/.local/lib/python3.8/site-packages/airflow/example_dags/example_external_task_marker_dag.py
[2021-02-07 22:04:03,116] {logging_mixin.py:104} INFO - [2021-02-07 22:04:03,115] {dag.py:1818} INFO - Sync 2 DAGs
[2021-02-07 22:04:03,146] {logging_mixin.py:104} INFO - [2021-02-07 22:04:03,146] {dag.py:2273} INFO - Setting next_dagrun for example_external_task_marker_child to None
[2021-02-07 22:04:03,149] {logging_mixin.py:104} INFO - [2021-02-07 22:04:03,149] {dag.py:2273} INFO - Setting next_dagrun for example_external_task_marker_parent to None
[2021-02-07 22:04:03,175] {scheduler_job.py:189} INFO - Processing /home/airflow/.local/lib/python3.8/site-packages/airflow/example_dags/example_external_task_marker_dag.py took 0.165 seconds
[2021-02-07 22:04:33,628] {scheduler_job.py:181} INFO - Started process (PID=1397) to work on /home/airflow/.local/lib/python3.8/site-packages/airflow/example_dags/example_external_task_marker_dag.py
[2021-02-07 22:04:33,631] {scheduler_job.py:627} INFO - Processing file /home/airflow/.local/lib/python3.8/site-packages/airflow/example_dags/example_external_task_marker_dag.py for tasks to queue
[2021-02-07 22:04:33,634] {logging_mixin.py:104} INFO - [2021-02-07 22:04:33,633] {dagbag.py:449} INFO - Filling up the DagBag from /home/airflow/.local/lib/python3.8/site-packages/airflow/example_dags/example_external_task_marker_dag.py
[2021-02-07 22:04:33,649] {scheduler_job.py:637} INFO - DAG(s) dict_keys(['example_external_task_marker_parent', 'example_external_task_marker_child']) retrieved from /home/airflow/.local/lib/python3.8/site-packages/airflow/example_dags/example_external_task_marker_dag.py
[2021-02-07 22:04:33,694] {logging_mixin.py:104} INFO - [2021-02-07 22:04:33,694] {dag.py:1818} INFO - Sync 2 DAGs
[2021-02-07 22:04:33,713] {logging_mixin.py:104} INFO - [2021-02-07 22:04:33,713] {dag.py:2273} INFO - Setting next_dagrun for example_external_task_marker_child to None
[2021-02-07 22:04:33,716] {logging_mixin.py:104} INFO - [2021-02-07 22:04:33,716] {dag.py:2273} INFO - Setting next_dagrun for example_external_task_marker_parent to None
[2021-02-07 22:04:33,736] {scheduler_job.py:189} INFO - Processing /home/airflow/.local/lib/python3.8/site-packages/airflow/example_dags/example_external_task_marker_dag.py took 0.112 seconds
[2021-02-07 22:05:03,847] {scheduler_job.py:181} INFO - Started process (PID=1423) to work on /home/airflow/.local/lib/python3.8/site-packages/airflow/example_dags/example_external_task_marker_dag.py
[2021-02-07 22:05:03,849] {scheduler_job.py:627} INFO - Processing file /home/airflow/.local/lib/python3.8/site-packages/airflow/example_dags/example_external_task_marker_dag.py for tasks to queue
[2021-02-07 22:05:03,853] {logging_mixin.py:104} INFO - [2021-02-07 22:05:03,852] {dagbag.py:449} INFO - Filling up the DagBag from /home/airflow/.local/lib/python3.8/site-packages/airflow/example_dags/example_external_task_marker_dag.py
[2021-02-07 22:05:03,874] {scheduler_job.py:637} INFO - DAG(s) dict_keys(['example_external_task_marker_parent', 'example_external_task_marker_child']) retrieved from /home/airflow/.local/lib/python3.8/site-packages/airflow/example_dags/example_external_task_marker_dag.py
[2021-02-07 22:05:03,925] {logging_mixin.py:104} INFO - [2021-02-07 22:05:03,925] {dag.py:1818} INFO - Sync 2 DAGs
[2021-02-07 22:05:03,950] {logging_mixin.py:104} INFO - [2021-02-07 22:05:03,950] {dag.py:2273} INFO - Setting next_dagrun for example_external_task_marker_child to None
[2021-02-07 22:05:03,955] {logging_mixin.py:104} INFO - [2021-02-07 22:05:03,955] {dag.py:2273} INFO - Setting next_dagrun for example_external_task_marker_parent to None
[2021-02-07 22:05:03,978] {scheduler_job.py:189} INFO - Processing /home/airflow/.local/lib/python3.8/site-packages/airflow/example_dags/example_external_task_marker_dag.py took 0.138 seconds
[2021-02-07 22:05:34,435] {scheduler_job.py:181} INFO - Started process (PID=1449) to work on /home/airflow/.local/lib/python3.8/site-packages/airflow/example_dags/example_external_task_marker_dag.py
[2021-02-07 22:05:34,438] {scheduler_job.py:627} INFO - Processing file /home/airflow/.local/lib/python3.8/site-packages/airflow/example_dags/example_external_task_marker_dag.py for tasks to queue
[2021-02-07 22:05:34,442] {logging_mixin.py:104} INFO - [2021-02-07 22:05:34,441] {dagbag.py:449} INFO - Filling up the DagBag from /home/airflow/.local/lib/python3.8/site-packages/airflow/example_dags/example_external_task_marker_dag.py
[2021-02-07 22:05:34,458] {scheduler_job.py:637} INFO - DAG(s) dict_keys(['example_external_task_marker_parent', 'example_external_task_marker_child']) retrieved from /home/airflow/.local/lib/python3.8/site-packages/airflow/example_dags/example_external_task_marker_dag.py
[2021-02-07 22:05:34,499] {logging_mixin.py:104} INFO - [2021-02-07 22:05:34,499] {dag.py:1818} INFO - Sync 2 DAGs
[2021-02-07 22:05:34,519] {logging_mixin.py:104} INFO - [2021-02-07 22:05:34,519] {dag.py:2273} INFO - Setting next_dagrun for example_external_task_marker_child to None
[2021-02-07 22:05:34,523] {logging_mixin.py:104} INFO - [2021-02-07 22:05:34,523] {dag.py:2273} INFO - Setting next_dagrun for example_external_task_marker_parent to None
[2021-02-07 22:05:34,541] {scheduler_job.py:189} INFO - Processing /home/airflow/.local/lib/python3.8/site-packages/airflow/example_dags/example_external_task_marker_dag.py took 0.112 seconds
[2021-02-07 22:23:48,726] {scheduler_job.py:181} INFO - Started process (PID=1473) to work on /home/airflow/.local/lib/python3.8/site-packages/airflow/example_dags/example_external_task_marker_dag.py
[2021-02-07 22:23:48,735] {scheduler_job.py:627} INFO - Processing file /home/airflow/.local/lib/python3.8/site-packages/airflow/example_dags/example_external_task_marker_dag.py for tasks to queue
[2021-02-07 22:23:48,751] {logging_mixin.py:104} INFO - [2021-02-07 22:23:48,750] {dagbag.py:449} INFO - Filling up the DagBag from /home/airflow/.local/lib/python3.8/site-packages/airflow/example_dags/example_external_task_marker_dag.py
[2021-02-07 22:23:48,789] {scheduler_job.py:637} INFO - DAG(s) dict_keys(['example_external_task_marker_parent', 'example_external_task_marker_child']) retrieved from /home/airflow/.local/lib/python3.8/site-packages/airflow/example_dags/example_external_task_marker_dag.py
[2021-02-07 22:23:48,900] {logging_mixin.py:104} INFO - [2021-02-07 22:23:48,899] {dag.py:1818} INFO - Sync 2 DAGs
[2021-02-07 22:23:48,930] {logging_mixin.py:104} INFO - [2021-02-07 22:23:48,930] {dag.py:2273} INFO - Setting next_dagrun for example_external_task_marker_child to None
[2021-02-07 22:23:48,937] {logging_mixin.py:104} INFO - [2021-02-07 22:23:48,937] {dag.py:2273} INFO - Setting next_dagrun for example_external_task_marker_parent to None
[2021-02-07 22:23:48,967] {scheduler_job.py:189} INFO - Processing /home/airflow/.local/lib/python3.8/site-packages/airflow/example_dags/example_external_task_marker_dag.py took 0.276 seconds
[2021-02-07 22:24:20,279] {scheduler_job.py:181} INFO - Started process (PID=1498) to work on /home/airflow/.local/lib/python3.8/site-packages/airflow/example_dags/example_external_task_marker_dag.py
[2021-02-07 22:24:20,320] {scheduler_job.py:627} INFO - Processing file /home/airflow/.local/lib/python3.8/site-packages/airflow/example_dags/example_external_task_marker_dag.py for tasks to queue
[2021-02-07 22:24:20,324] {logging_mixin.py:104} INFO - [2021-02-07 22:24:20,324] {dagbag.py:449} INFO - Filling up the DagBag from /home/airflow/.local/lib/python3.8/site-packages/airflow/example_dags/example_external_task_marker_dag.py
[2021-02-07 22:24:20,376] {scheduler_job.py:637} INFO - DAG(s) dict_keys(['example_external_task_marker_parent', 'example_external_task_marker_child']) retrieved from /home/airflow/.local/lib/python3.8/site-packages/airflow/example_dags/example_external_task_marker_dag.py
[2021-02-07 22:24:20,543] {logging_mixin.py:104} INFO - [2021-02-07 22:24:20,543] {dag.py:1818} INFO - Sync 2 DAGs
[2021-02-07 22:24:20,602] {logging_mixin.py:104} INFO - [2021-02-07 22:24:20,602] {dag.py:2273} INFO - Setting next_dagrun for example_external_task_marker_child to None
[2021-02-07 22:24:20,606] {logging_mixin.py:104} INFO - [2021-02-07 22:24:20,605] {dag.py:2273} INFO - Setting next_dagrun for example_external_task_marker_parent to None
[2021-02-07 22:24:20,636] {scheduler_job.py:189} INFO - Processing /home/airflow/.local/lib/python3.8/site-packages/airflow/example_dags/example_external_task_marker_dag.py took 0.385 seconds
[2021-02-07 22:24:50,967] {scheduler_job.py:181} INFO - Started process (PID=1525) to work on /home/airflow/.local/lib/python3.8/site-packages/airflow/example_dags/example_external_task_marker_dag.py
[2021-02-07 22:24:50,971] {scheduler_job.py:627} INFO - Processing file /home/airflow/.local/lib/python3.8/site-packages/airflow/example_dags/example_external_task_marker_dag.py for tasks to queue
[2021-02-07 22:24:50,977] {logging_mixin.py:104} INFO - [2021-02-07 22:24:50,976] {dagbag.py:449} INFO - Filling up the DagBag from /home/airflow/.local/lib/python3.8/site-packages/airflow/example_dags/example_external_task_marker_dag.py
[2021-02-07 22:24:51,015] {scheduler_job.py:637} INFO - DAG(s) dict_keys(['example_external_task_marker_parent', 'example_external_task_marker_child']) retrieved from /home/airflow/.local/lib/python3.8/site-packages/airflow/example_dags/example_external_task_marker_dag.py
[2021-02-07 22:24:51,106] {logging_mixin.py:104} INFO - [2021-02-07 22:24:51,106] {dag.py:1818} INFO - Sync 2 DAGs
[2021-02-07 22:24:51,146] {logging_mixin.py:104} INFO - [2021-02-07 22:24:51,145] {dag.py:2273} INFO - Setting next_dagrun for example_external_task_marker_child to None
[2021-02-07 22:24:51,151] {logging_mixin.py:104} INFO - [2021-02-07 22:24:51,151] {dag.py:2273} INFO - Setting next_dagrun for example_external_task_marker_parent to None
[2021-02-07 22:24:51,176] {scheduler_job.py:189} INFO - Processing /home/airflow/.local/lib/python3.8/site-packages/airflow/example_dags/example_external_task_marker_dag.py took 0.221 seconds
[2021-02-07 22:25:21,253] {scheduler_job.py:181} INFO - Started process (PID=1550) to work on /home/airflow/.local/lib/python3.8/site-packages/airflow/example_dags/example_external_task_marker_dag.py
[2021-02-07 22:25:21,258] {scheduler_job.py:627} INFO - Processing file /home/airflow/.local/lib/python3.8/site-packages/airflow/example_dags/example_external_task_marker_dag.py for tasks to queue
[2021-02-07 22:25:21,263] {logging_mixin.py:104} INFO - [2021-02-07 22:25:21,262] {dagbag.py:449} INFO - Filling up the DagBag from /home/airflow/.local/lib/python3.8/site-packages/airflow/example_dags/example_external_task_marker_dag.py
[2021-02-07 22:25:21,300] {scheduler_job.py:637} INFO - DAG(s) dict_keys(['example_external_task_marker_parent', 'example_external_task_marker_child']) retrieved from /home/airflow/.local/lib/python3.8/site-packages/airflow/example_dags/example_external_task_marker_dag.py
[2021-02-07 22:25:21,370] {logging_mixin.py:104} INFO - [2021-02-07 22:25:21,369] {dag.py:1818} INFO - Sync 2 DAGs
[2021-02-07 22:25:21,399] {logging_mixin.py:104} INFO - [2021-02-07 22:25:21,399] {dag.py:2273} INFO - Setting next_dagrun for example_external_task_marker_child to None
[2021-02-07 22:25:21,402] {logging_mixin.py:104} INFO - [2021-02-07 22:25:21,402] {dag.py:2273} INFO - Setting next_dagrun for example_external_task_marker_parent to None
[2021-02-07 22:25:21,424] {scheduler_job.py:189} INFO - Processing /home/airflow/.local/lib/python3.8/site-packages/airflow/example_dags/example_external_task_marker_dag.py took 0.177 seconds
[2021-02-07 22:25:52,211] {scheduler_job.py:181} INFO - Started process (PID=1575) to work on /home/airflow/.local/lib/python3.8/site-packages/airflow/example_dags/example_external_task_marker_dag.py
[2021-02-07 22:25:52,214] {scheduler_job.py:627} INFO - Processing file /home/airflow/.local/lib/python3.8/site-packages/airflow/example_dags/example_external_task_marker_dag.py for tasks to queue
[2021-02-07 22:25:52,216] {logging_mixin.py:104} INFO - [2021-02-07 22:25:52,216] {dagbag.py:449} INFO - Filling up the DagBag from /home/airflow/.local/lib/python3.8/site-packages/airflow/example_dags/example_external_task_marker_dag.py
[2021-02-07 22:25:52,231] {scheduler_job.py:637} INFO - DAG(s) dict_keys(['example_external_task_marker_parent', 'example_external_task_marker_child']) retrieved from /home/airflow/.local/lib/python3.8/site-packages/airflow/example_dags/example_external_task_marker_dag.py
[2021-02-07 22:25:52,264] {logging_mixin.py:104} INFO - [2021-02-07 22:25:52,264] {dag.py:1818} INFO - Sync 2 DAGs
[2021-02-07 22:25:52,281] {logging_mixin.py:104} INFO - [2021-02-07 22:25:52,281] {dag.py:2273} INFO - Setting next_dagrun for example_external_task_marker_child to None
[2021-02-07 22:25:52,283] {logging_mixin.py:104} INFO - [2021-02-07 22:25:52,283] {dag.py:2273} INFO - Setting next_dagrun for example_external_task_marker_parent to None
[2021-02-07 22:25:52,298] {scheduler_job.py:189} INFO - Processing /home/airflow/.local/lib/python3.8/site-packages/airflow/example_dags/example_external_task_marker_dag.py took 0.092 seconds
[2021-02-07 23:26:17,696] {scheduler_job.py:181} INFO - Started process (PID=1603) to work on /home/airflow/.local/lib/python3.8/site-packages/airflow/example_dags/example_external_task_marker_dag.py
[2021-02-07 23:26:17,703] {scheduler_job.py:627} INFO - Processing file /home/airflow/.local/lib/python3.8/site-packages/airflow/example_dags/example_external_task_marker_dag.py for tasks to queue
[2021-02-07 23:26:17,709] {logging_mixin.py:104} INFO - [2021-02-07 23:26:17,709] {dagbag.py:449} INFO - Filling up the DagBag from /home/airflow/.local/lib/python3.8/site-packages/airflow/example_dags/example_external_task_marker_dag.py
[2021-02-07 23:26:17,764] {scheduler_job.py:637} INFO - DAG(s) dict_keys(['example_external_task_marker_parent', 'example_external_task_marker_child']) retrieved from /home/airflow/.local/lib/python3.8/site-packages/airflow/example_dags/example_external_task_marker_dag.py
[2021-02-07 23:26:17,826] {logging_mixin.py:104} INFO - [2021-02-07 23:26:17,826] {dag.py:1818} INFO - Sync 2 DAGs
[2021-02-07 23:26:17,862] {logging_mixin.py:104} INFO - [2021-02-07 23:26:17,861] {dag.py:2273} INFO - Setting next_dagrun for example_external_task_marker_child to None
[2021-02-07 23:26:17,871] {logging_mixin.py:104} INFO - [2021-02-07 23:26:17,871] {dag.py:2273} INFO - Setting next_dagrun for example_external_task_marker_parent to None
[2021-02-07 23:26:17,903] {scheduler_job.py:189} INFO - Processing /home/airflow/.local/lib/python3.8/site-packages/airflow/example_dags/example_external_task_marker_dag.py took 0.213 seconds
