[2021-02-07 14:47:39,093] {scheduler_job.py:181} INFO - Started process (PID=36) to work on /home/airflow/.local/lib/python3.8/site-packages/airflow/example_dags/example_kubernetes_executor_config.py
[2021-02-07 14:47:39,095] {scheduler_job.py:627} INFO - Processing file /home/airflow/.local/lib/python3.8/site-packages/airflow/example_dags/example_kubernetes_executor_config.py for tasks to queue
[2021-02-07 14:47:39,101] {logging_mixin.py:104} INFO - [2021-02-07 14:47:39,101] {dagbag.py:449} INFO - Filling up the DagBag from /home/airflow/.local/lib/python3.8/site-packages/airflow/example_dags/example_kubernetes_executor_config.py
[2021-02-07 14:47:39,128] {scheduler_job.py:637} INFO - DAG(s) dict_keys(['example_kubernetes_executor_config']) retrieved from /home/airflow/.local/lib/python3.8/site-packages/airflow/example_dags/example_kubernetes_executor_config.py
[2021-02-07 14:47:39,199] {logging_mixin.py:104} INFO - [2021-02-07 14:47:39,198] {dag.py:1818} INFO - Sync 1 DAGs
[2021-02-07 14:47:39,233] {logging_mixin.py:104} INFO - [2021-02-07 14:47:39,233] {dag.py:1837} INFO - Creating ORM DAG for example_kubernetes_executor_config
[2021-02-07 14:47:39,249] {logging_mixin.py:104} INFO - [2021-02-07 14:47:39,249] {dag.py:2273} INFO - Setting next_dagrun for example_kubernetes_executor_config to None
[2021-02-07 14:47:39,287] {scheduler_job.py:189} INFO - Processing /home/airflow/.local/lib/python3.8/site-packages/airflow/example_dags/example_kubernetes_executor_config.py took 0.198 seconds
[2021-02-07 14:48:09,880] {scheduler_job.py:181} INFO - Started process (PID=55) to work on /home/airflow/.local/lib/python3.8/site-packages/airflow/example_dags/example_kubernetes_executor_config.py
[2021-02-07 14:48:09,898] {scheduler_job.py:627} INFO - Processing file /home/airflow/.local/lib/python3.8/site-packages/airflow/example_dags/example_kubernetes_executor_config.py for tasks to queue
[2021-02-07 14:48:09,917] {logging_mixin.py:104} INFO - [2021-02-07 14:48:09,916] {dagbag.py:449} INFO - Filling up the DagBag from /home/airflow/.local/lib/python3.8/site-packages/airflow/example_dags/example_kubernetes_executor_config.py
[2021-02-07 14:48:10,006] {scheduler_job.py:637} INFO - DAG(s) dict_keys(['example_kubernetes_executor_config']) retrieved from /home/airflow/.local/lib/python3.8/site-packages/airflow/example_dags/example_kubernetes_executor_config.py
[2021-02-07 14:48:10,202] {logging_mixin.py:104} INFO - [2021-02-07 14:48:10,201] {dag.py:1818} INFO - Sync 1 DAGs
[2021-02-07 14:48:10,339] {logging_mixin.py:104} INFO - [2021-02-07 14:48:10,337] {dag.py:2273} INFO - Setting next_dagrun for example_kubernetes_executor_config to None
[2021-02-07 14:48:10,451] {scheduler_job.py:189} INFO - Processing /home/airflow/.local/lib/python3.8/site-packages/airflow/example_dags/example_kubernetes_executor_config.py took 0.606 seconds
[2021-02-07 15:04:19,598] {scheduler_job.py:181} INFO - Started process (PID=41) to work on /home/airflow/.local/lib/python3.8/site-packages/airflow/example_dags/example_kubernetes_executor_config.py
[2021-02-07 15:04:19,601] {scheduler_job.py:627} INFO - Processing file /home/airflow/.local/lib/python3.8/site-packages/airflow/example_dags/example_kubernetes_executor_config.py for tasks to queue
[2021-02-07 15:04:19,603] {logging_mixin.py:104} INFO - [2021-02-07 15:04:19,602] {dagbag.py:449} INFO - Filling up the DagBag from /home/airflow/.local/lib/python3.8/site-packages/airflow/example_dags/example_kubernetes_executor_config.py
[2021-02-07 15:04:19,622] {scheduler_job.py:637} INFO - DAG(s) dict_keys(['example_kubernetes_executor_config']) retrieved from /home/airflow/.local/lib/python3.8/site-packages/airflow/example_dags/example_kubernetes_executor_config.py
[2021-02-07 15:04:19,674] {logging_mixin.py:104} INFO - [2021-02-07 15:04:19,674] {dag.py:1818} INFO - Sync 1 DAGs
[2021-02-07 15:04:19,694] {logging_mixin.py:104} INFO - [2021-02-07 15:04:19,694] {dag.py:2273} INFO - Setting next_dagrun for example_kubernetes_executor_config to None
[2021-02-07 15:04:19,724] {scheduler_job.py:189} INFO - Processing /home/airflow/.local/lib/python3.8/site-packages/airflow/example_dags/example_kubernetes_executor_config.py took 0.133 seconds
[2021-02-07 15:05:09,579] {scheduler_job.py:181} INFO - Started process (PID=67) to work on /home/airflow/.local/lib/python3.8/site-packages/airflow/example_dags/example_kubernetes_executor_config.py
[2021-02-07 15:05:09,598] {scheduler_job.py:627} INFO - Processing file /home/airflow/.local/lib/python3.8/site-packages/airflow/example_dags/example_kubernetes_executor_config.py for tasks to queue
[2021-02-07 15:05:09,676] {logging_mixin.py:104} INFO - [2021-02-07 15:05:09,674] {dagbag.py:449} INFO - Filling up the DagBag from /home/airflow/.local/lib/python3.8/site-packages/airflow/example_dags/example_kubernetes_executor_config.py
[2021-02-07 15:05:10,454] {scheduler_job.py:637} INFO - DAG(s) dict_keys(['example_kubernetes_executor_config']) retrieved from /home/airflow/.local/lib/python3.8/site-packages/airflow/example_dags/example_kubernetes_executor_config.py
[2021-02-07 15:05:11,209] {logging_mixin.py:104} INFO - [2021-02-07 15:05:11,208] {dag.py:1818} INFO - Sync 1 DAGs
[2021-02-07 15:05:11,507] {logging_mixin.py:104} INFO - [2021-02-07 15:05:11,506] {dag.py:2273} INFO - Setting next_dagrun for example_kubernetes_executor_config to None
[2021-02-07 15:05:11,742] {scheduler_job.py:189} INFO - Processing /home/airflow/.local/lib/python3.8/site-packages/airflow/example_dags/example_kubernetes_executor_config.py took 2.369 seconds
[2021-02-07 15:05:42,121] {scheduler_job.py:181} INFO - Started process (PID=93) to work on /home/airflow/.local/lib/python3.8/site-packages/airflow/example_dags/example_kubernetes_executor_config.py
[2021-02-07 15:05:42,148] {scheduler_job.py:627} INFO - Processing file /home/airflow/.local/lib/python3.8/site-packages/airflow/example_dags/example_kubernetes_executor_config.py for tasks to queue
[2021-02-07 15:05:42,168] {logging_mixin.py:104} INFO - [2021-02-07 15:05:42,166] {dagbag.py:449} INFO - Filling up the DagBag from /home/airflow/.local/lib/python3.8/site-packages/airflow/example_dags/example_kubernetes_executor_config.py
[2021-02-07 15:05:42,352] {scheduler_job.py:637} INFO - DAG(s) dict_keys(['example_kubernetes_executor_config']) retrieved from /home/airflow/.local/lib/python3.8/site-packages/airflow/example_dags/example_kubernetes_executor_config.py
[2021-02-07 15:05:42,658] {logging_mixin.py:104} INFO - [2021-02-07 15:05:42,656] {dag.py:1818} INFO - Sync 1 DAGs
[2021-02-07 15:05:42,874] {logging_mixin.py:104} INFO - [2021-02-07 15:05:42,874] {dag.py:2273} INFO - Setting next_dagrun for example_kubernetes_executor_config to None
[2021-02-07 15:05:43,029] {scheduler_job.py:189} INFO - Processing /home/airflow/.local/lib/python3.8/site-packages/airflow/example_dags/example_kubernetes_executor_config.py took 0.941 seconds
[2021-02-07 15:06:13,336] {scheduler_job.py:181} INFO - Started process (PID=119) to work on /home/airflow/.local/lib/python3.8/site-packages/airflow/example_dags/example_kubernetes_executor_config.py
[2021-02-07 15:06:13,342] {scheduler_job.py:627} INFO - Processing file /home/airflow/.local/lib/python3.8/site-packages/airflow/example_dags/example_kubernetes_executor_config.py for tasks to queue
[2021-02-07 15:06:13,346] {logging_mixin.py:104} INFO - [2021-02-07 15:06:13,346] {dagbag.py:449} INFO - Filling up the DagBag from /home/airflow/.local/lib/python3.8/site-packages/airflow/example_dags/example_kubernetes_executor_config.py
[2021-02-07 15:06:13,362] {scheduler_job.py:637} INFO - DAG(s) dict_keys(['example_kubernetes_executor_config']) retrieved from /home/airflow/.local/lib/python3.8/site-packages/airflow/example_dags/example_kubernetes_executor_config.py
[2021-02-07 15:06:13,396] {logging_mixin.py:104} INFO - [2021-02-07 15:06:13,396] {dag.py:1818} INFO - Sync 1 DAGs
[2021-02-07 15:06:13,413] {logging_mixin.py:104} INFO - [2021-02-07 15:06:13,413] {dag.py:2273} INFO - Setting next_dagrun for example_kubernetes_executor_config to None
[2021-02-07 15:06:13,425] {scheduler_job.py:189} INFO - Processing /home/airflow/.local/lib/python3.8/site-packages/airflow/example_dags/example_kubernetes_executor_config.py took 0.094 seconds
[2021-02-07 15:06:43,862] {scheduler_job.py:181} INFO - Started process (PID=144) to work on /home/airflow/.local/lib/python3.8/site-packages/airflow/example_dags/example_kubernetes_executor_config.py
[2021-02-07 15:06:43,864] {scheduler_job.py:627} INFO - Processing file /home/airflow/.local/lib/python3.8/site-packages/airflow/example_dags/example_kubernetes_executor_config.py for tasks to queue
[2021-02-07 15:06:43,868] {logging_mixin.py:104} INFO - [2021-02-07 15:06:43,866] {dagbag.py:449} INFO - Filling up the DagBag from /home/airflow/.local/lib/python3.8/site-packages/airflow/example_dags/example_kubernetes_executor_config.py
[2021-02-07 15:06:43,884] {scheduler_job.py:637} INFO - DAG(s) dict_keys(['example_kubernetes_executor_config']) retrieved from /home/airflow/.local/lib/python3.8/site-packages/airflow/example_dags/example_kubernetes_executor_config.py
[2021-02-07 15:06:43,919] {logging_mixin.py:104} INFO - [2021-02-07 15:06:43,919] {dag.py:1818} INFO - Sync 1 DAGs
[2021-02-07 15:06:43,935] {logging_mixin.py:104} INFO - [2021-02-07 15:06:43,935] {dag.py:2273} INFO - Setting next_dagrun for example_kubernetes_executor_config to None
[2021-02-07 15:06:43,948] {scheduler_job.py:189} INFO - Processing /home/airflow/.local/lib/python3.8/site-packages/airflow/example_dags/example_kubernetes_executor_config.py took 0.092 seconds
[2021-02-07 15:07:14,164] {scheduler_job.py:181} INFO - Started process (PID=170) to work on /home/airflow/.local/lib/python3.8/site-packages/airflow/example_dags/example_kubernetes_executor_config.py
[2021-02-07 15:07:14,167] {scheduler_job.py:627} INFO - Processing file /home/airflow/.local/lib/python3.8/site-packages/airflow/example_dags/example_kubernetes_executor_config.py for tasks to queue
[2021-02-07 15:07:14,168] {logging_mixin.py:104} INFO - [2021-02-07 15:07:14,168] {dagbag.py:449} INFO - Filling up the DagBag from /home/airflow/.local/lib/python3.8/site-packages/airflow/example_dags/example_kubernetes_executor_config.py
[2021-02-07 15:07:14,188] {scheduler_job.py:637} INFO - DAG(s) dict_keys(['example_kubernetes_executor_config']) retrieved from /home/airflow/.local/lib/python3.8/site-packages/airflow/example_dags/example_kubernetes_executor_config.py
[2021-02-07 15:07:14,221] {logging_mixin.py:104} INFO - [2021-02-07 15:07:14,221] {dag.py:1818} INFO - Sync 1 DAGs
[2021-02-07 15:07:14,239] {logging_mixin.py:104} INFO - [2021-02-07 15:07:14,238] {dag.py:2273} INFO - Setting next_dagrun for example_kubernetes_executor_config to None
[2021-02-07 15:07:14,258] {scheduler_job.py:189} INFO - Processing /home/airflow/.local/lib/python3.8/site-packages/airflow/example_dags/example_kubernetes_executor_config.py took 0.097 seconds
[2021-02-07 15:07:44,379] {scheduler_job.py:181} INFO - Started process (PID=196) to work on /home/airflow/.local/lib/python3.8/site-packages/airflow/example_dags/example_kubernetes_executor_config.py
[2021-02-07 15:07:44,381] {scheduler_job.py:627} INFO - Processing file /home/airflow/.local/lib/python3.8/site-packages/airflow/example_dags/example_kubernetes_executor_config.py for tasks to queue
[2021-02-07 15:07:44,383] {logging_mixin.py:104} INFO - [2021-02-07 15:07:44,383] {dagbag.py:449} INFO - Filling up the DagBag from /home/airflow/.local/lib/python3.8/site-packages/airflow/example_dags/example_kubernetes_executor_config.py
[2021-02-07 15:07:44,400] {scheduler_job.py:637} INFO - DAG(s) dict_keys(['example_kubernetes_executor_config']) retrieved from /home/airflow/.local/lib/python3.8/site-packages/airflow/example_dags/example_kubernetes_executor_config.py
[2021-02-07 15:07:44,425] {logging_mixin.py:104} INFO - [2021-02-07 15:07:44,425] {dag.py:1818} INFO - Sync 1 DAGs
[2021-02-07 15:07:44,438] {logging_mixin.py:104} INFO - [2021-02-07 15:07:44,437] {dag.py:2273} INFO - Setting next_dagrun for example_kubernetes_executor_config to None
[2021-02-07 15:07:44,453] {scheduler_job.py:189} INFO - Processing /home/airflow/.local/lib/python3.8/site-packages/airflow/example_dags/example_kubernetes_executor_config.py took 0.079 seconds
[2021-02-07 15:08:14,651] {scheduler_job.py:181} INFO - Started process (PID=222) to work on /home/airflow/.local/lib/python3.8/site-packages/airflow/example_dags/example_kubernetes_executor_config.py
[2021-02-07 15:08:14,653] {scheduler_job.py:627} INFO - Processing file /home/airflow/.local/lib/python3.8/site-packages/airflow/example_dags/example_kubernetes_executor_config.py for tasks to queue
[2021-02-07 15:08:14,655] {logging_mixin.py:104} INFO - [2021-02-07 15:08:14,655] {dagbag.py:449} INFO - Filling up the DagBag from /home/airflow/.local/lib/python3.8/site-packages/airflow/example_dags/example_kubernetes_executor_config.py
[2021-02-07 15:08:14,675] {scheduler_job.py:637} INFO - DAG(s) dict_keys(['example_kubernetes_executor_config']) retrieved from /home/airflow/.local/lib/python3.8/site-packages/airflow/example_dags/example_kubernetes_executor_config.py
[2021-02-07 15:08:14,702] {logging_mixin.py:104} INFO - [2021-02-07 15:08:14,702] {dag.py:1818} INFO - Sync 1 DAGs
[2021-02-07 15:08:14,715] {logging_mixin.py:104} INFO - [2021-02-07 15:08:14,715] {dag.py:2273} INFO - Setting next_dagrun for example_kubernetes_executor_config to None
[2021-02-07 15:08:14,731] {scheduler_job.py:189} INFO - Processing /home/airflow/.local/lib/python3.8/site-packages/airflow/example_dags/example_kubernetes_executor_config.py took 0.086 seconds
[2021-02-07 15:08:44,876] {scheduler_job.py:181} INFO - Started process (PID=248) to work on /home/airflow/.local/lib/python3.8/site-packages/airflow/example_dags/example_kubernetes_executor_config.py
[2021-02-07 15:08:44,878] {scheduler_job.py:627} INFO - Processing file /home/airflow/.local/lib/python3.8/site-packages/airflow/example_dags/example_kubernetes_executor_config.py for tasks to queue
[2021-02-07 15:08:44,880] {logging_mixin.py:104} INFO - [2021-02-07 15:08:44,880] {dagbag.py:449} INFO - Filling up the DagBag from /home/airflow/.local/lib/python3.8/site-packages/airflow/example_dags/example_kubernetes_executor_config.py
[2021-02-07 15:08:44,897] {scheduler_job.py:637} INFO - DAG(s) dict_keys(['example_kubernetes_executor_config']) retrieved from /home/airflow/.local/lib/python3.8/site-packages/airflow/example_dags/example_kubernetes_executor_config.py
[2021-02-07 15:08:44,924] {logging_mixin.py:104} INFO - [2021-02-07 15:08:44,924] {dag.py:1818} INFO - Sync 1 DAGs
[2021-02-07 15:08:44,937] {logging_mixin.py:104} INFO - [2021-02-07 15:08:44,937] {dag.py:2273} INFO - Setting next_dagrun for example_kubernetes_executor_config to None
[2021-02-07 15:08:44,952] {scheduler_job.py:189} INFO - Processing /home/airflow/.local/lib/python3.8/site-packages/airflow/example_dags/example_kubernetes_executor_config.py took 0.080 seconds
[2021-02-07 15:09:15,308] {scheduler_job.py:181} INFO - Started process (PID=274) to work on /home/airflow/.local/lib/python3.8/site-packages/airflow/example_dags/example_kubernetes_executor_config.py
[2021-02-07 15:09:15,310] {scheduler_job.py:627} INFO - Processing file /home/airflow/.local/lib/python3.8/site-packages/airflow/example_dags/example_kubernetes_executor_config.py for tasks to queue
[2021-02-07 15:09:15,311] {logging_mixin.py:104} INFO - [2021-02-07 15:09:15,311] {dagbag.py:449} INFO - Filling up the DagBag from /home/airflow/.local/lib/python3.8/site-packages/airflow/example_dags/example_kubernetes_executor_config.py
[2021-02-07 15:09:15,333] {scheduler_job.py:637} INFO - DAG(s) dict_keys(['example_kubernetes_executor_config']) retrieved from /home/airflow/.local/lib/python3.8/site-packages/airflow/example_dags/example_kubernetes_executor_config.py
[2021-02-07 15:09:15,363] {logging_mixin.py:104} INFO - [2021-02-07 15:09:15,363] {dag.py:1818} INFO - Sync 1 DAGs
[2021-02-07 15:09:15,377] {logging_mixin.py:104} INFO - [2021-02-07 15:09:15,377] {dag.py:2273} INFO - Setting next_dagrun for example_kubernetes_executor_config to None
[2021-02-07 15:09:15,394] {scheduler_job.py:189} INFO - Processing /home/airflow/.local/lib/python3.8/site-packages/airflow/example_dags/example_kubernetes_executor_config.py took 0.090 seconds
[2021-02-07 15:09:45,723] {scheduler_job.py:181} INFO - Started process (PID=300) to work on /home/airflow/.local/lib/python3.8/site-packages/airflow/example_dags/example_kubernetes_executor_config.py
[2021-02-07 15:09:45,730] {scheduler_job.py:627} INFO - Processing file /home/airflow/.local/lib/python3.8/site-packages/airflow/example_dags/example_kubernetes_executor_config.py for tasks to queue
[2021-02-07 15:09:45,731] {logging_mixin.py:104} INFO - [2021-02-07 15:09:45,731] {dagbag.py:449} INFO - Filling up the DagBag from /home/airflow/.local/lib/python3.8/site-packages/airflow/example_dags/example_kubernetes_executor_config.py
[2021-02-07 15:09:45,754] {scheduler_job.py:637} INFO - DAG(s) dict_keys(['example_kubernetes_executor_config']) retrieved from /home/airflow/.local/lib/python3.8/site-packages/airflow/example_dags/example_kubernetes_executor_config.py
[2021-02-07 15:09:45,784] {logging_mixin.py:104} INFO - [2021-02-07 15:09:45,784] {dag.py:1818} INFO - Sync 1 DAGs
[2021-02-07 15:09:45,797] {logging_mixin.py:104} INFO - [2021-02-07 15:09:45,797] {dag.py:2273} INFO - Setting next_dagrun for example_kubernetes_executor_config to None
[2021-02-07 15:09:45,809] {scheduler_job.py:189} INFO - Processing /home/airflow/.local/lib/python3.8/site-packages/airflow/example_dags/example_kubernetes_executor_config.py took 0.094 seconds
[2021-02-07 15:10:16,442] {scheduler_job.py:181} INFO - Started process (PID=326) to work on /home/airflow/.local/lib/python3.8/site-packages/airflow/example_dags/example_kubernetes_executor_config.py
[2021-02-07 15:10:16,460] {scheduler_job.py:627} INFO - Processing file /home/airflow/.local/lib/python3.8/site-packages/airflow/example_dags/example_kubernetes_executor_config.py for tasks to queue
[2021-02-07 15:10:16,470] {logging_mixin.py:104} INFO - [2021-02-07 15:10:16,469] {dagbag.py:449} INFO - Filling up the DagBag from /home/airflow/.local/lib/python3.8/site-packages/airflow/example_dags/example_kubernetes_executor_config.py
[2021-02-07 15:10:16,570] {scheduler_job.py:637} INFO - DAG(s) dict_keys(['example_kubernetes_executor_config']) retrieved from /home/airflow/.local/lib/python3.8/site-packages/airflow/example_dags/example_kubernetes_executor_config.py
[2021-02-07 15:10:16,707] {logging_mixin.py:104} INFO - [2021-02-07 15:10:16,706] {dag.py:1818} INFO - Sync 1 DAGs
[2021-02-07 15:10:16,779] {logging_mixin.py:104} INFO - [2021-02-07 15:10:16,779] {dag.py:2273} INFO - Setting next_dagrun for example_kubernetes_executor_config to None
[2021-02-07 15:10:16,832] {scheduler_job.py:189} INFO - Processing /home/airflow/.local/lib/python3.8/site-packages/airflow/example_dags/example_kubernetes_executor_config.py took 0.432 seconds
[2021-02-07 15:11:40,476] {scheduler_job.py:181} INFO - Started process (PID=347) to work on /home/airflow/.local/lib/python3.8/site-packages/airflow/example_dags/example_kubernetes_executor_config.py
[2021-02-07 15:11:40,481] {scheduler_job.py:627} INFO - Processing file /home/airflow/.local/lib/python3.8/site-packages/airflow/example_dags/example_kubernetes_executor_config.py for tasks to queue
[2021-02-07 15:11:40,485] {logging_mixin.py:104} INFO - [2021-02-07 15:11:40,485] {dagbag.py:449} INFO - Filling up the DagBag from /home/airflow/.local/lib/python3.8/site-packages/airflow/example_dags/example_kubernetes_executor_config.py
[2021-02-07 15:11:40,516] {scheduler_job.py:637} INFO - DAG(s) dict_keys(['example_kubernetes_executor_config']) retrieved from /home/airflow/.local/lib/python3.8/site-packages/airflow/example_dags/example_kubernetes_executor_config.py
[2021-02-07 15:11:40,589] {logging_mixin.py:104} INFO - [2021-02-07 15:11:40,588] {dag.py:1818} INFO - Sync 1 DAGs
[2021-02-07 15:11:40,616] {logging_mixin.py:104} INFO - [2021-02-07 15:11:40,615] {dag.py:2273} INFO - Setting next_dagrun for example_kubernetes_executor_config to None
[2021-02-07 15:11:40,642] {scheduler_job.py:189} INFO - Processing /home/airflow/.local/lib/python3.8/site-packages/airflow/example_dags/example_kubernetes_executor_config.py took 0.175 seconds
[2021-02-07 19:10:20,820] {scheduler_job.py:181} INFO - Started process (PID=373) to work on /home/airflow/.local/lib/python3.8/site-packages/airflow/example_dags/example_kubernetes_executor_config.py
[2021-02-07 19:10:20,825] {scheduler_job.py:627} INFO - Processing file /home/airflow/.local/lib/python3.8/site-packages/airflow/example_dags/example_kubernetes_executor_config.py for tasks to queue
[2021-02-07 19:10:20,827] {logging_mixin.py:104} INFO - [2021-02-07 19:10:20,827] {dagbag.py:449} INFO - Filling up the DagBag from /home/airflow/.local/lib/python3.8/site-packages/airflow/example_dags/example_kubernetes_executor_config.py
[2021-02-07 19:10:20,862] {scheduler_job.py:637} INFO - DAG(s) dict_keys(['example_kubernetes_executor_config']) retrieved from /home/airflow/.local/lib/python3.8/site-packages/airflow/example_dags/example_kubernetes_executor_config.py
[2021-02-07 19:10:20,912] {logging_mixin.py:104} INFO - [2021-02-07 19:10:20,912] {dag.py:1818} INFO - Sync 1 DAGs
[2021-02-07 19:10:20,943] {logging_mixin.py:104} INFO - [2021-02-07 19:10:20,943] {dag.py:2273} INFO - Setting next_dagrun for example_kubernetes_executor_config to None
[2021-02-07 19:10:20,960] {scheduler_job.py:189} INFO - Processing /home/airflow/.local/lib/python3.8/site-packages/airflow/example_dags/example_kubernetes_executor_config.py took 0.145 seconds
[2021-02-07 21:10:35,349] {scheduler_job.py:181} INFO - Started process (PID=399) to work on /home/airflow/.local/lib/python3.8/site-packages/airflow/example_dags/example_kubernetes_executor_config.py
[2021-02-07 21:10:35,352] {scheduler_job.py:627} INFO - Processing file /home/airflow/.local/lib/python3.8/site-packages/airflow/example_dags/example_kubernetes_executor_config.py for tasks to queue
[2021-02-07 21:10:35,355] {logging_mixin.py:104} INFO - [2021-02-07 21:10:35,354] {dagbag.py:449} INFO - Filling up the DagBag from /home/airflow/.local/lib/python3.8/site-packages/airflow/example_dags/example_kubernetes_executor_config.py
[2021-02-07 21:10:35,392] {scheduler_job.py:637} INFO - DAG(s) dict_keys(['example_kubernetes_executor_config']) retrieved from /home/airflow/.local/lib/python3.8/site-packages/airflow/example_dags/example_kubernetes_executor_config.py
[2021-02-07 21:10:35,442] {logging_mixin.py:104} INFO - [2021-02-07 21:10:35,442] {dag.py:1818} INFO - Sync 1 DAGs
[2021-02-07 21:10:35,466] {logging_mixin.py:104} INFO - [2021-02-07 21:10:35,466] {dag.py:2273} INFO - Setting next_dagrun for example_kubernetes_executor_config to None
[2021-02-07 21:10:35,497] {scheduler_job.py:189} INFO - Processing /home/airflow/.local/lib/python3.8/site-packages/airflow/example_dags/example_kubernetes_executor_config.py took 0.154 seconds
[2021-02-07 21:45:33,231] {scheduler_job.py:181} INFO - Started process (PID=425) to work on /home/airflow/.local/lib/python3.8/site-packages/airflow/example_dags/example_kubernetes_executor_config.py
[2021-02-07 21:45:33,236] {scheduler_job.py:627} INFO - Processing file /home/airflow/.local/lib/python3.8/site-packages/airflow/example_dags/example_kubernetes_executor_config.py for tasks to queue
[2021-02-07 21:45:33,238] {logging_mixin.py:104} INFO - [2021-02-07 21:45:33,238] {dagbag.py:449} INFO - Filling up the DagBag from /home/airflow/.local/lib/python3.8/site-packages/airflow/example_dags/example_kubernetes_executor_config.py
[2021-02-07 21:45:33,277] {scheduler_job.py:637} INFO - DAG(s) dict_keys(['example_kubernetes_executor_config']) retrieved from /home/airflow/.local/lib/python3.8/site-packages/airflow/example_dags/example_kubernetes_executor_config.py
[2021-02-07 21:45:33,370] {logging_mixin.py:104} INFO - [2021-02-07 21:45:33,370] {dag.py:1818} INFO - Sync 1 DAGs
[2021-02-07 21:45:33,404] {logging_mixin.py:104} INFO - [2021-02-07 21:45:33,403] {dag.py:2273} INFO - Setting next_dagrun for example_kubernetes_executor_config to None
[2021-02-07 21:45:33,424] {scheduler_job.py:189} INFO - Processing /home/airflow/.local/lib/python3.8/site-packages/airflow/example_dags/example_kubernetes_executor_config.py took 0.199 seconds
[2021-02-07 21:46:03,498] {scheduler_job.py:181} INFO - Started process (PID=450) to work on /home/airflow/.local/lib/python3.8/site-packages/airflow/example_dags/example_kubernetes_executor_config.py
[2021-02-07 21:46:03,504] {scheduler_job.py:627} INFO - Processing file /home/airflow/.local/lib/python3.8/site-packages/airflow/example_dags/example_kubernetes_executor_config.py for tasks to queue
[2021-02-07 21:46:03,508] {logging_mixin.py:104} INFO - [2021-02-07 21:46:03,508] {dagbag.py:449} INFO - Filling up the DagBag from /home/airflow/.local/lib/python3.8/site-packages/airflow/example_dags/example_kubernetes_executor_config.py
[2021-02-07 21:46:03,559] {scheduler_job.py:637} INFO - DAG(s) dict_keys(['example_kubernetes_executor_config']) retrieved from /home/airflow/.local/lib/python3.8/site-packages/airflow/example_dags/example_kubernetes_executor_config.py
[2021-02-07 21:46:03,615] {logging_mixin.py:104} INFO - [2021-02-07 21:46:03,615] {dag.py:1818} INFO - Sync 1 DAGs
[2021-02-07 21:46:03,643] {logging_mixin.py:104} INFO - [2021-02-07 21:46:03,643] {dag.py:2273} INFO - Setting next_dagrun for example_kubernetes_executor_config to None
[2021-02-07 21:46:03,667] {scheduler_job.py:189} INFO - Processing /home/airflow/.local/lib/python3.8/site-packages/airflow/example_dags/example_kubernetes_executor_config.py took 0.182 seconds
[2021-02-07 21:46:34,347] {scheduler_job.py:181} INFO - Started process (PID=476) to work on /home/airflow/.local/lib/python3.8/site-packages/airflow/example_dags/example_kubernetes_executor_config.py
[2021-02-07 21:46:34,350] {scheduler_job.py:627} INFO - Processing file /home/airflow/.local/lib/python3.8/site-packages/airflow/example_dags/example_kubernetes_executor_config.py for tasks to queue
[2021-02-07 21:46:34,352] {logging_mixin.py:104} INFO - [2021-02-07 21:46:34,352] {dagbag.py:449} INFO - Filling up the DagBag from /home/airflow/.local/lib/python3.8/site-packages/airflow/example_dags/example_kubernetes_executor_config.py
[2021-02-07 21:46:34,375] {scheduler_job.py:637} INFO - DAG(s) dict_keys(['example_kubernetes_executor_config']) retrieved from /home/airflow/.local/lib/python3.8/site-packages/airflow/example_dags/example_kubernetes_executor_config.py
[2021-02-07 21:46:34,411] {logging_mixin.py:104} INFO - [2021-02-07 21:46:34,411] {dag.py:1818} INFO - Sync 1 DAGs
[2021-02-07 21:46:34,427] {logging_mixin.py:104} INFO - [2021-02-07 21:46:34,427] {dag.py:2273} INFO - Setting next_dagrun for example_kubernetes_executor_config to None
[2021-02-07 21:46:34,439] {scheduler_job.py:189} INFO - Processing /home/airflow/.local/lib/python3.8/site-packages/airflow/example_dags/example_kubernetes_executor_config.py took 0.098 seconds
[2021-02-07 21:47:09,756] {scheduler_job.py:181} INFO - Started process (PID=503) to work on /home/airflow/.local/lib/python3.8/site-packages/airflow/example_dags/example_kubernetes_executor_config.py
[2021-02-07 21:47:09,760] {scheduler_job.py:627} INFO - Processing file /home/airflow/.local/lib/python3.8/site-packages/airflow/example_dags/example_kubernetes_executor_config.py for tasks to queue
[2021-02-07 21:47:09,763] {logging_mixin.py:104} INFO - [2021-02-07 21:47:09,762] {dagbag.py:449} INFO - Filling up the DagBag from /home/airflow/.local/lib/python3.8/site-packages/airflow/example_dags/example_kubernetes_executor_config.py
[2021-02-07 21:47:09,795] {scheduler_job.py:637} INFO - DAG(s) dict_keys(['example_kubernetes_executor_config']) retrieved from /home/airflow/.local/lib/python3.8/site-packages/airflow/example_dags/example_kubernetes_executor_config.py
[2021-02-07 21:47:09,869] {logging_mixin.py:104} INFO - [2021-02-07 21:47:09,868] {dag.py:1818} INFO - Sync 1 DAGs
[2021-02-07 21:47:09,909] {logging_mixin.py:104} INFO - [2021-02-07 21:47:09,909] {dag.py:2273} INFO - Setting next_dagrun for example_kubernetes_executor_config to None
[2021-02-07 21:47:09,932] {scheduler_job.py:189} INFO - Processing /home/airflow/.local/lib/python3.8/site-packages/airflow/example_dags/example_kubernetes_executor_config.py took 0.187 seconds
[2021-02-07 21:47:39,994] {scheduler_job.py:181} INFO - Started process (PID=529) to work on /home/airflow/.local/lib/python3.8/site-packages/airflow/example_dags/example_kubernetes_executor_config.py
[2021-02-07 21:47:39,997] {scheduler_job.py:627} INFO - Processing file /home/airflow/.local/lib/python3.8/site-packages/airflow/example_dags/example_kubernetes_executor_config.py for tasks to queue
[2021-02-07 21:47:39,999] {logging_mixin.py:104} INFO - [2021-02-07 21:47:39,999] {dagbag.py:449} INFO - Filling up the DagBag from /home/airflow/.local/lib/python3.8/site-packages/airflow/example_dags/example_kubernetes_executor_config.py
[2021-02-07 21:47:40,013] {scheduler_job.py:637} INFO - DAG(s) dict_keys(['example_kubernetes_executor_config']) retrieved from /home/airflow/.local/lib/python3.8/site-packages/airflow/example_dags/example_kubernetes_executor_config.py
[2021-02-07 21:47:40,039] {logging_mixin.py:104} INFO - [2021-02-07 21:47:40,039] {dag.py:1818} INFO - Sync 1 DAGs
[2021-02-07 21:47:40,055] {logging_mixin.py:104} INFO - [2021-02-07 21:47:40,055] {dag.py:2273} INFO - Setting next_dagrun for example_kubernetes_executor_config to None
[2021-02-07 21:47:40,066] {scheduler_job.py:189} INFO - Processing /home/airflow/.local/lib/python3.8/site-packages/airflow/example_dags/example_kubernetes_executor_config.py took 0.076 seconds
[2021-02-07 21:48:10,124] {scheduler_job.py:181} INFO - Started process (PID=553) to work on /home/airflow/.local/lib/python3.8/site-packages/airflow/example_dags/example_kubernetes_executor_config.py
[2021-02-07 21:48:10,126] {scheduler_job.py:627} INFO - Processing file /home/airflow/.local/lib/python3.8/site-packages/airflow/example_dags/example_kubernetes_executor_config.py for tasks to queue
[2021-02-07 21:48:10,128] {logging_mixin.py:104} INFO - [2021-02-07 21:48:10,127] {dagbag.py:449} INFO - Filling up the DagBag from /home/airflow/.local/lib/python3.8/site-packages/airflow/example_dags/example_kubernetes_executor_config.py
[2021-02-07 21:48:10,141] {scheduler_job.py:637} INFO - DAG(s) dict_keys(['example_kubernetes_executor_config']) retrieved from /home/airflow/.local/lib/python3.8/site-packages/airflow/example_dags/example_kubernetes_executor_config.py
[2021-02-07 21:48:10,169] {logging_mixin.py:104} INFO - [2021-02-07 21:48:10,169] {dag.py:1818} INFO - Sync 1 DAGs
[2021-02-07 21:48:10,189] {logging_mixin.py:104} INFO - [2021-02-07 21:48:10,189] {dag.py:2273} INFO - Setting next_dagrun for example_kubernetes_executor_config to None
[2021-02-07 21:48:10,201] {scheduler_job.py:189} INFO - Processing /home/airflow/.local/lib/python3.8/site-packages/airflow/example_dags/example_kubernetes_executor_config.py took 0.081 seconds
[2021-02-07 21:48:42,186] {scheduler_job.py:181} INFO - Started process (PID=581) to work on /home/airflow/.local/lib/python3.8/site-packages/airflow/example_dags/example_kubernetes_executor_config.py
[2021-02-07 21:48:42,219] {scheduler_job.py:627} INFO - Processing file /home/airflow/.local/lib/python3.8/site-packages/airflow/example_dags/example_kubernetes_executor_config.py for tasks to queue
[2021-02-07 21:48:42,243] {logging_mixin.py:104} INFO - [2021-02-07 21:48:42,242] {dagbag.py:449} INFO - Filling up the DagBag from /home/airflow/.local/lib/python3.8/site-packages/airflow/example_dags/example_kubernetes_executor_config.py
[2021-02-07 21:48:42,367] {scheduler_job.py:637} INFO - DAG(s) dict_keys(['example_kubernetes_executor_config']) retrieved from /home/airflow/.local/lib/python3.8/site-packages/airflow/example_dags/example_kubernetes_executor_config.py
[2021-02-07 21:48:42,533] {logging_mixin.py:104} INFO - [2021-02-07 21:48:42,533] {dag.py:1818} INFO - Sync 1 DAGs
[2021-02-07 21:48:42,681] {logging_mixin.py:104} INFO - [2021-02-07 21:48:42,680] {dag.py:2273} INFO - Setting next_dagrun for example_kubernetes_executor_config to None
[2021-02-07 21:48:42,707] {scheduler_job.py:189} INFO - Processing /home/airflow/.local/lib/python3.8/site-packages/airflow/example_dags/example_kubernetes_executor_config.py took 0.564 seconds
[2021-02-07 21:49:13,539] {scheduler_job.py:181} INFO - Started process (PID=607) to work on /home/airflow/.local/lib/python3.8/site-packages/airflow/example_dags/example_kubernetes_executor_config.py
[2021-02-07 21:49:13,542] {scheduler_job.py:627} INFO - Processing file /home/airflow/.local/lib/python3.8/site-packages/airflow/example_dags/example_kubernetes_executor_config.py for tasks to queue
[2021-02-07 21:49:13,543] {logging_mixin.py:104} INFO - [2021-02-07 21:49:13,543] {dagbag.py:449} INFO - Filling up the DagBag from /home/airflow/.local/lib/python3.8/site-packages/airflow/example_dags/example_kubernetes_executor_config.py
[2021-02-07 21:49:13,560] {scheduler_job.py:637} INFO - DAG(s) dict_keys(['example_kubernetes_executor_config']) retrieved from /home/airflow/.local/lib/python3.8/site-packages/airflow/example_dags/example_kubernetes_executor_config.py
[2021-02-07 21:49:13,591] {logging_mixin.py:104} INFO - [2021-02-07 21:49:13,591] {dag.py:1818} INFO - Sync 1 DAGs
[2021-02-07 21:49:13,609] {logging_mixin.py:104} INFO - [2021-02-07 21:49:13,609] {dag.py:2273} INFO - Setting next_dagrun for example_kubernetes_executor_config to None
[2021-02-07 21:49:13,627] {scheduler_job.py:189} INFO - Processing /home/airflow/.local/lib/python3.8/site-packages/airflow/example_dags/example_kubernetes_executor_config.py took 0.093 seconds
[2021-02-07 21:49:46,785] {scheduler_job.py:181} INFO - Started process (PID=633) to work on /home/airflow/.local/lib/python3.8/site-packages/airflow/example_dags/example_kubernetes_executor_config.py
[2021-02-07 21:49:46,790] {scheduler_job.py:627} INFO - Processing file /home/airflow/.local/lib/python3.8/site-packages/airflow/example_dags/example_kubernetes_executor_config.py for tasks to queue
[2021-02-07 21:49:46,801] {logging_mixin.py:104} INFO - [2021-02-07 21:49:46,799] {dagbag.py:449} INFO - Filling up the DagBag from /home/airflow/.local/lib/python3.8/site-packages/airflow/example_dags/example_kubernetes_executor_config.py
[2021-02-07 21:49:46,879] {scheduler_job.py:637} INFO - DAG(s) dict_keys(['example_kubernetes_executor_config']) retrieved from /home/airflow/.local/lib/python3.8/site-packages/airflow/example_dags/example_kubernetes_executor_config.py
[2021-02-07 21:49:47,029] {logging_mixin.py:104} INFO - [2021-02-07 21:49:47,029] {dag.py:1818} INFO - Sync 1 DAGs
[2021-02-07 21:49:47,162] {logging_mixin.py:104} INFO - [2021-02-07 21:49:47,161] {dag.py:2273} INFO - Setting next_dagrun for example_kubernetes_executor_config to None
[2021-02-07 21:49:47,240] {scheduler_job.py:189} INFO - Processing /home/airflow/.local/lib/python3.8/site-packages/airflow/example_dags/example_kubernetes_executor_config.py took 0.465 seconds
[2021-02-07 21:50:18,293] {scheduler_job.py:181} INFO - Started process (PID=660) to work on /home/airflow/.local/lib/python3.8/site-packages/airflow/example_dags/example_kubernetes_executor_config.py
[2021-02-07 21:50:18,298] {scheduler_job.py:627} INFO - Processing file /home/airflow/.local/lib/python3.8/site-packages/airflow/example_dags/example_kubernetes_executor_config.py for tasks to queue
[2021-02-07 21:50:18,300] {logging_mixin.py:104} INFO - [2021-02-07 21:50:18,300] {dagbag.py:449} INFO - Filling up the DagBag from /home/airflow/.local/lib/python3.8/site-packages/airflow/example_dags/example_kubernetes_executor_config.py
[2021-02-07 21:50:18,326] {scheduler_job.py:637} INFO - DAG(s) dict_keys(['example_kubernetes_executor_config']) retrieved from /home/airflow/.local/lib/python3.8/site-packages/airflow/example_dags/example_kubernetes_executor_config.py
[2021-02-07 21:50:18,372] {logging_mixin.py:104} INFO - [2021-02-07 21:50:18,372] {dag.py:1818} INFO - Sync 1 DAGs
[2021-02-07 21:50:18,400] {logging_mixin.py:104} INFO - [2021-02-07 21:50:18,400] {dag.py:2273} INFO - Setting next_dagrun for example_kubernetes_executor_config to None
[2021-02-07 21:50:18,425] {scheduler_job.py:189} INFO - Processing /home/airflow/.local/lib/python3.8/site-packages/airflow/example_dags/example_kubernetes_executor_config.py took 0.140 seconds
[2021-02-07 21:50:49,081] {scheduler_job.py:181} INFO - Started process (PID=688) to work on /home/airflow/.local/lib/python3.8/site-packages/airflow/example_dags/example_kubernetes_executor_config.py
[2021-02-07 21:50:49,084] {scheduler_job.py:627} INFO - Processing file /home/airflow/.local/lib/python3.8/site-packages/airflow/example_dags/example_kubernetes_executor_config.py for tasks to queue
[2021-02-07 21:50:49,086] {logging_mixin.py:104} INFO - [2021-02-07 21:50:49,086] {dagbag.py:449} INFO - Filling up the DagBag from /home/airflow/.local/lib/python3.8/site-packages/airflow/example_dags/example_kubernetes_executor_config.py
[2021-02-07 21:50:49,105] {scheduler_job.py:637} INFO - DAG(s) dict_keys(['example_kubernetes_executor_config']) retrieved from /home/airflow/.local/lib/python3.8/site-packages/airflow/example_dags/example_kubernetes_executor_config.py
[2021-02-07 21:50:49,149] {logging_mixin.py:104} INFO - [2021-02-07 21:50:49,149] {dag.py:1818} INFO - Sync 1 DAGs
[2021-02-07 21:50:49,175] {logging_mixin.py:104} INFO - [2021-02-07 21:50:49,175] {dag.py:2273} INFO - Setting next_dagrun for example_kubernetes_executor_config to None
[2021-02-07 21:50:49,192] {scheduler_job.py:189} INFO - Processing /home/airflow/.local/lib/python3.8/site-packages/airflow/example_dags/example_kubernetes_executor_config.py took 0.115 seconds
[2021-02-07 21:51:19,762] {scheduler_job.py:181} INFO - Started process (PID=714) to work on /home/airflow/.local/lib/python3.8/site-packages/airflow/example_dags/example_kubernetes_executor_config.py
[2021-02-07 21:51:19,766] {scheduler_job.py:627} INFO - Processing file /home/airflow/.local/lib/python3.8/site-packages/airflow/example_dags/example_kubernetes_executor_config.py for tasks to queue
[2021-02-07 21:51:19,768] {logging_mixin.py:104} INFO - [2021-02-07 21:51:19,768] {dagbag.py:449} INFO - Filling up the DagBag from /home/airflow/.local/lib/python3.8/site-packages/airflow/example_dags/example_kubernetes_executor_config.py
[2021-02-07 21:51:19,792] {scheduler_job.py:637} INFO - DAG(s) dict_keys(['example_kubernetes_executor_config']) retrieved from /home/airflow/.local/lib/python3.8/site-packages/airflow/example_dags/example_kubernetes_executor_config.py
[2021-02-07 21:51:19,832] {logging_mixin.py:104} INFO - [2021-02-07 21:51:19,832] {dag.py:1818} INFO - Sync 1 DAGs
[2021-02-07 21:51:19,852] {logging_mixin.py:104} INFO - [2021-02-07 21:51:19,851] {dag.py:2273} INFO - Setting next_dagrun for example_kubernetes_executor_config to None
[2021-02-07 21:51:19,871] {scheduler_job.py:189} INFO - Processing /home/airflow/.local/lib/python3.8/site-packages/airflow/example_dags/example_kubernetes_executor_config.py took 0.114 seconds
[2021-02-07 21:51:50,449] {scheduler_job.py:181} INFO - Started process (PID=737) to work on /home/airflow/.local/lib/python3.8/site-packages/airflow/example_dags/example_kubernetes_executor_config.py
[2021-02-07 21:51:50,453] {scheduler_job.py:627} INFO - Processing file /home/airflow/.local/lib/python3.8/site-packages/airflow/example_dags/example_kubernetes_executor_config.py for tasks to queue
[2021-02-07 21:51:50,455] {logging_mixin.py:104} INFO - [2021-02-07 21:51:50,455] {dagbag.py:449} INFO - Filling up the DagBag from /home/airflow/.local/lib/python3.8/site-packages/airflow/example_dags/example_kubernetes_executor_config.py
[2021-02-07 21:51:50,478] {scheduler_job.py:637} INFO - DAG(s) dict_keys(['example_kubernetes_executor_config']) retrieved from /home/airflow/.local/lib/python3.8/site-packages/airflow/example_dags/example_kubernetes_executor_config.py
[2021-02-07 21:51:50,512] {logging_mixin.py:104} INFO - [2021-02-07 21:51:50,512] {dag.py:1818} INFO - Sync 1 DAGs
[2021-02-07 21:51:50,530] {logging_mixin.py:104} INFO - [2021-02-07 21:51:50,529] {dag.py:2273} INFO - Setting next_dagrun for example_kubernetes_executor_config to None
[2021-02-07 21:51:50,547] {scheduler_job.py:189} INFO - Processing /home/airflow/.local/lib/python3.8/site-packages/airflow/example_dags/example_kubernetes_executor_config.py took 0.105 seconds
[2021-02-07 21:52:20,822] {scheduler_job.py:181} INFO - Started process (PID=762) to work on /home/airflow/.local/lib/python3.8/site-packages/airflow/example_dags/example_kubernetes_executor_config.py
[2021-02-07 21:52:20,825] {scheduler_job.py:627} INFO - Processing file /home/airflow/.local/lib/python3.8/site-packages/airflow/example_dags/example_kubernetes_executor_config.py for tasks to queue
[2021-02-07 21:52:20,826] {logging_mixin.py:104} INFO - [2021-02-07 21:52:20,826] {dagbag.py:449} INFO - Filling up the DagBag from /home/airflow/.local/lib/python3.8/site-packages/airflow/example_dags/example_kubernetes_executor_config.py
[2021-02-07 21:52:20,845] {scheduler_job.py:637} INFO - DAG(s) dict_keys(['example_kubernetes_executor_config']) retrieved from /home/airflow/.local/lib/python3.8/site-packages/airflow/example_dags/example_kubernetes_executor_config.py
[2021-02-07 21:52:20,879] {logging_mixin.py:104} INFO - [2021-02-07 21:52:20,879] {dag.py:1818} INFO - Sync 1 DAGs
[2021-02-07 21:52:20,894] {logging_mixin.py:104} INFO - [2021-02-07 21:52:20,894] {dag.py:2273} INFO - Setting next_dagrun for example_kubernetes_executor_config to None
[2021-02-07 21:52:20,911] {scheduler_job.py:189} INFO - Processing /home/airflow/.local/lib/python3.8/site-packages/airflow/example_dags/example_kubernetes_executor_config.py took 0.093 seconds
[2021-02-07 21:52:51,826] {scheduler_job.py:181} INFO - Started process (PID=791) to work on /home/airflow/.local/lib/python3.8/site-packages/airflow/example_dags/example_kubernetes_executor_config.py
[2021-02-07 21:52:51,829] {scheduler_job.py:627} INFO - Processing file /home/airflow/.local/lib/python3.8/site-packages/airflow/example_dags/example_kubernetes_executor_config.py for tasks to queue
[2021-02-07 21:52:51,831] {logging_mixin.py:104} INFO - [2021-02-07 21:52:51,831] {dagbag.py:449} INFO - Filling up the DagBag from /home/airflow/.local/lib/python3.8/site-packages/airflow/example_dags/example_kubernetes_executor_config.py
[2021-02-07 21:52:51,846] {scheduler_job.py:637} INFO - DAG(s) dict_keys(['example_kubernetes_executor_config']) retrieved from /home/airflow/.local/lib/python3.8/site-packages/airflow/example_dags/example_kubernetes_executor_config.py
[2021-02-07 21:52:51,872] {logging_mixin.py:104} INFO - [2021-02-07 21:52:51,872] {dag.py:1818} INFO - Sync 1 DAGs
[2021-02-07 21:52:51,887] {logging_mixin.py:104} INFO - [2021-02-07 21:52:51,887] {dag.py:2273} INFO - Setting next_dagrun for example_kubernetes_executor_config to None
[2021-02-07 21:52:51,900] {scheduler_job.py:189} INFO - Processing /home/airflow/.local/lib/python3.8/site-packages/airflow/example_dags/example_kubernetes_executor_config.py took 0.078 seconds
[2021-02-07 21:53:21,989] {scheduler_job.py:181} INFO - Started process (PID=817) to work on /home/airflow/.local/lib/python3.8/site-packages/airflow/example_dags/example_kubernetes_executor_config.py
[2021-02-07 21:53:21,992] {scheduler_job.py:627} INFO - Processing file /home/airflow/.local/lib/python3.8/site-packages/airflow/example_dags/example_kubernetes_executor_config.py for tasks to queue
[2021-02-07 21:53:21,994] {logging_mixin.py:104} INFO - [2021-02-07 21:53:21,994] {dagbag.py:449} INFO - Filling up the DagBag from /home/airflow/.local/lib/python3.8/site-packages/airflow/example_dags/example_kubernetes_executor_config.py
[2021-02-07 21:53:22,072] {scheduler_job.py:637} INFO - DAG(s) dict_keys(['example_kubernetes_executor_config']) retrieved from /home/airflow/.local/lib/python3.8/site-packages/airflow/example_dags/example_kubernetes_executor_config.py
[2021-02-07 21:53:22,115] {logging_mixin.py:104} INFO - [2021-02-07 21:53:22,115] {dag.py:1818} INFO - Sync 1 DAGs
[2021-02-07 21:53:22,140] {logging_mixin.py:104} INFO - [2021-02-07 21:53:22,140] {dag.py:2273} INFO - Setting next_dagrun for example_kubernetes_executor_config to None
[2021-02-07 21:53:22,163] {scheduler_job.py:189} INFO - Processing /home/airflow/.local/lib/python3.8/site-packages/airflow/example_dags/example_kubernetes_executor_config.py took 0.177 seconds
[2021-02-07 21:53:52,485] {scheduler_job.py:181} INFO - Started process (PID=846) to work on /home/airflow/.local/lib/python3.8/site-packages/airflow/example_dags/example_kubernetes_executor_config.py
[2021-02-07 21:53:52,487] {scheduler_job.py:627} INFO - Processing file /home/airflow/.local/lib/python3.8/site-packages/airflow/example_dags/example_kubernetes_executor_config.py for tasks to queue
[2021-02-07 21:53:52,489] {logging_mixin.py:104} INFO - [2021-02-07 21:53:52,489] {dagbag.py:449} INFO - Filling up the DagBag from /home/airflow/.local/lib/python3.8/site-packages/airflow/example_dags/example_kubernetes_executor_config.py
[2021-02-07 21:53:52,504] {scheduler_job.py:637} INFO - DAG(s) dict_keys(['example_kubernetes_executor_config']) retrieved from /home/airflow/.local/lib/python3.8/site-packages/airflow/example_dags/example_kubernetes_executor_config.py
[2021-02-07 21:53:52,532] {logging_mixin.py:104} INFO - [2021-02-07 21:53:52,532] {dag.py:1818} INFO - Sync 1 DAGs
[2021-02-07 21:53:52,548] {logging_mixin.py:104} INFO - [2021-02-07 21:53:52,548] {dag.py:2273} INFO - Setting next_dagrun for example_kubernetes_executor_config to None
[2021-02-07 21:53:52,563] {scheduler_job.py:189} INFO - Processing /home/airflow/.local/lib/python3.8/site-packages/airflow/example_dags/example_kubernetes_executor_config.py took 0.082 seconds
[2021-02-07 21:54:22,997] {scheduler_job.py:181} INFO - Started process (PID=881) to work on /home/airflow/.local/lib/python3.8/site-packages/airflow/example_dags/example_kubernetes_executor_config.py
[2021-02-07 21:54:22,999] {scheduler_job.py:627} INFO - Processing file /home/airflow/.local/lib/python3.8/site-packages/airflow/example_dags/example_kubernetes_executor_config.py for tasks to queue
[2021-02-07 21:54:23,000] {logging_mixin.py:104} INFO - [2021-02-07 21:54:23,000] {dagbag.py:449} INFO - Filling up the DagBag from /home/airflow/.local/lib/python3.8/site-packages/airflow/example_dags/example_kubernetes_executor_config.py
[2021-02-07 21:54:23,014] {scheduler_job.py:637} INFO - DAG(s) dict_keys(['example_kubernetes_executor_config']) retrieved from /home/airflow/.local/lib/python3.8/site-packages/airflow/example_dags/example_kubernetes_executor_config.py
[2021-02-07 21:54:23,044] {logging_mixin.py:104} INFO - [2021-02-07 21:54:23,044] {dag.py:1818} INFO - Sync 1 DAGs
[2021-02-07 21:54:23,059] {logging_mixin.py:104} INFO - [2021-02-07 21:54:23,059] {dag.py:2273} INFO - Setting next_dagrun for example_kubernetes_executor_config to None
[2021-02-07 21:54:23,071] {scheduler_job.py:189} INFO - Processing /home/airflow/.local/lib/python3.8/site-packages/airflow/example_dags/example_kubernetes_executor_config.py took 0.078 seconds
[2021-02-07 21:54:53,212] {scheduler_job.py:181} INFO - Started process (PID=906) to work on /home/airflow/.local/lib/python3.8/site-packages/airflow/example_dags/example_kubernetes_executor_config.py
[2021-02-07 21:54:53,215] {scheduler_job.py:627} INFO - Processing file /home/airflow/.local/lib/python3.8/site-packages/airflow/example_dags/example_kubernetes_executor_config.py for tasks to queue
[2021-02-07 21:54:53,220] {logging_mixin.py:104} INFO - [2021-02-07 21:54:53,220] {dagbag.py:449} INFO - Filling up the DagBag from /home/airflow/.local/lib/python3.8/site-packages/airflow/example_dags/example_kubernetes_executor_config.py
[2021-02-07 21:54:53,318] {scheduler_job.py:637} INFO - DAG(s) dict_keys(['example_kubernetes_executor_config']) retrieved from /home/airflow/.local/lib/python3.8/site-packages/airflow/example_dags/example_kubernetes_executor_config.py
[2021-02-07 21:54:53,433] {logging_mixin.py:104} INFO - [2021-02-07 21:54:53,432] {dag.py:1818} INFO - Sync 1 DAGs
[2021-02-07 21:54:53,463] {logging_mixin.py:104} INFO - [2021-02-07 21:54:53,462] {dag.py:2273} INFO - Setting next_dagrun for example_kubernetes_executor_config to None
[2021-02-07 21:54:53,479] {scheduler_job.py:189} INFO - Processing /home/airflow/.local/lib/python3.8/site-packages/airflow/example_dags/example_kubernetes_executor_config.py took 0.273 seconds
[2021-02-07 21:55:23,633] {scheduler_job.py:181} INFO - Started process (PID=932) to work on /home/airflow/.local/lib/python3.8/site-packages/airflow/example_dags/example_kubernetes_executor_config.py
[2021-02-07 21:55:23,639] {scheduler_job.py:627} INFO - Processing file /home/airflow/.local/lib/python3.8/site-packages/airflow/example_dags/example_kubernetes_executor_config.py for tasks to queue
[2021-02-07 21:55:23,640] {logging_mixin.py:104} INFO - [2021-02-07 21:55:23,640] {dagbag.py:449} INFO - Filling up the DagBag from /home/airflow/.local/lib/python3.8/site-packages/airflow/example_dags/example_kubernetes_executor_config.py
[2021-02-07 21:55:23,672] {scheduler_job.py:637} INFO - DAG(s) dict_keys(['example_kubernetes_executor_config']) retrieved from /home/airflow/.local/lib/python3.8/site-packages/airflow/example_dags/example_kubernetes_executor_config.py
[2021-02-07 21:55:23,724] {logging_mixin.py:104} INFO - [2021-02-07 21:55:23,724] {dag.py:1818} INFO - Sync 1 DAGs
[2021-02-07 21:55:23,754] {logging_mixin.py:104} INFO - [2021-02-07 21:55:23,754] {dag.py:2273} INFO - Setting next_dagrun for example_kubernetes_executor_config to None
[2021-02-07 21:55:23,773] {scheduler_job.py:189} INFO - Processing /home/airflow/.local/lib/python3.8/site-packages/airflow/example_dags/example_kubernetes_executor_config.py took 0.149 seconds
[2021-02-07 21:55:53,866] {scheduler_job.py:181} INFO - Started process (PID=958) to work on /home/airflow/.local/lib/python3.8/site-packages/airflow/example_dags/example_kubernetes_executor_config.py
[2021-02-07 21:55:53,868] {scheduler_job.py:627} INFO - Processing file /home/airflow/.local/lib/python3.8/site-packages/airflow/example_dags/example_kubernetes_executor_config.py for tasks to queue
[2021-02-07 21:55:53,870] {logging_mixin.py:104} INFO - [2021-02-07 21:55:53,870] {dagbag.py:449} INFO - Filling up the DagBag from /home/airflow/.local/lib/python3.8/site-packages/airflow/example_dags/example_kubernetes_executor_config.py
[2021-02-07 21:55:53,887] {scheduler_job.py:637} INFO - DAG(s) dict_keys(['example_kubernetes_executor_config']) retrieved from /home/airflow/.local/lib/python3.8/site-packages/airflow/example_dags/example_kubernetes_executor_config.py
[2021-02-07 21:55:53,918] {logging_mixin.py:104} INFO - [2021-02-07 21:55:53,918] {dag.py:1818} INFO - Sync 1 DAGs
[2021-02-07 21:55:53,934] {logging_mixin.py:104} INFO - [2021-02-07 21:55:53,934] {dag.py:2273} INFO - Setting next_dagrun for example_kubernetes_executor_config to None
[2021-02-07 21:55:53,948] {scheduler_job.py:189} INFO - Processing /home/airflow/.local/lib/python3.8/site-packages/airflow/example_dags/example_kubernetes_executor_config.py took 0.089 seconds
[2021-02-07 21:56:24,017] {scheduler_job.py:181} INFO - Started process (PID=982) to work on /home/airflow/.local/lib/python3.8/site-packages/airflow/example_dags/example_kubernetes_executor_config.py
[2021-02-07 21:56:24,020] {scheduler_job.py:627} INFO - Processing file /home/airflow/.local/lib/python3.8/site-packages/airflow/example_dags/example_kubernetes_executor_config.py for tasks to queue
[2021-02-07 21:56:24,022] {logging_mixin.py:104} INFO - [2021-02-07 21:56:24,022] {dagbag.py:449} INFO - Filling up the DagBag from /home/airflow/.local/lib/python3.8/site-packages/airflow/example_dags/example_kubernetes_executor_config.py
[2021-02-07 21:56:24,048] {scheduler_job.py:637} INFO - DAG(s) dict_keys(['example_kubernetes_executor_config']) retrieved from /home/airflow/.local/lib/python3.8/site-packages/airflow/example_dags/example_kubernetes_executor_config.py
[2021-02-07 21:56:24,091] {logging_mixin.py:104} INFO - [2021-02-07 21:56:24,090] {dag.py:1818} INFO - Sync 1 DAGs
[2021-02-07 21:56:24,117] {logging_mixin.py:104} INFO - [2021-02-07 21:56:24,117] {dag.py:2273} INFO - Setting next_dagrun for example_kubernetes_executor_config to None
[2021-02-07 21:56:24,139] {scheduler_job.py:189} INFO - Processing /home/airflow/.local/lib/python3.8/site-packages/airflow/example_dags/example_kubernetes_executor_config.py took 0.131 seconds
[2021-02-07 21:56:54,185] {scheduler_job.py:181} INFO - Started process (PID=1008) to work on /home/airflow/.local/lib/python3.8/site-packages/airflow/example_dags/example_kubernetes_executor_config.py
[2021-02-07 21:56:54,189] {scheduler_job.py:627} INFO - Processing file /home/airflow/.local/lib/python3.8/site-packages/airflow/example_dags/example_kubernetes_executor_config.py for tasks to queue
[2021-02-07 21:56:54,192] {logging_mixin.py:104} INFO - [2021-02-07 21:56:54,191] {dagbag.py:449} INFO - Filling up the DagBag from /home/airflow/.local/lib/python3.8/site-packages/airflow/example_dags/example_kubernetes_executor_config.py
[2021-02-07 21:56:54,216] {scheduler_job.py:637} INFO - DAG(s) dict_keys(['example_kubernetes_executor_config']) retrieved from /home/airflow/.local/lib/python3.8/site-packages/airflow/example_dags/example_kubernetes_executor_config.py
[2021-02-07 21:56:54,258] {logging_mixin.py:104} INFO - [2021-02-07 21:56:54,258] {dag.py:1818} INFO - Sync 1 DAGs
[2021-02-07 21:56:54,281] {logging_mixin.py:104} INFO - [2021-02-07 21:56:54,280] {dag.py:2273} INFO - Setting next_dagrun for example_kubernetes_executor_config to None
[2021-02-07 21:56:54,301] {scheduler_job.py:189} INFO - Processing /home/airflow/.local/lib/python3.8/site-packages/airflow/example_dags/example_kubernetes_executor_config.py took 0.121 seconds
[2021-02-07 21:57:25,329] {scheduler_job.py:181} INFO - Started process (PID=1034) to work on /home/airflow/.local/lib/python3.8/site-packages/airflow/example_dags/example_kubernetes_executor_config.py
[2021-02-07 21:57:25,331] {scheduler_job.py:627} INFO - Processing file /home/airflow/.local/lib/python3.8/site-packages/airflow/example_dags/example_kubernetes_executor_config.py for tasks to queue
[2021-02-07 21:57:25,333] {logging_mixin.py:104} INFO - [2021-02-07 21:57:25,333] {dagbag.py:449} INFO - Filling up the DagBag from /home/airflow/.local/lib/python3.8/site-packages/airflow/example_dags/example_kubernetes_executor_config.py
[2021-02-07 21:57:25,349] {scheduler_job.py:637} INFO - DAG(s) dict_keys(['example_kubernetes_executor_config']) retrieved from /home/airflow/.local/lib/python3.8/site-packages/airflow/example_dags/example_kubernetes_executor_config.py
[2021-02-07 21:57:25,376] {logging_mixin.py:104} INFO - [2021-02-07 21:57:25,376] {dag.py:1818} INFO - Sync 1 DAGs
[2021-02-07 21:57:25,389] {logging_mixin.py:104} INFO - [2021-02-07 21:57:25,389] {dag.py:2273} INFO - Setting next_dagrun for example_kubernetes_executor_config to None
[2021-02-07 21:57:25,407] {scheduler_job.py:189} INFO - Processing /home/airflow/.local/lib/python3.8/site-packages/airflow/example_dags/example_kubernetes_executor_config.py took 0.083 seconds
[2021-02-07 21:57:55,714] {scheduler_job.py:181} INFO - Started process (PID=1061) to work on /home/airflow/.local/lib/python3.8/site-packages/airflow/example_dags/example_kubernetes_executor_config.py
[2021-02-07 21:57:55,717] {scheduler_job.py:627} INFO - Processing file /home/airflow/.local/lib/python3.8/site-packages/airflow/example_dags/example_kubernetes_executor_config.py for tasks to queue
[2021-02-07 21:57:55,719] {logging_mixin.py:104} INFO - [2021-02-07 21:57:55,719] {dagbag.py:449} INFO - Filling up the DagBag from /home/airflow/.local/lib/python3.8/site-packages/airflow/example_dags/example_kubernetes_executor_config.py
[2021-02-07 21:57:55,738] {scheduler_job.py:637} INFO - DAG(s) dict_keys(['example_kubernetes_executor_config']) retrieved from /home/airflow/.local/lib/python3.8/site-packages/airflow/example_dags/example_kubernetes_executor_config.py
[2021-02-07 21:57:55,770] {logging_mixin.py:104} INFO - [2021-02-07 21:57:55,770] {dag.py:1818} INFO - Sync 1 DAGs
[2021-02-07 21:57:55,787] {logging_mixin.py:104} INFO - [2021-02-07 21:57:55,787] {dag.py:2273} INFO - Setting next_dagrun for example_kubernetes_executor_config to None
[2021-02-07 21:57:55,799] {scheduler_job.py:189} INFO - Processing /home/airflow/.local/lib/python3.8/site-packages/airflow/example_dags/example_kubernetes_executor_config.py took 0.090 seconds
[2021-02-07 21:58:26,362] {scheduler_job.py:181} INFO - Started process (PID=1087) to work on /home/airflow/.local/lib/python3.8/site-packages/airflow/example_dags/example_kubernetes_executor_config.py
[2021-02-07 21:58:26,367] {scheduler_job.py:627} INFO - Processing file /home/airflow/.local/lib/python3.8/site-packages/airflow/example_dags/example_kubernetes_executor_config.py for tasks to queue
[2021-02-07 21:58:26,370] {logging_mixin.py:104} INFO - [2021-02-07 21:58:26,370] {dagbag.py:449} INFO - Filling up the DagBag from /home/airflow/.local/lib/python3.8/site-packages/airflow/example_dags/example_kubernetes_executor_config.py
[2021-02-07 21:58:26,399] {scheduler_job.py:637} INFO - DAG(s) dict_keys(['example_kubernetes_executor_config']) retrieved from /home/airflow/.local/lib/python3.8/site-packages/airflow/example_dags/example_kubernetes_executor_config.py
[2021-02-07 21:58:26,442] {logging_mixin.py:104} INFO - [2021-02-07 21:58:26,442] {dag.py:1818} INFO - Sync 1 DAGs
[2021-02-07 21:58:26,470] {logging_mixin.py:104} INFO - [2021-02-07 21:58:26,470] {dag.py:2273} INFO - Setting next_dagrun for example_kubernetes_executor_config to None
[2021-02-07 21:58:26,492] {scheduler_job.py:189} INFO - Processing /home/airflow/.local/lib/python3.8/site-packages/airflow/example_dags/example_kubernetes_executor_config.py took 0.137 seconds
[2021-02-07 21:58:56,943] {scheduler_job.py:181} INFO - Started process (PID=1113) to work on /home/airflow/.local/lib/python3.8/site-packages/airflow/example_dags/example_kubernetes_executor_config.py
[2021-02-07 21:58:56,950] {scheduler_job.py:627} INFO - Processing file /home/airflow/.local/lib/python3.8/site-packages/airflow/example_dags/example_kubernetes_executor_config.py for tasks to queue
[2021-02-07 21:58:56,955] {logging_mixin.py:104} INFO - [2021-02-07 21:58:56,955] {dagbag.py:449} INFO - Filling up the DagBag from /home/airflow/.local/lib/python3.8/site-packages/airflow/example_dags/example_kubernetes_executor_config.py
[2021-02-07 21:58:57,014] {scheduler_job.py:637} INFO - DAG(s) dict_keys(['example_kubernetes_executor_config']) retrieved from /home/airflow/.local/lib/python3.8/site-packages/airflow/example_dags/example_kubernetes_executor_config.py
[2021-02-07 21:58:57,071] {logging_mixin.py:104} INFO - [2021-02-07 21:58:57,071] {dag.py:1818} INFO - Sync 1 DAGs
[2021-02-07 21:58:57,102] {logging_mixin.py:104} INFO - [2021-02-07 21:58:57,102] {dag.py:2273} INFO - Setting next_dagrun for example_kubernetes_executor_config to None
[2021-02-07 21:58:57,124] {scheduler_job.py:189} INFO - Processing /home/airflow/.local/lib/python3.8/site-packages/airflow/example_dags/example_kubernetes_executor_config.py took 0.194 seconds
[2021-02-07 21:59:27,956] {scheduler_job.py:181} INFO - Started process (PID=1139) to work on /home/airflow/.local/lib/python3.8/site-packages/airflow/example_dags/example_kubernetes_executor_config.py
[2021-02-07 21:59:27,960] {scheduler_job.py:627} INFO - Processing file /home/airflow/.local/lib/python3.8/site-packages/airflow/example_dags/example_kubernetes_executor_config.py for tasks to queue
[2021-02-07 21:59:27,965] {logging_mixin.py:104} INFO - [2021-02-07 21:59:27,965] {dagbag.py:449} INFO - Filling up the DagBag from /home/airflow/.local/lib/python3.8/site-packages/airflow/example_dags/example_kubernetes_executor_config.py
[2021-02-07 21:59:28,020] {scheduler_job.py:637} INFO - DAG(s) dict_keys(['example_kubernetes_executor_config']) retrieved from /home/airflow/.local/lib/python3.8/site-packages/airflow/example_dags/example_kubernetes_executor_config.py
[2021-02-07 21:59:28,084] {logging_mixin.py:104} INFO - [2021-02-07 21:59:28,084] {dag.py:1818} INFO - Sync 1 DAGs
[2021-02-07 21:59:28,104] {logging_mixin.py:104} INFO - [2021-02-07 21:59:28,104] {dag.py:2273} INFO - Setting next_dagrun for example_kubernetes_executor_config to None
[2021-02-07 21:59:28,121] {scheduler_job.py:189} INFO - Processing /home/airflow/.local/lib/python3.8/site-packages/airflow/example_dags/example_kubernetes_executor_config.py took 0.174 seconds
[2021-02-07 21:59:58,307] {scheduler_job.py:181} INFO - Started process (PID=1165) to work on /home/airflow/.local/lib/python3.8/site-packages/airflow/example_dags/example_kubernetes_executor_config.py
[2021-02-07 21:59:58,310] {scheduler_job.py:627} INFO - Processing file /home/airflow/.local/lib/python3.8/site-packages/airflow/example_dags/example_kubernetes_executor_config.py for tasks to queue
[2021-02-07 21:59:58,313] {logging_mixin.py:104} INFO - [2021-02-07 21:59:58,313] {dagbag.py:449} INFO - Filling up the DagBag from /home/airflow/.local/lib/python3.8/site-packages/airflow/example_dags/example_kubernetes_executor_config.py
[2021-02-07 21:59:58,335] {scheduler_job.py:637} INFO - DAG(s) dict_keys(['example_kubernetes_executor_config']) retrieved from /home/airflow/.local/lib/python3.8/site-packages/airflow/example_dags/example_kubernetes_executor_config.py
[2021-02-07 21:59:58,375] {logging_mixin.py:104} INFO - [2021-02-07 21:59:58,375] {dag.py:1818} INFO - Sync 1 DAGs
[2021-02-07 21:59:58,398] {logging_mixin.py:104} INFO - [2021-02-07 21:59:58,398] {dag.py:2273} INFO - Setting next_dagrun for example_kubernetes_executor_config to None
[2021-02-07 21:59:58,421] {scheduler_job.py:189} INFO - Processing /home/airflow/.local/lib/python3.8/site-packages/airflow/example_dags/example_kubernetes_executor_config.py took 0.118 seconds
[2021-02-07 22:00:28,577] {scheduler_job.py:181} INFO - Started process (PID=1191) to work on /home/airflow/.local/lib/python3.8/site-packages/airflow/example_dags/example_kubernetes_executor_config.py
[2021-02-07 22:00:28,580] {scheduler_job.py:627} INFO - Processing file /home/airflow/.local/lib/python3.8/site-packages/airflow/example_dags/example_kubernetes_executor_config.py for tasks to queue
[2021-02-07 22:00:28,585] {logging_mixin.py:104} INFO - [2021-02-07 22:00:28,585] {dagbag.py:449} INFO - Filling up the DagBag from /home/airflow/.local/lib/python3.8/site-packages/airflow/example_dags/example_kubernetes_executor_config.py
[2021-02-07 22:00:28,609] {scheduler_job.py:637} INFO - DAG(s) dict_keys(['example_kubernetes_executor_config']) retrieved from /home/airflow/.local/lib/python3.8/site-packages/airflow/example_dags/example_kubernetes_executor_config.py
[2021-02-07 22:00:28,653] {logging_mixin.py:104} INFO - [2021-02-07 22:00:28,653] {dag.py:1818} INFO - Sync 1 DAGs
[2021-02-07 22:00:28,642] {logging_mixin.py:104} INFO - [2021-02-07 22:00:28,642] {dag.py:2273} INFO - Setting next_dagrun for example_kubernetes_executor_config to None
[2021-02-07 22:00:28,668] {scheduler_job.py:189} INFO - Processing /home/airflow/.local/lib/python3.8/site-packages/airflow/example_dags/example_kubernetes_executor_config.py took 0.130 seconds
[2021-02-07 22:00:58,945] {scheduler_job.py:181} INFO - Started process (PID=1217) to work on /home/airflow/.local/lib/python3.8/site-packages/airflow/example_dags/example_kubernetes_executor_config.py
[2021-02-07 22:00:58,960] {scheduler_job.py:627} INFO - Processing file /home/airflow/.local/lib/python3.8/site-packages/airflow/example_dags/example_kubernetes_executor_config.py for tasks to queue
[2021-02-07 22:00:58,968] {logging_mixin.py:104} INFO - [2021-02-07 22:00:58,967] {dagbag.py:449} INFO - Filling up the DagBag from /home/airflow/.local/lib/python3.8/site-packages/airflow/example_dags/example_kubernetes_executor_config.py
[2021-02-07 22:00:59,062] {scheduler_job.py:637} INFO - DAG(s) dict_keys(['example_kubernetes_executor_config']) retrieved from /home/airflow/.local/lib/python3.8/site-packages/airflow/example_dags/example_kubernetes_executor_config.py
[2021-02-07 22:00:59,130] {logging_mixin.py:104} INFO - [2021-02-07 22:00:59,130] {dag.py:1818} INFO - Sync 1 DAGs
[2021-02-07 22:00:59,167] {logging_mixin.py:104} INFO - [2021-02-07 22:00:59,167] {dag.py:2273} INFO - Setting next_dagrun for example_kubernetes_executor_config to None
[2021-02-07 22:00:59,189] {scheduler_job.py:189} INFO - Processing /home/airflow/.local/lib/python3.8/site-packages/airflow/example_dags/example_kubernetes_executor_config.py took 0.268 seconds
[2021-02-07 22:01:29,933] {scheduler_job.py:181} INFO - Started process (PID=1243) to work on /home/airflow/.local/lib/python3.8/site-packages/airflow/example_dags/example_kubernetes_executor_config.py
[2021-02-07 22:01:29,936] {scheduler_job.py:627} INFO - Processing file /home/airflow/.local/lib/python3.8/site-packages/airflow/example_dags/example_kubernetes_executor_config.py for tasks to queue
[2021-02-07 22:01:29,938] {logging_mixin.py:104} INFO - [2021-02-07 22:01:29,938] {dagbag.py:449} INFO - Filling up the DagBag from /home/airflow/.local/lib/python3.8/site-packages/airflow/example_dags/example_kubernetes_executor_config.py
[2021-02-07 22:01:29,963] {scheduler_job.py:637} INFO - DAG(s) dict_keys(['example_kubernetes_executor_config']) retrieved from /home/airflow/.local/lib/python3.8/site-packages/airflow/example_dags/example_kubernetes_executor_config.py
[2021-02-07 22:01:30,009] {logging_mixin.py:104} INFO - [2021-02-07 22:01:30,009] {dag.py:1818} INFO - Sync 1 DAGs
[2021-02-07 22:01:30,037] {logging_mixin.py:104} INFO - [2021-02-07 22:01:30,037] {dag.py:2273} INFO - Setting next_dagrun for example_kubernetes_executor_config to None
[2021-02-07 22:01:30,057] {scheduler_job.py:189} INFO - Processing /home/airflow/.local/lib/python3.8/site-packages/airflow/example_dags/example_kubernetes_executor_config.py took 0.134 seconds
[2021-02-07 22:02:00,650] {scheduler_job.py:181} INFO - Started process (PID=1269) to work on /home/airflow/.local/lib/python3.8/site-packages/airflow/example_dags/example_kubernetes_executor_config.py
[2021-02-07 22:02:00,658] {scheduler_job.py:627} INFO - Processing file /home/airflow/.local/lib/python3.8/site-packages/airflow/example_dags/example_kubernetes_executor_config.py for tasks to queue
[2021-02-07 22:02:00,663] {logging_mixin.py:104} INFO - [2021-02-07 22:02:00,662] {dagbag.py:449} INFO - Filling up the DagBag from /home/airflow/.local/lib/python3.8/site-packages/airflow/example_dags/example_kubernetes_executor_config.py
[2021-02-07 22:02:00,734] {scheduler_job.py:637} INFO - DAG(s) dict_keys(['example_kubernetes_executor_config']) retrieved from /home/airflow/.local/lib/python3.8/site-packages/airflow/example_dags/example_kubernetes_executor_config.py
[2021-02-07 22:02:00,909] {logging_mixin.py:104} INFO - [2021-02-07 22:02:00,909] {dag.py:1818} INFO - Sync 1 DAGs
[2021-02-07 22:02:00,960] {logging_mixin.py:104} INFO - [2021-02-07 22:02:00,959] {dag.py:2273} INFO - Setting next_dagrun for example_kubernetes_executor_config to None
[2021-02-07 22:02:00,997] {scheduler_job.py:189} INFO - Processing /home/airflow/.local/lib/python3.8/site-packages/airflow/example_dags/example_kubernetes_executor_config.py took 0.360 seconds
[2021-02-07 22:02:31,847] {scheduler_job.py:181} INFO - Started process (PID=1295) to work on /home/airflow/.local/lib/python3.8/site-packages/airflow/example_dags/example_kubernetes_executor_config.py
[2021-02-07 22:02:31,856] {scheduler_job.py:627} INFO - Processing file /home/airflow/.local/lib/python3.8/site-packages/airflow/example_dags/example_kubernetes_executor_config.py for tasks to queue
[2021-02-07 22:02:31,862] {logging_mixin.py:104} INFO - [2021-02-07 22:02:31,861] {dagbag.py:449} INFO - Filling up the DagBag from /home/airflow/.local/lib/python3.8/site-packages/airflow/example_dags/example_kubernetes_executor_config.py
[2021-02-07 22:02:31,896] {scheduler_job.py:637} INFO - DAG(s) dict_keys(['example_kubernetes_executor_config']) retrieved from /home/airflow/.local/lib/python3.8/site-packages/airflow/example_dags/example_kubernetes_executor_config.py
[2021-02-07 22:02:31,939] {logging_mixin.py:104} INFO - [2021-02-07 22:02:31,939] {dag.py:1818} INFO - Sync 1 DAGs
[2021-02-07 22:02:31,963] {logging_mixin.py:104} INFO - [2021-02-07 22:02:31,963] {dag.py:2273} INFO - Setting next_dagrun for example_kubernetes_executor_config to None
[2021-02-07 22:02:31,985] {scheduler_job.py:189} INFO - Processing /home/airflow/.local/lib/python3.8/site-packages/airflow/example_dags/example_kubernetes_executor_config.py took 0.144 seconds
[2021-02-07 22:03:02,069] {scheduler_job.py:181} INFO - Started process (PID=1321) to work on /home/airflow/.local/lib/python3.8/site-packages/airflow/example_dags/example_kubernetes_executor_config.py
[2021-02-07 22:03:02,073] {scheduler_job.py:627} INFO - Processing file /home/airflow/.local/lib/python3.8/site-packages/airflow/example_dags/example_kubernetes_executor_config.py for tasks to queue
[2021-02-07 22:03:02,075] {logging_mixin.py:104} INFO - [2021-02-07 22:03:02,075] {dagbag.py:449} INFO - Filling up the DagBag from /home/airflow/.local/lib/python3.8/site-packages/airflow/example_dags/example_kubernetes_executor_config.py
[2021-02-07 22:03:02,100] {scheduler_job.py:637} INFO - DAG(s) dict_keys(['example_kubernetes_executor_config']) retrieved from /home/airflow/.local/lib/python3.8/site-packages/airflow/example_dags/example_kubernetes_executor_config.py
[2021-02-07 22:03:02,148] {logging_mixin.py:104} INFO - [2021-02-07 22:03:02,147] {dag.py:1818} INFO - Sync 1 DAGs
[2021-02-07 22:03:02,174] {logging_mixin.py:104} INFO - [2021-02-07 22:03:02,174] {dag.py:2273} INFO - Setting next_dagrun for example_kubernetes_executor_config to None
[2021-02-07 22:03:02,193] {scheduler_job.py:189} INFO - Processing /home/airflow/.local/lib/python3.8/site-packages/airflow/example_dags/example_kubernetes_executor_config.py took 0.133 seconds
[2021-02-07 22:03:32,531] {scheduler_job.py:181} INFO - Started process (PID=1347) to work on /home/airflow/.local/lib/python3.8/site-packages/airflow/example_dags/example_kubernetes_executor_config.py
[2021-02-07 22:03:32,548] {scheduler_job.py:627} INFO - Processing file /home/airflow/.local/lib/python3.8/site-packages/airflow/example_dags/example_kubernetes_executor_config.py for tasks to queue
[2021-02-07 22:03:32,559] {logging_mixin.py:104} INFO - [2021-02-07 22:03:32,557] {dagbag.py:449} INFO - Filling up the DagBag from /home/airflow/.local/lib/python3.8/site-packages/airflow/example_dags/example_kubernetes_executor_config.py
[2021-02-07 22:03:32,650] {scheduler_job.py:637} INFO - DAG(s) dict_keys(['example_kubernetes_executor_config']) retrieved from /home/airflow/.local/lib/python3.8/site-packages/airflow/example_dags/example_kubernetes_executor_config.py
[2021-02-07 22:03:32,849] {logging_mixin.py:104} INFO - [2021-02-07 22:03:32,849] {dag.py:1818} INFO - Sync 1 DAGs
[2021-02-07 22:03:33,004] {logging_mixin.py:104} INFO - [2021-02-07 22:03:33,004] {dag.py:2273} INFO - Setting next_dagrun for example_kubernetes_executor_config to None
[2021-02-07 22:03:33,220] {scheduler_job.py:189} INFO - Processing /home/airflow/.local/lib/python3.8/site-packages/airflow/example_dags/example_kubernetes_executor_config.py took 0.715 seconds
[2021-02-07 22:04:04,210] {scheduler_job.py:181} INFO - Started process (PID=1373) to work on /home/airflow/.local/lib/python3.8/site-packages/airflow/example_dags/example_kubernetes_executor_config.py
[2021-02-07 22:04:04,213] {scheduler_job.py:627} INFO - Processing file /home/airflow/.local/lib/python3.8/site-packages/airflow/example_dags/example_kubernetes_executor_config.py for tasks to queue
[2021-02-07 22:04:04,215] {logging_mixin.py:104} INFO - [2021-02-07 22:04:04,215] {dagbag.py:449} INFO - Filling up the DagBag from /home/airflow/.local/lib/python3.8/site-packages/airflow/example_dags/example_kubernetes_executor_config.py
[2021-02-07 22:04:04,239] {scheduler_job.py:637} INFO - DAG(s) dict_keys(['example_kubernetes_executor_config']) retrieved from /home/airflow/.local/lib/python3.8/site-packages/airflow/example_dags/example_kubernetes_executor_config.py
[2021-02-07 22:04:04,286] {logging_mixin.py:104} INFO - [2021-02-07 22:04:04,286] {dag.py:1818} INFO - Sync 1 DAGs
[2021-02-07 22:04:04,313] {logging_mixin.py:104} INFO - [2021-02-07 22:04:04,313] {dag.py:2273} INFO - Setting next_dagrun for example_kubernetes_executor_config to None
[2021-02-07 22:04:04,337] {scheduler_job.py:189} INFO - Processing /home/airflow/.local/lib/python3.8/site-packages/airflow/example_dags/example_kubernetes_executor_config.py took 0.136 seconds
[2021-02-07 22:04:35,174] {scheduler_job.py:181} INFO - Started process (PID=1401) to work on /home/airflow/.local/lib/python3.8/site-packages/airflow/example_dags/example_kubernetes_executor_config.py
[2021-02-07 22:04:35,177] {scheduler_job.py:627} INFO - Processing file /home/airflow/.local/lib/python3.8/site-packages/airflow/example_dags/example_kubernetes_executor_config.py for tasks to queue
[2021-02-07 22:04:35,181] {logging_mixin.py:104} INFO - [2021-02-07 22:04:35,180] {dagbag.py:449} INFO - Filling up the DagBag from /home/airflow/.local/lib/python3.8/site-packages/airflow/example_dags/example_kubernetes_executor_config.py
[2021-02-07 22:04:35,210] {scheduler_job.py:637} INFO - DAG(s) dict_keys(['example_kubernetes_executor_config']) retrieved from /home/airflow/.local/lib/python3.8/site-packages/airflow/example_dags/example_kubernetes_executor_config.py
[2021-02-07 22:04:35,262] {logging_mixin.py:104} INFO - [2021-02-07 22:04:35,261] {dag.py:1818} INFO - Sync 1 DAGs
[2021-02-07 22:04:35,289] {logging_mixin.py:104} INFO - [2021-02-07 22:04:35,289] {dag.py:2273} INFO - Setting next_dagrun for example_kubernetes_executor_config to None
[2021-02-07 22:04:35,309] {scheduler_job.py:189} INFO - Processing /home/airflow/.local/lib/python3.8/site-packages/airflow/example_dags/example_kubernetes_executor_config.py took 0.147 seconds
[2021-02-07 22:05:05,382] {scheduler_job.py:181} INFO - Started process (PID=1427) to work on /home/airflow/.local/lib/python3.8/site-packages/airflow/example_dags/example_kubernetes_executor_config.py
[2021-02-07 22:05:05,389] {scheduler_job.py:627} INFO - Processing file /home/airflow/.local/lib/python3.8/site-packages/airflow/example_dags/example_kubernetes_executor_config.py for tasks to queue
[2021-02-07 22:05:05,394] {logging_mixin.py:104} INFO - [2021-02-07 22:05:05,393] {dagbag.py:449} INFO - Filling up the DagBag from /home/airflow/.local/lib/python3.8/site-packages/airflow/example_dags/example_kubernetes_executor_config.py
[2021-02-07 22:05:05,458] {scheduler_job.py:637} INFO - DAG(s) dict_keys(['example_kubernetes_executor_config']) retrieved from /home/airflow/.local/lib/python3.8/site-packages/airflow/example_dags/example_kubernetes_executor_config.py
[2021-02-07 22:05:05,534] {logging_mixin.py:104} INFO - [2021-02-07 22:05:05,534] {dag.py:1818} INFO - Sync 1 DAGs
[2021-02-07 22:05:05,564] {logging_mixin.py:104} INFO - [2021-02-07 22:05:05,564] {dag.py:2273} INFO - Setting next_dagrun for example_kubernetes_executor_config to None
[2021-02-07 22:05:05,595] {scheduler_job.py:189} INFO - Processing /home/airflow/.local/lib/python3.8/site-packages/airflow/example_dags/example_kubernetes_executor_config.py took 0.225 seconds
[2021-02-07 22:05:35,968] {scheduler_job.py:181} INFO - Started process (PID=1454) to work on /home/airflow/.local/lib/python3.8/site-packages/airflow/example_dags/example_kubernetes_executor_config.py
[2021-02-07 22:05:35,971] {scheduler_job.py:627} INFO - Processing file /home/airflow/.local/lib/python3.8/site-packages/airflow/example_dags/example_kubernetes_executor_config.py for tasks to queue
[2021-02-07 22:05:35,979] {logging_mixin.py:104} INFO - [2021-02-07 22:05:35,978] {dagbag.py:449} INFO - Filling up the DagBag from /home/airflow/.local/lib/python3.8/site-packages/airflow/example_dags/example_kubernetes_executor_config.py
[2021-02-07 22:05:36,009] {scheduler_job.py:637} INFO - DAG(s) dict_keys(['example_kubernetes_executor_config']) retrieved from /home/airflow/.local/lib/python3.8/site-packages/airflow/example_dags/example_kubernetes_executor_config.py
[2021-02-07 22:05:36,075] {logging_mixin.py:104} INFO - [2021-02-07 22:05:36,074] {dag.py:1818} INFO - Sync 1 DAGs
[2021-02-07 22:05:36,116] {logging_mixin.py:104} INFO - [2021-02-07 22:05:36,116] {dag.py:2273} INFO - Setting next_dagrun for example_kubernetes_executor_config to None
[2021-02-07 22:05:36,142] {scheduler_job.py:189} INFO - Processing /home/airflow/.local/lib/python3.8/site-packages/airflow/example_dags/example_kubernetes_executor_config.py took 0.181 seconds
[2021-02-07 22:23:50,133] {scheduler_job.py:181} INFO - Started process (PID=1481) to work on /home/airflow/.local/lib/python3.8/site-packages/airflow/example_dags/example_kubernetes_executor_config.py
[2021-02-07 22:23:50,147] {scheduler_job.py:627} INFO - Processing file /home/airflow/.local/lib/python3.8/site-packages/airflow/example_dags/example_kubernetes_executor_config.py for tasks to queue
[2021-02-07 22:23:50,152] {logging_mixin.py:104} INFO - [2021-02-07 22:23:50,151] {dagbag.py:449} INFO - Filling up the DagBag from /home/airflow/.local/lib/python3.8/site-packages/airflow/example_dags/example_kubernetes_executor_config.py
[2021-02-07 22:23:50,188] {scheduler_job.py:637} INFO - DAG(s) dict_keys(['example_kubernetes_executor_config']) retrieved from /home/airflow/.local/lib/python3.8/site-packages/airflow/example_dags/example_kubernetes_executor_config.py
[2021-02-07 22:23:50,312] {logging_mixin.py:104} INFO - [2021-02-07 22:23:50,311] {dag.py:1818} INFO - Sync 1 DAGs
[2021-02-07 22:23:50,366] {logging_mixin.py:104} INFO - [2021-02-07 22:23:50,366] {dag.py:2273} INFO - Setting next_dagrun for example_kubernetes_executor_config to None
[2021-02-07 22:23:50,411] {scheduler_job.py:189} INFO - Processing /home/airflow/.local/lib/python3.8/site-packages/airflow/example_dags/example_kubernetes_executor_config.py took 0.292 seconds
[2021-02-07 22:24:22,322] {scheduler_job.py:181} INFO - Started process (PID=1506) to work on /home/airflow/.local/lib/python3.8/site-packages/airflow/example_dags/example_kubernetes_executor_config.py
[2021-02-07 22:24:22,337] {scheduler_job.py:627} INFO - Processing file /home/airflow/.local/lib/python3.8/site-packages/airflow/example_dags/example_kubernetes_executor_config.py for tasks to queue
[2021-02-07 22:24:22,341] {logging_mixin.py:104} INFO - [2021-02-07 22:24:22,340] {dagbag.py:449} INFO - Filling up the DagBag from /home/airflow/.local/lib/python3.8/site-packages/airflow/example_dags/example_kubernetes_executor_config.py
[2021-02-07 22:24:22,399] {scheduler_job.py:637} INFO - DAG(s) dict_keys(['example_kubernetes_executor_config']) retrieved from /home/airflow/.local/lib/python3.8/site-packages/airflow/example_dags/example_kubernetes_executor_config.py
[2021-02-07 22:24:22,644] {logging_mixin.py:104} INFO - [2021-02-07 22:24:22,644] {dag.py:1818} INFO - Sync 1 DAGs
[2021-02-07 22:24:22,688] {logging_mixin.py:104} INFO - [2021-02-07 22:24:22,688] {dag.py:2273} INFO - Setting next_dagrun for example_kubernetes_executor_config to None
[2021-02-07 22:24:22,737] {scheduler_job.py:189} INFO - Processing /home/airflow/.local/lib/python3.8/site-packages/airflow/example_dags/example_kubernetes_executor_config.py took 0.430 seconds
[2021-02-07 22:24:52,874] {scheduler_job.py:181} INFO - Started process (PID=1532) to work on /home/airflow/.local/lib/python3.8/site-packages/airflow/example_dags/example_kubernetes_executor_config.py
[2021-02-07 22:24:52,877] {scheduler_job.py:627} INFO - Processing file /home/airflow/.local/lib/python3.8/site-packages/airflow/example_dags/example_kubernetes_executor_config.py for tasks to queue
[2021-02-07 22:24:52,878] {logging_mixin.py:104} INFO - [2021-02-07 22:24:52,878] {dagbag.py:449} INFO - Filling up the DagBag from /home/airflow/.local/lib/python3.8/site-packages/airflow/example_dags/example_kubernetes_executor_config.py
[2021-02-07 22:24:52,898] {scheduler_job.py:637} INFO - DAG(s) dict_keys(['example_kubernetes_executor_config']) retrieved from /home/airflow/.local/lib/python3.8/site-packages/airflow/example_dags/example_kubernetes_executor_config.py
[2021-02-07 22:24:52,944] {logging_mixin.py:104} INFO - [2021-02-07 22:24:52,943] {dag.py:1818} INFO - Sync 1 DAGs
[2021-02-07 22:24:52,966] {logging_mixin.py:104} INFO - [2021-02-07 22:24:52,965] {dag.py:2273} INFO - Setting next_dagrun for example_kubernetes_executor_config to None
[2021-02-07 22:24:52,990] {scheduler_job.py:189} INFO - Processing /home/airflow/.local/lib/python3.8/site-packages/airflow/example_dags/example_kubernetes_executor_config.py took 0.120 seconds
[2021-02-07 22:25:23,060] {scheduler_job.py:181} INFO - Started process (PID=1557) to work on /home/airflow/.local/lib/python3.8/site-packages/airflow/example_dags/example_kubernetes_executor_config.py
[2021-02-07 22:25:23,063] {scheduler_job.py:627} INFO - Processing file /home/airflow/.local/lib/python3.8/site-packages/airflow/example_dags/example_kubernetes_executor_config.py for tasks to queue
[2021-02-07 22:25:23,068] {logging_mixin.py:104} INFO - [2021-02-07 22:25:23,067] {dagbag.py:449} INFO - Filling up the DagBag from /home/airflow/.local/lib/python3.8/site-packages/airflow/example_dags/example_kubernetes_executor_config.py
[2021-02-07 22:25:23,101] {scheduler_job.py:637} INFO - DAG(s) dict_keys(['example_kubernetes_executor_config']) retrieved from /home/airflow/.local/lib/python3.8/site-packages/airflow/example_dags/example_kubernetes_executor_config.py
[2021-02-07 22:25:23,161] {logging_mixin.py:104} INFO - [2021-02-07 22:25:23,161] {dag.py:1818} INFO - Sync 1 DAGs
[2021-02-07 22:25:23,192] {logging_mixin.py:104} INFO - [2021-02-07 22:25:23,192] {dag.py:2273} INFO - Setting next_dagrun for example_kubernetes_executor_config to None
[2021-02-07 22:25:23,215] {scheduler_job.py:189} INFO - Processing /home/airflow/.local/lib/python3.8/site-packages/airflow/example_dags/example_kubernetes_executor_config.py took 0.164 seconds
[2021-02-07 22:25:53,785] {scheduler_job.py:181} INFO - Started process (PID=1584) to work on /home/airflow/.local/lib/python3.8/site-packages/airflow/example_dags/example_kubernetes_executor_config.py
[2021-02-07 22:25:53,787] {scheduler_job.py:627} INFO - Processing file /home/airflow/.local/lib/python3.8/site-packages/airflow/example_dags/example_kubernetes_executor_config.py for tasks to queue
[2021-02-07 22:25:53,789] {logging_mixin.py:104} INFO - [2021-02-07 22:25:53,789] {dagbag.py:449} INFO - Filling up the DagBag from /home/airflow/.local/lib/python3.8/site-packages/airflow/example_dags/example_kubernetes_executor_config.py
[2021-02-07 22:25:53,802] {scheduler_job.py:637} INFO - DAG(s) dict_keys(['example_kubernetes_executor_config']) retrieved from /home/airflow/.local/lib/python3.8/site-packages/airflow/example_dags/example_kubernetes_executor_config.py
[2021-02-07 22:25:53,828] {logging_mixin.py:104} INFO - [2021-02-07 22:25:53,828] {dag.py:1818} INFO - Sync 1 DAGs
[2021-02-07 22:25:53,841] {logging_mixin.py:104} INFO - [2021-02-07 22:25:53,840] {dag.py:2273} INFO - Setting next_dagrun for example_kubernetes_executor_config to None
[2021-02-07 22:25:53,851] {scheduler_job.py:189} INFO - Processing /home/airflow/.local/lib/python3.8/site-packages/airflow/example_dags/example_kubernetes_executor_config.py took 0.069 seconds
[2021-02-07 23:26:18,803] {scheduler_job.py:181} INFO - Started process (PID=1611) to work on /home/airflow/.local/lib/python3.8/site-packages/airflow/example_dags/example_kubernetes_executor_config.py
[2021-02-07 23:26:18,806] {scheduler_job.py:627} INFO - Processing file /home/airflow/.local/lib/python3.8/site-packages/airflow/example_dags/example_kubernetes_executor_config.py for tasks to queue
[2021-02-07 23:26:18,809] {logging_mixin.py:104} INFO - [2021-02-07 23:26:18,809] {dagbag.py:449} INFO - Filling up the DagBag from /home/airflow/.local/lib/python3.8/site-packages/airflow/example_dags/example_kubernetes_executor_config.py
[2021-02-07 23:26:18,855] {scheduler_job.py:637} INFO - DAG(s) dict_keys(['example_kubernetes_executor_config']) retrieved from /home/airflow/.local/lib/python3.8/site-packages/airflow/example_dags/example_kubernetes_executor_config.py
[2021-02-07 23:26:18,907] {logging_mixin.py:104} INFO - [2021-02-07 23:26:18,907] {dag.py:1818} INFO - Sync 1 DAGs
[2021-02-07 23:26:18,936] {logging_mixin.py:104} INFO - [2021-02-07 23:26:18,936] {dag.py:2273} INFO - Setting next_dagrun for example_kubernetes_executor_config to None
[2021-02-07 23:26:18,953] {scheduler_job.py:189} INFO - Processing /home/airflow/.local/lib/python3.8/site-packages/airflow/example_dags/example_kubernetes_executor_config.py took 0.157 seconds
