[2021-02-07 14:47:39,325] {scheduler_job.py:181} INFO - Started process (PID=39) to work on /home/airflow/.local/lib/python3.8/site-packages/airflow/example_dags/example_branch_operator.py
[2021-02-07 14:47:39,327] {scheduler_job.py:627} INFO - Processing file /home/airflow/.local/lib/python3.8/site-packages/airflow/example_dags/example_branch_operator.py for tasks to queue
[2021-02-07 14:47:39,330] {logging_mixin.py:104} INFO - [2021-02-07 14:47:39,329] {dagbag.py:449} INFO - Filling up the DagBag from /home/airflow/.local/lib/python3.8/site-packages/airflow/example_dags/example_branch_operator.py
[2021-02-07 14:47:39,352] {scheduler_job.py:637} INFO - DAG(s) dict_keys(['example_branch_operator']) retrieved from /home/airflow/.local/lib/python3.8/site-packages/airflow/example_dags/example_branch_operator.py
[2021-02-07 14:47:39,407] {logging_mixin.py:104} INFO - [2021-02-07 14:47:39,407] {dag.py:1818} INFO - Sync 1 DAGs
[2021-02-07 14:47:39,421] {logging_mixin.py:104} INFO - [2021-02-07 14:47:39,421] {dag.py:1837} INFO - Creating ORM DAG for example_branch_operator
[2021-02-07 14:47:39,451] {logging_mixin.py:104} INFO - [2021-02-07 14:47:39,451] {dag.py:2273} INFO - Setting next_dagrun for example_branch_operator to 2021-02-05 00:00:00+00:00
[2021-02-07 14:47:39,470] {scheduler_job.py:189} INFO - Processing /home/airflow/.local/lib/python3.8/site-packages/airflow/example_dags/example_branch_operator.py took 0.150 seconds
[2021-02-07 14:48:10,492] {scheduler_job.py:181} INFO - Started process (PID=58) to work on /home/airflow/.local/lib/python3.8/site-packages/airflow/example_dags/example_branch_operator.py
[2021-02-07 14:48:10,497] {scheduler_job.py:627} INFO - Processing file /home/airflow/.local/lib/python3.8/site-packages/airflow/example_dags/example_branch_operator.py for tasks to queue
[2021-02-07 14:48:10,501] {logging_mixin.py:104} INFO - [2021-02-07 14:48:10,501] {dagbag.py:449} INFO - Filling up the DagBag from /home/airflow/.local/lib/python3.8/site-packages/airflow/example_dags/example_branch_operator.py
[2021-02-07 14:48:10,533] {scheduler_job.py:637} INFO - DAG(s) dict_keys(['example_branch_operator']) retrieved from /home/airflow/.local/lib/python3.8/site-packages/airflow/example_dags/example_branch_operator.py
[2021-02-07 14:48:10,713] {logging_mixin.py:104} INFO - [2021-02-07 14:48:10,711] {dag.py:1818} INFO - Sync 1 DAGs
[2021-02-07 14:48:10,839] {logging_mixin.py:104} INFO - [2021-02-07 14:48:10,839] {dag.py:2273} INFO - Setting next_dagrun for example_branch_operator to 2021-02-05 00:00:00+00:00
[2021-02-07 14:48:10,865] {scheduler_job.py:189} INFO - Processing /home/airflow/.local/lib/python3.8/site-packages/airflow/example_dags/example_branch_operator.py took 0.378 seconds
[2021-02-07 15:04:19,405] {scheduler_job.py:181} INFO - Started process (PID=40) to work on /home/airflow/.local/lib/python3.8/site-packages/airflow/example_dags/example_branch_operator.py
[2021-02-07 15:04:19,408] {scheduler_job.py:627} INFO - Processing file /home/airflow/.local/lib/python3.8/site-packages/airflow/example_dags/example_branch_operator.py for tasks to queue
[2021-02-07 15:04:19,411] {logging_mixin.py:104} INFO - [2021-02-07 15:04:19,410] {dagbag.py:449} INFO - Filling up the DagBag from /home/airflow/.local/lib/python3.8/site-packages/airflow/example_dags/example_branch_operator.py
[2021-02-07 15:04:19,443] {scheduler_job.py:637} INFO - DAG(s) dict_keys(['example_branch_operator']) retrieved from /home/airflow/.local/lib/python3.8/site-packages/airflow/example_dags/example_branch_operator.py
[2021-02-07 15:04:19,499] {logging_mixin.py:104} INFO - [2021-02-07 15:04:19,498] {dag.py:1818} INFO - Sync 1 DAGs
[2021-02-07 15:04:19,537] {logging_mixin.py:104} INFO - [2021-02-07 15:04:19,537] {dag.py:2273} INFO - Setting next_dagrun for example_branch_operator to 2021-02-05 00:00:00+00:00
[2021-02-07 15:04:19,557] {scheduler_job.py:189} INFO - Processing /home/airflow/.local/lib/python3.8/site-packages/airflow/example_dags/example_branch_operator.py took 0.157 seconds
[2021-02-07 15:05:08,167] {scheduler_job.py:181} INFO - Started process (PID=66) to work on /home/airflow/.local/lib/python3.8/site-packages/airflow/example_dags/example_branch_operator.py
[2021-02-07 15:05:08,251] {scheduler_job.py:627} INFO - Processing file /home/airflow/.local/lib/python3.8/site-packages/airflow/example_dags/example_branch_operator.py for tasks to queue
[2021-02-07 15:05:08,284] {logging_mixin.py:104} INFO - [2021-02-07 15:05:08,281] {dagbag.py:449} INFO - Filling up the DagBag from /home/airflow/.local/lib/python3.8/site-packages/airflow/example_dags/example_branch_operator.py
[2021-02-07 15:05:08,882] {scheduler_job.py:637} INFO - DAG(s) dict_keys(['example_branch_operator']) retrieved from /home/airflow/.local/lib/python3.8/site-packages/airflow/example_dags/example_branch_operator.py
[2021-02-07 15:05:10,334] {logging_mixin.py:104} INFO - [2021-02-07 15:05:10,333] {dag.py:1818} INFO - Sync 1 DAGs
[2021-02-07 15:05:10,724] {logging_mixin.py:104} INFO - [2021-02-07 15:05:10,723] {dag.py:2273} INFO - Setting next_dagrun for example_branch_operator to 2021-02-05 00:00:00+00:00
[2021-02-07 15:05:10,923] {scheduler_job.py:189} INFO - Processing /home/airflow/.local/lib/python3.8/site-packages/airflow/example_dags/example_branch_operator.py took 2.899 seconds
[2021-02-07 15:05:41,996] {scheduler_job.py:181} INFO - Started process (PID=92) to work on /home/airflow/.local/lib/python3.8/site-packages/airflow/example_dags/example_branch_operator.py
[2021-02-07 15:05:42,007] {scheduler_job.py:627} INFO - Processing file /home/airflow/.local/lib/python3.8/site-packages/airflow/example_dags/example_branch_operator.py for tasks to queue
[2021-02-07 15:05:42,026] {logging_mixin.py:104} INFO - [2021-02-07 15:05:42,024] {dagbag.py:449} INFO - Filling up the DagBag from /home/airflow/.local/lib/python3.8/site-packages/airflow/example_dags/example_branch_operator.py
[2021-02-07 15:05:42,217] {scheduler_job.py:637} INFO - DAG(s) dict_keys(['example_branch_operator']) retrieved from /home/airflow/.local/lib/python3.8/site-packages/airflow/example_dags/example_branch_operator.py
[2021-02-07 15:05:42,494] {logging_mixin.py:104} INFO - [2021-02-07 15:05:42,492] {dag.py:1818} INFO - Sync 1 DAGs
[2021-02-07 15:05:42,741] {logging_mixin.py:104} INFO - [2021-02-07 15:05:42,740] {dag.py:2273} INFO - Setting next_dagrun for example_branch_operator to 2021-02-05 00:00:00+00:00
[2021-02-07 15:05:42,875] {scheduler_job.py:189} INFO - Processing /home/airflow/.local/lib/python3.8/site-packages/airflow/example_dags/example_branch_operator.py took 0.913 seconds
[2021-02-07 15:06:13,140] {scheduler_job.py:181} INFO - Started process (PID=118) to work on /home/airflow/.local/lib/python3.8/site-packages/airflow/example_dags/example_branch_operator.py
[2021-02-07 15:06:13,154] {scheduler_job.py:627} INFO - Processing file /home/airflow/.local/lib/python3.8/site-packages/airflow/example_dags/example_branch_operator.py for tasks to queue
[2021-02-07 15:06:13,168] {logging_mixin.py:104} INFO - [2021-02-07 15:06:13,166] {dagbag.py:449} INFO - Filling up the DagBag from /home/airflow/.local/lib/python3.8/site-packages/airflow/example_dags/example_branch_operator.py
[2021-02-07 15:06:13,221] {scheduler_job.py:637} INFO - DAG(s) dict_keys(['example_branch_operator']) retrieved from /home/airflow/.local/lib/python3.8/site-packages/airflow/example_dags/example_branch_operator.py
[2021-02-07 15:06:13,264] {logging_mixin.py:104} INFO - [2021-02-07 15:06:13,264] {dag.py:1818} INFO - Sync 1 DAGs
[2021-02-07 15:06:13,292] {logging_mixin.py:104} INFO - [2021-02-07 15:06:13,291] {dag.py:2273} INFO - Setting next_dagrun for example_branch_operator to 2021-02-05 00:00:00+00:00
[2021-02-07 15:06:13,306] {scheduler_job.py:189} INFO - Processing /home/airflow/.local/lib/python3.8/site-packages/airflow/example_dags/example_branch_operator.py took 0.202 seconds
[2021-02-07 15:06:43,866] {scheduler_job.py:181} INFO - Started process (PID=145) to work on /home/airflow/.local/lib/python3.8/site-packages/airflow/example_dags/example_branch_operator.py
[2021-02-07 15:06:43,869] {scheduler_job.py:627} INFO - Processing file /home/airflow/.local/lib/python3.8/site-packages/airflow/example_dags/example_branch_operator.py for tasks to queue
[2021-02-07 15:06:43,871] {logging_mixin.py:104} INFO - [2021-02-07 15:06:43,870] {dagbag.py:449} INFO - Filling up the DagBag from /home/airflow/.local/lib/python3.8/site-packages/airflow/example_dags/example_branch_operator.py
[2021-02-07 15:06:43,893] {scheduler_job.py:637} INFO - DAG(s) dict_keys(['example_branch_operator']) retrieved from /home/airflow/.local/lib/python3.8/site-packages/airflow/example_dags/example_branch_operator.py
[2021-02-07 15:06:43,922] {logging_mixin.py:104} INFO - [2021-02-07 15:06:43,922] {dag.py:1818} INFO - Sync 1 DAGs
[2021-02-07 15:06:43,945] {logging_mixin.py:104} INFO - [2021-02-07 15:06:43,945] {dag.py:2273} INFO - Setting next_dagrun for example_branch_operator to 2021-02-05 00:00:00+00:00
[2021-02-07 15:06:43,960] {scheduler_job.py:189} INFO - Processing /home/airflow/.local/lib/python3.8/site-packages/airflow/example_dags/example_branch_operator.py took 0.099 seconds
[2021-02-07 15:07:14,167] {scheduler_job.py:181} INFO - Started process (PID=171) to work on /home/airflow/.local/lib/python3.8/site-packages/airflow/example_dags/example_branch_operator.py
[2021-02-07 15:07:14,170] {scheduler_job.py:627} INFO - Processing file /home/airflow/.local/lib/python3.8/site-packages/airflow/example_dags/example_branch_operator.py for tasks to queue
[2021-02-07 15:07:14,172] {logging_mixin.py:104} INFO - [2021-02-07 15:07:14,172] {dagbag.py:449} INFO - Filling up the DagBag from /home/airflow/.local/lib/python3.8/site-packages/airflow/example_dags/example_branch_operator.py
[2021-02-07 15:07:14,192] {scheduler_job.py:637} INFO - DAG(s) dict_keys(['example_branch_operator']) retrieved from /home/airflow/.local/lib/python3.8/site-packages/airflow/example_dags/example_branch_operator.py
[2021-02-07 15:07:14,225] {logging_mixin.py:104} INFO - [2021-02-07 15:07:14,225] {dag.py:1818} INFO - Sync 1 DAGs
[2021-02-07 15:07:14,255] {logging_mixin.py:104} INFO - [2021-02-07 15:07:14,255] {dag.py:2273} INFO - Setting next_dagrun for example_branch_operator to 2021-02-05 00:00:00+00:00
[2021-02-07 15:07:14,271] {scheduler_job.py:189} INFO - Processing /home/airflow/.local/lib/python3.8/site-packages/airflow/example_dags/example_branch_operator.py took 0.107 seconds
[2021-02-07 15:07:44,382] {scheduler_job.py:181} INFO - Started process (PID=197) to work on /home/airflow/.local/lib/python3.8/site-packages/airflow/example_dags/example_branch_operator.py
[2021-02-07 15:07:44,384] {scheduler_job.py:627} INFO - Processing file /home/airflow/.local/lib/python3.8/site-packages/airflow/example_dags/example_branch_operator.py for tasks to queue
[2021-02-07 15:07:44,386] {logging_mixin.py:104} INFO - [2021-02-07 15:07:44,386] {dagbag.py:449} INFO - Filling up the DagBag from /home/airflow/.local/lib/python3.8/site-packages/airflow/example_dags/example_branch_operator.py
[2021-02-07 15:07:44,403] {scheduler_job.py:637} INFO - DAG(s) dict_keys(['example_branch_operator']) retrieved from /home/airflow/.local/lib/python3.8/site-packages/airflow/example_dags/example_branch_operator.py
[2021-02-07 15:07:44,425] {logging_mixin.py:104} INFO - [2021-02-07 15:07:44,425] {dag.py:1818} INFO - Sync 1 DAGs
[2021-02-07 15:07:44,444] {logging_mixin.py:104} INFO - [2021-02-07 15:07:44,444] {dag.py:2273} INFO - Setting next_dagrun for example_branch_operator to 2021-02-05 00:00:00+00:00
[2021-02-07 15:07:44,454] {scheduler_job.py:189} INFO - Processing /home/airflow/.local/lib/python3.8/site-packages/airflow/example_dags/example_branch_operator.py took 0.076 seconds
[2021-02-07 15:08:14,657] {scheduler_job.py:181} INFO - Started process (PID=223) to work on /home/airflow/.local/lib/python3.8/site-packages/airflow/example_dags/example_branch_operator.py
[2021-02-07 15:08:14,659] {scheduler_job.py:627} INFO - Processing file /home/airflow/.local/lib/python3.8/site-packages/airflow/example_dags/example_branch_operator.py for tasks to queue
[2021-02-07 15:08:14,661] {logging_mixin.py:104} INFO - [2021-02-07 15:08:14,661] {dagbag.py:449} INFO - Filling up the DagBag from /home/airflow/.local/lib/python3.8/site-packages/airflow/example_dags/example_branch_operator.py
[2021-02-07 15:08:14,691] {scheduler_job.py:637} INFO - DAG(s) dict_keys(['example_branch_operator']) retrieved from /home/airflow/.local/lib/python3.8/site-packages/airflow/example_dags/example_branch_operator.py
[2021-02-07 15:08:14,721] {logging_mixin.py:104} INFO - [2021-02-07 15:08:14,721] {dag.py:1818} INFO - Sync 1 DAGs
[2021-02-07 15:08:14,745] {logging_mixin.py:104} INFO - [2021-02-07 15:08:14,744] {dag.py:2273} INFO - Setting next_dagrun for example_branch_operator to 2021-02-05 00:00:00+00:00
[2021-02-07 15:08:14,755] {scheduler_job.py:189} INFO - Processing /home/airflow/.local/lib/python3.8/site-packages/airflow/example_dags/example_branch_operator.py took 0.104 seconds
[2021-02-07 15:08:44,887] {scheduler_job.py:181} INFO - Started process (PID=249) to work on /home/airflow/.local/lib/python3.8/site-packages/airflow/example_dags/example_branch_operator.py
[2021-02-07 15:08:44,889] {scheduler_job.py:627} INFO - Processing file /home/airflow/.local/lib/python3.8/site-packages/airflow/example_dags/example_branch_operator.py for tasks to queue
[2021-02-07 15:08:44,890] {logging_mixin.py:104} INFO - [2021-02-07 15:08:44,890] {dagbag.py:449} INFO - Filling up the DagBag from /home/airflow/.local/lib/python3.8/site-packages/airflow/example_dags/example_branch_operator.py
[2021-02-07 15:08:44,909] {scheduler_job.py:637} INFO - DAG(s) dict_keys(['example_branch_operator']) retrieved from /home/airflow/.local/lib/python3.8/site-packages/airflow/example_dags/example_branch_operator.py
[2021-02-07 15:08:44,934] {logging_mixin.py:104} INFO - [2021-02-07 15:08:44,933] {dag.py:1818} INFO - Sync 1 DAGs
[2021-02-07 15:08:44,953] {logging_mixin.py:104} INFO - [2021-02-07 15:08:44,953] {dag.py:2273} INFO - Setting next_dagrun for example_branch_operator to 2021-02-05 00:00:00+00:00
[2021-02-07 15:08:44,965] {scheduler_job.py:189} INFO - Processing /home/airflow/.local/lib/python3.8/site-packages/airflow/example_dags/example_branch_operator.py took 0.082 seconds
[2021-02-07 15:09:15,310] {scheduler_job.py:181} INFO - Started process (PID=275) to work on /home/airflow/.local/lib/python3.8/site-packages/airflow/example_dags/example_branch_operator.py
[2021-02-07 15:09:15,312] {scheduler_job.py:627} INFO - Processing file /home/airflow/.local/lib/python3.8/site-packages/airflow/example_dags/example_branch_operator.py for tasks to queue
[2021-02-07 15:09:15,314] {logging_mixin.py:104} INFO - [2021-02-07 15:09:15,314] {dagbag.py:449} INFO - Filling up the DagBag from /home/airflow/.local/lib/python3.8/site-packages/airflow/example_dags/example_branch_operator.py
[2021-02-07 15:09:15,331] {scheduler_job.py:637} INFO - DAG(s) dict_keys(['example_branch_operator']) retrieved from /home/airflow/.local/lib/python3.8/site-packages/airflow/example_dags/example_branch_operator.py
[2021-02-07 15:09:15,357] {logging_mixin.py:104} INFO - [2021-02-07 15:09:15,357] {dag.py:1818} INFO - Sync 1 DAGs
[2021-02-07 15:09:15,379] {logging_mixin.py:104} INFO - [2021-02-07 15:09:15,379] {dag.py:2273} INFO - Setting next_dagrun for example_branch_operator to 2021-02-05 00:00:00+00:00
[2021-02-07 15:09:15,395] {scheduler_job.py:189} INFO - Processing /home/airflow/.local/lib/python3.8/site-packages/airflow/example_dags/example_branch_operator.py took 0.089 seconds
[2021-02-07 15:09:45,722] {scheduler_job.py:181} INFO - Started process (PID=301) to work on /home/airflow/.local/lib/python3.8/site-packages/airflow/example_dags/example_branch_operator.py
[2021-02-07 15:09:45,730] {scheduler_job.py:627} INFO - Processing file /home/airflow/.local/lib/python3.8/site-packages/airflow/example_dags/example_branch_operator.py for tasks to queue
[2021-02-07 15:09:45,731] {logging_mixin.py:104} INFO - [2021-02-07 15:09:45,731] {dagbag.py:449} INFO - Filling up the DagBag from /home/airflow/.local/lib/python3.8/site-packages/airflow/example_dags/example_branch_operator.py
[2021-02-07 15:09:45,746] {scheduler_job.py:637} INFO - DAG(s) dict_keys(['example_branch_operator']) retrieved from /home/airflow/.local/lib/python3.8/site-packages/airflow/example_dags/example_branch_operator.py
[2021-02-07 15:09:45,776] {logging_mixin.py:104} INFO - [2021-02-07 15:09:45,776] {dag.py:1818} INFO - Sync 1 DAGs
[2021-02-07 15:09:45,800] {logging_mixin.py:104} INFO - [2021-02-07 15:09:45,799] {dag.py:2273} INFO - Setting next_dagrun for example_branch_operator to 2021-02-05 00:00:00+00:00
[2021-02-07 15:09:45,810] {scheduler_job.py:189} INFO - Processing /home/airflow/.local/lib/python3.8/site-packages/airflow/example_dags/example_branch_operator.py took 0.092 seconds
[2021-02-07 15:10:16,480] {scheduler_job.py:181} INFO - Started process (PID=327) to work on /home/airflow/.local/lib/python3.8/site-packages/airflow/example_dags/example_branch_operator.py
[2021-02-07 15:10:16,492] {scheduler_job.py:627} INFO - Processing file /home/airflow/.local/lib/python3.8/site-packages/airflow/example_dags/example_branch_operator.py for tasks to queue
[2021-02-07 15:10:16,500] {logging_mixin.py:104} INFO - [2021-02-07 15:10:16,500] {dagbag.py:449} INFO - Filling up the DagBag from /home/airflow/.local/lib/python3.8/site-packages/airflow/example_dags/example_branch_operator.py
[2021-02-07 15:10:16,601] {scheduler_job.py:637} INFO - DAG(s) dict_keys(['example_branch_operator']) retrieved from /home/airflow/.local/lib/python3.8/site-packages/airflow/example_dags/example_branch_operator.py
[2021-02-07 15:10:16,733] {logging_mixin.py:104} INFO - [2021-02-07 15:10:16,733] {dag.py:1818} INFO - Sync 1 DAGs
[2021-02-07 15:10:16,854] {logging_mixin.py:104} INFO - [2021-02-07 15:10:16,854] {dag.py:2273} INFO - Setting next_dagrun for example_branch_operator to 2021-02-05 00:00:00+00:00
[2021-02-07 15:10:16,941] {scheduler_job.py:189} INFO - Processing /home/airflow/.local/lib/python3.8/site-packages/airflow/example_dags/example_branch_operator.py took 0.497 seconds
[2021-02-07 15:11:40,135] {scheduler_job.py:181} INFO - Started process (PID=346) to work on /home/airflow/.local/lib/python3.8/site-packages/airflow/example_dags/example_branch_operator.py
[2021-02-07 15:11:40,157] {scheduler_job.py:627} INFO - Processing file /home/airflow/.local/lib/python3.8/site-packages/airflow/example_dags/example_branch_operator.py for tasks to queue
[2021-02-07 15:11:40,168] {logging_mixin.py:104} INFO - [2021-02-07 15:11:40,167] {dagbag.py:449} INFO - Filling up the DagBag from /home/airflow/.local/lib/python3.8/site-packages/airflow/example_dags/example_branch_operator.py
[2021-02-07 15:11:40,288] {scheduler_job.py:637} INFO - DAG(s) dict_keys(['example_branch_operator']) retrieved from /home/airflow/.local/lib/python3.8/site-packages/airflow/example_dags/example_branch_operator.py
[2021-02-07 15:11:40,422] {logging_mixin.py:104} INFO - [2021-02-07 15:11:40,422] {dag.py:1818} INFO - Sync 1 DAGs
[2021-02-07 15:11:40,502] {logging_mixin.py:104} INFO - [2021-02-07 15:11:40,501] {dag.py:2273} INFO - Setting next_dagrun for example_branch_operator to 2021-02-05 00:00:00+00:00
[2021-02-07 15:11:40,525] {scheduler_job.py:189} INFO - Processing /home/airflow/.local/lib/python3.8/site-packages/airflow/example_dags/example_branch_operator.py took 0.425 seconds
[2021-02-07 19:10:20,738] {scheduler_job.py:181} INFO - Started process (PID=372) to work on /home/airflow/.local/lib/python3.8/site-packages/airflow/example_dags/example_branch_operator.py
[2021-02-07 19:10:20,741] {scheduler_job.py:627} INFO - Processing file /home/airflow/.local/lib/python3.8/site-packages/airflow/example_dags/example_branch_operator.py for tasks to queue
[2021-02-07 19:10:20,743] {logging_mixin.py:104} INFO - [2021-02-07 19:10:20,743] {dagbag.py:449} INFO - Filling up the DagBag from /home/airflow/.local/lib/python3.8/site-packages/airflow/example_dags/example_branch_operator.py
[2021-02-07 19:10:20,776] {scheduler_job.py:637} INFO - DAG(s) dict_keys(['example_branch_operator']) retrieved from /home/airflow/.local/lib/python3.8/site-packages/airflow/example_dags/example_branch_operator.py
[2021-02-07 19:10:20,831] {logging_mixin.py:104} INFO - [2021-02-07 19:10:20,831] {dag.py:1818} INFO - Sync 1 DAGs
[2021-02-07 19:10:20,868] {logging_mixin.py:104} INFO - [2021-02-07 19:10:20,868] {dag.py:2273} INFO - Setting next_dagrun for example_branch_operator to 2021-02-05 00:00:00+00:00
[2021-02-07 19:10:20,888] {scheduler_job.py:189} INFO - Processing /home/airflow/.local/lib/python3.8/site-packages/airflow/example_dags/example_branch_operator.py took 0.157 seconds
[2021-02-07 21:10:35,191] {scheduler_job.py:181} INFO - Started process (PID=398) to work on /home/airflow/.local/lib/python3.8/site-packages/airflow/example_dags/example_branch_operator.py
[2021-02-07 21:10:35,193] {scheduler_job.py:627} INFO - Processing file /home/airflow/.local/lib/python3.8/site-packages/airflow/example_dags/example_branch_operator.py for tasks to queue
[2021-02-07 21:10:35,196] {logging_mixin.py:104} INFO - [2021-02-07 21:10:35,195] {dagbag.py:449} INFO - Filling up the DagBag from /home/airflow/.local/lib/python3.8/site-packages/airflow/example_dags/example_branch_operator.py
[2021-02-07 21:10:35,217] {scheduler_job.py:637} INFO - DAG(s) dict_keys(['example_branch_operator']) retrieved from /home/airflow/.local/lib/python3.8/site-packages/airflow/example_dags/example_branch_operator.py
[2021-02-07 21:10:35,260] {logging_mixin.py:104} INFO - [2021-02-07 21:10:35,260] {dag.py:1818} INFO - Sync 1 DAGs
[2021-02-07 21:10:35,293] {logging_mixin.py:104} INFO - [2021-02-07 21:10:35,293] {dag.py:2273} INFO - Setting next_dagrun for example_branch_operator to 2021-02-05 00:00:00+00:00
[2021-02-07 21:10:35,310] {scheduler_job.py:189} INFO - Processing /home/airflow/.local/lib/python3.8/site-packages/airflow/example_dags/example_branch_operator.py took 0.125 seconds
[2021-02-07 21:45:33,030] {scheduler_job.py:181} INFO - Started process (PID=424) to work on /home/airflow/.local/lib/python3.8/site-packages/airflow/example_dags/example_branch_operator.py
[2021-02-07 21:45:33,038] {scheduler_job.py:627} INFO - Processing file /home/airflow/.local/lib/python3.8/site-packages/airflow/example_dags/example_branch_operator.py for tasks to queue
[2021-02-07 21:45:33,041] {logging_mixin.py:104} INFO - [2021-02-07 21:45:33,040] {dagbag.py:449} INFO - Filling up the DagBag from /home/airflow/.local/lib/python3.8/site-packages/airflow/example_dags/example_branch_operator.py
[2021-02-07 21:45:33,108] {scheduler_job.py:637} INFO - DAG(s) dict_keys(['example_branch_operator']) retrieved from /home/airflow/.local/lib/python3.8/site-packages/airflow/example_dags/example_branch_operator.py
[2021-02-07 21:45:33,207] {logging_mixin.py:104} INFO - [2021-02-07 21:45:33,207] {dag.py:1818} INFO - Sync 1 DAGs
[2021-02-07 21:45:33,256] {logging_mixin.py:104} INFO - [2021-02-07 21:45:33,256] {dag.py:2273} INFO - Setting next_dagrun for example_branch_operator to 2021-02-05 00:00:00+00:00
[2021-02-07 21:45:33,280] {scheduler_job.py:189} INFO - Processing /home/airflow/.local/lib/python3.8/site-packages/airflow/example_dags/example_branch_operator.py took 0.261 seconds
[2021-02-07 21:46:03,490] {scheduler_job.py:181} INFO - Started process (PID=451) to work on /home/airflow/.local/lib/python3.8/site-packages/airflow/example_dags/example_branch_operator.py
[2021-02-07 21:46:03,493] {scheduler_job.py:627} INFO - Processing file /home/airflow/.local/lib/python3.8/site-packages/airflow/example_dags/example_branch_operator.py for tasks to queue
[2021-02-07 21:46:03,495] {logging_mixin.py:104} INFO - [2021-02-07 21:46:03,495] {dagbag.py:449} INFO - Filling up the DagBag from /home/airflow/.local/lib/python3.8/site-packages/airflow/example_dags/example_branch_operator.py
[2021-02-07 21:46:03,539] {scheduler_job.py:637} INFO - DAG(s) dict_keys(['example_branch_operator']) retrieved from /home/airflow/.local/lib/python3.8/site-packages/airflow/example_dags/example_branch_operator.py
[2021-02-07 21:46:03,592] {logging_mixin.py:104} INFO - [2021-02-07 21:46:03,592] {dag.py:1818} INFO - Sync 1 DAGs
[2021-02-07 21:46:03,648] {logging_mixin.py:104} INFO - [2021-02-07 21:46:03,647] {dag.py:2273} INFO - Setting next_dagrun for example_branch_operator to 2021-02-05 00:00:00+00:00
[2021-02-07 21:46:03,669] {scheduler_job.py:189} INFO - Processing /home/airflow/.local/lib/python3.8/site-packages/airflow/example_dags/example_branch_operator.py took 0.184 seconds
[2021-02-07 21:46:34,236] {scheduler_job.py:181} INFO - Started process (PID=475) to work on /home/airflow/.local/lib/python3.8/site-packages/airflow/example_dags/example_branch_operator.py
[2021-02-07 21:46:34,238] {scheduler_job.py:627} INFO - Processing file /home/airflow/.local/lib/python3.8/site-packages/airflow/example_dags/example_branch_operator.py for tasks to queue
[2021-02-07 21:46:34,240] {logging_mixin.py:104} INFO - [2021-02-07 21:46:34,240] {dagbag.py:449} INFO - Filling up the DagBag from /home/airflow/.local/lib/python3.8/site-packages/airflow/example_dags/example_branch_operator.py
[2021-02-07 21:46:34,272] {scheduler_job.py:637} INFO - DAG(s) dict_keys(['example_branch_operator']) retrieved from /home/airflow/.local/lib/python3.8/site-packages/airflow/example_dags/example_branch_operator.py
[2021-02-07 21:46:34,310] {logging_mixin.py:104} INFO - [2021-02-07 21:46:34,310] {dag.py:1818} INFO - Sync 1 DAGs
[2021-02-07 21:46:34,335] {logging_mixin.py:104} INFO - [2021-02-07 21:46:34,335] {dag.py:2273} INFO - Setting next_dagrun for example_branch_operator to 2021-02-05 00:00:00+00:00
[2021-02-07 21:46:34,352] {scheduler_job.py:189} INFO - Processing /home/airflow/.local/lib/python3.8/site-packages/airflow/example_dags/example_branch_operator.py took 0.120 seconds
[2021-02-07 21:47:09,559] {scheduler_job.py:181} INFO - Started process (PID=502) to work on /home/airflow/.local/lib/python3.8/site-packages/airflow/example_dags/example_branch_operator.py
[2021-02-07 21:47:09,564] {scheduler_job.py:627} INFO - Processing file /home/airflow/.local/lib/python3.8/site-packages/airflow/example_dags/example_branch_operator.py for tasks to queue
[2021-02-07 21:47:09,570] {logging_mixin.py:104} INFO - [2021-02-07 21:47:09,570] {dagbag.py:449} INFO - Filling up the DagBag from /home/airflow/.local/lib/python3.8/site-packages/airflow/example_dags/example_branch_operator.py
[2021-02-07 21:47:09,610] {scheduler_job.py:637} INFO - DAG(s) dict_keys(['example_branch_operator']) retrieved from /home/airflow/.local/lib/python3.8/site-packages/airflow/example_dags/example_branch_operator.py
[2021-02-07 21:47:09,677] {logging_mixin.py:104} INFO - [2021-02-07 21:47:09,676] {dag.py:1818} INFO - Sync 1 DAGs
[2021-02-07 21:47:09,749] {logging_mixin.py:104} INFO - [2021-02-07 21:47:09,749] {dag.py:2273} INFO - Setting next_dagrun for example_branch_operator to 2021-02-05 00:00:00+00:00
[2021-02-07 21:47:09,779] {scheduler_job.py:189} INFO - Processing /home/airflow/.local/lib/python3.8/site-packages/airflow/example_dags/example_branch_operator.py took 0.233 seconds
[2021-02-07 21:47:39,896] {scheduler_job.py:181} INFO - Started process (PID=528) to work on /home/airflow/.local/lib/python3.8/site-packages/airflow/example_dags/example_branch_operator.py
[2021-02-07 21:47:39,899] {scheduler_job.py:627} INFO - Processing file /home/airflow/.local/lib/python3.8/site-packages/airflow/example_dags/example_branch_operator.py for tasks to queue
[2021-02-07 21:47:39,901] {logging_mixin.py:104} INFO - [2021-02-07 21:47:39,901] {dagbag.py:449} INFO - Filling up the DagBag from /home/airflow/.local/lib/python3.8/site-packages/airflow/example_dags/example_branch_operator.py
[2021-02-07 21:47:39,915] {scheduler_job.py:637} INFO - DAG(s) dict_keys(['example_branch_operator']) retrieved from /home/airflow/.local/lib/python3.8/site-packages/airflow/example_dags/example_branch_operator.py
[2021-02-07 21:47:39,938] {logging_mixin.py:104} INFO - [2021-02-07 21:47:39,938] {dag.py:1818} INFO - Sync 1 DAGs
[2021-02-07 21:47:39,959] {logging_mixin.py:104} INFO - [2021-02-07 21:47:39,959] {dag.py:2273} INFO - Setting next_dagrun for example_branch_operator to 2021-02-05 00:00:00+00:00
[2021-02-07 21:47:39,971] {scheduler_job.py:189} INFO - Processing /home/airflow/.local/lib/python3.8/site-packages/airflow/example_dags/example_branch_operator.py took 0.078 seconds
[2021-02-07 21:48:10,249] {scheduler_job.py:181} INFO - Started process (PID=555) to work on /home/airflow/.local/lib/python3.8/site-packages/airflow/example_dags/example_branch_operator.py
[2021-02-07 21:48:10,253] {scheduler_job.py:627} INFO - Processing file /home/airflow/.local/lib/python3.8/site-packages/airflow/example_dags/example_branch_operator.py for tasks to queue
[2021-02-07 21:48:10,255] {logging_mixin.py:104} INFO - [2021-02-07 21:48:10,255] {dagbag.py:449} INFO - Filling up the DagBag from /home/airflow/.local/lib/python3.8/site-packages/airflow/example_dags/example_branch_operator.py
[2021-02-07 21:48:10,318] {scheduler_job.py:637} INFO - DAG(s) dict_keys(['example_branch_operator']) retrieved from /home/airflow/.local/lib/python3.8/site-packages/airflow/example_dags/example_branch_operator.py
[2021-02-07 21:48:10,373] {logging_mixin.py:104} INFO - [2021-02-07 21:48:10,372] {dag.py:1818} INFO - Sync 1 DAGs
[2021-02-07 21:48:10,442] {logging_mixin.py:104} INFO - [2021-02-07 21:48:10,442] {dag.py:2273} INFO - Setting next_dagrun for example_branch_operator to 2021-02-05 00:00:00+00:00
[2021-02-07 21:48:10,484] {scheduler_job.py:189} INFO - Processing /home/airflow/.local/lib/python3.8/site-packages/airflow/example_dags/example_branch_operator.py took 0.241 seconds
[2021-02-07 21:48:41,897] {scheduler_job.py:181} INFO - Started process (PID=580) to work on /home/airflow/.local/lib/python3.8/site-packages/airflow/example_dags/example_branch_operator.py
[2021-02-07 21:48:41,914] {scheduler_job.py:627} INFO - Processing file /home/airflow/.local/lib/python3.8/site-packages/airflow/example_dags/example_branch_operator.py for tasks to queue
[2021-02-07 21:48:41,926] {logging_mixin.py:104} INFO - [2021-02-07 21:48:41,925] {dagbag.py:449} INFO - Filling up the DagBag from /home/airflow/.local/lib/python3.8/site-packages/airflow/example_dags/example_branch_operator.py
[2021-02-07 21:48:42,117] {scheduler_job.py:637} INFO - DAG(s) dict_keys(['example_branch_operator']) retrieved from /home/airflow/.local/lib/python3.8/site-packages/airflow/example_dags/example_branch_operator.py
[2021-02-07 21:48:42,354] {logging_mixin.py:104} INFO - [2021-02-07 21:48:42,353] {dag.py:1818} INFO - Sync 1 DAGs
[2021-02-07 21:48:42,516] {logging_mixin.py:104} INFO - [2021-02-07 21:48:42,516] {dag.py:2273} INFO - Setting next_dagrun for example_branch_operator to 2021-02-05 00:00:00+00:00
[2021-02-07 21:48:42,581] {scheduler_job.py:189} INFO - Processing /home/airflow/.local/lib/python3.8/site-packages/airflow/example_dags/example_branch_operator.py took 0.719 seconds
[2021-02-07 21:49:13,535] {scheduler_job.py:181} INFO - Started process (PID=606) to work on /home/airflow/.local/lib/python3.8/site-packages/airflow/example_dags/example_branch_operator.py
[2021-02-07 21:49:13,537] {scheduler_job.py:627} INFO - Processing file /home/airflow/.local/lib/python3.8/site-packages/airflow/example_dags/example_branch_operator.py for tasks to queue
[2021-02-07 21:49:13,539] {logging_mixin.py:104} INFO - [2021-02-07 21:49:13,539] {dagbag.py:449} INFO - Filling up the DagBag from /home/airflow/.local/lib/python3.8/site-packages/airflow/example_dags/example_branch_operator.py
[2021-02-07 21:49:13,558] {scheduler_job.py:637} INFO - DAG(s) dict_keys(['example_branch_operator']) retrieved from /home/airflow/.local/lib/python3.8/site-packages/airflow/example_dags/example_branch_operator.py
[2021-02-07 21:49:13,590] {logging_mixin.py:104} INFO - [2021-02-07 21:49:13,589] {dag.py:1818} INFO - Sync 1 DAGs
[2021-02-07 21:49:13,613] {logging_mixin.py:104} INFO - [2021-02-07 21:49:13,613] {dag.py:2273} INFO - Setting next_dagrun for example_branch_operator to 2021-02-05 00:00:00+00:00
[2021-02-07 21:49:13,627] {scheduler_job.py:189} INFO - Processing /home/airflow/.local/lib/python3.8/site-packages/airflow/example_dags/example_branch_operator.py took 0.099 seconds
[2021-02-07 21:49:46,694] {scheduler_job.py:181} INFO - Started process (PID=632) to work on /home/airflow/.local/lib/python3.8/site-packages/airflow/example_dags/example_branch_operator.py
[2021-02-07 21:49:46,705] {scheduler_job.py:627} INFO - Processing file /home/airflow/.local/lib/python3.8/site-packages/airflow/example_dags/example_branch_operator.py for tasks to queue
[2021-02-07 21:49:46,713] {logging_mixin.py:104} INFO - [2021-02-07 21:49:46,710] {dagbag.py:449} INFO - Filling up the DagBag from /home/airflow/.local/lib/python3.8/site-packages/airflow/example_dags/example_branch_operator.py
[2021-02-07 21:49:46,822] {scheduler_job.py:637} INFO - DAG(s) dict_keys(['example_branch_operator']) retrieved from /home/airflow/.local/lib/python3.8/site-packages/airflow/example_dags/example_branch_operator.py
[2021-02-07 21:49:46,938] {logging_mixin.py:104} INFO - [2021-02-07 21:49:46,936] {dag.py:1818} INFO - Sync 1 DAGs
[2021-02-07 21:49:47,133] {logging_mixin.py:104} INFO - [2021-02-07 21:49:47,130] {dag.py:2273} INFO - Setting next_dagrun for example_branch_operator to 2021-02-05 00:00:00+00:00
[2021-02-07 21:49:47,223] {scheduler_job.py:189} INFO - Processing /home/airflow/.local/lib/python3.8/site-packages/airflow/example_dags/example_branch_operator.py took 0.537 seconds
[2021-02-07 21:50:18,139] {scheduler_job.py:181} INFO - Started process (PID=659) to work on /home/airflow/.local/lib/python3.8/site-packages/airflow/example_dags/example_branch_operator.py
[2021-02-07 21:50:18,142] {scheduler_job.py:627} INFO - Processing file /home/airflow/.local/lib/python3.8/site-packages/airflow/example_dags/example_branch_operator.py for tasks to queue
[2021-02-07 21:50:18,146] {logging_mixin.py:104} INFO - [2021-02-07 21:50:18,145] {dagbag.py:449} INFO - Filling up the DagBag from /home/airflow/.local/lib/python3.8/site-packages/airflow/example_dags/example_branch_operator.py
[2021-02-07 21:50:18,171] {scheduler_job.py:637} INFO - DAG(s) dict_keys(['example_branch_operator']) retrieved from /home/airflow/.local/lib/python3.8/site-packages/airflow/example_dags/example_branch_operator.py
[2021-02-07 21:50:18,212] {logging_mixin.py:104} INFO - [2021-02-07 21:50:18,212] {dag.py:1818} INFO - Sync 1 DAGs
[2021-02-07 21:50:18,251] {logging_mixin.py:104} INFO - [2021-02-07 21:50:18,251] {dag.py:2273} INFO - Setting next_dagrun for example_branch_operator to 2021-02-05 00:00:00+00:00
[2021-02-07 21:50:18,283] {scheduler_job.py:189} INFO - Processing /home/airflow/.local/lib/python3.8/site-packages/airflow/example_dags/example_branch_operator.py took 0.150 seconds
[2021-02-07 21:50:48,992] {scheduler_job.py:181} INFO - Started process (PID=687) to work on /home/airflow/.local/lib/python3.8/site-packages/airflow/example_dags/example_branch_operator.py
[2021-02-07 21:50:48,995] {scheduler_job.py:627} INFO - Processing file /home/airflow/.local/lib/python3.8/site-packages/airflow/example_dags/example_branch_operator.py for tasks to queue
[2021-02-07 21:50:48,996] {logging_mixin.py:104} INFO - [2021-02-07 21:50:48,996] {dagbag.py:449} INFO - Filling up the DagBag from /home/airflow/.local/lib/python3.8/site-packages/airflow/example_dags/example_branch_operator.py
[2021-02-07 21:50:49,014] {scheduler_job.py:637} INFO - DAG(s) dict_keys(['example_branch_operator']) retrieved from /home/airflow/.local/lib/python3.8/site-packages/airflow/example_dags/example_branch_operator.py
[2021-02-07 21:50:49,042] {logging_mixin.py:104} INFO - [2021-02-07 21:50:49,042] {dag.py:1818} INFO - Sync 1 DAGs
[2021-02-07 21:50:49,069] {logging_mixin.py:104} INFO - [2021-02-07 21:50:49,069] {dag.py:2273} INFO - Setting next_dagrun for example_branch_operator to 2021-02-05 00:00:00+00:00
[2021-02-07 21:50:49,085] {scheduler_job.py:189} INFO - Processing /home/airflow/.local/lib/python3.8/site-packages/airflow/example_dags/example_branch_operator.py took 0.098 seconds
[2021-02-07 21:51:19,631] {scheduler_job.py:181} INFO - Started process (PID=713) to work on /home/airflow/.local/lib/python3.8/site-packages/airflow/example_dags/example_branch_operator.py
[2021-02-07 21:51:19,634] {scheduler_job.py:627} INFO - Processing file /home/airflow/.local/lib/python3.8/site-packages/airflow/example_dags/example_branch_operator.py for tasks to queue
[2021-02-07 21:51:19,636] {logging_mixin.py:104} INFO - [2021-02-07 21:51:19,636] {dagbag.py:449} INFO - Filling up the DagBag from /home/airflow/.local/lib/python3.8/site-packages/airflow/example_dags/example_branch_operator.py
[2021-02-07 21:51:19,662] {scheduler_job.py:637} INFO - DAG(s) dict_keys(['example_branch_operator']) retrieved from /home/airflow/.local/lib/python3.8/site-packages/airflow/example_dags/example_branch_operator.py
[2021-02-07 21:51:19,697] {logging_mixin.py:104} INFO - [2021-02-07 21:51:19,697] {dag.py:1818} INFO - Sync 1 DAGs
[2021-02-07 21:51:19,740] {logging_mixin.py:104} INFO - [2021-02-07 21:51:19,739] {dag.py:2273} INFO - Setting next_dagrun for example_branch_operator to 2021-02-05 00:00:00+00:00
[2021-02-07 21:51:19,759] {scheduler_job.py:189} INFO - Processing /home/airflow/.local/lib/python3.8/site-packages/airflow/example_dags/example_branch_operator.py took 0.133 seconds
[2021-02-07 21:51:50,439] {scheduler_job.py:181} INFO - Started process (PID=736) to work on /home/airflow/.local/lib/python3.8/site-packages/airflow/example_dags/example_branch_operator.py
[2021-02-07 21:51:50,443] {scheduler_job.py:627} INFO - Processing file /home/airflow/.local/lib/python3.8/site-packages/airflow/example_dags/example_branch_operator.py for tasks to queue
[2021-02-07 21:51:50,447] {logging_mixin.py:104} INFO - [2021-02-07 21:51:50,446] {dagbag.py:449} INFO - Filling up the DagBag from /home/airflow/.local/lib/python3.8/site-packages/airflow/example_dags/example_branch_operator.py
[2021-02-07 21:51:50,469] {scheduler_job.py:637} INFO - DAG(s) dict_keys(['example_branch_operator']) retrieved from /home/airflow/.local/lib/python3.8/site-packages/airflow/example_dags/example_branch_operator.py
[2021-02-07 21:51:50,502] {logging_mixin.py:104} INFO - [2021-02-07 21:51:50,502] {dag.py:1818} INFO - Sync 1 DAGs
[2021-02-07 21:51:50,531] {logging_mixin.py:104} INFO - [2021-02-07 21:51:50,531] {dag.py:2273} INFO - Setting next_dagrun for example_branch_operator to 2021-02-05 00:00:00+00:00
[2021-02-07 21:51:50,549] {scheduler_job.py:189} INFO - Processing /home/airflow/.local/lib/python3.8/site-packages/airflow/example_dags/example_branch_operator.py took 0.117 seconds
[2021-02-07 21:52:20,984] {scheduler_job.py:181} INFO - Started process (PID=765) to work on /home/airflow/.local/lib/python3.8/site-packages/airflow/example_dags/example_branch_operator.py
[2021-02-07 21:52:20,985] {scheduler_job.py:627} INFO - Processing file /home/airflow/.local/lib/python3.8/site-packages/airflow/example_dags/example_branch_operator.py for tasks to queue
[2021-02-07 21:52:20,987] {logging_mixin.py:104} INFO - [2021-02-07 21:52:20,987] {dagbag.py:449} INFO - Filling up the DagBag from /home/airflow/.local/lib/python3.8/site-packages/airflow/example_dags/example_branch_operator.py
[2021-02-07 21:52:21,002] {scheduler_job.py:637} INFO - DAG(s) dict_keys(['example_branch_operator']) retrieved from /home/airflow/.local/lib/python3.8/site-packages/airflow/example_dags/example_branch_operator.py
[2021-02-07 21:52:21,025] {logging_mixin.py:104} INFO - [2021-02-07 21:52:21,025] {dag.py:1818} INFO - Sync 1 DAGs
[2021-02-07 21:52:21,045] {logging_mixin.py:104} INFO - [2021-02-07 21:52:21,044] {dag.py:2273} INFO - Setting next_dagrun for example_branch_operator to 2021-02-05 00:00:00+00:00
[2021-02-07 21:52:21,058] {scheduler_job.py:189} INFO - Processing /home/airflow/.local/lib/python3.8/site-packages/airflow/example_dags/example_branch_operator.py took 0.078 seconds
[2021-02-07 21:52:51,725] {scheduler_job.py:181} INFO - Started process (PID=790) to work on /home/airflow/.local/lib/python3.8/site-packages/airflow/example_dags/example_branch_operator.py
[2021-02-07 21:52:51,728] {scheduler_job.py:627} INFO - Processing file /home/airflow/.local/lib/python3.8/site-packages/airflow/example_dags/example_branch_operator.py for tasks to queue
[2021-02-07 21:52:51,730] {logging_mixin.py:104} INFO - [2021-02-07 21:52:51,730] {dagbag.py:449} INFO - Filling up the DagBag from /home/airflow/.local/lib/python3.8/site-packages/airflow/example_dags/example_branch_operator.py
[2021-02-07 21:52:51,745] {scheduler_job.py:637} INFO - DAG(s) dict_keys(['example_branch_operator']) retrieved from /home/airflow/.local/lib/python3.8/site-packages/airflow/example_dags/example_branch_operator.py
[2021-02-07 21:52:51,769] {logging_mixin.py:104} INFO - [2021-02-07 21:52:51,769] {dag.py:1818} INFO - Sync 1 DAGs
[2021-02-07 21:52:51,789] {logging_mixin.py:104} INFO - [2021-02-07 21:52:51,789] {dag.py:2273} INFO - Setting next_dagrun for example_branch_operator to 2021-02-05 00:00:00+00:00
[2021-02-07 21:52:51,802] {scheduler_job.py:189} INFO - Processing /home/airflow/.local/lib/python3.8/site-packages/airflow/example_dags/example_branch_operator.py took 0.081 seconds
[2021-02-07 21:53:21,972] {scheduler_job.py:181} INFO - Started process (PID=816) to work on /home/airflow/.local/lib/python3.8/site-packages/airflow/example_dags/example_branch_operator.py
[2021-02-07 21:53:21,974] {scheduler_job.py:627} INFO - Processing file /home/airflow/.local/lib/python3.8/site-packages/airflow/example_dags/example_branch_operator.py for tasks to queue
[2021-02-07 21:53:21,976] {logging_mixin.py:104} INFO - [2021-02-07 21:53:21,976] {dagbag.py:449} INFO - Filling up the DagBag from /home/airflow/.local/lib/python3.8/site-packages/airflow/example_dags/example_branch_operator.py
[2021-02-07 21:53:22,009] {scheduler_job.py:637} INFO - DAG(s) dict_keys(['example_branch_operator']) retrieved from /home/airflow/.local/lib/python3.8/site-packages/airflow/example_dags/example_branch_operator.py
[2021-02-07 21:53:22,097] {logging_mixin.py:104} INFO - [2021-02-07 21:53:22,097] {dag.py:1818} INFO - Sync 1 DAGs
[2021-02-07 21:53:22,141] {logging_mixin.py:104} INFO - [2021-02-07 21:53:22,141] {dag.py:2273} INFO - Setting next_dagrun for example_branch_operator to 2021-02-05 00:00:00+00:00
[2021-02-07 21:53:22,165] {scheduler_job.py:189} INFO - Processing /home/airflow/.local/lib/python3.8/site-packages/airflow/example_dags/example_branch_operator.py took 0.197 seconds
[2021-02-07 21:53:52,476] {scheduler_job.py:181} INFO - Started process (PID=845) to work on /home/airflow/.local/lib/python3.8/site-packages/airflow/example_dags/example_branch_operator.py
[2021-02-07 21:53:52,479] {scheduler_job.py:627} INFO - Processing file /home/airflow/.local/lib/python3.8/site-packages/airflow/example_dags/example_branch_operator.py for tasks to queue
[2021-02-07 21:53:52,481] {logging_mixin.py:104} INFO - [2021-02-07 21:53:52,480] {dagbag.py:449} INFO - Filling up the DagBag from /home/airflow/.local/lib/python3.8/site-packages/airflow/example_dags/example_branch_operator.py
[2021-02-07 21:53:52,497] {scheduler_job.py:637} INFO - DAG(s) dict_keys(['example_branch_operator']) retrieved from /home/airflow/.local/lib/python3.8/site-packages/airflow/example_dags/example_branch_operator.py
[2021-02-07 21:53:52,524] {logging_mixin.py:104} INFO - [2021-02-07 21:53:52,524] {dag.py:1818} INFO - Sync 1 DAGs
[2021-02-07 21:53:52,550] {logging_mixin.py:104} INFO - [2021-02-07 21:53:52,550] {dag.py:2273} INFO - Setting next_dagrun for example_branch_operator to 2021-02-05 00:00:00+00:00
[2021-02-07 21:53:52,563] {scheduler_job.py:189} INFO - Processing /home/airflow/.local/lib/python3.8/site-packages/airflow/example_dags/example_branch_operator.py took 0.091 seconds
[2021-02-07 21:54:22,893] {scheduler_job.py:181} INFO - Started process (PID=880) to work on /home/airflow/.local/lib/python3.8/site-packages/airflow/example_dags/example_branch_operator.py
[2021-02-07 21:54:22,895] {scheduler_job.py:627} INFO - Processing file /home/airflow/.local/lib/python3.8/site-packages/airflow/example_dags/example_branch_operator.py for tasks to queue
[2021-02-07 21:54:22,896] {logging_mixin.py:104} INFO - [2021-02-07 21:54:22,896] {dagbag.py:449} INFO - Filling up the DagBag from /home/airflow/.local/lib/python3.8/site-packages/airflow/example_dags/example_branch_operator.py
[2021-02-07 21:54:22,911] {scheduler_job.py:637} INFO - DAG(s) dict_keys(['example_branch_operator']) retrieved from /home/airflow/.local/lib/python3.8/site-packages/airflow/example_dags/example_branch_operator.py
[2021-02-07 21:54:22,936] {logging_mixin.py:104} INFO - [2021-02-07 21:54:22,936] {dag.py:1818} INFO - Sync 1 DAGs
[2021-02-07 21:54:22,956] {logging_mixin.py:104} INFO - [2021-02-07 21:54:22,956] {dag.py:2273} INFO - Setting next_dagrun for example_branch_operator to 2021-02-05 00:00:00+00:00
[2021-02-07 21:54:22,971] {scheduler_job.py:189} INFO - Processing /home/airflow/.local/lib/python3.8/site-packages/airflow/example_dags/example_branch_operator.py took 0.082 seconds
[2021-02-07 21:54:53,654] {scheduler_job.py:181} INFO - Started process (PID=909) to work on /home/airflow/.local/lib/python3.8/site-packages/airflow/example_dags/example_branch_operator.py
[2021-02-07 21:54:53,657] {scheduler_job.py:627} INFO - Processing file /home/airflow/.local/lib/python3.8/site-packages/airflow/example_dags/example_branch_operator.py for tasks to queue
[2021-02-07 21:54:53,659] {logging_mixin.py:104} INFO - [2021-02-07 21:54:53,659] {dagbag.py:449} INFO - Filling up the DagBag from /home/airflow/.local/lib/python3.8/site-packages/airflow/example_dags/example_branch_operator.py
[2021-02-07 21:54:53,680] {scheduler_job.py:637} INFO - DAG(s) dict_keys(['example_branch_operator']) retrieved from /home/airflow/.local/lib/python3.8/site-packages/airflow/example_dags/example_branch_operator.py
[2021-02-07 21:54:53,717] {logging_mixin.py:104} INFO - [2021-02-07 21:54:53,716] {dag.py:1818} INFO - Sync 1 DAGs
[2021-02-07 21:54:53,744] {logging_mixin.py:104} INFO - [2021-02-07 21:54:53,744] {dag.py:2273} INFO - Setting next_dagrun for example_branch_operator to 2021-02-05 00:00:00+00:00
[2021-02-07 21:54:53,808] {scheduler_job.py:189} INFO - Processing /home/airflow/.local/lib/python3.8/site-packages/airflow/example_dags/example_branch_operator.py took 0.165 seconds
[2021-02-07 21:55:24,224] {scheduler_job.py:181} INFO - Started process (PID=936) to work on /home/airflow/.local/lib/python3.8/site-packages/airflow/example_dags/example_branch_operator.py
[2021-02-07 21:55:24,229] {scheduler_job.py:627} INFO - Processing file /home/airflow/.local/lib/python3.8/site-packages/airflow/example_dags/example_branch_operator.py for tasks to queue
[2021-02-07 21:55:24,236] {logging_mixin.py:104} INFO - [2021-02-07 21:55:24,236] {dagbag.py:449} INFO - Filling up the DagBag from /home/airflow/.local/lib/python3.8/site-packages/airflow/example_dags/example_branch_operator.py
[2021-02-07 21:55:24,273] {scheduler_job.py:637} INFO - DAG(s) dict_keys(['example_branch_operator']) retrieved from /home/airflow/.local/lib/python3.8/site-packages/airflow/example_dags/example_branch_operator.py
[2021-02-07 21:55:24,345] {logging_mixin.py:104} INFO - [2021-02-07 21:55:24,345] {dag.py:1818} INFO - Sync 1 DAGs
[2021-02-07 21:55:24,409] {logging_mixin.py:104} INFO - [2021-02-07 21:55:24,409] {dag.py:2273} INFO - Setting next_dagrun for example_branch_operator to 2021-02-05 00:00:00+00:00
[2021-02-07 21:55:24,440] {scheduler_job.py:189} INFO - Processing /home/airflow/.local/lib/python3.8/site-packages/airflow/example_dags/example_branch_operator.py took 0.229 seconds
[2021-02-07 21:55:55,068] {scheduler_job.py:181} INFO - Started process (PID=961) to work on /home/airflow/.local/lib/python3.8/site-packages/airflow/example_dags/example_branch_operator.py
[2021-02-07 21:55:55,071] {scheduler_job.py:627} INFO - Processing file /home/airflow/.local/lib/python3.8/site-packages/airflow/example_dags/example_branch_operator.py for tasks to queue
[2021-02-07 21:55:55,074] {logging_mixin.py:104} INFO - [2021-02-07 21:55:55,074] {dagbag.py:449} INFO - Filling up the DagBag from /home/airflow/.local/lib/python3.8/site-packages/airflow/example_dags/example_branch_operator.py
[2021-02-07 21:55:55,106] {scheduler_job.py:637} INFO - DAG(s) dict_keys(['example_branch_operator']) retrieved from /home/airflow/.local/lib/python3.8/site-packages/airflow/example_dags/example_branch_operator.py
[2021-02-07 21:55:55,159] {logging_mixin.py:104} INFO - [2021-02-07 21:55:55,158] {dag.py:1818} INFO - Sync 1 DAGs
[2021-02-07 21:55:55,201] {logging_mixin.py:104} INFO - [2021-02-07 21:55:55,201] {dag.py:2273} INFO - Setting next_dagrun for example_branch_operator to 2021-02-05 00:00:00+00:00
[2021-02-07 21:55:55,224] {scheduler_job.py:189} INFO - Processing /home/airflow/.local/lib/python3.8/site-packages/airflow/example_dags/example_branch_operator.py took 0.165 seconds
[2021-02-07 21:56:25,408] {scheduler_job.py:181} INFO - Started process (PID=988) to work on /home/airflow/.local/lib/python3.8/site-packages/airflow/example_dags/example_branch_operator.py
[2021-02-07 21:56:25,413] {scheduler_job.py:627} INFO - Processing file /home/airflow/.local/lib/python3.8/site-packages/airflow/example_dags/example_branch_operator.py for tasks to queue
[2021-02-07 21:56:25,418] {logging_mixin.py:104} INFO - [2021-02-07 21:56:25,417] {dagbag.py:449} INFO - Filling up the DagBag from /home/airflow/.local/lib/python3.8/site-packages/airflow/example_dags/example_branch_operator.py
[2021-02-07 21:56:25,442] {scheduler_job.py:637} INFO - DAG(s) dict_keys(['example_branch_operator']) retrieved from /home/airflow/.local/lib/python3.8/site-packages/airflow/example_dags/example_branch_operator.py
[2021-02-07 21:56:25,488] {logging_mixin.py:104} INFO - [2021-02-07 21:56:25,488] {dag.py:1818} INFO - Sync 1 DAGs
[2021-02-07 21:56:25,538] {logging_mixin.py:104} INFO - [2021-02-07 21:56:25,538] {dag.py:2273} INFO - Setting next_dagrun for example_branch_operator to 2021-02-05 00:00:00+00:00
[2021-02-07 21:56:25,559] {scheduler_job.py:189} INFO - Processing /home/airflow/.local/lib/python3.8/site-packages/airflow/example_dags/example_branch_operator.py took 0.158 seconds
[2021-02-07 21:56:55,691] {scheduler_job.py:181} INFO - Started process (PID=1014) to work on /home/airflow/.local/lib/python3.8/site-packages/airflow/example_dags/example_branch_operator.py
[2021-02-07 21:56:55,694] {scheduler_job.py:627} INFO - Processing file /home/airflow/.local/lib/python3.8/site-packages/airflow/example_dags/example_branch_operator.py for tasks to queue
[2021-02-07 21:56:55,699] {logging_mixin.py:104} INFO - [2021-02-07 21:56:55,699] {dagbag.py:449} INFO - Filling up the DagBag from /home/airflow/.local/lib/python3.8/site-packages/airflow/example_dags/example_branch_operator.py
[2021-02-07 21:56:55,729] {scheduler_job.py:637} INFO - DAG(s) dict_keys(['example_branch_operator']) retrieved from /home/airflow/.local/lib/python3.8/site-packages/airflow/example_dags/example_branch_operator.py
[2021-02-07 21:56:55,771] {logging_mixin.py:104} INFO - [2021-02-07 21:56:55,771] {dag.py:1818} INFO - Sync 1 DAGs
[2021-02-07 21:56:55,807] {logging_mixin.py:104} INFO - [2021-02-07 21:56:55,807] {dag.py:2273} INFO - Setting next_dagrun for example_branch_operator to 2021-02-05 00:00:00+00:00
[2021-02-07 21:56:55,832] {scheduler_job.py:189} INFO - Processing /home/airflow/.local/lib/python3.8/site-packages/airflow/example_dags/example_branch_operator.py took 0.148 seconds
[2021-02-07 21:57:26,530] {scheduler_job.py:181} INFO - Started process (PID=1038) to work on /home/airflow/.local/lib/python3.8/site-packages/airflow/example_dags/example_branch_operator.py
[2021-02-07 21:57:26,533] {scheduler_job.py:627} INFO - Processing file /home/airflow/.local/lib/python3.8/site-packages/airflow/example_dags/example_branch_operator.py for tasks to queue
[2021-02-07 21:57:26,534] {logging_mixin.py:104} INFO - [2021-02-07 21:57:26,534] {dagbag.py:449} INFO - Filling up the DagBag from /home/airflow/.local/lib/python3.8/site-packages/airflow/example_dags/example_branch_operator.py
[2021-02-07 21:57:26,551] {scheduler_job.py:637} INFO - DAG(s) dict_keys(['example_branch_operator']) retrieved from /home/airflow/.local/lib/python3.8/site-packages/airflow/example_dags/example_branch_operator.py
[2021-02-07 21:57:26,576] {logging_mixin.py:104} INFO - [2021-02-07 21:57:26,576] {dag.py:1818} INFO - Sync 1 DAGs
[2021-02-07 21:57:26,599] {logging_mixin.py:104} INFO - [2021-02-07 21:57:26,599] {dag.py:2273} INFO - Setting next_dagrun for example_branch_operator to 2021-02-05 00:00:00+00:00
[2021-02-07 21:57:26,611] {scheduler_job.py:189} INFO - Processing /home/airflow/.local/lib/python3.8/site-packages/airflow/example_dags/example_branch_operator.py took 0.085 seconds
[2021-02-07 21:57:57,030] {scheduler_job.py:181} INFO - Started process (PID=1066) to work on /home/airflow/.local/lib/python3.8/site-packages/airflow/example_dags/example_branch_operator.py
[2021-02-07 21:57:57,033] {scheduler_job.py:627} INFO - Processing file /home/airflow/.local/lib/python3.8/site-packages/airflow/example_dags/example_branch_operator.py for tasks to queue
[2021-02-07 21:57:57,035] {logging_mixin.py:104} INFO - [2021-02-07 21:57:57,035] {dagbag.py:449} INFO - Filling up the DagBag from /home/airflow/.local/lib/python3.8/site-packages/airflow/example_dags/example_branch_operator.py
[2021-02-07 21:57:57,050] {scheduler_job.py:637} INFO - DAG(s) dict_keys(['example_branch_operator']) retrieved from /home/airflow/.local/lib/python3.8/site-packages/airflow/example_dags/example_branch_operator.py
[2021-02-07 21:57:57,074] {logging_mixin.py:104} INFO - [2021-02-07 21:57:57,074] {dag.py:1818} INFO - Sync 1 DAGs
[2021-02-07 21:57:57,096] {logging_mixin.py:104} INFO - [2021-02-07 21:57:57,096] {dag.py:2273} INFO - Setting next_dagrun for example_branch_operator to 2021-02-05 00:00:00+00:00
[2021-02-07 21:57:57,109] {scheduler_job.py:189} INFO - Processing /home/airflow/.local/lib/python3.8/site-packages/airflow/example_dags/example_branch_operator.py took 0.083 seconds
[2021-02-07 21:58:27,704] {scheduler_job.py:181} INFO - Started process (PID=1090) to work on /home/airflow/.local/lib/python3.8/site-packages/airflow/example_dags/example_branch_operator.py
[2021-02-07 21:58:27,707] {scheduler_job.py:627} INFO - Processing file /home/airflow/.local/lib/python3.8/site-packages/airflow/example_dags/example_branch_operator.py for tasks to queue
[2021-02-07 21:58:27,709] {logging_mixin.py:104} INFO - [2021-02-07 21:58:27,709] {dagbag.py:449} INFO - Filling up the DagBag from /home/airflow/.local/lib/python3.8/site-packages/airflow/example_dags/example_branch_operator.py
[2021-02-07 21:58:27,738] {scheduler_job.py:637} INFO - DAG(s) dict_keys(['example_branch_operator']) retrieved from /home/airflow/.local/lib/python3.8/site-packages/airflow/example_dags/example_branch_operator.py
[2021-02-07 21:58:27,783] {logging_mixin.py:104} INFO - [2021-02-07 21:58:27,783] {dag.py:1818} INFO - Sync 1 DAGs
[2021-02-07 21:58:27,820] {logging_mixin.py:104} INFO - [2021-02-07 21:58:27,820] {dag.py:2273} INFO - Setting next_dagrun for example_branch_operator to 2021-02-05 00:00:00+00:00
[2021-02-07 21:58:27,839] {scheduler_job.py:189} INFO - Processing /home/airflow/.local/lib/python3.8/site-packages/airflow/example_dags/example_branch_operator.py took 0.143 seconds
[2021-02-07 21:58:58,663] {scheduler_job.py:181} INFO - Started process (PID=1116) to work on /home/airflow/.local/lib/python3.8/site-packages/airflow/example_dags/example_branch_operator.py
[2021-02-07 21:58:58,666] {scheduler_job.py:627} INFO - Processing file /home/airflow/.local/lib/python3.8/site-packages/airflow/example_dags/example_branch_operator.py for tasks to queue
[2021-02-07 21:58:58,668] {logging_mixin.py:104} INFO - [2021-02-07 21:58:58,668] {dagbag.py:449} INFO - Filling up the DagBag from /home/airflow/.local/lib/python3.8/site-packages/airflow/example_dags/example_branch_operator.py
[2021-02-07 21:58:58,702] {scheduler_job.py:637} INFO - DAG(s) dict_keys(['example_branch_operator']) retrieved from /home/airflow/.local/lib/python3.8/site-packages/airflow/example_dags/example_branch_operator.py
[2021-02-07 21:58:58,751] {logging_mixin.py:104} INFO - [2021-02-07 21:58:58,751] {dag.py:1818} INFO - Sync 1 DAGs
[2021-02-07 21:58:58,762] {logging_mixin.py:104} INFO - [2021-02-07 21:58:58,761] {dag.py:2273} INFO - Setting next_dagrun for example_branch_operator to 2021-02-05 00:00:00+00:00
[2021-02-07 21:58:58,783] {scheduler_job.py:189} INFO - Processing /home/airflow/.local/lib/python3.8/site-packages/airflow/example_dags/example_branch_operator.py took 0.166 seconds
[2021-02-07 21:59:29,634] {scheduler_job.py:181} INFO - Started process (PID=1144) to work on /home/airflow/.local/lib/python3.8/site-packages/airflow/example_dags/example_branch_operator.py
[2021-02-07 21:59:29,645] {scheduler_job.py:627} INFO - Processing file /home/airflow/.local/lib/python3.8/site-packages/airflow/example_dags/example_branch_operator.py for tasks to queue
[2021-02-07 21:59:29,657] {logging_mixin.py:104} INFO - [2021-02-07 21:59:29,656] {dagbag.py:449} INFO - Filling up the DagBag from /home/airflow/.local/lib/python3.8/site-packages/airflow/example_dags/example_branch_operator.py
[2021-02-07 21:59:29,770] {scheduler_job.py:637} INFO - DAG(s) dict_keys(['example_branch_operator']) retrieved from /home/airflow/.local/lib/python3.8/site-packages/airflow/example_dags/example_branch_operator.py
[2021-02-07 21:59:29,937] {logging_mixin.py:104} INFO - [2021-02-07 21:59:29,937] {dag.py:1818} INFO - Sync 1 DAGs
[2021-02-07 21:59:30,025] {logging_mixin.py:104} INFO - [2021-02-07 21:59:30,024] {dag.py:2273} INFO - Setting next_dagrun for example_branch_operator to 2021-02-05 00:00:00+00:00
[2021-02-07 21:59:30,055] {scheduler_job.py:189} INFO - Processing /home/airflow/.local/lib/python3.8/site-packages/airflow/example_dags/example_branch_operator.py took 0.447 seconds
[2021-02-07 22:00:00,777] {scheduler_job.py:181} INFO - Started process (PID=1171) to work on /home/airflow/.local/lib/python3.8/site-packages/airflow/example_dags/example_branch_operator.py
[2021-02-07 22:00:00,781] {scheduler_job.py:627} INFO - Processing file /home/airflow/.local/lib/python3.8/site-packages/airflow/example_dags/example_branch_operator.py for tasks to queue
[2021-02-07 22:00:00,785] {logging_mixin.py:104} INFO - [2021-02-07 22:00:00,784] {dagbag.py:449} INFO - Filling up the DagBag from /home/airflow/.local/lib/python3.8/site-packages/airflow/example_dags/example_branch_operator.py
[2021-02-07 22:00:00,817] {scheduler_job.py:637} INFO - DAG(s) dict_keys(['example_branch_operator']) retrieved from /home/airflow/.local/lib/python3.8/site-packages/airflow/example_dags/example_branch_operator.py
[2021-02-07 22:00:00,871] {logging_mixin.py:104} INFO - [2021-02-07 22:00:00,871] {dag.py:1818} INFO - Sync 1 DAGs
[2021-02-07 22:00:00,910] {logging_mixin.py:104} INFO - [2021-02-07 22:00:00,910] {dag.py:2273} INFO - Setting next_dagrun for example_branch_operator to 2021-02-05 00:00:00+00:00
[2021-02-07 22:00:00,933] {scheduler_job.py:189} INFO - Processing /home/airflow/.local/lib/python3.8/site-packages/airflow/example_dags/example_branch_operator.py took 0.162 seconds
[2021-02-07 22:00:31,198] {scheduler_job.py:181} INFO - Started process (PID=1198) to work on /home/airflow/.local/lib/python3.8/site-packages/airflow/example_dags/example_branch_operator.py
[2021-02-07 22:00:31,201] {scheduler_job.py:627} INFO - Processing file /home/airflow/.local/lib/python3.8/site-packages/airflow/example_dags/example_branch_operator.py for tasks to queue
[2021-02-07 22:00:31,204] {logging_mixin.py:104} INFO - [2021-02-07 22:00:31,204] {dagbag.py:449} INFO - Filling up the DagBag from /home/airflow/.local/lib/python3.8/site-packages/airflow/example_dags/example_branch_operator.py
[2021-02-07 22:00:31,225] {scheduler_job.py:637} INFO - DAG(s) dict_keys(['example_branch_operator']) retrieved from /home/airflow/.local/lib/python3.8/site-packages/airflow/example_dags/example_branch_operator.py
[2021-02-07 22:00:31,261] {logging_mixin.py:104} INFO - [2021-02-07 22:00:31,260] {dag.py:1818} INFO - Sync 1 DAGs
[2021-02-07 22:00:31,291] {logging_mixin.py:104} INFO - [2021-02-07 22:00:31,291] {dag.py:2273} INFO - Setting next_dagrun for example_branch_operator to 2021-02-05 00:00:00+00:00
[2021-02-07 22:00:31,317] {scheduler_job.py:189} INFO - Processing /home/airflow/.local/lib/python3.8/site-packages/airflow/example_dags/example_branch_operator.py took 0.124 seconds
[2021-02-07 22:01:01,864] {scheduler_job.py:181} INFO - Started process (PID=1221) to work on /home/airflow/.local/lib/python3.8/site-packages/airflow/example_dags/example_branch_operator.py
[2021-02-07 22:01:01,867] {scheduler_job.py:627} INFO - Processing file /home/airflow/.local/lib/python3.8/site-packages/airflow/example_dags/example_branch_operator.py for tasks to queue
[2021-02-07 22:01:01,870] {logging_mixin.py:104} INFO - [2021-02-07 22:01:01,870] {dagbag.py:449} INFO - Filling up the DagBag from /home/airflow/.local/lib/python3.8/site-packages/airflow/example_dags/example_branch_operator.py
[2021-02-07 22:01:01,902] {scheduler_job.py:637} INFO - DAG(s) dict_keys(['example_branch_operator']) retrieved from /home/airflow/.local/lib/python3.8/site-packages/airflow/example_dags/example_branch_operator.py
[2021-02-07 22:01:02,018] {logging_mixin.py:104} INFO - [2021-02-07 22:01:02,017] {dag.py:1818} INFO - Sync 1 DAGs
[2021-02-07 22:01:02,234] {logging_mixin.py:104} INFO - [2021-02-07 22:01:02,232] {dag.py:2273} INFO - Setting next_dagrun for example_branch_operator to 2021-02-05 00:00:00+00:00
[2021-02-07 22:01:02,312] {scheduler_job.py:189} INFO - Processing /home/airflow/.local/lib/python3.8/site-packages/airflow/example_dags/example_branch_operator.py took 0.457 seconds
[2021-02-07 22:01:32,541] {scheduler_job.py:181} INFO - Started process (PID=1248) to work on /home/airflow/.local/lib/python3.8/site-packages/airflow/example_dags/example_branch_operator.py
[2021-02-07 22:01:32,547] {scheduler_job.py:627} INFO - Processing file /home/airflow/.local/lib/python3.8/site-packages/airflow/example_dags/example_branch_operator.py for tasks to queue
[2021-02-07 22:01:32,553] {logging_mixin.py:104} INFO - [2021-02-07 22:01:32,552] {dagbag.py:449} INFO - Filling up the DagBag from /home/airflow/.local/lib/python3.8/site-packages/airflow/example_dags/example_branch_operator.py
[2021-02-07 22:01:32,602] {scheduler_job.py:637} INFO - DAG(s) dict_keys(['example_branch_operator']) retrieved from /home/airflow/.local/lib/python3.8/site-packages/airflow/example_dags/example_branch_operator.py
[2021-02-07 22:01:32,676] {logging_mixin.py:104} INFO - [2021-02-07 22:01:32,676] {dag.py:1818} INFO - Sync 1 DAGs
[2021-02-07 22:01:32,781] {logging_mixin.py:104} INFO - [2021-02-07 22:01:32,780] {dag.py:2273} INFO - Setting next_dagrun for example_branch_operator to 2021-02-05 00:00:00+00:00
[2021-02-07 22:01:32,852] {scheduler_job.py:189} INFO - Processing /home/airflow/.local/lib/python3.8/site-packages/airflow/example_dags/example_branch_operator.py took 0.321 seconds
[2021-02-07 22:02:03,296] {scheduler_job.py:181} INFO - Started process (PID=1274) to work on /home/airflow/.local/lib/python3.8/site-packages/airflow/example_dags/example_branch_operator.py
[2021-02-07 22:02:03,329] {scheduler_job.py:627} INFO - Processing file /home/airflow/.local/lib/python3.8/site-packages/airflow/example_dags/example_branch_operator.py for tasks to queue
[2021-02-07 22:02:03,335] {logging_mixin.py:104} INFO - [2021-02-07 22:02:03,334] {dagbag.py:449} INFO - Filling up the DagBag from /home/airflow/.local/lib/python3.8/site-packages/airflow/example_dags/example_branch_operator.py
[2021-02-07 22:02:03,451] {scheduler_job.py:637} INFO - DAG(s) dict_keys(['example_branch_operator']) retrieved from /home/airflow/.local/lib/python3.8/site-packages/airflow/example_dags/example_branch_operator.py
[2021-02-07 22:02:03,541] {logging_mixin.py:104} INFO - [2021-02-07 22:02:03,541] {dag.py:1818} INFO - Sync 1 DAGs
[2021-02-07 22:02:03,610] {logging_mixin.py:104} INFO - [2021-02-07 22:02:03,609] {dag.py:2273} INFO - Setting next_dagrun for example_branch_operator to 2021-02-05 00:00:00+00:00
[2021-02-07 22:02:03,657] {scheduler_job.py:189} INFO - Processing /home/airflow/.local/lib/python3.8/site-packages/airflow/example_dags/example_branch_operator.py took 0.376 seconds
[2021-02-07 22:02:34,147] {scheduler_job.py:181} INFO - Started process (PID=1300) to work on /home/airflow/.local/lib/python3.8/site-packages/airflow/example_dags/example_branch_operator.py
[2021-02-07 22:02:34,152] {scheduler_job.py:627} INFO - Processing file /home/airflow/.local/lib/python3.8/site-packages/airflow/example_dags/example_branch_operator.py for tasks to queue
[2021-02-07 22:02:34,156] {logging_mixin.py:104} INFO - [2021-02-07 22:02:34,156] {dagbag.py:449} INFO - Filling up the DagBag from /home/airflow/.local/lib/python3.8/site-packages/airflow/example_dags/example_branch_operator.py
[2021-02-07 22:02:34,180] {scheduler_job.py:637} INFO - DAG(s) dict_keys(['example_branch_operator']) retrieved from /home/airflow/.local/lib/python3.8/site-packages/airflow/example_dags/example_branch_operator.py
[2021-02-07 22:02:34,229] {logging_mixin.py:104} INFO - [2021-02-07 22:02:34,229] {dag.py:1818} INFO - Sync 1 DAGs
[2021-02-07 22:02:34,265] {logging_mixin.py:104} INFO - [2021-02-07 22:02:34,264] {dag.py:2273} INFO - Setting next_dagrun for example_branch_operator to 2021-02-05 00:00:00+00:00
[2021-02-07 22:02:34,285] {scheduler_job.py:189} INFO - Processing /home/airflow/.local/lib/python3.8/site-packages/airflow/example_dags/example_branch_operator.py took 0.143 seconds
[2021-02-07 22:03:04,396] {scheduler_job.py:181} INFO - Started process (PID=1326) to work on /home/airflow/.local/lib/python3.8/site-packages/airflow/example_dags/example_branch_operator.py
[2021-02-07 22:03:04,398] {scheduler_job.py:627} INFO - Processing file /home/airflow/.local/lib/python3.8/site-packages/airflow/example_dags/example_branch_operator.py for tasks to queue
[2021-02-07 22:03:04,400] {logging_mixin.py:104} INFO - [2021-02-07 22:03:04,399] {dagbag.py:449} INFO - Filling up the DagBag from /home/airflow/.local/lib/python3.8/site-packages/airflow/example_dags/example_branch_operator.py
[2021-02-07 22:03:04,424] {scheduler_job.py:637} INFO - DAG(s) dict_keys(['example_branch_operator']) retrieved from /home/airflow/.local/lib/python3.8/site-packages/airflow/example_dags/example_branch_operator.py
[2021-02-07 22:03:04,460] {logging_mixin.py:104} INFO - [2021-02-07 22:03:04,460] {dag.py:1818} INFO - Sync 1 DAGs
[2021-02-07 22:03:04,510] {logging_mixin.py:104} INFO - [2021-02-07 22:03:04,510] {dag.py:2273} INFO - Setting next_dagrun for example_branch_operator to 2021-02-05 00:00:00+00:00
[2021-02-07 22:03:04,528] {scheduler_job.py:189} INFO - Processing /home/airflow/.local/lib/python3.8/site-packages/airflow/example_dags/example_branch_operator.py took 0.136 seconds
[2021-02-07 22:03:34,764] {scheduler_job.py:181} INFO - Started process (PID=1353) to work on /home/airflow/.local/lib/python3.8/site-packages/airflow/example_dags/example_branch_operator.py
[2021-02-07 22:03:34,773] {scheduler_job.py:627} INFO - Processing file /home/airflow/.local/lib/python3.8/site-packages/airflow/example_dags/example_branch_operator.py for tasks to queue
[2021-02-07 22:03:34,777] {logging_mixin.py:104} INFO - [2021-02-07 22:03:34,777] {dagbag.py:449} INFO - Filling up the DagBag from /home/airflow/.local/lib/python3.8/site-packages/airflow/example_dags/example_branch_operator.py
[2021-02-07 22:03:34,828] {scheduler_job.py:637} INFO - DAG(s) dict_keys(['example_branch_operator']) retrieved from /home/airflow/.local/lib/python3.8/site-packages/airflow/example_dags/example_branch_operator.py
[2021-02-07 22:03:34,927] {logging_mixin.py:104} INFO - [2021-02-07 22:03:34,925] {dag.py:1818} INFO - Sync 1 DAGs
[2021-02-07 22:03:34,995] {logging_mixin.py:104} INFO - [2021-02-07 22:03:34,995] {dag.py:2273} INFO - Setting next_dagrun for example_branch_operator to 2021-02-05 00:00:00+00:00
[2021-02-07 22:03:35,026] {scheduler_job.py:189} INFO - Processing /home/airflow/.local/lib/python3.8/site-packages/airflow/example_dags/example_branch_operator.py took 0.278 seconds
[2021-02-07 22:04:05,791] {scheduler_job.py:181} INFO - Started process (PID=1379) to work on /home/airflow/.local/lib/python3.8/site-packages/airflow/example_dags/example_branch_operator.py
[2021-02-07 22:04:05,796] {scheduler_job.py:627} INFO - Processing file /home/airflow/.local/lib/python3.8/site-packages/airflow/example_dags/example_branch_operator.py for tasks to queue
[2021-02-07 22:04:05,798] {logging_mixin.py:104} INFO - [2021-02-07 22:04:05,798] {dagbag.py:449} INFO - Filling up the DagBag from /home/airflow/.local/lib/python3.8/site-packages/airflow/example_dags/example_branch_operator.py
[2021-02-07 22:04:05,942] {scheduler_job.py:637} INFO - DAG(s) dict_keys(['example_branch_operator']) retrieved from /home/airflow/.local/lib/python3.8/site-packages/airflow/example_dags/example_branch_operator.py
[2021-02-07 22:04:06,064] {logging_mixin.py:104} INFO - [2021-02-07 22:04:06,064] {dag.py:1818} INFO - Sync 1 DAGs
[2021-02-07 22:04:06,199] {logging_mixin.py:104} INFO - [2021-02-07 22:04:06,199] {dag.py:2273} INFO - Setting next_dagrun for example_branch_operator to 2021-02-05 00:00:00+00:00
[2021-02-07 22:04:06,343] {scheduler_job.py:189} INFO - Processing /home/airflow/.local/lib/python3.8/site-packages/airflow/example_dags/example_branch_operator.py took 0.564 seconds
[2021-02-07 22:04:36,455] {scheduler_job.py:181} INFO - Started process (PID=1405) to work on /home/airflow/.local/lib/python3.8/site-packages/airflow/example_dags/example_branch_operator.py
[2021-02-07 22:04:36,461] {scheduler_job.py:627} INFO - Processing file /home/airflow/.local/lib/python3.8/site-packages/airflow/example_dags/example_branch_operator.py for tasks to queue
[2021-02-07 22:04:36,464] {logging_mixin.py:104} INFO - [2021-02-07 22:04:36,464] {dagbag.py:449} INFO - Filling up the DagBag from /home/airflow/.local/lib/python3.8/site-packages/airflow/example_dags/example_branch_operator.py
[2021-02-07 22:04:36,496] {scheduler_job.py:637} INFO - DAG(s) dict_keys(['example_branch_operator']) retrieved from /home/airflow/.local/lib/python3.8/site-packages/airflow/example_dags/example_branch_operator.py
[2021-02-07 22:04:36,565] {logging_mixin.py:104} INFO - [2021-02-07 22:04:36,564] {dag.py:1818} INFO - Sync 1 DAGs
[2021-02-07 22:04:36,616] {logging_mixin.py:104} INFO - [2021-02-07 22:04:36,616] {dag.py:2273} INFO - Setting next_dagrun for example_branch_operator to 2021-02-05 00:00:00+00:00
[2021-02-07 22:04:36,637] {scheduler_job.py:189} INFO - Processing /home/airflow/.local/lib/python3.8/site-packages/airflow/example_dags/example_branch_operator.py took 0.190 seconds
[2021-02-07 22:05:06,716] {scheduler_job.py:181} INFO - Started process (PID=1431) to work on /home/airflow/.local/lib/python3.8/site-packages/airflow/example_dags/example_branch_operator.py
[2021-02-07 22:05:06,719] {scheduler_job.py:627} INFO - Processing file /home/airflow/.local/lib/python3.8/site-packages/airflow/example_dags/example_branch_operator.py for tasks to queue
[2021-02-07 22:05:06,722] {logging_mixin.py:104} INFO - [2021-02-07 22:05:06,722] {dagbag.py:449} INFO - Filling up the DagBag from /home/airflow/.local/lib/python3.8/site-packages/airflow/example_dags/example_branch_operator.py
[2021-02-07 22:05:06,745] {scheduler_job.py:637} INFO - DAG(s) dict_keys(['example_branch_operator']) retrieved from /home/airflow/.local/lib/python3.8/site-packages/airflow/example_dags/example_branch_operator.py
[2021-02-07 22:05:06,790] {logging_mixin.py:104} INFO - [2021-02-07 22:05:06,790] {dag.py:1818} INFO - Sync 1 DAGs
[2021-02-07 22:05:06,829] {logging_mixin.py:104} INFO - [2021-02-07 22:05:06,829] {dag.py:2273} INFO - Setting next_dagrun for example_branch_operator to 2021-02-05 00:00:00+00:00
[2021-02-07 22:05:06,851] {scheduler_job.py:189} INFO - Processing /home/airflow/.local/lib/python3.8/site-packages/airflow/example_dags/example_branch_operator.py took 0.140 seconds
[2021-02-07 22:05:37,174] {scheduler_job.py:181} INFO - Started process (PID=1457) to work on /home/airflow/.local/lib/python3.8/site-packages/airflow/example_dags/example_branch_operator.py
[2021-02-07 22:05:37,180] {scheduler_job.py:627} INFO - Processing file /home/airflow/.local/lib/python3.8/site-packages/airflow/example_dags/example_branch_operator.py for tasks to queue
[2021-02-07 22:05:37,183] {logging_mixin.py:104} INFO - [2021-02-07 22:05:37,182] {dagbag.py:449} INFO - Filling up the DagBag from /home/airflow/.local/lib/python3.8/site-packages/airflow/example_dags/example_branch_operator.py
[2021-02-07 22:05:37,206] {scheduler_job.py:637} INFO - DAG(s) dict_keys(['example_branch_operator']) retrieved from /home/airflow/.local/lib/python3.8/site-packages/airflow/example_dags/example_branch_operator.py
[2021-02-07 22:05:37,250] {logging_mixin.py:104} INFO - [2021-02-07 22:05:37,250] {dag.py:1818} INFO - Sync 1 DAGs
[2021-02-07 22:05:37,283] {logging_mixin.py:104} INFO - [2021-02-07 22:05:37,283] {dag.py:2273} INFO - Setting next_dagrun for example_branch_operator to 2021-02-05 00:00:00+00:00
[2021-02-07 22:05:37,301] {scheduler_job.py:189} INFO - Processing /home/airflow/.local/lib/python3.8/site-packages/airflow/example_dags/example_branch_operator.py took 0.134 seconds
[2021-02-07 22:23:49,979] {scheduler_job.py:181} INFO - Started process (PID=1480) to work on /home/airflow/.local/lib/python3.8/site-packages/airflow/example_dags/example_branch_operator.py
[2021-02-07 22:23:49,986] {scheduler_job.py:627} INFO - Processing file /home/airflow/.local/lib/python3.8/site-packages/airflow/example_dags/example_branch_operator.py for tasks to queue
[2021-02-07 22:23:49,994] {logging_mixin.py:104} INFO - [2021-02-07 22:23:49,993] {dagbag.py:449} INFO - Filling up the DagBag from /home/airflow/.local/lib/python3.8/site-packages/airflow/example_dags/example_branch_operator.py
[2021-02-07 22:23:50,046] {scheduler_job.py:637} INFO - DAG(s) dict_keys(['example_branch_operator']) retrieved from /home/airflow/.local/lib/python3.8/site-packages/airflow/example_dags/example_branch_operator.py
[2021-02-07 22:23:50,153] {logging_mixin.py:104} INFO - [2021-02-07 22:23:50,152] {dag.py:1818} INFO - Sync 1 DAGs
[2021-02-07 22:23:50,195] {logging_mixin.py:104} INFO - [2021-02-07 22:23:50,195] {dag.py:2273} INFO - Setting next_dagrun for example_branch_operator to 2021-02-05 00:00:00+00:00
[2021-02-07 22:23:50,277] {scheduler_job.py:189} INFO - Processing /home/airflow/.local/lib/python3.8/site-packages/airflow/example_dags/example_branch_operator.py took 0.313 seconds
[2021-02-07 22:24:21,889] {scheduler_job.py:181} INFO - Started process (PID=1505) to work on /home/airflow/.local/lib/python3.8/site-packages/airflow/example_dags/example_branch_operator.py
[2021-02-07 22:24:21,903] {scheduler_job.py:627} INFO - Processing file /home/airflow/.local/lib/python3.8/site-packages/airflow/example_dags/example_branch_operator.py for tasks to queue
[2021-02-07 22:24:21,927] {logging_mixin.py:104} INFO - [2021-02-07 22:24:21,927] {dagbag.py:449} INFO - Filling up the DagBag from /home/airflow/.local/lib/python3.8/site-packages/airflow/example_dags/example_branch_operator.py
[2021-02-07 22:24:22,059] {scheduler_job.py:637} INFO - DAG(s) dict_keys(['example_branch_operator']) retrieved from /home/airflow/.local/lib/python3.8/site-packages/airflow/example_dags/example_branch_operator.py
[2021-02-07 22:24:22,285] {logging_mixin.py:104} INFO - [2021-02-07 22:24:22,285] {dag.py:1818} INFO - Sync 1 DAGs
[2021-02-07 22:24:22,428] {logging_mixin.py:104} INFO - [2021-02-07 22:24:22,419] {dag.py:2273} INFO - Setting next_dagrun for example_branch_operator to 2021-02-05 00:00:00+00:00
[2021-02-07 22:24:22,500] {scheduler_job.py:189} INFO - Processing /home/airflow/.local/lib/python3.8/site-packages/airflow/example_dags/example_branch_operator.py took 0.628 seconds
[2021-02-07 22:24:52,723] {scheduler_job.py:181} INFO - Started process (PID=1531) to work on /home/airflow/.local/lib/python3.8/site-packages/airflow/example_dags/example_branch_operator.py
[2021-02-07 22:24:52,726] {scheduler_job.py:627} INFO - Processing file /home/airflow/.local/lib/python3.8/site-packages/airflow/example_dags/example_branch_operator.py for tasks to queue
[2021-02-07 22:24:52,728] {logging_mixin.py:104} INFO - [2021-02-07 22:24:52,728] {dagbag.py:449} INFO - Filling up the DagBag from /home/airflow/.local/lib/python3.8/site-packages/airflow/example_dags/example_branch_operator.py
[2021-02-07 22:24:52,752] {scheduler_job.py:637} INFO - DAG(s) dict_keys(['example_branch_operator']) retrieved from /home/airflow/.local/lib/python3.8/site-packages/airflow/example_dags/example_branch_operator.py
[2021-02-07 22:24:52,788] {logging_mixin.py:104} INFO - [2021-02-07 22:24:52,788] {dag.py:1818} INFO - Sync 1 DAGs
[2021-02-07 22:24:52,820] {logging_mixin.py:104} INFO - [2021-02-07 22:24:52,820] {dag.py:2273} INFO - Setting next_dagrun for example_branch_operator to 2021-02-05 00:00:00+00:00
[2021-02-07 22:24:52,841] {scheduler_job.py:189} INFO - Processing /home/airflow/.local/lib/python3.8/site-packages/airflow/example_dags/example_branch_operator.py took 0.123 seconds
[2021-02-07 22:25:23,121] {scheduler_job.py:181} INFO - Started process (PID=1558) to work on /home/airflow/.local/lib/python3.8/site-packages/airflow/example_dags/example_branch_operator.py
[2021-02-07 22:25:23,125] {scheduler_job.py:627} INFO - Processing file /home/airflow/.local/lib/python3.8/site-packages/airflow/example_dags/example_branch_operator.py for tasks to queue
[2021-02-07 22:25:23,127] {logging_mixin.py:104} INFO - [2021-02-07 22:25:23,127] {dagbag.py:449} INFO - Filling up the DagBag from /home/airflow/.local/lib/python3.8/site-packages/airflow/example_dags/example_branch_operator.py
[2021-02-07 22:25:23,158] {scheduler_job.py:637} INFO - DAG(s) dict_keys(['example_branch_operator']) retrieved from /home/airflow/.local/lib/python3.8/site-packages/airflow/example_dags/example_branch_operator.py
[2021-02-07 22:25:23,208] {logging_mixin.py:104} INFO - [2021-02-07 22:25:23,208] {dag.py:1818} INFO - Sync 1 DAGs
[2021-02-07 22:25:23,257] {logging_mixin.py:104} INFO - [2021-02-07 22:25:23,257] {dag.py:2273} INFO - Setting next_dagrun for example_branch_operator to 2021-02-05 00:00:00+00:00
[2021-02-07 22:25:23,278] {scheduler_job.py:189} INFO - Processing /home/airflow/.local/lib/python3.8/site-packages/airflow/example_dags/example_branch_operator.py took 0.166 seconds
[2021-02-07 22:25:53,703] {scheduler_job.py:181} INFO - Started process (PID=1583) to work on /home/airflow/.local/lib/python3.8/site-packages/airflow/example_dags/example_branch_operator.py
[2021-02-07 22:25:53,709] {scheduler_job.py:627} INFO - Processing file /home/airflow/.local/lib/python3.8/site-packages/airflow/example_dags/example_branch_operator.py for tasks to queue
[2021-02-07 22:25:53,712] {logging_mixin.py:104} INFO - [2021-02-07 22:25:53,712] {dagbag.py:449} INFO - Filling up the DagBag from /home/airflow/.local/lib/python3.8/site-packages/airflow/example_dags/example_branch_operator.py
[2021-02-07 22:25:53,734] {scheduler_job.py:637} INFO - DAG(s) dict_keys(['example_branch_operator']) retrieved from /home/airflow/.local/lib/python3.8/site-packages/airflow/example_dags/example_branch_operator.py
[2021-02-07 22:25:53,764] {logging_mixin.py:104} INFO - [2021-02-07 22:25:53,763] {dag.py:1818} INFO - Sync 1 DAGs
[2021-02-07 22:25:53,786] {logging_mixin.py:104} INFO - [2021-02-07 22:25:53,786] {dag.py:2273} INFO - Setting next_dagrun for example_branch_operator to 2021-02-05 00:00:00+00:00
[2021-02-07 22:25:53,797] {scheduler_job.py:189} INFO - Processing /home/airflow/.local/lib/python3.8/site-packages/airflow/example_dags/example_branch_operator.py took 0.100 seconds
[2021-02-07 23:26:18,809] {scheduler_job.py:181} INFO - Started process (PID=1610) to work on /home/airflow/.local/lib/python3.8/site-packages/airflow/example_dags/example_branch_operator.py
[2021-02-07 23:26:18,817] {scheduler_job.py:627} INFO - Processing file /home/airflow/.local/lib/python3.8/site-packages/airflow/example_dags/example_branch_operator.py for tasks to queue
[2021-02-07 23:26:18,821] {logging_mixin.py:104} INFO - [2021-02-07 23:26:18,821] {dagbag.py:449} INFO - Filling up the DagBag from /home/airflow/.local/lib/python3.8/site-packages/airflow/example_dags/example_branch_operator.py
[2021-02-07 23:26:18,844] {scheduler_job.py:637} INFO - DAG(s) dict_keys(['example_branch_operator']) retrieved from /home/airflow/.local/lib/python3.8/site-packages/airflow/example_dags/example_branch_operator.py
[2021-02-07 23:26:18,881] {logging_mixin.py:104} INFO - [2021-02-07 23:26:18,881] {dag.py:1818} INFO - Sync 1 DAGs
[2021-02-07 23:26:18,919] {logging_mixin.py:104} INFO - [2021-02-07 23:26:18,919] {dag.py:2273} INFO - Setting next_dagrun for example_branch_operator to 2021-02-05 00:00:00+00:00
[2021-02-07 23:26:18,945] {scheduler_job.py:189} INFO - Processing /home/airflow/.local/lib/python3.8/site-packages/airflow/example_dags/example_branch_operator.py took 0.145 seconds
