[2021-02-07 14:47:38,050] {scheduler_job.py:181} INFO - Started process (PID=27) to work on /home/airflow/.local/lib/python3.8/site-packages/airflow/example_dags/example_trigger_controller_dag.py
[2021-02-07 14:47:38,053] {scheduler_job.py:627} INFO - Processing file /home/airflow/.local/lib/python3.8/site-packages/airflow/example_dags/example_trigger_controller_dag.py for tasks to queue
[2021-02-07 14:47:38,055] {logging_mixin.py:104} INFO - [2021-02-07 14:47:38,055] {dagbag.py:449} INFO - Filling up the DagBag from /home/airflow/.local/lib/python3.8/site-packages/airflow/example_dags/example_trigger_controller_dag.py
[2021-02-07 14:47:38,072] {scheduler_job.py:637} INFO - DAG(s) dict_keys(['example_trigger_controller_dag']) retrieved from /home/airflow/.local/lib/python3.8/site-packages/airflow/example_dags/example_trigger_controller_dag.py
[2021-02-07 14:47:38,111] {logging_mixin.py:104} INFO - [2021-02-07 14:47:38,111] {dag.py:1818} INFO - Sync 1 DAGs
[2021-02-07 14:47:38,129] {logging_mixin.py:104} INFO - [2021-02-07 14:47:38,128] {dag.py:1837} INFO - Creating ORM DAG for example_trigger_controller_dag
[2021-02-07 14:47:38,135] {logging_mixin.py:104} INFO - [2021-02-07 14:47:38,135] {dag.py:2273} INFO - Setting next_dagrun for example_trigger_controller_dag to 2021-02-05 00:00:00+00:00
[2021-02-07 14:47:38,150] {scheduler_job.py:189} INFO - Processing /home/airflow/.local/lib/python3.8/site-packages/airflow/example_dags/example_trigger_controller_dag.py took 0.110 seconds
[2021-02-07 14:48:09,215] {scheduler_job.py:181} INFO - Started process (PID=53) to work on /home/airflow/.local/lib/python3.8/site-packages/airflow/example_dags/example_trigger_controller_dag.py
[2021-02-07 14:48:09,228] {scheduler_job.py:627} INFO - Processing file /home/airflow/.local/lib/python3.8/site-packages/airflow/example_dags/example_trigger_controller_dag.py for tasks to queue
[2021-02-07 14:48:09,238] {logging_mixin.py:104} INFO - [2021-02-07 14:48:09,236] {dagbag.py:449} INFO - Filling up the DagBag from /home/airflow/.local/lib/python3.8/site-packages/airflow/example_dags/example_trigger_controller_dag.py
[2021-02-07 14:48:09,300] {scheduler_job.py:637} INFO - DAG(s) dict_keys(['example_trigger_controller_dag']) retrieved from /home/airflow/.local/lib/python3.8/site-packages/airflow/example_dags/example_trigger_controller_dag.py
[2021-02-07 14:48:09,418] {logging_mixin.py:104} INFO - [2021-02-07 14:48:09,418] {dag.py:1818} INFO - Sync 1 DAGs
[2021-02-07 14:48:09,442] {logging_mixin.py:104} INFO - [2021-02-07 14:48:09,442] {dag.py:2273} INFO - Setting next_dagrun for example_trigger_controller_dag to 2021-02-05 00:00:00+00:00
[2021-02-07 14:48:09,484] {scheduler_job.py:189} INFO - Processing /home/airflow/.local/lib/python3.8/site-packages/airflow/example_dags/example_trigger_controller_dag.py took 0.290 seconds
[2021-02-07 15:04:17,716] {scheduler_job.py:181} INFO - Started process (PID=28) to work on /home/airflow/.local/lib/python3.8/site-packages/airflow/example_dags/example_trigger_controller_dag.py
[2021-02-07 15:04:17,724] {scheduler_job.py:627} INFO - Processing file /home/airflow/.local/lib/python3.8/site-packages/airflow/example_dags/example_trigger_controller_dag.py for tasks to queue
[2021-02-07 15:04:17,726] {logging_mixin.py:104} INFO - [2021-02-07 15:04:17,726] {dagbag.py:449} INFO - Filling up the DagBag from /home/airflow/.local/lib/python3.8/site-packages/airflow/example_dags/example_trigger_controller_dag.py
[2021-02-07 15:04:17,766] {scheduler_job.py:637} INFO - DAG(s) dict_keys(['example_trigger_controller_dag']) retrieved from /home/airflow/.local/lib/python3.8/site-packages/airflow/example_dags/example_trigger_controller_dag.py
[2021-02-07 15:04:17,851] {logging_mixin.py:104} INFO - [2021-02-07 15:04:17,850] {dag.py:1818} INFO - Sync 1 DAGs
[2021-02-07 15:04:17,885] {logging_mixin.py:104} INFO - [2021-02-07 15:04:17,885] {dag.py:2273} INFO - Setting next_dagrun for example_trigger_controller_dag to 2021-02-05 00:00:00+00:00
[2021-02-07 15:04:17,910] {scheduler_job.py:189} INFO - Processing /home/airflow/.local/lib/python3.8/site-packages/airflow/example_dags/example_trigger_controller_dag.py took 0.201 seconds
[2021-02-07 15:04:51,444] {scheduler_job.py:181} INFO - Started process (PID=54) to work on /home/airflow/.local/lib/python3.8/site-packages/airflow/example_dags/example_trigger_controller_dag.py
[2021-02-07 15:04:51,480] {scheduler_job.py:627} INFO - Processing file /home/airflow/.local/lib/python3.8/site-packages/airflow/example_dags/example_trigger_controller_dag.py for tasks to queue
[2021-02-07 15:04:51,505] {logging_mixin.py:104} INFO - [2021-02-07 15:04:51,490] {dagbag.py:449} INFO - Filling up the DagBag from /home/airflow/.local/lib/python3.8/site-packages/airflow/example_dags/example_trigger_controller_dag.py
[2021-02-07 15:04:51,653] {scheduler_job.py:637} INFO - DAG(s) dict_keys(['example_trigger_controller_dag']) retrieved from /home/airflow/.local/lib/python3.8/site-packages/airflow/example_dags/example_trigger_controller_dag.py
[2021-02-07 15:04:52,237] {logging_mixin.py:104} INFO - [2021-02-07 15:04:52,236] {dag.py:1818} INFO - Sync 1 DAGs
[2021-02-07 15:04:52,426] {logging_mixin.py:104} INFO - [2021-02-07 15:04:52,425] {dag.py:2273} INFO - Setting next_dagrun for example_trigger_controller_dag to 2021-02-05 00:00:00+00:00
[2021-02-07 15:04:52,617] {scheduler_job.py:189} INFO - Processing /home/airflow/.local/lib/python3.8/site-packages/airflow/example_dags/example_trigger_controller_dag.py took 1.234 seconds
[2021-02-07 15:05:28,490] {scheduler_job.py:181} INFO - Started process (PID=80) to work on /home/airflow/.local/lib/python3.8/site-packages/airflow/example_dags/example_trigger_controller_dag.py
[2021-02-07 15:05:28,511] {scheduler_job.py:627} INFO - Processing file /home/airflow/.local/lib/python3.8/site-packages/airflow/example_dags/example_trigger_controller_dag.py for tasks to queue
[2021-02-07 15:05:28,535] {logging_mixin.py:104} INFO - [2021-02-07 15:05:28,527] {dagbag.py:449} INFO - Filling up the DagBag from /home/airflow/.local/lib/python3.8/site-packages/airflow/example_dags/example_trigger_controller_dag.py
[2021-02-07 15:05:28,924] {scheduler_job.py:637} INFO - DAG(s) dict_keys(['example_trigger_controller_dag']) retrieved from /home/airflow/.local/lib/python3.8/site-packages/airflow/example_dags/example_trigger_controller_dag.py
[2021-02-07 15:05:29,453] {logging_mixin.py:104} INFO - [2021-02-07 15:05:29,451] {dag.py:1818} INFO - Sync 1 DAGs
[2021-02-07 15:05:30,008] {logging_mixin.py:104} INFO - [2021-02-07 15:05:30,006] {dag.py:2273} INFO - Setting next_dagrun for example_trigger_controller_dag to 2021-02-05 00:00:00+00:00
[2021-02-07 15:05:30,300] {scheduler_job.py:189} INFO - Processing /home/airflow/.local/lib/python3.8/site-packages/airflow/example_dags/example_trigger_controller_dag.py took 1.893 seconds
[2021-02-07 15:06:00,577] {scheduler_job.py:181} INFO - Started process (PID=106) to work on /home/airflow/.local/lib/python3.8/site-packages/airflow/example_dags/example_trigger_controller_dag.py
[2021-02-07 15:06:00,590] {scheduler_job.py:627} INFO - Processing file /home/airflow/.local/lib/python3.8/site-packages/airflow/example_dags/example_trigger_controller_dag.py for tasks to queue
[2021-02-07 15:06:00,596] {logging_mixin.py:104} INFO - [2021-02-07 15:06:00,596] {dagbag.py:449} INFO - Filling up the DagBag from /home/airflow/.local/lib/python3.8/site-packages/airflow/example_dags/example_trigger_controller_dag.py
[2021-02-07 15:06:00,633] {scheduler_job.py:637} INFO - DAG(s) dict_keys(['example_trigger_controller_dag']) retrieved from /home/airflow/.local/lib/python3.8/site-packages/airflow/example_dags/example_trigger_controller_dag.py
[2021-02-07 15:06:00,755] {logging_mixin.py:104} INFO - [2021-02-07 15:06:00,755] {dag.py:1818} INFO - Sync 1 DAGs
[2021-02-07 15:06:00,817] {logging_mixin.py:104} INFO - [2021-02-07 15:06:00,812] {dag.py:2273} INFO - Setting next_dagrun for example_trigger_controller_dag to 2021-02-05 00:00:00+00:00
[2021-02-07 15:06:00,900] {scheduler_job.py:189} INFO - Processing /home/airflow/.local/lib/python3.8/site-packages/airflow/example_dags/example_trigger_controller_dag.py took 0.339 seconds
[2021-02-07 15:06:31,111] {scheduler_job.py:181} INFO - Started process (PID=132) to work on /home/airflow/.local/lib/python3.8/site-packages/airflow/example_dags/example_trigger_controller_dag.py
[2021-02-07 15:06:31,116] {scheduler_job.py:627} INFO - Processing file /home/airflow/.local/lib/python3.8/site-packages/airflow/example_dags/example_trigger_controller_dag.py for tasks to queue
[2021-02-07 15:06:31,118] {logging_mixin.py:104} INFO - [2021-02-07 15:06:31,118] {dagbag.py:449} INFO - Filling up the DagBag from /home/airflow/.local/lib/python3.8/site-packages/airflow/example_dags/example_trigger_controller_dag.py
[2021-02-07 15:06:31,136] {scheduler_job.py:637} INFO - DAG(s) dict_keys(['example_trigger_controller_dag']) retrieved from /home/airflow/.local/lib/python3.8/site-packages/airflow/example_dags/example_trigger_controller_dag.py
[2021-02-07 15:06:31,170] {logging_mixin.py:104} INFO - [2021-02-07 15:06:31,170] {dag.py:1818} INFO - Sync 1 DAGs
[2021-02-07 15:06:31,187] {logging_mixin.py:104} INFO - [2021-02-07 15:06:31,187] {dag.py:2273} INFO - Setting next_dagrun for example_trigger_controller_dag to 2021-02-05 00:00:00+00:00
[2021-02-07 15:06:31,203] {scheduler_job.py:189} INFO - Processing /home/airflow/.local/lib/python3.8/site-packages/airflow/example_dags/example_trigger_controller_dag.py took 0.096 seconds
[2021-02-07 15:07:01,469] {scheduler_job.py:181} INFO - Started process (PID=158) to work on /home/airflow/.local/lib/python3.8/site-packages/airflow/example_dags/example_trigger_controller_dag.py
[2021-02-07 15:07:01,473] {scheduler_job.py:627} INFO - Processing file /home/airflow/.local/lib/python3.8/site-packages/airflow/example_dags/example_trigger_controller_dag.py for tasks to queue
[2021-02-07 15:07:01,475] {logging_mixin.py:104} INFO - [2021-02-07 15:07:01,475] {dagbag.py:449} INFO - Filling up the DagBag from /home/airflow/.local/lib/python3.8/site-packages/airflow/example_dags/example_trigger_controller_dag.py
[2021-02-07 15:07:01,487] {scheduler_job.py:637} INFO - DAG(s) dict_keys(['example_trigger_controller_dag']) retrieved from /home/airflow/.local/lib/python3.8/site-packages/airflow/example_dags/example_trigger_controller_dag.py
[2021-02-07 15:07:01,517] {logging_mixin.py:104} INFO - [2021-02-07 15:07:01,517] {dag.py:1818} INFO - Sync 1 DAGs
[2021-02-07 15:07:01,532] {logging_mixin.py:104} INFO - [2021-02-07 15:07:01,532] {dag.py:2273} INFO - Setting next_dagrun for example_trigger_controller_dag to 2021-02-05 00:00:00+00:00
[2021-02-07 15:07:01,543] {scheduler_job.py:189} INFO - Processing /home/airflow/.local/lib/python3.8/site-packages/airflow/example_dags/example_trigger_controller_dag.py took 0.078 seconds
[2021-02-07 15:07:31,769] {scheduler_job.py:181} INFO - Started process (PID=184) to work on /home/airflow/.local/lib/python3.8/site-packages/airflow/example_dags/example_trigger_controller_dag.py
[2021-02-07 15:07:31,771] {scheduler_job.py:627} INFO - Processing file /home/airflow/.local/lib/python3.8/site-packages/airflow/example_dags/example_trigger_controller_dag.py for tasks to queue
[2021-02-07 15:07:31,773] {logging_mixin.py:104} INFO - [2021-02-07 15:07:31,773] {dagbag.py:449} INFO - Filling up the DagBag from /home/airflow/.local/lib/python3.8/site-packages/airflow/example_dags/example_trigger_controller_dag.py
[2021-02-07 15:07:31,786] {scheduler_job.py:637} INFO - DAG(s) dict_keys(['example_trigger_controller_dag']) retrieved from /home/airflow/.local/lib/python3.8/site-packages/airflow/example_dags/example_trigger_controller_dag.py
[2021-02-07 15:07:31,813] {logging_mixin.py:104} INFO - [2021-02-07 15:07:31,813] {dag.py:1818} INFO - Sync 1 DAGs
[2021-02-07 15:07:31,829] {logging_mixin.py:104} INFO - [2021-02-07 15:07:31,829] {dag.py:2273} INFO - Setting next_dagrun for example_trigger_controller_dag to 2021-02-05 00:00:00+00:00
[2021-02-07 15:07:31,842] {scheduler_job.py:189} INFO - Processing /home/airflow/.local/lib/python3.8/site-packages/airflow/example_dags/example_trigger_controller_dag.py took 0.078 seconds
[2021-02-07 15:08:02,020] {scheduler_job.py:181} INFO - Started process (PID=210) to work on /home/airflow/.local/lib/python3.8/site-packages/airflow/example_dags/example_trigger_controller_dag.py
[2021-02-07 15:08:02,023] {scheduler_job.py:627} INFO - Processing file /home/airflow/.local/lib/python3.8/site-packages/airflow/example_dags/example_trigger_controller_dag.py for tasks to queue
[2021-02-07 15:08:02,024] {logging_mixin.py:104} INFO - [2021-02-07 15:08:02,024] {dagbag.py:449} INFO - Filling up the DagBag from /home/airflow/.local/lib/python3.8/site-packages/airflow/example_dags/example_trigger_controller_dag.py
[2021-02-07 15:08:02,038] {scheduler_job.py:637} INFO - DAG(s) dict_keys(['example_trigger_controller_dag']) retrieved from /home/airflow/.local/lib/python3.8/site-packages/airflow/example_dags/example_trigger_controller_dag.py
[2021-02-07 15:08:02,066] {logging_mixin.py:104} INFO - [2021-02-07 15:08:02,066] {dag.py:1818} INFO - Sync 1 DAGs
[2021-02-07 15:08:02,080] {logging_mixin.py:104} INFO - [2021-02-07 15:08:02,080] {dag.py:2273} INFO - Setting next_dagrun for example_trigger_controller_dag to 2021-02-05 00:00:00+00:00
[2021-02-07 15:08:02,095] {scheduler_job.py:189} INFO - Processing /home/airflow/.local/lib/python3.8/site-packages/airflow/example_dags/example_trigger_controller_dag.py took 0.079 seconds
[2021-02-07 15:08:32,364] {scheduler_job.py:181} INFO - Started process (PID=236) to work on /home/airflow/.local/lib/python3.8/site-packages/airflow/example_dags/example_trigger_controller_dag.py
[2021-02-07 15:08:32,366] {scheduler_job.py:627} INFO - Processing file /home/airflow/.local/lib/python3.8/site-packages/airflow/example_dags/example_trigger_controller_dag.py for tasks to queue
[2021-02-07 15:08:32,367] {logging_mixin.py:104} INFO - [2021-02-07 15:08:32,367] {dagbag.py:449} INFO - Filling up the DagBag from /home/airflow/.local/lib/python3.8/site-packages/airflow/example_dags/example_trigger_controller_dag.py
[2021-02-07 15:08:32,381] {scheduler_job.py:637} INFO - DAG(s) dict_keys(['example_trigger_controller_dag']) retrieved from /home/airflow/.local/lib/python3.8/site-packages/airflow/example_dags/example_trigger_controller_dag.py
[2021-02-07 15:08:32,406] {logging_mixin.py:104} INFO - [2021-02-07 15:08:32,405] {dag.py:1818} INFO - Sync 1 DAGs
[2021-02-07 15:08:32,420] {logging_mixin.py:104} INFO - [2021-02-07 15:08:32,420] {dag.py:2273} INFO - Setting next_dagrun for example_trigger_controller_dag to 2021-02-05 00:00:00+00:00
[2021-02-07 15:08:32,438] {scheduler_job.py:189} INFO - Processing /home/airflow/.local/lib/python3.8/site-packages/airflow/example_dags/example_trigger_controller_dag.py took 0.078 seconds
[2021-02-07 15:09:02,542] {scheduler_job.py:181} INFO - Started process (PID=262) to work on /home/airflow/.local/lib/python3.8/site-packages/airflow/example_dags/example_trigger_controller_dag.py
[2021-02-07 15:09:02,545] {scheduler_job.py:627} INFO - Processing file /home/airflow/.local/lib/python3.8/site-packages/airflow/example_dags/example_trigger_controller_dag.py for tasks to queue
[2021-02-07 15:09:02,547] {logging_mixin.py:104} INFO - [2021-02-07 15:09:02,547] {dagbag.py:449} INFO - Filling up the DagBag from /home/airflow/.local/lib/python3.8/site-packages/airflow/example_dags/example_trigger_controller_dag.py
[2021-02-07 15:09:02,562] {scheduler_job.py:637} INFO - DAG(s) dict_keys(['example_trigger_controller_dag']) retrieved from /home/airflow/.local/lib/python3.8/site-packages/airflow/example_dags/example_trigger_controller_dag.py
[2021-02-07 15:09:02,598] {logging_mixin.py:104} INFO - [2021-02-07 15:09:02,598] {dag.py:1818} INFO - Sync 1 DAGs
[2021-02-07 15:09:02,619] {logging_mixin.py:104} INFO - [2021-02-07 15:09:02,619] {dag.py:2273} INFO - Setting next_dagrun for example_trigger_controller_dag to 2021-02-05 00:00:00+00:00
[2021-02-07 15:09:02,635] {scheduler_job.py:189} INFO - Processing /home/airflow/.local/lib/python3.8/site-packages/airflow/example_dags/example_trigger_controller_dag.py took 0.097 seconds
[2021-02-07 15:09:33,003] {scheduler_job.py:181} INFO - Started process (PID=288) to work on /home/airflow/.local/lib/python3.8/site-packages/airflow/example_dags/example_trigger_controller_dag.py
[2021-02-07 15:09:33,004] {scheduler_job.py:627} INFO - Processing file /home/airflow/.local/lib/python3.8/site-packages/airflow/example_dags/example_trigger_controller_dag.py for tasks to queue
[2021-02-07 15:09:33,006] {logging_mixin.py:104} INFO - [2021-02-07 15:09:33,006] {dagbag.py:449} INFO - Filling up the DagBag from /home/airflow/.local/lib/python3.8/site-packages/airflow/example_dags/example_trigger_controller_dag.py
[2021-02-07 15:09:33,017] {scheduler_job.py:637} INFO - DAG(s) dict_keys(['example_trigger_controller_dag']) retrieved from /home/airflow/.local/lib/python3.8/site-packages/airflow/example_dags/example_trigger_controller_dag.py
[2021-02-07 15:09:33,043] {logging_mixin.py:104} INFO - [2021-02-07 15:09:33,043] {dag.py:1818} INFO - Sync 1 DAGs
[2021-02-07 15:09:33,057] {logging_mixin.py:104} INFO - [2021-02-07 15:09:33,057] {dag.py:2273} INFO - Setting next_dagrun for example_trigger_controller_dag to 2021-02-05 00:00:00+00:00
[2021-02-07 15:09:33,074] {scheduler_job.py:189} INFO - Processing /home/airflow/.local/lib/python3.8/site-packages/airflow/example_dags/example_trigger_controller_dag.py took 0.075 seconds
[2021-02-07 15:10:03,460] {scheduler_job.py:181} INFO - Started process (PID=314) to work on /home/airflow/.local/lib/python3.8/site-packages/airflow/example_dags/example_trigger_controller_dag.py
[2021-02-07 15:10:03,462] {scheduler_job.py:627} INFO - Processing file /home/airflow/.local/lib/python3.8/site-packages/airflow/example_dags/example_trigger_controller_dag.py for tasks to queue
[2021-02-07 15:10:03,464] {logging_mixin.py:104} INFO - [2021-02-07 15:10:03,464] {dagbag.py:449} INFO - Filling up the DagBag from /home/airflow/.local/lib/python3.8/site-packages/airflow/example_dags/example_trigger_controller_dag.py
[2021-02-07 15:10:03,481] {scheduler_job.py:637} INFO - DAG(s) dict_keys(['example_trigger_controller_dag']) retrieved from /home/airflow/.local/lib/python3.8/site-packages/airflow/example_dags/example_trigger_controller_dag.py
[2021-02-07 15:10:03,512] {logging_mixin.py:104} INFO - [2021-02-07 15:10:03,512] {dag.py:1818} INFO - Sync 1 DAGs
[2021-02-07 15:10:03,527] {logging_mixin.py:104} INFO - [2021-02-07 15:10:03,527] {dag.py:2273} INFO - Setting next_dagrun for example_trigger_controller_dag to 2021-02-05 00:00:00+00:00
[2021-02-07 15:10:03,538] {scheduler_job.py:189} INFO - Processing /home/airflow/.local/lib/python3.8/site-packages/airflow/example_dags/example_trigger_controller_dag.py took 0.083 seconds
[2021-02-07 15:11:35,955] {scheduler_job.py:181} INFO - Started process (PID=334) to work on /home/airflow/.local/lib/python3.8/site-packages/airflow/example_dags/example_trigger_controller_dag.py
[2021-02-07 15:11:35,967] {scheduler_job.py:627} INFO - Processing file /home/airflow/.local/lib/python3.8/site-packages/airflow/example_dags/example_trigger_controller_dag.py for tasks to queue
[2021-02-07 15:11:35,975] {logging_mixin.py:104} INFO - [2021-02-07 15:11:35,975] {dagbag.py:449} INFO - Filling up the DagBag from /home/airflow/.local/lib/python3.8/site-packages/airflow/example_dags/example_trigger_controller_dag.py
[2021-02-07 15:11:36,049] {scheduler_job.py:637} INFO - DAG(s) dict_keys(['example_trigger_controller_dag']) retrieved from /home/airflow/.local/lib/python3.8/site-packages/airflow/example_dags/example_trigger_controller_dag.py
[2021-02-07 15:11:36,272] {logging_mixin.py:104} INFO - [2021-02-07 15:11:36,272] {dag.py:1818} INFO - Sync 1 DAGs
[2021-02-07 15:11:36,396] {logging_mixin.py:104} INFO - [2021-02-07 15:11:36,395] {dag.py:2273} INFO - Setting next_dagrun for example_trigger_controller_dag to 2021-02-05 00:00:00+00:00
[2021-02-07 15:11:36,494] {scheduler_job.py:189} INFO - Processing /home/airflow/.local/lib/python3.8/site-packages/airflow/example_dags/example_trigger_controller_dag.py took 0.561 seconds
[2021-02-07 19:10:19,702] {scheduler_job.py:181} INFO - Started process (PID=360) to work on /home/airflow/.local/lib/python3.8/site-packages/airflow/example_dags/example_trigger_controller_dag.py
[2021-02-07 19:10:19,707] {scheduler_job.py:627} INFO - Processing file /home/airflow/.local/lib/python3.8/site-packages/airflow/example_dags/example_trigger_controller_dag.py for tasks to queue
[2021-02-07 19:10:19,710] {logging_mixin.py:104} INFO - [2021-02-07 19:10:19,709] {dagbag.py:449} INFO - Filling up the DagBag from /home/airflow/.local/lib/python3.8/site-packages/airflow/example_dags/example_trigger_controller_dag.py
[2021-02-07 19:10:19,732] {scheduler_job.py:637} INFO - DAG(s) dict_keys(['example_trigger_controller_dag']) retrieved from /home/airflow/.local/lib/python3.8/site-packages/airflow/example_dags/example_trigger_controller_dag.py
[2021-02-07 19:10:19,792] {logging_mixin.py:104} INFO - [2021-02-07 19:10:19,792] {dag.py:1818} INFO - Sync 1 DAGs
[2021-02-07 19:10:19,822] {logging_mixin.py:104} INFO - [2021-02-07 19:10:19,822] {dag.py:2273} INFO - Setting next_dagrun for example_trigger_controller_dag to 2021-02-05 00:00:00+00:00
[2021-02-07 19:10:19,846] {scheduler_job.py:189} INFO - Processing /home/airflow/.local/lib/python3.8/site-packages/airflow/example_dags/example_trigger_controller_dag.py took 0.151 seconds
[2021-02-07 21:10:33,756] {scheduler_job.py:181} INFO - Started process (PID=386) to work on /home/airflow/.local/lib/python3.8/site-packages/airflow/example_dags/example_trigger_controller_dag.py
[2021-02-07 21:10:33,760] {scheduler_job.py:627} INFO - Processing file /home/airflow/.local/lib/python3.8/site-packages/airflow/example_dags/example_trigger_controller_dag.py for tasks to queue
[2021-02-07 21:10:33,766] {logging_mixin.py:104} INFO - [2021-02-07 21:10:33,765] {dagbag.py:449} INFO - Filling up the DagBag from /home/airflow/.local/lib/python3.8/site-packages/airflow/example_dags/example_trigger_controller_dag.py
[2021-02-07 21:10:33,801] {scheduler_job.py:637} INFO - DAG(s) dict_keys(['example_trigger_controller_dag']) retrieved from /home/airflow/.local/lib/python3.8/site-packages/airflow/example_dags/example_trigger_controller_dag.py
[2021-02-07 21:10:33,836] {logging_mixin.py:104} INFO - [2021-02-07 21:10:33,836] {dag.py:1818} INFO - Sync 1 DAGs
[2021-02-07 21:10:33,856] {logging_mixin.py:104} INFO - [2021-02-07 21:10:33,856] {dag.py:2273} INFO - Setting next_dagrun for example_trigger_controller_dag to 2021-02-05 00:00:00+00:00
[2021-02-07 21:10:33,870] {scheduler_job.py:189} INFO - Processing /home/airflow/.local/lib/python3.8/site-packages/airflow/example_dags/example_trigger_controller_dag.py took 0.120 seconds
[2021-02-07 21:45:31,158] {scheduler_job.py:181} INFO - Started process (PID=412) to work on /home/airflow/.local/lib/python3.8/site-packages/airflow/example_dags/example_trigger_controller_dag.py
[2021-02-07 21:45:31,164] {scheduler_job.py:627} INFO - Processing file /home/airflow/.local/lib/python3.8/site-packages/airflow/example_dags/example_trigger_controller_dag.py for tasks to queue
[2021-02-07 21:45:31,166] {logging_mixin.py:104} INFO - [2021-02-07 21:45:31,166] {dagbag.py:449} INFO - Filling up the DagBag from /home/airflow/.local/lib/python3.8/site-packages/airflow/example_dags/example_trigger_controller_dag.py
[2021-02-07 21:45:31,242] {scheduler_job.py:637} INFO - DAG(s) dict_keys(['example_trigger_controller_dag']) retrieved from /home/airflow/.local/lib/python3.8/site-packages/airflow/example_dags/example_trigger_controller_dag.py
[2021-02-07 21:45:31,299] {logging_mixin.py:104} INFO - [2021-02-07 21:45:31,299] {dag.py:1818} INFO - Sync 1 DAGs
[2021-02-07 21:45:31,376] {logging_mixin.py:104} INFO - [2021-02-07 21:45:31,376] {dag.py:2273} INFO - Setting next_dagrun for example_trigger_controller_dag to 2021-02-05 00:00:00+00:00
[2021-02-07 21:45:31,395] {scheduler_job.py:189} INFO - Processing /home/airflow/.local/lib/python3.8/site-packages/airflow/example_dags/example_trigger_controller_dag.py took 0.244 seconds
[2021-02-07 21:46:02,025] {scheduler_job.py:181} INFO - Started process (PID=438) to work on /home/airflow/.local/lib/python3.8/site-packages/airflow/example_dags/example_trigger_controller_dag.py
[2021-02-07 21:46:02,032] {scheduler_job.py:627} INFO - Processing file /home/airflow/.local/lib/python3.8/site-packages/airflow/example_dags/example_trigger_controller_dag.py for tasks to queue
[2021-02-07 21:46:02,034] {logging_mixin.py:104} INFO - [2021-02-07 21:46:02,034] {dagbag.py:449} INFO - Filling up the DagBag from /home/airflow/.local/lib/python3.8/site-packages/airflow/example_dags/example_trigger_controller_dag.py
[2021-02-07 21:46:02,056] {scheduler_job.py:637} INFO - DAG(s) dict_keys(['example_trigger_controller_dag']) retrieved from /home/airflow/.local/lib/python3.8/site-packages/airflow/example_dags/example_trigger_controller_dag.py
[2021-02-07 21:46:02,106] {logging_mixin.py:104} INFO - [2021-02-07 21:46:02,106] {dag.py:1818} INFO - Sync 1 DAGs
[2021-02-07 21:46:02,133] {logging_mixin.py:104} INFO - [2021-02-07 21:46:02,133] {dag.py:2273} INFO - Setting next_dagrun for example_trigger_controller_dag to 2021-02-05 00:00:00+00:00
[2021-02-07 21:46:02,151] {scheduler_job.py:189} INFO - Processing /home/airflow/.local/lib/python3.8/site-packages/airflow/example_dags/example_trigger_controller_dag.py took 0.132 seconds
[2021-02-07 21:46:32,249] {scheduler_job.py:181} INFO - Started process (PID=464) to work on /home/airflow/.local/lib/python3.8/site-packages/airflow/example_dags/example_trigger_controller_dag.py
[2021-02-07 21:46:32,252] {scheduler_job.py:627} INFO - Processing file /home/airflow/.local/lib/python3.8/site-packages/airflow/example_dags/example_trigger_controller_dag.py for tasks to queue
[2021-02-07 21:46:32,254] {logging_mixin.py:104} INFO - [2021-02-07 21:46:32,253] {dagbag.py:449} INFO - Filling up the DagBag from /home/airflow/.local/lib/python3.8/site-packages/airflow/example_dags/example_trigger_controller_dag.py
[2021-02-07 21:46:32,268] {scheduler_job.py:637} INFO - DAG(s) dict_keys(['example_trigger_controller_dag']) retrieved from /home/airflow/.local/lib/python3.8/site-packages/airflow/example_dags/example_trigger_controller_dag.py
[2021-02-07 21:46:32,305] {logging_mixin.py:104} INFO - [2021-02-07 21:46:32,304] {dag.py:1818} INFO - Sync 1 DAGs
[2021-02-07 21:46:32,323] {logging_mixin.py:104} INFO - [2021-02-07 21:46:32,323] {dag.py:2273} INFO - Setting next_dagrun for example_trigger_controller_dag to 2021-02-05 00:00:00+00:00
[2021-02-07 21:46:32,338] {scheduler_job.py:189} INFO - Processing /home/airflow/.local/lib/python3.8/site-packages/airflow/example_dags/example_trigger_controller_dag.py took 0.095 seconds
[2021-02-07 21:47:05,467] {scheduler_job.py:181} INFO - Started process (PID=491) to work on /home/airflow/.local/lib/python3.8/site-packages/airflow/example_dags/example_trigger_controller_dag.py
[2021-02-07 21:47:05,484] {scheduler_job.py:627} INFO - Processing file /home/airflow/.local/lib/python3.8/site-packages/airflow/example_dags/example_trigger_controller_dag.py for tasks to queue
[2021-02-07 21:47:05,495] {logging_mixin.py:104} INFO - [2021-02-07 21:47:05,494] {dagbag.py:449} INFO - Filling up the DagBag from /home/airflow/.local/lib/python3.8/site-packages/airflow/example_dags/example_trigger_controller_dag.py
[2021-02-07 21:47:05,766] {scheduler_job.py:637} INFO - DAG(s) dict_keys(['example_trigger_controller_dag']) retrieved from /home/airflow/.local/lib/python3.8/site-packages/airflow/example_dags/example_trigger_controller_dag.py
[2021-02-07 21:47:06,539] {logging_mixin.py:104} INFO - [2021-02-07 21:47:06,536] {dag.py:1818} INFO - Sync 1 DAGs
[2021-02-07 21:47:06,933] {logging_mixin.py:104} INFO - [2021-02-07 21:47:06,932] {dag.py:2273} INFO - Setting next_dagrun for example_trigger_controller_dag to 2021-02-05 00:00:00+00:00
[2021-02-07 21:47:07,085] {scheduler_job.py:189} INFO - Processing /home/airflow/.local/lib/python3.8/site-packages/airflow/example_dags/example_trigger_controller_dag.py took 1.670 seconds
[2021-02-07 21:47:37,455] {scheduler_job.py:181} INFO - Started process (PID=517) to work on /home/airflow/.local/lib/python3.8/site-packages/airflow/example_dags/example_trigger_controller_dag.py
[2021-02-07 21:47:37,460] {scheduler_job.py:627} INFO - Processing file /home/airflow/.local/lib/python3.8/site-packages/airflow/example_dags/example_trigger_controller_dag.py for tasks to queue
[2021-02-07 21:47:37,463] {logging_mixin.py:104} INFO - [2021-02-07 21:47:37,463] {dagbag.py:449} INFO - Filling up the DagBag from /home/airflow/.local/lib/python3.8/site-packages/airflow/example_dags/example_trigger_controller_dag.py
[2021-02-07 21:47:37,488] {scheduler_job.py:637} INFO - DAG(s) dict_keys(['example_trigger_controller_dag']) retrieved from /home/airflow/.local/lib/python3.8/site-packages/airflow/example_dags/example_trigger_controller_dag.py
[2021-02-07 21:47:37,539] {logging_mixin.py:104} INFO - [2021-02-07 21:47:37,538] {dag.py:1818} INFO - Sync 1 DAGs
[2021-02-07 21:47:37,569] {logging_mixin.py:104} INFO - [2021-02-07 21:47:37,568] {dag.py:2273} INFO - Setting next_dagrun for example_trigger_controller_dag to 2021-02-05 00:00:00+00:00
[2021-02-07 21:47:37,593] {scheduler_job.py:189} INFO - Processing /home/airflow/.local/lib/python3.8/site-packages/airflow/example_dags/example_trigger_controller_dag.py took 0.149 seconds
[2021-02-07 21:48:08,134] {scheduler_job.py:181} INFO - Started process (PID=543) to work on /home/airflow/.local/lib/python3.8/site-packages/airflow/example_dags/example_trigger_controller_dag.py
[2021-02-07 21:48:08,136] {scheduler_job.py:627} INFO - Processing file /home/airflow/.local/lib/python3.8/site-packages/airflow/example_dags/example_trigger_controller_dag.py for tasks to queue
[2021-02-07 21:48:08,138] {logging_mixin.py:104} INFO - [2021-02-07 21:48:08,138] {dagbag.py:449} INFO - Filling up the DagBag from /home/airflow/.local/lib/python3.8/site-packages/airflow/example_dags/example_trigger_controller_dag.py
[2021-02-07 21:48:08,151] {scheduler_job.py:637} INFO - DAG(s) dict_keys(['example_trigger_controller_dag']) retrieved from /home/airflow/.local/lib/python3.8/site-packages/airflow/example_dags/example_trigger_controller_dag.py
[2021-02-07 21:48:08,177] {logging_mixin.py:104} INFO - [2021-02-07 21:48:08,177] {dag.py:1818} INFO - Sync 1 DAGs
[2021-02-07 21:48:08,191] {logging_mixin.py:104} INFO - [2021-02-07 21:48:08,191] {dag.py:2273} INFO - Setting next_dagrun for example_trigger_controller_dag to 2021-02-05 00:00:00+00:00
[2021-02-07 21:48:08,206] {scheduler_job.py:189} INFO - Processing /home/airflow/.local/lib/python3.8/site-packages/airflow/example_dags/example_trigger_controller_dag.py took 0.077 seconds
[2021-02-07 21:48:38,381] {scheduler_job.py:181} INFO - Started process (PID=569) to work on /home/airflow/.local/lib/python3.8/site-packages/airflow/example_dags/example_trigger_controller_dag.py
[2021-02-07 21:48:38,392] {scheduler_job.py:627} INFO - Processing file /home/airflow/.local/lib/python3.8/site-packages/airflow/example_dags/example_trigger_controller_dag.py for tasks to queue
[2021-02-07 21:48:38,403] {logging_mixin.py:104} INFO - [2021-02-07 21:48:38,403] {dagbag.py:449} INFO - Filling up the DagBag from /home/airflow/.local/lib/python3.8/site-packages/airflow/example_dags/example_trigger_controller_dag.py
[2021-02-07 21:48:38,478] {scheduler_job.py:637} INFO - DAG(s) dict_keys(['example_trigger_controller_dag']) retrieved from /home/airflow/.local/lib/python3.8/site-packages/airflow/example_dags/example_trigger_controller_dag.py
[2021-02-07 21:48:38,627] {logging_mixin.py:104} INFO - [2021-02-07 21:48:38,627] {dag.py:1818} INFO - Sync 1 DAGs
[2021-02-07 21:48:38,707] {logging_mixin.py:104} INFO - [2021-02-07 21:48:38,706] {dag.py:2273} INFO - Setting next_dagrun for example_trigger_controller_dag to 2021-02-05 00:00:00+00:00
[2021-02-07 21:48:38,825] {scheduler_job.py:189} INFO - Processing /home/airflow/.local/lib/python3.8/site-packages/airflow/example_dags/example_trigger_controller_dag.py took 0.473 seconds
[2021-02-07 21:49:09,040] {scheduler_job.py:181} INFO - Started process (PID=595) to work on /home/airflow/.local/lib/python3.8/site-packages/airflow/example_dags/example_trigger_controller_dag.py
[2021-02-07 21:49:09,042] {scheduler_job.py:627} INFO - Processing file /home/airflow/.local/lib/python3.8/site-packages/airflow/example_dags/example_trigger_controller_dag.py for tasks to queue
[2021-02-07 21:49:09,044] {logging_mixin.py:104} INFO - [2021-02-07 21:49:09,044] {dagbag.py:449} INFO - Filling up the DagBag from /home/airflow/.local/lib/python3.8/site-packages/airflow/example_dags/example_trigger_controller_dag.py
[2021-02-07 21:49:09,061] {scheduler_job.py:637} INFO - DAG(s) dict_keys(['example_trigger_controller_dag']) retrieved from /home/airflow/.local/lib/python3.8/site-packages/airflow/example_dags/example_trigger_controller_dag.py
[2021-02-07 21:49:09,095] {logging_mixin.py:104} INFO - [2021-02-07 21:49:09,094] {dag.py:1818} INFO - Sync 1 DAGs
[2021-02-07 21:49:09,110] {logging_mixin.py:104} INFO - [2021-02-07 21:49:09,110] {dag.py:2273} INFO - Setting next_dagrun for example_trigger_controller_dag to 2021-02-05 00:00:00+00:00
[2021-02-07 21:49:09,123] {scheduler_job.py:189} INFO - Processing /home/airflow/.local/lib/python3.8/site-packages/airflow/example_dags/example_trigger_controller_dag.py took 0.088 seconds
[2021-02-07 21:49:39,655] {scheduler_job.py:181} INFO - Started process (PID=621) to work on /home/airflow/.local/lib/python3.8/site-packages/airflow/example_dags/example_trigger_controller_dag.py
[2021-02-07 21:49:39,658] {scheduler_job.py:627} INFO - Processing file /home/airflow/.local/lib/python3.8/site-packages/airflow/example_dags/example_trigger_controller_dag.py for tasks to queue
[2021-02-07 21:49:39,660] {logging_mixin.py:104} INFO - [2021-02-07 21:49:39,659] {dagbag.py:449} INFO - Filling up the DagBag from /home/airflow/.local/lib/python3.8/site-packages/airflow/example_dags/example_trigger_controller_dag.py
[2021-02-07 21:49:39,676] {scheduler_job.py:637} INFO - DAG(s) dict_keys(['example_trigger_controller_dag']) retrieved from /home/airflow/.local/lib/python3.8/site-packages/airflow/example_dags/example_trigger_controller_dag.py
[2021-02-07 21:49:39,718] {logging_mixin.py:104} INFO - [2021-02-07 21:49:39,718] {dag.py:1818} INFO - Sync 1 DAGs
[2021-02-07 21:49:39,739] {logging_mixin.py:104} INFO - [2021-02-07 21:49:39,739] {dag.py:2273} INFO - Setting next_dagrun for example_trigger_controller_dag to 2021-02-05 00:00:00+00:00
[2021-02-07 21:49:39,762] {scheduler_job.py:189} INFO - Processing /home/airflow/.local/lib/python3.8/site-packages/airflow/example_dags/example_trigger_controller_dag.py took 0.112 seconds
[2021-02-07 21:50:10,267] {scheduler_job.py:181} INFO - Started process (PID=647) to work on /home/airflow/.local/lib/python3.8/site-packages/airflow/example_dags/example_trigger_controller_dag.py
[2021-02-07 21:50:10,272] {scheduler_job.py:627} INFO - Processing file /home/airflow/.local/lib/python3.8/site-packages/airflow/example_dags/example_trigger_controller_dag.py for tasks to queue
[2021-02-07 21:50:10,275] {logging_mixin.py:104} INFO - [2021-02-07 21:50:10,275] {dagbag.py:449} INFO - Filling up the DagBag from /home/airflow/.local/lib/python3.8/site-packages/airflow/example_dags/example_trigger_controller_dag.py
[2021-02-07 21:50:10,294] {scheduler_job.py:637} INFO - DAG(s) dict_keys(['example_trigger_controller_dag']) retrieved from /home/airflow/.local/lib/python3.8/site-packages/airflow/example_dags/example_trigger_controller_dag.py
[2021-02-07 21:50:10,350] {logging_mixin.py:104} INFO - [2021-02-07 21:50:10,349] {dag.py:1818} INFO - Sync 1 DAGs
[2021-02-07 21:50:10,379] {logging_mixin.py:104} INFO - [2021-02-07 21:50:10,379] {dag.py:2273} INFO - Setting next_dagrun for example_trigger_controller_dag to 2021-02-05 00:00:00+00:00
[2021-02-07 21:50:10,408] {scheduler_job.py:189} INFO - Processing /home/airflow/.local/lib/python3.8/site-packages/airflow/example_dags/example_trigger_controller_dag.py took 0.149 seconds
[2021-02-07 21:50:41,182] {scheduler_job.py:181} INFO - Started process (PID=673) to work on /home/airflow/.local/lib/python3.8/site-packages/airflow/example_dags/example_trigger_controller_dag.py
[2021-02-07 21:50:41,186] {scheduler_job.py:627} INFO - Processing file /home/airflow/.local/lib/python3.8/site-packages/airflow/example_dags/example_trigger_controller_dag.py for tasks to queue
[2021-02-07 21:50:41,192] {logging_mixin.py:104} INFO - [2021-02-07 21:50:41,191] {dagbag.py:449} INFO - Filling up the DagBag from /home/airflow/.local/lib/python3.8/site-packages/airflow/example_dags/example_trigger_controller_dag.py
[2021-02-07 21:50:41,216] {scheduler_job.py:637} INFO - DAG(s) dict_keys(['example_trigger_controller_dag']) retrieved from /home/airflow/.local/lib/python3.8/site-packages/airflow/example_dags/example_trigger_controller_dag.py
[2021-02-07 21:50:41,253] {logging_mixin.py:104} INFO - [2021-02-07 21:50:41,252] {dag.py:1818} INFO - Sync 1 DAGs
[2021-02-07 21:50:41,274] {logging_mixin.py:104} INFO - [2021-02-07 21:50:41,274] {dag.py:2273} INFO - Setting next_dagrun for example_trigger_controller_dag to 2021-02-05 00:00:00+00:00
[2021-02-07 21:50:41,292] {scheduler_job.py:189} INFO - Processing /home/airflow/.local/lib/python3.8/site-packages/airflow/example_dags/example_trigger_controller_dag.py took 0.134 seconds
[2021-02-07 21:51:11,803] {scheduler_job.py:181} INFO - Started process (PID=699) to work on /home/airflow/.local/lib/python3.8/site-packages/airflow/example_dags/example_trigger_controller_dag.py
[2021-02-07 21:51:11,805] {scheduler_job.py:627} INFO - Processing file /home/airflow/.local/lib/python3.8/site-packages/airflow/example_dags/example_trigger_controller_dag.py for tasks to queue
[2021-02-07 21:51:11,807] {logging_mixin.py:104} INFO - [2021-02-07 21:51:11,807] {dagbag.py:449} INFO - Filling up the DagBag from /home/airflow/.local/lib/python3.8/site-packages/airflow/example_dags/example_trigger_controller_dag.py
[2021-02-07 21:51:11,819] {scheduler_job.py:637} INFO - DAG(s) dict_keys(['example_trigger_controller_dag']) retrieved from /home/airflow/.local/lib/python3.8/site-packages/airflow/example_dags/example_trigger_controller_dag.py
[2021-02-07 21:51:11,848] {logging_mixin.py:104} INFO - [2021-02-07 21:51:11,848] {dag.py:1818} INFO - Sync 1 DAGs
[2021-02-07 21:51:11,867] {logging_mixin.py:104} INFO - [2021-02-07 21:51:11,867] {dag.py:2273} INFO - Setting next_dagrun for example_trigger_controller_dag to 2021-02-05 00:00:00+00:00
[2021-02-07 21:51:11,884] {scheduler_job.py:189} INFO - Processing /home/airflow/.local/lib/python3.8/site-packages/airflow/example_dags/example_trigger_controller_dag.py took 0.086 seconds
[2021-02-07 21:51:42,634] {scheduler_job.py:181} INFO - Started process (PID=725) to work on /home/airflow/.local/lib/python3.8/site-packages/airflow/example_dags/example_trigger_controller_dag.py
[2021-02-07 21:51:42,639] {scheduler_job.py:627} INFO - Processing file /home/airflow/.local/lib/python3.8/site-packages/airflow/example_dags/example_trigger_controller_dag.py for tasks to queue
[2021-02-07 21:51:42,643] {logging_mixin.py:104} INFO - [2021-02-07 21:51:42,642] {dagbag.py:449} INFO - Filling up the DagBag from /home/airflow/.local/lib/python3.8/site-packages/airflow/example_dags/example_trigger_controller_dag.py
[2021-02-07 21:51:42,668] {scheduler_job.py:637} INFO - DAG(s) dict_keys(['example_trigger_controller_dag']) retrieved from /home/airflow/.local/lib/python3.8/site-packages/airflow/example_dags/example_trigger_controller_dag.py
[2021-02-07 21:51:42,701] {logging_mixin.py:104} INFO - [2021-02-07 21:51:42,701] {dag.py:1818} INFO - Sync 1 DAGs
[2021-02-07 21:51:42,721] {logging_mixin.py:104} INFO - [2021-02-07 21:51:42,721] {dag.py:2273} INFO - Setting next_dagrun for example_trigger_controller_dag to 2021-02-05 00:00:00+00:00
[2021-02-07 21:51:42,738] {scheduler_job.py:189} INFO - Processing /home/airflow/.local/lib/python3.8/site-packages/airflow/example_dags/example_trigger_controller_dag.py took 0.112 seconds
[2021-02-07 21:52:13,420] {scheduler_job.py:181} INFO - Started process (PID=751) to work on /home/airflow/.local/lib/python3.8/site-packages/airflow/example_dags/example_trigger_controller_dag.py
[2021-02-07 21:52:13,422] {scheduler_job.py:627} INFO - Processing file /home/airflow/.local/lib/python3.8/site-packages/airflow/example_dags/example_trigger_controller_dag.py for tasks to queue
[2021-02-07 21:52:13,424] {logging_mixin.py:104} INFO - [2021-02-07 21:52:13,424] {dagbag.py:449} INFO - Filling up the DagBag from /home/airflow/.local/lib/python3.8/site-packages/airflow/example_dags/example_trigger_controller_dag.py
[2021-02-07 21:52:13,436] {scheduler_job.py:637} INFO - DAG(s) dict_keys(['example_trigger_controller_dag']) retrieved from /home/airflow/.local/lib/python3.8/site-packages/airflow/example_dags/example_trigger_controller_dag.py
[2021-02-07 21:52:13,462] {logging_mixin.py:104} INFO - [2021-02-07 21:52:13,462] {dag.py:1818} INFO - Sync 1 DAGs
[2021-02-07 21:52:13,481] {logging_mixin.py:104} INFO - [2021-02-07 21:52:13,481] {dag.py:2273} INFO - Setting next_dagrun for example_trigger_controller_dag to 2021-02-05 00:00:00+00:00
[2021-02-07 21:52:13,494] {scheduler_job.py:189} INFO - Processing /home/airflow/.local/lib/python3.8/site-packages/airflow/example_dags/example_trigger_controller_dag.py took 0.083 seconds
[2021-02-07 21:52:44,030] {scheduler_job.py:181} INFO - Started process (PID=777) to work on /home/airflow/.local/lib/python3.8/site-packages/airflow/example_dags/example_trigger_controller_dag.py
[2021-02-07 21:52:44,034] {scheduler_job.py:627} INFO - Processing file /home/airflow/.local/lib/python3.8/site-packages/airflow/example_dags/example_trigger_controller_dag.py for tasks to queue
[2021-02-07 21:52:44,035] {logging_mixin.py:104} INFO - [2021-02-07 21:52:44,035] {dagbag.py:449} INFO - Filling up the DagBag from /home/airflow/.local/lib/python3.8/site-packages/airflow/example_dags/example_trigger_controller_dag.py
[2021-02-07 21:52:44,048] {scheduler_job.py:637} INFO - DAG(s) dict_keys(['example_trigger_controller_dag']) retrieved from /home/airflow/.local/lib/python3.8/site-packages/airflow/example_dags/example_trigger_controller_dag.py
[2021-02-07 21:52:44,076] {logging_mixin.py:104} INFO - [2021-02-07 21:52:44,076] {dag.py:1818} INFO - Sync 1 DAGs
[2021-02-07 21:52:44,091] {logging_mixin.py:104} INFO - [2021-02-07 21:52:44,091] {dag.py:2273} INFO - Setting next_dagrun for example_trigger_controller_dag to 2021-02-05 00:00:00+00:00
[2021-02-07 21:52:44,104] {scheduler_job.py:189} INFO - Processing /home/airflow/.local/lib/python3.8/site-packages/airflow/example_dags/example_trigger_controller_dag.py took 0.080 seconds
[2021-02-07 21:53:15,125] {scheduler_job.py:181} INFO - Started process (PID=803) to work on /home/airflow/.local/lib/python3.8/site-packages/airflow/example_dags/example_trigger_controller_dag.py
[2021-02-07 21:53:15,127] {scheduler_job.py:627} INFO - Processing file /home/airflow/.local/lib/python3.8/site-packages/airflow/example_dags/example_trigger_controller_dag.py for tasks to queue
[2021-02-07 21:53:15,129] {logging_mixin.py:104} INFO - [2021-02-07 21:53:15,129] {dagbag.py:449} INFO - Filling up the DagBag from /home/airflow/.local/lib/python3.8/site-packages/airflow/example_dags/example_trigger_controller_dag.py
[2021-02-07 21:53:15,141] {scheduler_job.py:637} INFO - DAG(s) dict_keys(['example_trigger_controller_dag']) retrieved from /home/airflow/.local/lib/python3.8/site-packages/airflow/example_dags/example_trigger_controller_dag.py
[2021-02-07 21:53:15,171] {logging_mixin.py:104} INFO - [2021-02-07 21:53:15,171] {dag.py:1818} INFO - Sync 1 DAGs
[2021-02-07 21:53:15,187] {logging_mixin.py:104} INFO - [2021-02-07 21:53:15,187] {dag.py:2273} INFO - Setting next_dagrun for example_trigger_controller_dag to 2021-02-05 00:00:00+00:00
[2021-02-07 21:53:15,204] {scheduler_job.py:189} INFO - Processing /home/airflow/.local/lib/python3.8/site-packages/airflow/example_dags/example_trigger_controller_dag.py took 0.084 seconds
[2021-02-07 21:53:46,010] {scheduler_job.py:181} INFO - Started process (PID=836) to work on /home/airflow/.local/lib/python3.8/site-packages/airflow/example_dags/example_trigger_controller_dag.py
[2021-02-07 21:53:46,012] {scheduler_job.py:627} INFO - Processing file /home/airflow/.local/lib/python3.8/site-packages/airflow/example_dags/example_trigger_controller_dag.py for tasks to queue
[2021-02-07 21:53:46,017] {logging_mixin.py:104} INFO - [2021-02-07 21:53:46,015] {dagbag.py:449} INFO - Filling up the DagBag from /home/airflow/.local/lib/python3.8/site-packages/airflow/example_dags/example_trigger_controller_dag.py
[2021-02-07 21:53:46,034] {scheduler_job.py:637} INFO - DAG(s) dict_keys(['example_trigger_controller_dag']) retrieved from /home/airflow/.local/lib/python3.8/site-packages/airflow/example_dags/example_trigger_controller_dag.py
[2021-02-07 21:53:46,063] {logging_mixin.py:104} INFO - [2021-02-07 21:53:46,063] {dag.py:1818} INFO - Sync 1 DAGs
[2021-02-07 21:53:46,077] {logging_mixin.py:104} INFO - [2021-02-07 21:53:46,077] {dag.py:2273} INFO - Setting next_dagrun for example_trigger_controller_dag to 2021-02-05 00:00:00+00:00
[2021-02-07 21:53:46,090] {scheduler_job.py:189} INFO - Processing /home/airflow/.local/lib/python3.8/site-packages/airflow/example_dags/example_trigger_controller_dag.py took 0.084 seconds
[2021-02-07 21:54:16,328] {scheduler_job.py:181} INFO - Started process (PID=871) to work on /home/airflow/.local/lib/python3.8/site-packages/airflow/example_dags/example_trigger_controller_dag.py
[2021-02-07 21:54:16,331] {scheduler_job.py:627} INFO - Processing file /home/airflow/.local/lib/python3.8/site-packages/airflow/example_dags/example_trigger_controller_dag.py for tasks to queue
[2021-02-07 21:54:16,333] {logging_mixin.py:104} INFO - [2021-02-07 21:54:16,333] {dagbag.py:449} INFO - Filling up the DagBag from /home/airflow/.local/lib/python3.8/site-packages/airflow/example_dags/example_trigger_controller_dag.py
[2021-02-07 21:54:16,348] {scheduler_job.py:637} INFO - DAG(s) dict_keys(['example_trigger_controller_dag']) retrieved from /home/airflow/.local/lib/python3.8/site-packages/airflow/example_dags/example_trigger_controller_dag.py
[2021-02-07 21:54:16,381] {logging_mixin.py:104} INFO - [2021-02-07 21:54:16,381] {dag.py:1818} INFO - Sync 1 DAGs
[2021-02-07 21:54:16,398] {logging_mixin.py:104} INFO - [2021-02-07 21:54:16,398] {dag.py:2273} INFO - Setting next_dagrun for example_trigger_controller_dag to 2021-02-05 00:00:00+00:00
[2021-02-07 21:54:16,411] {scheduler_job.py:189} INFO - Processing /home/airflow/.local/lib/python3.8/site-packages/airflow/example_dags/example_trigger_controller_dag.py took 0.089 seconds
[2021-02-07 21:54:47,043] {scheduler_job.py:181} INFO - Started process (PID=897) to work on /home/airflow/.local/lib/python3.8/site-packages/airflow/example_dags/example_trigger_controller_dag.py
[2021-02-07 21:54:47,046] {scheduler_job.py:627} INFO - Processing file /home/airflow/.local/lib/python3.8/site-packages/airflow/example_dags/example_trigger_controller_dag.py for tasks to queue
[2021-02-07 21:54:47,049] {logging_mixin.py:104} INFO - [2021-02-07 21:54:47,048] {dagbag.py:449} INFO - Filling up the DagBag from /home/airflow/.local/lib/python3.8/site-packages/airflow/example_dags/example_trigger_controller_dag.py
[2021-02-07 21:54:47,072] {scheduler_job.py:637} INFO - DAG(s) dict_keys(['example_trigger_controller_dag']) retrieved from /home/airflow/.local/lib/python3.8/site-packages/airflow/example_dags/example_trigger_controller_dag.py
[2021-02-07 21:54:47,105] {logging_mixin.py:104} INFO - [2021-02-07 21:54:47,105] {dag.py:1818} INFO - Sync 1 DAGs
[2021-02-07 21:54:47,122] {logging_mixin.py:104} INFO - [2021-02-07 21:54:47,121] {dag.py:2273} INFO - Setting next_dagrun for example_trigger_controller_dag to 2021-02-05 00:00:00+00:00
[2021-02-07 21:54:47,134] {scheduler_job.py:189} INFO - Processing /home/airflow/.local/lib/python3.8/site-packages/airflow/example_dags/example_trigger_controller_dag.py took 0.095 seconds
[2021-02-07 21:55:18,090] {scheduler_job.py:181} INFO - Started process (PID=923) to work on /home/airflow/.local/lib/python3.8/site-packages/airflow/example_dags/example_trigger_controller_dag.py
[2021-02-07 21:55:18,103] {scheduler_job.py:627} INFO - Processing file /home/airflow/.local/lib/python3.8/site-packages/airflow/example_dags/example_trigger_controller_dag.py for tasks to queue
[2021-02-07 21:55:18,116] {logging_mixin.py:104} INFO - [2021-02-07 21:55:18,115] {dagbag.py:449} INFO - Filling up the DagBag from /home/airflow/.local/lib/python3.8/site-packages/airflow/example_dags/example_trigger_controller_dag.py
[2021-02-07 21:55:18,250] {scheduler_job.py:637} INFO - DAG(s) dict_keys(['example_trigger_controller_dag']) retrieved from /home/airflow/.local/lib/python3.8/site-packages/airflow/example_dags/example_trigger_controller_dag.py
[2021-02-07 21:55:18,474] {logging_mixin.py:104} INFO - [2021-02-07 21:55:18,472] {dag.py:1818} INFO - Sync 1 DAGs
[2021-02-07 21:55:18,681] {logging_mixin.py:104} INFO - [2021-02-07 21:55:18,680] {dag.py:2273} INFO - Setting next_dagrun for example_trigger_controller_dag to 2021-02-05 00:00:00+00:00
[2021-02-07 21:55:18,817] {scheduler_job.py:189} INFO - Processing /home/airflow/.local/lib/python3.8/site-packages/airflow/example_dags/example_trigger_controller_dag.py took 0.757 seconds
[2021-02-07 21:55:49,726] {scheduler_job.py:181} INFO - Started process (PID=949) to work on /home/airflow/.local/lib/python3.8/site-packages/airflow/example_dags/example_trigger_controller_dag.py
[2021-02-07 21:55:49,729] {scheduler_job.py:627} INFO - Processing file /home/airflow/.local/lib/python3.8/site-packages/airflow/example_dags/example_trigger_controller_dag.py for tasks to queue
[2021-02-07 21:55:49,731] {logging_mixin.py:104} INFO - [2021-02-07 21:55:49,731] {dagbag.py:449} INFO - Filling up the DagBag from /home/airflow/.local/lib/python3.8/site-packages/airflow/example_dags/example_trigger_controller_dag.py
[2021-02-07 21:55:49,755] {scheduler_job.py:637} INFO - DAG(s) dict_keys(['example_trigger_controller_dag']) retrieved from /home/airflow/.local/lib/python3.8/site-packages/airflow/example_dags/example_trigger_controller_dag.py
[2021-02-07 21:55:49,801] {logging_mixin.py:104} INFO - [2021-02-07 21:55:49,800] {dag.py:1818} INFO - Sync 1 DAGs
[2021-02-07 21:55:49,828] {logging_mixin.py:104} INFO - [2021-02-07 21:55:49,828] {dag.py:2273} INFO - Setting next_dagrun for example_trigger_controller_dag to 2021-02-05 00:00:00+00:00
[2021-02-07 21:55:49,858] {scheduler_job.py:189} INFO - Processing /home/airflow/.local/lib/python3.8/site-packages/airflow/example_dags/example_trigger_controller_dag.py took 0.142 seconds
[2021-02-07 21:56:20,301] {scheduler_job.py:181} INFO - Started process (PID=975) to work on /home/airflow/.local/lib/python3.8/site-packages/airflow/example_dags/example_trigger_controller_dag.py
[2021-02-07 21:56:20,306] {scheduler_job.py:627} INFO - Processing file /home/airflow/.local/lib/python3.8/site-packages/airflow/example_dags/example_trigger_controller_dag.py for tasks to queue
[2021-02-07 21:56:20,313] {logging_mixin.py:104} INFO - [2021-02-07 21:56:20,313] {dagbag.py:449} INFO - Filling up the DagBag from /home/airflow/.local/lib/python3.8/site-packages/airflow/example_dags/example_trigger_controller_dag.py
[2021-02-07 21:56:20,364] {scheduler_job.py:637} INFO - DAG(s) dict_keys(['example_trigger_controller_dag']) retrieved from /home/airflow/.local/lib/python3.8/site-packages/airflow/example_dags/example_trigger_controller_dag.py
[2021-02-07 21:56:20,454] {logging_mixin.py:104} INFO - [2021-02-07 21:56:20,453] {dag.py:1818} INFO - Sync 1 DAGs
[2021-02-07 21:56:20,483] {logging_mixin.py:104} INFO - [2021-02-07 21:56:20,483] {dag.py:2273} INFO - Setting next_dagrun for example_trigger_controller_dag to 2021-02-05 00:00:00+00:00
[2021-02-07 21:56:20,503] {scheduler_job.py:189} INFO - Processing /home/airflow/.local/lib/python3.8/site-packages/airflow/example_dags/example_trigger_controller_dag.py took 0.212 seconds
[2021-02-07 21:56:50,599] {scheduler_job.py:181} INFO - Started process (PID=1001) to work on /home/airflow/.local/lib/python3.8/site-packages/airflow/example_dags/example_trigger_controller_dag.py
[2021-02-07 21:56:50,601] {scheduler_job.py:627} INFO - Processing file /home/airflow/.local/lib/python3.8/site-packages/airflow/example_dags/example_trigger_controller_dag.py for tasks to queue
[2021-02-07 21:56:50,603] {logging_mixin.py:104} INFO - [2021-02-07 21:56:50,602] {dagbag.py:449} INFO - Filling up the DagBag from /home/airflow/.local/lib/python3.8/site-packages/airflow/example_dags/example_trigger_controller_dag.py
[2021-02-07 21:56:50,620] {scheduler_job.py:637} INFO - DAG(s) dict_keys(['example_trigger_controller_dag']) retrieved from /home/airflow/.local/lib/python3.8/site-packages/airflow/example_dags/example_trigger_controller_dag.py
[2021-02-07 21:56:50,664] {logging_mixin.py:104} INFO - [2021-02-07 21:56:50,663] {dag.py:1818} INFO - Sync 1 DAGs
[2021-02-07 21:56:50,684] {logging_mixin.py:104} INFO - [2021-02-07 21:56:50,684] {dag.py:2273} INFO - Setting next_dagrun for example_trigger_controller_dag to 2021-02-05 00:00:00+00:00
[2021-02-07 21:56:50,700] {scheduler_job.py:189} INFO - Processing /home/airflow/.local/lib/python3.8/site-packages/airflow/example_dags/example_trigger_controller_dag.py took 0.105 seconds
[2021-02-07 21:57:20,793] {scheduler_job.py:181} INFO - Started process (PID=1027) to work on /home/airflow/.local/lib/python3.8/site-packages/airflow/example_dags/example_trigger_controller_dag.py
[2021-02-07 21:57:20,796] {scheduler_job.py:627} INFO - Processing file /home/airflow/.local/lib/python3.8/site-packages/airflow/example_dags/example_trigger_controller_dag.py for tasks to queue
[2021-02-07 21:57:20,799] {logging_mixin.py:104} INFO - [2021-02-07 21:57:20,798] {dagbag.py:449} INFO - Filling up the DagBag from /home/airflow/.local/lib/python3.8/site-packages/airflow/example_dags/example_trigger_controller_dag.py
[2021-02-07 21:57:20,812] {scheduler_job.py:637} INFO - DAG(s) dict_keys(['example_trigger_controller_dag']) retrieved from /home/airflow/.local/lib/python3.8/site-packages/airflow/example_dags/example_trigger_controller_dag.py
[2021-02-07 21:57:20,844] {logging_mixin.py:104} INFO - [2021-02-07 21:57:20,844] {dag.py:1818} INFO - Sync 1 DAGs
[2021-02-07 21:57:20,859] {logging_mixin.py:104} INFO - [2021-02-07 21:57:20,859] {dag.py:2273} INFO - Setting next_dagrun for example_trigger_controller_dag to 2021-02-05 00:00:00+00:00
[2021-02-07 21:57:20,876] {scheduler_job.py:189} INFO - Processing /home/airflow/.local/lib/python3.8/site-packages/airflow/example_dags/example_trigger_controller_dag.py took 0.089 seconds
[2021-02-07 21:57:51,366] {scheduler_job.py:181} INFO - Started process (PID=1053) to work on /home/airflow/.local/lib/python3.8/site-packages/airflow/example_dags/example_trigger_controller_dag.py
[2021-02-07 21:57:51,369] {scheduler_job.py:627} INFO - Processing file /home/airflow/.local/lib/python3.8/site-packages/airflow/example_dags/example_trigger_controller_dag.py for tasks to queue
[2021-02-07 21:57:51,371] {logging_mixin.py:104} INFO - [2021-02-07 21:57:51,371] {dagbag.py:449} INFO - Filling up the DagBag from /home/airflow/.local/lib/python3.8/site-packages/airflow/example_dags/example_trigger_controller_dag.py
[2021-02-07 21:57:51,383] {scheduler_job.py:637} INFO - DAG(s) dict_keys(['example_trigger_controller_dag']) retrieved from /home/airflow/.local/lib/python3.8/site-packages/airflow/example_dags/example_trigger_controller_dag.py
[2021-02-07 21:57:51,411] {logging_mixin.py:104} INFO - [2021-02-07 21:57:51,411] {dag.py:1818} INFO - Sync 1 DAGs
[2021-02-07 21:57:51,430] {logging_mixin.py:104} INFO - [2021-02-07 21:57:51,430] {dag.py:2273} INFO - Setting next_dagrun for example_trigger_controller_dag to 2021-02-05 00:00:00+00:00
[2021-02-07 21:57:51,442] {scheduler_job.py:189} INFO - Processing /home/airflow/.local/lib/python3.8/site-packages/airflow/example_dags/example_trigger_controller_dag.py took 0.082 seconds
[2021-02-07 21:58:21,803] {scheduler_job.py:181} INFO - Started process (PID=1079) to work on /home/airflow/.local/lib/python3.8/site-packages/airflow/example_dags/example_trigger_controller_dag.py
[2021-02-07 21:58:21,807] {scheduler_job.py:627} INFO - Processing file /home/airflow/.local/lib/python3.8/site-packages/airflow/example_dags/example_trigger_controller_dag.py for tasks to queue
[2021-02-07 21:58:21,810] {logging_mixin.py:104} INFO - [2021-02-07 21:58:21,810] {dagbag.py:449} INFO - Filling up the DagBag from /home/airflow/.local/lib/python3.8/site-packages/airflow/example_dags/example_trigger_controller_dag.py
[2021-02-07 21:58:21,827] {scheduler_job.py:637} INFO - DAG(s) dict_keys(['example_trigger_controller_dag']) retrieved from /home/airflow/.local/lib/python3.8/site-packages/airflow/example_dags/example_trigger_controller_dag.py
[2021-02-07 21:58:21,866] {logging_mixin.py:104} INFO - [2021-02-07 21:58:21,866] {dag.py:1818} INFO - Sync 1 DAGs
[2021-02-07 21:58:21,894] {logging_mixin.py:104} INFO - [2021-02-07 21:58:21,894] {dag.py:2273} INFO - Setting next_dagrun for example_trigger_controller_dag to 2021-02-05 00:00:00+00:00
[2021-02-07 21:58:21,922] {scheduler_job.py:189} INFO - Processing /home/airflow/.local/lib/python3.8/site-packages/airflow/example_dags/example_trigger_controller_dag.py took 0.123 seconds
[2021-02-07 21:58:52,633] {scheduler_job.py:181} INFO - Started process (PID=1105) to work on /home/airflow/.local/lib/python3.8/site-packages/airflow/example_dags/example_trigger_controller_dag.py
[2021-02-07 21:58:52,639] {scheduler_job.py:627} INFO - Processing file /home/airflow/.local/lib/python3.8/site-packages/airflow/example_dags/example_trigger_controller_dag.py for tasks to queue
[2021-02-07 21:58:52,642] {logging_mixin.py:104} INFO - [2021-02-07 21:58:52,642] {dagbag.py:449} INFO - Filling up the DagBag from /home/airflow/.local/lib/python3.8/site-packages/airflow/example_dags/example_trigger_controller_dag.py
[2021-02-07 21:58:52,665] {scheduler_job.py:637} INFO - DAG(s) dict_keys(['example_trigger_controller_dag']) retrieved from /home/airflow/.local/lib/python3.8/site-packages/airflow/example_dags/example_trigger_controller_dag.py
[2021-02-07 21:58:52,772] {logging_mixin.py:104} INFO - [2021-02-07 21:58:52,770] {dag.py:1818} INFO - Sync 1 DAGs
[2021-02-07 21:58:52,895] {logging_mixin.py:104} INFO - [2021-02-07 21:58:52,893] {dag.py:2273} INFO - Setting next_dagrun for example_trigger_controller_dag to 2021-02-05 00:00:00+00:00
[2021-02-07 21:58:52,976] {scheduler_job.py:189} INFO - Processing /home/airflow/.local/lib/python3.8/site-packages/airflow/example_dags/example_trigger_controller_dag.py took 0.349 seconds
[2021-02-07 21:59:23,068] {scheduler_job.py:181} INFO - Started process (PID=1130) to work on /home/airflow/.local/lib/python3.8/site-packages/airflow/example_dags/example_trigger_controller_dag.py
[2021-02-07 21:59:23,070] {scheduler_job.py:627} INFO - Processing file /home/airflow/.local/lib/python3.8/site-packages/airflow/example_dags/example_trigger_controller_dag.py for tasks to queue
[2021-02-07 21:59:23,073] {logging_mixin.py:104} INFO - [2021-02-07 21:59:23,072] {dagbag.py:449} INFO - Filling up the DagBag from /home/airflow/.local/lib/python3.8/site-packages/airflow/example_dags/example_trigger_controller_dag.py
[2021-02-07 21:59:23,090] {scheduler_job.py:637} INFO - DAG(s) dict_keys(['example_trigger_controller_dag']) retrieved from /home/airflow/.local/lib/python3.8/site-packages/airflow/example_dags/example_trigger_controller_dag.py
[2021-02-07 21:59:23,127] {logging_mixin.py:104} INFO - [2021-02-07 21:59:23,126] {dag.py:1818} INFO - Sync 1 DAGs
[2021-02-07 21:59:23,154] {logging_mixin.py:104} INFO - [2021-02-07 21:59:23,153] {dag.py:2273} INFO - Setting next_dagrun for example_trigger_controller_dag to 2021-02-05 00:00:00+00:00
[2021-02-07 21:59:23,180] {scheduler_job.py:189} INFO - Processing /home/airflow/.local/lib/python3.8/site-packages/airflow/example_dags/example_trigger_controller_dag.py took 0.117 seconds
[2021-02-07 21:59:53,349] {scheduler_job.py:181} INFO - Started process (PID=1156) to work on /home/airflow/.local/lib/python3.8/site-packages/airflow/example_dags/example_trigger_controller_dag.py
[2021-02-07 21:59:53,352] {scheduler_job.py:627} INFO - Processing file /home/airflow/.local/lib/python3.8/site-packages/airflow/example_dags/example_trigger_controller_dag.py for tasks to queue
[2021-02-07 21:59:53,358] {logging_mixin.py:104} INFO - [2021-02-07 21:59:53,358] {dagbag.py:449} INFO - Filling up the DagBag from /home/airflow/.local/lib/python3.8/site-packages/airflow/example_dags/example_trigger_controller_dag.py
[2021-02-07 21:59:53,379] {scheduler_job.py:637} INFO - DAG(s) dict_keys(['example_trigger_controller_dag']) retrieved from /home/airflow/.local/lib/python3.8/site-packages/airflow/example_dags/example_trigger_controller_dag.py
[2021-02-07 21:59:53,429] {logging_mixin.py:104} INFO - [2021-02-07 21:59:53,429] {dag.py:1818} INFO - Sync 1 DAGs
[2021-02-07 21:59:53,461] {logging_mixin.py:104} INFO - [2021-02-07 21:59:53,461] {dag.py:2273} INFO - Setting next_dagrun for example_trigger_controller_dag to 2021-02-05 00:00:00+00:00
[2021-02-07 21:59:53,484] {scheduler_job.py:189} INFO - Processing /home/airflow/.local/lib/python3.8/site-packages/airflow/example_dags/example_trigger_controller_dag.py took 0.142 seconds
[2021-02-07 22:00:23,850] {scheduler_job.py:181} INFO - Started process (PID=1181) to work on /home/airflow/.local/lib/python3.8/site-packages/airflow/example_dags/example_trigger_controller_dag.py
[2021-02-07 22:00:23,856] {scheduler_job.py:627} INFO - Processing file /home/airflow/.local/lib/python3.8/site-packages/airflow/example_dags/example_trigger_controller_dag.py for tasks to queue
[2021-02-07 22:00:23,860] {logging_mixin.py:104} INFO - [2021-02-07 22:00:23,860] {dagbag.py:449} INFO - Filling up the DagBag from /home/airflow/.local/lib/python3.8/site-packages/airflow/example_dags/example_trigger_controller_dag.py
[2021-02-07 22:00:23,881] {scheduler_job.py:637} INFO - DAG(s) dict_keys(['example_trigger_controller_dag']) retrieved from /home/airflow/.local/lib/python3.8/site-packages/airflow/example_dags/example_trigger_controller_dag.py
[2021-02-07 22:00:23,924] {logging_mixin.py:104} INFO - [2021-02-07 22:00:23,923] {dag.py:1818} INFO - Sync 1 DAGs
[2021-02-07 22:00:23,949] {logging_mixin.py:104} INFO - [2021-02-07 22:00:23,948] {dag.py:2273} INFO - Setting next_dagrun for example_trigger_controller_dag to 2021-02-05 00:00:00+00:00
[2021-02-07 22:00:23,968] {scheduler_job.py:189} INFO - Processing /home/airflow/.local/lib/python3.8/site-packages/airflow/example_dags/example_trigger_controller_dag.py took 0.124 seconds
[2021-02-07 22:00:54,116] {scheduler_job.py:181} INFO - Started process (PID=1207) to work on /home/airflow/.local/lib/python3.8/site-packages/airflow/example_dags/example_trigger_controller_dag.py
[2021-02-07 22:00:54,119] {scheduler_job.py:627} INFO - Processing file /home/airflow/.local/lib/python3.8/site-packages/airflow/example_dags/example_trigger_controller_dag.py for tasks to queue
[2021-02-07 22:00:54,122] {logging_mixin.py:104} INFO - [2021-02-07 22:00:54,122] {dagbag.py:449} INFO - Filling up the DagBag from /home/airflow/.local/lib/python3.8/site-packages/airflow/example_dags/example_trigger_controller_dag.py
[2021-02-07 22:00:54,156] {scheduler_job.py:637} INFO - DAG(s) dict_keys(['example_trigger_controller_dag']) retrieved from /home/airflow/.local/lib/python3.8/site-packages/airflow/example_dags/example_trigger_controller_dag.py
[2021-02-07 22:00:54,199] {logging_mixin.py:104} INFO - [2021-02-07 22:00:54,199] {dag.py:1818} INFO - Sync 1 DAGs
[2021-02-07 22:00:54,221] {logging_mixin.py:104} INFO - [2021-02-07 22:00:54,221] {dag.py:2273} INFO - Setting next_dagrun for example_trigger_controller_dag to 2021-02-05 00:00:00+00:00
[2021-02-07 22:00:54,239] {scheduler_job.py:189} INFO - Processing /home/airflow/.local/lib/python3.8/site-packages/airflow/example_dags/example_trigger_controller_dag.py took 0.135 seconds
[2021-02-07 22:01:26,286] {scheduler_job.py:181} INFO - Started process (PID=1235) to work on /home/airflow/.local/lib/python3.8/site-packages/airflow/example_dags/example_trigger_controller_dag.py
[2021-02-07 22:01:26,302] {scheduler_job.py:627} INFO - Processing file /home/airflow/.local/lib/python3.8/site-packages/airflow/example_dags/example_trigger_controller_dag.py for tasks to queue
[2021-02-07 22:01:26,318] {logging_mixin.py:104} INFO - [2021-02-07 22:01:26,316] {dagbag.py:449} INFO - Filling up the DagBag from /home/airflow/.local/lib/python3.8/site-packages/airflow/example_dags/example_trigger_controller_dag.py
[2021-02-07 22:01:26,477] {scheduler_job.py:637} INFO - DAG(s) dict_keys(['example_trigger_controller_dag']) retrieved from /home/airflow/.local/lib/python3.8/site-packages/airflow/example_dags/example_trigger_controller_dag.py
[2021-02-07 22:01:26,709] {logging_mixin.py:104} INFO - [2021-02-07 22:01:26,708] {dag.py:1818} INFO - Sync 1 DAGs
[2021-02-07 22:01:26,894] {logging_mixin.py:104} INFO - [2021-02-07 22:01:26,892] {dag.py:2273} INFO - Setting next_dagrun for example_trigger_controller_dag to 2021-02-05 00:00:00+00:00
[2021-02-07 22:01:26,959] {scheduler_job.py:189} INFO - Processing /home/airflow/.local/lib/python3.8/site-packages/airflow/example_dags/example_trigger_controller_dag.py took 0.707 seconds
[2021-02-07 22:01:57,098] {scheduler_job.py:181} INFO - Started process (PID=1261) to work on /home/airflow/.local/lib/python3.8/site-packages/airflow/example_dags/example_trigger_controller_dag.py
[2021-02-07 22:01:57,104] {scheduler_job.py:627} INFO - Processing file /home/airflow/.local/lib/python3.8/site-packages/airflow/example_dags/example_trigger_controller_dag.py for tasks to queue
[2021-02-07 22:01:57,106] {logging_mixin.py:104} INFO - [2021-02-07 22:01:57,106] {dagbag.py:449} INFO - Filling up the DagBag from /home/airflow/.local/lib/python3.8/site-packages/airflow/example_dags/example_trigger_controller_dag.py
[2021-02-07 22:01:57,162] {scheduler_job.py:637} INFO - DAG(s) dict_keys(['example_trigger_controller_dag']) retrieved from /home/airflow/.local/lib/python3.8/site-packages/airflow/example_dags/example_trigger_controller_dag.py
[2021-02-07 22:01:57,217] {logging_mixin.py:104} INFO - [2021-02-07 22:01:57,216] {dag.py:1818} INFO - Sync 1 DAGs
[2021-02-07 22:01:57,240] {logging_mixin.py:104} INFO - [2021-02-07 22:01:57,240] {dag.py:2273} INFO - Setting next_dagrun for example_trigger_controller_dag to 2021-02-05 00:00:00+00:00
[2021-02-07 22:01:57,266] {scheduler_job.py:189} INFO - Processing /home/airflow/.local/lib/python3.8/site-packages/airflow/example_dags/example_trigger_controller_dag.py took 0.175 seconds
[2021-02-07 22:02:27,358] {scheduler_job.py:181} INFO - Started process (PID=1287) to work on /home/airflow/.local/lib/python3.8/site-packages/airflow/example_dags/example_trigger_controller_dag.py
[2021-02-07 22:02:27,362] {scheduler_job.py:627} INFO - Processing file /home/airflow/.local/lib/python3.8/site-packages/airflow/example_dags/example_trigger_controller_dag.py for tasks to queue
[2021-02-07 22:02:27,365] {logging_mixin.py:104} INFO - [2021-02-07 22:02:27,365] {dagbag.py:449} INFO - Filling up the DagBag from /home/airflow/.local/lib/python3.8/site-packages/airflow/example_dags/example_trigger_controller_dag.py
[2021-02-07 22:02:27,379] {scheduler_job.py:637} INFO - DAG(s) dict_keys(['example_trigger_controller_dag']) retrieved from /home/airflow/.local/lib/python3.8/site-packages/airflow/example_dags/example_trigger_controller_dag.py
[2021-02-07 22:02:27,415] {logging_mixin.py:104} INFO - [2021-02-07 22:02:27,415] {dag.py:1818} INFO - Sync 1 DAGs
[2021-02-07 22:02:27,436] {logging_mixin.py:104} INFO - [2021-02-07 22:02:27,436] {dag.py:2273} INFO - Setting next_dagrun for example_trigger_controller_dag to 2021-02-05 00:00:00+00:00
[2021-02-07 22:02:27,454] {scheduler_job.py:189} INFO - Processing /home/airflow/.local/lib/python3.8/site-packages/airflow/example_dags/example_trigger_controller_dag.py took 0.102 seconds
[2021-02-07 22:02:57,622] {scheduler_job.py:181} INFO - Started process (PID=1313) to work on /home/airflow/.local/lib/python3.8/site-packages/airflow/example_dags/example_trigger_controller_dag.py
[2021-02-07 22:02:57,625] {scheduler_job.py:627} INFO - Processing file /home/airflow/.local/lib/python3.8/site-packages/airflow/example_dags/example_trigger_controller_dag.py for tasks to queue
[2021-02-07 22:02:57,627] {logging_mixin.py:104} INFO - [2021-02-07 22:02:57,627] {dagbag.py:449} INFO - Filling up the DagBag from /home/airflow/.local/lib/python3.8/site-packages/airflow/example_dags/example_trigger_controller_dag.py
[2021-02-07 22:02:57,642] {scheduler_job.py:637} INFO - DAG(s) dict_keys(['example_trigger_controller_dag']) retrieved from /home/airflow/.local/lib/python3.8/site-packages/airflow/example_dags/example_trigger_controller_dag.py
[2021-02-07 22:02:57,676] {logging_mixin.py:104} INFO - [2021-02-07 22:02:57,676] {dag.py:1818} INFO - Sync 1 DAGs
[2021-02-07 22:02:57,699] {logging_mixin.py:104} INFO - [2021-02-07 22:02:57,699] {dag.py:2273} INFO - Setting next_dagrun for example_trigger_controller_dag to 2021-02-05 00:00:00+00:00
[2021-02-07 22:02:57,719] {scheduler_job.py:189} INFO - Processing /home/airflow/.local/lib/python3.8/site-packages/airflow/example_dags/example_trigger_controller_dag.py took 0.102 seconds
[2021-02-07 22:03:29,496] {scheduler_job.py:181} INFO - Started process (PID=1339) to work on /home/airflow/.local/lib/python3.8/site-packages/airflow/example_dags/example_trigger_controller_dag.py
[2021-02-07 22:03:29,509] {scheduler_job.py:627} INFO - Processing file /home/airflow/.local/lib/python3.8/site-packages/airflow/example_dags/example_trigger_controller_dag.py for tasks to queue
[2021-02-07 22:03:29,520] {logging_mixin.py:104} INFO - [2021-02-07 22:03:29,519] {dagbag.py:449} INFO - Filling up the DagBag from /home/airflow/.local/lib/python3.8/site-packages/airflow/example_dags/example_trigger_controller_dag.py
[2021-02-07 22:03:29,622] {scheduler_job.py:637} INFO - DAG(s) dict_keys(['example_trigger_controller_dag']) retrieved from /home/airflow/.local/lib/python3.8/site-packages/airflow/example_dags/example_trigger_controller_dag.py
[2021-02-07 22:03:29,834] {logging_mixin.py:104} INFO - [2021-02-07 22:03:29,834] {dag.py:1818} INFO - Sync 1 DAGs
[2021-02-07 22:03:29,962] {logging_mixin.py:104} INFO - [2021-02-07 22:03:29,961] {dag.py:2273} INFO - Setting next_dagrun for example_trigger_controller_dag to 2021-02-05 00:00:00+00:00
[2021-02-07 22:03:30,051] {scheduler_job.py:189} INFO - Processing /home/airflow/.local/lib/python3.8/site-packages/airflow/example_dags/example_trigger_controller_dag.py took 0.592 seconds
[2021-02-07 22:04:00,282] {scheduler_job.py:181} INFO - Started process (PID=1364) to work on /home/airflow/.local/lib/python3.8/site-packages/airflow/example_dags/example_trigger_controller_dag.py
[2021-02-07 22:04:00,287] {scheduler_job.py:627} INFO - Processing file /home/airflow/.local/lib/python3.8/site-packages/airflow/example_dags/example_trigger_controller_dag.py for tasks to queue
[2021-02-07 22:04:00,290] {logging_mixin.py:104} INFO - [2021-02-07 22:04:00,290] {dagbag.py:449} INFO - Filling up the DagBag from /home/airflow/.local/lib/python3.8/site-packages/airflow/example_dags/example_trigger_controller_dag.py
[2021-02-07 22:04:00,311] {scheduler_job.py:637} INFO - DAG(s) dict_keys(['example_trigger_controller_dag']) retrieved from /home/airflow/.local/lib/python3.8/site-packages/airflow/example_dags/example_trigger_controller_dag.py
[2021-02-07 22:04:00,370] {logging_mixin.py:104} INFO - [2021-02-07 22:04:00,370] {dag.py:1818} INFO - Sync 1 DAGs
[2021-02-07 22:04:00,404] {logging_mixin.py:104} INFO - [2021-02-07 22:04:00,403] {dag.py:2273} INFO - Setting next_dagrun for example_trigger_controller_dag to 2021-02-05 00:00:00+00:00
[2021-02-07 22:04:00,425] {scheduler_job.py:189} INFO - Processing /home/airflow/.local/lib/python3.8/site-packages/airflow/example_dags/example_trigger_controller_dag.py took 0.151 seconds
[2021-02-07 22:04:31,046] {scheduler_job.py:181} INFO - Started process (PID=1391) to work on /home/airflow/.local/lib/python3.8/site-packages/airflow/example_dags/example_trigger_controller_dag.py
[2021-02-07 22:04:31,055] {scheduler_job.py:627} INFO - Processing file /home/airflow/.local/lib/python3.8/site-packages/airflow/example_dags/example_trigger_controller_dag.py for tasks to queue
[2021-02-07 22:04:31,062] {logging_mixin.py:104} INFO - [2021-02-07 22:04:31,062] {dagbag.py:449} INFO - Filling up the DagBag from /home/airflow/.local/lib/python3.8/site-packages/airflow/example_dags/example_trigger_controller_dag.py
[2021-02-07 22:04:31,110] {scheduler_job.py:637} INFO - DAG(s) dict_keys(['example_trigger_controller_dag']) retrieved from /home/airflow/.local/lib/python3.8/site-packages/airflow/example_dags/example_trigger_controller_dag.py
[2021-02-07 22:04:31,191] {logging_mixin.py:104} INFO - [2021-02-07 22:04:31,191] {dag.py:1818} INFO - Sync 1 DAGs
[2021-02-07 22:04:31,243] {logging_mixin.py:104} INFO - [2021-02-07 22:04:31,243] {dag.py:2273} INFO - Setting next_dagrun for example_trigger_controller_dag to 2021-02-05 00:00:00+00:00
[2021-02-07 22:04:31,281] {scheduler_job.py:189} INFO - Processing /home/airflow/.local/lib/python3.8/site-packages/airflow/example_dags/example_trigger_controller_dag.py took 0.247 seconds
[2021-02-07 22:05:01,437] {scheduler_job.py:181} INFO - Started process (PID=1417) to work on /home/airflow/.local/lib/python3.8/site-packages/airflow/example_dags/example_trigger_controller_dag.py
[2021-02-07 22:05:01,440] {scheduler_job.py:627} INFO - Processing file /home/airflow/.local/lib/python3.8/site-packages/airflow/example_dags/example_trigger_controller_dag.py for tasks to queue
[2021-02-07 22:05:01,442] {logging_mixin.py:104} INFO - [2021-02-07 22:05:01,442] {dagbag.py:449} INFO - Filling up the DagBag from /home/airflow/.local/lib/python3.8/site-packages/airflow/example_dags/example_trigger_controller_dag.py
[2021-02-07 22:05:01,463] {scheduler_job.py:637} INFO - DAG(s) dict_keys(['example_trigger_controller_dag']) retrieved from /home/airflow/.local/lib/python3.8/site-packages/airflow/example_dags/example_trigger_controller_dag.py
[2021-02-07 22:05:01,512] {logging_mixin.py:104} INFO - [2021-02-07 22:05:01,512] {dag.py:1818} INFO - Sync 1 DAGs
[2021-02-07 22:05:01,539] {logging_mixin.py:104} INFO - [2021-02-07 22:05:01,539] {dag.py:2273} INFO - Setting next_dagrun for example_trigger_controller_dag to 2021-02-05 00:00:00+00:00
[2021-02-07 22:05:01,559] {scheduler_job.py:189} INFO - Processing /home/airflow/.local/lib/python3.8/site-packages/airflow/example_dags/example_trigger_controller_dag.py took 0.129 seconds
[2021-02-07 22:05:32,082] {scheduler_job.py:181} INFO - Started process (PID=1443) to work on /home/airflow/.local/lib/python3.8/site-packages/airflow/example_dags/example_trigger_controller_dag.py
[2021-02-07 22:05:32,086] {scheduler_job.py:627} INFO - Processing file /home/airflow/.local/lib/python3.8/site-packages/airflow/example_dags/example_trigger_controller_dag.py for tasks to queue
[2021-02-07 22:05:32,093] {logging_mixin.py:104} INFO - [2021-02-07 22:05:32,092] {dagbag.py:449} INFO - Filling up the DagBag from /home/airflow/.local/lib/python3.8/site-packages/airflow/example_dags/example_trigger_controller_dag.py
[2021-02-07 22:05:32,119] {scheduler_job.py:637} INFO - DAG(s) dict_keys(['example_trigger_controller_dag']) retrieved from /home/airflow/.local/lib/python3.8/site-packages/airflow/example_dags/example_trigger_controller_dag.py
[2021-02-07 22:05:32,171] {logging_mixin.py:104} INFO - [2021-02-07 22:05:32,169] {dag.py:1818} INFO - Sync 1 DAGs
[2021-02-07 22:05:32,206] {logging_mixin.py:104} INFO - [2021-02-07 22:05:32,205] {dag.py:2273} INFO - Setting next_dagrun for example_trigger_controller_dag to 2021-02-05 00:00:00+00:00
[2021-02-07 22:05:32,229] {scheduler_job.py:189} INFO - Processing /home/airflow/.local/lib/python3.8/site-packages/airflow/example_dags/example_trigger_controller_dag.py took 0.152 seconds
[2021-02-07 22:23:46,770] {scheduler_job.py:181} INFO - Started process (PID=1468) to work on /home/airflow/.local/lib/python3.8/site-packages/airflow/example_dags/example_trigger_controller_dag.py
[2021-02-07 22:23:46,777] {scheduler_job.py:627} INFO - Processing file /home/airflow/.local/lib/python3.8/site-packages/airflow/example_dags/example_trigger_controller_dag.py for tasks to queue
[2021-02-07 22:23:46,791] {logging_mixin.py:104} INFO - [2021-02-07 22:23:46,791] {dagbag.py:449} INFO - Filling up the DagBag from /home/airflow/.local/lib/python3.8/site-packages/airflow/example_dags/example_trigger_controller_dag.py
[2021-02-07 22:23:46,868] {scheduler_job.py:637} INFO - DAG(s) dict_keys(['example_trigger_controller_dag']) retrieved from /home/airflow/.local/lib/python3.8/site-packages/airflow/example_dags/example_trigger_controller_dag.py
[2021-02-07 22:23:47,288] {logging_mixin.py:104} INFO - [2021-02-07 22:23:47,287] {dag.py:1818} INFO - Sync 1 DAGs
[2021-02-07 22:23:47,537] {logging_mixin.py:104} INFO - [2021-02-07 22:23:47,537] {dag.py:2273} INFO - Setting next_dagrun for example_trigger_controller_dag to 2021-02-05 00:00:00+00:00
[2021-02-07 22:23:47,744] {scheduler_job.py:189} INFO - Processing /home/airflow/.local/lib/python3.8/site-packages/airflow/example_dags/example_trigger_controller_dag.py took 0.883 seconds
[2021-02-07 22:24:18,510] {scheduler_job.py:181} INFO - Started process (PID=1494) to work on /home/airflow/.local/lib/python3.8/site-packages/airflow/example_dags/example_trigger_controller_dag.py
[2021-02-07 22:24:18,536] {scheduler_job.py:627} INFO - Processing file /home/airflow/.local/lib/python3.8/site-packages/airflow/example_dags/example_trigger_controller_dag.py for tasks to queue
[2021-02-07 22:24:18,549] {logging_mixin.py:104} INFO - [2021-02-07 22:24:18,546] {dagbag.py:449} INFO - Filling up the DagBag from /home/airflow/.local/lib/python3.8/site-packages/airflow/example_dags/example_trigger_controller_dag.py
[2021-02-07 22:24:18,680] {scheduler_job.py:637} INFO - DAG(s) dict_keys(['example_trigger_controller_dag']) retrieved from /home/airflow/.local/lib/python3.8/site-packages/airflow/example_dags/example_trigger_controller_dag.py
[2021-02-07 22:24:18,908] {logging_mixin.py:104} INFO - [2021-02-07 22:24:18,907] {dag.py:1818} INFO - Sync 1 DAGs
[2021-02-07 22:24:19,139] {logging_mixin.py:104} INFO - [2021-02-07 22:24:19,138] {dag.py:2273} INFO - Setting next_dagrun for example_trigger_controller_dag to 2021-02-05 00:00:00+00:00
[2021-02-07 22:24:19,310] {scheduler_job.py:189} INFO - Processing /home/airflow/.local/lib/python3.8/site-packages/airflow/example_dags/example_trigger_controller_dag.py took 0.823 seconds
[2021-02-07 22:24:50,152] {scheduler_job.py:181} INFO - Started process (PID=1520) to work on /home/airflow/.local/lib/python3.8/site-packages/airflow/example_dags/example_trigger_controller_dag.py
[2021-02-07 22:24:50,156] {scheduler_job.py:627} INFO - Processing file /home/airflow/.local/lib/python3.8/site-packages/airflow/example_dags/example_trigger_controller_dag.py for tasks to queue
[2021-02-07 22:24:50,166] {logging_mixin.py:104} INFO - [2021-02-07 22:24:50,165] {dagbag.py:449} INFO - Filling up the DagBag from /home/airflow/.local/lib/python3.8/site-packages/airflow/example_dags/example_trigger_controller_dag.py
[2021-02-07 22:24:50,196] {scheduler_job.py:637} INFO - DAG(s) dict_keys(['example_trigger_controller_dag']) retrieved from /home/airflow/.local/lib/python3.8/site-packages/airflow/example_dags/example_trigger_controller_dag.py
[2021-02-07 22:24:50,262] {logging_mixin.py:104} INFO - [2021-02-07 22:24:50,261] {dag.py:1818} INFO - Sync 1 DAGs
[2021-02-07 22:24:50,317] {logging_mixin.py:104} INFO - [2021-02-07 22:24:50,317] {dag.py:2273} INFO - Setting next_dagrun for example_trigger_controller_dag to 2021-02-05 00:00:00+00:00
[2021-02-07 22:24:50,353] {scheduler_job.py:189} INFO - Processing /home/airflow/.local/lib/python3.8/site-packages/airflow/example_dags/example_trigger_controller_dag.py took 0.213 seconds
[2021-02-07 22:25:20,642] {scheduler_job.py:181} INFO - Started process (PID=1547) to work on /home/airflow/.local/lib/python3.8/site-packages/airflow/example_dags/example_trigger_controller_dag.py
[2021-02-07 22:25:20,648] {scheduler_job.py:627} INFO - Processing file /home/airflow/.local/lib/python3.8/site-packages/airflow/example_dags/example_trigger_controller_dag.py for tasks to queue
[2021-02-07 22:25:20,654] {logging_mixin.py:104} INFO - [2021-02-07 22:25:20,654] {dagbag.py:449} INFO - Filling up the DagBag from /home/airflow/.local/lib/python3.8/site-packages/airflow/example_dags/example_trigger_controller_dag.py
[2021-02-07 22:25:20,690] {scheduler_job.py:637} INFO - DAG(s) dict_keys(['example_trigger_controller_dag']) retrieved from /home/airflow/.local/lib/python3.8/site-packages/airflow/example_dags/example_trigger_controller_dag.py
[2021-02-07 22:25:20,846] {logging_mixin.py:104} INFO - [2021-02-07 22:25:20,845] {dag.py:1818} INFO - Sync 1 DAGs
[2021-02-07 22:25:20,944] {logging_mixin.py:104} INFO - [2021-02-07 22:25:20,943] {dag.py:2273} INFO - Setting next_dagrun for example_trigger_controller_dag to 2021-02-05 00:00:00+00:00
[2021-02-07 22:25:20,977] {scheduler_job.py:189} INFO - Processing /home/airflow/.local/lib/python3.8/site-packages/airflow/example_dags/example_trigger_controller_dag.py took 0.347 seconds
[2021-02-07 22:25:51,091] {scheduler_job.py:181} INFO - Started process (PID=1573) to work on /home/airflow/.local/lib/python3.8/site-packages/airflow/example_dags/example_trigger_controller_dag.py
[2021-02-07 22:25:51,094] {scheduler_job.py:627} INFO - Processing file /home/airflow/.local/lib/python3.8/site-packages/airflow/example_dags/example_trigger_controller_dag.py for tasks to queue
[2021-02-07 22:25:51,096] {logging_mixin.py:104} INFO - [2021-02-07 22:25:51,096] {dagbag.py:449} INFO - Filling up the DagBag from /home/airflow/.local/lib/python3.8/site-packages/airflow/example_dags/example_trigger_controller_dag.py
[2021-02-07 22:25:51,114] {scheduler_job.py:637} INFO - DAG(s) dict_keys(['example_trigger_controller_dag']) retrieved from /home/airflow/.local/lib/python3.8/site-packages/airflow/example_dags/example_trigger_controller_dag.py
[2021-02-07 22:25:51,144] {logging_mixin.py:104} INFO - [2021-02-07 22:25:51,144] {dag.py:1818} INFO - Sync 1 DAGs
[2021-02-07 22:25:51,161] {logging_mixin.py:104} INFO - [2021-02-07 22:25:51,161] {dag.py:2273} INFO - Setting next_dagrun for example_trigger_controller_dag to 2021-02-05 00:00:00+00:00
[2021-02-07 22:25:51,173] {scheduler_job.py:189} INFO - Processing /home/airflow/.local/lib/python3.8/site-packages/airflow/example_dags/example_trigger_controller_dag.py took 0.090 seconds
[2021-02-07 23:26:17,276] {scheduler_job.py:181} INFO - Started process (PID=1598) to work on /home/airflow/.local/lib/python3.8/site-packages/airflow/example_dags/example_trigger_controller_dag.py
[2021-02-07 23:26:17,278] {scheduler_job.py:627} INFO - Processing file /home/airflow/.local/lib/python3.8/site-packages/airflow/example_dags/example_trigger_controller_dag.py for tasks to queue
[2021-02-07 23:26:17,279] {logging_mixin.py:104} INFO - [2021-02-07 23:26:17,279] {dagbag.py:449} INFO - Filling up the DagBag from /home/airflow/.local/lib/python3.8/site-packages/airflow/example_dags/example_trigger_controller_dag.py
[2021-02-07 23:26:17,289] {scheduler_job.py:637} INFO - DAG(s) dict_keys(['example_trigger_controller_dag']) retrieved from /home/airflow/.local/lib/python3.8/site-packages/airflow/example_dags/example_trigger_controller_dag.py
[2021-02-07 23:26:17,313] {logging_mixin.py:104} INFO - [2021-02-07 23:26:17,313] {dag.py:1818} INFO - Sync 1 DAGs
[2021-02-07 23:26:17,327] {logging_mixin.py:104} INFO - [2021-02-07 23:26:17,326] {dag.py:2273} INFO - Setting next_dagrun for example_trigger_controller_dag to 2021-02-05 00:00:00+00:00
[2021-02-07 23:26:17,338] {scheduler_job.py:189} INFO - Processing /home/airflow/.local/lib/python3.8/site-packages/airflow/example_dags/example_trigger_controller_dag.py took 0.066 seconds
