[2021-02-07 14:47:38,737] {scheduler_job.py:181} INFO - Started process (PID=33) to work on /home/airflow/.local/lib/python3.8/site-packages/airflow/example_dags/example_python_operator.py
[2021-02-07 14:47:38,741] {scheduler_job.py:627} INFO - Processing file /home/airflow/.local/lib/python3.8/site-packages/airflow/example_dags/example_python_operator.py for tasks to queue
[2021-02-07 14:47:38,744] {logging_mixin.py:104} INFO - [2021-02-07 14:47:38,744] {dagbag.py:449} INFO - Filling up the DagBag from /home/airflow/.local/lib/python3.8/site-packages/airflow/example_dags/example_python_operator.py
[2021-02-07 14:47:38,775] {scheduler_job.py:637} INFO - DAG(s) dict_keys(['example_python_operator']) retrieved from /home/airflow/.local/lib/python3.8/site-packages/airflow/example_dags/example_python_operator.py
[2021-02-07 14:47:38,835] {logging_mixin.py:104} INFO - [2021-02-07 14:47:38,835] {dag.py:1818} INFO - Sync 1 DAGs
[2021-02-07 14:47:38,847] {logging_mixin.py:104} INFO - [2021-02-07 14:47:38,846] {dag.py:1837} INFO - Creating ORM DAG for example_python_operator
[2021-02-07 14:47:38,857] {logging_mixin.py:104} INFO - [2021-02-07 14:47:38,857] {dag.py:2273} INFO - Setting next_dagrun for example_python_operator to None
[2021-02-07 14:47:38,883] {scheduler_job.py:189} INFO - Processing /home/airflow/.local/lib/python3.8/site-packages/airflow/example_dags/example_python_operator.py took 0.153 seconds
[2021-02-07 14:48:11,704] {scheduler_job.py:181} INFO - Started process (PID=65) to work on /home/airflow/.local/lib/python3.8/site-packages/airflow/example_dags/example_python_operator.py
[2021-02-07 14:48:11,706] {scheduler_job.py:627} INFO - Processing file /home/airflow/.local/lib/python3.8/site-packages/airflow/example_dags/example_python_operator.py for tasks to queue
[2021-02-07 14:48:11,709] {logging_mixin.py:104} INFO - [2021-02-07 14:48:11,709] {dagbag.py:449} INFO - Filling up the DagBag from /home/airflow/.local/lib/python3.8/site-packages/airflow/example_dags/example_python_operator.py
[2021-02-07 14:48:11,724] {scheduler_job.py:637} INFO - DAG(s) dict_keys(['example_python_operator']) retrieved from /home/airflow/.local/lib/python3.8/site-packages/airflow/example_dags/example_python_operator.py
[2021-02-07 14:48:11,766] {logging_mixin.py:104} INFO - [2021-02-07 14:48:11,766] {dag.py:1818} INFO - Sync 1 DAGs
[2021-02-07 14:48:11,795] {logging_mixin.py:104} INFO - [2021-02-07 14:48:11,795] {dag.py:2273} INFO - Setting next_dagrun for example_python_operator to None
[2021-02-07 14:48:11,816] {scheduler_job.py:189} INFO - Processing /home/airflow/.local/lib/python3.8/site-packages/airflow/example_dags/example_python_operator.py took 0.116 seconds
[2021-02-07 15:04:18,727] {scheduler_job.py:181} INFO - Started process (PID=34) to work on /home/airflow/.local/lib/python3.8/site-packages/airflow/example_dags/example_python_operator.py
[2021-02-07 15:04:18,732] {scheduler_job.py:627} INFO - Processing file /home/airflow/.local/lib/python3.8/site-packages/airflow/example_dags/example_python_operator.py for tasks to queue
[2021-02-07 15:04:18,735] {logging_mixin.py:104} INFO - [2021-02-07 15:04:18,735] {dagbag.py:449} INFO - Filling up the DagBag from /home/airflow/.local/lib/python3.8/site-packages/airflow/example_dags/example_python_operator.py
[2021-02-07 15:04:18,755] {scheduler_job.py:637} INFO - DAG(s) dict_keys(['example_python_operator']) retrieved from /home/airflow/.local/lib/python3.8/site-packages/airflow/example_dags/example_python_operator.py
[2021-02-07 15:04:18,800] {logging_mixin.py:104} INFO - [2021-02-07 15:04:18,800] {dag.py:1818} INFO - Sync 1 DAGs
[2021-02-07 15:04:18,831] {logging_mixin.py:104} INFO - [2021-02-07 15:04:18,831] {dag.py:2273} INFO - Setting next_dagrun for example_python_operator to None
[2021-02-07 15:04:18,854] {scheduler_job.py:189} INFO - Processing /home/airflow/.local/lib/python3.8/site-packages/airflow/example_dags/example_python_operator.py took 0.137 seconds
[2021-02-07 15:04:59,313] {scheduler_job.py:181} INFO - Started process (PID=60) to work on /home/airflow/.local/lib/python3.8/site-packages/airflow/example_dags/example_python_operator.py
[2021-02-07 15:04:59,557] {scheduler_job.py:627} INFO - Processing file /home/airflow/.local/lib/python3.8/site-packages/airflow/example_dags/example_python_operator.py for tasks to queue
[2021-02-07 15:04:59,658] {logging_mixin.py:104} INFO - [2021-02-07 15:04:59,657] {dagbag.py:449} INFO - Filling up the DagBag from /home/airflow/.local/lib/python3.8/site-packages/airflow/example_dags/example_python_operator.py
[2021-02-07 15:04:59,884] {scheduler_job.py:637} INFO - DAG(s) dict_keys(['example_python_operator']) retrieved from /home/airflow/.local/lib/python3.8/site-packages/airflow/example_dags/example_python_operator.py
[2021-02-07 15:05:00,572] {logging_mixin.py:104} INFO - [2021-02-07 15:05:00,572] {dag.py:1818} INFO - Sync 1 DAGs
[2021-02-07 15:05:01,175] {logging_mixin.py:104} INFO - [2021-02-07 15:05:01,174] {dag.py:2273} INFO - Setting next_dagrun for example_python_operator to None
[2021-02-07 15:05:01,736] {scheduler_job.py:189} INFO - Processing /home/airflow/.local/lib/python3.8/site-packages/airflow/example_dags/example_python_operator.py took 2.578 seconds
[2021-02-07 15:05:33,875] {scheduler_job.py:181} INFO - Started process (PID=86) to work on /home/airflow/.local/lib/python3.8/site-packages/airflow/example_dags/example_python_operator.py
[2021-02-07 15:05:33,908] {scheduler_job.py:627} INFO - Processing file /home/airflow/.local/lib/python3.8/site-packages/airflow/example_dags/example_python_operator.py for tasks to queue
[2021-02-07 15:05:33,919] {logging_mixin.py:104} INFO - [2021-02-07 15:05:33,918] {dagbag.py:449} INFO - Filling up the DagBag from /home/airflow/.local/lib/python3.8/site-packages/airflow/example_dags/example_python_operator.py
[2021-02-07 15:05:34,139] {scheduler_job.py:637} INFO - DAG(s) dict_keys(['example_python_operator']) retrieved from /home/airflow/.local/lib/python3.8/site-packages/airflow/example_dags/example_python_operator.py
[2021-02-07 15:05:34,541] {logging_mixin.py:104} INFO - [2021-02-07 15:05:34,540] {dag.py:1818} INFO - Sync 1 DAGs
[2021-02-07 15:05:34,744] {logging_mixin.py:104} INFO - [2021-02-07 15:05:34,744] {dag.py:2273} INFO - Setting next_dagrun for example_python_operator to None
[2021-02-07 15:05:34,921] {scheduler_job.py:189} INFO - Processing /home/airflow/.local/lib/python3.8/site-packages/airflow/example_dags/example_python_operator.py took 1.083 seconds
[2021-02-07 15:06:05,573] {scheduler_job.py:181} INFO - Started process (PID=111) to work on /home/airflow/.local/lib/python3.8/site-packages/airflow/example_dags/example_python_operator.py
[2021-02-07 15:06:05,577] {scheduler_job.py:627} INFO - Processing file /home/airflow/.local/lib/python3.8/site-packages/airflow/example_dags/example_python_operator.py for tasks to queue
[2021-02-07 15:06:05,581] {logging_mixin.py:104} INFO - [2021-02-07 15:06:05,581] {dagbag.py:449} INFO - Filling up the DagBag from /home/airflow/.local/lib/python3.8/site-packages/airflow/example_dags/example_python_operator.py
[2021-02-07 15:06:05,610] {scheduler_job.py:637} INFO - DAG(s) dict_keys(['example_python_operator']) retrieved from /home/airflow/.local/lib/python3.8/site-packages/airflow/example_dags/example_python_operator.py
[2021-02-07 15:06:05,677] {logging_mixin.py:104} INFO - [2021-02-07 15:06:05,677] {dag.py:1818} INFO - Sync 1 DAGs
[2021-02-07 15:06:05,708] {logging_mixin.py:104} INFO - [2021-02-07 15:06:05,708] {dag.py:2273} INFO - Setting next_dagrun for example_python_operator to None
[2021-02-07 15:06:05,728] {scheduler_job.py:189} INFO - Processing /home/airflow/.local/lib/python3.8/site-packages/airflow/example_dags/example_python_operator.py took 0.164 seconds
[2021-02-07 15:06:36,485] {scheduler_job.py:181} INFO - Started process (PID=137) to work on /home/airflow/.local/lib/python3.8/site-packages/airflow/example_dags/example_python_operator.py
[2021-02-07 15:06:36,493] {scheduler_job.py:627} INFO - Processing file /home/airflow/.local/lib/python3.8/site-packages/airflow/example_dags/example_python_operator.py for tasks to queue
[2021-02-07 15:06:36,495] {logging_mixin.py:104} INFO - [2021-02-07 15:06:36,494] {dagbag.py:449} INFO - Filling up the DagBag from /home/airflow/.local/lib/python3.8/site-packages/airflow/example_dags/example_python_operator.py
[2021-02-07 15:06:36,507] {scheduler_job.py:637} INFO - DAG(s) dict_keys(['example_python_operator']) retrieved from /home/airflow/.local/lib/python3.8/site-packages/airflow/example_dags/example_python_operator.py
[2021-02-07 15:06:36,536] {logging_mixin.py:104} INFO - [2021-02-07 15:06:36,536] {dag.py:1818} INFO - Sync 1 DAGs
[2021-02-07 15:06:36,554] {logging_mixin.py:104} INFO - [2021-02-07 15:06:36,554] {dag.py:2273} INFO - Setting next_dagrun for example_python_operator to None
[2021-02-07 15:06:36,569] {scheduler_job.py:189} INFO - Processing /home/airflow/.local/lib/python3.8/site-packages/airflow/example_dags/example_python_operator.py took 0.089 seconds
[2021-02-07 15:07:06,803] {scheduler_job.py:181} INFO - Started process (PID=163) to work on /home/airflow/.local/lib/python3.8/site-packages/airflow/example_dags/example_python_operator.py
[2021-02-07 15:07:06,806] {scheduler_job.py:627} INFO - Processing file /home/airflow/.local/lib/python3.8/site-packages/airflow/example_dags/example_python_operator.py for tasks to queue
[2021-02-07 15:07:06,808] {logging_mixin.py:104} INFO - [2021-02-07 15:07:06,807] {dagbag.py:449} INFO - Filling up the DagBag from /home/airflow/.local/lib/python3.8/site-packages/airflow/example_dags/example_python_operator.py
[2021-02-07 15:07:06,827] {scheduler_job.py:637} INFO - DAG(s) dict_keys(['example_python_operator']) retrieved from /home/airflow/.local/lib/python3.8/site-packages/airflow/example_dags/example_python_operator.py
[2021-02-07 15:07:06,859] {logging_mixin.py:104} INFO - [2021-02-07 15:07:06,859] {dag.py:1818} INFO - Sync 1 DAGs
[2021-02-07 15:07:06,874] {logging_mixin.py:104} INFO - [2021-02-07 15:07:06,874] {dag.py:2273} INFO - Setting next_dagrun for example_python_operator to None
[2021-02-07 15:07:06,894] {scheduler_job.py:189} INFO - Processing /home/airflow/.local/lib/python3.8/site-packages/airflow/example_dags/example_python_operator.py took 0.096 seconds
[2021-02-07 15:07:36,993] {scheduler_job.py:181} INFO - Started process (PID=189) to work on /home/airflow/.local/lib/python3.8/site-packages/airflow/example_dags/example_python_operator.py
[2021-02-07 15:07:36,995] {scheduler_job.py:627} INFO - Processing file /home/airflow/.local/lib/python3.8/site-packages/airflow/example_dags/example_python_operator.py for tasks to queue
[2021-02-07 15:07:36,997] {logging_mixin.py:104} INFO - [2021-02-07 15:07:36,997] {dagbag.py:449} INFO - Filling up the DagBag from /home/airflow/.local/lib/python3.8/site-packages/airflow/example_dags/example_python_operator.py
[2021-02-07 15:07:37,013] {scheduler_job.py:637} INFO - DAG(s) dict_keys(['example_python_operator']) retrieved from /home/airflow/.local/lib/python3.8/site-packages/airflow/example_dags/example_python_operator.py
[2021-02-07 15:07:37,038] {logging_mixin.py:104} INFO - [2021-02-07 15:07:37,038] {dag.py:1818} INFO - Sync 1 DAGs
[2021-02-07 15:07:37,052] {logging_mixin.py:104} INFO - [2021-02-07 15:07:37,052] {dag.py:2273} INFO - Setting next_dagrun for example_python_operator to None
[2021-02-07 15:07:37,068] {scheduler_job.py:189} INFO - Processing /home/airflow/.local/lib/python3.8/site-packages/airflow/example_dags/example_python_operator.py took 0.080 seconds
[2021-02-07 15:08:07,249] {scheduler_job.py:181} INFO - Started process (PID=215) to work on /home/airflow/.local/lib/python3.8/site-packages/airflow/example_dags/example_python_operator.py
[2021-02-07 15:08:07,252] {scheduler_job.py:627} INFO - Processing file /home/airflow/.local/lib/python3.8/site-packages/airflow/example_dags/example_python_operator.py for tasks to queue
[2021-02-07 15:08:07,253] {logging_mixin.py:104} INFO - [2021-02-07 15:08:07,253] {dagbag.py:449} INFO - Filling up the DagBag from /home/airflow/.local/lib/python3.8/site-packages/airflow/example_dags/example_python_operator.py
[2021-02-07 15:08:07,269] {scheduler_job.py:637} INFO - DAG(s) dict_keys(['example_python_operator']) retrieved from /home/airflow/.local/lib/python3.8/site-packages/airflow/example_dags/example_python_operator.py
[2021-02-07 15:08:07,298] {logging_mixin.py:104} INFO - [2021-02-07 15:08:07,297] {dag.py:1818} INFO - Sync 1 DAGs
[2021-02-07 15:08:07,314] {logging_mixin.py:104} INFO - [2021-02-07 15:08:07,313] {dag.py:2273} INFO - Setting next_dagrun for example_python_operator to None
[2021-02-07 15:08:07,325] {scheduler_job.py:189} INFO - Processing /home/airflow/.local/lib/python3.8/site-packages/airflow/example_dags/example_python_operator.py took 0.080 seconds
[2021-02-07 15:08:37,598] {scheduler_job.py:181} INFO - Started process (PID=241) to work on /home/airflow/.local/lib/python3.8/site-packages/airflow/example_dags/example_python_operator.py
[2021-02-07 15:08:37,602] {scheduler_job.py:627} INFO - Processing file /home/airflow/.local/lib/python3.8/site-packages/airflow/example_dags/example_python_operator.py for tasks to queue
[2021-02-07 15:08:37,604] {logging_mixin.py:104} INFO - [2021-02-07 15:08:37,604] {dagbag.py:449} INFO - Filling up the DagBag from /home/airflow/.local/lib/python3.8/site-packages/airflow/example_dags/example_python_operator.py
[2021-02-07 15:08:37,622] {scheduler_job.py:637} INFO - DAG(s) dict_keys(['example_python_operator']) retrieved from /home/airflow/.local/lib/python3.8/site-packages/airflow/example_dags/example_python_operator.py
[2021-02-07 15:08:37,653] {logging_mixin.py:104} INFO - [2021-02-07 15:08:37,653] {dag.py:1818} INFO - Sync 1 DAGs
[2021-02-07 15:08:37,667] {logging_mixin.py:104} INFO - [2021-02-07 15:08:37,666] {dag.py:2273} INFO - Setting next_dagrun for example_python_operator to None
[2021-02-07 15:08:37,684] {scheduler_job.py:189} INFO - Processing /home/airflow/.local/lib/python3.8/site-packages/airflow/example_dags/example_python_operator.py took 0.091 seconds
[2021-02-07 15:09:07,905] {scheduler_job.py:181} INFO - Started process (PID=267) to work on /home/airflow/.local/lib/python3.8/site-packages/airflow/example_dags/example_python_operator.py
[2021-02-07 15:09:07,907] {scheduler_job.py:627} INFO - Processing file /home/airflow/.local/lib/python3.8/site-packages/airflow/example_dags/example_python_operator.py for tasks to queue
[2021-02-07 15:09:07,909] {logging_mixin.py:104} INFO - [2021-02-07 15:09:07,908] {dagbag.py:449} INFO - Filling up the DagBag from /home/airflow/.local/lib/python3.8/site-packages/airflow/example_dags/example_python_operator.py
[2021-02-07 15:09:07,928] {scheduler_job.py:637} INFO - DAG(s) dict_keys(['example_python_operator']) retrieved from /home/airflow/.local/lib/python3.8/site-packages/airflow/example_dags/example_python_operator.py
[2021-02-07 15:09:07,960] {logging_mixin.py:104} INFO - [2021-02-07 15:09:07,960] {dag.py:1818} INFO - Sync 1 DAGs
[2021-02-07 15:09:07,975] {logging_mixin.py:104} INFO - [2021-02-07 15:09:07,975] {dag.py:2273} INFO - Setting next_dagrun for example_python_operator to None
[2021-02-07 15:09:07,992] {scheduler_job.py:189} INFO - Processing /home/airflow/.local/lib/python3.8/site-packages/airflow/example_dags/example_python_operator.py took 0.093 seconds
[2021-02-07 15:09:38,341] {scheduler_job.py:181} INFO - Started process (PID=293) to work on /home/airflow/.local/lib/python3.8/site-packages/airflow/example_dags/example_python_operator.py
[2021-02-07 15:09:38,343] {scheduler_job.py:627} INFO - Processing file /home/airflow/.local/lib/python3.8/site-packages/airflow/example_dags/example_python_operator.py for tasks to queue
[2021-02-07 15:09:38,345] {logging_mixin.py:104} INFO - [2021-02-07 15:09:38,345] {dagbag.py:449} INFO - Filling up the DagBag from /home/airflow/.local/lib/python3.8/site-packages/airflow/example_dags/example_python_operator.py
[2021-02-07 15:09:38,359] {scheduler_job.py:637} INFO - DAG(s) dict_keys(['example_python_operator']) retrieved from /home/airflow/.local/lib/python3.8/site-packages/airflow/example_dags/example_python_operator.py
[2021-02-07 15:09:38,386] {logging_mixin.py:104} INFO - [2021-02-07 15:09:38,386] {dag.py:1818} INFO - Sync 1 DAGs
[2021-02-07 15:09:38,407] {logging_mixin.py:104} INFO - [2021-02-07 15:09:38,407] {dag.py:2273} INFO - Setting next_dagrun for example_python_operator to None
[2021-02-07 15:09:38,425] {scheduler_job.py:189} INFO - Processing /home/airflow/.local/lib/python3.8/site-packages/airflow/example_dags/example_python_operator.py took 0.088 seconds
[2021-02-07 15:10:09,073] {scheduler_job.py:181} INFO - Started process (PID=319) to work on /home/airflow/.local/lib/python3.8/site-packages/airflow/example_dags/example_python_operator.py
[2021-02-07 15:10:09,081] {scheduler_job.py:627} INFO - Processing file /home/airflow/.local/lib/python3.8/site-packages/airflow/example_dags/example_python_operator.py for tasks to queue
[2021-02-07 15:10:09,082] {logging_mixin.py:104} INFO - [2021-02-07 15:10:09,082] {dagbag.py:449} INFO - Filling up the DagBag from /home/airflow/.local/lib/python3.8/site-packages/airflow/example_dags/example_python_operator.py
[2021-02-07 15:10:09,096] {scheduler_job.py:637} INFO - DAG(s) dict_keys(['example_python_operator']) retrieved from /home/airflow/.local/lib/python3.8/site-packages/airflow/example_dags/example_python_operator.py
[2021-02-07 15:10:09,124] {logging_mixin.py:104} INFO - [2021-02-07 15:10:09,124] {dag.py:1818} INFO - Sync 1 DAGs
[2021-02-07 15:10:09,141] {logging_mixin.py:104} INFO - [2021-02-07 15:10:09,141] {dag.py:2273} INFO - Setting next_dagrun for example_python_operator to None
[2021-02-07 15:10:09,157] {scheduler_job.py:189} INFO - Processing /home/airflow/.local/lib/python3.8/site-packages/airflow/example_dags/example_python_operator.py took 0.089 seconds
[2021-02-07 15:11:38,066] {scheduler_job.py:181} INFO - Started process (PID=340) to work on /home/airflow/.local/lib/python3.8/site-packages/airflow/example_dags/example_python_operator.py
[2021-02-07 15:11:38,089] {scheduler_job.py:627} INFO - Processing file /home/airflow/.local/lib/python3.8/site-packages/airflow/example_dags/example_python_operator.py for tasks to queue
[2021-02-07 15:11:38,100] {logging_mixin.py:104} INFO - [2021-02-07 15:11:38,099] {dagbag.py:449} INFO - Filling up the DagBag from /home/airflow/.local/lib/python3.8/site-packages/airflow/example_dags/example_python_operator.py
[2021-02-07 15:11:38,209] {scheduler_job.py:637} INFO - DAG(s) dict_keys(['example_python_operator']) retrieved from /home/airflow/.local/lib/python3.8/site-packages/airflow/example_dags/example_python_operator.py
[2021-02-07 15:11:38,379] {logging_mixin.py:104} INFO - [2021-02-07 15:11:38,379] {dag.py:1818} INFO - Sync 1 DAGs
[2021-02-07 15:11:38,494] {logging_mixin.py:104} INFO - [2021-02-07 15:11:38,493] {dag.py:2273} INFO - Setting next_dagrun for example_python_operator to None
[2021-02-07 15:11:38,587] {scheduler_job.py:189} INFO - Processing /home/airflow/.local/lib/python3.8/site-packages/airflow/example_dags/example_python_operator.py took 0.558 seconds
[2021-02-07 19:10:20,264] {scheduler_job.py:181} INFO - Started process (PID=366) to work on /home/airflow/.local/lib/python3.8/site-packages/airflow/example_dags/example_python_operator.py
[2021-02-07 19:10:20,271] {scheduler_job.py:627} INFO - Processing file /home/airflow/.local/lib/python3.8/site-packages/airflow/example_dags/example_python_operator.py for tasks to queue
[2021-02-07 19:10:20,273] {logging_mixin.py:104} INFO - [2021-02-07 19:10:20,273] {dagbag.py:449} INFO - Filling up the DagBag from /home/airflow/.local/lib/python3.8/site-packages/airflow/example_dags/example_python_operator.py
[2021-02-07 19:10:20,291] {scheduler_job.py:637} INFO - DAG(s) dict_keys(['example_python_operator']) retrieved from /home/airflow/.local/lib/python3.8/site-packages/airflow/example_dags/example_python_operator.py
[2021-02-07 19:10:20,333] {logging_mixin.py:104} INFO - [2021-02-07 19:10:20,333] {dag.py:1818} INFO - Sync 1 DAGs
[2021-02-07 19:10:20,360] {logging_mixin.py:104} INFO - [2021-02-07 19:10:20,359] {dag.py:2273} INFO - Setting next_dagrun for example_python_operator to None
[2021-02-07 19:10:20,377] {scheduler_job.py:189} INFO - Processing /home/airflow/.local/lib/python3.8/site-packages/airflow/example_dags/example_python_operator.py took 0.118 seconds
[2021-02-07 21:10:34,427] {scheduler_job.py:181} INFO - Started process (PID=392) to work on /home/airflow/.local/lib/python3.8/site-packages/airflow/example_dags/example_python_operator.py
[2021-02-07 21:10:34,433] {scheduler_job.py:627} INFO - Processing file /home/airflow/.local/lib/python3.8/site-packages/airflow/example_dags/example_python_operator.py for tasks to queue
[2021-02-07 21:10:34,437] {logging_mixin.py:104} INFO - [2021-02-07 21:10:34,437] {dagbag.py:449} INFO - Filling up the DagBag from /home/airflow/.local/lib/python3.8/site-packages/airflow/example_dags/example_python_operator.py
[2021-02-07 21:10:34,473] {scheduler_job.py:637} INFO - DAG(s) dict_keys(['example_python_operator']) retrieved from /home/airflow/.local/lib/python3.8/site-packages/airflow/example_dags/example_python_operator.py
[2021-02-07 21:10:34,582] {logging_mixin.py:104} INFO - [2021-02-07 21:10:34,575] {dag.py:1818} INFO - Sync 1 DAGs
[2021-02-07 21:10:34,649] {logging_mixin.py:104} INFO - [2021-02-07 21:10:34,649] {dag.py:2273} INFO - Setting next_dagrun for example_python_operator to None
[2021-02-07 21:10:34,682] {scheduler_job.py:189} INFO - Processing /home/airflow/.local/lib/python3.8/site-packages/airflow/example_dags/example_python_operator.py took 0.261 seconds
[2021-02-07 21:45:32,152] {scheduler_job.py:181} INFO - Started process (PID=418) to work on /home/airflow/.local/lib/python3.8/site-packages/airflow/example_dags/example_python_operator.py
[2021-02-07 21:45:32,156] {scheduler_job.py:627} INFO - Processing file /home/airflow/.local/lib/python3.8/site-packages/airflow/example_dags/example_python_operator.py for tasks to queue
[2021-02-07 21:45:32,159] {logging_mixin.py:104} INFO - [2021-02-07 21:45:32,158] {dagbag.py:449} INFO - Filling up the DagBag from /home/airflow/.local/lib/python3.8/site-packages/airflow/example_dags/example_python_operator.py
[2021-02-07 21:45:32,181] {scheduler_job.py:637} INFO - DAG(s) dict_keys(['example_python_operator']) retrieved from /home/airflow/.local/lib/python3.8/site-packages/airflow/example_dags/example_python_operator.py
[2021-02-07 21:45:32,268] {logging_mixin.py:104} INFO - [2021-02-07 21:45:32,268] {dag.py:1818} INFO - Sync 1 DAGs
[2021-02-07 21:45:32,300] {logging_mixin.py:104} INFO - [2021-02-07 21:45:32,300] {dag.py:2273} INFO - Setting next_dagrun for example_python_operator to None
[2021-02-07 21:45:32,335] {scheduler_job.py:189} INFO - Processing /home/airflow/.local/lib/python3.8/site-packages/airflow/example_dags/example_python_operator.py took 0.188 seconds
[2021-02-07 21:46:02,395] {scheduler_job.py:181} INFO - Started process (PID=442) to work on /home/airflow/.local/lib/python3.8/site-packages/airflow/example_dags/example_python_operator.py
[2021-02-07 21:46:02,401] {scheduler_job.py:627} INFO - Processing file /home/airflow/.local/lib/python3.8/site-packages/airflow/example_dags/example_python_operator.py for tasks to queue
[2021-02-07 21:46:02,406] {logging_mixin.py:104} INFO - [2021-02-07 21:46:02,405] {dagbag.py:449} INFO - Filling up the DagBag from /home/airflow/.local/lib/python3.8/site-packages/airflow/example_dags/example_python_operator.py
[2021-02-07 21:46:02,447] {scheduler_job.py:637} INFO - DAG(s) dict_keys(['example_python_operator']) retrieved from /home/airflow/.local/lib/python3.8/site-packages/airflow/example_dags/example_python_operator.py
[2021-02-07 21:46:02,528] {logging_mixin.py:104} INFO - [2021-02-07 21:46:02,527] {dag.py:1818} INFO - Sync 1 DAGs
[2021-02-07 21:46:02,560] {logging_mixin.py:104} INFO - [2021-02-07 21:46:02,560] {dag.py:2273} INFO - Setting next_dagrun for example_python_operator to None
[2021-02-07 21:46:02,589] {scheduler_job.py:189} INFO - Processing /home/airflow/.local/lib/python3.8/site-packages/airflow/example_dags/example_python_operator.py took 0.203 seconds
[2021-02-07 21:46:32,631] {scheduler_job.py:181} INFO - Started process (PID=467) to work on /home/airflow/.local/lib/python3.8/site-packages/airflow/example_dags/example_python_operator.py
[2021-02-07 21:46:32,633] {scheduler_job.py:627} INFO - Processing file /home/airflow/.local/lib/python3.8/site-packages/airflow/example_dags/example_python_operator.py for tasks to queue
[2021-02-07 21:46:32,636] {logging_mixin.py:104} INFO - [2021-02-07 21:46:32,635] {dagbag.py:449} INFO - Filling up the DagBag from /home/airflow/.local/lib/python3.8/site-packages/airflow/example_dags/example_python_operator.py
[2021-02-07 21:46:32,656] {scheduler_job.py:637} INFO - DAG(s) dict_keys(['example_python_operator']) retrieved from /home/airflow/.local/lib/python3.8/site-packages/airflow/example_dags/example_python_operator.py
[2021-02-07 21:46:32,687] {logging_mixin.py:104} INFO - [2021-02-07 21:46:32,687] {dag.py:1818} INFO - Sync 1 DAGs
[2021-02-07 21:46:32,706] {logging_mixin.py:104} INFO - [2021-02-07 21:46:32,706] {dag.py:2273} INFO - Setting next_dagrun for example_python_operator to None
[2021-02-07 21:46:32,720] {scheduler_job.py:189} INFO - Processing /home/airflow/.local/lib/python3.8/site-packages/airflow/example_dags/example_python_operator.py took 0.094 seconds
[2021-02-07 21:47:08,778] {scheduler_job.py:181} INFO - Started process (PID=496) to work on /home/airflow/.local/lib/python3.8/site-packages/airflow/example_dags/example_python_operator.py
[2021-02-07 21:47:08,786] {scheduler_job.py:627} INFO - Processing file /home/airflow/.local/lib/python3.8/site-packages/airflow/example_dags/example_python_operator.py for tasks to queue
[2021-02-07 21:47:08,791] {logging_mixin.py:104} INFO - [2021-02-07 21:47:08,791] {dagbag.py:449} INFO - Filling up the DagBag from /home/airflow/.local/lib/python3.8/site-packages/airflow/example_dags/example_python_operator.py
[2021-02-07 21:47:08,875] {scheduler_job.py:637} INFO - DAG(s) dict_keys(['example_python_operator']) retrieved from /home/airflow/.local/lib/python3.8/site-packages/airflow/example_dags/example_python_operator.py
[2021-02-07 21:47:08,974] {logging_mixin.py:104} INFO - [2021-02-07 21:47:08,974] {dag.py:1818} INFO - Sync 1 DAGs
[2021-02-07 21:47:09,010] {logging_mixin.py:104} INFO - [2021-02-07 21:47:09,009] {dag.py:2273} INFO - Setting next_dagrun for example_python_operator to None
[2021-02-07 21:47:09,031] {scheduler_job.py:189} INFO - Processing /home/airflow/.local/lib/python3.8/site-packages/airflow/example_dags/example_python_operator.py took 0.262 seconds
[2021-02-07 21:47:39,283] {scheduler_job.py:181} INFO - Started process (PID=522) to work on /home/airflow/.local/lib/python3.8/site-packages/airflow/example_dags/example_python_operator.py
[2021-02-07 21:47:39,287] {scheduler_job.py:627} INFO - Processing file /home/airflow/.local/lib/python3.8/site-packages/airflow/example_dags/example_python_operator.py for tasks to queue
[2021-02-07 21:47:39,290] {logging_mixin.py:104} INFO - [2021-02-07 21:47:39,290] {dagbag.py:449} INFO - Filling up the DagBag from /home/airflow/.local/lib/python3.8/site-packages/airflow/example_dags/example_python_operator.py
[2021-02-07 21:47:39,318] {scheduler_job.py:637} INFO - DAG(s) dict_keys(['example_python_operator']) retrieved from /home/airflow/.local/lib/python3.8/site-packages/airflow/example_dags/example_python_operator.py
[2021-02-07 21:47:39,387] {logging_mixin.py:104} INFO - [2021-02-07 21:47:39,387] {dag.py:1818} INFO - Sync 1 DAGs
[2021-02-07 21:47:39,411] {logging_mixin.py:104} INFO - [2021-02-07 21:47:39,411] {dag.py:2273} INFO - Setting next_dagrun for example_python_operator to None
[2021-02-07 21:47:39,428] {scheduler_job.py:189} INFO - Processing /home/airflow/.local/lib/python3.8/site-packages/airflow/example_dags/example_python_operator.py took 0.156 seconds
[2021-02-07 21:48:09,466] {scheduler_job.py:181} INFO - Started process (PID=548) to work on /home/airflow/.local/lib/python3.8/site-packages/airflow/example_dags/example_python_operator.py
[2021-02-07 21:48:09,470] {scheduler_job.py:627} INFO - Processing file /home/airflow/.local/lib/python3.8/site-packages/airflow/example_dags/example_python_operator.py for tasks to queue
[2021-02-07 21:48:09,473] {logging_mixin.py:104} INFO - [2021-02-07 21:48:09,472] {dagbag.py:449} INFO - Filling up the DagBag from /home/airflow/.local/lib/python3.8/site-packages/airflow/example_dags/example_python_operator.py
[2021-02-07 21:48:09,493] {scheduler_job.py:637} INFO - DAG(s) dict_keys(['example_python_operator']) retrieved from /home/airflow/.local/lib/python3.8/site-packages/airflow/example_dags/example_python_operator.py
[2021-02-07 21:48:09,602] {logging_mixin.py:104} INFO - [2021-02-07 21:48:09,602] {dag.py:1818} INFO - Sync 1 DAGs
[2021-02-07 21:48:09,624] {logging_mixin.py:104} INFO - [2021-02-07 21:48:09,624] {dag.py:2273} INFO - Setting next_dagrun for example_python_operator to None
[2021-02-07 21:48:09,643] {scheduler_job.py:189} INFO - Processing /home/airflow/.local/lib/python3.8/site-packages/airflow/example_dags/example_python_operator.py took 0.181 seconds
[2021-02-07 21:48:40,150] {scheduler_job.py:181} INFO - Started process (PID=573) to work on /home/airflow/.local/lib/python3.8/site-packages/airflow/example_dags/example_python_operator.py
[2021-02-07 21:48:40,155] {scheduler_job.py:627} INFO - Processing file /home/airflow/.local/lib/python3.8/site-packages/airflow/example_dags/example_python_operator.py for tasks to queue
[2021-02-07 21:48:40,169] {logging_mixin.py:104} INFO - [2021-02-07 21:48:40,168] {dagbag.py:449} INFO - Filling up the DagBag from /home/airflow/.local/lib/python3.8/site-packages/airflow/example_dags/example_python_operator.py
[2021-02-07 21:48:40,238] {scheduler_job.py:637} INFO - DAG(s) dict_keys(['example_python_operator']) retrieved from /home/airflow/.local/lib/python3.8/site-packages/airflow/example_dags/example_python_operator.py
[2021-02-07 21:48:40,418] {logging_mixin.py:104} INFO - [2021-02-07 21:48:40,417] {dag.py:1818} INFO - Sync 1 DAGs
[2021-02-07 21:48:40,485] {logging_mixin.py:104} INFO - [2021-02-07 21:48:40,483] {dag.py:2273} INFO - Setting next_dagrun for example_python_operator to None
[2021-02-07 21:48:40,537] {scheduler_job.py:189} INFO - Processing /home/airflow/.local/lib/python3.8/site-packages/airflow/example_dags/example_python_operator.py took 0.403 seconds
[2021-02-07 21:49:11,166] {scheduler_job.py:181} INFO - Started process (PID=599) to work on /home/airflow/.local/lib/python3.8/site-packages/airflow/example_dags/example_python_operator.py
[2021-02-07 21:49:11,169] {scheduler_job.py:627} INFO - Processing file /home/airflow/.local/lib/python3.8/site-packages/airflow/example_dags/example_python_operator.py for tasks to queue
[2021-02-07 21:49:11,170] {logging_mixin.py:104} INFO - [2021-02-07 21:49:11,170] {dagbag.py:449} INFO - Filling up the DagBag from /home/airflow/.local/lib/python3.8/site-packages/airflow/example_dags/example_python_operator.py
[2021-02-07 21:49:11,183] {scheduler_job.py:637} INFO - DAG(s) dict_keys(['example_python_operator']) retrieved from /home/airflow/.local/lib/python3.8/site-packages/airflow/example_dags/example_python_operator.py
[2021-02-07 21:49:11,207] {logging_mixin.py:104} INFO - [2021-02-07 21:49:11,207] {dag.py:1818} INFO - Sync 1 DAGs
[2021-02-07 21:49:11,222] {logging_mixin.py:104} INFO - [2021-02-07 21:49:11,222] {dag.py:2273} INFO - Setting next_dagrun for example_python_operator to None
[2021-02-07 21:49:11,234] {scheduler_job.py:189} INFO - Processing /home/airflow/.local/lib/python3.8/site-packages/airflow/example_dags/example_python_operator.py took 0.073 seconds
[2021-02-07 21:49:43,311] {scheduler_job.py:181} INFO - Started process (PID=626) to work on /home/airflow/.local/lib/python3.8/site-packages/airflow/example_dags/example_python_operator.py
[2021-02-07 21:49:43,332] {scheduler_job.py:627} INFO - Processing file /home/airflow/.local/lib/python3.8/site-packages/airflow/example_dags/example_python_operator.py for tasks to queue
[2021-02-07 21:49:43,355] {logging_mixin.py:104} INFO - [2021-02-07 21:49:43,350] {dagbag.py:449} INFO - Filling up the DagBag from /home/airflow/.local/lib/python3.8/site-packages/airflow/example_dags/example_python_operator.py
[2021-02-07 21:49:43,496] {scheduler_job.py:637} INFO - DAG(s) dict_keys(['example_python_operator']) retrieved from /home/airflow/.local/lib/python3.8/site-packages/airflow/example_dags/example_python_operator.py
[2021-02-07 21:49:43,701] {logging_mixin.py:104} INFO - [2021-02-07 21:49:43,700] {dag.py:1818} INFO - Sync 1 DAGs
[2021-02-07 21:49:43,832] {logging_mixin.py:104} INFO - [2021-02-07 21:49:43,832] {dag.py:2273} INFO - Setting next_dagrun for example_python_operator to None
[2021-02-07 21:49:43,948] {scheduler_job.py:189} INFO - Processing /home/airflow/.local/lib/python3.8/site-packages/airflow/example_dags/example_python_operator.py took 0.672 seconds
[2021-02-07 21:50:14,788] {scheduler_job.py:181} INFO - Started process (PID=652) to work on /home/airflow/.local/lib/python3.8/site-packages/airflow/example_dags/example_python_operator.py
[2021-02-07 21:50:14,791] {scheduler_job.py:627} INFO - Processing file /home/airflow/.local/lib/python3.8/site-packages/airflow/example_dags/example_python_operator.py for tasks to queue
[2021-02-07 21:50:14,793] {logging_mixin.py:104} INFO - [2021-02-07 21:50:14,793] {dagbag.py:449} INFO - Filling up the DagBag from /home/airflow/.local/lib/python3.8/site-packages/airflow/example_dags/example_python_operator.py
[2021-02-07 21:50:14,810] {scheduler_job.py:637} INFO - DAG(s) dict_keys(['example_python_operator']) retrieved from /home/airflow/.local/lib/python3.8/site-packages/airflow/example_dags/example_python_operator.py
[2021-02-07 21:50:14,841] {logging_mixin.py:104} INFO - [2021-02-07 21:50:14,841] {dag.py:1818} INFO - Sync 1 DAGs
[2021-02-07 21:50:14,858] {logging_mixin.py:104} INFO - [2021-02-07 21:50:14,858] {dag.py:2273} INFO - Setting next_dagrun for example_python_operator to None
[2021-02-07 21:50:14,871] {scheduler_job.py:189} INFO - Processing /home/airflow/.local/lib/python3.8/site-packages/airflow/example_dags/example_python_operator.py took 0.090 seconds
[2021-02-07 21:50:45,490] {scheduler_job.py:181} INFO - Started process (PID=678) to work on /home/airflow/.local/lib/python3.8/site-packages/airflow/example_dags/example_python_operator.py
[2021-02-07 21:50:45,493] {scheduler_job.py:627} INFO - Processing file /home/airflow/.local/lib/python3.8/site-packages/airflow/example_dags/example_python_operator.py for tasks to queue
[2021-02-07 21:50:45,495] {logging_mixin.py:104} INFO - [2021-02-07 21:50:45,495] {dagbag.py:449} INFO - Filling up the DagBag from /home/airflow/.local/lib/python3.8/site-packages/airflow/example_dags/example_python_operator.py
[2021-02-07 21:50:45,511] {scheduler_job.py:637} INFO - DAG(s) dict_keys(['example_python_operator']) retrieved from /home/airflow/.local/lib/python3.8/site-packages/airflow/example_dags/example_python_operator.py
[2021-02-07 21:50:45,553] {logging_mixin.py:104} INFO - [2021-02-07 21:50:45,553] {dag.py:1818} INFO - Sync 1 DAGs
[2021-02-07 21:50:45,579] {logging_mixin.py:104} INFO - [2021-02-07 21:50:45,579] {dag.py:2273} INFO - Setting next_dagrun for example_python_operator to None
[2021-02-07 21:50:45,595] {scheduler_job.py:189} INFO - Processing /home/airflow/.local/lib/python3.8/site-packages/airflow/example_dags/example_python_operator.py took 0.111 seconds
[2021-02-07 21:51:16,148] {scheduler_job.py:181} INFO - Started process (PID=704) to work on /home/airflow/.local/lib/python3.8/site-packages/airflow/example_dags/example_python_operator.py
[2021-02-07 21:51:16,161] {scheduler_job.py:627} INFO - Processing file /home/airflow/.local/lib/python3.8/site-packages/airflow/example_dags/example_python_operator.py for tasks to queue
[2021-02-07 21:51:16,175] {logging_mixin.py:104} INFO - [2021-02-07 21:51:16,173] {dagbag.py:449} INFO - Filling up the DagBag from /home/airflow/.local/lib/python3.8/site-packages/airflow/example_dags/example_python_operator.py
[2021-02-07 21:51:16,259] {scheduler_job.py:637} INFO - DAG(s) dict_keys(['example_python_operator']) retrieved from /home/airflow/.local/lib/python3.8/site-packages/airflow/example_dags/example_python_operator.py
[2021-02-07 21:51:16,300] {logging_mixin.py:104} INFO - [2021-02-07 21:51:16,300] {dag.py:1818} INFO - Sync 1 DAGs
[2021-02-07 21:51:16,325] {logging_mixin.py:104} INFO - [2021-02-07 21:51:16,325] {dag.py:2273} INFO - Setting next_dagrun for example_python_operator to None
[2021-02-07 21:51:16,345] {scheduler_job.py:189} INFO - Processing /home/airflow/.local/lib/python3.8/site-packages/airflow/example_dags/example_python_operator.py took 0.236 seconds
[2021-02-07 21:51:47,060] {scheduler_job.py:181} INFO - Started process (PID=730) to work on /home/airflow/.local/lib/python3.8/site-packages/airflow/example_dags/example_python_operator.py
[2021-02-07 21:51:47,062] {scheduler_job.py:627} INFO - Processing file /home/airflow/.local/lib/python3.8/site-packages/airflow/example_dags/example_python_operator.py for tasks to queue
[2021-02-07 21:51:47,064] {logging_mixin.py:104} INFO - [2021-02-07 21:51:47,063] {dagbag.py:449} INFO - Filling up the DagBag from /home/airflow/.local/lib/python3.8/site-packages/airflow/example_dags/example_python_operator.py
[2021-02-07 21:51:47,086] {scheduler_job.py:637} INFO - DAG(s) dict_keys(['example_python_operator']) retrieved from /home/airflow/.local/lib/python3.8/site-packages/airflow/example_dags/example_python_operator.py
[2021-02-07 21:51:47,113] {logging_mixin.py:104} INFO - [2021-02-07 21:51:47,113] {dag.py:1818} INFO - Sync 1 DAGs
[2021-02-07 21:51:47,129] {logging_mixin.py:104} INFO - [2021-02-07 21:51:47,129] {dag.py:2273} INFO - Setting next_dagrun for example_python_operator to None
[2021-02-07 21:51:47,141] {scheduler_job.py:189} INFO - Processing /home/airflow/.local/lib/python3.8/site-packages/airflow/example_dags/example_python_operator.py took 0.087 seconds
[2021-02-07 21:52:17,847] {scheduler_job.py:181} INFO - Started process (PID=756) to work on /home/airflow/.local/lib/python3.8/site-packages/airflow/example_dags/example_python_operator.py
[2021-02-07 21:52:17,858] {scheduler_job.py:627} INFO - Processing file /home/airflow/.local/lib/python3.8/site-packages/airflow/example_dags/example_python_operator.py for tasks to queue
[2021-02-07 21:52:17,865] {logging_mixin.py:104} INFO - [2021-02-07 21:52:17,865] {dagbag.py:449} INFO - Filling up the DagBag from /home/airflow/.local/lib/python3.8/site-packages/airflow/example_dags/example_python_operator.py
[2021-02-07 21:52:17,954] {scheduler_job.py:637} INFO - DAG(s) dict_keys(['example_python_operator']) retrieved from /home/airflow/.local/lib/python3.8/site-packages/airflow/example_dags/example_python_operator.py
[2021-02-07 21:52:18,127] {logging_mixin.py:104} INFO - [2021-02-07 21:52:18,126] {dag.py:1818} INFO - Sync 1 DAGs
[2021-02-07 21:52:18,240] {logging_mixin.py:104} INFO - [2021-02-07 21:52:18,240] {dag.py:2273} INFO - Setting next_dagrun for example_python_operator to None
[2021-02-07 21:52:18,298] {scheduler_job.py:189} INFO - Processing /home/airflow/.local/lib/python3.8/site-packages/airflow/example_dags/example_python_operator.py took 0.474 seconds
[2021-02-07 21:52:48,390] {scheduler_job.py:181} INFO - Started process (PID=782) to work on /home/airflow/.local/lib/python3.8/site-packages/airflow/example_dags/example_python_operator.py
[2021-02-07 21:52:48,394] {scheduler_job.py:627} INFO - Processing file /home/airflow/.local/lib/python3.8/site-packages/airflow/example_dags/example_python_operator.py for tasks to queue
[2021-02-07 21:52:48,396] {logging_mixin.py:104} INFO - [2021-02-07 21:52:48,395] {dagbag.py:449} INFO - Filling up the DagBag from /home/airflow/.local/lib/python3.8/site-packages/airflow/example_dags/example_python_operator.py
[2021-02-07 21:52:48,410] {scheduler_job.py:637} INFO - DAG(s) dict_keys(['example_python_operator']) retrieved from /home/airflow/.local/lib/python3.8/site-packages/airflow/example_dags/example_python_operator.py
[2021-02-07 21:52:48,453] {logging_mixin.py:104} INFO - [2021-02-07 21:52:48,453] {dag.py:1818} INFO - Sync 1 DAGs
[2021-02-07 21:52:48,475] {logging_mixin.py:104} INFO - [2021-02-07 21:52:48,475] {dag.py:2273} INFO - Setting next_dagrun for example_python_operator to None
[2021-02-07 21:52:48,492] {scheduler_job.py:189} INFO - Processing /home/airflow/.local/lib/python3.8/site-packages/airflow/example_dags/example_python_operator.py took 0.107 seconds
[2021-02-07 21:53:19,396] {scheduler_job.py:181} INFO - Started process (PID=808) to work on /home/airflow/.local/lib/python3.8/site-packages/airflow/example_dags/example_python_operator.py
[2021-02-07 21:53:19,400] {scheduler_job.py:627} INFO - Processing file /home/airflow/.local/lib/python3.8/site-packages/airflow/example_dags/example_python_operator.py for tasks to queue
[2021-02-07 21:53:19,402] {logging_mixin.py:104} INFO - [2021-02-07 21:53:19,401] {dagbag.py:449} INFO - Filling up the DagBag from /home/airflow/.local/lib/python3.8/site-packages/airflow/example_dags/example_python_operator.py
[2021-02-07 21:53:19,419] {scheduler_job.py:637} INFO - DAG(s) dict_keys(['example_python_operator']) retrieved from /home/airflow/.local/lib/python3.8/site-packages/airflow/example_dags/example_python_operator.py
[2021-02-07 21:53:19,456] {logging_mixin.py:104} INFO - [2021-02-07 21:53:19,455] {dag.py:1818} INFO - Sync 1 DAGs
[2021-02-07 21:53:19,473] {logging_mixin.py:104} INFO - [2021-02-07 21:53:19,473] {dag.py:2273} INFO - Setting next_dagrun for example_python_operator to None
[2021-02-07 21:53:19,503] {scheduler_job.py:189} INFO - Processing /home/airflow/.local/lib/python3.8/site-packages/airflow/example_dags/example_python_operator.py took 0.111 seconds
[2021-02-07 21:53:50,360] {scheduler_job.py:181} INFO - Started process (PID=841) to work on /home/airflow/.local/lib/python3.8/site-packages/airflow/example_dags/example_python_operator.py
[2021-02-07 21:53:50,363] {scheduler_job.py:627} INFO - Processing file /home/airflow/.local/lib/python3.8/site-packages/airflow/example_dags/example_python_operator.py for tasks to queue
[2021-02-07 21:53:50,365] {logging_mixin.py:104} INFO - [2021-02-07 21:53:50,365] {dagbag.py:449} INFO - Filling up the DagBag from /home/airflow/.local/lib/python3.8/site-packages/airflow/example_dags/example_python_operator.py
[2021-02-07 21:53:50,382] {scheduler_job.py:637} INFO - DAG(s) dict_keys(['example_python_operator']) retrieved from /home/airflow/.local/lib/python3.8/site-packages/airflow/example_dags/example_python_operator.py
[2021-02-07 21:53:50,412] {logging_mixin.py:104} INFO - [2021-02-07 21:53:50,412] {dag.py:1818} INFO - Sync 1 DAGs
[2021-02-07 21:53:50,429] {logging_mixin.py:104} INFO - [2021-02-07 21:53:50,429] {dag.py:2273} INFO - Setting next_dagrun for example_python_operator to None
[2021-02-07 21:53:50,447] {scheduler_job.py:189} INFO - Processing /home/airflow/.local/lib/python3.8/site-packages/airflow/example_dags/example_python_operator.py took 0.092 seconds
[2021-02-07 21:54:20,669] {scheduler_job.py:181} INFO - Started process (PID=876) to work on /home/airflow/.local/lib/python3.8/site-packages/airflow/example_dags/example_python_operator.py
[2021-02-07 21:54:20,672] {scheduler_job.py:627} INFO - Processing file /home/airflow/.local/lib/python3.8/site-packages/airflow/example_dags/example_python_operator.py for tasks to queue
[2021-02-07 21:54:20,674] {logging_mixin.py:104} INFO - [2021-02-07 21:54:20,674] {dagbag.py:449} INFO - Filling up the DagBag from /home/airflow/.local/lib/python3.8/site-packages/airflow/example_dags/example_python_operator.py
[2021-02-07 21:54:20,693] {scheduler_job.py:637} INFO - DAG(s) dict_keys(['example_python_operator']) retrieved from /home/airflow/.local/lib/python3.8/site-packages/airflow/example_dags/example_python_operator.py
[2021-02-07 21:54:20,723] {logging_mixin.py:104} INFO - [2021-02-07 21:54:20,723] {dag.py:1818} INFO - Sync 1 DAGs
[2021-02-07 21:54:20,742] {logging_mixin.py:104} INFO - [2021-02-07 21:54:20,741] {dag.py:2273} INFO - Setting next_dagrun for example_python_operator to None
[2021-02-07 21:54:20,753] {scheduler_job.py:189} INFO - Processing /home/airflow/.local/lib/python3.8/site-packages/airflow/example_dags/example_python_operator.py took 0.089 seconds
[2021-02-07 21:54:51,813] {scheduler_job.py:181} INFO - Started process (PID=902) to work on /home/airflow/.local/lib/python3.8/site-packages/airflow/example_dags/example_python_operator.py
[2021-02-07 21:54:51,817] {scheduler_job.py:627} INFO - Processing file /home/airflow/.local/lib/python3.8/site-packages/airflow/example_dags/example_python_operator.py for tasks to queue
[2021-02-07 21:54:51,820] {logging_mixin.py:104} INFO - [2021-02-07 21:54:51,820] {dagbag.py:449} INFO - Filling up the DagBag from /home/airflow/.local/lib/python3.8/site-packages/airflow/example_dags/example_python_operator.py
[2021-02-07 21:54:51,839] {scheduler_job.py:637} INFO - DAG(s) dict_keys(['example_python_operator']) retrieved from /home/airflow/.local/lib/python3.8/site-packages/airflow/example_dags/example_python_operator.py
[2021-02-07 21:54:51,875] {logging_mixin.py:104} INFO - [2021-02-07 21:54:51,875] {dag.py:1818} INFO - Sync 1 DAGs
[2021-02-07 21:54:51,896] {logging_mixin.py:104} INFO - [2021-02-07 21:54:51,896] {dag.py:2273} INFO - Setting next_dagrun for example_python_operator to None
[2021-02-07 21:54:51,922] {scheduler_job.py:189} INFO - Processing /home/airflow/.local/lib/python3.8/site-packages/airflow/example_dags/example_python_operator.py took 0.122 seconds
[2021-02-07 21:55:22,189] {scheduler_job.py:181} INFO - Started process (PID=928) to work on /home/airflow/.local/lib/python3.8/site-packages/airflow/example_dags/example_python_operator.py
[2021-02-07 21:55:22,192] {scheduler_job.py:627} INFO - Processing file /home/airflow/.local/lib/python3.8/site-packages/airflow/example_dags/example_python_operator.py for tasks to queue
[2021-02-07 21:55:22,198] {logging_mixin.py:104} INFO - [2021-02-07 21:55:22,197] {dagbag.py:449} INFO - Filling up the DagBag from /home/airflow/.local/lib/python3.8/site-packages/airflow/example_dags/example_python_operator.py
[2021-02-07 21:55:22,239] {scheduler_job.py:637} INFO - DAG(s) dict_keys(['example_python_operator']) retrieved from /home/airflow/.local/lib/python3.8/site-packages/airflow/example_dags/example_python_operator.py
[2021-02-07 21:55:22,307] {logging_mixin.py:104} INFO - [2021-02-07 21:55:22,307] {dag.py:1818} INFO - Sync 1 DAGs
[2021-02-07 21:55:22,348] {logging_mixin.py:104} INFO - [2021-02-07 21:55:22,347] {dag.py:2273} INFO - Setting next_dagrun for example_python_operator to None
[2021-02-07 21:55:22,384] {scheduler_job.py:189} INFO - Processing /home/airflow/.local/lib/python3.8/site-packages/airflow/example_dags/example_python_operator.py took 0.211 seconds
[2021-02-07 21:55:52,434] {scheduler_job.py:181} INFO - Started process (PID=954) to work on /home/airflow/.local/lib/python3.8/site-packages/airflow/example_dags/example_python_operator.py
[2021-02-07 21:55:52,436] {scheduler_job.py:627} INFO - Processing file /home/airflow/.local/lib/python3.8/site-packages/airflow/example_dags/example_python_operator.py for tasks to queue
[2021-02-07 21:55:52,438] {logging_mixin.py:104} INFO - [2021-02-07 21:55:52,438] {dagbag.py:449} INFO - Filling up the DagBag from /home/airflow/.local/lib/python3.8/site-packages/airflow/example_dags/example_python_operator.py
[2021-02-07 21:55:52,456] {scheduler_job.py:637} INFO - DAG(s) dict_keys(['example_python_operator']) retrieved from /home/airflow/.local/lib/python3.8/site-packages/airflow/example_dags/example_python_operator.py
[2021-02-07 21:55:52,499] {logging_mixin.py:104} INFO - [2021-02-07 21:55:52,499] {dag.py:1818} INFO - Sync 1 DAGs
[2021-02-07 21:55:52,525] {logging_mixin.py:104} INFO - [2021-02-07 21:55:52,525] {dag.py:2273} INFO - Setting next_dagrun for example_python_operator to None
[2021-02-07 21:55:52,554] {scheduler_job.py:189} INFO - Processing /home/airflow/.local/lib/python3.8/site-packages/airflow/example_dags/example_python_operator.py took 0.126 seconds
[2021-02-07 21:56:22,848] {scheduler_job.py:181} INFO - Started process (PID=980) to work on /home/airflow/.local/lib/python3.8/site-packages/airflow/example_dags/example_python_operator.py
[2021-02-07 21:56:22,851] {scheduler_job.py:627} INFO - Processing file /home/airflow/.local/lib/python3.8/site-packages/airflow/example_dags/example_python_operator.py for tasks to queue
[2021-02-07 21:56:22,854] {logging_mixin.py:104} INFO - [2021-02-07 21:56:22,854] {dagbag.py:449} INFO - Filling up the DagBag from /home/airflow/.local/lib/python3.8/site-packages/airflow/example_dags/example_python_operator.py
[2021-02-07 21:56:22,879] {scheduler_job.py:637} INFO - DAG(s) dict_keys(['example_python_operator']) retrieved from /home/airflow/.local/lib/python3.8/site-packages/airflow/example_dags/example_python_operator.py
[2021-02-07 21:56:22,933] {logging_mixin.py:104} INFO - [2021-02-07 21:56:22,933] {dag.py:1818} INFO - Sync 1 DAGs
[2021-02-07 21:56:22,956] {logging_mixin.py:104} INFO - [2021-02-07 21:56:22,955] {dag.py:2273} INFO - Setting next_dagrun for example_python_operator to None
[2021-02-07 21:56:22,973] {scheduler_job.py:189} INFO - Processing /home/airflow/.local/lib/python3.8/site-packages/airflow/example_dags/example_python_operator.py took 0.133 seconds
[2021-02-07 21:56:53,030] {scheduler_job.py:181} INFO - Started process (PID=1006) to work on /home/airflow/.local/lib/python3.8/site-packages/airflow/example_dags/example_python_operator.py
[2021-02-07 21:56:53,033] {scheduler_job.py:627} INFO - Processing file /home/airflow/.local/lib/python3.8/site-packages/airflow/example_dags/example_python_operator.py for tasks to queue
[2021-02-07 21:56:53,035] {logging_mixin.py:104} INFO - [2021-02-07 21:56:53,035] {dagbag.py:449} INFO - Filling up the DagBag from /home/airflow/.local/lib/python3.8/site-packages/airflow/example_dags/example_python_operator.py
[2021-02-07 21:56:53,055] {scheduler_job.py:637} INFO - DAG(s) dict_keys(['example_python_operator']) retrieved from /home/airflow/.local/lib/python3.8/site-packages/airflow/example_dags/example_python_operator.py
[2021-02-07 21:56:53,097] {logging_mixin.py:104} INFO - [2021-02-07 21:56:53,097] {dag.py:1818} INFO - Sync 1 DAGs
[2021-02-07 21:56:53,118] {logging_mixin.py:104} INFO - [2021-02-07 21:56:53,118] {dag.py:2273} INFO - Setting next_dagrun for example_python_operator to None
[2021-02-07 21:56:53,143] {scheduler_job.py:189} INFO - Processing /home/airflow/.local/lib/python3.8/site-packages/airflow/example_dags/example_python_operator.py took 0.120 seconds
[2021-02-07 21:57:23,217] {scheduler_job.py:181} INFO - Started process (PID=1032) to work on /home/airflow/.local/lib/python3.8/site-packages/airflow/example_dags/example_python_operator.py
[2021-02-07 21:57:23,219] {scheduler_job.py:627} INFO - Processing file /home/airflow/.local/lib/python3.8/site-packages/airflow/example_dags/example_python_operator.py for tasks to queue
[2021-02-07 21:57:23,220] {logging_mixin.py:104} INFO - [2021-02-07 21:57:23,220] {dagbag.py:449} INFO - Filling up the DagBag from /home/airflow/.local/lib/python3.8/site-packages/airflow/example_dags/example_python_operator.py
[2021-02-07 21:57:23,235] {scheduler_job.py:637} INFO - DAG(s) dict_keys(['example_python_operator']) retrieved from /home/airflow/.local/lib/python3.8/site-packages/airflow/example_dags/example_python_operator.py
[2021-02-07 21:57:23,263] {logging_mixin.py:104} INFO - [2021-02-07 21:57:23,263] {dag.py:1818} INFO - Sync 1 DAGs
[2021-02-07 21:57:23,277] {logging_mixin.py:104} INFO - [2021-02-07 21:57:23,277] {dag.py:2273} INFO - Setting next_dagrun for example_python_operator to None
[2021-02-07 21:57:23,294] {scheduler_job.py:189} INFO - Processing /home/airflow/.local/lib/python3.8/site-packages/airflow/example_dags/example_python_operator.py took 0.082 seconds
[2021-02-07 21:57:53,597] {scheduler_job.py:181} INFO - Started process (PID=1058) to work on /home/airflow/.local/lib/python3.8/site-packages/airflow/example_dags/example_python_operator.py
[2021-02-07 21:57:53,600] {scheduler_job.py:627} INFO - Processing file /home/airflow/.local/lib/python3.8/site-packages/airflow/example_dags/example_python_operator.py for tasks to queue
[2021-02-07 21:57:53,602] {logging_mixin.py:104} INFO - [2021-02-07 21:57:53,602] {dagbag.py:449} INFO - Filling up the DagBag from /home/airflow/.local/lib/python3.8/site-packages/airflow/example_dags/example_python_operator.py
[2021-02-07 21:57:53,616] {scheduler_job.py:637} INFO - DAG(s) dict_keys(['example_python_operator']) retrieved from /home/airflow/.local/lib/python3.8/site-packages/airflow/example_dags/example_python_operator.py
[2021-02-07 21:57:53,642] {logging_mixin.py:104} INFO - [2021-02-07 21:57:53,642] {dag.py:1818} INFO - Sync 1 DAGs
[2021-02-07 21:57:53,657] {logging_mixin.py:104} INFO - [2021-02-07 21:57:53,657] {dag.py:2273} INFO - Setting next_dagrun for example_python_operator to None
[2021-02-07 21:57:53,669] {scheduler_job.py:189} INFO - Processing /home/airflow/.local/lib/python3.8/site-packages/airflow/example_dags/example_python_operator.py took 0.077 seconds
[2021-02-07 21:58:24,186] {scheduler_job.py:181} INFO - Started process (PID=1084) to work on /home/airflow/.local/lib/python3.8/site-packages/airflow/example_dags/example_python_operator.py
[2021-02-07 21:58:24,189] {scheduler_job.py:627} INFO - Processing file /home/airflow/.local/lib/python3.8/site-packages/airflow/example_dags/example_python_operator.py for tasks to queue
[2021-02-07 21:58:24,191] {logging_mixin.py:104} INFO - [2021-02-07 21:58:24,191] {dagbag.py:449} INFO - Filling up the DagBag from /home/airflow/.local/lib/python3.8/site-packages/airflow/example_dags/example_python_operator.py
[2021-02-07 21:58:24,211] {scheduler_job.py:637} INFO - DAG(s) dict_keys(['example_python_operator']) retrieved from /home/airflow/.local/lib/python3.8/site-packages/airflow/example_dags/example_python_operator.py
[2021-02-07 21:58:24,250] {logging_mixin.py:104} INFO - [2021-02-07 21:58:24,250] {dag.py:1818} INFO - Sync 1 DAGs
[2021-02-07 21:58:24,271] {logging_mixin.py:104} INFO - [2021-02-07 21:58:24,271] {dag.py:2273} INFO - Setting next_dagrun for example_python_operator to None
[2021-02-07 21:58:24,300] {scheduler_job.py:189} INFO - Processing /home/airflow/.local/lib/python3.8/site-packages/airflow/example_dags/example_python_operator.py took 0.120 seconds
[2021-02-07 21:58:54,464] {scheduler_job.py:181} INFO - Started process (PID=1110) to work on /home/airflow/.local/lib/python3.8/site-packages/airflow/example_dags/example_python_operator.py
[2021-02-07 21:58:54,478] {scheduler_job.py:627} INFO - Processing file /home/airflow/.local/lib/python3.8/site-packages/airflow/example_dags/example_python_operator.py for tasks to queue
[2021-02-07 21:58:54,489] {logging_mixin.py:104} INFO - [2021-02-07 21:58:54,488] {dagbag.py:449} INFO - Filling up the DagBag from /home/airflow/.local/lib/python3.8/site-packages/airflow/example_dags/example_python_operator.py
[2021-02-07 21:58:54,559] {scheduler_job.py:637} INFO - DAG(s) dict_keys(['example_python_operator']) retrieved from /home/airflow/.local/lib/python3.8/site-packages/airflow/example_dags/example_python_operator.py
[2021-02-07 21:58:54,728] {logging_mixin.py:104} INFO - [2021-02-07 21:58:54,727] {dag.py:1818} INFO - Sync 1 DAGs
[2021-02-07 21:58:54,797] {logging_mixin.py:104} INFO - [2021-02-07 21:58:54,797] {dag.py:2273} INFO - Setting next_dagrun for example_python_operator to None
[2021-02-07 21:58:54,827] {scheduler_job.py:189} INFO - Processing /home/airflow/.local/lib/python3.8/site-packages/airflow/example_dags/example_python_operator.py took 0.384 seconds
[2021-02-07 21:59:25,660] {scheduler_job.py:181} INFO - Started process (PID=1136) to work on /home/airflow/.local/lib/python3.8/site-packages/airflow/example_dags/example_python_operator.py
[2021-02-07 21:59:25,663] {scheduler_job.py:627} INFO - Processing file /home/airflow/.local/lib/python3.8/site-packages/airflow/example_dags/example_python_operator.py for tasks to queue
[2021-02-07 21:59:25,667] {logging_mixin.py:104} INFO - [2021-02-07 21:59:25,666] {dagbag.py:449} INFO - Filling up the DagBag from /home/airflow/.local/lib/python3.8/site-packages/airflow/example_dags/example_python_operator.py
[2021-02-07 21:59:25,687] {scheduler_job.py:637} INFO - DAG(s) dict_keys(['example_python_operator']) retrieved from /home/airflow/.local/lib/python3.8/site-packages/airflow/example_dags/example_python_operator.py
[2021-02-07 21:59:25,742] {logging_mixin.py:104} INFO - [2021-02-07 21:59:25,741] {dag.py:1818} INFO - Sync 1 DAGs
[2021-02-07 21:59:25,823] {logging_mixin.py:104} INFO - [2021-02-07 21:59:25,823] {dag.py:2273} INFO - Setting next_dagrun for example_python_operator to None
[2021-02-07 21:59:25,883] {scheduler_job.py:189} INFO - Processing /home/airflow/.local/lib/python3.8/site-packages/airflow/example_dags/example_python_operator.py took 0.242 seconds
[2021-02-07 21:59:55,971] {scheduler_job.py:181} INFO - Started process (PID=1162) to work on /home/airflow/.local/lib/python3.8/site-packages/airflow/example_dags/example_python_operator.py
[2021-02-07 21:59:55,974] {scheduler_job.py:627} INFO - Processing file /home/airflow/.local/lib/python3.8/site-packages/airflow/example_dags/example_python_operator.py for tasks to queue
[2021-02-07 21:59:55,977] {logging_mixin.py:104} INFO - [2021-02-07 21:59:55,977] {dagbag.py:449} INFO - Filling up the DagBag from /home/airflow/.local/lib/python3.8/site-packages/airflow/example_dags/example_python_operator.py
[2021-02-07 21:59:56,003] {scheduler_job.py:637} INFO - DAG(s) dict_keys(['example_python_operator']) retrieved from /home/airflow/.local/lib/python3.8/site-packages/airflow/example_dags/example_python_operator.py
[2021-02-07 21:59:56,050] {logging_mixin.py:104} INFO - [2021-02-07 21:59:56,050] {dag.py:1818} INFO - Sync 1 DAGs
[2021-02-07 21:59:56,079] {logging_mixin.py:104} INFO - [2021-02-07 21:59:56,079] {dag.py:2273} INFO - Setting next_dagrun for example_python_operator to None
[2021-02-07 21:59:56,103] {scheduler_job.py:189} INFO - Processing /home/airflow/.local/lib/python3.8/site-packages/airflow/example_dags/example_python_operator.py took 0.138 seconds
[2021-02-07 22:00:26,411] {scheduler_job.py:181} INFO - Started process (PID=1188) to work on /home/airflow/.local/lib/python3.8/site-packages/airflow/example_dags/example_python_operator.py
[2021-02-07 22:00:26,415] {scheduler_job.py:627} INFO - Processing file /home/airflow/.local/lib/python3.8/site-packages/airflow/example_dags/example_python_operator.py for tasks to queue
[2021-02-07 22:00:26,417] {logging_mixin.py:104} INFO - [2021-02-07 22:00:26,417] {dagbag.py:449} INFO - Filling up the DagBag from /home/airflow/.local/lib/python3.8/site-packages/airflow/example_dags/example_python_operator.py
[2021-02-07 22:00:26,438] {scheduler_job.py:637} INFO - DAG(s) dict_keys(['example_python_operator']) retrieved from /home/airflow/.local/lib/python3.8/site-packages/airflow/example_dags/example_python_operator.py
[2021-02-07 22:00:26,479] {logging_mixin.py:104} INFO - [2021-02-07 22:00:26,478] {dag.py:1818} INFO - Sync 1 DAGs
[2021-02-07 22:00:26,502] {logging_mixin.py:104} INFO - [2021-02-07 22:00:26,502] {dag.py:2273} INFO - Setting next_dagrun for example_python_operator to None
[2021-02-07 22:00:26,525] {scheduler_job.py:189} INFO - Processing /home/airflow/.local/lib/python3.8/site-packages/airflow/example_dags/example_python_operator.py took 0.125 seconds
[2021-02-07 22:00:56,701] {scheduler_job.py:181} INFO - Started process (PID=1214) to work on /home/airflow/.local/lib/python3.8/site-packages/airflow/example_dags/example_python_operator.py
[2021-02-07 22:00:56,704] {scheduler_job.py:627} INFO - Processing file /home/airflow/.local/lib/python3.8/site-packages/airflow/example_dags/example_python_operator.py for tasks to queue
[2021-02-07 22:00:56,706] {logging_mixin.py:104} INFO - [2021-02-07 22:00:56,706] {dagbag.py:449} INFO - Filling up the DagBag from /home/airflow/.local/lib/python3.8/site-packages/airflow/example_dags/example_python_operator.py
[2021-02-07 22:00:56,729] {scheduler_job.py:637} INFO - DAG(s) dict_keys(['example_python_operator']) retrieved from /home/airflow/.local/lib/python3.8/site-packages/airflow/example_dags/example_python_operator.py
[2021-02-07 22:00:56,773] {logging_mixin.py:104} INFO - [2021-02-07 22:00:56,772] {dag.py:1818} INFO - Sync 1 DAGs
[2021-02-07 22:00:56,802] {logging_mixin.py:104} INFO - [2021-02-07 22:00:56,802] {dag.py:2273} INFO - Setting next_dagrun for example_python_operator to None
[2021-02-07 22:00:56,824] {scheduler_job.py:189} INFO - Processing /home/airflow/.local/lib/python3.8/site-packages/airflow/example_dags/example_python_operator.py took 0.133 seconds
[2021-02-07 22:01:28,393] {scheduler_job.py:181} INFO - Started process (PID=1240) to work on /home/airflow/.local/lib/python3.8/site-packages/airflow/example_dags/example_python_operator.py
[2021-02-07 22:01:28,402] {scheduler_job.py:627} INFO - Processing file /home/airflow/.local/lib/python3.8/site-packages/airflow/example_dags/example_python_operator.py for tasks to queue
[2021-02-07 22:01:28,407] {logging_mixin.py:104} INFO - [2021-02-07 22:01:28,407] {dagbag.py:449} INFO - Filling up the DagBag from /home/airflow/.local/lib/python3.8/site-packages/airflow/example_dags/example_python_operator.py
[2021-02-07 22:01:28,485] {scheduler_job.py:637} INFO - DAG(s) dict_keys(['example_python_operator']) retrieved from /home/airflow/.local/lib/python3.8/site-packages/airflow/example_dags/example_python_operator.py
[2021-02-07 22:01:28,675] {logging_mixin.py:104} INFO - [2021-02-07 22:01:28,673] {dag.py:1818} INFO - Sync 1 DAGs
[2021-02-07 22:01:28,824] {logging_mixin.py:104} INFO - [2021-02-07 22:01:28,824] {dag.py:2273} INFO - Setting next_dagrun for example_python_operator to None
[2021-02-07 22:01:28,859] {scheduler_job.py:189} INFO - Processing /home/airflow/.local/lib/python3.8/site-packages/airflow/example_dags/example_python_operator.py took 0.520 seconds
[2021-02-07 22:01:59,372] {scheduler_job.py:181} INFO - Started process (PID=1265) to work on /home/airflow/.local/lib/python3.8/site-packages/airflow/example_dags/example_python_operator.py
[2021-02-07 22:01:59,377] {scheduler_job.py:627} INFO - Processing file /home/airflow/.local/lib/python3.8/site-packages/airflow/example_dags/example_python_operator.py for tasks to queue
[2021-02-07 22:01:59,382] {logging_mixin.py:104} INFO - [2021-02-07 22:01:59,381] {dagbag.py:449} INFO - Filling up the DagBag from /home/airflow/.local/lib/python3.8/site-packages/airflow/example_dags/example_python_operator.py
[2021-02-07 22:01:59,414] {scheduler_job.py:637} INFO - DAG(s) dict_keys(['example_python_operator']) retrieved from /home/airflow/.local/lib/python3.8/site-packages/airflow/example_dags/example_python_operator.py
[2021-02-07 22:01:59,456] {logging_mixin.py:104} INFO - [2021-02-07 22:01:59,456] {dag.py:1818} INFO - Sync 1 DAGs
[2021-02-07 22:01:59,479] {logging_mixin.py:104} INFO - [2021-02-07 22:01:59,479] {dag.py:2273} INFO - Setting next_dagrun for example_python_operator to None
[2021-02-07 22:01:59,502] {scheduler_job.py:189} INFO - Processing /home/airflow/.local/lib/python3.8/site-packages/airflow/example_dags/example_python_operator.py took 0.145 seconds
[2021-02-07 22:02:29,674] {scheduler_job.py:181} INFO - Started process (PID=1291) to work on /home/airflow/.local/lib/python3.8/site-packages/airflow/example_dags/example_python_operator.py
[2021-02-07 22:02:29,677] {scheduler_job.py:627} INFO - Processing file /home/airflow/.local/lib/python3.8/site-packages/airflow/example_dags/example_python_operator.py for tasks to queue
[2021-02-07 22:02:29,679] {logging_mixin.py:104} INFO - [2021-02-07 22:02:29,679] {dagbag.py:449} INFO - Filling up the DagBag from /home/airflow/.local/lib/python3.8/site-packages/airflow/example_dags/example_python_operator.py
[2021-02-07 22:02:29,698] {scheduler_job.py:637} INFO - DAG(s) dict_keys(['example_python_operator']) retrieved from /home/airflow/.local/lib/python3.8/site-packages/airflow/example_dags/example_python_operator.py
[2021-02-07 22:02:29,740] {logging_mixin.py:104} INFO - [2021-02-07 22:02:29,739] {dag.py:1818} INFO - Sync 1 DAGs
[2021-02-07 22:02:29,760] {logging_mixin.py:104} INFO - [2021-02-07 22:02:29,760] {dag.py:2273} INFO - Setting next_dagrun for example_python_operator to None
[2021-02-07 22:02:29,785] {scheduler_job.py:189} INFO - Processing /home/airflow/.local/lib/python3.8/site-packages/airflow/example_dags/example_python_operator.py took 0.118 seconds
[2021-02-07 22:02:59,896] {scheduler_job.py:181} INFO - Started process (PID=1317) to work on /home/airflow/.local/lib/python3.8/site-packages/airflow/example_dags/example_python_operator.py
[2021-02-07 22:02:59,901] {scheduler_job.py:627} INFO - Processing file /home/airflow/.local/lib/python3.8/site-packages/airflow/example_dags/example_python_operator.py for tasks to queue
[2021-02-07 22:02:59,903] {logging_mixin.py:104} INFO - [2021-02-07 22:02:59,903] {dagbag.py:449} INFO - Filling up the DagBag from /home/airflow/.local/lib/python3.8/site-packages/airflow/example_dags/example_python_operator.py
[2021-02-07 22:02:59,925] {scheduler_job.py:637} INFO - DAG(s) dict_keys(['example_python_operator']) retrieved from /home/airflow/.local/lib/python3.8/site-packages/airflow/example_dags/example_python_operator.py
[2021-02-07 22:02:59,967] {logging_mixin.py:104} INFO - [2021-02-07 22:02:59,967] {dag.py:1818} INFO - Sync 1 DAGs
[2021-02-07 22:02:59,990] {logging_mixin.py:104} INFO - [2021-02-07 22:02:59,989] {dag.py:2273} INFO - Setting next_dagrun for example_python_operator to None
[2021-02-07 22:03:00,008] {scheduler_job.py:189} INFO - Processing /home/airflow/.local/lib/python3.8/site-packages/airflow/example_dags/example_python_operator.py took 0.119 seconds
[2021-02-07 22:03:30,874] {scheduler_job.py:181} INFO - Started process (PID=1343) to work on /home/airflow/.local/lib/python3.8/site-packages/airflow/example_dags/example_python_operator.py
[2021-02-07 22:03:30,879] {scheduler_job.py:627} INFO - Processing file /home/airflow/.local/lib/python3.8/site-packages/airflow/example_dags/example_python_operator.py for tasks to queue
[2021-02-07 22:03:30,888] {logging_mixin.py:104} INFO - [2021-02-07 22:03:30,887] {dagbag.py:449} INFO - Filling up the DagBag from /home/airflow/.local/lib/python3.8/site-packages/airflow/example_dags/example_python_operator.py
[2021-02-07 22:03:30,997] {scheduler_job.py:637} INFO - DAG(s) dict_keys(['example_python_operator']) retrieved from /home/airflow/.local/lib/python3.8/site-packages/airflow/example_dags/example_python_operator.py
[2021-02-07 22:03:31,188] {logging_mixin.py:104} INFO - [2021-02-07 22:03:31,187] {dag.py:1818} INFO - Sync 1 DAGs
[2021-02-07 22:03:31,332] {logging_mixin.py:104} INFO - [2021-02-07 22:03:31,331] {dag.py:2273} INFO - Setting next_dagrun for example_python_operator to None
[2021-02-07 22:03:31,423] {scheduler_job.py:189} INFO - Processing /home/airflow/.local/lib/python3.8/site-packages/airflow/example_dags/example_python_operator.py took 0.574 seconds
[2021-02-07 22:04:01,815] {scheduler_job.py:181} INFO - Started process (PID=1368) to work on /home/airflow/.local/lib/python3.8/site-packages/airflow/example_dags/example_python_operator.py
[2021-02-07 22:04:01,820] {scheduler_job.py:627} INFO - Processing file /home/airflow/.local/lib/python3.8/site-packages/airflow/example_dags/example_python_operator.py for tasks to queue
[2021-02-07 22:04:01,823] {logging_mixin.py:104} INFO - [2021-02-07 22:04:01,823] {dagbag.py:449} INFO - Filling up the DagBag from /home/airflow/.local/lib/python3.8/site-packages/airflow/example_dags/example_python_operator.py
[2021-02-07 22:04:01,850] {scheduler_job.py:637} INFO - DAG(s) dict_keys(['example_python_operator']) retrieved from /home/airflow/.local/lib/python3.8/site-packages/airflow/example_dags/example_python_operator.py
[2021-02-07 22:04:01,905] {logging_mixin.py:104} INFO - [2021-02-07 22:04:01,905] {dag.py:1818} INFO - Sync 1 DAGs
[2021-02-07 22:04:01,937] {logging_mixin.py:104} INFO - [2021-02-07 22:04:01,937] {dag.py:2273} INFO - Setting next_dagrun for example_python_operator to None
[2021-02-07 22:04:01,959] {scheduler_job.py:189} INFO - Processing /home/airflow/.local/lib/python3.8/site-packages/airflow/example_dags/example_python_operator.py took 0.153 seconds
[2021-02-07 22:04:32,454] {scheduler_job.py:181} INFO - Started process (PID=1394) to work on /home/airflow/.local/lib/python3.8/site-packages/airflow/example_dags/example_python_operator.py
[2021-02-07 22:04:32,462] {scheduler_job.py:627} INFO - Processing file /home/airflow/.local/lib/python3.8/site-packages/airflow/example_dags/example_python_operator.py for tasks to queue
[2021-02-07 22:04:32,464] {logging_mixin.py:104} INFO - [2021-02-07 22:04:32,464] {dagbag.py:449} INFO - Filling up the DagBag from /home/airflow/.local/lib/python3.8/site-packages/airflow/example_dags/example_python_operator.py
[2021-02-07 22:04:32,484] {scheduler_job.py:637} INFO - DAG(s) dict_keys(['example_python_operator']) retrieved from /home/airflow/.local/lib/python3.8/site-packages/airflow/example_dags/example_python_operator.py
[2021-02-07 22:04:32,526] {logging_mixin.py:104} INFO - [2021-02-07 22:04:32,526] {dag.py:1818} INFO - Sync 1 DAGs
[2021-02-07 22:04:32,555] {logging_mixin.py:104} INFO - [2021-02-07 22:04:32,554] {dag.py:2273} INFO - Setting next_dagrun for example_python_operator to None
[2021-02-07 22:04:32,580] {scheduler_job.py:189} INFO - Processing /home/airflow/.local/lib/python3.8/site-packages/airflow/example_dags/example_python_operator.py took 0.133 seconds
[2021-02-07 22:05:02,652] {scheduler_job.py:181} INFO - Started process (PID=1420) to work on /home/airflow/.local/lib/python3.8/site-packages/airflow/example_dags/example_python_operator.py
[2021-02-07 22:05:02,656] {scheduler_job.py:627} INFO - Processing file /home/airflow/.local/lib/python3.8/site-packages/airflow/example_dags/example_python_operator.py for tasks to queue
[2021-02-07 22:05:02,659] {logging_mixin.py:104} INFO - [2021-02-07 22:05:02,659] {dagbag.py:449} INFO - Filling up the DagBag from /home/airflow/.local/lib/python3.8/site-packages/airflow/example_dags/example_python_operator.py
[2021-02-07 22:05:02,687] {scheduler_job.py:637} INFO - DAG(s) dict_keys(['example_python_operator']) retrieved from /home/airflow/.local/lib/python3.8/site-packages/airflow/example_dags/example_python_operator.py
[2021-02-07 22:05:02,729] {logging_mixin.py:104} INFO - [2021-02-07 22:05:02,729] {dag.py:1818} INFO - Sync 1 DAGs
[2021-02-07 22:05:02,764] {logging_mixin.py:104} INFO - [2021-02-07 22:05:02,764] {dag.py:2273} INFO - Setting next_dagrun for example_python_operator to None
[2021-02-07 22:05:02,793] {scheduler_job.py:189} INFO - Processing /home/airflow/.local/lib/python3.8/site-packages/airflow/example_dags/example_python_operator.py took 0.149 seconds
[2021-02-07 22:05:33,277] {scheduler_job.py:181} INFO - Started process (PID=1445) to work on /home/airflow/.local/lib/python3.8/site-packages/airflow/example_dags/example_python_operator.py
[2021-02-07 22:05:33,280] {scheduler_job.py:627} INFO - Processing file /home/airflow/.local/lib/python3.8/site-packages/airflow/example_dags/example_python_operator.py for tasks to queue
[2021-02-07 22:05:33,282] {logging_mixin.py:104} INFO - [2021-02-07 22:05:33,282] {dagbag.py:449} INFO - Filling up the DagBag from /home/airflow/.local/lib/python3.8/site-packages/airflow/example_dags/example_python_operator.py
[2021-02-07 22:05:33,304] {scheduler_job.py:637} INFO - DAG(s) dict_keys(['example_python_operator']) retrieved from /home/airflow/.local/lib/python3.8/site-packages/airflow/example_dags/example_python_operator.py
[2021-02-07 22:05:33,344] {logging_mixin.py:104} INFO - [2021-02-07 22:05:33,344] {dag.py:1818} INFO - Sync 1 DAGs
[2021-02-07 22:05:33,366] {logging_mixin.py:104} INFO - [2021-02-07 22:05:33,366] {dag.py:2273} INFO - Setting next_dagrun for example_python_operator to None
[2021-02-07 22:05:33,384] {scheduler_job.py:189} INFO - Processing /home/airflow/.local/lib/python3.8/site-packages/airflow/example_dags/example_python_operator.py took 0.115 seconds
[2021-02-07 22:23:48,963] {scheduler_job.py:181} INFO - Started process (PID=1474) to work on /home/airflow/.local/lib/python3.8/site-packages/airflow/example_dags/example_python_operator.py
[2021-02-07 22:23:48,970] {scheduler_job.py:627} INFO - Processing file /home/airflow/.local/lib/python3.8/site-packages/airflow/example_dags/example_python_operator.py for tasks to queue
[2021-02-07 22:23:48,973] {logging_mixin.py:104} INFO - [2021-02-07 22:23:48,972] {dagbag.py:449} INFO - Filling up the DagBag from /home/airflow/.local/lib/python3.8/site-packages/airflow/example_dags/example_python_operator.py
[2021-02-07 22:23:49,002] {scheduler_job.py:637} INFO - DAG(s) dict_keys(['example_python_operator']) retrieved from /home/airflow/.local/lib/python3.8/site-packages/airflow/example_dags/example_python_operator.py
[2021-02-07 22:23:49,061] {logging_mixin.py:104} INFO - [2021-02-07 22:23:49,060] {dag.py:1818} INFO - Sync 1 DAGs
[2021-02-07 22:23:49,120] {logging_mixin.py:104} INFO - [2021-02-07 22:23:49,120] {dag.py:2273} INFO - Setting next_dagrun for example_python_operator to None
[2021-02-07 22:23:49,172] {scheduler_job.py:189} INFO - Processing /home/airflow/.local/lib/python3.8/site-packages/airflow/example_dags/example_python_operator.py took 0.215 seconds
[2021-02-07 22:24:20,571] {scheduler_job.py:181} INFO - Started process (PID=1499) to work on /home/airflow/.local/lib/python3.8/site-packages/airflow/example_dags/example_python_operator.py
[2021-02-07 22:24:20,577] {scheduler_job.py:627} INFO - Processing file /home/airflow/.local/lib/python3.8/site-packages/airflow/example_dags/example_python_operator.py for tasks to queue
[2021-02-07 22:24:20,584] {logging_mixin.py:104} INFO - [2021-02-07 22:24:20,583] {dagbag.py:449} INFO - Filling up the DagBag from /home/airflow/.local/lib/python3.8/site-packages/airflow/example_dags/example_python_operator.py
[2021-02-07 22:24:20,622] {scheduler_job.py:637} INFO - DAG(s) dict_keys(['example_python_operator']) retrieved from /home/airflow/.local/lib/python3.8/site-packages/airflow/example_dags/example_python_operator.py
[2021-02-07 22:24:20,741] {logging_mixin.py:104} INFO - [2021-02-07 22:24:20,741] {dag.py:1818} INFO - Sync 1 DAGs
[2021-02-07 22:24:20,787] {logging_mixin.py:104} INFO - [2021-02-07 22:24:20,787] {dag.py:2273} INFO - Setting next_dagrun for example_python_operator to None
[2021-02-07 22:24:20,822] {scheduler_job.py:189} INFO - Processing /home/airflow/.local/lib/python3.8/site-packages/airflow/example_dags/example_python_operator.py took 0.264 seconds
[2021-02-07 22:24:50,967] {scheduler_job.py:181} INFO - Started process (PID=1524) to work on /home/airflow/.local/lib/python3.8/site-packages/airflow/example_dags/example_python_operator.py
[2021-02-07 22:24:50,972] {scheduler_job.py:627} INFO - Processing file /home/airflow/.local/lib/python3.8/site-packages/airflow/example_dags/example_python_operator.py for tasks to queue
[2021-02-07 22:24:50,984] {logging_mixin.py:104} INFO - [2021-02-07 22:24:50,984] {dagbag.py:449} INFO - Filling up the DagBag from /home/airflow/.local/lib/python3.8/site-packages/airflow/example_dags/example_python_operator.py
[2021-02-07 22:24:51,053] {scheduler_job.py:637} INFO - DAG(s) dict_keys(['example_python_operator']) retrieved from /home/airflow/.local/lib/python3.8/site-packages/airflow/example_dags/example_python_operator.py
[2021-02-07 22:24:51,132] {logging_mixin.py:104} INFO - [2021-02-07 22:24:51,130] {dag.py:1818} INFO - Sync 1 DAGs
[2021-02-07 22:24:51,169] {logging_mixin.py:104} INFO - [2021-02-07 22:24:51,169] {dag.py:2273} INFO - Setting next_dagrun for example_python_operator to None
[2021-02-07 22:24:51,198] {scheduler_job.py:189} INFO - Processing /home/airflow/.local/lib/python3.8/site-packages/airflow/example_dags/example_python_operator.py took 0.247 seconds
[2021-02-07 22:25:21,290] {scheduler_job.py:181} INFO - Started process (PID=1551) to work on /home/airflow/.local/lib/python3.8/site-packages/airflow/example_dags/example_python_operator.py
[2021-02-07 22:25:21,295] {scheduler_job.py:627} INFO - Processing file /home/airflow/.local/lib/python3.8/site-packages/airflow/example_dags/example_python_operator.py for tasks to queue
[2021-02-07 22:25:21,299] {logging_mixin.py:104} INFO - [2021-02-07 22:25:21,299] {dagbag.py:449} INFO - Filling up the DagBag from /home/airflow/.local/lib/python3.8/site-packages/airflow/example_dags/example_python_operator.py
[2021-02-07 22:25:21,332] {scheduler_job.py:637} INFO - DAG(s) dict_keys(['example_python_operator']) retrieved from /home/airflow/.local/lib/python3.8/site-packages/airflow/example_dags/example_python_operator.py
[2021-02-07 22:25:21,386] {logging_mixin.py:104} INFO - [2021-02-07 22:25:21,386] {dag.py:1818} INFO - Sync 1 DAGs
[2021-02-07 22:25:21,417] {logging_mixin.py:104} INFO - [2021-02-07 22:25:21,417] {dag.py:2273} INFO - Setting next_dagrun for example_python_operator to None
[2021-02-07 22:25:21,440] {scheduler_job.py:189} INFO - Processing /home/airflow/.local/lib/python3.8/site-packages/airflow/example_dags/example_python_operator.py took 0.163 seconds
[2021-02-07 22:25:52,319] {scheduler_job.py:181} INFO - Started process (PID=1576) to work on /home/airflow/.local/lib/python3.8/site-packages/airflow/example_dags/example_python_operator.py
[2021-02-07 22:25:52,322] {scheduler_job.py:627} INFO - Processing file /home/airflow/.local/lib/python3.8/site-packages/airflow/example_dags/example_python_operator.py for tasks to queue
[2021-02-07 22:25:52,323] {logging_mixin.py:104} INFO - [2021-02-07 22:25:52,323] {dagbag.py:449} INFO - Filling up the DagBag from /home/airflow/.local/lib/python3.8/site-packages/airflow/example_dags/example_python_operator.py
[2021-02-07 22:25:52,338] {scheduler_job.py:637} INFO - DAG(s) dict_keys(['example_python_operator']) retrieved from /home/airflow/.local/lib/python3.8/site-packages/airflow/example_dags/example_python_operator.py
[2021-02-07 22:25:52,366] {logging_mixin.py:104} INFO - [2021-02-07 22:25:52,366] {dag.py:1818} INFO - Sync 1 DAGs
[2021-02-07 22:25:52,381] {logging_mixin.py:104} INFO - [2021-02-07 22:25:52,381] {dag.py:2273} INFO - Setting next_dagrun for example_python_operator to None
[2021-02-07 22:25:52,392] {scheduler_job.py:189} INFO - Processing /home/airflow/.local/lib/python3.8/site-packages/airflow/example_dags/example_python_operator.py took 0.077 seconds
[2021-02-07 23:26:17,731] {scheduler_job.py:181} INFO - Started process (PID=1604) to work on /home/airflow/.local/lib/python3.8/site-packages/airflow/example_dags/example_python_operator.py
[2021-02-07 23:26:17,737] {scheduler_job.py:627} INFO - Processing file /home/airflow/.local/lib/python3.8/site-packages/airflow/example_dags/example_python_operator.py for tasks to queue
[2021-02-07 23:26:17,742] {logging_mixin.py:104} INFO - [2021-02-07 23:26:17,742] {dagbag.py:449} INFO - Filling up the DagBag from /home/airflow/.local/lib/python3.8/site-packages/airflow/example_dags/example_python_operator.py
[2021-02-07 23:26:17,791] {scheduler_job.py:637} INFO - DAG(s) dict_keys(['example_python_operator']) retrieved from /home/airflow/.local/lib/python3.8/site-packages/airflow/example_dags/example_python_operator.py
[2021-02-07 23:26:17,856] {logging_mixin.py:104} INFO - [2021-02-07 23:26:17,855] {dag.py:1818} INFO - Sync 1 DAGs
[2021-02-07 23:26:17,914] {logging_mixin.py:104} INFO - [2021-02-07 23:26:17,913] {dag.py:2273} INFO - Setting next_dagrun for example_python_operator to None
[2021-02-07 23:26:17,947] {scheduler_job.py:189} INFO - Processing /home/airflow/.local/lib/python3.8/site-packages/airflow/example_dags/example_python_operator.py took 0.235 seconds
