[2021-02-07 14:47:38,041] {scheduler_job.py:181} INFO - Started process (PID=26) to work on /home/airflow/.local/lib/python3.8/site-packages/airflow/example_dags/example_xcomargs.py
[2021-02-07 14:47:38,044] {scheduler_job.py:627} INFO - Processing file /home/airflow/.local/lib/python3.8/site-packages/airflow/example_dags/example_xcomargs.py for tasks to queue
[2021-02-07 14:47:38,046] {logging_mixin.py:104} INFO - [2021-02-07 14:47:38,046] {dagbag.py:449} INFO - Filling up the DagBag from /home/airflow/.local/lib/python3.8/site-packages/airflow/example_dags/example_xcomargs.py
[2021-02-07 14:47:38,067] {scheduler_job.py:637} INFO - DAG(s) dict_keys(['example_xcom_args', 'example_xcom_args_with_operators']) retrieved from /home/airflow/.local/lib/python3.8/site-packages/airflow/example_dags/example_xcomargs.py
[2021-02-07 14:47:38,113] {logging_mixin.py:104} INFO - [2021-02-07 14:47:38,112] {dag.py:1818} INFO - Sync 2 DAGs
[2021-02-07 14:47:38,125] {logging_mixin.py:104} INFO - [2021-02-07 14:47:38,125] {dag.py:1837} INFO - Creating ORM DAG for example_xcom_args
[2021-02-07 14:47:38,127] {logging_mixin.py:104} INFO - [2021-02-07 14:47:38,127] {dag.py:1837} INFO - Creating ORM DAG for example_xcom_args_with_operators
[2021-02-07 14:47:38,134] {logging_mixin.py:104} INFO - [2021-02-07 14:47:38,134] {dag.py:2273} INFO - Setting next_dagrun for example_xcom_args to None
[2021-02-07 14:47:38,136] {logging_mixin.py:104} INFO - [2021-02-07 14:47:38,136] {dag.py:2273} INFO - Setting next_dagrun for example_xcom_args_with_operators to None
[2021-02-07 14:47:38,156] {scheduler_job.py:189} INFO - Processing /home/airflow/.local/lib/python3.8/site-packages/airflow/example_dags/example_xcomargs.py took 0.125 seconds
[2021-02-07 14:48:09,202] {scheduler_job.py:181} INFO - Started process (PID=52) to work on /home/airflow/.local/lib/python3.8/site-packages/airflow/example_dags/example_xcomargs.py
[2021-02-07 14:48:09,210] {scheduler_job.py:627} INFO - Processing file /home/airflow/.local/lib/python3.8/site-packages/airflow/example_dags/example_xcomargs.py for tasks to queue
[2021-02-07 14:48:09,218] {logging_mixin.py:104} INFO - [2021-02-07 14:48:09,217] {dagbag.py:449} INFO - Filling up the DagBag from /home/airflow/.local/lib/python3.8/site-packages/airflow/example_dags/example_xcomargs.py
[2021-02-07 14:48:09,319] {scheduler_job.py:637} INFO - DAG(s) dict_keys(['example_xcom_args', 'example_xcom_args_with_operators']) retrieved from /home/airflow/.local/lib/python3.8/site-packages/airflow/example_dags/example_xcomargs.py
[2021-02-07 14:48:09,427] {logging_mixin.py:104} INFO - [2021-02-07 14:48:09,427] {dag.py:1818} INFO - Sync 2 DAGs
[2021-02-07 14:48:09,447] {logging_mixin.py:104} INFO - [2021-02-07 14:48:09,447] {dag.py:2273} INFO - Setting next_dagrun for example_xcom_args to None
[2021-02-07 14:48:09,450] {logging_mixin.py:104} INFO - [2021-02-07 14:48:09,450] {dag.py:2273} INFO - Setting next_dagrun for example_xcom_args_with_operators to None
[2021-02-07 14:48:09,492] {scheduler_job.py:189} INFO - Processing /home/airflow/.local/lib/python3.8/site-packages/airflow/example_dags/example_xcomargs.py took 0.313 seconds
[2021-02-07 15:04:18,026] {scheduler_job.py:181} INFO - Started process (PID=30) to work on /home/airflow/.local/lib/python3.8/site-packages/airflow/example_dags/example_xcomargs.py
[2021-02-07 15:04:18,030] {scheduler_job.py:627} INFO - Processing file /home/airflow/.local/lib/python3.8/site-packages/airflow/example_dags/example_xcomargs.py for tasks to queue
[2021-02-07 15:04:18,033] {logging_mixin.py:104} INFO - [2021-02-07 15:04:18,033] {dagbag.py:449} INFO - Filling up the DagBag from /home/airflow/.local/lib/python3.8/site-packages/airflow/example_dags/example_xcomargs.py
[2021-02-07 15:04:18,122] {scheduler_job.py:637} INFO - DAG(s) dict_keys(['example_xcom_args', 'example_xcom_args_with_operators']) retrieved from /home/airflow/.local/lib/python3.8/site-packages/airflow/example_dags/example_xcomargs.py
[2021-02-07 15:04:18,189] {logging_mixin.py:104} INFO - [2021-02-07 15:04:18,189] {dag.py:1818} INFO - Sync 2 DAGs
[2021-02-07 15:04:18,224] {logging_mixin.py:104} INFO - [2021-02-07 15:04:18,224] {dag.py:2273} INFO - Setting next_dagrun for example_xcom_args to None
[2021-02-07 15:04:18,226] {logging_mixin.py:104} INFO - [2021-02-07 15:04:18,226] {dag.py:2273} INFO - Setting next_dagrun for example_xcom_args_with_operators to None
[2021-02-07 15:04:18,342] {scheduler_job.py:189} INFO - Processing /home/airflow/.local/lib/python3.8/site-packages/airflow/example_dags/example_xcomargs.py took 0.336 seconds
[2021-02-07 15:04:52,929] {scheduler_job.py:181} INFO - Started process (PID=56) to work on /home/airflow/.local/lib/python3.8/site-packages/airflow/example_dags/example_xcomargs.py
[2021-02-07 15:04:52,940] {scheduler_job.py:627} INFO - Processing file /home/airflow/.local/lib/python3.8/site-packages/airflow/example_dags/example_xcomargs.py for tasks to queue
[2021-02-07 15:04:52,962] {logging_mixin.py:104} INFO - [2021-02-07 15:04:52,961] {dagbag.py:449} INFO - Filling up the DagBag from /home/airflow/.local/lib/python3.8/site-packages/airflow/example_dags/example_xcomargs.py
[2021-02-07 15:04:53,424] {scheduler_job.py:637} INFO - DAG(s) dict_keys(['example_xcom_args', 'example_xcom_args_with_operators']) retrieved from /home/airflow/.local/lib/python3.8/site-packages/airflow/example_dags/example_xcomargs.py
[2021-02-07 15:04:54,478] {logging_mixin.py:104} INFO - [2021-02-07 15:04:54,474] {dag.py:1818} INFO - Sync 2 DAGs
[2021-02-07 15:04:54,780] {logging_mixin.py:104} INFO - [2021-02-07 15:04:54,778] {dag.py:2273} INFO - Setting next_dagrun for example_xcom_args to None
[2021-02-07 15:04:54,877] {logging_mixin.py:104} INFO - [2021-02-07 15:04:54,876] {dag.py:2273} INFO - Setting next_dagrun for example_xcom_args_with_operators to None
[2021-02-07 15:04:55,662] {scheduler_job.py:189} INFO - Processing /home/airflow/.local/lib/python3.8/site-packages/airflow/example_dags/example_xcomargs.py took 2.746 seconds
[2021-02-07 15:05:33,645] {scheduler_job.py:181} INFO - Started process (PID=85) to work on /home/airflow/.local/lib/python3.8/site-packages/airflow/example_dags/example_xcomargs.py
[2021-02-07 15:05:33,696] {scheduler_job.py:627} INFO - Processing file /home/airflow/.local/lib/python3.8/site-packages/airflow/example_dags/example_xcomargs.py for tasks to queue
[2021-02-07 15:05:33,721] {logging_mixin.py:104} INFO - [2021-02-07 15:05:33,720] {dagbag.py:449} INFO - Filling up the DagBag from /home/airflow/.local/lib/python3.8/site-packages/airflow/example_dags/example_xcomargs.py
[2021-02-07 15:05:33,881] {scheduler_job.py:637} INFO - DAG(s) dict_keys(['example_xcom_args', 'example_xcom_args_with_operators']) retrieved from /home/airflow/.local/lib/python3.8/site-packages/airflow/example_dags/example_xcomargs.py
[2021-02-07 15:05:34,234] {logging_mixin.py:104} INFO - [2021-02-07 15:05:34,233] {dag.py:1818} INFO - Sync 2 DAGs
[2021-02-07 15:05:34,431] {logging_mixin.py:104} INFO - [2021-02-07 15:05:34,425] {dag.py:2273} INFO - Setting next_dagrun for example_xcom_args to None
[2021-02-07 15:05:34,464] {logging_mixin.py:104} INFO - [2021-02-07 15:05:34,463] {dag.py:2273} INFO - Setting next_dagrun for example_xcom_args_with_operators to None
[2021-02-07 15:05:34,648] {scheduler_job.py:189} INFO - Processing /home/airflow/.local/lib/python3.8/site-packages/airflow/example_dags/example_xcomargs.py took 1.088 seconds
[2021-02-07 15:06:05,585] {scheduler_job.py:181} INFO - Started process (PID=112) to work on /home/airflow/.local/lib/python3.8/site-packages/airflow/example_dags/example_xcomargs.py
[2021-02-07 15:06:05,590] {scheduler_job.py:627} INFO - Processing file /home/airflow/.local/lib/python3.8/site-packages/airflow/example_dags/example_xcomargs.py for tasks to queue
[2021-02-07 15:06:05,592] {logging_mixin.py:104} INFO - [2021-02-07 15:06:05,592] {dagbag.py:449} INFO - Filling up the DagBag from /home/airflow/.local/lib/python3.8/site-packages/airflow/example_dags/example_xcomargs.py
[2021-02-07 15:06:05,624] {scheduler_job.py:637} INFO - DAG(s) dict_keys(['example_xcom_args', 'example_xcom_args_with_operators']) retrieved from /home/airflow/.local/lib/python3.8/site-packages/airflow/example_dags/example_xcomargs.py
[2021-02-07 15:06:05,711] {logging_mixin.py:104} INFO - [2021-02-07 15:06:05,711] {dag.py:1818} INFO - Sync 2 DAGs
[2021-02-07 15:06:05,755] {logging_mixin.py:104} INFO - [2021-02-07 15:06:05,755] {dag.py:2273} INFO - Setting next_dagrun for example_xcom_args to None
[2021-02-07 15:06:05,758] {logging_mixin.py:104} INFO - [2021-02-07 15:06:05,758] {dag.py:2273} INFO - Setting next_dagrun for example_xcom_args_with_operators to None
[2021-02-07 15:06:05,794] {scheduler_job.py:189} INFO - Processing /home/airflow/.local/lib/python3.8/site-packages/airflow/example_dags/example_xcomargs.py took 0.218 seconds
[2021-02-07 15:06:36,493] {scheduler_job.py:181} INFO - Started process (PID=138) to work on /home/airflow/.local/lib/python3.8/site-packages/airflow/example_dags/example_xcomargs.py
[2021-02-07 15:06:36,496] {scheduler_job.py:627} INFO - Processing file /home/airflow/.local/lib/python3.8/site-packages/airflow/example_dags/example_xcomargs.py for tasks to queue
[2021-02-07 15:06:36,497] {logging_mixin.py:104} INFO - [2021-02-07 15:06:36,497] {dagbag.py:449} INFO - Filling up the DagBag from /home/airflow/.local/lib/python3.8/site-packages/airflow/example_dags/example_xcomargs.py
[2021-02-07 15:06:36,517] {scheduler_job.py:637} INFO - DAG(s) dict_keys(['example_xcom_args', 'example_xcom_args_with_operators']) retrieved from /home/airflow/.local/lib/python3.8/site-packages/airflow/example_dags/example_xcomargs.py
[2021-02-07 15:06:36,563] {logging_mixin.py:104} INFO - [2021-02-07 15:06:36,563] {dag.py:1818} INFO - Sync 2 DAGs
[2021-02-07 15:06:36,582] {logging_mixin.py:104} INFO - [2021-02-07 15:06:36,582] {dag.py:2273} INFO - Setting next_dagrun for example_xcom_args to None
[2021-02-07 15:06:36,585] {logging_mixin.py:104} INFO - [2021-02-07 15:06:36,585] {dag.py:2273} INFO - Setting next_dagrun for example_xcom_args_with_operators to None
[2021-02-07 15:06:36,602] {scheduler_job.py:189} INFO - Processing /home/airflow/.local/lib/python3.8/site-packages/airflow/example_dags/example_xcomargs.py took 0.117 seconds
[2021-02-07 15:07:06,805] {scheduler_job.py:181} INFO - Started process (PID=164) to work on /home/airflow/.local/lib/python3.8/site-packages/airflow/example_dags/example_xcomargs.py
[2021-02-07 15:07:06,808] {scheduler_job.py:627} INFO - Processing file /home/airflow/.local/lib/python3.8/site-packages/airflow/example_dags/example_xcomargs.py for tasks to queue
[2021-02-07 15:07:06,809] {logging_mixin.py:104} INFO - [2021-02-07 15:07:06,809] {dagbag.py:449} INFO - Filling up the DagBag from /home/airflow/.local/lib/python3.8/site-packages/airflow/example_dags/example_xcomargs.py
[2021-02-07 15:07:06,840] {scheduler_job.py:637} INFO - DAG(s) dict_keys(['example_xcom_args', 'example_xcom_args_with_operators']) retrieved from /home/airflow/.local/lib/python3.8/site-packages/airflow/example_dags/example_xcomargs.py
[2021-02-07 15:07:06,879] {logging_mixin.py:104} INFO - [2021-02-07 15:07:06,879] {dag.py:1818} INFO - Sync 2 DAGs
[2021-02-07 15:07:06,896] {logging_mixin.py:104} INFO - [2021-02-07 15:07:06,896] {dag.py:2273} INFO - Setting next_dagrun for example_xcom_args to None
[2021-02-07 15:07:06,898] {logging_mixin.py:104} INFO - [2021-02-07 15:07:06,898] {dag.py:2273} INFO - Setting next_dagrun for example_xcom_args_with_operators to None
[2021-02-07 15:07:06,924] {scheduler_job.py:189} INFO - Processing /home/airflow/.local/lib/python3.8/site-packages/airflow/example_dags/example_xcomargs.py took 0.122 seconds
[2021-02-07 15:07:36,996] {scheduler_job.py:181} INFO - Started process (PID=190) to work on /home/airflow/.local/lib/python3.8/site-packages/airflow/example_dags/example_xcomargs.py
[2021-02-07 15:07:36,998] {scheduler_job.py:627} INFO - Processing file /home/airflow/.local/lib/python3.8/site-packages/airflow/example_dags/example_xcomargs.py for tasks to queue
[2021-02-07 15:07:36,999] {logging_mixin.py:104} INFO - [2021-02-07 15:07:36,999] {dagbag.py:449} INFO - Filling up the DagBag from /home/airflow/.local/lib/python3.8/site-packages/airflow/example_dags/example_xcomargs.py
[2021-02-07 15:07:37,015] {scheduler_job.py:637} INFO - DAG(s) dict_keys(['example_xcom_args', 'example_xcom_args_with_operators']) retrieved from /home/airflow/.local/lib/python3.8/site-packages/airflow/example_dags/example_xcomargs.py
[2021-02-07 15:07:37,045] {logging_mixin.py:104} INFO - [2021-02-07 15:07:37,045] {dag.py:1818} INFO - Sync 2 DAGs
[2021-02-07 15:07:37,059] {logging_mixin.py:104} INFO - [2021-02-07 15:07:37,059] {dag.py:2273} INFO - Setting next_dagrun for example_xcom_args to None
[2021-02-07 15:07:37,061] {logging_mixin.py:104} INFO - [2021-02-07 15:07:37,060] {dag.py:2273} INFO - Setting next_dagrun for example_xcom_args_with_operators to None
[2021-02-07 15:07:37,073] {scheduler_job.py:189} INFO - Processing /home/airflow/.local/lib/python3.8/site-packages/airflow/example_dags/example_xcomargs.py took 0.081 seconds
[2021-02-07 15:08:07,255] {scheduler_job.py:181} INFO - Started process (PID=216) to work on /home/airflow/.local/lib/python3.8/site-packages/airflow/example_dags/example_xcomargs.py
[2021-02-07 15:08:07,257] {scheduler_job.py:627} INFO - Processing file /home/airflow/.local/lib/python3.8/site-packages/airflow/example_dags/example_xcomargs.py for tasks to queue
[2021-02-07 15:08:07,259] {logging_mixin.py:104} INFO - [2021-02-07 15:08:07,258] {dagbag.py:449} INFO - Filling up the DagBag from /home/airflow/.local/lib/python3.8/site-packages/airflow/example_dags/example_xcomargs.py
[2021-02-07 15:08:07,276] {scheduler_job.py:637} INFO - DAG(s) dict_keys(['example_xcom_args', 'example_xcom_args_with_operators']) retrieved from /home/airflow/.local/lib/python3.8/site-packages/airflow/example_dags/example_xcomargs.py
[2021-02-07 15:08:07,309] {logging_mixin.py:104} INFO - [2021-02-07 15:08:07,309] {dag.py:1818} INFO - Sync 2 DAGs
[2021-02-07 15:08:07,327] {logging_mixin.py:104} INFO - [2021-02-07 15:08:07,327] {dag.py:2273} INFO - Setting next_dagrun for example_xcom_args to None
[2021-02-07 15:08:07,330] {logging_mixin.py:104} INFO - [2021-02-07 15:08:07,330] {dag.py:2273} INFO - Setting next_dagrun for example_xcom_args_with_operators to None
[2021-02-07 15:08:07,346] {scheduler_job.py:189} INFO - Processing /home/airflow/.local/lib/python3.8/site-packages/airflow/example_dags/example_xcomargs.py took 0.095 seconds
[2021-02-07 15:08:37,609] {scheduler_job.py:181} INFO - Started process (PID=242) to work on /home/airflow/.local/lib/python3.8/site-packages/airflow/example_dags/example_xcomargs.py
[2021-02-07 15:08:37,611] {scheduler_job.py:627} INFO - Processing file /home/airflow/.local/lib/python3.8/site-packages/airflow/example_dags/example_xcomargs.py for tasks to queue
[2021-02-07 15:08:37,613] {logging_mixin.py:104} INFO - [2021-02-07 15:08:37,613] {dagbag.py:449} INFO - Filling up the DagBag from /home/airflow/.local/lib/python3.8/site-packages/airflow/example_dags/example_xcomargs.py
[2021-02-07 15:08:37,632] {scheduler_job.py:637} INFO - DAG(s) dict_keys(['example_xcom_args', 'example_xcom_args_with_operators']) retrieved from /home/airflow/.local/lib/python3.8/site-packages/airflow/example_dags/example_xcomargs.py
[2021-02-07 15:08:37,670] {logging_mixin.py:104} INFO - [2021-02-07 15:08:37,669] {dag.py:1818} INFO - Sync 2 DAGs
[2021-02-07 15:08:37,686] {logging_mixin.py:104} INFO - [2021-02-07 15:08:37,686] {dag.py:2273} INFO - Setting next_dagrun for example_xcom_args to None
[2021-02-07 15:08:37,689] {logging_mixin.py:104} INFO - [2021-02-07 15:08:37,688] {dag.py:2273} INFO - Setting next_dagrun for example_xcom_args_with_operators to None
[2021-02-07 15:08:37,703] {scheduler_job.py:189} INFO - Processing /home/airflow/.local/lib/python3.8/site-packages/airflow/example_dags/example_xcomargs.py took 0.098 seconds
[2021-02-07 15:09:07,909] {scheduler_job.py:181} INFO - Started process (PID=268) to work on /home/airflow/.local/lib/python3.8/site-packages/airflow/example_dags/example_xcomargs.py
[2021-02-07 15:09:07,911] {scheduler_job.py:627} INFO - Processing file /home/airflow/.local/lib/python3.8/site-packages/airflow/example_dags/example_xcomargs.py for tasks to queue
[2021-02-07 15:09:07,913] {logging_mixin.py:104} INFO - [2021-02-07 15:09:07,913] {dagbag.py:449} INFO - Filling up the DagBag from /home/airflow/.local/lib/python3.8/site-packages/airflow/example_dags/example_xcomargs.py
[2021-02-07 15:09:07,932] {scheduler_job.py:637} INFO - DAG(s) dict_keys(['example_xcom_args', 'example_xcom_args_with_operators']) retrieved from /home/airflow/.local/lib/python3.8/site-packages/airflow/example_dags/example_xcomargs.py
[2021-02-07 15:09:07,967] {logging_mixin.py:104} INFO - [2021-02-07 15:09:07,967] {dag.py:1818} INFO - Sync 2 DAGs
[2021-02-07 15:09:07,982] {logging_mixin.py:104} INFO - [2021-02-07 15:09:07,981] {dag.py:2273} INFO - Setting next_dagrun for example_xcom_args to None
[2021-02-07 15:09:07,984] {logging_mixin.py:104} INFO - [2021-02-07 15:09:07,984] {dag.py:2273} INFO - Setting next_dagrun for example_xcom_args_with_operators to None
[2021-02-07 15:09:07,997] {scheduler_job.py:189} INFO - Processing /home/airflow/.local/lib/python3.8/site-packages/airflow/example_dags/example_xcomargs.py took 0.092 seconds
[2021-02-07 15:09:38,351] {scheduler_job.py:181} INFO - Started process (PID=294) to work on /home/airflow/.local/lib/python3.8/site-packages/airflow/example_dags/example_xcomargs.py
[2021-02-07 15:09:38,353] {scheduler_job.py:627} INFO - Processing file /home/airflow/.local/lib/python3.8/site-packages/airflow/example_dags/example_xcomargs.py for tasks to queue
[2021-02-07 15:09:38,355] {logging_mixin.py:104} INFO - [2021-02-07 15:09:38,355] {dagbag.py:449} INFO - Filling up the DagBag from /home/airflow/.local/lib/python3.8/site-packages/airflow/example_dags/example_xcomargs.py
[2021-02-07 15:09:38,370] {scheduler_job.py:637} INFO - DAG(s) dict_keys(['example_xcom_args', 'example_xcom_args_with_operators']) retrieved from /home/airflow/.local/lib/python3.8/site-packages/airflow/example_dags/example_xcomargs.py
[2021-02-07 15:09:38,411] {logging_mixin.py:104} INFO - [2021-02-07 15:09:38,411] {dag.py:1818} INFO - Sync 2 DAGs
[2021-02-07 15:09:38,426] {logging_mixin.py:104} INFO - [2021-02-07 15:09:38,426] {dag.py:2273} INFO - Setting next_dagrun for example_xcom_args to None
[2021-02-07 15:09:38,429] {logging_mixin.py:104} INFO - [2021-02-07 15:09:38,429] {dag.py:2273} INFO - Setting next_dagrun for example_xcom_args_with_operators to None
[2021-02-07 15:09:38,443] {scheduler_job.py:189} INFO - Processing /home/airflow/.local/lib/python3.8/site-packages/airflow/example_dags/example_xcomargs.py took 0.096 seconds
[2021-02-07 15:10:09,077] {scheduler_job.py:181} INFO - Started process (PID=320) to work on /home/airflow/.local/lib/python3.8/site-packages/airflow/example_dags/example_xcomargs.py
[2021-02-07 15:10:09,081] {scheduler_job.py:627} INFO - Processing file /home/airflow/.local/lib/python3.8/site-packages/airflow/example_dags/example_xcomargs.py for tasks to queue
[2021-02-07 15:10:09,084] {logging_mixin.py:104} INFO - [2021-02-07 15:10:09,083] {dagbag.py:449} INFO - Filling up the DagBag from /home/airflow/.local/lib/python3.8/site-packages/airflow/example_dags/example_xcomargs.py
[2021-02-07 15:10:09,099] {scheduler_job.py:637} INFO - DAG(s) dict_keys(['example_xcom_args', 'example_xcom_args_with_operators']) retrieved from /home/airflow/.local/lib/python3.8/site-packages/airflow/example_dags/example_xcomargs.py
[2021-02-07 15:10:09,135] {logging_mixin.py:104} INFO - [2021-02-07 15:10:09,135] {dag.py:1818} INFO - Sync 2 DAGs
[2021-02-07 15:10:09,152] {logging_mixin.py:104} INFO - [2021-02-07 15:10:09,152] {dag.py:2273} INFO - Setting next_dagrun for example_xcom_args to None
[2021-02-07 15:10:09,154] {logging_mixin.py:104} INFO - [2021-02-07 15:10:09,154] {dag.py:2273} INFO - Setting next_dagrun for example_xcom_args_with_operators to None
[2021-02-07 15:10:09,168] {scheduler_job.py:189} INFO - Processing /home/airflow/.local/lib/python3.8/site-packages/airflow/example_dags/example_xcomargs.py took 0.096 seconds
[2021-02-07 15:11:36,729] {scheduler_job.py:181} INFO - Started process (PID=336) to work on /home/airflow/.local/lib/python3.8/site-packages/airflow/example_dags/example_xcomargs.py
[2021-02-07 15:11:36,749] {scheduler_job.py:627} INFO - Processing file /home/airflow/.local/lib/python3.8/site-packages/airflow/example_dags/example_xcomargs.py for tasks to queue
[2021-02-07 15:11:36,761] {logging_mixin.py:104} INFO - [2021-02-07 15:11:36,761] {dagbag.py:449} INFO - Filling up the DagBag from /home/airflow/.local/lib/python3.8/site-packages/airflow/example_dags/example_xcomargs.py
[2021-02-07 15:11:36,903] {scheduler_job.py:637} INFO - DAG(s) dict_keys(['example_xcom_args', 'example_xcom_args_with_operators']) retrieved from /home/airflow/.local/lib/python3.8/site-packages/airflow/example_dags/example_xcomargs.py
[2021-02-07 15:11:37,163] {logging_mixin.py:104} INFO - [2021-02-07 15:11:37,162] {dag.py:1818} INFO - Sync 2 DAGs
[2021-02-07 15:11:37,255] {logging_mixin.py:104} INFO - [2021-02-07 15:11:37,254] {dag.py:2273} INFO - Setting next_dagrun for example_xcom_args to None
[2021-02-07 15:11:37,266] {logging_mixin.py:104} INFO - [2021-02-07 15:11:37,265] {dag.py:2273} INFO - Setting next_dagrun for example_xcom_args_with_operators to None
[2021-02-07 15:11:37,329] {scheduler_job.py:189} INFO - Processing /home/airflow/.local/lib/python3.8/site-packages/airflow/example_dags/example_xcomargs.py took 0.647 seconds
[2021-02-07 19:10:19,879] {scheduler_job.py:181} INFO - Started process (PID=362) to work on /home/airflow/.local/lib/python3.8/site-packages/airflow/example_dags/example_xcomargs.py
[2021-02-07 19:10:19,882] {scheduler_job.py:627} INFO - Processing file /home/airflow/.local/lib/python3.8/site-packages/airflow/example_dags/example_xcomargs.py for tasks to queue
[2021-02-07 19:10:19,886] {logging_mixin.py:104} INFO - [2021-02-07 19:10:19,886] {dagbag.py:449} INFO - Filling up the DagBag from /home/airflow/.local/lib/python3.8/site-packages/airflow/example_dags/example_xcomargs.py
[2021-02-07 19:10:19,908] {scheduler_job.py:637} INFO - DAG(s) dict_keys(['example_xcom_args', 'example_xcom_args_with_operators']) retrieved from /home/airflow/.local/lib/python3.8/site-packages/airflow/example_dags/example_xcomargs.py
[2021-02-07 19:10:19,982] {logging_mixin.py:104} INFO - [2021-02-07 19:10:19,982] {dag.py:1818} INFO - Sync 2 DAGs
[2021-02-07 19:10:20,009] {logging_mixin.py:104} INFO - [2021-02-07 19:10:20,009] {dag.py:2273} INFO - Setting next_dagrun for example_xcom_args to None
[2021-02-07 19:10:20,012] {logging_mixin.py:104} INFO - [2021-02-07 19:10:20,012] {dag.py:2273} INFO - Setting next_dagrun for example_xcom_args_with_operators to None
[2021-02-07 19:10:20,059] {scheduler_job.py:189} INFO - Processing /home/airflow/.local/lib/python3.8/site-packages/airflow/example_dags/example_xcomargs.py took 0.185 seconds
[2021-02-07 21:10:33,916] {scheduler_job.py:181} INFO - Started process (PID=388) to work on /home/airflow/.local/lib/python3.8/site-packages/airflow/example_dags/example_xcomargs.py
[2021-02-07 21:10:33,921] {scheduler_job.py:627} INFO - Processing file /home/airflow/.local/lib/python3.8/site-packages/airflow/example_dags/example_xcomargs.py for tasks to queue
[2021-02-07 21:10:33,925] {logging_mixin.py:104} INFO - [2021-02-07 21:10:33,925] {dagbag.py:449} INFO - Filling up the DagBag from /home/airflow/.local/lib/python3.8/site-packages/airflow/example_dags/example_xcomargs.py
[2021-02-07 21:10:33,951] {scheduler_job.py:637} INFO - DAG(s) dict_keys(['example_xcom_args', 'example_xcom_args_with_operators']) retrieved from /home/airflow/.local/lib/python3.8/site-packages/airflow/example_dags/example_xcomargs.py
[2021-02-07 21:10:34,037] {logging_mixin.py:104} INFO - [2021-02-07 21:10:34,037] {dag.py:1818} INFO - Sync 2 DAGs
[2021-02-07 21:10:34,082] {logging_mixin.py:104} INFO - [2021-02-07 21:10:34,081] {dag.py:2273} INFO - Setting next_dagrun for example_xcom_args to None
[2021-02-07 21:10:34,087] {logging_mixin.py:104} INFO - [2021-02-07 21:10:34,087] {dag.py:2273} INFO - Setting next_dagrun for example_xcom_args_with_operators to None
[2021-02-07 21:10:34,145] {scheduler_job.py:189} INFO - Processing /home/airflow/.local/lib/python3.8/site-packages/airflow/example_dags/example_xcomargs.py took 0.234 seconds
[2021-02-07 21:45:31,448] {scheduler_job.py:181} INFO - Started process (PID=414) to work on /home/airflow/.local/lib/python3.8/site-packages/airflow/example_dags/example_xcomargs.py
[2021-02-07 21:45:31,454] {scheduler_job.py:627} INFO - Processing file /home/airflow/.local/lib/python3.8/site-packages/airflow/example_dags/example_xcomargs.py for tasks to queue
[2021-02-07 21:45:31,457] {logging_mixin.py:104} INFO - [2021-02-07 21:45:31,457] {dagbag.py:449} INFO - Filling up the DagBag from /home/airflow/.local/lib/python3.8/site-packages/airflow/example_dags/example_xcomargs.py
[2021-02-07 21:45:31,620] {scheduler_job.py:637} INFO - DAG(s) dict_keys(['example_xcom_args', 'example_xcom_args_with_operators']) retrieved from /home/airflow/.local/lib/python3.8/site-packages/airflow/example_dags/example_xcomargs.py
[2021-02-07 21:45:31,739] {logging_mixin.py:104} INFO - [2021-02-07 21:45:31,738] {dag.py:1818} INFO - Sync 2 DAGs
[2021-02-07 21:45:31,833] {logging_mixin.py:104} INFO - [2021-02-07 21:45:31,832] {dag.py:2273} INFO - Setting next_dagrun for example_xcom_args to None
[2021-02-07 21:45:31,845] {logging_mixin.py:104} INFO - [2021-02-07 21:45:31,837] {dag.py:2273} INFO - Setting next_dagrun for example_xcom_args_with_operators to None
[2021-02-07 21:45:31,877] {scheduler_job.py:189} INFO - Processing /home/airflow/.local/lib/python3.8/site-packages/airflow/example_dags/example_xcomargs.py took 0.435 seconds
[2021-02-07 21:46:02,275] {scheduler_job.py:181} INFO - Started process (PID=441) to work on /home/airflow/.local/lib/python3.8/site-packages/airflow/example_dags/example_xcomargs.py
[2021-02-07 21:46:02,278] {scheduler_job.py:627} INFO - Processing file /home/airflow/.local/lib/python3.8/site-packages/airflow/example_dags/example_xcomargs.py for tasks to queue
[2021-02-07 21:46:02,280] {logging_mixin.py:104} INFO - [2021-02-07 21:46:02,280] {dagbag.py:449} INFO - Filling up the DagBag from /home/airflow/.local/lib/python3.8/site-packages/airflow/example_dags/example_xcomargs.py
[2021-02-07 21:46:02,313] {scheduler_job.py:637} INFO - DAG(s) dict_keys(['example_xcom_args', 'example_xcom_args_with_operators']) retrieved from /home/airflow/.local/lib/python3.8/site-packages/airflow/example_dags/example_xcomargs.py
[2021-02-07 21:46:02,389] {logging_mixin.py:104} INFO - [2021-02-07 21:46:02,389] {dag.py:1818} INFO - Sync 2 DAGs
[2021-02-07 21:46:02,418] {logging_mixin.py:104} INFO - [2021-02-07 21:46:02,418] {dag.py:2273} INFO - Setting next_dagrun for example_xcom_args to None
[2021-02-07 21:46:02,422] {logging_mixin.py:104} INFO - [2021-02-07 21:46:02,422] {dag.py:2273} INFO - Setting next_dagrun for example_xcom_args_with_operators to None
[2021-02-07 21:46:02,451] {scheduler_job.py:189} INFO - Processing /home/airflow/.local/lib/python3.8/site-packages/airflow/example_dags/example_xcomargs.py took 0.184 seconds
[2021-02-07 21:46:32,635] {scheduler_job.py:181} INFO - Started process (PID=468) to work on /home/airflow/.local/lib/python3.8/site-packages/airflow/example_dags/example_xcomargs.py
[2021-02-07 21:46:32,638] {scheduler_job.py:627} INFO - Processing file /home/airflow/.local/lib/python3.8/site-packages/airflow/example_dags/example_xcomargs.py for tasks to queue
[2021-02-07 21:46:32,640] {logging_mixin.py:104} INFO - [2021-02-07 21:46:32,640] {dagbag.py:449} INFO - Filling up the DagBag from /home/airflow/.local/lib/python3.8/site-packages/airflow/example_dags/example_xcomargs.py
[2021-02-07 21:46:32,659] {scheduler_job.py:637} INFO - DAG(s) dict_keys(['example_xcom_args', 'example_xcom_args_with_operators']) retrieved from /home/airflow/.local/lib/python3.8/site-packages/airflow/example_dags/example_xcomargs.py
[2021-02-07 21:46:32,703] {logging_mixin.py:104} INFO - [2021-02-07 21:46:32,703] {dag.py:1818} INFO - Sync 2 DAGs
[2021-02-07 21:46:32,720] {logging_mixin.py:104} INFO - [2021-02-07 21:46:32,720] {dag.py:2273} INFO - Setting next_dagrun for example_xcom_args to None
[2021-02-07 21:46:32,723] {logging_mixin.py:104} INFO - [2021-02-07 21:46:32,723] {dag.py:2273} INFO - Setting next_dagrun for example_xcom_args_with_operators to None
[2021-02-07 21:46:32,746] {scheduler_job.py:189} INFO - Processing /home/airflow/.local/lib/python3.8/site-packages/airflow/example_dags/example_xcomargs.py took 0.116 seconds
[2021-02-07 21:47:07,408] {scheduler_job.py:181} INFO - Started process (PID=493) to work on /home/airflow/.local/lib/python3.8/site-packages/airflow/example_dags/example_xcomargs.py
[2021-02-07 21:47:07,423] {scheduler_job.py:627} INFO - Processing file /home/airflow/.local/lib/python3.8/site-packages/airflow/example_dags/example_xcomargs.py for tasks to queue
[2021-02-07 21:47:07,437] {logging_mixin.py:104} INFO - [2021-02-07 21:47:07,436] {dagbag.py:449} INFO - Filling up the DagBag from /home/airflow/.local/lib/python3.8/site-packages/airflow/example_dags/example_xcomargs.py
[2021-02-07 21:47:07,596] {scheduler_job.py:637} INFO - DAG(s) dict_keys(['example_xcom_args', 'example_xcom_args_with_operators']) retrieved from /home/airflow/.local/lib/python3.8/site-packages/airflow/example_dags/example_xcomargs.py
[2021-02-07 21:47:07,997] {logging_mixin.py:104} INFO - [2021-02-07 21:47:07,996] {dag.py:1818} INFO - Sync 2 DAGs
[2021-02-07 21:47:08,157] {logging_mixin.py:104} INFO - [2021-02-07 21:47:08,156] {dag.py:2273} INFO - Setting next_dagrun for example_xcom_args to None
[2021-02-07 21:47:08,171] {logging_mixin.py:104} INFO - [2021-02-07 21:47:08,168] {dag.py:2273} INFO - Setting next_dagrun for example_xcom_args_with_operators to None
[2021-02-07 21:47:08,277] {scheduler_job.py:189} INFO - Processing /home/airflow/.local/lib/python3.8/site-packages/airflow/example_dags/example_xcomargs.py took 0.919 seconds
[2021-02-07 21:47:38,503] {scheduler_job.py:181} INFO - Started process (PID=519) to work on /home/airflow/.local/lib/python3.8/site-packages/airflow/example_dags/example_xcomargs.py
[2021-02-07 21:47:38,515] {scheduler_job.py:627} INFO - Processing file /home/airflow/.local/lib/python3.8/site-packages/airflow/example_dags/example_xcomargs.py for tasks to queue
[2021-02-07 21:47:38,519] {logging_mixin.py:104} INFO - [2021-02-07 21:47:38,518] {dagbag.py:449} INFO - Filling up the DagBag from /home/airflow/.local/lib/python3.8/site-packages/airflow/example_dags/example_xcomargs.py
[2021-02-07 21:47:38,550] {scheduler_job.py:637} INFO - DAG(s) dict_keys(['example_xcom_args', 'example_xcom_args_with_operators']) retrieved from /home/airflow/.local/lib/python3.8/site-packages/airflow/example_dags/example_xcomargs.py
[2021-02-07 21:47:38,623] {logging_mixin.py:104} INFO - [2021-02-07 21:47:38,623] {dag.py:1818} INFO - Sync 2 DAGs
[2021-02-07 21:47:38,661] {logging_mixin.py:104} INFO - [2021-02-07 21:47:38,660] {dag.py:2273} INFO - Setting next_dagrun for example_xcom_args to None
[2021-02-07 21:47:38,669] {logging_mixin.py:104} INFO - [2021-02-07 21:47:38,669] {dag.py:2273} INFO - Setting next_dagrun for example_xcom_args_with_operators to None
[2021-02-07 21:47:38,706] {scheduler_job.py:189} INFO - Processing /home/airflow/.local/lib/python3.8/site-packages/airflow/example_dags/example_xcomargs.py took 0.226 seconds
[2021-02-07 21:48:09,255] {scheduler_job.py:181} INFO - Started process (PID=546) to work on /home/airflow/.local/lib/python3.8/site-packages/airflow/example_dags/example_xcomargs.py
[2021-02-07 21:48:09,257] {scheduler_job.py:627} INFO - Processing file /home/airflow/.local/lib/python3.8/site-packages/airflow/example_dags/example_xcomargs.py for tasks to queue
[2021-02-07 21:48:09,261] {logging_mixin.py:104} INFO - [2021-02-07 21:48:09,260] {dagbag.py:449} INFO - Filling up the DagBag from /home/airflow/.local/lib/python3.8/site-packages/airflow/example_dags/example_xcomargs.py
[2021-02-07 21:48:09,302] {scheduler_job.py:637} INFO - DAG(s) dict_keys(['example_xcom_args', 'example_xcom_args_with_operators']) retrieved from /home/airflow/.local/lib/python3.8/site-packages/airflow/example_dags/example_xcomargs.py
[2021-02-07 21:48:09,350] {logging_mixin.py:104} INFO - [2021-02-07 21:48:09,349] {dag.py:1818} INFO - Sync 2 DAGs
[2021-02-07 21:48:09,395] {logging_mixin.py:104} INFO - [2021-02-07 21:48:09,395] {dag.py:2273} INFO - Setting next_dagrun for example_xcom_args to None
[2021-02-07 21:48:09,399] {logging_mixin.py:104} INFO - [2021-02-07 21:48:09,399] {dag.py:2273} INFO - Setting next_dagrun for example_xcom_args_with_operators to None
[2021-02-07 21:48:09,422] {scheduler_job.py:189} INFO - Processing /home/airflow/.local/lib/python3.8/site-packages/airflow/example_dags/example_xcomargs.py took 0.173 seconds
[2021-02-07 21:48:40,889] {scheduler_job.py:181} INFO - Started process (PID=576) to work on /home/airflow/.local/lib/python3.8/site-packages/airflow/example_dags/example_xcomargs.py
[2021-02-07 21:48:40,893] {scheduler_job.py:627} INFO - Processing file /home/airflow/.local/lib/python3.8/site-packages/airflow/example_dags/example_xcomargs.py for tasks to queue
[2021-02-07 21:48:40,895] {logging_mixin.py:104} INFO - [2021-02-07 21:48:40,895] {dagbag.py:449} INFO - Filling up the DagBag from /home/airflow/.local/lib/python3.8/site-packages/airflow/example_dags/example_xcomargs.py
[2021-02-07 21:48:40,922] {scheduler_job.py:637} INFO - DAG(s) dict_keys(['example_xcom_args', 'example_xcom_args_with_operators']) retrieved from /home/airflow/.local/lib/python3.8/site-packages/airflow/example_dags/example_xcomargs.py
[2021-02-07 21:48:40,971] {logging_mixin.py:104} INFO - [2021-02-07 21:48:40,971] {dag.py:1818} INFO - Sync 2 DAGs
[2021-02-07 21:48:41,001] {logging_mixin.py:104} INFO - [2021-02-07 21:48:41,000] {dag.py:2273} INFO - Setting next_dagrun for example_xcom_args to None
[2021-02-07 21:48:41,013] {logging_mixin.py:104} INFO - [2021-02-07 21:48:41,012] {dag.py:2273} INFO - Setting next_dagrun for example_xcom_args_with_operators to None
[2021-02-07 21:48:41,096] {scheduler_job.py:189} INFO - Processing /home/airflow/.local/lib/python3.8/site-packages/airflow/example_dags/example_xcomargs.py took 0.213 seconds
[2021-02-07 21:49:11,351] {scheduler_job.py:181} INFO - Started process (PID=602) to work on /home/airflow/.local/lib/python3.8/site-packages/airflow/example_dags/example_xcomargs.py
[2021-02-07 21:49:11,353] {scheduler_job.py:627} INFO - Processing file /home/airflow/.local/lib/python3.8/site-packages/airflow/example_dags/example_xcomargs.py for tasks to queue
[2021-02-07 21:49:11,355] {logging_mixin.py:104} INFO - [2021-02-07 21:49:11,355] {dagbag.py:449} INFO - Filling up the DagBag from /home/airflow/.local/lib/python3.8/site-packages/airflow/example_dags/example_xcomargs.py
[2021-02-07 21:49:11,372] {scheduler_job.py:637} INFO - DAG(s) dict_keys(['example_xcom_args', 'example_xcom_args_with_operators']) retrieved from /home/airflow/.local/lib/python3.8/site-packages/airflow/example_dags/example_xcomargs.py
[2021-02-07 21:49:11,408] {logging_mixin.py:104} INFO - [2021-02-07 21:49:11,408] {dag.py:1818} INFO - Sync 2 DAGs
[2021-02-07 21:49:11,425] {logging_mixin.py:104} INFO - [2021-02-07 21:49:11,425] {dag.py:2273} INFO - Setting next_dagrun for example_xcom_args to None
[2021-02-07 21:49:11,427] {logging_mixin.py:104} INFO - [2021-02-07 21:49:11,427] {dag.py:2273} INFO - Setting next_dagrun for example_xcom_args_with_operators to None
[2021-02-07 21:49:11,441] {scheduler_job.py:189} INFO - Processing /home/airflow/.local/lib/python3.8/site-packages/airflow/example_dags/example_xcomargs.py took 0.094 seconds
[2021-02-07 21:49:44,699] {scheduler_job.py:181} INFO - Started process (PID=629) to work on /home/airflow/.local/lib/python3.8/site-packages/airflow/example_dags/example_xcomargs.py
[2021-02-07 21:49:44,717] {scheduler_job.py:627} INFO - Processing file /home/airflow/.local/lib/python3.8/site-packages/airflow/example_dags/example_xcomargs.py for tasks to queue
[2021-02-07 21:49:44,727] {logging_mixin.py:104} INFO - [2021-02-07 21:49:44,726] {dagbag.py:449} INFO - Filling up the DagBag from /home/airflow/.local/lib/python3.8/site-packages/airflow/example_dags/example_xcomargs.py
[2021-02-07 21:49:45,219] {scheduler_job.py:637} INFO - DAG(s) dict_keys(['example_xcom_args', 'example_xcom_args_with_operators']) retrieved from /home/airflow/.local/lib/python3.8/site-packages/airflow/example_dags/example_xcomargs.py
[2021-02-07 21:49:45,648] {logging_mixin.py:104} INFO - [2021-02-07 21:49:45,648] {dag.py:1818} INFO - Sync 2 DAGs
[2021-02-07 21:49:45,973] {logging_mixin.py:104} INFO - [2021-02-07 21:49:45,972] {dag.py:2273} INFO - Setting next_dagrun for example_xcom_args to None
[2021-02-07 21:49:45,985] {logging_mixin.py:104} INFO - [2021-02-07 21:49:45,985] {dag.py:2273} INFO - Setting next_dagrun for example_xcom_args_with_operators to None
[2021-02-07 21:49:46,191] {scheduler_job.py:189} INFO - Processing /home/airflow/.local/lib/python3.8/site-packages/airflow/example_dags/example_xcomargs.py took 1.850 seconds
[2021-02-07 21:50:17,120] {scheduler_job.py:181} INFO - Started process (PID=657) to work on /home/airflow/.local/lib/python3.8/site-packages/airflow/example_dags/example_xcomargs.py
[2021-02-07 21:50:17,124] {scheduler_job.py:627} INFO - Processing file /home/airflow/.local/lib/python3.8/site-packages/airflow/example_dags/example_xcomargs.py for tasks to queue
[2021-02-07 21:50:17,127] {logging_mixin.py:104} INFO - [2021-02-07 21:50:17,127] {dagbag.py:449} INFO - Filling up the DagBag from /home/airflow/.local/lib/python3.8/site-packages/airflow/example_dags/example_xcomargs.py
[2021-02-07 21:50:17,147] {scheduler_job.py:637} INFO - DAG(s) dict_keys(['example_xcom_args', 'example_xcom_args_with_operators']) retrieved from /home/airflow/.local/lib/python3.8/site-packages/airflow/example_dags/example_xcomargs.py
[2021-02-07 21:50:17,201] {logging_mixin.py:104} INFO - [2021-02-07 21:50:17,201] {dag.py:1818} INFO - Sync 2 DAGs
[2021-02-07 21:50:17,223] {logging_mixin.py:104} INFO - [2021-02-07 21:50:17,223] {dag.py:2273} INFO - Setting next_dagrun for example_xcom_args to None
[2021-02-07 21:50:17,227] {logging_mixin.py:104} INFO - [2021-02-07 21:50:17,227] {dag.py:2273} INFO - Setting next_dagrun for example_xcom_args_with_operators to None
[2021-02-07 21:50:17,249] {scheduler_job.py:189} INFO - Processing /home/airflow/.local/lib/python3.8/site-packages/airflow/example_dags/example_xcomargs.py took 0.134 seconds
[2021-02-07 21:50:47,750] {scheduler_job.py:181} INFO - Started process (PID=683) to work on /home/airflow/.local/lib/python3.8/site-packages/airflow/example_dags/example_xcomargs.py
[2021-02-07 21:50:47,752] {scheduler_job.py:627} INFO - Processing file /home/airflow/.local/lib/python3.8/site-packages/airflow/example_dags/example_xcomargs.py for tasks to queue
[2021-02-07 21:50:47,753] {logging_mixin.py:104} INFO - [2021-02-07 21:50:47,753] {dagbag.py:449} INFO - Filling up the DagBag from /home/airflow/.local/lib/python3.8/site-packages/airflow/example_dags/example_xcomargs.py
[2021-02-07 21:50:47,767] {scheduler_job.py:637} INFO - DAG(s) dict_keys(['example_xcom_args', 'example_xcom_args_with_operators']) retrieved from /home/airflow/.local/lib/python3.8/site-packages/airflow/example_dags/example_xcomargs.py
[2021-02-07 21:50:47,797] {logging_mixin.py:104} INFO - [2021-02-07 21:50:47,797] {dag.py:1818} INFO - Sync 2 DAGs
[2021-02-07 21:50:47,812] {logging_mixin.py:104} INFO - [2021-02-07 21:50:47,812] {dag.py:2273} INFO - Setting next_dagrun for example_xcom_args to None
[2021-02-07 21:50:47,814] {logging_mixin.py:104} INFO - [2021-02-07 21:50:47,814] {dag.py:2273} INFO - Setting next_dagrun for example_xcom_args_with_operators to None
[2021-02-07 21:50:47,828] {scheduler_job.py:189} INFO - Processing /home/airflow/.local/lib/python3.8/site-packages/airflow/example_dags/example_xcomargs.py took 0.082 seconds
[2021-02-07 21:51:18,382] {scheduler_job.py:181} INFO - Started process (PID=709) to work on /home/airflow/.local/lib/python3.8/site-packages/airflow/example_dags/example_xcomargs.py
[2021-02-07 21:51:18,384] {scheduler_job.py:627} INFO - Processing file /home/airflow/.local/lib/python3.8/site-packages/airflow/example_dags/example_xcomargs.py for tasks to queue
[2021-02-07 21:51:18,386] {logging_mixin.py:104} INFO - [2021-02-07 21:51:18,386] {dagbag.py:449} INFO - Filling up the DagBag from /home/airflow/.local/lib/python3.8/site-packages/airflow/example_dags/example_xcomargs.py
[2021-02-07 21:51:18,403] {scheduler_job.py:637} INFO - DAG(s) dict_keys(['example_xcom_args', 'example_xcom_args_with_operators']) retrieved from /home/airflow/.local/lib/python3.8/site-packages/airflow/example_dags/example_xcomargs.py
[2021-02-07 21:51:18,446] {logging_mixin.py:104} INFO - [2021-02-07 21:51:18,446] {dag.py:1818} INFO - Sync 2 DAGs
[2021-02-07 21:51:18,467] {logging_mixin.py:104} INFO - [2021-02-07 21:51:18,466] {dag.py:2273} INFO - Setting next_dagrun for example_xcom_args to None
[2021-02-07 21:51:18,470] {logging_mixin.py:104} INFO - [2021-02-07 21:51:18,470] {dag.py:2273} INFO - Setting next_dagrun for example_xcom_args_with_operators to None
[2021-02-07 21:51:18,486] {scheduler_job.py:189} INFO - Processing /home/airflow/.local/lib/python3.8/site-packages/airflow/example_dags/example_xcomargs.py took 0.111 seconds
[2021-02-07 21:51:49,385] {scheduler_job.py:181} INFO - Started process (PID=735) to work on /home/airflow/.local/lib/python3.8/site-packages/airflow/example_dags/example_xcomargs.py
[2021-02-07 21:51:49,387] {scheduler_job.py:627} INFO - Processing file /home/airflow/.local/lib/python3.8/site-packages/airflow/example_dags/example_xcomargs.py for tasks to queue
[2021-02-07 21:51:49,389] {logging_mixin.py:104} INFO - [2021-02-07 21:51:49,389] {dagbag.py:449} INFO - Filling up the DagBag from /home/airflow/.local/lib/python3.8/site-packages/airflow/example_dags/example_xcomargs.py
[2021-02-07 21:51:49,405] {scheduler_job.py:637} INFO - DAG(s) dict_keys(['example_xcom_args', 'example_xcom_args_with_operators']) retrieved from /home/airflow/.local/lib/python3.8/site-packages/airflow/example_dags/example_xcomargs.py
[2021-02-07 21:51:49,448] {logging_mixin.py:104} INFO - [2021-02-07 21:51:49,448] {dag.py:1818} INFO - Sync 2 DAGs
[2021-02-07 21:51:49,475] {logging_mixin.py:104} INFO - [2021-02-07 21:51:49,474] {dag.py:2273} INFO - Setting next_dagrun for example_xcom_args to None
[2021-02-07 21:51:49,478] {logging_mixin.py:104} INFO - [2021-02-07 21:51:49,477] {dag.py:2273} INFO - Setting next_dagrun for example_xcom_args_with_operators to None
[2021-02-07 21:51:49,505] {scheduler_job.py:189} INFO - Processing /home/airflow/.local/lib/python3.8/site-packages/airflow/example_dags/example_xcomargs.py took 0.124 seconds
[2021-02-07 21:52:19,815] {scheduler_job.py:181} INFO - Started process (PID=761) to work on /home/airflow/.local/lib/python3.8/site-packages/airflow/example_dags/example_xcomargs.py
[2021-02-07 21:52:19,817] {scheduler_job.py:627} INFO - Processing file /home/airflow/.local/lib/python3.8/site-packages/airflow/example_dags/example_xcomargs.py for tasks to queue
[2021-02-07 21:52:19,819] {logging_mixin.py:104} INFO - [2021-02-07 21:52:19,819] {dagbag.py:449} INFO - Filling up the DagBag from /home/airflow/.local/lib/python3.8/site-packages/airflow/example_dags/example_xcomargs.py
[2021-02-07 21:52:19,853] {scheduler_job.py:637} INFO - DAG(s) dict_keys(['example_xcom_args', 'example_xcom_args_with_operators']) retrieved from /home/airflow/.local/lib/python3.8/site-packages/airflow/example_dags/example_xcomargs.py
[2021-02-07 21:52:19,891] {logging_mixin.py:104} INFO - [2021-02-07 21:52:19,891] {dag.py:1818} INFO - Sync 2 DAGs
[2021-02-07 21:52:19,907] {logging_mixin.py:104} INFO - [2021-02-07 21:52:19,907] {dag.py:2273} INFO - Setting next_dagrun for example_xcom_args to None
[2021-02-07 21:52:19,910] {logging_mixin.py:104} INFO - [2021-02-07 21:52:19,909] {dag.py:2273} INFO - Setting next_dagrun for example_xcom_args_with_operators to None
[2021-02-07 21:52:19,930] {scheduler_job.py:189} INFO - Processing /home/airflow/.local/lib/python3.8/site-packages/airflow/example_dags/example_xcomargs.py took 0.120 seconds
[2021-02-07 21:52:50,911] {scheduler_job.py:181} INFO - Started process (PID=787) to work on /home/airflow/.local/lib/python3.8/site-packages/airflow/example_dags/example_xcomargs.py
[2021-02-07 21:52:50,914] {scheduler_job.py:627} INFO - Processing file /home/airflow/.local/lib/python3.8/site-packages/airflow/example_dags/example_xcomargs.py for tasks to queue
[2021-02-07 21:52:50,916] {logging_mixin.py:104} INFO - [2021-02-07 21:52:50,916] {dagbag.py:449} INFO - Filling up the DagBag from /home/airflow/.local/lib/python3.8/site-packages/airflow/example_dags/example_xcomargs.py
[2021-02-07 21:52:50,975] {scheduler_job.py:637} INFO - DAG(s) dict_keys(['example_xcom_args', 'example_xcom_args_with_operators']) retrieved from /home/airflow/.local/lib/python3.8/site-packages/airflow/example_dags/example_xcomargs.py
[2021-02-07 21:52:51,173] {logging_mixin.py:104} INFO - [2021-02-07 21:52:51,171] {dag.py:1818} INFO - Sync 2 DAGs
[2021-02-07 21:52:51,253] {logging_mixin.py:104} INFO - [2021-02-07 21:52:51,252] {dag.py:2273} INFO - Setting next_dagrun for example_xcom_args to None
[2021-02-07 21:52:51,258] {logging_mixin.py:104} INFO - [2021-02-07 21:52:51,257] {dag.py:2273} INFO - Setting next_dagrun for example_xcom_args_with_operators to None
[2021-02-07 21:52:51,273] {scheduler_job.py:189} INFO - Processing /home/airflow/.local/lib/python3.8/site-packages/airflow/example_dags/example_xcomargs.py took 0.366 seconds
[2021-02-07 21:53:21,698] {scheduler_job.py:181} INFO - Started process (PID=813) to work on /home/airflow/.local/lib/python3.8/site-packages/airflow/example_dags/example_xcomargs.py
[2021-02-07 21:53:21,700] {scheduler_job.py:627} INFO - Processing file /home/airflow/.local/lib/python3.8/site-packages/airflow/example_dags/example_xcomargs.py for tasks to queue
[2021-02-07 21:53:21,702] {logging_mixin.py:104} INFO - [2021-02-07 21:53:21,702] {dagbag.py:449} INFO - Filling up the DagBag from /home/airflow/.local/lib/python3.8/site-packages/airflow/example_dags/example_xcomargs.py
[2021-02-07 21:53:21,755] {scheduler_job.py:637} INFO - DAG(s) dict_keys(['example_xcom_args', 'example_xcom_args_with_operators']) retrieved from /home/airflow/.local/lib/python3.8/site-packages/airflow/example_dags/example_xcomargs.py
[2021-02-07 21:53:21,816] {logging_mixin.py:104} INFO - [2021-02-07 21:53:21,815] {dag.py:1818} INFO - Sync 2 DAGs
[2021-02-07 21:53:21,835] {logging_mixin.py:104} INFO - [2021-02-07 21:53:21,835] {dag.py:2273} INFO - Setting next_dagrun for example_xcom_args to None
[2021-02-07 21:53:21,837] {logging_mixin.py:104} INFO - [2021-02-07 21:53:21,837] {dag.py:2273} INFO - Setting next_dagrun for example_xcom_args_with_operators to None
[2021-02-07 21:53:21,852] {scheduler_job.py:189} INFO - Processing /home/airflow/.local/lib/python3.8/site-packages/airflow/example_dags/example_xcomargs.py took 0.159 seconds
[2021-02-07 21:53:52,657] {scheduler_job.py:181} INFO - Started process (PID=849) to work on /home/airflow/.local/lib/python3.8/site-packages/airflow/example_dags/example_xcomargs.py
[2021-02-07 21:53:52,660] {scheduler_job.py:627} INFO - Processing file /home/airflow/.local/lib/python3.8/site-packages/airflow/example_dags/example_xcomargs.py for tasks to queue
[2021-02-07 21:53:52,662] {logging_mixin.py:104} INFO - [2021-02-07 21:53:52,662] {dagbag.py:449} INFO - Filling up the DagBag from /home/airflow/.local/lib/python3.8/site-packages/airflow/example_dags/example_xcomargs.py
[2021-02-07 21:53:52,679] {scheduler_job.py:637} INFO - DAG(s) dict_keys(['example_xcom_args', 'example_xcom_args_with_operators']) retrieved from /home/airflow/.local/lib/python3.8/site-packages/airflow/example_dags/example_xcomargs.py
[2021-02-07 21:53:52,735] {logging_mixin.py:104} INFO - [2021-02-07 21:53:52,734] {dag.py:1818} INFO - Sync 2 DAGs
[2021-02-07 21:53:52,784] {logging_mixin.py:104} INFO - [2021-02-07 21:53:52,784] {dag.py:2273} INFO - Setting next_dagrun for example_xcom_args to None
[2021-02-07 21:53:52,786] {logging_mixin.py:104} INFO - [2021-02-07 21:53:52,786] {dag.py:2273} INFO - Setting next_dagrun for example_xcom_args_with_operators to None
[2021-02-07 21:53:52,799] {scheduler_job.py:189} INFO - Processing /home/airflow/.local/lib/python3.8/site-packages/airflow/example_dags/example_xcomargs.py took 0.147 seconds
[2021-02-07 21:54:23,495] {scheduler_job.py:181} INFO - Started process (PID=889) to work on /home/airflow/.local/lib/python3.8/site-packages/airflow/example_dags/example_xcomargs.py
[2021-02-07 21:54:23,498] {scheduler_job.py:627} INFO - Processing file /home/airflow/.local/lib/python3.8/site-packages/airflow/example_dags/example_xcomargs.py for tasks to queue
[2021-02-07 21:54:23,499] {logging_mixin.py:104} INFO - [2021-02-07 21:54:23,499] {dagbag.py:449} INFO - Filling up the DagBag from /home/airflow/.local/lib/python3.8/site-packages/airflow/example_dags/example_xcomargs.py
[2021-02-07 21:54:23,514] {scheduler_job.py:637} INFO - DAG(s) dict_keys(['example_xcom_args', 'example_xcom_args_with_operators']) retrieved from /home/airflow/.local/lib/python3.8/site-packages/airflow/example_dags/example_xcomargs.py
[2021-02-07 21:54:23,546] {logging_mixin.py:104} INFO - [2021-02-07 21:54:23,546] {dag.py:1818} INFO - Sync 2 DAGs
[2021-02-07 21:54:23,561] {logging_mixin.py:104} INFO - [2021-02-07 21:54:23,561] {dag.py:2273} INFO - Setting next_dagrun for example_xcom_args to None
[2021-02-07 21:54:23,564] {logging_mixin.py:104} INFO - [2021-02-07 21:54:23,564] {dag.py:2273} INFO - Setting next_dagrun for example_xcom_args_with_operators to None
[2021-02-07 21:54:23,579] {scheduler_job.py:189} INFO - Processing /home/airflow/.local/lib/python3.8/site-packages/airflow/example_dags/example_xcomargs.py took 0.088 seconds
[2021-02-07 21:54:54,313] {scheduler_job.py:181} INFO - Started process (PID=915) to work on /home/airflow/.local/lib/python3.8/site-packages/airflow/example_dags/example_xcomargs.py
[2021-02-07 21:54:54,316] {scheduler_job.py:627} INFO - Processing file /home/airflow/.local/lib/python3.8/site-packages/airflow/example_dags/example_xcomargs.py for tasks to queue
[2021-02-07 21:54:54,318] {logging_mixin.py:104} INFO - [2021-02-07 21:54:54,318] {dagbag.py:449} INFO - Filling up the DagBag from /home/airflow/.local/lib/python3.8/site-packages/airflow/example_dags/example_xcomargs.py
[2021-02-07 21:54:54,336] {scheduler_job.py:637} INFO - DAG(s) dict_keys(['example_xcom_args', 'example_xcom_args_with_operators']) retrieved from /home/airflow/.local/lib/python3.8/site-packages/airflow/example_dags/example_xcomargs.py
[2021-02-07 21:54:54,505] {logging_mixin.py:104} INFO - [2021-02-07 21:54:54,505] {dag.py:1818} INFO - Sync 2 DAGs
[2021-02-07 21:54:54,581] {logging_mixin.py:104} INFO - [2021-02-07 21:54:54,581] {dag.py:2273} INFO - Setting next_dagrun for example_xcom_args to None
[2021-02-07 21:54:54,585] {logging_mixin.py:104} INFO - [2021-02-07 21:54:54,584] {dag.py:2273} INFO - Setting next_dagrun for example_xcom_args_with_operators to None
[2021-02-07 21:54:54,605] {scheduler_job.py:189} INFO - Processing /home/airflow/.local/lib/python3.8/site-packages/airflow/example_dags/example_xcomargs.py took 0.296 seconds
[2021-02-07 21:55:25,145] {scheduler_job.py:181} INFO - Started process (PID=941) to work on /home/airflow/.local/lib/python3.8/site-packages/airflow/example_dags/example_xcomargs.py
[2021-02-07 21:55:25,152] {scheduler_job.py:627} INFO - Processing file /home/airflow/.local/lib/python3.8/site-packages/airflow/example_dags/example_xcomargs.py for tasks to queue
[2021-02-07 21:55:25,156] {logging_mixin.py:104} INFO - [2021-02-07 21:55:25,155] {dagbag.py:449} INFO - Filling up the DagBag from /home/airflow/.local/lib/python3.8/site-packages/airflow/example_dags/example_xcomargs.py
[2021-02-07 21:55:25,227] {scheduler_job.py:637} INFO - DAG(s) dict_keys(['example_xcom_args', 'example_xcom_args_with_operators']) retrieved from /home/airflow/.local/lib/python3.8/site-packages/airflow/example_dags/example_xcomargs.py
[2021-02-07 21:55:25,361] {logging_mixin.py:104} INFO - [2021-02-07 21:55:25,361] {dag.py:1818} INFO - Sync 2 DAGs
[2021-02-07 21:55:25,425] {logging_mixin.py:104} INFO - [2021-02-07 21:55:25,425] {dag.py:2273} INFO - Setting next_dagrun for example_xcom_args to None
[2021-02-07 21:55:25,430] {logging_mixin.py:104} INFO - [2021-02-07 21:55:25,430] {dag.py:2273} INFO - Setting next_dagrun for example_xcom_args_with_operators to None
[2021-02-07 21:55:25,483] {scheduler_job.py:189} INFO - Processing /home/airflow/.local/lib/python3.8/site-packages/airflow/example_dags/example_xcomargs.py took 0.399 seconds
[2021-02-07 21:55:55,673] {scheduler_job.py:181} INFO - Started process (PID=967) to work on /home/airflow/.local/lib/python3.8/site-packages/airflow/example_dags/example_xcomargs.py
[2021-02-07 21:55:55,679] {scheduler_job.py:627} INFO - Processing file /home/airflow/.local/lib/python3.8/site-packages/airflow/example_dags/example_xcomargs.py for tasks to queue
[2021-02-07 21:55:55,683] {logging_mixin.py:104} INFO - [2021-02-07 21:55:55,683] {dagbag.py:449} INFO - Filling up the DagBag from /home/airflow/.local/lib/python3.8/site-packages/airflow/example_dags/example_xcomargs.py
[2021-02-07 21:55:55,712] {scheduler_job.py:637} INFO - DAG(s) dict_keys(['example_xcom_args', 'example_xcom_args_with_operators']) retrieved from /home/airflow/.local/lib/python3.8/site-packages/airflow/example_dags/example_xcomargs.py
[2021-02-07 21:55:55,761] {logging_mixin.py:104} INFO - [2021-02-07 21:55:55,761] {dag.py:1818} INFO - Sync 2 DAGs
[2021-02-07 21:55:55,786] {logging_mixin.py:104} INFO - [2021-02-07 21:55:55,786] {dag.py:2273} INFO - Setting next_dagrun for example_xcom_args to None
[2021-02-07 21:55:55,788] {logging_mixin.py:104} INFO - [2021-02-07 21:55:55,788] {dag.py:2273} INFO - Setting next_dagrun for example_xcom_args_with_operators to None
[2021-02-07 21:55:55,809] {scheduler_job.py:189} INFO - Processing /home/airflow/.local/lib/python3.8/site-packages/airflow/example_dags/example_xcomargs.py took 0.142 seconds
[2021-02-07 21:56:25,867] {scheduler_job.py:181} INFO - Started process (PID=993) to work on /home/airflow/.local/lib/python3.8/site-packages/airflow/example_dags/example_xcomargs.py
[2021-02-07 21:56:25,871] {scheduler_job.py:627} INFO - Processing file /home/airflow/.local/lib/python3.8/site-packages/airflow/example_dags/example_xcomargs.py for tasks to queue
[2021-02-07 21:56:25,873] {logging_mixin.py:104} INFO - [2021-02-07 21:56:25,873] {dagbag.py:449} INFO - Filling up the DagBag from /home/airflow/.local/lib/python3.8/site-packages/airflow/example_dags/example_xcomargs.py
[2021-02-07 21:56:25,896] {scheduler_job.py:637} INFO - DAG(s) dict_keys(['example_xcom_args', 'example_xcom_args_with_operators']) retrieved from /home/airflow/.local/lib/python3.8/site-packages/airflow/example_dags/example_xcomargs.py
[2021-02-07 21:56:25,947] {logging_mixin.py:104} INFO - [2021-02-07 21:56:25,947] {dag.py:1818} INFO - Sync 2 DAGs
[2021-02-07 21:56:25,972] {logging_mixin.py:104} INFO - [2021-02-07 21:56:25,972] {dag.py:2273} INFO - Setting next_dagrun for example_xcom_args to None
[2021-02-07 21:56:25,974] {logging_mixin.py:104} INFO - [2021-02-07 21:56:25,974] {dag.py:2273} INFO - Setting next_dagrun for example_xcom_args_with_operators to None
[2021-02-07 21:56:25,993] {scheduler_job.py:189} INFO - Processing /home/airflow/.local/lib/python3.8/site-packages/airflow/example_dags/example_xcomargs.py took 0.136 seconds
[2021-02-07 21:56:56,146] {scheduler_job.py:181} INFO - Started process (PID=1019) to work on /home/airflow/.local/lib/python3.8/site-packages/airflow/example_dags/example_xcomargs.py
[2021-02-07 21:56:56,152] {scheduler_job.py:627} INFO - Processing file /home/airflow/.local/lib/python3.8/site-packages/airflow/example_dags/example_xcomargs.py for tasks to queue
[2021-02-07 21:56:56,154] {logging_mixin.py:104} INFO - [2021-02-07 21:56:56,154] {dagbag.py:449} INFO - Filling up the DagBag from /home/airflow/.local/lib/python3.8/site-packages/airflow/example_dags/example_xcomargs.py
[2021-02-07 21:56:56,178] {scheduler_job.py:637} INFO - DAG(s) dict_keys(['example_xcom_args', 'example_xcom_args_with_operators']) retrieved from /home/airflow/.local/lib/python3.8/site-packages/airflow/example_dags/example_xcomargs.py
[2021-02-07 21:56:56,226] {logging_mixin.py:104} INFO - [2021-02-07 21:56:56,226] {dag.py:1818} INFO - Sync 2 DAGs
[2021-02-07 21:56:56,249] {logging_mixin.py:104} INFO - [2021-02-07 21:56:56,249] {dag.py:2273} INFO - Setting next_dagrun for example_xcom_args to None
[2021-02-07 21:56:56,252] {logging_mixin.py:104} INFO - [2021-02-07 21:56:56,252] {dag.py:2273} INFO - Setting next_dagrun for example_xcom_args_with_operators to None
[2021-02-07 21:56:56,278] {scheduler_job.py:189} INFO - Processing /home/airflow/.local/lib/python3.8/site-packages/airflow/example_dags/example_xcomargs.py took 0.137 seconds
[2021-02-07 21:57:26,691] {scheduler_job.py:181} INFO - Started process (PID=1041) to work on /home/airflow/.local/lib/python3.8/site-packages/airflow/example_dags/example_xcomargs.py
[2021-02-07 21:57:26,693] {scheduler_job.py:627} INFO - Processing file /home/airflow/.local/lib/python3.8/site-packages/airflow/example_dags/example_xcomargs.py for tasks to queue
[2021-02-07 21:57:26,695] {logging_mixin.py:104} INFO - [2021-02-07 21:57:26,694] {dagbag.py:449} INFO - Filling up the DagBag from /home/airflow/.local/lib/python3.8/site-packages/airflow/example_dags/example_xcomargs.py
[2021-02-07 21:57:26,711] {scheduler_job.py:637} INFO - DAG(s) dict_keys(['example_xcom_args', 'example_xcom_args_with_operators']) retrieved from /home/airflow/.local/lib/python3.8/site-packages/airflow/example_dags/example_xcomargs.py
[2021-02-07 21:57:26,748] {logging_mixin.py:104} INFO - [2021-02-07 21:57:26,748] {dag.py:1818} INFO - Sync 2 DAGs
[2021-02-07 21:57:26,764] {logging_mixin.py:104} INFO - [2021-02-07 21:57:26,763] {dag.py:2273} INFO - Setting next_dagrun for example_xcom_args to None
[2021-02-07 21:57:26,766] {logging_mixin.py:104} INFO - [2021-02-07 21:57:26,766] {dag.py:2273} INFO - Setting next_dagrun for example_xcom_args_with_operators to None
[2021-02-07 21:57:26,781] {scheduler_job.py:189} INFO - Processing /home/airflow/.local/lib/python3.8/site-packages/airflow/example_dags/example_xcomargs.py took 0.096 seconds
[2021-02-07 21:57:57,196] {scheduler_job.py:181} INFO - Started process (PID=1069) to work on /home/airflow/.local/lib/python3.8/site-packages/airflow/example_dags/example_xcomargs.py
[2021-02-07 21:57:57,198] {scheduler_job.py:627} INFO - Processing file /home/airflow/.local/lib/python3.8/site-packages/airflow/example_dags/example_xcomargs.py for tasks to queue
[2021-02-07 21:57:57,200] {logging_mixin.py:104} INFO - [2021-02-07 21:57:57,200] {dagbag.py:449} INFO - Filling up the DagBag from /home/airflow/.local/lib/python3.8/site-packages/airflow/example_dags/example_xcomargs.py
[2021-02-07 21:57:57,215] {scheduler_job.py:637} INFO - DAG(s) dict_keys(['example_xcom_args', 'example_xcom_args_with_operators']) retrieved from /home/airflow/.local/lib/python3.8/site-packages/airflow/example_dags/example_xcomargs.py
[2021-02-07 21:57:57,255] {logging_mixin.py:104} INFO - [2021-02-07 21:57:57,255] {dag.py:1818} INFO - Sync 2 DAGs
[2021-02-07 21:57:57,271] {logging_mixin.py:104} INFO - [2021-02-07 21:57:57,271] {dag.py:2273} INFO - Setting next_dagrun for example_xcom_args to None
[2021-02-07 21:57:57,273] {logging_mixin.py:104} INFO - [2021-02-07 21:57:57,273] {dag.py:2273} INFO - Setting next_dagrun for example_xcom_args_with_operators to None
[2021-02-07 21:57:57,288] {scheduler_job.py:189} INFO - Processing /home/airflow/.local/lib/python3.8/site-packages/airflow/example_dags/example_xcomargs.py took 0.096 seconds
[2021-02-07 21:58:27,973] {scheduler_job.py:181} INFO - Started process (PID=1093) to work on /home/airflow/.local/lib/python3.8/site-packages/airflow/example_dags/example_xcomargs.py
[2021-02-07 21:58:27,975] {scheduler_job.py:627} INFO - Processing file /home/airflow/.local/lib/python3.8/site-packages/airflow/example_dags/example_xcomargs.py for tasks to queue
[2021-02-07 21:58:27,979] {logging_mixin.py:104} INFO - [2021-02-07 21:58:27,978] {dagbag.py:449} INFO - Filling up the DagBag from /home/airflow/.local/lib/python3.8/site-packages/airflow/example_dags/example_xcomargs.py
[2021-02-07 21:58:28,007] {scheduler_job.py:637} INFO - DAG(s) dict_keys(['example_xcom_args', 'example_xcom_args_with_operators']) retrieved from /home/airflow/.local/lib/python3.8/site-packages/airflow/example_dags/example_xcomargs.py
[2021-02-07 21:58:28,061] {logging_mixin.py:104} INFO - [2021-02-07 21:58:28,061] {dag.py:1818} INFO - Sync 2 DAGs
[2021-02-07 21:58:28,087] {logging_mixin.py:104} INFO - [2021-02-07 21:58:28,087] {dag.py:2273} INFO - Setting next_dagrun for example_xcom_args to None
[2021-02-07 21:58:28,090] {logging_mixin.py:104} INFO - [2021-02-07 21:58:28,089] {dag.py:2273} INFO - Setting next_dagrun for example_xcom_args_with_operators to None
[2021-02-07 21:58:28,118] {scheduler_job.py:189} INFO - Processing /home/airflow/.local/lib/python3.8/site-packages/airflow/example_dags/example_xcomargs.py took 0.152 seconds
[2021-02-07 21:58:58,914] {scheduler_job.py:181} INFO - Started process (PID=1119) to work on /home/airflow/.local/lib/python3.8/site-packages/airflow/example_dags/example_xcomargs.py
[2021-02-07 21:58:58,917] {scheduler_job.py:627} INFO - Processing file /home/airflow/.local/lib/python3.8/site-packages/airflow/example_dags/example_xcomargs.py for tasks to queue
[2021-02-07 21:58:58,920] {logging_mixin.py:104} INFO - [2021-02-07 21:58:58,920] {dagbag.py:449} INFO - Filling up the DagBag from /home/airflow/.local/lib/python3.8/site-packages/airflow/example_dags/example_xcomargs.py
[2021-02-07 21:58:58,950] {scheduler_job.py:637} INFO - DAG(s) dict_keys(['example_xcom_args', 'example_xcom_args_with_operators']) retrieved from /home/airflow/.local/lib/python3.8/site-packages/airflow/example_dags/example_xcomargs.py
[2021-02-07 21:58:59,128] {logging_mixin.py:104} INFO - [2021-02-07 21:58:59,127] {dag.py:1818} INFO - Sync 2 DAGs
[2021-02-07 21:58:59,267] {logging_mixin.py:104} INFO - [2021-02-07 21:58:59,266] {dag.py:2273} INFO - Setting next_dagrun for example_xcom_args to None
[2021-02-07 21:58:59,282] {logging_mixin.py:104} INFO - [2021-02-07 21:58:59,281] {dag.py:2273} INFO - Setting next_dagrun for example_xcom_args_with_operators to None
[2021-02-07 21:58:59,383] {scheduler_job.py:189} INFO - Processing /home/airflow/.local/lib/python3.8/site-packages/airflow/example_dags/example_xcomargs.py took 0.480 seconds
[2021-02-07 21:59:30,121] {scheduler_job.py:181} INFO - Started process (PID=1146) to work on /home/airflow/.local/lib/python3.8/site-packages/airflow/example_dags/example_xcomargs.py
[2021-02-07 21:59:30,131] {scheduler_job.py:627} INFO - Processing file /home/airflow/.local/lib/python3.8/site-packages/airflow/example_dags/example_xcomargs.py for tasks to queue
[2021-02-07 21:59:30,137] {logging_mixin.py:104} INFO - [2021-02-07 21:59:30,137] {dagbag.py:449} INFO - Filling up the DagBag from /home/airflow/.local/lib/python3.8/site-packages/airflow/example_dags/example_xcomargs.py
[2021-02-07 21:59:30,179] {scheduler_job.py:637} INFO - DAG(s) dict_keys(['example_xcom_args', 'example_xcom_args_with_operators']) retrieved from /home/airflow/.local/lib/python3.8/site-packages/airflow/example_dags/example_xcomargs.py
[2021-02-07 21:59:30,259] {logging_mixin.py:104} INFO - [2021-02-07 21:59:30,259] {dag.py:1818} INFO - Sync 2 DAGs
[2021-02-07 21:59:30,292] {logging_mixin.py:104} INFO - [2021-02-07 21:59:30,292] {dag.py:2273} INFO - Setting next_dagrun for example_xcom_args to None
[2021-02-07 21:59:30,295] {logging_mixin.py:104} INFO - [2021-02-07 21:59:30,295] {dag.py:2273} INFO - Setting next_dagrun for example_xcom_args_with_operators to None
[2021-02-07 21:59:30,335] {scheduler_job.py:189} INFO - Processing /home/airflow/.local/lib/python3.8/site-packages/airflow/example_dags/example_xcomargs.py took 0.228 seconds
[2021-02-07 22:00:00,959] {scheduler_job.py:181} INFO - Started process (PID=1173) to work on /home/airflow/.local/lib/python3.8/site-packages/airflow/example_dags/example_xcomargs.py
[2021-02-07 22:00:00,963] {scheduler_job.py:627} INFO - Processing file /home/airflow/.local/lib/python3.8/site-packages/airflow/example_dags/example_xcomargs.py for tasks to queue
[2021-02-07 22:00:00,965] {logging_mixin.py:104} INFO - [2021-02-07 22:00:00,965] {dagbag.py:449} INFO - Filling up the DagBag from /home/airflow/.local/lib/python3.8/site-packages/airflow/example_dags/example_xcomargs.py
[2021-02-07 22:00:01,000] {scheduler_job.py:637} INFO - DAG(s) dict_keys(['example_xcom_args', 'example_xcom_args_with_operators']) retrieved from /home/airflow/.local/lib/python3.8/site-packages/airflow/example_dags/example_xcomargs.py
[2021-02-07 22:00:01,069] {logging_mixin.py:104} INFO - [2021-02-07 22:00:01,069] {dag.py:1818} INFO - Sync 2 DAGs
[2021-02-07 22:00:01,107] {logging_mixin.py:104} INFO - [2021-02-07 22:00:01,107] {dag.py:2273} INFO - Setting next_dagrun for example_xcom_args to None
[2021-02-07 22:00:01,111] {logging_mixin.py:104} INFO - [2021-02-07 22:00:01,111] {dag.py:2273} INFO - Setting next_dagrun for example_xcom_args_with_operators to None
[2021-02-07 22:00:01,146] {scheduler_job.py:189} INFO - Processing /home/airflow/.local/lib/python3.8/site-packages/airflow/example_dags/example_xcomargs.py took 0.192 seconds
[2021-02-07 22:00:31,495] {scheduler_job.py:181} INFO - Started process (PID=1201) to work on /home/airflow/.local/lib/python3.8/site-packages/airflow/example_dags/example_xcomargs.py
[2021-02-07 22:00:31,498] {scheduler_job.py:627} INFO - Processing file /home/airflow/.local/lib/python3.8/site-packages/airflow/example_dags/example_xcomargs.py for tasks to queue
[2021-02-07 22:00:31,501] {logging_mixin.py:104} INFO - [2021-02-07 22:00:31,501] {dagbag.py:449} INFO - Filling up the DagBag from /home/airflow/.local/lib/python3.8/site-packages/airflow/example_dags/example_xcomargs.py
[2021-02-07 22:00:31,521] {scheduler_job.py:637} INFO - DAG(s) dict_keys(['example_xcom_args', 'example_xcom_args_with_operators']) retrieved from /home/airflow/.local/lib/python3.8/site-packages/airflow/example_dags/example_xcomargs.py
[2021-02-07 22:00:31,571] {logging_mixin.py:104} INFO - [2021-02-07 22:00:31,571] {dag.py:1818} INFO - Sync 2 DAGs
[2021-02-07 22:00:31,592] {logging_mixin.py:104} INFO - [2021-02-07 22:00:31,592] {dag.py:2273} INFO - Setting next_dagrun for example_xcom_args to None
[2021-02-07 22:00:31,595] {logging_mixin.py:104} INFO - [2021-02-07 22:00:31,595] {dag.py:2273} INFO - Setting next_dagrun for example_xcom_args_with_operators to None
[2021-02-07 22:00:31,621] {scheduler_job.py:189} INFO - Processing /home/airflow/.local/lib/python3.8/site-packages/airflow/example_dags/example_xcomargs.py took 0.130 seconds
[2021-02-07 22:01:02,745] {scheduler_job.py:181} INFO - Started process (PID=1224) to work on /home/airflow/.local/lib/python3.8/site-packages/airflow/example_dags/example_xcomargs.py
[2021-02-07 22:01:02,757] {scheduler_job.py:627} INFO - Processing file /home/airflow/.local/lib/python3.8/site-packages/airflow/example_dags/example_xcomargs.py for tasks to queue
[2021-02-07 22:01:02,768] {logging_mixin.py:104} INFO - [2021-02-07 22:01:02,767] {dagbag.py:449} INFO - Filling up the DagBag from /home/airflow/.local/lib/python3.8/site-packages/airflow/example_dags/example_xcomargs.py
[2021-02-07 22:01:02,811] {scheduler_job.py:637} INFO - DAG(s) dict_keys(['example_xcom_args', 'example_xcom_args_with_operators']) retrieved from /home/airflow/.local/lib/python3.8/site-packages/airflow/example_dags/example_xcomargs.py
[2021-02-07 22:01:02,894] {logging_mixin.py:104} INFO - [2021-02-07 22:01:02,894] {dag.py:1818} INFO - Sync 2 DAGs
[2021-02-07 22:01:02,934] {logging_mixin.py:104} INFO - [2021-02-07 22:01:02,933] {dag.py:2273} INFO - Setting next_dagrun for example_xcom_args to None
[2021-02-07 22:01:02,940] {logging_mixin.py:104} INFO - [2021-02-07 22:01:02,940] {dag.py:2273} INFO - Setting next_dagrun for example_xcom_args_with_operators to None
[2021-02-07 22:01:02,975] {scheduler_job.py:189} INFO - Processing /home/airflow/.local/lib/python3.8/site-packages/airflow/example_dags/example_xcomargs.py took 0.262 seconds
[2021-02-07 22:01:33,583] {scheduler_job.py:181} INFO - Started process (PID=1252) to work on /home/airflow/.local/lib/python3.8/site-packages/airflow/example_dags/example_xcomargs.py
[2021-02-07 22:01:33,588] {scheduler_job.py:627} INFO - Processing file /home/airflow/.local/lib/python3.8/site-packages/airflow/example_dags/example_xcomargs.py for tasks to queue
[2021-02-07 22:01:33,591] {logging_mixin.py:104} INFO - [2021-02-07 22:01:33,591] {dagbag.py:449} INFO - Filling up the DagBag from /home/airflow/.local/lib/python3.8/site-packages/airflow/example_dags/example_xcomargs.py
[2021-02-07 22:01:33,613] {scheduler_job.py:637} INFO - DAG(s) dict_keys(['example_xcom_args', 'example_xcom_args_with_operators']) retrieved from /home/airflow/.local/lib/python3.8/site-packages/airflow/example_dags/example_xcomargs.py
[2021-02-07 22:01:33,673] {logging_mixin.py:104} INFO - [2021-02-07 22:01:33,672] {dag.py:1818} INFO - Sync 2 DAGs
[2021-02-07 22:01:33,706] {logging_mixin.py:104} INFO - [2021-02-07 22:01:33,706] {dag.py:2273} INFO - Setting next_dagrun for example_xcom_args to None
[2021-02-07 22:01:33,711] {logging_mixin.py:104} INFO - [2021-02-07 22:01:33,711] {dag.py:2273} INFO - Setting next_dagrun for example_xcom_args_with_operators to None
[2021-02-07 22:01:33,741] {scheduler_job.py:189} INFO - Processing /home/airflow/.local/lib/python3.8/site-packages/airflow/example_dags/example_xcomargs.py took 0.163 seconds
[2021-02-07 22:02:04,810] {scheduler_job.py:181} INFO - Started process (PID=1281) to work on /home/airflow/.local/lib/python3.8/site-packages/airflow/example_dags/example_xcomargs.py
[2021-02-07 22:02:04,813] {scheduler_job.py:627} INFO - Processing file /home/airflow/.local/lib/python3.8/site-packages/airflow/example_dags/example_xcomargs.py for tasks to queue
[2021-02-07 22:02:04,815] {logging_mixin.py:104} INFO - [2021-02-07 22:02:04,815] {dagbag.py:449} INFO - Filling up the DagBag from /home/airflow/.local/lib/python3.8/site-packages/airflow/example_dags/example_xcomargs.py
[2021-02-07 22:02:04,841] {scheduler_job.py:637} INFO - DAG(s) dict_keys(['example_xcom_args', 'example_xcom_args_with_operators']) retrieved from /home/airflow/.local/lib/python3.8/site-packages/airflow/example_dags/example_xcomargs.py
[2021-02-07 22:02:04,891] {logging_mixin.py:104} INFO - [2021-02-07 22:02:04,891] {dag.py:1818} INFO - Sync 2 DAGs
[2021-02-07 22:02:04,919] {logging_mixin.py:104} INFO - [2021-02-07 22:02:04,918] {dag.py:2273} INFO - Setting next_dagrun for example_xcom_args to None
[2021-02-07 22:02:04,923] {logging_mixin.py:104} INFO - [2021-02-07 22:02:04,923] {dag.py:2273} INFO - Setting next_dagrun for example_xcom_args_with_operators to None
[2021-02-07 22:02:04,946] {scheduler_job.py:189} INFO - Processing /home/airflow/.local/lib/python3.8/site-packages/airflow/example_dags/example_xcomargs.py took 0.141 seconds
[2021-02-07 22:02:35,892] {scheduler_job.py:181} INFO - Started process (PID=1307) to work on /home/airflow/.local/lib/python3.8/site-packages/airflow/example_dags/example_xcomargs.py
[2021-02-07 22:02:35,897] {scheduler_job.py:627} INFO - Processing file /home/airflow/.local/lib/python3.8/site-packages/airflow/example_dags/example_xcomargs.py for tasks to queue
[2021-02-07 22:02:35,899] {logging_mixin.py:104} INFO - [2021-02-07 22:02:35,899] {dagbag.py:449} INFO - Filling up the DagBag from /home/airflow/.local/lib/python3.8/site-packages/airflow/example_dags/example_xcomargs.py
[2021-02-07 22:02:35,944] {scheduler_job.py:637} INFO - DAG(s) dict_keys(['example_xcom_args', 'example_xcom_args_with_operators']) retrieved from /home/airflow/.local/lib/python3.8/site-packages/airflow/example_dags/example_xcomargs.py
[2021-02-07 22:02:36,002] {logging_mixin.py:104} INFO - [2021-02-07 22:02:36,002] {dag.py:1818} INFO - Sync 2 DAGs
[2021-02-07 22:02:36,031] {logging_mixin.py:104} INFO - [2021-02-07 22:02:36,030] {dag.py:2273} INFO - Setting next_dagrun for example_xcom_args to None
[2021-02-07 22:02:36,034] {logging_mixin.py:104} INFO - [2021-02-07 22:02:36,033] {dag.py:2273} INFO - Setting next_dagrun for example_xcom_args_with_operators to None
[2021-02-07 22:02:36,070] {scheduler_job.py:189} INFO - Processing /home/airflow/.local/lib/python3.8/site-packages/airflow/example_dags/example_xcomargs.py took 0.188 seconds
[2021-02-07 22:03:07,046] {scheduler_job.py:181} INFO - Started process (PID=1333) to work on /home/airflow/.local/lib/python3.8/site-packages/airflow/example_dags/example_xcomargs.py
[2021-02-07 22:03:07,049] {scheduler_job.py:627} INFO - Processing file /home/airflow/.local/lib/python3.8/site-packages/airflow/example_dags/example_xcomargs.py for tasks to queue
[2021-02-07 22:03:07,052] {logging_mixin.py:104} INFO - [2021-02-07 22:03:07,051] {dagbag.py:449} INFO - Filling up the DagBag from /home/airflow/.local/lib/python3.8/site-packages/airflow/example_dags/example_xcomargs.py
[2021-02-07 22:03:07,082] {scheduler_job.py:637} INFO - DAG(s) dict_keys(['example_xcom_args', 'example_xcom_args_with_operators']) retrieved from /home/airflow/.local/lib/python3.8/site-packages/airflow/example_dags/example_xcomargs.py
[2021-02-07 22:03:07,147] {logging_mixin.py:104} INFO - [2021-02-07 22:03:07,147] {dag.py:1818} INFO - Sync 2 DAGs
[2021-02-07 22:03:07,177] {logging_mixin.py:104} INFO - [2021-02-07 22:03:07,177] {dag.py:2273} INFO - Setting next_dagrun for example_xcom_args to None
[2021-02-07 22:03:07,180] {logging_mixin.py:104} INFO - [2021-02-07 22:03:07,180] {dag.py:2273} INFO - Setting next_dagrun for example_xcom_args_with_operators to None
[2021-02-07 22:03:07,213] {scheduler_job.py:189} INFO - Processing /home/airflow/.local/lib/python3.8/site-packages/airflow/example_dags/example_xcomargs.py took 0.177 seconds
[2021-02-07 22:03:37,540] {scheduler_job.py:181} INFO - Started process (PID=1359) to work on /home/airflow/.local/lib/python3.8/site-packages/airflow/example_dags/example_xcomargs.py
[2021-02-07 22:03:37,546] {scheduler_job.py:627} INFO - Processing file /home/airflow/.local/lib/python3.8/site-packages/airflow/example_dags/example_xcomargs.py for tasks to queue
[2021-02-07 22:03:37,549] {logging_mixin.py:104} INFO - [2021-02-07 22:03:37,549] {dagbag.py:449} INFO - Filling up the DagBag from /home/airflow/.local/lib/python3.8/site-packages/airflow/example_dags/example_xcomargs.py
[2021-02-07 22:03:37,588] {scheduler_job.py:637} INFO - DAG(s) dict_keys(['example_xcom_args', 'example_xcom_args_with_operators']) retrieved from /home/airflow/.local/lib/python3.8/site-packages/airflow/example_dags/example_xcomargs.py
[2021-02-07 22:03:37,663] {logging_mixin.py:104} INFO - [2021-02-07 22:03:37,663] {dag.py:1818} INFO - Sync 2 DAGs
[2021-02-07 22:03:37,694] {logging_mixin.py:104} INFO - [2021-02-07 22:03:37,693] {dag.py:2273} INFO - Setting next_dagrun for example_xcom_args to None
[2021-02-07 22:03:37,697] {logging_mixin.py:104} INFO - [2021-02-07 22:03:37,697] {dag.py:2273} INFO - Setting next_dagrun for example_xcom_args_with_operators to None
[2021-02-07 22:03:37,746] {scheduler_job.py:189} INFO - Processing /home/airflow/.local/lib/python3.8/site-packages/airflow/example_dags/example_xcomargs.py took 0.214 seconds
[2021-02-07 22:04:08,210] {scheduler_job.py:181} INFO - Started process (PID=1385) to work on /home/airflow/.local/lib/python3.8/site-packages/airflow/example_dags/example_xcomargs.py
[2021-02-07 22:04:08,213] {scheduler_job.py:627} INFO - Processing file /home/airflow/.local/lib/python3.8/site-packages/airflow/example_dags/example_xcomargs.py for tasks to queue
[2021-02-07 22:04:08,216] {logging_mixin.py:104} INFO - [2021-02-07 22:04:08,216] {dagbag.py:449} INFO - Filling up the DagBag from /home/airflow/.local/lib/python3.8/site-packages/airflow/example_dags/example_xcomargs.py
[2021-02-07 22:04:08,253] {scheduler_job.py:637} INFO - DAG(s) dict_keys(['example_xcom_args', 'example_xcom_args_with_operators']) retrieved from /home/airflow/.local/lib/python3.8/site-packages/airflow/example_dags/example_xcomargs.py
[2021-02-07 22:04:08,445] {logging_mixin.py:104} INFO - [2021-02-07 22:04:08,445] {dag.py:1818} INFO - Sync 2 DAGs
[2021-02-07 22:04:08,498] {logging_mixin.py:104} INFO - [2021-02-07 22:04:08,498] {dag.py:2273} INFO - Setting next_dagrun for example_xcom_args to None
[2021-02-07 22:04:08,503] {logging_mixin.py:104} INFO - [2021-02-07 22:04:08,503] {dag.py:2273} INFO - Setting next_dagrun for example_xcom_args_with_operators to None
[2021-02-07 22:04:08,549] {scheduler_job.py:189} INFO - Processing /home/airflow/.local/lib/python3.8/site-packages/airflow/example_dags/example_xcomargs.py took 0.350 seconds
[2021-02-07 22:04:38,932] {scheduler_job.py:181} INFO - Started process (PID=1411) to work on /home/airflow/.local/lib/python3.8/site-packages/airflow/example_dags/example_xcomargs.py
[2021-02-07 22:04:38,934] {scheduler_job.py:627} INFO - Processing file /home/airflow/.local/lib/python3.8/site-packages/airflow/example_dags/example_xcomargs.py for tasks to queue
[2021-02-07 22:04:38,937] {logging_mixin.py:104} INFO - [2021-02-07 22:04:38,937] {dagbag.py:449} INFO - Filling up the DagBag from /home/airflow/.local/lib/python3.8/site-packages/airflow/example_dags/example_xcomargs.py
[2021-02-07 22:04:38,959] {scheduler_job.py:637} INFO - DAG(s) dict_keys(['example_xcom_args', 'example_xcom_args_with_operators']) retrieved from /home/airflow/.local/lib/python3.8/site-packages/airflow/example_dags/example_xcomargs.py
[2021-02-07 22:04:39,007] {logging_mixin.py:104} INFO - [2021-02-07 22:04:39,007] {dag.py:1818} INFO - Sync 2 DAGs
[2021-02-07 22:04:39,031] {logging_mixin.py:104} INFO - [2021-02-07 22:04:39,031] {dag.py:2273} INFO - Setting next_dagrun for example_xcom_args to None
[2021-02-07 22:04:39,033] {logging_mixin.py:104} INFO - [2021-02-07 22:04:39,033] {dag.py:2273} INFO - Setting next_dagrun for example_xcom_args_with_operators to None
[2021-02-07 22:04:39,057] {scheduler_job.py:189} INFO - Processing /home/airflow/.local/lib/python3.8/site-packages/airflow/example_dags/example_xcomargs.py took 0.131 seconds
[2021-02-07 22:05:09,340] {scheduler_job.py:181} INFO - Started process (PID=1437) to work on /home/airflow/.local/lib/python3.8/site-packages/airflow/example_dags/example_xcomargs.py
[2021-02-07 22:05:09,345] {scheduler_job.py:627} INFO - Processing file /home/airflow/.local/lib/python3.8/site-packages/airflow/example_dags/example_xcomargs.py for tasks to queue
[2021-02-07 22:05:09,349] {logging_mixin.py:104} INFO - [2021-02-07 22:05:09,349] {dagbag.py:449} INFO - Filling up the DagBag from /home/airflow/.local/lib/python3.8/site-packages/airflow/example_dags/example_xcomargs.py
[2021-02-07 22:05:09,379] {scheduler_job.py:637} INFO - DAG(s) dict_keys(['example_xcom_args', 'example_xcom_args_with_operators']) retrieved from /home/airflow/.local/lib/python3.8/site-packages/airflow/example_dags/example_xcomargs.py
[2021-02-07 22:05:09,430] {logging_mixin.py:104} INFO - [2021-02-07 22:05:09,430] {dag.py:1818} INFO - Sync 2 DAGs
[2021-02-07 22:05:09,450] {logging_mixin.py:104} INFO - [2021-02-07 22:05:09,450] {dag.py:2273} INFO - Setting next_dagrun for example_xcom_args to None
[2021-02-07 22:05:09,453] {logging_mixin.py:104} INFO - [2021-02-07 22:05:09,453] {dag.py:2273} INFO - Setting next_dagrun for example_xcom_args_with_operators to None
[2021-02-07 22:05:09,474] {scheduler_job.py:189} INFO - Processing /home/airflow/.local/lib/python3.8/site-packages/airflow/example_dags/example_xcomargs.py took 0.141 seconds
[2021-02-07 22:05:39,717] {scheduler_job.py:181} INFO - Started process (PID=1463) to work on /home/airflow/.local/lib/python3.8/site-packages/airflow/example_dags/example_xcomargs.py
[2021-02-07 22:05:39,722] {scheduler_job.py:627} INFO - Processing file /home/airflow/.local/lib/python3.8/site-packages/airflow/example_dags/example_xcomargs.py for tasks to queue
[2021-02-07 22:05:39,724] {logging_mixin.py:104} INFO - [2021-02-07 22:05:39,724] {dagbag.py:449} INFO - Filling up the DagBag from /home/airflow/.local/lib/python3.8/site-packages/airflow/example_dags/example_xcomargs.py
[2021-02-07 22:05:39,747] {scheduler_job.py:637} INFO - DAG(s) dict_keys(['example_xcom_args', 'example_xcom_args_with_operators']) retrieved from /home/airflow/.local/lib/python3.8/site-packages/airflow/example_dags/example_xcomargs.py
[2021-02-07 22:05:39,795] {logging_mixin.py:104} INFO - [2021-02-07 22:05:39,795] {dag.py:1818} INFO - Sync 2 DAGs
[2021-02-07 22:05:39,817] {logging_mixin.py:104} INFO - [2021-02-07 22:05:39,817] {dag.py:2273} INFO - Setting next_dagrun for example_xcom_args to None
[2021-02-07 22:05:39,820] {logging_mixin.py:104} INFO - [2021-02-07 22:05:39,820] {dag.py:2273} INFO - Setting next_dagrun for example_xcom_args_with_operators to None
[2021-02-07 22:05:39,844] {scheduler_job.py:189} INFO - Processing /home/airflow/.local/lib/python3.8/site-packages/airflow/example_dags/example_xcomargs.py took 0.135 seconds
[2021-02-07 22:23:47,895] {scheduler_job.py:181} INFO - Started process (PID=1470) to work on /home/airflow/.local/lib/python3.8/site-packages/airflow/example_dags/example_xcomargs.py
[2021-02-07 22:23:47,919] {scheduler_job.py:627} INFO - Processing file /home/airflow/.local/lib/python3.8/site-packages/airflow/example_dags/example_xcomargs.py for tasks to queue
[2021-02-07 22:23:47,936] {logging_mixin.py:104} INFO - [2021-02-07 22:23:47,936] {dagbag.py:449} INFO - Filling up the DagBag from /home/airflow/.local/lib/python3.8/site-packages/airflow/example_dags/example_xcomargs.py
[2021-02-07 22:23:48,054] {scheduler_job.py:637} INFO - DAG(s) dict_keys(['example_xcom_args', 'example_xcom_args_with_operators']) retrieved from /home/airflow/.local/lib/python3.8/site-packages/airflow/example_dags/example_xcomargs.py
[2021-02-07 22:23:48,159] {logging_mixin.py:104} INFO - [2021-02-07 22:23:48,159] {dag.py:1818} INFO - Sync 2 DAGs
[2021-02-07 22:23:48,202] {logging_mixin.py:104} INFO - [2021-02-07 22:23:48,201] {dag.py:2273} INFO - Setting next_dagrun for example_xcom_args to None
[2021-02-07 22:23:48,208] {logging_mixin.py:104} INFO - [2021-02-07 22:23:48,208] {dag.py:2273} INFO - Setting next_dagrun for example_xcom_args_with_operators to None
[2021-02-07 22:23:48,363] {scheduler_job.py:189} INFO - Processing /home/airflow/.local/lib/python3.8/site-packages/airflow/example_dags/example_xcomargs.py took 0.487 seconds
[2021-02-07 22:24:20,874] {scheduler_job.py:181} INFO - Started process (PID=1501) to work on /home/airflow/.local/lib/python3.8/site-packages/airflow/example_dags/example_xcomargs.py
[2021-02-07 22:24:20,879] {scheduler_job.py:627} INFO - Processing file /home/airflow/.local/lib/python3.8/site-packages/airflow/example_dags/example_xcomargs.py for tasks to queue
[2021-02-07 22:24:20,882] {logging_mixin.py:104} INFO - [2021-02-07 22:24:20,882] {dagbag.py:449} INFO - Filling up the DagBag from /home/airflow/.local/lib/python3.8/site-packages/airflow/example_dags/example_xcomargs.py
[2021-02-07 22:24:20,920] {scheduler_job.py:637} INFO - DAG(s) dict_keys(['example_xcom_args', 'example_xcom_args_with_operators']) retrieved from /home/airflow/.local/lib/python3.8/site-packages/airflow/example_dags/example_xcomargs.py
[2021-02-07 22:24:21,009] {logging_mixin.py:104} INFO - [2021-02-07 22:24:21,009] {dag.py:1818} INFO - Sync 2 DAGs
[2021-02-07 22:24:21,046] {logging_mixin.py:104} INFO - [2021-02-07 22:24:21,046] {dag.py:2273} INFO - Setting next_dagrun for example_xcom_args to None
[2021-02-07 22:24:21,055] {logging_mixin.py:104} INFO - [2021-02-07 22:24:21,055] {dag.py:2273} INFO - Setting next_dagrun for example_xcom_args_with_operators to None
[2021-02-07 22:24:21,120] {scheduler_job.py:189} INFO - Processing /home/airflow/.local/lib/python3.8/site-packages/airflow/example_dags/example_xcomargs.py took 0.252 seconds
[2021-02-07 22:24:51,254] {scheduler_job.py:181} INFO - Started process (PID=1527) to work on /home/airflow/.local/lib/python3.8/site-packages/airflow/example_dags/example_xcomargs.py
[2021-02-07 22:24:51,257] {scheduler_job.py:627} INFO - Processing file /home/airflow/.local/lib/python3.8/site-packages/airflow/example_dags/example_xcomargs.py for tasks to queue
[2021-02-07 22:24:51,260] {logging_mixin.py:104} INFO - [2021-02-07 22:24:51,259] {dagbag.py:449} INFO - Filling up the DagBag from /home/airflow/.local/lib/python3.8/site-packages/airflow/example_dags/example_xcomargs.py
[2021-02-07 22:24:51,292] {scheduler_job.py:637} INFO - DAG(s) dict_keys(['example_xcom_args', 'example_xcom_args_with_operators']) retrieved from /home/airflow/.local/lib/python3.8/site-packages/airflow/example_dags/example_xcomargs.py
[2021-02-07 22:24:51,349] {logging_mixin.py:104} INFO - [2021-02-07 22:24:51,349] {dag.py:1818} INFO - Sync 2 DAGs
[2021-02-07 22:24:51,377] {logging_mixin.py:104} INFO - [2021-02-07 22:24:51,377] {dag.py:2273} INFO - Setting next_dagrun for example_xcom_args to None
[2021-02-07 22:24:51,381] {logging_mixin.py:104} INFO - [2021-02-07 22:24:51,381] {dag.py:2273} INFO - Setting next_dagrun for example_xcom_args_with_operators to None
[2021-02-07 22:24:51,404] {scheduler_job.py:189} INFO - Processing /home/airflow/.local/lib/python3.8/site-packages/airflow/example_dags/example_xcomargs.py took 0.155 seconds
[2021-02-07 22:25:21,489] {scheduler_job.py:181} INFO - Started process (PID=1553) to work on /home/airflow/.local/lib/python3.8/site-packages/airflow/example_dags/example_xcomargs.py
[2021-02-07 22:25:21,492] {scheduler_job.py:627} INFO - Processing file /home/airflow/.local/lib/python3.8/site-packages/airflow/example_dags/example_xcomargs.py for tasks to queue
[2021-02-07 22:25:21,496] {logging_mixin.py:104} INFO - [2021-02-07 22:25:21,496] {dagbag.py:449} INFO - Filling up the DagBag from /home/airflow/.local/lib/python3.8/site-packages/airflow/example_dags/example_xcomargs.py
[2021-02-07 22:25:21,528] {scheduler_job.py:637} INFO - DAG(s) dict_keys(['example_xcom_args', 'example_xcom_args_with_operators']) retrieved from /home/airflow/.local/lib/python3.8/site-packages/airflow/example_dags/example_xcomargs.py
[2021-02-07 22:25:21,608] {logging_mixin.py:104} INFO - [2021-02-07 22:25:21,608] {dag.py:1818} INFO - Sync 2 DAGs
[2021-02-07 22:25:21,640] {logging_mixin.py:104} INFO - [2021-02-07 22:25:21,640] {dag.py:2273} INFO - Setting next_dagrun for example_xcom_args to None
[2021-02-07 22:25:21,643] {logging_mixin.py:104} INFO - [2021-02-07 22:25:21,643] {dag.py:2273} INFO - Setting next_dagrun for example_xcom_args_with_operators to None
[2021-02-07 22:25:21,670] {scheduler_job.py:189} INFO - Processing /home/airflow/.local/lib/python3.8/site-packages/airflow/example_dags/example_xcomargs.py took 0.186 seconds
[2021-02-07 22:25:52,442] {scheduler_job.py:181} INFO - Started process (PID=1579) to work on /home/airflow/.local/lib/python3.8/site-packages/airflow/example_dags/example_xcomargs.py
[2021-02-07 22:25:52,445] {scheduler_job.py:627} INFO - Processing file /home/airflow/.local/lib/python3.8/site-packages/airflow/example_dags/example_xcomargs.py for tasks to queue
[2021-02-07 22:25:52,446] {logging_mixin.py:104} INFO - [2021-02-07 22:25:52,446] {dagbag.py:449} INFO - Filling up the DagBag from /home/airflow/.local/lib/python3.8/site-packages/airflow/example_dags/example_xcomargs.py
[2021-02-07 22:25:52,462] {scheduler_job.py:637} INFO - DAG(s) dict_keys(['example_xcom_args', 'example_xcom_args_with_operators']) retrieved from /home/airflow/.local/lib/python3.8/site-packages/airflow/example_dags/example_xcomargs.py
[2021-02-07 22:25:52,499] {logging_mixin.py:104} INFO - [2021-02-07 22:25:52,499] {dag.py:1818} INFO - Sync 2 DAGs
[2021-02-07 22:25:52,519] {logging_mixin.py:104} INFO - [2021-02-07 22:25:52,519] {dag.py:2273} INFO - Setting next_dagrun for example_xcom_args to None
[2021-02-07 22:25:52,521] {logging_mixin.py:104} INFO - [2021-02-07 22:25:52,521] {dag.py:2273} INFO - Setting next_dagrun for example_xcom_args_with_operators to None
[2021-02-07 22:25:52,544] {scheduler_job.py:189} INFO - Processing /home/airflow/.local/lib/python3.8/site-packages/airflow/example_dags/example_xcomargs.py took 0.106 seconds
[2021-02-07 23:26:17,382] {scheduler_job.py:181} INFO - Started process (PID=1600) to work on /home/airflow/.local/lib/python3.8/site-packages/airflow/example_dags/example_xcomargs.py
[2021-02-07 23:26:17,384] {scheduler_job.py:627} INFO - Processing file /home/airflow/.local/lib/python3.8/site-packages/airflow/example_dags/example_xcomargs.py for tasks to queue
[2021-02-07 23:26:17,386] {logging_mixin.py:104} INFO - [2021-02-07 23:26:17,386] {dagbag.py:449} INFO - Filling up the DagBag from /home/airflow/.local/lib/python3.8/site-packages/airflow/example_dags/example_xcomargs.py
[2021-02-07 23:26:17,401] {scheduler_job.py:637} INFO - DAG(s) dict_keys(['example_xcom_args', 'example_xcom_args_with_operators']) retrieved from /home/airflow/.local/lib/python3.8/site-packages/airflow/example_dags/example_xcomargs.py
[2021-02-07 23:26:17,437] {logging_mixin.py:104} INFO - [2021-02-07 23:26:17,437] {dag.py:1818} INFO - Sync 2 DAGs
[2021-02-07 23:26:17,454] {logging_mixin.py:104} INFO - [2021-02-07 23:26:17,454] {dag.py:2273} INFO - Setting next_dagrun for example_xcom_args to None
[2021-02-07 23:26:17,456] {logging_mixin.py:104} INFO - [2021-02-07 23:26:17,456] {dag.py:2273} INFO - Setting next_dagrun for example_xcom_args_with_operators to None
[2021-02-07 23:26:17,473] {scheduler_job.py:189} INFO - Processing /home/airflow/.local/lib/python3.8/site-packages/airflow/example_dags/example_xcomargs.py took 0.094 seconds
