[2021-02-07 14:47:38,619] {scheduler_job.py:181} INFO - Started process (PID=32) to work on /home/airflow/.local/lib/python3.8/site-packages/airflow/example_dags/example_dag_decorator.py
[2021-02-07 14:47:38,723] {scheduler_job.py:627} INFO - Processing file /home/airflow/.local/lib/python3.8/site-packages/airflow/example_dags/example_dag_decorator.py for tasks to queue
[2021-02-07 14:47:38,725] {logging_mixin.py:104} INFO - [2021-02-07 14:47:38,724] {dagbag.py:449} INFO - Filling up the DagBag from /home/airflow/.local/lib/python3.8/site-packages/airflow/example_dags/example_dag_decorator.py
[2021-02-07 14:47:38,758] {scheduler_job.py:637} INFO - DAG(s) dict_keys(['example_dag_decorator']) retrieved from /home/airflow/.local/lib/python3.8/site-packages/airflow/example_dags/example_dag_decorator.py
[2021-02-07 14:47:38,800] {logging_mixin.py:104} INFO - [2021-02-07 14:47:38,800] {dag.py:1818} INFO - Sync 1 DAGs
[2021-02-07 14:47:38,813] {logging_mixin.py:104} INFO - [2021-02-07 14:47:38,813] {dag.py:1837} INFO - Creating ORM DAG for example_dag_decorator
[2021-02-07 14:47:38,823] {logging_mixin.py:104} INFO - [2021-02-07 14:47:38,823] {dag.py:2273} INFO - Setting next_dagrun for example_dag_decorator to None
[2021-02-07 14:47:38,848] {scheduler_job.py:189} INFO - Processing /home/airflow/.local/lib/python3.8/site-packages/airflow/example_dags/example_dag_decorator.py took 0.239 seconds
[2021-02-07 14:48:11,544] {scheduler_job.py:181} INFO - Started process (PID=63) to work on /home/airflow/.local/lib/python3.8/site-packages/airflow/example_dags/example_dag_decorator.py
[2021-02-07 14:48:11,547] {scheduler_job.py:627} INFO - Processing file /home/airflow/.local/lib/python3.8/site-packages/airflow/example_dags/example_dag_decorator.py for tasks to queue
[2021-02-07 14:48:11,549] {logging_mixin.py:104} INFO - [2021-02-07 14:48:11,549] {dagbag.py:449} INFO - Filling up the DagBag from /home/airflow/.local/lib/python3.8/site-packages/airflow/example_dags/example_dag_decorator.py
[2021-02-07 14:48:11,569] {scheduler_job.py:637} INFO - DAG(s) dict_keys(['example_dag_decorator']) retrieved from /home/airflow/.local/lib/python3.8/site-packages/airflow/example_dags/example_dag_decorator.py
[2021-02-07 14:48:11,615] {logging_mixin.py:104} INFO - [2021-02-07 14:48:11,615] {dag.py:1818} INFO - Sync 1 DAGs
[2021-02-07 14:48:11,641] {logging_mixin.py:104} INFO - [2021-02-07 14:48:11,640] {dag.py:2273} INFO - Setting next_dagrun for example_dag_decorator to None
[2021-02-07 14:48:11,664] {scheduler_job.py:189} INFO - Processing /home/airflow/.local/lib/python3.8/site-packages/airflow/example_dags/example_dag_decorator.py took 0.125 seconds
[2021-02-07 15:04:17,969] {scheduler_job.py:181} INFO - Started process (PID=29) to work on /home/airflow/.local/lib/python3.8/site-packages/airflow/example_dags/example_dag_decorator.py
[2021-02-07 15:04:17,984] {scheduler_job.py:627} INFO - Processing file /home/airflow/.local/lib/python3.8/site-packages/airflow/example_dags/example_dag_decorator.py for tasks to queue
[2021-02-07 15:04:17,987] {logging_mixin.py:104} INFO - [2021-02-07 15:04:17,987] {dagbag.py:449} INFO - Filling up the DagBag from /home/airflow/.local/lib/python3.8/site-packages/airflow/example_dags/example_dag_decorator.py
[2021-02-07 15:04:18,043] {scheduler_job.py:637} INFO - DAG(s) dict_keys(['example_dag_decorator']) retrieved from /home/airflow/.local/lib/python3.8/site-packages/airflow/example_dags/example_dag_decorator.py
[2021-02-07 15:04:18,235] {logging_mixin.py:104} INFO - [2021-02-07 15:04:18,235] {dag.py:1818} INFO - Sync 1 DAGs
[2021-02-07 15:04:18,294] {logging_mixin.py:104} INFO - [2021-02-07 15:04:18,294] {dag.py:2273} INFO - Setting next_dagrun for example_dag_decorator to None
[2021-02-07 15:04:18,445] {scheduler_job.py:189} INFO - Processing /home/airflow/.local/lib/python3.8/site-packages/airflow/example_dags/example_dag_decorator.py took 0.483 seconds
[2021-02-07 15:04:51,671] {scheduler_job.py:181} INFO - Started process (PID=55) to work on /home/airflow/.local/lib/python3.8/site-packages/airflow/example_dags/example_dag_decorator.py
[2021-02-07 15:04:51,696] {scheduler_job.py:627} INFO - Processing file /home/airflow/.local/lib/python3.8/site-packages/airflow/example_dags/example_dag_decorator.py for tasks to queue
[2021-02-07 15:04:51,705] {logging_mixin.py:104} INFO - [2021-02-07 15:04:51,704] {dagbag.py:449} INFO - Filling up the DagBag from /home/airflow/.local/lib/python3.8/site-packages/airflow/example_dags/example_dag_decorator.py
[2021-02-07 15:04:51,847] {scheduler_job.py:637} INFO - DAG(s) dict_keys(['example_dag_decorator']) retrieved from /home/airflow/.local/lib/python3.8/site-packages/airflow/example_dags/example_dag_decorator.py
[2021-02-07 15:04:52,459] {logging_mixin.py:104} INFO - [2021-02-07 15:04:52,458] {dag.py:1818} INFO - Sync 1 DAGs
[2021-02-07 15:04:52,718] {logging_mixin.py:104} INFO - [2021-02-07 15:04:52,709] {dag.py:2273} INFO - Setting next_dagrun for example_dag_decorator to None
[2021-02-07 15:04:52,916] {scheduler_job.py:189} INFO - Processing /home/airflow/.local/lib/python3.8/site-packages/airflow/example_dags/example_dag_decorator.py took 1.281 seconds
[2021-02-07 15:05:30,579] {scheduler_job.py:181} INFO - Started process (PID=81) to work on /home/airflow/.local/lib/python3.8/site-packages/airflow/example_dags/example_dag_decorator.py
[2021-02-07 15:05:30,653] {scheduler_job.py:627} INFO - Processing file /home/airflow/.local/lib/python3.8/site-packages/airflow/example_dags/example_dag_decorator.py for tasks to queue
[2021-02-07 15:05:30,686] {logging_mixin.py:104} INFO - [2021-02-07 15:05:30,684] {dagbag.py:449} INFO - Filling up the DagBag from /home/airflow/.local/lib/python3.8/site-packages/airflow/example_dags/example_dag_decorator.py
[2021-02-07 15:05:31,117] {scheduler_job.py:637} INFO - DAG(s) dict_keys(['example_dag_decorator']) retrieved from /home/airflow/.local/lib/python3.8/site-packages/airflow/example_dags/example_dag_decorator.py
[2021-02-07 15:05:31,750] {logging_mixin.py:104} INFO - [2021-02-07 15:05:31,750] {dag.py:1818} INFO - Sync 1 DAGs
[2021-02-07 15:05:32,010] {logging_mixin.py:104} INFO - [2021-02-07 15:05:32,009] {dag.py:2273} INFO - Setting next_dagrun for example_dag_decorator to None
[2021-02-07 15:05:32,176] {scheduler_job.py:189} INFO - Processing /home/airflow/.local/lib/python3.8/site-packages/airflow/example_dags/example_dag_decorator.py took 1.708 seconds
[2021-02-07 15:06:03,000] {scheduler_job.py:181} INFO - Started process (PID=108) to work on /home/airflow/.local/lib/python3.8/site-packages/airflow/example_dags/example_dag_decorator.py
[2021-02-07 15:06:03,007] {scheduler_job.py:627} INFO - Processing file /home/airflow/.local/lib/python3.8/site-packages/airflow/example_dags/example_dag_decorator.py for tasks to queue
[2021-02-07 15:06:03,012] {logging_mixin.py:104} INFO - [2021-02-07 15:06:03,011] {dagbag.py:449} INFO - Filling up the DagBag from /home/airflow/.local/lib/python3.8/site-packages/airflow/example_dags/example_dag_decorator.py
[2021-02-07 15:06:03,055] {scheduler_job.py:637} INFO - DAG(s) dict_keys(['example_dag_decorator']) retrieved from /home/airflow/.local/lib/python3.8/site-packages/airflow/example_dags/example_dag_decorator.py
[2021-02-07 15:06:03,122] {logging_mixin.py:104} INFO - [2021-02-07 15:06:03,122] {dag.py:1818} INFO - Sync 1 DAGs
[2021-02-07 15:06:03,149] {logging_mixin.py:104} INFO - [2021-02-07 15:06:03,149] {dag.py:2273} INFO - Setting next_dagrun for example_dag_decorator to None
[2021-02-07 15:06:03,168] {scheduler_job.py:189} INFO - Processing /home/airflow/.local/lib/python3.8/site-packages/airflow/example_dags/example_dag_decorator.py took 0.186 seconds
[2021-02-07 15:06:33,254] {scheduler_job.py:181} INFO - Started process (PID=134) to work on /home/airflow/.local/lib/python3.8/site-packages/airflow/example_dags/example_dag_decorator.py
[2021-02-07 15:06:33,257] {scheduler_job.py:627} INFO - Processing file /home/airflow/.local/lib/python3.8/site-packages/airflow/example_dags/example_dag_decorator.py for tasks to queue
[2021-02-07 15:06:33,258] {logging_mixin.py:104} INFO - [2021-02-07 15:06:33,258] {dagbag.py:449} INFO - Filling up the DagBag from /home/airflow/.local/lib/python3.8/site-packages/airflow/example_dags/example_dag_decorator.py
[2021-02-07 15:06:33,278] {scheduler_job.py:637} INFO - DAG(s) dict_keys(['example_dag_decorator']) retrieved from /home/airflow/.local/lib/python3.8/site-packages/airflow/example_dags/example_dag_decorator.py
[2021-02-07 15:06:33,312] {logging_mixin.py:104} INFO - [2021-02-07 15:06:33,312] {dag.py:1818} INFO - Sync 1 DAGs
[2021-02-07 15:06:33,327] {logging_mixin.py:104} INFO - [2021-02-07 15:06:33,327] {dag.py:2273} INFO - Setting next_dagrun for example_dag_decorator to None
[2021-02-07 15:06:33,342] {scheduler_job.py:189} INFO - Processing /home/airflow/.local/lib/python3.8/site-packages/airflow/example_dags/example_dag_decorator.py took 0.091 seconds
[2021-02-07 15:07:03,585] {scheduler_job.py:181} INFO - Started process (PID=160) to work on /home/airflow/.local/lib/python3.8/site-packages/airflow/example_dags/example_dag_decorator.py
[2021-02-07 15:07:03,592] {scheduler_job.py:627} INFO - Processing file /home/airflow/.local/lib/python3.8/site-packages/airflow/example_dags/example_dag_decorator.py for tasks to queue
[2021-02-07 15:07:03,595] {logging_mixin.py:104} INFO - [2021-02-07 15:07:03,595] {dagbag.py:449} INFO - Filling up the DagBag from /home/airflow/.local/lib/python3.8/site-packages/airflow/example_dags/example_dag_decorator.py
[2021-02-07 15:07:03,620] {scheduler_job.py:637} INFO - DAG(s) dict_keys(['example_dag_decorator']) retrieved from /home/airflow/.local/lib/python3.8/site-packages/airflow/example_dags/example_dag_decorator.py
[2021-02-07 15:07:03,648] {logging_mixin.py:104} INFO - [2021-02-07 15:07:03,648] {dag.py:1818} INFO - Sync 1 DAGs
[2021-02-07 15:07:03,666] {logging_mixin.py:104} INFO - [2021-02-07 15:07:03,666] {dag.py:2273} INFO - Setting next_dagrun for example_dag_decorator to None
[2021-02-07 15:07:03,680] {scheduler_job.py:189} INFO - Processing /home/airflow/.local/lib/python3.8/site-packages/airflow/example_dags/example_dag_decorator.py took 0.102 seconds
[2021-02-07 15:07:33,880] {scheduler_job.py:181} INFO - Started process (PID=186) to work on /home/airflow/.local/lib/python3.8/site-packages/airflow/example_dags/example_dag_decorator.py
[2021-02-07 15:07:33,881] {scheduler_job.py:627} INFO - Processing file /home/airflow/.local/lib/python3.8/site-packages/airflow/example_dags/example_dag_decorator.py for tasks to queue
[2021-02-07 15:07:33,883] {logging_mixin.py:104} INFO - [2021-02-07 15:07:33,883] {dagbag.py:449} INFO - Filling up the DagBag from /home/airflow/.local/lib/python3.8/site-packages/airflow/example_dags/example_dag_decorator.py
[2021-02-07 15:07:33,900] {scheduler_job.py:637} INFO - DAG(s) dict_keys(['example_dag_decorator']) retrieved from /home/airflow/.local/lib/python3.8/site-packages/airflow/example_dags/example_dag_decorator.py
[2021-02-07 15:07:33,926] {logging_mixin.py:104} INFO - [2021-02-07 15:07:33,925] {dag.py:1818} INFO - Sync 1 DAGs
[2021-02-07 15:07:33,939] {logging_mixin.py:104} INFO - [2021-02-07 15:07:33,939] {dag.py:2273} INFO - Setting next_dagrun for example_dag_decorator to None
[2021-02-07 15:07:33,952] {scheduler_job.py:189} INFO - Processing /home/airflow/.local/lib/python3.8/site-packages/airflow/example_dags/example_dag_decorator.py took 0.077 seconds
[2021-02-07 15:08:04,132] {scheduler_job.py:181} INFO - Started process (PID=212) to work on /home/airflow/.local/lib/python3.8/site-packages/airflow/example_dags/example_dag_decorator.py
[2021-02-07 15:08:04,133] {scheduler_job.py:627} INFO - Processing file /home/airflow/.local/lib/python3.8/site-packages/airflow/example_dags/example_dag_decorator.py for tasks to queue
[2021-02-07 15:08:04,135] {logging_mixin.py:104} INFO - [2021-02-07 15:08:04,135] {dagbag.py:449} INFO - Filling up the DagBag from /home/airflow/.local/lib/python3.8/site-packages/airflow/example_dags/example_dag_decorator.py
[2021-02-07 15:08:04,154] {scheduler_job.py:637} INFO - DAG(s) dict_keys(['example_dag_decorator']) retrieved from /home/airflow/.local/lib/python3.8/site-packages/airflow/example_dags/example_dag_decorator.py
[2021-02-07 15:08:04,181] {logging_mixin.py:104} INFO - [2021-02-07 15:08:04,181] {dag.py:1818} INFO - Sync 1 DAGs
[2021-02-07 15:08:04,195] {logging_mixin.py:104} INFO - [2021-02-07 15:08:04,195] {dag.py:2273} INFO - Setting next_dagrun for example_dag_decorator to None
[2021-02-07 15:08:04,210] {scheduler_job.py:189} INFO - Processing /home/airflow/.local/lib/python3.8/site-packages/airflow/example_dags/example_dag_decorator.py took 0.082 seconds
[2021-02-07 15:08:34,478] {scheduler_job.py:181} INFO - Started process (PID=238) to work on /home/airflow/.local/lib/python3.8/site-packages/airflow/example_dags/example_dag_decorator.py
[2021-02-07 15:08:34,480] {scheduler_job.py:627} INFO - Processing file /home/airflow/.local/lib/python3.8/site-packages/airflow/example_dags/example_dag_decorator.py for tasks to queue
[2021-02-07 15:08:34,481] {logging_mixin.py:104} INFO - [2021-02-07 15:08:34,481] {dagbag.py:449} INFO - Filling up the DagBag from /home/airflow/.local/lib/python3.8/site-packages/airflow/example_dags/example_dag_decorator.py
[2021-02-07 15:08:34,502] {scheduler_job.py:637} INFO - DAG(s) dict_keys(['example_dag_decorator']) retrieved from /home/airflow/.local/lib/python3.8/site-packages/airflow/example_dags/example_dag_decorator.py
[2021-02-07 15:08:34,530] {logging_mixin.py:104} INFO - [2021-02-07 15:08:34,530] {dag.py:1818} INFO - Sync 1 DAGs
[2021-02-07 15:08:34,544] {logging_mixin.py:104} INFO - [2021-02-07 15:08:34,543] {dag.py:2273} INFO - Setting next_dagrun for example_dag_decorator to None
[2021-02-07 15:08:34,557] {scheduler_job.py:189} INFO - Processing /home/airflow/.local/lib/python3.8/site-packages/airflow/example_dags/example_dag_decorator.py took 0.084 seconds
[2021-02-07 15:09:04,677] {scheduler_job.py:181} INFO - Started process (PID=264) to work on /home/airflow/.local/lib/python3.8/site-packages/airflow/example_dags/example_dag_decorator.py
[2021-02-07 15:09:04,679] {scheduler_job.py:627} INFO - Processing file /home/airflow/.local/lib/python3.8/site-packages/airflow/example_dags/example_dag_decorator.py for tasks to queue
[2021-02-07 15:09:04,681] {logging_mixin.py:104} INFO - [2021-02-07 15:09:04,681] {dagbag.py:449} INFO - Filling up the DagBag from /home/airflow/.local/lib/python3.8/site-packages/airflow/example_dags/example_dag_decorator.py
[2021-02-07 15:09:04,700] {scheduler_job.py:637} INFO - DAG(s) dict_keys(['example_dag_decorator']) retrieved from /home/airflow/.local/lib/python3.8/site-packages/airflow/example_dags/example_dag_decorator.py
[2021-02-07 15:09:04,727] {logging_mixin.py:104} INFO - [2021-02-07 15:09:04,727] {dag.py:1818} INFO - Sync 1 DAGs
[2021-02-07 15:09:04,741] {logging_mixin.py:104} INFO - [2021-02-07 15:09:04,741] {dag.py:2273} INFO - Setting next_dagrun for example_dag_decorator to None
[2021-02-07 15:09:04,753] {scheduler_job.py:189} INFO - Processing /home/airflow/.local/lib/python3.8/site-packages/airflow/example_dags/example_dag_decorator.py took 0.080 seconds
[2021-02-07 15:09:35,122] {scheduler_job.py:181} INFO - Started process (PID=290) to work on /home/airflow/.local/lib/python3.8/site-packages/airflow/example_dags/example_dag_decorator.py
[2021-02-07 15:09:35,124] {scheduler_job.py:627} INFO - Processing file /home/airflow/.local/lib/python3.8/site-packages/airflow/example_dags/example_dag_decorator.py for tasks to queue
[2021-02-07 15:09:35,125] {logging_mixin.py:104} INFO - [2021-02-07 15:09:35,125] {dagbag.py:449} INFO - Filling up the DagBag from /home/airflow/.local/lib/python3.8/site-packages/airflow/example_dags/example_dag_decorator.py
[2021-02-07 15:09:35,146] {scheduler_job.py:637} INFO - DAG(s) dict_keys(['example_dag_decorator']) retrieved from /home/airflow/.local/lib/python3.8/site-packages/airflow/example_dags/example_dag_decorator.py
[2021-02-07 15:09:35,185] {logging_mixin.py:104} INFO - [2021-02-07 15:09:35,185] {dag.py:1818} INFO - Sync 1 DAGs
[2021-02-07 15:09:35,209] {logging_mixin.py:104} INFO - [2021-02-07 15:09:35,209] {dag.py:2273} INFO - Setting next_dagrun for example_dag_decorator to None
[2021-02-07 15:09:35,228] {scheduler_job.py:189} INFO - Processing /home/airflow/.local/lib/python3.8/site-packages/airflow/example_dags/example_dag_decorator.py took 0.114 seconds
[2021-02-07 15:10:05,797] {scheduler_job.py:181} INFO - Started process (PID=316) to work on /home/airflow/.local/lib/python3.8/site-packages/airflow/example_dags/example_dag_decorator.py
[2021-02-07 15:10:05,802] {scheduler_job.py:627} INFO - Processing file /home/airflow/.local/lib/python3.8/site-packages/airflow/example_dags/example_dag_decorator.py for tasks to queue
[2021-02-07 15:10:05,806] {logging_mixin.py:104} INFO - [2021-02-07 15:10:05,806] {dagbag.py:449} INFO - Filling up the DagBag from /home/airflow/.local/lib/python3.8/site-packages/airflow/example_dags/example_dag_decorator.py
[2021-02-07 15:10:05,852] {scheduler_job.py:637} INFO - DAG(s) dict_keys(['example_dag_decorator']) retrieved from /home/airflow/.local/lib/python3.8/site-packages/airflow/example_dags/example_dag_decorator.py
[2021-02-07 15:10:05,897] {logging_mixin.py:104} INFO - [2021-02-07 15:10:05,897] {dag.py:1818} INFO - Sync 1 DAGs
[2021-02-07 15:10:05,930] {logging_mixin.py:104} INFO - [2021-02-07 15:10:05,930] {dag.py:2273} INFO - Setting next_dagrun for example_dag_decorator to None
[2021-02-07 15:10:05,960] {scheduler_job.py:189} INFO - Processing /home/airflow/.local/lib/python3.8/site-packages/airflow/example_dags/example_dag_decorator.py took 0.173 seconds
[2021-02-07 15:11:36,244] {scheduler_job.py:181} INFO - Started process (PID=335) to work on /home/airflow/.local/lib/python3.8/site-packages/airflow/example_dags/example_dag_decorator.py
[2021-02-07 15:11:36,255] {scheduler_job.py:627} INFO - Processing file /home/airflow/.local/lib/python3.8/site-packages/airflow/example_dags/example_dag_decorator.py for tasks to queue
[2021-02-07 15:11:36,263] {logging_mixin.py:104} INFO - [2021-02-07 15:11:36,262] {dagbag.py:449} INFO - Filling up the DagBag from /home/airflow/.local/lib/python3.8/site-packages/airflow/example_dags/example_dag_decorator.py
[2021-02-07 15:11:36,453] {scheduler_job.py:637} INFO - DAG(s) dict_keys(['example_dag_decorator']) retrieved from /home/airflow/.local/lib/python3.8/site-packages/airflow/example_dags/example_dag_decorator.py
[2021-02-07 15:11:36,728] {logging_mixin.py:104} INFO - [2021-02-07 15:11:36,726] {dag.py:1818} INFO - Sync 1 DAGs
[2021-02-07 15:11:36,858] {logging_mixin.py:104} INFO - [2021-02-07 15:11:36,857] {dag.py:2273} INFO - Setting next_dagrun for example_dag_decorator to None
[2021-02-07 15:11:36,958] {scheduler_job.py:189} INFO - Processing /home/airflow/.local/lib/python3.8/site-packages/airflow/example_dags/example_dag_decorator.py took 0.738 seconds
[2021-02-07 19:10:19,758] {scheduler_job.py:181} INFO - Started process (PID=361) to work on /home/airflow/.local/lib/python3.8/site-packages/airflow/example_dags/example_dag_decorator.py
[2021-02-07 19:10:19,765] {scheduler_job.py:627} INFO - Processing file /home/airflow/.local/lib/python3.8/site-packages/airflow/example_dags/example_dag_decorator.py for tasks to queue
[2021-02-07 19:10:19,768] {logging_mixin.py:104} INFO - [2021-02-07 19:10:19,768] {dagbag.py:449} INFO - Filling up the DagBag from /home/airflow/.local/lib/python3.8/site-packages/airflow/example_dags/example_dag_decorator.py
[2021-02-07 19:10:19,814] {scheduler_job.py:637} INFO - DAG(s) dict_keys(['example_dag_decorator']) retrieved from /home/airflow/.local/lib/python3.8/site-packages/airflow/example_dags/example_dag_decorator.py
[2021-02-07 19:10:19,852] {logging_mixin.py:104} INFO - [2021-02-07 19:10:19,852] {dag.py:1818} INFO - Sync 1 DAGs
[2021-02-07 19:10:19,877] {logging_mixin.py:104} INFO - [2021-02-07 19:10:19,877] {dag.py:2273} INFO - Setting next_dagrun for example_dag_decorator to None
[2021-02-07 19:10:19,904] {scheduler_job.py:189} INFO - Processing /home/airflow/.local/lib/python3.8/site-packages/airflow/example_dags/example_dag_decorator.py took 0.151 seconds
[2021-02-07 21:10:33,804] {scheduler_job.py:181} INFO - Started process (PID=387) to work on /home/airflow/.local/lib/python3.8/site-packages/airflow/example_dags/example_dag_decorator.py
[2021-02-07 21:10:33,814] {scheduler_job.py:627} INFO - Processing file /home/airflow/.local/lib/python3.8/site-packages/airflow/example_dags/example_dag_decorator.py for tasks to queue
[2021-02-07 21:10:33,820] {logging_mixin.py:104} INFO - [2021-02-07 21:10:33,819] {dagbag.py:449} INFO - Filling up the DagBag from /home/airflow/.local/lib/python3.8/site-packages/airflow/example_dags/example_dag_decorator.py
[2021-02-07 21:10:33,852] {scheduler_job.py:637} INFO - DAG(s) dict_keys(['example_dag_decorator']) retrieved from /home/airflow/.local/lib/python3.8/site-packages/airflow/example_dags/example_dag_decorator.py
[2021-02-07 21:10:33,895] {logging_mixin.py:104} INFO - [2021-02-07 21:10:33,895] {dag.py:1818} INFO - Sync 1 DAGs
[2021-02-07 21:10:33,917] {logging_mixin.py:104} INFO - [2021-02-07 21:10:33,917] {dag.py:2273} INFO - Setting next_dagrun for example_dag_decorator to None
[2021-02-07 21:10:33,944] {scheduler_job.py:189} INFO - Processing /home/airflow/.local/lib/python3.8/site-packages/airflow/example_dags/example_dag_decorator.py took 0.147 seconds
[2021-02-07 21:45:31,284] {scheduler_job.py:181} INFO - Started process (PID=413) to work on /home/airflow/.local/lib/python3.8/site-packages/airflow/example_dags/example_dag_decorator.py
[2021-02-07 21:45:31,294] {scheduler_job.py:627} INFO - Processing file /home/airflow/.local/lib/python3.8/site-packages/airflow/example_dags/example_dag_decorator.py for tasks to queue
[2021-02-07 21:45:31,296] {logging_mixin.py:104} INFO - [2021-02-07 21:45:31,296] {dagbag.py:449} INFO - Filling up the DagBag from /home/airflow/.local/lib/python3.8/site-packages/airflow/example_dags/example_dag_decorator.py
[2021-02-07 21:45:31,353] {scheduler_job.py:637} INFO - DAG(s) dict_keys(['example_dag_decorator']) retrieved from /home/airflow/.local/lib/python3.8/site-packages/airflow/example_dags/example_dag_decorator.py
[2021-02-07 21:45:31,457] {logging_mixin.py:104} INFO - [2021-02-07 21:45:31,456] {dag.py:1818} INFO - Sync 1 DAGs
[2021-02-07 21:45:31,587] {logging_mixin.py:104} INFO - [2021-02-07 21:45:31,587] {dag.py:2273} INFO - Setting next_dagrun for example_dag_decorator to None
[2021-02-07 21:45:31,639] {scheduler_job.py:189} INFO - Processing /home/airflow/.local/lib/python3.8/site-packages/airflow/example_dags/example_dag_decorator.py took 0.362 seconds
[2021-02-07 21:46:02,187] {scheduler_job.py:181} INFO - Started process (PID=440) to work on /home/airflow/.local/lib/python3.8/site-packages/airflow/example_dags/example_dag_decorator.py
[2021-02-07 21:46:02,194] {scheduler_job.py:627} INFO - Processing file /home/airflow/.local/lib/python3.8/site-packages/airflow/example_dags/example_dag_decorator.py for tasks to queue
[2021-02-07 21:46:02,196] {logging_mixin.py:104} INFO - [2021-02-07 21:46:02,196] {dagbag.py:449} INFO - Filling up the DagBag from /home/airflow/.local/lib/python3.8/site-packages/airflow/example_dags/example_dag_decorator.py
[2021-02-07 21:46:02,231] {scheduler_job.py:637} INFO - DAG(s) dict_keys(['example_dag_decorator']) retrieved from /home/airflow/.local/lib/python3.8/site-packages/airflow/example_dags/example_dag_decorator.py
[2021-02-07 21:46:02,299] {logging_mixin.py:104} INFO - [2021-02-07 21:46:02,299] {dag.py:1818} INFO - Sync 1 DAGs
[2021-02-07 21:46:02,331] {logging_mixin.py:104} INFO - [2021-02-07 21:46:02,331] {dag.py:2273} INFO - Setting next_dagrun for example_dag_decorator to None
[2021-02-07 21:46:02,356] {scheduler_job.py:189} INFO - Processing /home/airflow/.local/lib/python3.8/site-packages/airflow/example_dags/example_dag_decorator.py took 0.175 seconds
[2021-02-07 21:46:32,451] {scheduler_job.py:181} INFO - Started process (PID=466) to work on /home/airflow/.local/lib/python3.8/site-packages/airflow/example_dags/example_dag_decorator.py
[2021-02-07 21:46:32,456] {scheduler_job.py:627} INFO - Processing file /home/airflow/.local/lib/python3.8/site-packages/airflow/example_dags/example_dag_decorator.py for tasks to queue
[2021-02-07 21:46:32,462] {logging_mixin.py:104} INFO - [2021-02-07 21:46:32,461] {dagbag.py:449} INFO - Filling up the DagBag from /home/airflow/.local/lib/python3.8/site-packages/airflow/example_dags/example_dag_decorator.py
[2021-02-07 21:46:32,502] {scheduler_job.py:637} INFO - DAG(s) dict_keys(['example_dag_decorator']) retrieved from /home/airflow/.local/lib/python3.8/site-packages/airflow/example_dags/example_dag_decorator.py
[2021-02-07 21:46:32,565] {logging_mixin.py:104} INFO - [2021-02-07 21:46:32,565] {dag.py:1818} INFO - Sync 1 DAGs
[2021-02-07 21:46:32,583] {logging_mixin.py:104} INFO - [2021-02-07 21:46:32,583] {dag.py:2273} INFO - Setting next_dagrun for example_dag_decorator to None
[2021-02-07 21:46:32,601] {scheduler_job.py:189} INFO - Processing /home/airflow/.local/lib/python3.8/site-packages/airflow/example_dags/example_dag_decorator.py took 0.162 seconds
[2021-02-07 21:47:06,991] {scheduler_job.py:181} INFO - Started process (PID=492) to work on /home/airflow/.local/lib/python3.8/site-packages/airflow/example_dags/example_dag_decorator.py
[2021-02-07 21:47:07,022] {scheduler_job.py:627} INFO - Processing file /home/airflow/.local/lib/python3.8/site-packages/airflow/example_dags/example_dag_decorator.py for tasks to queue
[2021-02-07 21:47:07,031] {logging_mixin.py:104} INFO - [2021-02-07 21:47:07,030] {dagbag.py:449} INFO - Filling up the DagBag from /home/airflow/.local/lib/python3.8/site-packages/airflow/example_dags/example_dag_decorator.py
[2021-02-07 21:47:07,296] {scheduler_job.py:637} INFO - DAG(s) dict_keys(['example_dag_decorator']) retrieved from /home/airflow/.local/lib/python3.8/site-packages/airflow/example_dags/example_dag_decorator.py
[2021-02-07 21:47:07,634] {logging_mixin.py:104} INFO - [2021-02-07 21:47:07,632] {dag.py:1818} INFO - Sync 1 DAGs
[2021-02-07 21:47:07,865] {logging_mixin.py:104} INFO - [2021-02-07 21:47:07,864] {dag.py:2273} INFO - Setting next_dagrun for example_dag_decorator to None
[2021-02-07 21:47:08,011] {scheduler_job.py:189} INFO - Processing /home/airflow/.local/lib/python3.8/site-packages/airflow/example_dags/example_dag_decorator.py took 1.056 seconds
[2021-02-07 21:47:38,482] {scheduler_job.py:181} INFO - Started process (PID=518) to work on /home/airflow/.local/lib/python3.8/site-packages/airflow/example_dags/example_dag_decorator.py
[2021-02-07 21:47:38,490] {scheduler_job.py:627} INFO - Processing file /home/airflow/.local/lib/python3.8/site-packages/airflow/example_dags/example_dag_decorator.py for tasks to queue
[2021-02-07 21:47:38,492] {logging_mixin.py:104} INFO - [2021-02-07 21:47:38,492] {dagbag.py:449} INFO - Filling up the DagBag from /home/airflow/.local/lib/python3.8/site-packages/airflow/example_dags/example_dag_decorator.py
[2021-02-07 21:47:38,529] {scheduler_job.py:637} INFO - DAG(s) dict_keys(['example_dag_decorator']) retrieved from /home/airflow/.local/lib/python3.8/site-packages/airflow/example_dags/example_dag_decorator.py
[2021-02-07 21:47:38,595] {logging_mixin.py:104} INFO - [2021-02-07 21:47:38,595] {dag.py:1818} INFO - Sync 1 DAGs
[2021-02-07 21:47:38,635] {logging_mixin.py:104} INFO - [2021-02-07 21:47:38,635] {dag.py:2273} INFO - Setting next_dagrun for example_dag_decorator to None
[2021-02-07 21:47:38,670] {scheduler_job.py:189} INFO - Processing /home/airflow/.local/lib/python3.8/site-packages/airflow/example_dags/example_dag_decorator.py took 0.195 seconds
[2021-02-07 21:48:09,144] {scheduler_job.py:181} INFO - Started process (PID=545) to work on /home/airflow/.local/lib/python3.8/site-packages/airflow/example_dags/example_dag_decorator.py
[2021-02-07 21:48:09,146] {scheduler_job.py:627} INFO - Processing file /home/airflow/.local/lib/python3.8/site-packages/airflow/example_dags/example_dag_decorator.py for tasks to queue
[2021-02-07 21:48:09,147] {logging_mixin.py:104} INFO - [2021-02-07 21:48:09,147] {dagbag.py:449} INFO - Filling up the DagBag from /home/airflow/.local/lib/python3.8/site-packages/airflow/example_dags/example_dag_decorator.py
[2021-02-07 21:48:09,165] {scheduler_job.py:637} INFO - DAG(s) dict_keys(['example_dag_decorator']) retrieved from /home/airflow/.local/lib/python3.8/site-packages/airflow/example_dags/example_dag_decorator.py
[2021-02-07 21:48:09,200] {logging_mixin.py:104} INFO - [2021-02-07 21:48:09,200] {dag.py:1818} INFO - Sync 1 DAGs
[2021-02-07 21:48:09,218] {logging_mixin.py:104} INFO - [2021-02-07 21:48:09,218] {dag.py:2273} INFO - Setting next_dagrun for example_dag_decorator to None
[2021-02-07 21:48:09,237] {scheduler_job.py:189} INFO - Processing /home/airflow/.local/lib/python3.8/site-packages/airflow/example_dags/example_dag_decorator.py took 0.097 seconds
[2021-02-07 21:48:39,437] {scheduler_job.py:181} INFO - Started process (PID=571) to work on /home/airflow/.local/lib/python3.8/site-packages/airflow/example_dags/example_dag_decorator.py
[2021-02-07 21:48:39,444] {scheduler_job.py:627} INFO - Processing file /home/airflow/.local/lib/python3.8/site-packages/airflow/example_dags/example_dag_decorator.py for tasks to queue
[2021-02-07 21:48:39,454] {logging_mixin.py:104} INFO - [2021-02-07 21:48:39,454] {dagbag.py:449} INFO - Filling up the DagBag from /home/airflow/.local/lib/python3.8/site-packages/airflow/example_dags/example_dag_decorator.py
[2021-02-07 21:48:39,560] {scheduler_job.py:637} INFO - DAG(s) dict_keys(['example_dag_decorator']) retrieved from /home/airflow/.local/lib/python3.8/site-packages/airflow/example_dags/example_dag_decorator.py
[2021-02-07 21:48:39,713] {logging_mixin.py:104} INFO - [2021-02-07 21:48:39,712] {dag.py:1818} INFO - Sync 1 DAGs
[2021-02-07 21:48:39,848] {logging_mixin.py:104} INFO - [2021-02-07 21:48:39,847] {dag.py:2273} INFO - Setting next_dagrun for example_dag_decorator to None
[2021-02-07 21:48:39,992] {scheduler_job.py:189} INFO - Processing /home/airflow/.local/lib/python3.8/site-packages/airflow/example_dags/example_dag_decorator.py took 0.571 seconds
[2021-02-07 21:49:10,153] {scheduler_job.py:181} INFO - Started process (PID=597) to work on /home/airflow/.local/lib/python3.8/site-packages/airflow/example_dags/example_dag_decorator.py
[2021-02-07 21:49:10,156] {scheduler_job.py:627} INFO - Processing file /home/airflow/.local/lib/python3.8/site-packages/airflow/example_dags/example_dag_decorator.py for tasks to queue
[2021-02-07 21:49:10,159] {logging_mixin.py:104} INFO - [2021-02-07 21:49:10,158] {dagbag.py:449} INFO - Filling up the DagBag from /home/airflow/.local/lib/python3.8/site-packages/airflow/example_dags/example_dag_decorator.py
[2021-02-07 21:49:10,178] {scheduler_job.py:637} INFO - DAG(s) dict_keys(['example_dag_decorator']) retrieved from /home/airflow/.local/lib/python3.8/site-packages/airflow/example_dags/example_dag_decorator.py
[2021-02-07 21:49:10,209] {logging_mixin.py:104} INFO - [2021-02-07 21:49:10,208] {dag.py:1818} INFO - Sync 1 DAGs
[2021-02-07 21:49:10,224] {logging_mixin.py:104} INFO - [2021-02-07 21:49:10,223] {dag.py:2273} INFO - Setting next_dagrun for example_dag_decorator to None
[2021-02-07 21:49:10,236] {scheduler_job.py:189} INFO - Processing /home/airflow/.local/lib/python3.8/site-packages/airflow/example_dags/example_dag_decorator.py took 0.088 seconds
[2021-02-07 21:49:40,917] {scheduler_job.py:181} INFO - Started process (PID=623) to work on /home/airflow/.local/lib/python3.8/site-packages/airflow/example_dags/example_dag_decorator.py
[2021-02-07 21:49:40,925] {scheduler_job.py:627} INFO - Processing file /home/airflow/.local/lib/python3.8/site-packages/airflow/example_dags/example_dag_decorator.py for tasks to queue
[2021-02-07 21:49:40,935] {logging_mixin.py:104} INFO - [2021-02-07 21:49:40,935] {dagbag.py:449} INFO - Filling up the DagBag from /home/airflow/.local/lib/python3.8/site-packages/airflow/example_dags/example_dag_decorator.py
[2021-02-07 21:49:41,072] {scheduler_job.py:637} INFO - DAG(s) dict_keys(['example_dag_decorator']) retrieved from /home/airflow/.local/lib/python3.8/site-packages/airflow/example_dags/example_dag_decorator.py
[2021-02-07 21:49:41,138] {logging_mixin.py:104} INFO - [2021-02-07 21:49:41,138] {dag.py:1818} INFO - Sync 1 DAGs
[2021-02-07 21:49:41,159] {logging_mixin.py:104} INFO - [2021-02-07 21:49:41,159] {dag.py:2273} INFO - Setting next_dagrun for example_dag_decorator to None
[2021-02-07 21:49:41,177] {scheduler_job.py:189} INFO - Processing /home/airflow/.local/lib/python3.8/site-packages/airflow/example_dags/example_dag_decorator.py took 0.286 seconds
[2021-02-07 21:50:11,462] {scheduler_job.py:181} INFO - Started process (PID=649) to work on /home/airflow/.local/lib/python3.8/site-packages/airflow/example_dags/example_dag_decorator.py
[2021-02-07 21:50:11,464] {scheduler_job.py:627} INFO - Processing file /home/airflow/.local/lib/python3.8/site-packages/airflow/example_dags/example_dag_decorator.py for tasks to queue
[2021-02-07 21:50:11,467] {logging_mixin.py:104} INFO - [2021-02-07 21:50:11,466] {dagbag.py:449} INFO - Filling up the DagBag from /home/airflow/.local/lib/python3.8/site-packages/airflow/example_dags/example_dag_decorator.py
[2021-02-07 21:50:11,495] {scheduler_job.py:637} INFO - DAG(s) dict_keys(['example_dag_decorator']) retrieved from /home/airflow/.local/lib/python3.8/site-packages/airflow/example_dags/example_dag_decorator.py
[2021-02-07 21:50:11,544] {logging_mixin.py:104} INFO - [2021-02-07 21:50:11,544] {dag.py:1818} INFO - Sync 1 DAGs
[2021-02-07 21:50:11,567] {logging_mixin.py:104} INFO - [2021-02-07 21:50:11,567] {dag.py:2273} INFO - Setting next_dagrun for example_dag_decorator to None
[2021-02-07 21:50:11,591] {scheduler_job.py:189} INFO - Processing /home/airflow/.local/lib/python3.8/site-packages/airflow/example_dags/example_dag_decorator.py took 0.135 seconds
[2021-02-07 21:50:42,337] {scheduler_job.py:181} INFO - Started process (PID=675) to work on /home/airflow/.local/lib/python3.8/site-packages/airflow/example_dags/example_dag_decorator.py
[2021-02-07 21:50:42,339] {scheduler_job.py:627} INFO - Processing file /home/airflow/.local/lib/python3.8/site-packages/airflow/example_dags/example_dag_decorator.py for tasks to queue
[2021-02-07 21:50:42,341] {logging_mixin.py:104} INFO - [2021-02-07 21:50:42,341] {dagbag.py:449} INFO - Filling up the DagBag from /home/airflow/.local/lib/python3.8/site-packages/airflow/example_dags/example_dag_decorator.py
[2021-02-07 21:50:42,360] {scheduler_job.py:637} INFO - DAG(s) dict_keys(['example_dag_decorator']) retrieved from /home/airflow/.local/lib/python3.8/site-packages/airflow/example_dags/example_dag_decorator.py
[2021-02-07 21:50:42,392] {logging_mixin.py:104} INFO - [2021-02-07 21:50:42,391] {dag.py:1818} INFO - Sync 1 DAGs
[2021-02-07 21:50:42,409] {logging_mixin.py:104} INFO - [2021-02-07 21:50:42,408] {dag.py:2273} INFO - Setting next_dagrun for example_dag_decorator to None
[2021-02-07 21:50:42,426] {scheduler_job.py:189} INFO - Processing /home/airflow/.local/lib/python3.8/site-packages/airflow/example_dags/example_dag_decorator.py took 0.093 seconds
[2021-02-07 21:51:12,925] {scheduler_job.py:181} INFO - Started process (PID=701) to work on /home/airflow/.local/lib/python3.8/site-packages/airflow/example_dags/example_dag_decorator.py
[2021-02-07 21:51:12,927] {scheduler_job.py:627} INFO - Processing file /home/airflow/.local/lib/python3.8/site-packages/airflow/example_dags/example_dag_decorator.py for tasks to queue
[2021-02-07 21:51:12,929] {logging_mixin.py:104} INFO - [2021-02-07 21:51:12,929] {dagbag.py:449} INFO - Filling up the DagBag from /home/airflow/.local/lib/python3.8/site-packages/airflow/example_dags/example_dag_decorator.py
[2021-02-07 21:51:12,949] {scheduler_job.py:637} INFO - DAG(s) dict_keys(['example_dag_decorator']) retrieved from /home/airflow/.local/lib/python3.8/site-packages/airflow/example_dags/example_dag_decorator.py
[2021-02-07 21:51:12,981] {logging_mixin.py:104} INFO - [2021-02-07 21:51:12,981] {dag.py:1818} INFO - Sync 1 DAGs
[2021-02-07 21:51:12,996] {logging_mixin.py:104} INFO - [2021-02-07 21:51:12,996] {dag.py:2273} INFO - Setting next_dagrun for example_dag_decorator to None
[2021-02-07 21:51:13,013] {scheduler_job.py:189} INFO - Processing /home/airflow/.local/lib/python3.8/site-packages/airflow/example_dags/example_dag_decorator.py took 0.093 seconds
[2021-02-07 21:51:43,776] {scheduler_job.py:181} INFO - Started process (PID=727) to work on /home/airflow/.local/lib/python3.8/site-packages/airflow/example_dags/example_dag_decorator.py
[2021-02-07 21:51:43,778] {scheduler_job.py:627} INFO - Processing file /home/airflow/.local/lib/python3.8/site-packages/airflow/example_dags/example_dag_decorator.py for tasks to queue
[2021-02-07 21:51:43,780] {logging_mixin.py:104} INFO - [2021-02-07 21:51:43,780] {dagbag.py:449} INFO - Filling up the DagBag from /home/airflow/.local/lib/python3.8/site-packages/airflow/example_dags/example_dag_decorator.py
[2021-02-07 21:51:43,799] {scheduler_job.py:637} INFO - DAG(s) dict_keys(['example_dag_decorator']) retrieved from /home/airflow/.local/lib/python3.8/site-packages/airflow/example_dags/example_dag_decorator.py
[2021-02-07 21:51:43,838] {logging_mixin.py:104} INFO - [2021-02-07 21:51:43,838] {dag.py:1818} INFO - Sync 1 DAGs
[2021-02-07 21:51:43,857] {logging_mixin.py:104} INFO - [2021-02-07 21:51:43,857] {dag.py:2273} INFO - Setting next_dagrun for example_dag_decorator to None
[2021-02-07 21:51:43,878] {scheduler_job.py:189} INFO - Processing /home/airflow/.local/lib/python3.8/site-packages/airflow/example_dags/example_dag_decorator.py took 0.108 seconds
[2021-02-07 21:52:14,525] {scheduler_job.py:181} INFO - Started process (PID=753) to work on /home/airflow/.local/lib/python3.8/site-packages/airflow/example_dags/example_dag_decorator.py
[2021-02-07 21:52:14,527] {scheduler_job.py:627} INFO - Processing file /home/airflow/.local/lib/python3.8/site-packages/airflow/example_dags/example_dag_decorator.py for tasks to queue
[2021-02-07 21:52:14,529] {logging_mixin.py:104} INFO - [2021-02-07 21:52:14,529] {dagbag.py:449} INFO - Filling up the DagBag from /home/airflow/.local/lib/python3.8/site-packages/airflow/example_dags/example_dag_decorator.py
[2021-02-07 21:52:14,548] {scheduler_job.py:637} INFO - DAG(s) dict_keys(['example_dag_decorator']) retrieved from /home/airflow/.local/lib/python3.8/site-packages/airflow/example_dags/example_dag_decorator.py
[2021-02-07 21:52:14,576] {logging_mixin.py:104} INFO - [2021-02-07 21:52:14,576] {dag.py:1818} INFO - Sync 1 DAGs
[2021-02-07 21:52:14,592] {logging_mixin.py:104} INFO - [2021-02-07 21:52:14,592] {dag.py:2273} INFO - Setting next_dagrun for example_dag_decorator to None
[2021-02-07 21:52:14,612] {scheduler_job.py:189} INFO - Processing /home/airflow/.local/lib/python3.8/site-packages/airflow/example_dags/example_dag_decorator.py took 0.092 seconds
[2021-02-07 21:52:45,074] {scheduler_job.py:181} INFO - Started process (PID=779) to work on /home/airflow/.local/lib/python3.8/site-packages/airflow/example_dags/example_dag_decorator.py
[2021-02-07 21:52:45,079] {scheduler_job.py:627} INFO - Processing file /home/airflow/.local/lib/python3.8/site-packages/airflow/example_dags/example_dag_decorator.py for tasks to queue
[2021-02-07 21:52:45,083] {logging_mixin.py:104} INFO - [2021-02-07 21:52:45,082] {dagbag.py:449} INFO - Filling up the DagBag from /home/airflow/.local/lib/python3.8/site-packages/airflow/example_dags/example_dag_decorator.py
[2021-02-07 21:52:45,134] {scheduler_job.py:637} INFO - DAG(s) dict_keys(['example_dag_decorator']) retrieved from /home/airflow/.local/lib/python3.8/site-packages/airflow/example_dags/example_dag_decorator.py
[2021-02-07 21:52:45,182] {logging_mixin.py:104} INFO - [2021-02-07 21:52:45,181] {dag.py:1818} INFO - Sync 1 DAGs
[2021-02-07 21:52:45,203] {logging_mixin.py:104} INFO - [2021-02-07 21:52:45,203] {dag.py:2273} INFO - Setting next_dagrun for example_dag_decorator to None
[2021-02-07 21:52:45,218] {scheduler_job.py:189} INFO - Processing /home/airflow/.local/lib/python3.8/site-packages/airflow/example_dags/example_dag_decorator.py took 0.151 seconds
[2021-02-07 21:53:16,152] {scheduler_job.py:181} INFO - Started process (PID=805) to work on /home/airflow/.local/lib/python3.8/site-packages/airflow/example_dags/example_dag_decorator.py
[2021-02-07 21:53:16,154] {scheduler_job.py:627} INFO - Processing file /home/airflow/.local/lib/python3.8/site-packages/airflow/example_dags/example_dag_decorator.py for tasks to queue
[2021-02-07 21:53:16,159] {logging_mixin.py:104} INFO - [2021-02-07 21:53:16,159] {dagbag.py:449} INFO - Filling up the DagBag from /home/airflow/.local/lib/python3.8/site-packages/airflow/example_dags/example_dag_decorator.py
[2021-02-07 21:53:16,181] {scheduler_job.py:637} INFO - DAG(s) dict_keys(['example_dag_decorator']) retrieved from /home/airflow/.local/lib/python3.8/site-packages/airflow/example_dags/example_dag_decorator.py
[2021-02-07 21:53:16,218] {logging_mixin.py:104} INFO - [2021-02-07 21:53:16,217] {dag.py:1818} INFO - Sync 1 DAGs
[2021-02-07 21:53:16,232] {logging_mixin.py:104} INFO - [2021-02-07 21:53:16,232] {dag.py:2273} INFO - Setting next_dagrun for example_dag_decorator to None
[2021-02-07 21:53:16,260] {scheduler_job.py:189} INFO - Processing /home/airflow/.local/lib/python3.8/site-packages/airflow/example_dags/example_dag_decorator.py took 0.113 seconds
[2021-02-07 21:53:47,126] {scheduler_job.py:181} INFO - Started process (PID=838) to work on /home/airflow/.local/lib/python3.8/site-packages/airflow/example_dags/example_dag_decorator.py
[2021-02-07 21:53:47,129] {scheduler_job.py:627} INFO - Processing file /home/airflow/.local/lib/python3.8/site-packages/airflow/example_dags/example_dag_decorator.py for tasks to queue
[2021-02-07 21:53:47,131] {logging_mixin.py:104} INFO - [2021-02-07 21:53:47,131] {dagbag.py:449} INFO - Filling up the DagBag from /home/airflow/.local/lib/python3.8/site-packages/airflow/example_dags/example_dag_decorator.py
[2021-02-07 21:53:47,150] {scheduler_job.py:637} INFO - DAG(s) dict_keys(['example_dag_decorator']) retrieved from /home/airflow/.local/lib/python3.8/site-packages/airflow/example_dags/example_dag_decorator.py
[2021-02-07 21:53:47,181] {logging_mixin.py:104} INFO - [2021-02-07 21:53:47,181] {dag.py:1818} INFO - Sync 1 DAGs
[2021-02-07 21:53:47,195] {logging_mixin.py:104} INFO - [2021-02-07 21:53:47,195] {dag.py:2273} INFO - Setting next_dagrun for example_dag_decorator to None
[2021-02-07 21:53:47,209] {scheduler_job.py:189} INFO - Processing /home/airflow/.local/lib/python3.8/site-packages/airflow/example_dags/example_dag_decorator.py took 0.087 seconds
[2021-02-07 21:54:17,449] {scheduler_job.py:181} INFO - Started process (PID=873) to work on /home/airflow/.local/lib/python3.8/site-packages/airflow/example_dags/example_dag_decorator.py
[2021-02-07 21:54:17,451] {scheduler_job.py:627} INFO - Processing file /home/airflow/.local/lib/python3.8/site-packages/airflow/example_dags/example_dag_decorator.py for tasks to queue
[2021-02-07 21:54:17,452] {logging_mixin.py:104} INFO - [2021-02-07 21:54:17,452] {dagbag.py:449} INFO - Filling up the DagBag from /home/airflow/.local/lib/python3.8/site-packages/airflow/example_dags/example_dag_decorator.py
[2021-02-07 21:54:17,468] {scheduler_job.py:637} INFO - DAG(s) dict_keys(['example_dag_decorator']) retrieved from /home/airflow/.local/lib/python3.8/site-packages/airflow/example_dags/example_dag_decorator.py
[2021-02-07 21:54:17,497] {logging_mixin.py:104} INFO - [2021-02-07 21:54:17,497] {dag.py:1818} INFO - Sync 1 DAGs
[2021-02-07 21:54:17,511] {logging_mixin.py:104} INFO - [2021-02-07 21:54:17,511] {dag.py:2273} INFO - Setting next_dagrun for example_dag_decorator to None
[2021-02-07 21:54:17,525] {scheduler_job.py:189} INFO - Processing /home/airflow/.local/lib/python3.8/site-packages/airflow/example_dags/example_dag_decorator.py took 0.080 seconds
[2021-02-07 21:54:48,220] {scheduler_job.py:181} INFO - Started process (PID=899) to work on /home/airflow/.local/lib/python3.8/site-packages/airflow/example_dags/example_dag_decorator.py
[2021-02-07 21:54:48,231] {scheduler_job.py:627} INFO - Processing file /home/airflow/.local/lib/python3.8/site-packages/airflow/example_dags/example_dag_decorator.py for tasks to queue
[2021-02-07 21:54:48,238] {logging_mixin.py:104} INFO - [2021-02-07 21:54:48,238] {dagbag.py:449} INFO - Filling up the DagBag from /home/airflow/.local/lib/python3.8/site-packages/airflow/example_dags/example_dag_decorator.py
[2021-02-07 21:54:48,379] {scheduler_job.py:637} INFO - DAG(s) dict_keys(['example_dag_decorator']) retrieved from /home/airflow/.local/lib/python3.8/site-packages/airflow/example_dags/example_dag_decorator.py
[2021-02-07 21:54:48,558] {logging_mixin.py:104} INFO - [2021-02-07 21:54:48,558] {dag.py:1818} INFO - Sync 1 DAGs
[2021-02-07 21:54:48,595] {logging_mixin.py:104} INFO - [2021-02-07 21:54:48,595] {dag.py:2273} INFO - Setting next_dagrun for example_dag_decorator to None
[2021-02-07 21:54:48,617] {scheduler_job.py:189} INFO - Processing /home/airflow/.local/lib/python3.8/site-packages/airflow/example_dags/example_dag_decorator.py took 0.424 seconds
[2021-02-07 21:55:19,025] {scheduler_job.py:181} INFO - Started process (PID=925) to work on /home/airflow/.local/lib/python3.8/site-packages/airflow/example_dags/example_dag_decorator.py
[2021-02-07 21:55:19,041] {scheduler_job.py:627} INFO - Processing file /home/airflow/.local/lib/python3.8/site-packages/airflow/example_dags/example_dag_decorator.py for tasks to queue
[2021-02-07 21:55:19,051] {logging_mixin.py:104} INFO - [2021-02-07 21:55:19,050] {dagbag.py:449} INFO - Filling up the DagBag from /home/airflow/.local/lib/python3.8/site-packages/airflow/example_dags/example_dag_decorator.py
[2021-02-07 21:55:19,248] {scheduler_job.py:637} INFO - DAG(s) dict_keys(['example_dag_decorator']) retrieved from /home/airflow/.local/lib/python3.8/site-packages/airflow/example_dags/example_dag_decorator.py
[2021-02-07 21:55:19,639] {logging_mixin.py:104} INFO - [2021-02-07 21:55:19,636] {dag.py:1818} INFO - Sync 1 DAGs
[2021-02-07 21:55:19,819] {logging_mixin.py:104} INFO - [2021-02-07 21:55:19,817] {dag.py:2273} INFO - Setting next_dagrun for example_dag_decorator to None
[2021-02-07 21:55:19,946] {scheduler_job.py:189} INFO - Processing /home/airflow/.local/lib/python3.8/site-packages/airflow/example_dags/example_dag_decorator.py took 0.954 seconds
[2021-02-07 21:55:50,065] {scheduler_job.py:181} INFO - Started process (PID=951) to work on /home/airflow/.local/lib/python3.8/site-packages/airflow/example_dags/example_dag_decorator.py
[2021-02-07 21:55:50,068] {scheduler_job.py:627} INFO - Processing file /home/airflow/.local/lib/python3.8/site-packages/airflow/example_dags/example_dag_decorator.py for tasks to queue
[2021-02-07 21:55:50,070] {logging_mixin.py:104} INFO - [2021-02-07 21:55:50,070] {dagbag.py:449} INFO - Filling up the DagBag from /home/airflow/.local/lib/python3.8/site-packages/airflow/example_dags/example_dag_decorator.py
[2021-02-07 21:55:50,097] {scheduler_job.py:637} INFO - DAG(s) dict_keys(['example_dag_decorator']) retrieved from /home/airflow/.local/lib/python3.8/site-packages/airflow/example_dags/example_dag_decorator.py
[2021-02-07 21:55:50,156] {logging_mixin.py:104} INFO - [2021-02-07 21:55:50,156] {dag.py:1818} INFO - Sync 1 DAGs
[2021-02-07 21:55:50,178] {logging_mixin.py:104} INFO - [2021-02-07 21:55:50,178] {dag.py:2273} INFO - Setting next_dagrun for example_dag_decorator to None
[2021-02-07 21:55:50,207] {scheduler_job.py:189} INFO - Processing /home/airflow/.local/lib/python3.8/site-packages/airflow/example_dags/example_dag_decorator.py took 0.147 seconds
[2021-02-07 21:56:20,543] {scheduler_job.py:181} INFO - Started process (PID=976) to work on /home/airflow/.local/lib/python3.8/site-packages/airflow/example_dags/example_dag_decorator.py
[2021-02-07 21:56:20,546] {scheduler_job.py:627} INFO - Processing file /home/airflow/.local/lib/python3.8/site-packages/airflow/example_dags/example_dag_decorator.py for tasks to queue
[2021-02-07 21:56:20,548] {logging_mixin.py:104} INFO - [2021-02-07 21:56:20,548] {dagbag.py:449} INFO - Filling up the DagBag from /home/airflow/.local/lib/python3.8/site-packages/airflow/example_dags/example_dag_decorator.py
[2021-02-07 21:56:20,579] {scheduler_job.py:637} INFO - DAG(s) dict_keys(['example_dag_decorator']) retrieved from /home/airflow/.local/lib/python3.8/site-packages/airflow/example_dags/example_dag_decorator.py
[2021-02-07 21:56:20,619] {logging_mixin.py:104} INFO - [2021-02-07 21:56:20,619] {dag.py:1818} INFO - Sync 1 DAGs
[2021-02-07 21:56:20,644] {logging_mixin.py:104} INFO - [2021-02-07 21:56:20,644] {dag.py:2273} INFO - Setting next_dagrun for example_dag_decorator to None
[2021-02-07 21:56:20,664] {scheduler_job.py:189} INFO - Processing /home/airflow/.local/lib/python3.8/site-packages/airflow/example_dags/example_dag_decorator.py took 0.130 seconds
[2021-02-07 21:56:50,852] {scheduler_job.py:181} INFO - Started process (PID=1003) to work on /home/airflow/.local/lib/python3.8/site-packages/airflow/example_dags/example_dag_decorator.py
[2021-02-07 21:56:50,855] {scheduler_job.py:627} INFO - Processing file /home/airflow/.local/lib/python3.8/site-packages/airflow/example_dags/example_dag_decorator.py for tasks to queue
[2021-02-07 21:56:50,859] {logging_mixin.py:104} INFO - [2021-02-07 21:56:50,858] {dagbag.py:449} INFO - Filling up the DagBag from /home/airflow/.local/lib/python3.8/site-packages/airflow/example_dags/example_dag_decorator.py
[2021-02-07 21:56:50,882] {scheduler_job.py:637} INFO - DAG(s) dict_keys(['example_dag_decorator']) retrieved from /home/airflow/.local/lib/python3.8/site-packages/airflow/example_dags/example_dag_decorator.py
[2021-02-07 21:56:50,920] {logging_mixin.py:104} INFO - [2021-02-07 21:56:50,920] {dag.py:1818} INFO - Sync 1 DAGs
[2021-02-07 21:56:50,945] {logging_mixin.py:104} INFO - [2021-02-07 21:56:50,945] {dag.py:2273} INFO - Setting next_dagrun for example_dag_decorator to None
[2021-02-07 21:56:50,967] {scheduler_job.py:189} INFO - Processing /home/airflow/.local/lib/python3.8/site-packages/airflow/example_dags/example_dag_decorator.py took 0.120 seconds
[2021-02-07 21:57:21,915] {scheduler_job.py:181} INFO - Started process (PID=1029) to work on /home/airflow/.local/lib/python3.8/site-packages/airflow/example_dags/example_dag_decorator.py
[2021-02-07 21:57:21,918] {scheduler_job.py:627} INFO - Processing file /home/airflow/.local/lib/python3.8/site-packages/airflow/example_dags/example_dag_decorator.py for tasks to queue
[2021-02-07 21:57:21,919] {logging_mixin.py:104} INFO - [2021-02-07 21:57:21,919] {dagbag.py:449} INFO - Filling up the DagBag from /home/airflow/.local/lib/python3.8/site-packages/airflow/example_dags/example_dag_decorator.py
[2021-02-07 21:57:21,936] {scheduler_job.py:637} INFO - DAG(s) dict_keys(['example_dag_decorator']) retrieved from /home/airflow/.local/lib/python3.8/site-packages/airflow/example_dags/example_dag_decorator.py
[2021-02-07 21:57:21,965] {logging_mixin.py:104} INFO - [2021-02-07 21:57:21,965] {dag.py:1818} INFO - Sync 1 DAGs
[2021-02-07 21:57:21,977] {logging_mixin.py:104} INFO - [2021-02-07 21:57:21,977] {dag.py:2273} INFO - Setting next_dagrun for example_dag_decorator to None
[2021-02-07 21:57:21,994] {scheduler_job.py:189} INFO - Processing /home/airflow/.local/lib/python3.8/site-packages/airflow/example_dags/example_dag_decorator.py took 0.083 seconds
[2021-02-07 21:57:52,482] {scheduler_job.py:181} INFO - Started process (PID=1056) to work on /home/airflow/.local/lib/python3.8/site-packages/airflow/example_dags/example_dag_decorator.py
[2021-02-07 21:57:52,485] {scheduler_job.py:627} INFO - Processing file /home/airflow/.local/lib/python3.8/site-packages/airflow/example_dags/example_dag_decorator.py for tasks to queue
[2021-02-07 21:57:52,486] {logging_mixin.py:104} INFO - [2021-02-07 21:57:52,486] {dagbag.py:449} INFO - Filling up the DagBag from /home/airflow/.local/lib/python3.8/site-packages/airflow/example_dags/example_dag_decorator.py
[2021-02-07 21:57:52,502] {scheduler_job.py:637} INFO - DAG(s) dict_keys(['example_dag_decorator']) retrieved from /home/airflow/.local/lib/python3.8/site-packages/airflow/example_dags/example_dag_decorator.py
[2021-02-07 21:57:52,529] {logging_mixin.py:104} INFO - [2021-02-07 21:57:52,529] {dag.py:1818} INFO - Sync 1 DAGs
[2021-02-07 21:57:52,543] {logging_mixin.py:104} INFO - [2021-02-07 21:57:52,543] {dag.py:2273} INFO - Setting next_dagrun for example_dag_decorator to None
[2021-02-07 21:57:52,560] {scheduler_job.py:189} INFO - Processing /home/airflow/.local/lib/python3.8/site-packages/airflow/example_dags/example_dag_decorator.py took 0.083 seconds
[2021-02-07 21:58:22,991] {scheduler_job.py:181} INFO - Started process (PID=1082) to work on /home/airflow/.local/lib/python3.8/site-packages/airflow/example_dags/example_dag_decorator.py
[2021-02-07 21:58:22,994] {scheduler_job.py:627} INFO - Processing file /home/airflow/.local/lib/python3.8/site-packages/airflow/example_dags/example_dag_decorator.py for tasks to queue
[2021-02-07 21:58:22,998] {logging_mixin.py:104} INFO - [2021-02-07 21:58:22,998] {dagbag.py:449} INFO - Filling up the DagBag from /home/airflow/.local/lib/python3.8/site-packages/airflow/example_dags/example_dag_decorator.py
[2021-02-07 21:58:23,020] {scheduler_job.py:637} INFO - DAG(s) dict_keys(['example_dag_decorator']) retrieved from /home/airflow/.local/lib/python3.8/site-packages/airflow/example_dags/example_dag_decorator.py
[2021-02-07 21:58:23,068] {logging_mixin.py:104} INFO - [2021-02-07 21:58:23,068] {dag.py:1818} INFO - Sync 1 DAGs
[2021-02-07 21:58:23,095] {logging_mixin.py:104} INFO - [2021-02-07 21:58:23,095] {dag.py:2273} INFO - Setting next_dagrun for example_dag_decorator to None
[2021-02-07 21:58:23,119] {scheduler_job.py:189} INFO - Processing /home/airflow/.local/lib/python3.8/site-packages/airflow/example_dags/example_dag_decorator.py took 0.134 seconds
[2021-02-07 21:58:53,667] {scheduler_job.py:181} INFO - Started process (PID=1108) to work on /home/airflow/.local/lib/python3.8/site-packages/airflow/example_dags/example_dag_decorator.py
[2021-02-07 21:58:53,673] {scheduler_job.py:627} INFO - Processing file /home/airflow/.local/lib/python3.8/site-packages/airflow/example_dags/example_dag_decorator.py for tasks to queue
[2021-02-07 21:58:53,676] {logging_mixin.py:104} INFO - [2021-02-07 21:58:53,675] {dagbag.py:449} INFO - Filling up the DagBag from /home/airflow/.local/lib/python3.8/site-packages/airflow/example_dags/example_dag_decorator.py
[2021-02-07 21:58:53,701] {scheduler_job.py:637} INFO - DAG(s) dict_keys(['example_dag_decorator']) retrieved from /home/airflow/.local/lib/python3.8/site-packages/airflow/example_dags/example_dag_decorator.py
[2021-02-07 21:58:53,762] {logging_mixin.py:104} INFO - [2021-02-07 21:58:53,761] {dag.py:1818} INFO - Sync 1 DAGs
[2021-02-07 21:58:53,789] {logging_mixin.py:104} INFO - [2021-02-07 21:58:53,789] {dag.py:2273} INFO - Setting next_dagrun for example_dag_decorator to None
[2021-02-07 21:58:53,815] {scheduler_job.py:189} INFO - Processing /home/airflow/.local/lib/python3.8/site-packages/airflow/example_dags/example_dag_decorator.py took 0.154 seconds
[2021-02-07 21:59:24,423] {scheduler_job.py:181} INFO - Started process (PID=1134) to work on /home/airflow/.local/lib/python3.8/site-packages/airflow/example_dags/example_dag_decorator.py
[2021-02-07 21:59:24,428] {scheduler_job.py:627} INFO - Processing file /home/airflow/.local/lib/python3.8/site-packages/airflow/example_dags/example_dag_decorator.py for tasks to queue
[2021-02-07 21:59:24,431] {logging_mixin.py:104} INFO - [2021-02-07 21:59:24,431] {dagbag.py:449} INFO - Filling up the DagBag from /home/airflow/.local/lib/python3.8/site-packages/airflow/example_dags/example_dag_decorator.py
[2021-02-07 21:59:24,462] {scheduler_job.py:637} INFO - DAG(s) dict_keys(['example_dag_decorator']) retrieved from /home/airflow/.local/lib/python3.8/site-packages/airflow/example_dags/example_dag_decorator.py
[2021-02-07 21:59:24,513] {logging_mixin.py:104} INFO - [2021-02-07 21:59:24,513] {dag.py:1818} INFO - Sync 1 DAGs
[2021-02-07 21:59:24,537] {logging_mixin.py:104} INFO - [2021-02-07 21:59:24,537] {dag.py:2273} INFO - Setting next_dagrun for example_dag_decorator to None
[2021-02-07 21:59:24,561] {scheduler_job.py:189} INFO - Processing /home/airflow/.local/lib/python3.8/site-packages/airflow/example_dags/example_dag_decorator.py took 0.143 seconds
[2021-02-07 21:59:54,743] {scheduler_job.py:181} INFO - Started process (PID=1160) to work on /home/airflow/.local/lib/python3.8/site-packages/airflow/example_dags/example_dag_decorator.py
[2021-02-07 21:59:54,749] {scheduler_job.py:627} INFO - Processing file /home/airflow/.local/lib/python3.8/site-packages/airflow/example_dags/example_dag_decorator.py for tasks to queue
[2021-02-07 21:59:54,754] {logging_mixin.py:104} INFO - [2021-02-07 21:59:54,753] {dagbag.py:449} INFO - Filling up the DagBag from /home/airflow/.local/lib/python3.8/site-packages/airflow/example_dags/example_dag_decorator.py
[2021-02-07 21:59:54,795] {scheduler_job.py:637} INFO - DAG(s) dict_keys(['example_dag_decorator']) retrieved from /home/airflow/.local/lib/python3.8/site-packages/airflow/example_dags/example_dag_decorator.py
[2021-02-07 21:59:54,850] {logging_mixin.py:104} INFO - [2021-02-07 21:59:54,850] {dag.py:1818} INFO - Sync 1 DAGs
[2021-02-07 21:59:54,879] {logging_mixin.py:104} INFO - [2021-02-07 21:59:54,879] {dag.py:2273} INFO - Setting next_dagrun for example_dag_decorator to None
[2021-02-07 21:59:54,916] {scheduler_job.py:189} INFO - Processing /home/airflow/.local/lib/python3.8/site-packages/airflow/example_dags/example_dag_decorator.py took 0.179 seconds
[2021-02-07 22:00:25,203] {scheduler_job.py:181} INFO - Started process (PID=1186) to work on /home/airflow/.local/lib/python3.8/site-packages/airflow/example_dags/example_dag_decorator.py
[2021-02-07 22:00:25,206] {scheduler_job.py:627} INFO - Processing file /home/airflow/.local/lib/python3.8/site-packages/airflow/example_dags/example_dag_decorator.py for tasks to queue
[2021-02-07 22:00:25,208] {logging_mixin.py:104} INFO - [2021-02-07 22:00:25,208] {dagbag.py:449} INFO - Filling up the DagBag from /home/airflow/.local/lib/python3.8/site-packages/airflow/example_dags/example_dag_decorator.py
[2021-02-07 22:00:25,249] {scheduler_job.py:637} INFO - DAG(s) dict_keys(['example_dag_decorator']) retrieved from /home/airflow/.local/lib/python3.8/site-packages/airflow/example_dags/example_dag_decorator.py
[2021-02-07 22:00:25,308] {logging_mixin.py:104} INFO - [2021-02-07 22:00:25,308] {dag.py:1818} INFO - Sync 1 DAGs
[2021-02-07 22:00:25,332] {logging_mixin.py:104} INFO - [2021-02-07 22:00:25,332] {dag.py:2273} INFO - Setting next_dagrun for example_dag_decorator to None
[2021-02-07 22:00:25,361] {scheduler_job.py:189} INFO - Processing /home/airflow/.local/lib/python3.8/site-packages/airflow/example_dags/example_dag_decorator.py took 0.164 seconds
[2021-02-07 22:00:55,508] {scheduler_job.py:181} INFO - Started process (PID=1212) to work on /home/airflow/.local/lib/python3.8/site-packages/airflow/example_dags/example_dag_decorator.py
[2021-02-07 22:00:55,511] {scheduler_job.py:627} INFO - Processing file /home/airflow/.local/lib/python3.8/site-packages/airflow/example_dags/example_dag_decorator.py for tasks to queue
[2021-02-07 22:00:55,515] {logging_mixin.py:104} INFO - [2021-02-07 22:00:55,515] {dagbag.py:449} INFO - Filling up the DagBag from /home/airflow/.local/lib/python3.8/site-packages/airflow/example_dags/example_dag_decorator.py
[2021-02-07 22:00:55,542] {scheduler_job.py:637} INFO - DAG(s) dict_keys(['example_dag_decorator']) retrieved from /home/airflow/.local/lib/python3.8/site-packages/airflow/example_dags/example_dag_decorator.py
[2021-02-07 22:00:55,586] {logging_mixin.py:104} INFO - [2021-02-07 22:00:55,586] {dag.py:1818} INFO - Sync 1 DAGs
[2021-02-07 22:00:55,616] {logging_mixin.py:104} INFO - [2021-02-07 22:00:55,615] {dag.py:2273} INFO - Setting next_dagrun for example_dag_decorator to None
[2021-02-07 22:00:55,649] {scheduler_job.py:189} INFO - Processing /home/airflow/.local/lib/python3.8/site-packages/airflow/example_dags/example_dag_decorator.py took 0.146 seconds
[2021-02-07 22:01:27,521] {scheduler_job.py:181} INFO - Started process (PID=1238) to work on /home/airflow/.local/lib/python3.8/site-packages/airflow/example_dags/example_dag_decorator.py
[2021-02-07 22:01:27,539] {scheduler_job.py:627} INFO - Processing file /home/airflow/.local/lib/python3.8/site-packages/airflow/example_dags/example_dag_decorator.py for tasks to queue
[2021-02-07 22:01:27,550] {logging_mixin.py:104} INFO - [2021-02-07 22:01:27,549] {dagbag.py:449} INFO - Filling up the DagBag from /home/airflow/.local/lib/python3.8/site-packages/airflow/example_dags/example_dag_decorator.py
[2021-02-07 22:01:27,704] {scheduler_job.py:637} INFO - DAG(s) dict_keys(['example_dag_decorator']) retrieved from /home/airflow/.local/lib/python3.8/site-packages/airflow/example_dags/example_dag_decorator.py
[2021-02-07 22:01:28,016] {logging_mixin.py:104} INFO - [2021-02-07 22:01:28,016] {dag.py:1818} INFO - Sync 1 DAGs
[2021-02-07 22:01:28,131] {logging_mixin.py:104} INFO - [2021-02-07 22:01:28,130] {dag.py:2273} INFO - Setting next_dagrun for example_dag_decorator to None
[2021-02-07 22:01:28,231] {scheduler_job.py:189} INFO - Processing /home/airflow/.local/lib/python3.8/site-packages/airflow/example_dags/example_dag_decorator.py took 0.742 seconds
[2021-02-07 22:01:58,361] {scheduler_job.py:181} INFO - Started process (PID=1264) to work on /home/airflow/.local/lib/python3.8/site-packages/airflow/example_dags/example_dag_decorator.py
[2021-02-07 22:01:58,364] {scheduler_job.py:627} INFO - Processing file /home/airflow/.local/lib/python3.8/site-packages/airflow/example_dags/example_dag_decorator.py for tasks to queue
[2021-02-07 22:01:58,370] {logging_mixin.py:104} INFO - [2021-02-07 22:01:58,369] {dagbag.py:449} INFO - Filling up the DagBag from /home/airflow/.local/lib/python3.8/site-packages/airflow/example_dags/example_dag_decorator.py
[2021-02-07 22:01:58,407] {scheduler_job.py:637} INFO - DAG(s) dict_keys(['example_dag_decorator']) retrieved from /home/airflow/.local/lib/python3.8/site-packages/airflow/example_dags/example_dag_decorator.py
[2021-02-07 22:01:58,457] {logging_mixin.py:104} INFO - [2021-02-07 22:01:58,457] {dag.py:1818} INFO - Sync 1 DAGs
[2021-02-07 22:01:58,483] {logging_mixin.py:104} INFO - [2021-02-07 22:01:58,483] {dag.py:2273} INFO - Setting next_dagrun for example_dag_decorator to None
[2021-02-07 22:01:58,510] {scheduler_job.py:189} INFO - Processing /home/airflow/.local/lib/python3.8/site-packages/airflow/example_dags/example_dag_decorator.py took 0.158 seconds
[2021-02-07 22:02:28,663] {scheduler_job.py:181} INFO - Started process (PID=1290) to work on /home/airflow/.local/lib/python3.8/site-packages/airflow/example_dags/example_dag_decorator.py
[2021-02-07 22:02:28,666] {scheduler_job.py:627} INFO - Processing file /home/airflow/.local/lib/python3.8/site-packages/airflow/example_dags/example_dag_decorator.py for tasks to queue
[2021-02-07 22:02:28,669] {logging_mixin.py:104} INFO - [2021-02-07 22:02:28,669] {dagbag.py:449} INFO - Filling up the DagBag from /home/airflow/.local/lib/python3.8/site-packages/airflow/example_dags/example_dag_decorator.py
[2021-02-07 22:02:28,693] {scheduler_job.py:637} INFO - DAG(s) dict_keys(['example_dag_decorator']) retrieved from /home/airflow/.local/lib/python3.8/site-packages/airflow/example_dags/example_dag_decorator.py
[2021-02-07 22:02:28,737] {logging_mixin.py:104} INFO - [2021-02-07 22:02:28,737] {dag.py:1818} INFO - Sync 1 DAGs
[2021-02-07 22:02:28,758] {logging_mixin.py:104} INFO - [2021-02-07 22:02:28,758] {dag.py:2273} INFO - Setting next_dagrun for example_dag_decorator to None
[2021-02-07 22:02:28,778] {scheduler_job.py:189} INFO - Processing /home/airflow/.local/lib/python3.8/site-packages/airflow/example_dags/example_dag_decorator.py took 0.123 seconds
[2021-02-07 22:02:58,885] {scheduler_job.py:181} INFO - Started process (PID=1316) to work on /home/airflow/.local/lib/python3.8/site-packages/airflow/example_dags/example_dag_decorator.py
[2021-02-07 22:02:58,888] {scheduler_job.py:627} INFO - Processing file /home/airflow/.local/lib/python3.8/site-packages/airflow/example_dags/example_dag_decorator.py for tasks to queue
[2021-02-07 22:02:58,890] {logging_mixin.py:104} INFO - [2021-02-07 22:02:58,890] {dagbag.py:449} INFO - Filling up the DagBag from /home/airflow/.local/lib/python3.8/site-packages/airflow/example_dags/example_dag_decorator.py
[2021-02-07 22:02:58,912] {scheduler_job.py:637} INFO - DAG(s) dict_keys(['example_dag_decorator']) retrieved from /home/airflow/.local/lib/python3.8/site-packages/airflow/example_dags/example_dag_decorator.py
[2021-02-07 22:02:58,952] {logging_mixin.py:104} INFO - [2021-02-07 22:02:58,952] {dag.py:1818} INFO - Sync 1 DAGs
[2021-02-07 22:02:58,972] {logging_mixin.py:104} INFO - [2021-02-07 22:02:58,972] {dag.py:2273} INFO - Setting next_dagrun for example_dag_decorator to None
[2021-02-07 22:02:59,001] {scheduler_job.py:189} INFO - Processing /home/airflow/.local/lib/python3.8/site-packages/airflow/example_dags/example_dag_decorator.py took 0.121 seconds
[2021-02-07 22:03:30,640] {scheduler_job.py:181} INFO - Started process (PID=1342) to work on /home/airflow/.local/lib/python3.8/site-packages/airflow/example_dags/example_dag_decorator.py
[2021-02-07 22:03:30,648] {scheduler_job.py:627} INFO - Processing file /home/airflow/.local/lib/python3.8/site-packages/airflow/example_dags/example_dag_decorator.py for tasks to queue
[2021-02-07 22:03:30,659] {logging_mixin.py:104} INFO - [2021-02-07 22:03:30,659] {dagbag.py:449} INFO - Filling up the DagBag from /home/airflow/.local/lib/python3.8/site-packages/airflow/example_dags/example_dag_decorator.py
[2021-02-07 22:03:30,811] {scheduler_job.py:637} INFO - DAG(s) dict_keys(['example_dag_decorator']) retrieved from /home/airflow/.local/lib/python3.8/site-packages/airflow/example_dags/example_dag_decorator.py
[2021-02-07 22:03:31,033] {logging_mixin.py:104} INFO - [2021-02-07 22:03:31,031] {dag.py:1818} INFO - Sync 1 DAGs
[2021-02-07 22:03:31,165] {logging_mixin.py:104} INFO - [2021-02-07 22:03:31,165] {dag.py:2273} INFO - Setting next_dagrun for example_dag_decorator to None
[2021-02-07 22:03:31,269] {scheduler_job.py:189} INFO - Processing /home/airflow/.local/lib/python3.8/site-packages/airflow/example_dags/example_dag_decorator.py took 0.655 seconds
[2021-02-07 22:04:01,823] {scheduler_job.py:181} INFO - Started process (PID=1369) to work on /home/airflow/.local/lib/python3.8/site-packages/airflow/example_dags/example_dag_decorator.py
[2021-02-07 22:04:01,826] {scheduler_job.py:627} INFO - Processing file /home/airflow/.local/lib/python3.8/site-packages/airflow/example_dags/example_dag_decorator.py for tasks to queue
[2021-02-07 22:04:01,829] {logging_mixin.py:104} INFO - [2021-02-07 22:04:01,829] {dagbag.py:449} INFO - Filling up the DagBag from /home/airflow/.local/lib/python3.8/site-packages/airflow/example_dags/example_dag_decorator.py
[2021-02-07 22:04:01,861] {scheduler_job.py:637} INFO - DAG(s) dict_keys(['example_dag_decorator']) retrieved from /home/airflow/.local/lib/python3.8/site-packages/airflow/example_dags/example_dag_decorator.py
[2021-02-07 22:04:01,924] {logging_mixin.py:104} INFO - [2021-02-07 22:04:01,924] {dag.py:1818} INFO - Sync 1 DAGs
[2021-02-07 22:04:01,953] {logging_mixin.py:104} INFO - [2021-02-07 22:04:01,952] {dag.py:2273} INFO - Setting next_dagrun for example_dag_decorator to None
[2021-02-07 22:04:01,979] {scheduler_job.py:189} INFO - Processing /home/airflow/.local/lib/python3.8/site-packages/airflow/example_dags/example_dag_decorator.py took 0.166 seconds
[2021-02-07 22:04:32,457] {scheduler_job.py:181} INFO - Started process (PID=1395) to work on /home/airflow/.local/lib/python3.8/site-packages/airflow/example_dags/example_dag_decorator.py
[2021-02-07 22:04:32,462] {scheduler_job.py:627} INFO - Processing file /home/airflow/.local/lib/python3.8/site-packages/airflow/example_dags/example_dag_decorator.py for tasks to queue
[2021-02-07 22:04:32,464] {logging_mixin.py:104} INFO - [2021-02-07 22:04:32,464] {dagbag.py:449} INFO - Filling up the DagBag from /home/airflow/.local/lib/python3.8/site-packages/airflow/example_dags/example_dag_decorator.py
[2021-02-07 22:04:32,487] {scheduler_job.py:637} INFO - DAG(s) dict_keys(['example_dag_decorator']) retrieved from /home/airflow/.local/lib/python3.8/site-packages/airflow/example_dags/example_dag_decorator.py
[2021-02-07 22:04:32,538] {logging_mixin.py:104} INFO - [2021-02-07 22:04:32,538] {dag.py:1818} INFO - Sync 1 DAGs
[2021-02-07 22:04:32,562] {logging_mixin.py:104} INFO - [2021-02-07 22:04:32,562] {dag.py:2273} INFO - Setting next_dagrun for example_dag_decorator to None
[2021-02-07 22:04:32,588] {scheduler_job.py:189} INFO - Processing /home/airflow/.local/lib/python3.8/site-packages/airflow/example_dags/example_dag_decorator.py took 0.135 seconds
[2021-02-07 22:05:02,794] {scheduler_job.py:181} INFO - Started process (PID=1421) to work on /home/airflow/.local/lib/python3.8/site-packages/airflow/example_dags/example_dag_decorator.py
[2021-02-07 22:05:02,797] {scheduler_job.py:627} INFO - Processing file /home/airflow/.local/lib/python3.8/site-packages/airflow/example_dags/example_dag_decorator.py for tasks to queue
[2021-02-07 22:05:02,802] {logging_mixin.py:104} INFO - [2021-02-07 22:05:02,801] {dagbag.py:449} INFO - Filling up the DagBag from /home/airflow/.local/lib/python3.8/site-packages/airflow/example_dags/example_dag_decorator.py
[2021-02-07 22:05:02,829] {scheduler_job.py:637} INFO - DAG(s) dict_keys(['example_dag_decorator']) retrieved from /home/airflow/.local/lib/python3.8/site-packages/airflow/example_dags/example_dag_decorator.py
[2021-02-07 22:05:02,874] {logging_mixin.py:104} INFO - [2021-02-07 22:05:02,874] {dag.py:1818} INFO - Sync 1 DAGs
[2021-02-07 22:05:02,893] {logging_mixin.py:104} INFO - [2021-02-07 22:05:02,893] {dag.py:2273} INFO - Setting next_dagrun for example_dag_decorator to None
[2021-02-07 22:05:02,914] {scheduler_job.py:189} INFO - Processing /home/airflow/.local/lib/python3.8/site-packages/airflow/example_dags/example_dag_decorator.py took 0.124 seconds
[2021-02-07 22:05:33,418] {scheduler_job.py:181} INFO - Started process (PID=1447) to work on /home/airflow/.local/lib/python3.8/site-packages/airflow/example_dags/example_dag_decorator.py
[2021-02-07 22:05:33,421] {scheduler_job.py:627} INFO - Processing file /home/airflow/.local/lib/python3.8/site-packages/airflow/example_dags/example_dag_decorator.py for tasks to queue
[2021-02-07 22:05:33,424] {logging_mixin.py:104} INFO - [2021-02-07 22:05:33,424] {dagbag.py:449} INFO - Filling up the DagBag from /home/airflow/.local/lib/python3.8/site-packages/airflow/example_dags/example_dag_decorator.py
[2021-02-07 22:05:33,445] {scheduler_job.py:637} INFO - DAG(s) dict_keys(['example_dag_decorator']) retrieved from /home/airflow/.local/lib/python3.8/site-packages/airflow/example_dags/example_dag_decorator.py
[2021-02-07 22:05:33,483] {logging_mixin.py:104} INFO - [2021-02-07 22:05:33,483] {dag.py:1818} INFO - Sync 1 DAGs
[2021-02-07 22:05:33,502] {logging_mixin.py:104} INFO - [2021-02-07 22:05:33,502] {dag.py:2273} INFO - Setting next_dagrun for example_dag_decorator to None
[2021-02-07 22:05:33,524] {scheduler_job.py:189} INFO - Processing /home/airflow/.local/lib/python3.8/site-packages/airflow/example_dags/example_dag_decorator.py took 0.110 seconds
[2021-02-07 22:23:47,122] {scheduler_job.py:181} INFO - Started process (PID=1469) to work on /home/airflow/.local/lib/python3.8/site-packages/airflow/example_dags/example_dag_decorator.py
[2021-02-07 22:23:47,140] {scheduler_job.py:627} INFO - Processing file /home/airflow/.local/lib/python3.8/site-packages/airflow/example_dags/example_dag_decorator.py for tasks to queue
[2021-02-07 22:23:47,147] {logging_mixin.py:104} INFO - [2021-02-07 22:23:47,146] {dagbag.py:449} INFO - Filling up the DagBag from /home/airflow/.local/lib/python3.8/site-packages/airflow/example_dags/example_dag_decorator.py
[2021-02-07 22:23:47,391] {scheduler_job.py:637} INFO - DAG(s) dict_keys(['example_dag_decorator']) retrieved from /home/airflow/.local/lib/python3.8/site-packages/airflow/example_dags/example_dag_decorator.py
[2021-02-07 22:23:47,747] {logging_mixin.py:104} INFO - [2021-02-07 22:23:47,746] {dag.py:1818} INFO - Sync 1 DAGs
[2021-02-07 22:23:47,890] {logging_mixin.py:104} INFO - [2021-02-07 22:23:47,890] {dag.py:2273} INFO - Setting next_dagrun for example_dag_decorator to None
[2021-02-07 22:23:47,948] {scheduler_job.py:189} INFO - Processing /home/airflow/.local/lib/python3.8/site-packages/airflow/example_dags/example_dag_decorator.py took 0.846 seconds
[2021-02-07 22:24:18,797] {scheduler_job.py:181} INFO - Started process (PID=1495) to work on /home/airflow/.local/lib/python3.8/site-packages/airflow/example_dags/example_dag_decorator.py
[2021-02-07 22:24:18,813] {scheduler_job.py:627} INFO - Processing file /home/airflow/.local/lib/python3.8/site-packages/airflow/example_dags/example_dag_decorator.py for tasks to queue
[2021-02-07 22:24:18,837] {logging_mixin.py:104} INFO - [2021-02-07 22:24:18,835] {dagbag.py:449} INFO - Filling up the DagBag from /home/airflow/.local/lib/python3.8/site-packages/airflow/example_dags/example_dag_decorator.py
[2021-02-07 22:24:19,099] {scheduler_job.py:637} INFO - DAG(s) dict_keys(['example_dag_decorator']) retrieved from /home/airflow/.local/lib/python3.8/site-packages/airflow/example_dags/example_dag_decorator.py
[2021-02-07 22:24:19,503] {logging_mixin.py:104} INFO - [2021-02-07 22:24:19,502] {dag.py:1818} INFO - Sync 1 DAGs
[2021-02-07 22:24:19,605] {logging_mixin.py:104} INFO - [2021-02-07 22:24:19,605] {dag.py:2273} INFO - Setting next_dagrun for example_dag_decorator to None
[2021-02-07 22:24:19,650] {scheduler_job.py:189} INFO - Processing /home/airflow/.local/lib/python3.8/site-packages/airflow/example_dags/example_dag_decorator.py took 0.933 seconds
[2021-02-07 22:24:50,164] {scheduler_job.py:181} INFO - Started process (PID=1521) to work on /home/airflow/.local/lib/python3.8/site-packages/airflow/example_dags/example_dag_decorator.py
[2021-02-07 22:24:50,169] {scheduler_job.py:627} INFO - Processing file /home/airflow/.local/lib/python3.8/site-packages/airflow/example_dags/example_dag_decorator.py for tasks to queue
[2021-02-07 22:24:50,174] {logging_mixin.py:104} INFO - [2021-02-07 22:24:50,173] {dagbag.py:449} INFO - Filling up the DagBag from /home/airflow/.local/lib/python3.8/site-packages/airflow/example_dags/example_dag_decorator.py
[2021-02-07 22:24:50,213] {scheduler_job.py:637} INFO - DAG(s) dict_keys(['example_dag_decorator']) retrieved from /home/airflow/.local/lib/python3.8/site-packages/airflow/example_dags/example_dag_decorator.py
[2021-02-07 22:24:50,279] {logging_mixin.py:104} INFO - [2021-02-07 22:24:50,279] {dag.py:1818} INFO - Sync 1 DAGs
[2021-02-07 22:24:50,335] {logging_mixin.py:104} INFO - [2021-02-07 22:24:50,334] {dag.py:2273} INFO - Setting next_dagrun for example_dag_decorator to None
[2021-02-07 22:24:50,363] {scheduler_job.py:189} INFO - Processing /home/airflow/.local/lib/python3.8/site-packages/airflow/example_dags/example_dag_decorator.py took 0.209 seconds
[2021-02-07 22:25:20,961] {scheduler_job.py:181} INFO - Started process (PID=1548) to work on /home/airflow/.local/lib/python3.8/site-packages/airflow/example_dags/example_dag_decorator.py
[2021-02-07 22:25:20,968] {scheduler_job.py:627} INFO - Processing file /home/airflow/.local/lib/python3.8/site-packages/airflow/example_dags/example_dag_decorator.py for tasks to queue
[2021-02-07 22:25:20,974] {logging_mixin.py:104} INFO - [2021-02-07 22:25:20,974] {dagbag.py:449} INFO - Filling up the DagBag from /home/airflow/.local/lib/python3.8/site-packages/airflow/example_dags/example_dag_decorator.py
[2021-02-07 22:25:21,032] {scheduler_job.py:637} INFO - DAG(s) dict_keys(['example_dag_decorator']) retrieved from /home/airflow/.local/lib/python3.8/site-packages/airflow/example_dags/example_dag_decorator.py
[2021-02-07 22:25:21,106] {logging_mixin.py:104} INFO - [2021-02-07 22:25:21,106] {dag.py:1818} INFO - Sync 1 DAGs
[2021-02-07 22:25:21,141] {logging_mixin.py:104} INFO - [2021-02-07 22:25:21,141] {dag.py:2273} INFO - Setting next_dagrun for example_dag_decorator to None
[2021-02-07 22:25:21,170] {scheduler_job.py:189} INFO - Processing /home/airflow/.local/lib/python3.8/site-packages/airflow/example_dags/example_dag_decorator.py took 0.217 seconds
[2021-02-07 22:25:52,426] {scheduler_job.py:181} INFO - Started process (PID=1578) to work on /home/airflow/.local/lib/python3.8/site-packages/airflow/example_dags/example_dag_decorator.py
[2021-02-07 22:25:52,429] {scheduler_job.py:627} INFO - Processing file /home/airflow/.local/lib/python3.8/site-packages/airflow/example_dags/example_dag_decorator.py for tasks to queue
[2021-02-07 22:25:52,432] {logging_mixin.py:104} INFO - [2021-02-07 22:25:52,432] {dagbag.py:449} INFO - Filling up the DagBag from /home/airflow/.local/lib/python3.8/site-packages/airflow/example_dags/example_dag_decorator.py
[2021-02-07 22:25:52,452] {scheduler_job.py:637} INFO - DAG(s) dict_keys(['example_dag_decorator']) retrieved from /home/airflow/.local/lib/python3.8/site-packages/airflow/example_dags/example_dag_decorator.py
[2021-02-07 22:25:52,486] {logging_mixin.py:104} INFO - [2021-02-07 22:25:52,485] {dag.py:1818} INFO - Sync 1 DAGs
[2021-02-07 22:25:52,501] {logging_mixin.py:104} INFO - [2021-02-07 22:25:52,501] {dag.py:2273} INFO - Setting next_dagrun for example_dag_decorator to None
[2021-02-07 22:25:52,518] {scheduler_job.py:189} INFO - Processing /home/airflow/.local/lib/python3.8/site-packages/airflow/example_dags/example_dag_decorator.py took 0.097 seconds
[2021-02-07 23:26:17,364] {scheduler_job.py:181} INFO - Started process (PID=1599) to work on /home/airflow/.local/lib/python3.8/site-packages/airflow/example_dags/example_dag_decorator.py
[2021-02-07 23:26:17,366] {scheduler_job.py:627} INFO - Processing file /home/airflow/.local/lib/python3.8/site-packages/airflow/example_dags/example_dag_decorator.py for tasks to queue
[2021-02-07 23:26:17,368] {logging_mixin.py:104} INFO - [2021-02-07 23:26:17,368] {dagbag.py:449} INFO - Filling up the DagBag from /home/airflow/.local/lib/python3.8/site-packages/airflow/example_dags/example_dag_decorator.py
[2021-02-07 23:26:17,385] {scheduler_job.py:637} INFO - DAG(s) dict_keys(['example_dag_decorator']) retrieved from /home/airflow/.local/lib/python3.8/site-packages/airflow/example_dags/example_dag_decorator.py
[2021-02-07 23:26:17,416] {logging_mixin.py:104} INFO - [2021-02-07 23:26:17,416] {dag.py:1818} INFO - Sync 1 DAGs
[2021-02-07 23:26:17,433] {logging_mixin.py:104} INFO - [2021-02-07 23:26:17,433] {dag.py:2273} INFO - Setting next_dagrun for example_dag_decorator to None
[2021-02-07 23:26:17,451] {scheduler_job.py:189} INFO - Processing /home/airflow/.local/lib/python3.8/site-packages/airflow/example_dags/example_dag_decorator.py took 0.091 seconds
