[2021-02-07 14:47:38,330] {scheduler_job.py:181} INFO - Started process (PID=30) to work on /home/airflow/.local/lib/python3.8/site-packages/airflow/example_dags/example_nested_branch_dag.py
[2021-02-07 14:47:38,332] {scheduler_job.py:627} INFO - Processing file /home/airflow/.local/lib/python3.8/site-packages/airflow/example_dags/example_nested_branch_dag.py for tasks to queue
[2021-02-07 14:47:38,333] {logging_mixin.py:104} INFO - [2021-02-07 14:47:38,333] {dagbag.py:449} INFO - Filling up the DagBag from /home/airflow/.local/lib/python3.8/site-packages/airflow/example_dags/example_nested_branch_dag.py
[2021-02-07 14:47:38,352] {scheduler_job.py:637} INFO - DAG(s) dict_keys(['example_nested_branch_dag']) retrieved from /home/airflow/.local/lib/python3.8/site-packages/airflow/example_dags/example_nested_branch_dag.py
[2021-02-07 14:47:38,389] {logging_mixin.py:104} INFO - [2021-02-07 14:47:38,388] {dag.py:1818} INFO - Sync 1 DAGs
[2021-02-07 14:47:38,400] {logging_mixin.py:104} INFO - [2021-02-07 14:47:38,400] {dag.py:1837} INFO - Creating ORM DAG for example_nested_branch_dag
[2021-02-07 14:47:38,419] {logging_mixin.py:104} INFO - [2021-02-07 14:47:38,419] {dag.py:2273} INFO - Setting next_dagrun for example_nested_branch_dag to 2021-02-05 00:00:00+00:00
[2021-02-07 14:47:38,438] {scheduler_job.py:189} INFO - Processing /home/airflow/.local/lib/python3.8/site-packages/airflow/example_dags/example_nested_branch_dag.py took 0.113 seconds
[2021-02-07 14:48:11,027] {scheduler_job.py:181} INFO - Started process (PID=61) to work on /home/airflow/.local/lib/python3.8/site-packages/airflow/example_dags/example_nested_branch_dag.py
[2021-02-07 14:48:11,037] {scheduler_job.py:627} INFO - Processing file /home/airflow/.local/lib/python3.8/site-packages/airflow/example_dags/example_nested_branch_dag.py for tasks to queue
[2021-02-07 14:48:11,044] {logging_mixin.py:104} INFO - [2021-02-07 14:48:11,043] {dagbag.py:449} INFO - Filling up the DagBag from /home/airflow/.local/lib/python3.8/site-packages/airflow/example_dags/example_nested_branch_dag.py
[2021-02-07 14:48:11,081] {scheduler_job.py:637} INFO - DAG(s) dict_keys(['example_nested_branch_dag']) retrieved from /home/airflow/.local/lib/python3.8/site-packages/airflow/example_dags/example_nested_branch_dag.py
[2021-02-07 14:48:11,320] {logging_mixin.py:104} INFO - [2021-02-07 14:48:11,319] {dag.py:1818} INFO - Sync 1 DAGs
[2021-02-07 14:48:11,455] {logging_mixin.py:104} INFO - [2021-02-07 14:48:11,455] {dag.py:2273} INFO - Setting next_dagrun for example_nested_branch_dag to 2021-02-05 00:00:00+00:00
[2021-02-07 14:48:11,479] {scheduler_job.py:189} INFO - Processing /home/airflow/.local/lib/python3.8/site-packages/airflow/example_dags/example_nested_branch_dag.py took 0.464 seconds
[2021-02-07 15:04:17,009] {scheduler_job.py:181} INFO - Started process (PID=24) to work on /home/airflow/.local/lib/python3.8/site-packages/airflow/example_dags/example_nested_branch_dag.py
[2021-02-07 15:04:17,015] {scheduler_job.py:627} INFO - Processing file /home/airflow/.local/lib/python3.8/site-packages/airflow/example_dags/example_nested_branch_dag.py for tasks to queue
[2021-02-07 15:04:17,017] {logging_mixin.py:104} INFO - [2021-02-07 15:04:17,017] {dagbag.py:449} INFO - Filling up the DagBag from /home/airflow/.local/lib/python3.8/site-packages/airflow/example_dags/example_nested_branch_dag.py
[2021-02-07 15:04:17,081] {scheduler_job.py:637} INFO - DAG(s) dict_keys(['example_nested_branch_dag']) retrieved from /home/airflow/.local/lib/python3.8/site-packages/airflow/example_dags/example_nested_branch_dag.py
[2021-02-07 15:04:17,139] {logging_mixin.py:104} INFO - [2021-02-07 15:04:17,139] {dag.py:1818} INFO - Sync 1 DAGs
[2021-02-07 15:04:17,191] {logging_mixin.py:104} INFO - [2021-02-07 15:04:17,191] {dag.py:2273} INFO - Setting next_dagrun for example_nested_branch_dag to 2021-02-05 00:00:00+00:00
[2021-02-07 15:04:17,215] {scheduler_job.py:189} INFO - Processing /home/airflow/.local/lib/python3.8/site-packages/airflow/example_dags/example_nested_branch_dag.py took 0.211 seconds
[2021-02-07 15:04:48,125] {scheduler_job.py:181} INFO - Started process (PID=50) to work on /home/airflow/.local/lib/python3.8/site-packages/airflow/example_dags/example_nested_branch_dag.py
[2021-02-07 15:04:48,155] {scheduler_job.py:627} INFO - Processing file /home/airflow/.local/lib/python3.8/site-packages/airflow/example_dags/example_nested_branch_dag.py for tasks to queue
[2021-02-07 15:04:48,177] {logging_mixin.py:104} INFO - [2021-02-07 15:04:48,175] {dagbag.py:449} INFO - Filling up the DagBag from /home/airflow/.local/lib/python3.8/site-packages/airflow/example_dags/example_nested_branch_dag.py
[2021-02-07 15:04:48,460] {scheduler_job.py:637} INFO - DAG(s) dict_keys(['example_nested_branch_dag']) retrieved from /home/airflow/.local/lib/python3.8/site-packages/airflow/example_dags/example_nested_branch_dag.py
[2021-02-07 15:04:49,214] {logging_mixin.py:104} INFO - [2021-02-07 15:04:49,214] {dag.py:1818} INFO - Sync 1 DAGs
[2021-02-07 15:04:49,671] {logging_mixin.py:104} INFO - [2021-02-07 15:04:49,670] {dag.py:2273} INFO - Setting next_dagrun for example_nested_branch_dag to 2021-02-05 00:00:00+00:00
[2021-02-07 15:04:49,810] {scheduler_job.py:189} INFO - Processing /home/airflow/.local/lib/python3.8/site-packages/airflow/example_dags/example_nested_branch_dag.py took 1.778 seconds
[2021-02-07 15:05:25,935] {scheduler_job.py:181} INFO - Started process (PID=77) to work on /home/airflow/.local/lib/python3.8/site-packages/airflow/example_dags/example_nested_branch_dag.py
[2021-02-07 15:05:26,036] {scheduler_job.py:627} INFO - Processing file /home/airflow/.local/lib/python3.8/site-packages/airflow/example_dags/example_nested_branch_dag.py for tasks to queue
[2021-02-07 15:05:26,071] {logging_mixin.py:104} INFO - [2021-02-07 15:05:26,068] {dagbag.py:449} INFO - Filling up the DagBag from /home/airflow/.local/lib/python3.8/site-packages/airflow/example_dags/example_nested_branch_dag.py
[2021-02-07 15:05:26,538] {scheduler_job.py:637} INFO - DAG(s) dict_keys(['example_nested_branch_dag']) retrieved from /home/airflow/.local/lib/python3.8/site-packages/airflow/example_dags/example_nested_branch_dag.py
[2021-02-07 15:05:27,095] {logging_mixin.py:104} INFO - [2021-02-07 15:05:27,094] {dag.py:1818} INFO - Sync 1 DAGs
[2021-02-07 15:05:27,401] {logging_mixin.py:104} INFO - [2021-02-07 15:05:27,400] {dag.py:2273} INFO - Setting next_dagrun for example_nested_branch_dag to 2021-02-05 00:00:00+00:00
[2021-02-07 15:05:27,568] {scheduler_job.py:189} INFO - Processing /home/airflow/.local/lib/python3.8/site-packages/airflow/example_dags/example_nested_branch_dag.py took 1.753 seconds
[2021-02-07 15:05:58,218] {scheduler_job.py:181} INFO - Started process (PID=103) to work on /home/airflow/.local/lib/python3.8/site-packages/airflow/example_dags/example_nested_branch_dag.py
[2021-02-07 15:05:58,221] {scheduler_job.py:627} INFO - Processing file /home/airflow/.local/lib/python3.8/site-packages/airflow/example_dags/example_nested_branch_dag.py for tasks to queue
[2021-02-07 15:05:58,227] {logging_mixin.py:104} INFO - [2021-02-07 15:05:58,225] {dagbag.py:449} INFO - Filling up the DagBag from /home/airflow/.local/lib/python3.8/site-packages/airflow/example_dags/example_nested_branch_dag.py
[2021-02-07 15:05:58,266] {scheduler_job.py:637} INFO - DAG(s) dict_keys(['example_nested_branch_dag']) retrieved from /home/airflow/.local/lib/python3.8/site-packages/airflow/example_dags/example_nested_branch_dag.py
[2021-02-07 15:05:58,351] {logging_mixin.py:104} INFO - [2021-02-07 15:05:58,351] {dag.py:1818} INFO - Sync 1 DAGs
[2021-02-07 15:05:58,403] {logging_mixin.py:104} INFO - [2021-02-07 15:05:58,402] {dag.py:2273} INFO - Setting next_dagrun for example_nested_branch_dag to 2021-02-05 00:00:00+00:00
[2021-02-07 15:05:58,441] {scheduler_job.py:189} INFO - Processing /home/airflow/.local/lib/python3.8/site-packages/airflow/example_dags/example_nested_branch_dag.py took 0.228 seconds
[2021-02-07 15:06:28,968] {scheduler_job.py:181} INFO - Started process (PID=129) to work on /home/airflow/.local/lib/python3.8/site-packages/airflow/example_dags/example_nested_branch_dag.py
[2021-02-07 15:06:28,971] {scheduler_job.py:627} INFO - Processing file /home/airflow/.local/lib/python3.8/site-packages/airflow/example_dags/example_nested_branch_dag.py for tasks to queue
[2021-02-07 15:06:28,979] {logging_mixin.py:104} INFO - [2021-02-07 15:06:28,978] {dagbag.py:449} INFO - Filling up the DagBag from /home/airflow/.local/lib/python3.8/site-packages/airflow/example_dags/example_nested_branch_dag.py
[2021-02-07 15:06:29,000] {scheduler_job.py:637} INFO - DAG(s) dict_keys(['example_nested_branch_dag']) retrieved from /home/airflow/.local/lib/python3.8/site-packages/airflow/example_dags/example_nested_branch_dag.py
[2021-02-07 15:06:29,030] {logging_mixin.py:104} INFO - [2021-02-07 15:06:29,029] {dag.py:1818} INFO - Sync 1 DAGs
[2021-02-07 15:06:29,055] {logging_mixin.py:104} INFO - [2021-02-07 15:06:29,055] {dag.py:2273} INFO - Setting next_dagrun for example_nested_branch_dag to 2021-02-05 00:00:00+00:00
[2021-02-07 15:06:29,078] {scheduler_job.py:189} INFO - Processing /home/airflow/.local/lib/python3.8/site-packages/airflow/example_dags/example_nested_branch_dag.py took 0.116 seconds
[2021-02-07 15:06:59,423] {scheduler_job.py:181} INFO - Started process (PID=155) to work on /home/airflow/.local/lib/python3.8/site-packages/airflow/example_dags/example_nested_branch_dag.py
[2021-02-07 15:06:59,426] {scheduler_job.py:627} INFO - Processing file /home/airflow/.local/lib/python3.8/site-packages/airflow/example_dags/example_nested_branch_dag.py for tasks to queue
[2021-02-07 15:06:59,428] {logging_mixin.py:104} INFO - [2021-02-07 15:06:59,428] {dagbag.py:449} INFO - Filling up the DagBag from /home/airflow/.local/lib/python3.8/site-packages/airflow/example_dags/example_nested_branch_dag.py
[2021-02-07 15:06:59,445] {scheduler_job.py:637} INFO - DAG(s) dict_keys(['example_nested_branch_dag']) retrieved from /home/airflow/.local/lib/python3.8/site-packages/airflow/example_dags/example_nested_branch_dag.py
[2021-02-07 15:06:59,467] {logging_mixin.py:104} INFO - [2021-02-07 15:06:59,467] {dag.py:1818} INFO - Sync 1 DAGs
[2021-02-07 15:06:59,497] {logging_mixin.py:104} INFO - [2021-02-07 15:06:59,496] {dag.py:2273} INFO - Setting next_dagrun for example_nested_branch_dag to 2021-02-05 00:00:00+00:00
[2021-02-07 15:06:59,507] {scheduler_job.py:189} INFO - Processing /home/airflow/.local/lib/python3.8/site-packages/airflow/example_dags/example_nested_branch_dag.py took 0.088 seconds
[2021-02-07 15:07:29,738] {scheduler_job.py:181} INFO - Started process (PID=181) to work on /home/airflow/.local/lib/python3.8/site-packages/airflow/example_dags/example_nested_branch_dag.py
[2021-02-07 15:07:29,741] {scheduler_job.py:627} INFO - Processing file /home/airflow/.local/lib/python3.8/site-packages/airflow/example_dags/example_nested_branch_dag.py for tasks to queue
[2021-02-07 15:07:29,742] {logging_mixin.py:104} INFO - [2021-02-07 15:07:29,742] {dagbag.py:449} INFO - Filling up the DagBag from /home/airflow/.local/lib/python3.8/site-packages/airflow/example_dags/example_nested_branch_dag.py
[2021-02-07 15:07:29,763] {scheduler_job.py:637} INFO - DAG(s) dict_keys(['example_nested_branch_dag']) retrieved from /home/airflow/.local/lib/python3.8/site-packages/airflow/example_dags/example_nested_branch_dag.py
[2021-02-07 15:07:29,788] {logging_mixin.py:104} INFO - [2021-02-07 15:07:29,788] {dag.py:1818} INFO - Sync 1 DAGs
[2021-02-07 15:07:29,811] {logging_mixin.py:104} INFO - [2021-02-07 15:07:29,811] {dag.py:2273} INFO - Setting next_dagrun for example_nested_branch_dag to 2021-02-05 00:00:00+00:00
[2021-02-07 15:07:29,822] {scheduler_job.py:189} INFO - Processing /home/airflow/.local/lib/python3.8/site-packages/airflow/example_dags/example_nested_branch_dag.py took 0.087 seconds
[2021-02-07 15:07:59,905] {scheduler_job.py:181} INFO - Started process (PID=207) to work on /home/airflow/.local/lib/python3.8/site-packages/airflow/example_dags/example_nested_branch_dag.py
[2021-02-07 15:07:59,907] {scheduler_job.py:627} INFO - Processing file /home/airflow/.local/lib/python3.8/site-packages/airflow/example_dags/example_nested_branch_dag.py for tasks to queue
[2021-02-07 15:07:59,910] {logging_mixin.py:104} INFO - [2021-02-07 15:07:59,909] {dagbag.py:449} INFO - Filling up the DagBag from /home/airflow/.local/lib/python3.8/site-packages/airflow/example_dags/example_nested_branch_dag.py
[2021-02-07 15:07:59,940] {scheduler_job.py:637} INFO - DAG(s) dict_keys(['example_nested_branch_dag']) retrieved from /home/airflow/.local/lib/python3.8/site-packages/airflow/example_dags/example_nested_branch_dag.py
[2021-02-07 15:07:59,976] {logging_mixin.py:104} INFO - [2021-02-07 15:07:59,976] {dag.py:1818} INFO - Sync 1 DAGs
[2021-02-07 15:08:00,005] {logging_mixin.py:104} INFO - [2021-02-07 15:08:00,005] {dag.py:2273} INFO - Setting next_dagrun for example_nested_branch_dag to 2021-02-05 00:00:00+00:00
[2021-02-07 15:08:00,015] {scheduler_job.py:189} INFO - Processing /home/airflow/.local/lib/python3.8/site-packages/airflow/example_dags/example_nested_branch_dag.py took 0.117 seconds
[2021-02-07 15:08:30,255] {scheduler_job.py:181} INFO - Started process (PID=233) to work on /home/airflow/.local/lib/python3.8/site-packages/airflow/example_dags/example_nested_branch_dag.py
[2021-02-07 15:08:30,257] {scheduler_job.py:627} INFO - Processing file /home/airflow/.local/lib/python3.8/site-packages/airflow/example_dags/example_nested_branch_dag.py for tasks to queue
[2021-02-07 15:08:30,259] {logging_mixin.py:104} INFO - [2021-02-07 15:08:30,259] {dagbag.py:449} INFO - Filling up the DagBag from /home/airflow/.local/lib/python3.8/site-packages/airflow/example_dags/example_nested_branch_dag.py
[2021-02-07 15:08:30,277] {scheduler_job.py:637} INFO - DAG(s) dict_keys(['example_nested_branch_dag']) retrieved from /home/airflow/.local/lib/python3.8/site-packages/airflow/example_dags/example_nested_branch_dag.py
[2021-02-07 15:08:30,307] {logging_mixin.py:104} INFO - [2021-02-07 15:08:30,307] {dag.py:1818} INFO - Sync 1 DAGs
[2021-02-07 15:08:30,328] {logging_mixin.py:104} INFO - [2021-02-07 15:08:30,328] {dag.py:2273} INFO - Setting next_dagrun for example_nested_branch_dag to 2021-02-05 00:00:00+00:00
[2021-02-07 15:08:30,340] {scheduler_job.py:189} INFO - Processing /home/airflow/.local/lib/python3.8/site-packages/airflow/example_dags/example_nested_branch_dag.py took 0.089 seconds
[2021-02-07 15:09:00,423] {scheduler_job.py:181} INFO - Started process (PID=259) to work on /home/airflow/.local/lib/python3.8/site-packages/airflow/example_dags/example_nested_branch_dag.py
[2021-02-07 15:09:00,425] {scheduler_job.py:627} INFO - Processing file /home/airflow/.local/lib/python3.8/site-packages/airflow/example_dags/example_nested_branch_dag.py for tasks to queue
[2021-02-07 15:09:00,428] {logging_mixin.py:104} INFO - [2021-02-07 15:09:00,428] {dagbag.py:449} INFO - Filling up the DagBag from /home/airflow/.local/lib/python3.8/site-packages/airflow/example_dags/example_nested_branch_dag.py
[2021-02-07 15:09:00,459] {scheduler_job.py:637} INFO - DAG(s) dict_keys(['example_nested_branch_dag']) retrieved from /home/airflow/.local/lib/python3.8/site-packages/airflow/example_dags/example_nested_branch_dag.py
[2021-02-07 15:09:00,490] {logging_mixin.py:104} INFO - [2021-02-07 15:09:00,490] {dag.py:1818} INFO - Sync 1 DAGs
[2021-02-07 15:09:00,510] {logging_mixin.py:104} INFO - [2021-02-07 15:09:00,510] {dag.py:2273} INFO - Setting next_dagrun for example_nested_branch_dag to 2021-02-05 00:00:00+00:00
[2021-02-07 15:09:00,522] {scheduler_job.py:189} INFO - Processing /home/airflow/.local/lib/python3.8/site-packages/airflow/example_dags/example_nested_branch_dag.py took 0.107 seconds
[2021-02-07 15:09:30,886] {scheduler_job.py:181} INFO - Started process (PID=285) to work on /home/airflow/.local/lib/python3.8/site-packages/airflow/example_dags/example_nested_branch_dag.py
[2021-02-07 15:09:30,889] {scheduler_job.py:627} INFO - Processing file /home/airflow/.local/lib/python3.8/site-packages/airflow/example_dags/example_nested_branch_dag.py for tasks to queue
[2021-02-07 15:09:30,891] {logging_mixin.py:104} INFO - [2021-02-07 15:09:30,890] {dagbag.py:449} INFO - Filling up the DagBag from /home/airflow/.local/lib/python3.8/site-packages/airflow/example_dags/example_nested_branch_dag.py
[2021-02-07 15:09:30,905] {scheduler_job.py:637} INFO - DAG(s) dict_keys(['example_nested_branch_dag']) retrieved from /home/airflow/.local/lib/python3.8/site-packages/airflow/example_dags/example_nested_branch_dag.py
[2021-02-07 15:09:30,930] {logging_mixin.py:104} INFO - [2021-02-07 15:09:30,930] {dag.py:1818} INFO - Sync 1 DAGs
[2021-02-07 15:09:30,956] {logging_mixin.py:104} INFO - [2021-02-07 15:09:30,956] {dag.py:2273} INFO - Setting next_dagrun for example_nested_branch_dag to 2021-02-05 00:00:00+00:00
[2021-02-07 15:09:30,970] {scheduler_job.py:189} INFO - Processing /home/airflow/.local/lib/python3.8/site-packages/airflow/example_dags/example_nested_branch_dag.py took 0.089 seconds
[2021-02-07 15:10:01,330] {scheduler_job.py:181} INFO - Started process (PID=311) to work on /home/airflow/.local/lib/python3.8/site-packages/airflow/example_dags/example_nested_branch_dag.py
[2021-02-07 15:10:01,338] {scheduler_job.py:627} INFO - Processing file /home/airflow/.local/lib/python3.8/site-packages/airflow/example_dags/example_nested_branch_dag.py for tasks to queue
[2021-02-07 15:10:01,340] {logging_mixin.py:104} INFO - [2021-02-07 15:10:01,340] {dagbag.py:449} INFO - Filling up the DagBag from /home/airflow/.local/lib/python3.8/site-packages/airflow/example_dags/example_nested_branch_dag.py
[2021-02-07 15:10:01,356] {scheduler_job.py:637} INFO - DAG(s) dict_keys(['example_nested_branch_dag']) retrieved from /home/airflow/.local/lib/python3.8/site-packages/airflow/example_dags/example_nested_branch_dag.py
[2021-02-07 15:10:01,380] {logging_mixin.py:104} INFO - [2021-02-07 15:10:01,380] {dag.py:1818} INFO - Sync 1 DAGs
[2021-02-07 15:10:01,400] {logging_mixin.py:104} INFO - [2021-02-07 15:10:01,400] {dag.py:2273} INFO - Setting next_dagrun for example_nested_branch_dag to 2021-02-05 00:00:00+00:00
[2021-02-07 15:10:01,412] {scheduler_job.py:189} INFO - Processing /home/airflow/.local/lib/python3.8/site-packages/airflow/example_dags/example_nested_branch_dag.py took 0.087 seconds
[2021-02-07 15:11:34,746] {scheduler_job.py:181} INFO - Started process (PID=330) to work on /home/airflow/.local/lib/python3.8/site-packages/airflow/example_dags/example_nested_branch_dag.py
[2021-02-07 15:11:34,756] {scheduler_job.py:627} INFO - Processing file /home/airflow/.local/lib/python3.8/site-packages/airflow/example_dags/example_nested_branch_dag.py for tasks to queue
[2021-02-07 15:11:34,764] {logging_mixin.py:104} INFO - [2021-02-07 15:11:34,763] {dagbag.py:449} INFO - Filling up the DagBag from /home/airflow/.local/lib/python3.8/site-packages/airflow/example_dags/example_nested_branch_dag.py
[2021-02-07 15:11:34,856] {scheduler_job.py:637} INFO - DAG(s) dict_keys(['example_nested_branch_dag']) retrieved from /home/airflow/.local/lib/python3.8/site-packages/airflow/example_dags/example_nested_branch_dag.py
[2021-02-07 15:11:35,041] {logging_mixin.py:104} INFO - [2021-02-07 15:11:35,040] {dag.py:1818} INFO - Sync 1 DAGs
[2021-02-07 15:11:35,237] {logging_mixin.py:104} INFO - [2021-02-07 15:11:35,236] {dag.py:2273} INFO - Setting next_dagrun for example_nested_branch_dag to 2021-02-05 00:00:00+00:00
[2021-02-07 15:11:35,318] {scheduler_job.py:189} INFO - Processing /home/airflow/.local/lib/python3.8/site-packages/airflow/example_dags/example_nested_branch_dag.py took 0.595 seconds
[2021-02-07 19:10:19,289] {scheduler_job.py:181} INFO - Started process (PID=356) to work on /home/airflow/.local/lib/python3.8/site-packages/airflow/example_dags/example_nested_branch_dag.py
[2021-02-07 19:10:19,293] {scheduler_job.py:627} INFO - Processing file /home/airflow/.local/lib/python3.8/site-packages/airflow/example_dags/example_nested_branch_dag.py for tasks to queue
[2021-02-07 19:10:19,299] {logging_mixin.py:104} INFO - [2021-02-07 19:10:19,299] {dagbag.py:449} INFO - Filling up the DagBag from /home/airflow/.local/lib/python3.8/site-packages/airflow/example_dags/example_nested_branch_dag.py
[2021-02-07 19:10:19,343] {scheduler_job.py:637} INFO - DAG(s) dict_keys(['example_nested_branch_dag']) retrieved from /home/airflow/.local/lib/python3.8/site-packages/airflow/example_dags/example_nested_branch_dag.py
[2021-02-07 19:10:19,403] {logging_mixin.py:104} INFO - [2021-02-07 19:10:19,403] {dag.py:1818} INFO - Sync 1 DAGs
[2021-02-07 19:10:19,452] {logging_mixin.py:104} INFO - [2021-02-07 19:10:19,452] {dag.py:2273} INFO - Setting next_dagrun for example_nested_branch_dag to 2021-02-05 00:00:00+00:00
[2021-02-07 19:10:19,503] {scheduler_job.py:189} INFO - Processing /home/airflow/.local/lib/python3.8/site-packages/airflow/example_dags/example_nested_branch_dag.py took 0.224 seconds
[2021-02-07 21:10:32,866] {scheduler_job.py:181} INFO - Started process (PID=382) to work on /home/airflow/.local/lib/python3.8/site-packages/airflow/example_dags/example_nested_branch_dag.py
[2021-02-07 21:10:32,878] {scheduler_job.py:627} INFO - Processing file /home/airflow/.local/lib/python3.8/site-packages/airflow/example_dags/example_nested_branch_dag.py for tasks to queue
[2021-02-07 21:10:32,885] {logging_mixin.py:104} INFO - [2021-02-07 21:10:32,884] {dagbag.py:449} INFO - Filling up the DagBag from /home/airflow/.local/lib/python3.8/site-packages/airflow/example_dags/example_nested_branch_dag.py
[2021-02-07 21:10:32,941] {scheduler_job.py:637} INFO - DAG(s) dict_keys(['example_nested_branch_dag']) retrieved from /home/airflow/.local/lib/python3.8/site-packages/airflow/example_dags/example_nested_branch_dag.py
[2021-02-07 21:10:33,002] {logging_mixin.py:104} INFO - [2021-02-07 21:10:33,002] {dag.py:1818} INFO - Sync 1 DAGs
[2021-02-07 21:10:33,075] {logging_mixin.py:104} INFO - [2021-02-07 21:10:33,075] {dag.py:2273} INFO - Setting next_dagrun for example_nested_branch_dag to 2021-02-05 00:00:00+00:00
[2021-02-07 21:10:33,131] {scheduler_job.py:189} INFO - Processing /home/airflow/.local/lib/python3.8/site-packages/airflow/example_dags/example_nested_branch_dag.py took 0.281 seconds
[2021-02-07 21:45:30,600] {scheduler_job.py:181} INFO - Started process (PID=408) to work on /home/airflow/.local/lib/python3.8/site-packages/airflow/example_dags/example_nested_branch_dag.py
[2021-02-07 21:45:30,615] {scheduler_job.py:627} INFO - Processing file /home/airflow/.local/lib/python3.8/site-packages/airflow/example_dags/example_nested_branch_dag.py for tasks to queue
[2021-02-07 21:45:30,628] {logging_mixin.py:104} INFO - [2021-02-07 21:45:30,628] {dagbag.py:449} INFO - Filling up the DagBag from /home/airflow/.local/lib/python3.8/site-packages/airflow/example_dags/example_nested_branch_dag.py
[2021-02-07 21:45:30,701] {scheduler_job.py:637} INFO - DAG(s) dict_keys(['example_nested_branch_dag']) retrieved from /home/airflow/.local/lib/python3.8/site-packages/airflow/example_dags/example_nested_branch_dag.py
[2021-02-07 21:45:30,753] {logging_mixin.py:104} INFO - [2021-02-07 21:45:30,752] {dag.py:1818} INFO - Sync 1 DAGs
[2021-02-07 21:45:30,831] {logging_mixin.py:104} INFO - [2021-02-07 21:45:30,831] {dag.py:2273} INFO - Setting next_dagrun for example_nested_branch_dag to 2021-02-05 00:00:00+00:00
[2021-02-07 21:45:30,895] {scheduler_job.py:189} INFO - Processing /home/airflow/.local/lib/python3.8/site-packages/airflow/example_dags/example_nested_branch_dag.py took 0.305 seconds
[2021-02-07 21:46:01,610] {scheduler_job.py:181} INFO - Started process (PID=434) to work on /home/airflow/.local/lib/python3.8/site-packages/airflow/example_dags/example_nested_branch_dag.py
[2021-02-07 21:46:01,613] {scheduler_job.py:627} INFO - Processing file /home/airflow/.local/lib/python3.8/site-packages/airflow/example_dags/example_nested_branch_dag.py for tasks to queue
[2021-02-07 21:46:01,616] {logging_mixin.py:104} INFO - [2021-02-07 21:46:01,616] {dagbag.py:449} INFO - Filling up the DagBag from /home/airflow/.local/lib/python3.8/site-packages/airflow/example_dags/example_nested_branch_dag.py
[2021-02-07 21:46:01,644] {scheduler_job.py:637} INFO - DAG(s) dict_keys(['example_nested_branch_dag']) retrieved from /home/airflow/.local/lib/python3.8/site-packages/airflow/example_dags/example_nested_branch_dag.py
[2021-02-07 21:46:01,683] {logging_mixin.py:104} INFO - [2021-02-07 21:46:01,683] {dag.py:1818} INFO - Sync 1 DAGs
[2021-02-07 21:46:01,727] {logging_mixin.py:104} INFO - [2021-02-07 21:46:01,727] {dag.py:2273} INFO - Setting next_dagrun for example_nested_branch_dag to 2021-02-05 00:00:00+00:00
[2021-02-07 21:46:01,754] {scheduler_job.py:189} INFO - Processing /home/airflow/.local/lib/python3.8/site-packages/airflow/example_dags/example_nested_branch_dag.py took 0.150 seconds
[2021-02-07 21:46:31,973] {scheduler_job.py:181} INFO - Started process (PID=460) to work on /home/airflow/.local/lib/python3.8/site-packages/airflow/example_dags/example_nested_branch_dag.py
[2021-02-07 21:46:31,976] {scheduler_job.py:627} INFO - Processing file /home/airflow/.local/lib/python3.8/site-packages/airflow/example_dags/example_nested_branch_dag.py for tasks to queue
[2021-02-07 21:46:31,979] {logging_mixin.py:104} INFO - [2021-02-07 21:46:31,978] {dagbag.py:449} INFO - Filling up the DagBag from /home/airflow/.local/lib/python3.8/site-packages/airflow/example_dags/example_nested_branch_dag.py
[2021-02-07 21:46:31,999] {scheduler_job.py:637} INFO - DAG(s) dict_keys(['example_nested_branch_dag']) retrieved from /home/airflow/.local/lib/python3.8/site-packages/airflow/example_dags/example_nested_branch_dag.py
[2021-02-07 21:46:32,046] {logging_mixin.py:104} INFO - [2021-02-07 21:46:32,046] {dag.py:1818} INFO - Sync 1 DAGs
[2021-02-07 21:46:32,080] {logging_mixin.py:104} INFO - [2021-02-07 21:46:32,080] {dag.py:2273} INFO - Setting next_dagrun for example_nested_branch_dag to 2021-02-05 00:00:00+00:00
[2021-02-07 21:46:32,095] {scheduler_job.py:189} INFO - Processing /home/airflow/.local/lib/python3.8/site-packages/airflow/example_dags/example_nested_branch_dag.py took 0.127 seconds
[2021-02-07 21:47:02,629] {scheduler_job.py:181} INFO - Started process (PID=486) to work on /home/airflow/.local/lib/python3.8/site-packages/airflow/example_dags/example_nested_branch_dag.py
[2021-02-07 21:47:02,666] {scheduler_job.py:627} INFO - Processing file /home/airflow/.local/lib/python3.8/site-packages/airflow/example_dags/example_nested_branch_dag.py for tasks to queue
[2021-02-07 21:47:02,688] {logging_mixin.py:104} INFO - [2021-02-07 21:47:02,682] {dagbag.py:449} INFO - Filling up the DagBag from /home/airflow/.local/lib/python3.8/site-packages/airflow/example_dags/example_nested_branch_dag.py
[2021-02-07 21:47:02,872] {scheduler_job.py:637} INFO - DAG(s) dict_keys(['example_nested_branch_dag']) retrieved from /home/airflow/.local/lib/python3.8/site-packages/airflow/example_dags/example_nested_branch_dag.py
[2021-02-07 21:47:03,088] {logging_mixin.py:104} INFO - [2021-02-07 21:47:03,087] {dag.py:1818} INFO - Sync 1 DAGs
[2021-02-07 21:47:03,376] {logging_mixin.py:104} INFO - [2021-02-07 21:47:03,375] {dag.py:2273} INFO - Setting next_dagrun for example_nested_branch_dag to 2021-02-05 00:00:00+00:00
[2021-02-07 21:47:03,486] {scheduler_job.py:189} INFO - Processing /home/airflow/.local/lib/python3.8/site-packages/airflow/example_dags/example_nested_branch_dag.py took 0.904 seconds
[2021-02-07 21:47:34,019] {scheduler_job.py:181} INFO - Started process (PID=512) to work on /home/airflow/.local/lib/python3.8/site-packages/airflow/example_dags/example_nested_branch_dag.py
[2021-02-07 21:47:34,025] {scheduler_job.py:627} INFO - Processing file /home/airflow/.local/lib/python3.8/site-packages/airflow/example_dags/example_nested_branch_dag.py for tasks to queue
[2021-02-07 21:47:34,027] {logging_mixin.py:104} INFO - [2021-02-07 21:47:34,027] {dagbag.py:449} INFO - Filling up the DagBag from /home/airflow/.local/lib/python3.8/site-packages/airflow/example_dags/example_nested_branch_dag.py
[2021-02-07 21:47:34,063] {scheduler_job.py:637} INFO - DAG(s) dict_keys(['example_nested_branch_dag']) retrieved from /home/airflow/.local/lib/python3.8/site-packages/airflow/example_dags/example_nested_branch_dag.py
[2021-02-07 21:47:34,134] {logging_mixin.py:104} INFO - [2021-02-07 21:47:34,134] {dag.py:1818} INFO - Sync 1 DAGs
[2021-02-07 21:47:34,180] {logging_mixin.py:104} INFO - [2021-02-07 21:47:34,179] {dag.py:2273} INFO - Setting next_dagrun for example_nested_branch_dag to 2021-02-05 00:00:00+00:00
[2021-02-07 21:47:34,201] {scheduler_job.py:189} INFO - Processing /home/airflow/.local/lib/python3.8/site-packages/airflow/example_dags/example_nested_branch_dag.py took 0.189 seconds
[2021-02-07 21:48:04,837] {scheduler_job.py:181} INFO - Started process (PID=538) to work on /home/airflow/.local/lib/python3.8/site-packages/airflow/example_dags/example_nested_branch_dag.py
[2021-02-07 21:48:04,839] {scheduler_job.py:627} INFO - Processing file /home/airflow/.local/lib/python3.8/site-packages/airflow/example_dags/example_nested_branch_dag.py for tasks to queue
[2021-02-07 21:48:04,841] {logging_mixin.py:104} INFO - [2021-02-07 21:48:04,841] {dagbag.py:449} INFO - Filling up the DagBag from /home/airflow/.local/lib/python3.8/site-packages/airflow/example_dags/example_nested_branch_dag.py
[2021-02-07 21:48:04,859] {scheduler_job.py:637} INFO - DAG(s) dict_keys(['example_nested_branch_dag']) retrieved from /home/airflow/.local/lib/python3.8/site-packages/airflow/example_dags/example_nested_branch_dag.py
[2021-02-07 21:48:04,893] {logging_mixin.py:104} INFO - [2021-02-07 21:48:04,892] {dag.py:1818} INFO - Sync 1 DAGs
[2021-02-07 21:48:04,939] {logging_mixin.py:104} INFO - [2021-02-07 21:48:04,939] {dag.py:2273} INFO - Setting next_dagrun for example_nested_branch_dag to 2021-02-05 00:00:00+00:00
[2021-02-07 21:48:04,952] {scheduler_job.py:189} INFO - Processing /home/airflow/.local/lib/python3.8/site-packages/airflow/example_dags/example_nested_branch_dag.py took 0.121 seconds
[2021-02-07 21:48:35,492] {scheduler_job.py:181} INFO - Started process (PID=564) to work on /home/airflow/.local/lib/python3.8/site-packages/airflow/example_dags/example_nested_branch_dag.py
[2021-02-07 21:48:35,496] {scheduler_job.py:627} INFO - Processing file /home/airflow/.local/lib/python3.8/site-packages/airflow/example_dags/example_nested_branch_dag.py for tasks to queue
[2021-02-07 21:48:35,504] {logging_mixin.py:104} INFO - [2021-02-07 21:48:35,503] {dagbag.py:449} INFO - Filling up the DagBag from /home/airflow/.local/lib/python3.8/site-packages/airflow/example_dags/example_nested_branch_dag.py
[2021-02-07 21:48:35,548] {scheduler_job.py:637} INFO - DAG(s) dict_keys(['example_nested_branch_dag']) retrieved from /home/airflow/.local/lib/python3.8/site-packages/airflow/example_dags/example_nested_branch_dag.py
[2021-02-07 21:48:35,626] {logging_mixin.py:104} INFO - [2021-02-07 21:48:35,626] {dag.py:1818} INFO - Sync 1 DAGs
[2021-02-07 21:48:35,695] {logging_mixin.py:104} INFO - [2021-02-07 21:48:35,695] {dag.py:2273} INFO - Setting next_dagrun for example_nested_branch_dag to 2021-02-05 00:00:00+00:00
[2021-02-07 21:48:35,776] {scheduler_job.py:189} INFO - Processing /home/airflow/.local/lib/python3.8/site-packages/airflow/example_dags/example_nested_branch_dag.py took 0.292 seconds
[2021-02-07 21:49:06,782] {scheduler_job.py:181} INFO - Started process (PID=590) to work on /home/airflow/.local/lib/python3.8/site-packages/airflow/example_dags/example_nested_branch_dag.py
[2021-02-07 21:49:06,785] {scheduler_job.py:627} INFO - Processing file /home/airflow/.local/lib/python3.8/site-packages/airflow/example_dags/example_nested_branch_dag.py for tasks to queue
[2021-02-07 21:49:06,787] {logging_mixin.py:104} INFO - [2021-02-07 21:49:06,787] {dagbag.py:449} INFO - Filling up the DagBag from /home/airflow/.local/lib/python3.8/site-packages/airflow/example_dags/example_nested_branch_dag.py
[2021-02-07 21:49:06,806] {scheduler_job.py:637} INFO - DAG(s) dict_keys(['example_nested_branch_dag']) retrieved from /home/airflow/.local/lib/python3.8/site-packages/airflow/example_dags/example_nested_branch_dag.py
[2021-02-07 21:49:06,843] {logging_mixin.py:104} INFO - [2021-02-07 21:49:06,842] {dag.py:1818} INFO - Sync 1 DAGs
[2021-02-07 21:49:06,867] {logging_mixin.py:104} INFO - [2021-02-07 21:49:06,867] {dag.py:2273} INFO - Setting next_dagrun for example_nested_branch_dag to 2021-02-05 00:00:00+00:00
[2021-02-07 21:49:06,886] {scheduler_job.py:189} INFO - Processing /home/airflow/.local/lib/python3.8/site-packages/airflow/example_dags/example_nested_branch_dag.py took 0.108 seconds
[2021-02-07 21:49:37,372] {scheduler_job.py:181} INFO - Started process (PID=616) to work on /home/airflow/.local/lib/python3.8/site-packages/airflow/example_dags/example_nested_branch_dag.py
[2021-02-07 21:49:37,374] {scheduler_job.py:627} INFO - Processing file /home/airflow/.local/lib/python3.8/site-packages/airflow/example_dags/example_nested_branch_dag.py for tasks to queue
[2021-02-07 21:49:37,376] {logging_mixin.py:104} INFO - [2021-02-07 21:49:37,376] {dagbag.py:449} INFO - Filling up the DagBag from /home/airflow/.local/lib/python3.8/site-packages/airflow/example_dags/example_nested_branch_dag.py
[2021-02-07 21:49:37,393] {scheduler_job.py:637} INFO - DAG(s) dict_keys(['example_nested_branch_dag']) retrieved from /home/airflow/.local/lib/python3.8/site-packages/airflow/example_dags/example_nested_branch_dag.py
[2021-02-07 21:49:37,423] {logging_mixin.py:104} INFO - [2021-02-07 21:49:37,423] {dag.py:1818} INFO - Sync 1 DAGs
[2021-02-07 21:49:37,446] {logging_mixin.py:104} INFO - [2021-02-07 21:49:37,446] {dag.py:2273} INFO - Setting next_dagrun for example_nested_branch_dag to 2021-02-05 00:00:00+00:00
[2021-02-07 21:49:37,459] {scheduler_job.py:189} INFO - Processing /home/airflow/.local/lib/python3.8/site-packages/airflow/example_dags/example_nested_branch_dag.py took 0.092 seconds
[2021-02-07 21:50:07,935] {scheduler_job.py:181} INFO - Started process (PID=642) to work on /home/airflow/.local/lib/python3.8/site-packages/airflow/example_dags/example_nested_branch_dag.py
[2021-02-07 21:50:07,938] {scheduler_job.py:627} INFO - Processing file /home/airflow/.local/lib/python3.8/site-packages/airflow/example_dags/example_nested_branch_dag.py for tasks to queue
[2021-02-07 21:50:07,940] {logging_mixin.py:104} INFO - [2021-02-07 21:50:07,939] {dagbag.py:449} INFO - Filling up the DagBag from /home/airflow/.local/lib/python3.8/site-packages/airflow/example_dags/example_nested_branch_dag.py
[2021-02-07 21:50:07,964] {scheduler_job.py:637} INFO - DAG(s) dict_keys(['example_nested_branch_dag']) retrieved from /home/airflow/.local/lib/python3.8/site-packages/airflow/example_dags/example_nested_branch_dag.py
[2021-02-07 21:50:08,003] {logging_mixin.py:104} INFO - [2021-02-07 21:50:08,003] {dag.py:1818} INFO - Sync 1 DAGs
[2021-02-07 21:50:08,035] {logging_mixin.py:104} INFO - [2021-02-07 21:50:08,035] {dag.py:2273} INFO - Setting next_dagrun for example_nested_branch_dag to 2021-02-05 00:00:00+00:00
[2021-02-07 21:50:08,055] {scheduler_job.py:189} INFO - Processing /home/airflow/.local/lib/python3.8/site-packages/airflow/example_dags/example_nested_branch_dag.py took 0.127 seconds
[2021-02-07 21:50:39,010] {scheduler_job.py:181} INFO - Started process (PID=668) to work on /home/airflow/.local/lib/python3.8/site-packages/airflow/example_dags/example_nested_branch_dag.py
[2021-02-07 21:50:39,012] {scheduler_job.py:627} INFO - Processing file /home/airflow/.local/lib/python3.8/site-packages/airflow/example_dags/example_nested_branch_dag.py for tasks to queue
[2021-02-07 21:50:39,014] {logging_mixin.py:104} INFO - [2021-02-07 21:50:39,014] {dagbag.py:449} INFO - Filling up the DagBag from /home/airflow/.local/lib/python3.8/site-packages/airflow/example_dags/example_nested_branch_dag.py
[2021-02-07 21:50:39,033] {scheduler_job.py:637} INFO - DAG(s) dict_keys(['example_nested_branch_dag']) retrieved from /home/airflow/.local/lib/python3.8/site-packages/airflow/example_dags/example_nested_branch_dag.py
[2021-02-07 21:50:39,063] {logging_mixin.py:104} INFO - [2021-02-07 21:50:39,063] {dag.py:1818} INFO - Sync 1 DAGs
[2021-02-07 21:50:39,084] {logging_mixin.py:104} INFO - [2021-02-07 21:50:39,084] {dag.py:2273} INFO - Setting next_dagrun for example_nested_branch_dag to 2021-02-05 00:00:00+00:00
[2021-02-07 21:50:39,100] {scheduler_job.py:189} INFO - Processing /home/airflow/.local/lib/python3.8/site-packages/airflow/example_dags/example_nested_branch_dag.py took 0.098 seconds
[2021-02-07 21:51:09,645] {scheduler_job.py:181} INFO - Started process (PID=694) to work on /home/airflow/.local/lib/python3.8/site-packages/airflow/example_dags/example_nested_branch_dag.py
[2021-02-07 21:51:09,647] {scheduler_job.py:627} INFO - Processing file /home/airflow/.local/lib/python3.8/site-packages/airflow/example_dags/example_nested_branch_dag.py for tasks to queue
[2021-02-07 21:51:09,649] {logging_mixin.py:104} INFO - [2021-02-07 21:51:09,649] {dagbag.py:449} INFO - Filling up the DagBag from /home/airflow/.local/lib/python3.8/site-packages/airflow/example_dags/example_nested_branch_dag.py
[2021-02-07 21:51:09,668] {scheduler_job.py:637} INFO - DAG(s) dict_keys(['example_nested_branch_dag']) retrieved from /home/airflow/.local/lib/python3.8/site-packages/airflow/example_dags/example_nested_branch_dag.py
[2021-02-07 21:51:09,698] {logging_mixin.py:104} INFO - [2021-02-07 21:51:09,698] {dag.py:1818} INFO - Sync 1 DAGs
[2021-02-07 21:51:09,722] {logging_mixin.py:104} INFO - [2021-02-07 21:51:09,722] {dag.py:2273} INFO - Setting next_dagrun for example_nested_branch_dag to 2021-02-05 00:00:00+00:00
[2021-02-07 21:51:09,739] {scheduler_job.py:189} INFO - Processing /home/airflow/.local/lib/python3.8/site-packages/airflow/example_dags/example_nested_branch_dag.py took 0.099 seconds
[2021-02-07 21:51:40,312] {scheduler_job.py:181} INFO - Started process (PID=720) to work on /home/airflow/.local/lib/python3.8/site-packages/airflow/example_dags/example_nested_branch_dag.py
[2021-02-07 21:51:40,314] {scheduler_job.py:627} INFO - Processing file /home/airflow/.local/lib/python3.8/site-packages/airflow/example_dags/example_nested_branch_dag.py for tasks to queue
[2021-02-07 21:51:40,316] {logging_mixin.py:104} INFO - [2021-02-07 21:51:40,316] {dagbag.py:449} INFO - Filling up the DagBag from /home/airflow/.local/lib/python3.8/site-packages/airflow/example_dags/example_nested_branch_dag.py
[2021-02-07 21:51:40,334] {scheduler_job.py:637} INFO - DAG(s) dict_keys(['example_nested_branch_dag']) retrieved from /home/airflow/.local/lib/python3.8/site-packages/airflow/example_dags/example_nested_branch_dag.py
[2021-02-07 21:51:40,382] {logging_mixin.py:104} INFO - [2021-02-07 21:51:40,382] {dag.py:1818} INFO - Sync 1 DAGs
[2021-02-07 21:51:40,417] {logging_mixin.py:104} INFO - [2021-02-07 21:51:40,417] {dag.py:2273} INFO - Setting next_dagrun for example_nested_branch_dag to 2021-02-05 00:00:00+00:00
[2021-02-07 21:51:40,433] {scheduler_job.py:189} INFO - Processing /home/airflow/.local/lib/python3.8/site-packages/airflow/example_dags/example_nested_branch_dag.py took 0.125 seconds
[2021-02-07 21:52:11,272] {scheduler_job.py:181} INFO - Started process (PID=746) to work on /home/airflow/.local/lib/python3.8/site-packages/airflow/example_dags/example_nested_branch_dag.py
[2021-02-07 21:52:11,274] {scheduler_job.py:627} INFO - Processing file /home/airflow/.local/lib/python3.8/site-packages/airflow/example_dags/example_nested_branch_dag.py for tasks to queue
[2021-02-07 21:52:11,276] {logging_mixin.py:104} INFO - [2021-02-07 21:52:11,276] {dagbag.py:449} INFO - Filling up the DagBag from /home/airflow/.local/lib/python3.8/site-packages/airflow/example_dags/example_nested_branch_dag.py
[2021-02-07 21:52:11,293] {scheduler_job.py:637} INFO - DAG(s) dict_keys(['example_nested_branch_dag']) retrieved from /home/airflow/.local/lib/python3.8/site-packages/airflow/example_dags/example_nested_branch_dag.py
[2021-02-07 21:52:11,322] {logging_mixin.py:104} INFO - [2021-02-07 21:52:11,322] {dag.py:1818} INFO - Sync 1 DAGs
[2021-02-07 21:52:11,344] {logging_mixin.py:104} INFO - [2021-02-07 21:52:11,344] {dag.py:2273} INFO - Setting next_dagrun for example_nested_branch_dag to 2021-02-05 00:00:00+00:00
[2021-02-07 21:52:11,360] {scheduler_job.py:189} INFO - Processing /home/airflow/.local/lib/python3.8/site-packages/airflow/example_dags/example_nested_branch_dag.py took 0.094 seconds
[2021-02-07 21:52:41,593] {scheduler_job.py:181} INFO - Started process (PID=772) to work on /home/airflow/.local/lib/python3.8/site-packages/airflow/example_dags/example_nested_branch_dag.py
[2021-02-07 21:52:41,597] {scheduler_job.py:627} INFO - Processing file /home/airflow/.local/lib/python3.8/site-packages/airflow/example_dags/example_nested_branch_dag.py for tasks to queue
[2021-02-07 21:52:41,599] {logging_mixin.py:104} INFO - [2021-02-07 21:52:41,599] {dagbag.py:449} INFO - Filling up the DagBag from /home/airflow/.local/lib/python3.8/site-packages/airflow/example_dags/example_nested_branch_dag.py
[2021-02-07 21:52:41,617] {scheduler_job.py:637} INFO - DAG(s) dict_keys(['example_nested_branch_dag']) retrieved from /home/airflow/.local/lib/python3.8/site-packages/airflow/example_dags/example_nested_branch_dag.py
[2021-02-07 21:52:41,645] {logging_mixin.py:104} INFO - [2021-02-07 21:52:41,645] {dag.py:1818} INFO - Sync 1 DAGs
[2021-02-07 21:52:41,687] {logging_mixin.py:104} INFO - [2021-02-07 21:52:41,686] {dag.py:2273} INFO - Setting next_dagrun for example_nested_branch_dag to 2021-02-05 00:00:00+00:00
[2021-02-07 21:52:41,723] {scheduler_job.py:189} INFO - Processing /home/airflow/.local/lib/python3.8/site-packages/airflow/example_dags/example_nested_branch_dag.py took 0.135 seconds
[2021-02-07 21:53:12,670] {scheduler_job.py:181} INFO - Started process (PID=798) to work on /home/airflow/.local/lib/python3.8/site-packages/airflow/example_dags/example_nested_branch_dag.py
[2021-02-07 21:53:12,684] {scheduler_job.py:627} INFO - Processing file /home/airflow/.local/lib/python3.8/site-packages/airflow/example_dags/example_nested_branch_dag.py for tasks to queue
[2021-02-07 21:53:12,693] {logging_mixin.py:104} INFO - [2021-02-07 21:53:12,692] {dagbag.py:449} INFO - Filling up the DagBag from /home/airflow/.local/lib/python3.8/site-packages/airflow/example_dags/example_nested_branch_dag.py
[2021-02-07 21:53:12,745] {scheduler_job.py:637} INFO - DAG(s) dict_keys(['example_nested_branch_dag']) retrieved from /home/airflow/.local/lib/python3.8/site-packages/airflow/example_dags/example_nested_branch_dag.py
[2021-02-07 21:53:12,853] {logging_mixin.py:104} INFO - [2021-02-07 21:53:12,853] {dag.py:1818} INFO - Sync 1 DAGs
[2021-02-07 21:53:12,882] {logging_mixin.py:104} INFO - [2021-02-07 21:53:12,882] {dag.py:2273} INFO - Setting next_dagrun for example_nested_branch_dag to 2021-02-05 00:00:00+00:00
[2021-02-07 21:53:12,898] {scheduler_job.py:189} INFO - Processing /home/airflow/.local/lib/python3.8/site-packages/airflow/example_dags/example_nested_branch_dag.py took 0.252 seconds
[2021-02-07 21:53:43,761] {scheduler_job.py:181} INFO - Started process (PID=831) to work on /home/airflow/.local/lib/python3.8/site-packages/airflow/example_dags/example_nested_branch_dag.py
[2021-02-07 21:53:43,762] {scheduler_job.py:627} INFO - Processing file /home/airflow/.local/lib/python3.8/site-packages/airflow/example_dags/example_nested_branch_dag.py for tasks to queue
[2021-02-07 21:53:43,764] {logging_mixin.py:104} INFO - [2021-02-07 21:53:43,764] {dagbag.py:449} INFO - Filling up the DagBag from /home/airflow/.local/lib/python3.8/site-packages/airflow/example_dags/example_nested_branch_dag.py
[2021-02-07 21:53:43,780] {scheduler_job.py:637} INFO - DAG(s) dict_keys(['example_nested_branch_dag']) retrieved from /home/airflow/.local/lib/python3.8/site-packages/airflow/example_dags/example_nested_branch_dag.py
[2021-02-07 21:53:43,807] {logging_mixin.py:104} INFO - [2021-02-07 21:53:43,806] {dag.py:1818} INFO - Sync 1 DAGs
[2021-02-07 21:53:43,829] {logging_mixin.py:104} INFO - [2021-02-07 21:53:43,829] {dag.py:2273} INFO - Setting next_dagrun for example_nested_branch_dag to 2021-02-05 00:00:00+00:00
[2021-02-07 21:53:43,842] {scheduler_job.py:189} INFO - Processing /home/airflow/.local/lib/python3.8/site-packages/airflow/example_dags/example_nested_branch_dag.py took 0.086 seconds
[2021-02-07 21:54:14,173] {scheduler_job.py:181} INFO - Started process (PID=866) to work on /home/airflow/.local/lib/python3.8/site-packages/airflow/example_dags/example_nested_branch_dag.py
[2021-02-07 21:54:14,176] {scheduler_job.py:627} INFO - Processing file /home/airflow/.local/lib/python3.8/site-packages/airflow/example_dags/example_nested_branch_dag.py for tasks to queue
[2021-02-07 21:54:14,178] {logging_mixin.py:104} INFO - [2021-02-07 21:54:14,177] {dagbag.py:449} INFO - Filling up the DagBag from /home/airflow/.local/lib/python3.8/site-packages/airflow/example_dags/example_nested_branch_dag.py
[2021-02-07 21:54:14,193] {scheduler_job.py:637} INFO - DAG(s) dict_keys(['example_nested_branch_dag']) retrieved from /home/airflow/.local/lib/python3.8/site-packages/airflow/example_dags/example_nested_branch_dag.py
[2021-02-07 21:54:14,221] {logging_mixin.py:104} INFO - [2021-02-07 21:54:14,221] {dag.py:1818} INFO - Sync 1 DAGs
[2021-02-07 21:54:14,245] {logging_mixin.py:104} INFO - [2021-02-07 21:54:14,245] {dag.py:2273} INFO - Setting next_dagrun for example_nested_branch_dag to 2021-02-05 00:00:00+00:00
[2021-02-07 21:54:14,262] {scheduler_job.py:189} INFO - Processing /home/airflow/.local/lib/python3.8/site-packages/airflow/example_dags/example_nested_branch_dag.py took 0.092 seconds
[2021-02-07 21:54:44,700] {scheduler_job.py:181} INFO - Started process (PID=892) to work on /home/airflow/.local/lib/python3.8/site-packages/airflow/example_dags/example_nested_branch_dag.py
[2021-02-07 21:54:44,702] {scheduler_job.py:627} INFO - Processing file /home/airflow/.local/lib/python3.8/site-packages/airflow/example_dags/example_nested_branch_dag.py for tasks to queue
[2021-02-07 21:54:44,704] {logging_mixin.py:104} INFO - [2021-02-07 21:54:44,704] {dagbag.py:449} INFO - Filling up the DagBag from /home/airflow/.local/lib/python3.8/site-packages/airflow/example_dags/example_nested_branch_dag.py
[2021-02-07 21:54:44,722] {scheduler_job.py:637} INFO - DAG(s) dict_keys(['example_nested_branch_dag']) retrieved from /home/airflow/.local/lib/python3.8/site-packages/airflow/example_dags/example_nested_branch_dag.py
[2021-02-07 21:54:44,749] {logging_mixin.py:104} INFO - [2021-02-07 21:54:44,749] {dag.py:1818} INFO - Sync 1 DAGs
[2021-02-07 21:54:44,771] {logging_mixin.py:104} INFO - [2021-02-07 21:54:44,771] {dag.py:2273} INFO - Setting next_dagrun for example_nested_branch_dag to 2021-02-05 00:00:00+00:00
[2021-02-07 21:54:44,788] {scheduler_job.py:189} INFO - Processing /home/airflow/.local/lib/python3.8/site-packages/airflow/example_dags/example_nested_branch_dag.py took 0.092 seconds
[2021-02-07 21:55:15,758] {scheduler_job.py:181} INFO - Started process (PID=918) to work on /home/airflow/.local/lib/python3.8/site-packages/airflow/example_dags/example_nested_branch_dag.py
[2021-02-07 21:55:15,770] {scheduler_job.py:627} INFO - Processing file /home/airflow/.local/lib/python3.8/site-packages/airflow/example_dags/example_nested_branch_dag.py for tasks to queue
[2021-02-07 21:55:15,783] {logging_mixin.py:104} INFO - [2021-02-07 21:55:15,781] {dagbag.py:449} INFO - Filling up the DagBag from /home/airflow/.local/lib/python3.8/site-packages/airflow/example_dags/example_nested_branch_dag.py
[2021-02-07 21:55:15,937] {scheduler_job.py:637} INFO - DAG(s) dict_keys(['example_nested_branch_dag']) retrieved from /home/airflow/.local/lib/python3.8/site-packages/airflow/example_dags/example_nested_branch_dag.py
[2021-02-07 21:55:16,216] {logging_mixin.py:104} INFO - [2021-02-07 21:55:16,215] {dag.py:1818} INFO - Sync 1 DAGs
[2021-02-07 21:55:16,458] {logging_mixin.py:104} INFO - [2021-02-07 21:55:16,457] {dag.py:2273} INFO - Setting next_dagrun for example_nested_branch_dag to 2021-02-05 00:00:00+00:00
[2021-02-07 21:55:16,557] {scheduler_job.py:189} INFO - Processing /home/airflow/.local/lib/python3.8/site-packages/airflow/example_dags/example_nested_branch_dag.py took 0.843 seconds
[2021-02-07 21:55:47,254] {scheduler_job.py:181} INFO - Started process (PID=944) to work on /home/airflow/.local/lib/python3.8/site-packages/airflow/example_dags/example_nested_branch_dag.py
[2021-02-07 21:55:47,266] {scheduler_job.py:627} INFO - Processing file /home/airflow/.local/lib/python3.8/site-packages/airflow/example_dags/example_nested_branch_dag.py for tasks to queue
[2021-02-07 21:55:47,270] {logging_mixin.py:104} INFO - [2021-02-07 21:55:47,270] {dagbag.py:449} INFO - Filling up the DagBag from /home/airflow/.local/lib/python3.8/site-packages/airflow/example_dags/example_nested_branch_dag.py
[2021-02-07 21:55:47,371] {scheduler_job.py:637} INFO - DAG(s) dict_keys(['example_nested_branch_dag']) retrieved from /home/airflow/.local/lib/python3.8/site-packages/airflow/example_dags/example_nested_branch_dag.py
[2021-02-07 21:55:47,541] {logging_mixin.py:104} INFO - [2021-02-07 21:55:47,540] {dag.py:1818} INFO - Sync 1 DAGs
[2021-02-07 21:55:47,716] {logging_mixin.py:104} INFO - [2021-02-07 21:55:47,716] {dag.py:2273} INFO - Setting next_dagrun for example_nested_branch_dag to 2021-02-05 00:00:00+00:00
[2021-02-07 21:55:47,804] {scheduler_job.py:189} INFO - Processing /home/airflow/.local/lib/python3.8/site-packages/airflow/example_dags/example_nested_branch_dag.py took 0.579 seconds
[2021-02-07 21:56:17,963] {scheduler_job.py:181} INFO - Started process (PID=970) to work on /home/airflow/.local/lib/python3.8/site-packages/airflow/example_dags/example_nested_branch_dag.py
[2021-02-07 21:56:17,966] {scheduler_job.py:627} INFO - Processing file /home/airflow/.local/lib/python3.8/site-packages/airflow/example_dags/example_nested_branch_dag.py for tasks to queue
[2021-02-07 21:56:17,970] {logging_mixin.py:104} INFO - [2021-02-07 21:56:17,969] {dagbag.py:449} INFO - Filling up the DagBag from /home/airflow/.local/lib/python3.8/site-packages/airflow/example_dags/example_nested_branch_dag.py
[2021-02-07 21:56:17,998] {scheduler_job.py:637} INFO - DAG(s) dict_keys(['example_nested_branch_dag']) retrieved from /home/airflow/.local/lib/python3.8/site-packages/airflow/example_dags/example_nested_branch_dag.py
[2021-02-07 21:56:18,044] {logging_mixin.py:104} INFO - [2021-02-07 21:56:18,044] {dag.py:1818} INFO - Sync 1 DAGs
[2021-02-07 21:56:18,077] {logging_mixin.py:104} INFO - [2021-02-07 21:56:18,077] {dag.py:2273} INFO - Setting next_dagrun for example_nested_branch_dag to 2021-02-05 00:00:00+00:00
[2021-02-07 21:56:18,094] {scheduler_job.py:189} INFO - Processing /home/airflow/.local/lib/python3.8/site-packages/airflow/example_dags/example_nested_branch_dag.py took 0.136 seconds
[2021-02-07 21:56:48,248] {scheduler_job.py:181} INFO - Started process (PID=996) to work on /home/airflow/.local/lib/python3.8/site-packages/airflow/example_dags/example_nested_branch_dag.py
[2021-02-07 21:56:48,251] {scheduler_job.py:627} INFO - Processing file /home/airflow/.local/lib/python3.8/site-packages/airflow/example_dags/example_nested_branch_dag.py for tasks to queue
[2021-02-07 21:56:48,253] {logging_mixin.py:104} INFO - [2021-02-07 21:56:48,253] {dagbag.py:449} INFO - Filling up the DagBag from /home/airflow/.local/lib/python3.8/site-packages/airflow/example_dags/example_nested_branch_dag.py
[2021-02-07 21:56:48,276] {scheduler_job.py:637} INFO - DAG(s) dict_keys(['example_nested_branch_dag']) retrieved from /home/airflow/.local/lib/python3.8/site-packages/airflow/example_dags/example_nested_branch_dag.py
[2021-02-07 21:56:48,316] {logging_mixin.py:104} INFO - [2021-02-07 21:56:48,316] {dag.py:1818} INFO - Sync 1 DAGs
[2021-02-07 21:56:48,349] {logging_mixin.py:104} INFO - [2021-02-07 21:56:48,349] {dag.py:2273} INFO - Setting next_dagrun for example_nested_branch_dag to 2021-02-05 00:00:00+00:00
[2021-02-07 21:56:48,373] {scheduler_job.py:189} INFO - Processing /home/airflow/.local/lib/python3.8/site-packages/airflow/example_dags/example_nested_branch_dag.py took 0.130 seconds
[2021-02-07 21:57:18,453] {scheduler_job.py:181} INFO - Started process (PID=1022) to work on /home/airflow/.local/lib/python3.8/site-packages/airflow/example_dags/example_nested_branch_dag.py
[2021-02-07 21:57:18,455] {scheduler_job.py:627} INFO - Processing file /home/airflow/.local/lib/python3.8/site-packages/airflow/example_dags/example_nested_branch_dag.py for tasks to queue
[2021-02-07 21:57:18,457] {logging_mixin.py:104} INFO - [2021-02-07 21:57:18,457] {dagbag.py:449} INFO - Filling up the DagBag from /home/airflow/.local/lib/python3.8/site-packages/airflow/example_dags/example_nested_branch_dag.py
[2021-02-07 21:57:18,472] {scheduler_job.py:637} INFO - DAG(s) dict_keys(['example_nested_branch_dag']) retrieved from /home/airflow/.local/lib/python3.8/site-packages/airflow/example_dags/example_nested_branch_dag.py
[2021-02-07 21:57:18,495] {logging_mixin.py:104} INFO - [2021-02-07 21:57:18,495] {dag.py:1818} INFO - Sync 1 DAGs
[2021-02-07 21:57:18,514] {logging_mixin.py:104} INFO - [2021-02-07 21:57:18,514] {dag.py:2273} INFO - Setting next_dagrun for example_nested_branch_dag to 2021-02-05 00:00:00+00:00
[2021-02-07 21:57:18,524] {scheduler_job.py:189} INFO - Processing /home/airflow/.local/lib/python3.8/site-packages/airflow/example_dags/example_nested_branch_dag.py took 0.075 seconds
[2021-02-07 21:57:49,215] {scheduler_job.py:181} INFO - Started process (PID=1048) to work on /home/airflow/.local/lib/python3.8/site-packages/airflow/example_dags/example_nested_branch_dag.py
[2021-02-07 21:57:49,218] {scheduler_job.py:627} INFO - Processing file /home/airflow/.local/lib/python3.8/site-packages/airflow/example_dags/example_nested_branch_dag.py for tasks to queue
[2021-02-07 21:57:49,219] {logging_mixin.py:104} INFO - [2021-02-07 21:57:49,219] {dagbag.py:449} INFO - Filling up the DagBag from /home/airflow/.local/lib/python3.8/site-packages/airflow/example_dags/example_nested_branch_dag.py
[2021-02-07 21:57:49,234] {scheduler_job.py:637} INFO - DAG(s) dict_keys(['example_nested_branch_dag']) retrieved from /home/airflow/.local/lib/python3.8/site-packages/airflow/example_dags/example_nested_branch_dag.py
[2021-02-07 21:57:49,257] {logging_mixin.py:104} INFO - [2021-02-07 21:57:49,257] {dag.py:1818} INFO - Sync 1 DAGs
[2021-02-07 21:57:49,276] {logging_mixin.py:104} INFO - [2021-02-07 21:57:49,276] {dag.py:2273} INFO - Setting next_dagrun for example_nested_branch_dag to 2021-02-05 00:00:00+00:00
[2021-02-07 21:57:49,292] {scheduler_job.py:189} INFO - Processing /home/airflow/.local/lib/python3.8/site-packages/airflow/example_dags/example_nested_branch_dag.py took 0.081 seconds
[2021-02-07 21:58:19,572] {scheduler_job.py:181} INFO - Started process (PID=1074) to work on /home/airflow/.local/lib/python3.8/site-packages/airflow/example_dags/example_nested_branch_dag.py
[2021-02-07 21:58:19,575] {scheduler_job.py:627} INFO - Processing file /home/airflow/.local/lib/python3.8/site-packages/airflow/example_dags/example_nested_branch_dag.py for tasks to queue
[2021-02-07 21:58:19,577] {logging_mixin.py:104} INFO - [2021-02-07 21:58:19,577] {dagbag.py:449} INFO - Filling up the DagBag from /home/airflow/.local/lib/python3.8/site-packages/airflow/example_dags/example_nested_branch_dag.py
[2021-02-07 21:58:19,597] {scheduler_job.py:637} INFO - DAG(s) dict_keys(['example_nested_branch_dag']) retrieved from /home/airflow/.local/lib/python3.8/site-packages/airflow/example_dags/example_nested_branch_dag.py
[2021-02-07 21:58:19,634] {logging_mixin.py:104} INFO - [2021-02-07 21:58:19,633] {dag.py:1818} INFO - Sync 1 DAGs
[2021-02-07 21:58:19,664] {logging_mixin.py:104} INFO - [2021-02-07 21:58:19,663] {dag.py:2273} INFO - Setting next_dagrun for example_nested_branch_dag to 2021-02-05 00:00:00+00:00
[2021-02-07 21:58:19,686] {scheduler_job.py:189} INFO - Processing /home/airflow/.local/lib/python3.8/site-packages/airflow/example_dags/example_nested_branch_dag.py took 0.120 seconds
[2021-02-07 21:58:49,859] {scheduler_job.py:181} INFO - Started process (PID=1100) to work on /home/airflow/.local/lib/python3.8/site-packages/airflow/example_dags/example_nested_branch_dag.py
[2021-02-07 21:58:49,861] {scheduler_job.py:627} INFO - Processing file /home/airflow/.local/lib/python3.8/site-packages/airflow/example_dags/example_nested_branch_dag.py for tasks to queue
[2021-02-07 21:58:49,863] {logging_mixin.py:104} INFO - [2021-02-07 21:58:49,863] {dagbag.py:449} INFO - Filling up the DagBag from /home/airflow/.local/lib/python3.8/site-packages/airflow/example_dags/example_nested_branch_dag.py
[2021-02-07 21:58:49,892] {scheduler_job.py:637} INFO - DAG(s) dict_keys(['example_nested_branch_dag']) retrieved from /home/airflow/.local/lib/python3.8/site-packages/airflow/example_dags/example_nested_branch_dag.py
[2021-02-07 21:58:49,931] {logging_mixin.py:104} INFO - [2021-02-07 21:58:49,931] {dag.py:1818} INFO - Sync 1 DAGs
[2021-02-07 21:58:49,966] {logging_mixin.py:104} INFO - [2021-02-07 21:58:49,966] {dag.py:2273} INFO - Setting next_dagrun for example_nested_branch_dag to 2021-02-05 00:00:00+00:00
[2021-02-07 21:58:49,986] {scheduler_job.py:189} INFO - Processing /home/airflow/.local/lib/python3.8/site-packages/airflow/example_dags/example_nested_branch_dag.py took 0.133 seconds
[2021-02-07 21:59:20,600] {scheduler_job.py:181} INFO - Started process (PID=1126) to work on /home/airflow/.local/lib/python3.8/site-packages/airflow/example_dags/example_nested_branch_dag.py
[2021-02-07 21:59:20,603] {scheduler_job.py:627} INFO - Processing file /home/airflow/.local/lib/python3.8/site-packages/airflow/example_dags/example_nested_branch_dag.py for tasks to queue
[2021-02-07 21:59:20,606] {logging_mixin.py:104} INFO - [2021-02-07 21:59:20,606] {dagbag.py:449} INFO - Filling up the DagBag from /home/airflow/.local/lib/python3.8/site-packages/airflow/example_dags/example_nested_branch_dag.py
[2021-02-07 21:59:20,628] {scheduler_job.py:637} INFO - DAG(s) dict_keys(['example_nested_branch_dag']) retrieved from /home/airflow/.local/lib/python3.8/site-packages/airflow/example_dags/example_nested_branch_dag.py
[2021-02-07 21:59:20,667] {logging_mixin.py:104} INFO - [2021-02-07 21:59:20,667] {dag.py:1818} INFO - Sync 1 DAGs
[2021-02-07 21:59:20,700] {logging_mixin.py:104} INFO - [2021-02-07 21:59:20,700] {dag.py:2273} INFO - Setting next_dagrun for example_nested_branch_dag to 2021-02-05 00:00:00+00:00
[2021-02-07 21:59:20,725] {scheduler_job.py:189} INFO - Processing /home/airflow/.local/lib/python3.8/site-packages/airflow/example_dags/example_nested_branch_dag.py took 0.129 seconds
[2021-02-07 21:59:51,273] {scheduler_job.py:181} INFO - Started process (PID=1152) to work on /home/airflow/.local/lib/python3.8/site-packages/airflow/example_dags/example_nested_branch_dag.py
[2021-02-07 21:59:51,284] {scheduler_job.py:627} INFO - Processing file /home/airflow/.local/lib/python3.8/site-packages/airflow/example_dags/example_nested_branch_dag.py for tasks to queue
[2021-02-07 21:59:51,297] {logging_mixin.py:104} INFO - [2021-02-07 21:59:51,296] {dagbag.py:449} INFO - Filling up the DagBag from /home/airflow/.local/lib/python3.8/site-packages/airflow/example_dags/example_nested_branch_dag.py
[2021-02-07 21:59:51,394] {scheduler_job.py:637} INFO - DAG(s) dict_keys(['example_nested_branch_dag']) retrieved from /home/airflow/.local/lib/python3.8/site-packages/airflow/example_dags/example_nested_branch_dag.py
[2021-02-07 21:59:51,457] {logging_mixin.py:104} INFO - [2021-02-07 21:59:51,457] {dag.py:1818} INFO - Sync 1 DAGs
[2021-02-07 21:59:51,506] {logging_mixin.py:104} INFO - [2021-02-07 21:59:51,506] {dag.py:2273} INFO - Setting next_dagrun for example_nested_branch_dag to 2021-02-05 00:00:00+00:00
[2021-02-07 21:59:51,538] {scheduler_job.py:189} INFO - Processing /home/airflow/.local/lib/python3.8/site-packages/airflow/example_dags/example_nested_branch_dag.py took 0.293 seconds
[2021-02-07 22:00:21,627] {scheduler_job.py:181} INFO - Started process (PID=1178) to work on /home/airflow/.local/lib/python3.8/site-packages/airflow/example_dags/example_nested_branch_dag.py
[2021-02-07 22:00:21,630] {scheduler_job.py:627} INFO - Processing file /home/airflow/.local/lib/python3.8/site-packages/airflow/example_dags/example_nested_branch_dag.py for tasks to queue
[2021-02-07 22:00:21,633] {logging_mixin.py:104} INFO - [2021-02-07 22:00:21,632] {dagbag.py:449} INFO - Filling up the DagBag from /home/airflow/.local/lib/python3.8/site-packages/airflow/example_dags/example_nested_branch_dag.py
[2021-02-07 22:00:21,661] {scheduler_job.py:637} INFO - DAG(s) dict_keys(['example_nested_branch_dag']) retrieved from /home/airflow/.local/lib/python3.8/site-packages/airflow/example_dags/example_nested_branch_dag.py
[2021-02-07 22:00:21,707] {logging_mixin.py:104} INFO - [2021-02-07 22:00:21,706] {dag.py:1818} INFO - Sync 1 DAGs
[2021-02-07 22:00:21,742] {logging_mixin.py:104} INFO - [2021-02-07 22:00:21,742] {dag.py:2273} INFO - Setting next_dagrun for example_nested_branch_dag to 2021-02-05 00:00:00+00:00
[2021-02-07 22:00:21,768] {scheduler_job.py:189} INFO - Processing /home/airflow/.local/lib/python3.8/site-packages/airflow/example_dags/example_nested_branch_dag.py took 0.146 seconds
[2021-02-07 22:00:51,920] {scheduler_job.py:181} INFO - Started process (PID=1204) to work on /home/airflow/.local/lib/python3.8/site-packages/airflow/example_dags/example_nested_branch_dag.py
[2021-02-07 22:00:51,922] {scheduler_job.py:627} INFO - Processing file /home/airflow/.local/lib/python3.8/site-packages/airflow/example_dags/example_nested_branch_dag.py for tasks to queue
[2021-02-07 22:00:51,925] {logging_mixin.py:104} INFO - [2021-02-07 22:00:51,925] {dagbag.py:449} INFO - Filling up the DagBag from /home/airflow/.local/lib/python3.8/site-packages/airflow/example_dags/example_nested_branch_dag.py
[2021-02-07 22:00:51,946] {scheduler_job.py:637} INFO - DAG(s) dict_keys(['example_nested_branch_dag']) retrieved from /home/airflow/.local/lib/python3.8/site-packages/airflow/example_dags/example_nested_branch_dag.py
[2021-02-07 22:00:51,980] {logging_mixin.py:104} INFO - [2021-02-07 22:00:51,979] {dag.py:1818} INFO - Sync 1 DAGs
[2021-02-07 22:00:52,009] {logging_mixin.py:104} INFO - [2021-02-07 22:00:52,009] {dag.py:2273} INFO - Setting next_dagrun for example_nested_branch_dag to 2021-02-05 00:00:00+00:00
[2021-02-07 22:00:52,031] {scheduler_job.py:189} INFO - Processing /home/airflow/.local/lib/python3.8/site-packages/airflow/example_dags/example_nested_branch_dag.py took 0.116 seconds
[2021-02-07 22:01:22,833] {scheduler_job.py:181} INFO - Started process (PID=1230) to work on /home/airflow/.local/lib/python3.8/site-packages/airflow/example_dags/example_nested_branch_dag.py
[2021-02-07 22:01:22,846] {scheduler_job.py:627} INFO - Processing file /home/airflow/.local/lib/python3.8/site-packages/airflow/example_dags/example_nested_branch_dag.py for tasks to queue
[2021-02-07 22:01:22,855] {logging_mixin.py:104} INFO - [2021-02-07 22:01:22,854] {dagbag.py:449} INFO - Filling up the DagBag from /home/airflow/.local/lib/python3.8/site-packages/airflow/example_dags/example_nested_branch_dag.py
[2021-02-07 22:01:22,953] {scheduler_job.py:637} INFO - DAG(s) dict_keys(['example_nested_branch_dag']) retrieved from /home/airflow/.local/lib/python3.8/site-packages/airflow/example_dags/example_nested_branch_dag.py
[2021-02-07 22:01:23,137] {logging_mixin.py:104} INFO - [2021-02-07 22:01:23,136] {dag.py:1818} INFO - Sync 1 DAGs
[2021-02-07 22:01:23,298] {logging_mixin.py:104} INFO - [2021-02-07 22:01:23,297] {dag.py:2273} INFO - Setting next_dagrun for example_nested_branch_dag to 2021-02-05 00:00:00+00:00
[2021-02-07 22:01:23,369] {scheduler_job.py:189} INFO - Processing /home/airflow/.local/lib/python3.8/site-packages/airflow/example_dags/example_nested_branch_dag.py took 0.558 seconds
[2021-02-07 22:01:54,039] {scheduler_job.py:181} INFO - Started process (PID=1256) to work on /home/airflow/.local/lib/python3.8/site-packages/airflow/example_dags/example_nested_branch_dag.py
[2021-02-07 22:01:54,042] {scheduler_job.py:627} INFO - Processing file /home/airflow/.local/lib/python3.8/site-packages/airflow/example_dags/example_nested_branch_dag.py for tasks to queue
[2021-02-07 22:01:54,046] {logging_mixin.py:104} INFO - [2021-02-07 22:01:54,045] {dagbag.py:449} INFO - Filling up the DagBag from /home/airflow/.local/lib/python3.8/site-packages/airflow/example_dags/example_nested_branch_dag.py
[2021-02-07 22:01:54,066] {scheduler_job.py:637} INFO - DAG(s) dict_keys(['example_nested_branch_dag']) retrieved from /home/airflow/.local/lib/python3.8/site-packages/airflow/example_dags/example_nested_branch_dag.py
[2021-02-07 22:01:54,100] {logging_mixin.py:104} INFO - [2021-02-07 22:01:54,100] {dag.py:1818} INFO - Sync 1 DAGs
[2021-02-07 22:01:54,132] {logging_mixin.py:104} INFO - [2021-02-07 22:01:54,132] {dag.py:2273} INFO - Setting next_dagrun for example_nested_branch_dag to 2021-02-05 00:00:00+00:00
[2021-02-07 22:01:54,153] {scheduler_job.py:189} INFO - Processing /home/airflow/.local/lib/python3.8/site-packages/airflow/example_dags/example_nested_branch_dag.py took 0.119 seconds
[2021-02-07 22:02:24,918] {scheduler_job.py:181} INFO - Started process (PID=1282) to work on /home/airflow/.local/lib/python3.8/site-packages/airflow/example_dags/example_nested_branch_dag.py
[2021-02-07 22:02:24,922] {scheduler_job.py:627} INFO - Processing file /home/airflow/.local/lib/python3.8/site-packages/airflow/example_dags/example_nested_branch_dag.py for tasks to queue
[2021-02-07 22:02:24,924] {logging_mixin.py:104} INFO - [2021-02-07 22:02:24,924] {dagbag.py:449} INFO - Filling up the DagBag from /home/airflow/.local/lib/python3.8/site-packages/airflow/example_dags/example_nested_branch_dag.py
[2021-02-07 22:02:24,949] {scheduler_job.py:637} INFO - DAG(s) dict_keys(['example_nested_branch_dag']) retrieved from /home/airflow/.local/lib/python3.8/site-packages/airflow/example_dags/example_nested_branch_dag.py
[2021-02-07 22:02:24,987] {logging_mixin.py:104} INFO - [2021-02-07 22:02:24,986] {dag.py:1818} INFO - Sync 1 DAGs
[2021-02-07 22:02:25,041] {logging_mixin.py:104} INFO - [2021-02-07 22:02:25,041] {dag.py:2273} INFO - Setting next_dagrun for example_nested_branch_dag to 2021-02-05 00:00:00+00:00
[2021-02-07 22:02:25,058] {scheduler_job.py:189} INFO - Processing /home/airflow/.local/lib/python3.8/site-packages/airflow/example_dags/example_nested_branch_dag.py took 0.145 seconds
[2021-02-07 22:02:55,156] {scheduler_job.py:181} INFO - Started process (PID=1308) to work on /home/airflow/.local/lib/python3.8/site-packages/airflow/example_dags/example_nested_branch_dag.py
[2021-02-07 22:02:55,160] {scheduler_job.py:627} INFO - Processing file /home/airflow/.local/lib/python3.8/site-packages/airflow/example_dags/example_nested_branch_dag.py for tasks to queue
[2021-02-07 22:02:55,162] {logging_mixin.py:104} INFO - [2021-02-07 22:02:55,162] {dagbag.py:449} INFO - Filling up the DagBag from /home/airflow/.local/lib/python3.8/site-packages/airflow/example_dags/example_nested_branch_dag.py
[2021-02-07 22:02:55,181] {scheduler_job.py:637} INFO - DAG(s) dict_keys(['example_nested_branch_dag']) retrieved from /home/airflow/.local/lib/python3.8/site-packages/airflow/example_dags/example_nested_branch_dag.py
[2021-02-07 22:02:55,216] {logging_mixin.py:104} INFO - [2021-02-07 22:02:55,216] {dag.py:1818} INFO - Sync 1 DAGs
[2021-02-07 22:02:55,246] {logging_mixin.py:104} INFO - [2021-02-07 22:02:55,246] {dag.py:2273} INFO - Setting next_dagrun for example_nested_branch_dag to 2021-02-05 00:00:00+00:00
[2021-02-07 22:02:55,266] {scheduler_job.py:189} INFO - Processing /home/airflow/.local/lib/python3.8/site-packages/airflow/example_dags/example_nested_branch_dag.py took 0.114 seconds
[2021-02-07 22:03:25,304] {scheduler_job.py:181} INFO - Started process (PID=1334) to work on /home/airflow/.local/lib/python3.8/site-packages/airflow/example_dags/example_nested_branch_dag.py
[2021-02-07 22:03:25,307] {scheduler_job.py:627} INFO - Processing file /home/airflow/.local/lib/python3.8/site-packages/airflow/example_dags/example_nested_branch_dag.py for tasks to queue
[2021-02-07 22:03:25,310] {logging_mixin.py:104} INFO - [2021-02-07 22:03:25,310] {dagbag.py:449} INFO - Filling up the DagBag from /home/airflow/.local/lib/python3.8/site-packages/airflow/example_dags/example_nested_branch_dag.py
[2021-02-07 22:03:25,331] {scheduler_job.py:637} INFO - DAG(s) dict_keys(['example_nested_branch_dag']) retrieved from /home/airflow/.local/lib/python3.8/site-packages/airflow/example_dags/example_nested_branch_dag.py
[2021-02-07 22:03:25,364] {logging_mixin.py:104} INFO - [2021-02-07 22:03:25,364] {dag.py:1818} INFO - Sync 1 DAGs
[2021-02-07 22:03:25,393] {logging_mixin.py:104} INFO - [2021-02-07 22:03:25,392] {dag.py:2273} INFO - Setting next_dagrun for example_nested_branch_dag to 2021-02-05 00:00:00+00:00
[2021-02-07 22:03:25,415] {scheduler_job.py:189} INFO - Processing /home/airflow/.local/lib/python3.8/site-packages/airflow/example_dags/example_nested_branch_dag.py took 0.115 seconds
[2021-02-07 22:03:55,693] {scheduler_job.py:181} INFO - Started process (PID=1360) to work on /home/airflow/.local/lib/python3.8/site-packages/airflow/example_dags/example_nested_branch_dag.py
[2021-02-07 22:03:55,696] {scheduler_job.py:627} INFO - Processing file /home/airflow/.local/lib/python3.8/site-packages/airflow/example_dags/example_nested_branch_dag.py for tasks to queue
[2021-02-07 22:03:55,698] {logging_mixin.py:104} INFO - [2021-02-07 22:03:55,698] {dagbag.py:449} INFO - Filling up the DagBag from /home/airflow/.local/lib/python3.8/site-packages/airflow/example_dags/example_nested_branch_dag.py
[2021-02-07 22:03:55,720] {scheduler_job.py:637} INFO - DAG(s) dict_keys(['example_nested_branch_dag']) retrieved from /home/airflow/.local/lib/python3.8/site-packages/airflow/example_dags/example_nested_branch_dag.py
[2021-02-07 22:03:55,759] {logging_mixin.py:104} INFO - [2021-02-07 22:03:55,759] {dag.py:1818} INFO - Sync 1 DAGs
[2021-02-07 22:03:55,791] {logging_mixin.py:104} INFO - [2021-02-07 22:03:55,790] {dag.py:2273} INFO - Setting next_dagrun for example_nested_branch_dag to 2021-02-05 00:00:00+00:00
[2021-02-07 22:03:55,813] {scheduler_job.py:189} INFO - Processing /home/airflow/.local/lib/python3.8/site-packages/airflow/example_dags/example_nested_branch_dag.py took 0.125 seconds
[2021-02-07 22:04:26,349] {scheduler_job.py:181} INFO - Started process (PID=1386) to work on /home/airflow/.local/lib/python3.8/site-packages/airflow/example_dags/example_nested_branch_dag.py
[2021-02-07 22:04:26,358] {scheduler_job.py:627} INFO - Processing file /home/airflow/.local/lib/python3.8/site-packages/airflow/example_dags/example_nested_branch_dag.py for tasks to queue
[2021-02-07 22:04:26,364] {logging_mixin.py:104} INFO - [2021-02-07 22:04:26,363] {dagbag.py:449} INFO - Filling up the DagBag from /home/airflow/.local/lib/python3.8/site-packages/airflow/example_dags/example_nested_branch_dag.py
[2021-02-07 22:04:26,403] {scheduler_job.py:637} INFO - DAG(s) dict_keys(['example_nested_branch_dag']) retrieved from /home/airflow/.local/lib/python3.8/site-packages/airflow/example_dags/example_nested_branch_dag.py
[2021-02-07 22:04:26,461] {logging_mixin.py:104} INFO - [2021-02-07 22:04:26,461] {dag.py:1818} INFO - Sync 1 DAGs
[2021-02-07 22:04:26,508] {logging_mixin.py:104} INFO - [2021-02-07 22:04:26,507] {dag.py:2273} INFO - Setting next_dagrun for example_nested_branch_dag to 2021-02-05 00:00:00+00:00
[2021-02-07 22:04:26,531] {scheduler_job.py:189} INFO - Processing /home/airflow/.local/lib/python3.8/site-packages/airflow/example_dags/example_nested_branch_dag.py took 0.192 seconds
[2021-02-07 22:04:57,066] {scheduler_job.py:181} INFO - Started process (PID=1412) to work on /home/airflow/.local/lib/python3.8/site-packages/airflow/example_dags/example_nested_branch_dag.py
[2021-02-07 22:04:57,068] {scheduler_job.py:627} INFO - Processing file /home/airflow/.local/lib/python3.8/site-packages/airflow/example_dags/example_nested_branch_dag.py for tasks to queue
[2021-02-07 22:04:57,071] {logging_mixin.py:104} INFO - [2021-02-07 22:04:57,070] {dagbag.py:449} INFO - Filling up the DagBag from /home/airflow/.local/lib/python3.8/site-packages/airflow/example_dags/example_nested_branch_dag.py
[2021-02-07 22:04:57,097] {scheduler_job.py:637} INFO - DAG(s) dict_keys(['example_nested_branch_dag']) retrieved from /home/airflow/.local/lib/python3.8/site-packages/airflow/example_dags/example_nested_branch_dag.py
[2021-02-07 22:04:57,135] {logging_mixin.py:104} INFO - [2021-02-07 22:04:57,135] {dag.py:1818} INFO - Sync 1 DAGs
[2021-02-07 22:04:57,166] {logging_mixin.py:104} INFO - [2021-02-07 22:04:57,166] {dag.py:2273} INFO - Setting next_dagrun for example_nested_branch_dag to 2021-02-05 00:00:00+00:00
[2021-02-07 22:04:57,182] {scheduler_job.py:189} INFO - Processing /home/airflow/.local/lib/python3.8/site-packages/airflow/example_dags/example_nested_branch_dag.py took 0.122 seconds
[2021-02-07 22:05:27,487] {scheduler_job.py:181} INFO - Started process (PID=1438) to work on /home/airflow/.local/lib/python3.8/site-packages/airflow/example_dags/example_nested_branch_dag.py
[2021-02-07 22:05:27,489] {scheduler_job.py:627} INFO - Processing file /home/airflow/.local/lib/python3.8/site-packages/airflow/example_dags/example_nested_branch_dag.py for tasks to queue
[2021-02-07 22:05:27,491] {logging_mixin.py:104} INFO - [2021-02-07 22:05:27,490] {dagbag.py:449} INFO - Filling up the DagBag from /home/airflow/.local/lib/python3.8/site-packages/airflow/example_dags/example_nested_branch_dag.py
[2021-02-07 22:05:27,507] {scheduler_job.py:637} INFO - DAG(s) dict_keys(['example_nested_branch_dag']) retrieved from /home/airflow/.local/lib/python3.8/site-packages/airflow/example_dags/example_nested_branch_dag.py
[2021-02-07 22:05:27,537] {logging_mixin.py:104} INFO - [2021-02-07 22:05:27,537] {dag.py:1818} INFO - Sync 1 DAGs
[2021-02-07 22:05:27,562] {logging_mixin.py:104} INFO - [2021-02-07 22:05:27,562] {dag.py:2273} INFO - Setting next_dagrun for example_nested_branch_dag to 2021-02-05 00:00:00+00:00
[2021-02-07 22:05:27,573] {scheduler_job.py:189} INFO - Processing /home/airflow/.local/lib/python3.8/site-packages/airflow/example_dags/example_nested_branch_dag.py took 0.090 seconds
[2021-02-07 22:23:46,264] {scheduler_job.py:181} INFO - Started process (PID=1464) to work on /home/airflow/.local/lib/python3.8/site-packages/airflow/example_dags/example_nested_branch_dag.py
[2021-02-07 22:23:46,267] {scheduler_job.py:627} INFO - Processing file /home/airflow/.local/lib/python3.8/site-packages/airflow/example_dags/example_nested_branch_dag.py for tasks to queue
[2021-02-07 22:23:46,269] {logging_mixin.py:104} INFO - [2021-02-07 22:23:46,269] {dagbag.py:449} INFO - Filling up the DagBag from /home/airflow/.local/lib/python3.8/site-packages/airflow/example_dags/example_nested_branch_dag.py
[2021-02-07 22:23:46,287] {scheduler_job.py:637} INFO - DAG(s) dict_keys(['example_nested_branch_dag']) retrieved from /home/airflow/.local/lib/python3.8/site-packages/airflow/example_dags/example_nested_branch_dag.py
[2021-02-07 22:23:46,324] {logging_mixin.py:104} INFO - [2021-02-07 22:23:46,324] {dag.py:1818} INFO - Sync 1 DAGs
[2021-02-07 22:23:46,361] {logging_mixin.py:104} INFO - [2021-02-07 22:23:46,361] {dag.py:2273} INFO - Setting next_dagrun for example_nested_branch_dag to 2021-02-05 00:00:00+00:00
[2021-02-07 22:23:46,391] {scheduler_job.py:189} INFO - Processing /home/airflow/.local/lib/python3.8/site-packages/airflow/example_dags/example_nested_branch_dag.py took 0.131 seconds
[2021-02-07 22:24:17,383] {scheduler_job.py:181} INFO - Started process (PID=1490) to work on /home/airflow/.local/lib/python3.8/site-packages/airflow/example_dags/example_nested_branch_dag.py
[2021-02-07 22:24:17,397] {scheduler_job.py:627} INFO - Processing file /home/airflow/.local/lib/python3.8/site-packages/airflow/example_dags/example_nested_branch_dag.py for tasks to queue
[2021-02-07 22:24:17,400] {logging_mixin.py:104} INFO - [2021-02-07 22:24:17,400] {dagbag.py:449} INFO - Filling up the DagBag from /home/airflow/.local/lib/python3.8/site-packages/airflow/example_dags/example_nested_branch_dag.py
[2021-02-07 22:24:17,440] {scheduler_job.py:637} INFO - DAG(s) dict_keys(['example_nested_branch_dag']) retrieved from /home/airflow/.local/lib/python3.8/site-packages/airflow/example_dags/example_nested_branch_dag.py
[2021-02-07 22:24:17,725] {logging_mixin.py:104} INFO - [2021-02-07 22:24:17,724] {dag.py:1818} INFO - Sync 1 DAGs
[2021-02-07 22:24:17,836] {logging_mixin.py:104} INFO - [2021-02-07 22:24:17,835] {dag.py:2273} INFO - Setting next_dagrun for example_nested_branch_dag to 2021-02-05 00:00:00+00:00
[2021-02-07 22:24:17,901] {scheduler_job.py:189} INFO - Processing /home/airflow/.local/lib/python3.8/site-packages/airflow/example_dags/example_nested_branch_dag.py took 0.541 seconds
[2021-02-07 22:24:48,418] {scheduler_job.py:181} INFO - Started process (PID=1516) to work on /home/airflow/.local/lib/python3.8/site-packages/airflow/example_dags/example_nested_branch_dag.py
[2021-02-07 22:24:48,422] {scheduler_job.py:627} INFO - Processing file /home/airflow/.local/lib/python3.8/site-packages/airflow/example_dags/example_nested_branch_dag.py for tasks to queue
[2021-02-07 22:24:48,427] {logging_mixin.py:104} INFO - [2021-02-07 22:24:48,427] {dagbag.py:449} INFO - Filling up the DagBag from /home/airflow/.local/lib/python3.8/site-packages/airflow/example_dags/example_nested_branch_dag.py
[2021-02-07 22:24:48,480] {scheduler_job.py:637} INFO - DAG(s) dict_keys(['example_nested_branch_dag']) retrieved from /home/airflow/.local/lib/python3.8/site-packages/airflow/example_dags/example_nested_branch_dag.py
[2021-02-07 22:24:48,632] {logging_mixin.py:104} INFO - [2021-02-07 22:24:48,632] {dag.py:1818} INFO - Sync 1 DAGs
[2021-02-07 22:24:48,753] {logging_mixin.py:104} INFO - [2021-02-07 22:24:48,753] {dag.py:2273} INFO - Setting next_dagrun for example_nested_branch_dag to 2021-02-05 00:00:00+00:00
[2021-02-07 22:24:48,802] {scheduler_job.py:189} INFO - Processing /home/airflow/.local/lib/python3.8/site-packages/airflow/example_dags/example_nested_branch_dag.py took 0.393 seconds
[2021-02-07 22:25:19,018] {scheduler_job.py:181} INFO - Started process (PID=1542) to work on /home/airflow/.local/lib/python3.8/site-packages/airflow/example_dags/example_nested_branch_dag.py
[2021-02-07 22:25:19,023] {scheduler_job.py:627} INFO - Processing file /home/airflow/.local/lib/python3.8/site-packages/airflow/example_dags/example_nested_branch_dag.py for tasks to queue
[2021-02-07 22:25:19,026] {logging_mixin.py:104} INFO - [2021-02-07 22:25:19,025] {dagbag.py:449} INFO - Filling up the DagBag from /home/airflow/.local/lib/python3.8/site-packages/airflow/example_dags/example_nested_branch_dag.py
[2021-02-07 22:25:19,073] {scheduler_job.py:637} INFO - DAG(s) dict_keys(['example_nested_branch_dag']) retrieved from /home/airflow/.local/lib/python3.8/site-packages/airflow/example_dags/example_nested_branch_dag.py
[2021-02-07 22:25:19,172] {logging_mixin.py:104} INFO - [2021-02-07 22:25:19,172] {dag.py:1818} INFO - Sync 1 DAGs
[2021-02-07 22:25:19,217] {logging_mixin.py:104} INFO - [2021-02-07 22:25:19,217] {dag.py:2273} INFO - Setting next_dagrun for example_nested_branch_dag to 2021-02-05 00:00:00+00:00
[2021-02-07 22:25:19,241] {scheduler_job.py:189} INFO - Processing /home/airflow/.local/lib/python3.8/site-packages/airflow/example_dags/example_nested_branch_dag.py took 0.235 seconds
[2021-02-07 22:25:49,606] {scheduler_job.py:181} INFO - Started process (PID=1568) to work on /home/airflow/.local/lib/python3.8/site-packages/airflow/example_dags/example_nested_branch_dag.py
[2021-02-07 22:25:49,611] {scheduler_job.py:627} INFO - Processing file /home/airflow/.local/lib/python3.8/site-packages/airflow/example_dags/example_nested_branch_dag.py for tasks to queue
[2021-02-07 22:25:49,615] {logging_mixin.py:104} INFO - [2021-02-07 22:25:49,615] {dagbag.py:449} INFO - Filling up the DagBag from /home/airflow/.local/lib/python3.8/site-packages/airflow/example_dags/example_nested_branch_dag.py
[2021-02-07 22:25:49,640] {scheduler_job.py:637} INFO - DAG(s) dict_keys(['example_nested_branch_dag']) retrieved from /home/airflow/.local/lib/python3.8/site-packages/airflow/example_dags/example_nested_branch_dag.py
[2021-02-07 22:25:49,683] {logging_mixin.py:104} INFO - [2021-02-07 22:25:49,683] {dag.py:1818} INFO - Sync 1 DAGs
[2021-02-07 22:25:49,720] {logging_mixin.py:104} INFO - [2021-02-07 22:25:49,719] {dag.py:2273} INFO - Setting next_dagrun for example_nested_branch_dag to 2021-02-05 00:00:00+00:00
[2021-02-07 22:25:49,739] {scheduler_job.py:189} INFO - Processing /home/airflow/.local/lib/python3.8/site-packages/airflow/example_dags/example_nested_branch_dag.py took 0.139 seconds
[2021-02-07 23:26:17,072] {scheduler_job.py:181} INFO - Started process (PID=1594) to work on /home/airflow/.local/lib/python3.8/site-packages/airflow/example_dags/example_nested_branch_dag.py
[2021-02-07 23:26:17,075] {scheduler_job.py:627} INFO - Processing file /home/airflow/.local/lib/python3.8/site-packages/airflow/example_dags/example_nested_branch_dag.py for tasks to queue
[2021-02-07 23:26:17,076] {logging_mixin.py:104} INFO - [2021-02-07 23:26:17,076] {dagbag.py:449} INFO - Filling up the DagBag from /home/airflow/.local/lib/python3.8/site-packages/airflow/example_dags/example_nested_branch_dag.py
[2021-02-07 23:26:17,094] {scheduler_job.py:637} INFO - DAG(s) dict_keys(['example_nested_branch_dag']) retrieved from /home/airflow/.local/lib/python3.8/site-packages/airflow/example_dags/example_nested_branch_dag.py
[2021-02-07 23:26:17,129] {logging_mixin.py:104} INFO - [2021-02-07 23:26:17,129] {dag.py:1818} INFO - Sync 1 DAGs
[2021-02-07 23:26:17,155] {logging_mixin.py:104} INFO - [2021-02-07 23:26:17,154] {dag.py:2273} INFO - Setting next_dagrun for example_nested_branch_dag to 2021-02-05 00:00:00+00:00
[2021-02-07 23:26:17,167] {scheduler_job.py:189} INFO - Processing /home/airflow/.local/lib/python3.8/site-packages/airflow/example_dags/example_nested_branch_dag.py took 0.098 seconds
