[2021-02-07 14:47:40,197] {scheduler_job.py:181} INFO - Started process (PID=47) to work on /home/airflow/.local/lib/python3.8/site-packages/airflow/example_dags/example_task_group.py
[2021-02-07 14:47:40,200] {scheduler_job.py:627} INFO - Processing file /home/airflow/.local/lib/python3.8/site-packages/airflow/example_dags/example_task_group.py for tasks to queue
[2021-02-07 14:47:40,202] {logging_mixin.py:104} INFO - [2021-02-07 14:47:40,202] {dagbag.py:449} INFO - Filling up the DagBag from /home/airflow/.local/lib/python3.8/site-packages/airflow/example_dags/example_task_group.py
[2021-02-07 14:47:40,220] {scheduler_job.py:637} INFO - DAG(s) dict_keys(['example_task_group']) retrieved from /home/airflow/.local/lib/python3.8/site-packages/airflow/example_dags/example_task_group.py
[2021-02-07 14:47:40,263] {logging_mixin.py:104} INFO - [2021-02-07 14:47:40,263] {dag.py:1818} INFO - Sync 1 DAGs
[2021-02-07 14:47:40,276] {logging_mixin.py:104} INFO - [2021-02-07 14:47:40,276] {dag.py:1837} INFO - Creating ORM DAG for example_task_group
[2021-02-07 14:47:40,284] {logging_mixin.py:104} INFO - [2021-02-07 14:47:40,284] {dag.py:2273} INFO - Setting next_dagrun for example_task_group to 2021-02-05 00:00:00+00:00
[2021-02-07 14:47:40,307] {scheduler_job.py:189} INFO - Processing /home/airflow/.local/lib/python3.8/site-packages/airflow/example_dags/example_task_group.py took 0.115 seconds
[2021-02-07 14:48:13,018] {scheduler_job.py:181} INFO - Started process (PID=72) to work on /home/airflow/.local/lib/python3.8/site-packages/airflow/example_dags/example_task_group.py
[2021-02-07 14:48:13,023] {scheduler_job.py:627} INFO - Processing file /home/airflow/.local/lib/python3.8/site-packages/airflow/example_dags/example_task_group.py for tasks to queue
[2021-02-07 14:48:13,026] {logging_mixin.py:104} INFO - [2021-02-07 14:48:13,026] {dagbag.py:449} INFO - Filling up the DagBag from /home/airflow/.local/lib/python3.8/site-packages/airflow/example_dags/example_task_group.py
[2021-02-07 14:48:13,079] {scheduler_job.py:637} INFO - DAG(s) dict_keys(['example_task_group']) retrieved from /home/airflow/.local/lib/python3.8/site-packages/airflow/example_dags/example_task_group.py
[2021-02-07 14:48:14,060] {logging_mixin.py:104} INFO - [2021-02-07 14:48:14,059] {process_utils.py:206} INFO - Waiting up to 5 seconds for processes to exit...
[2021-02-07 15:04:17,029] {scheduler_job.py:181} INFO - Started process (PID=25) to work on /home/airflow/.local/lib/python3.8/site-packages/airflow/example_dags/example_task_group.py
[2021-02-07 15:04:17,031] {scheduler_job.py:627} INFO - Processing file /home/airflow/.local/lib/python3.8/site-packages/airflow/example_dags/example_task_group.py for tasks to queue
[2021-02-07 15:04:17,037] {logging_mixin.py:104} INFO - [2021-02-07 15:04:17,037] {dagbag.py:449} INFO - Filling up the DagBag from /home/airflow/.local/lib/python3.8/site-packages/airflow/example_dags/example_task_group.py
[2021-02-07 15:04:17,095] {scheduler_job.py:637} INFO - DAG(s) dict_keys(['example_task_group']) retrieved from /home/airflow/.local/lib/python3.8/site-packages/airflow/example_dags/example_task_group.py
[2021-02-07 15:04:17,150] {logging_mixin.py:104} INFO - [2021-02-07 15:04:17,149] {dag.py:1818} INFO - Sync 1 DAGs
[2021-02-07 15:04:17,227] {logging_mixin.py:104} INFO - [2021-02-07 15:04:17,227] {dag.py:2273} INFO - Setting next_dagrun for example_task_group to 2021-02-05 00:00:00+00:00
[2021-02-07 15:04:17,257] {scheduler_job.py:189} INFO - Processing /home/airflow/.local/lib/python3.8/site-packages/airflow/example_dags/example_task_group.py took 0.247 seconds
[2021-02-07 15:04:50,291] {scheduler_job.py:181} INFO - Started process (PID=53) to work on /home/airflow/.local/lib/python3.8/site-packages/airflow/example_dags/example_task_group.py
[2021-02-07 15:04:50,326] {scheduler_job.py:627} INFO - Processing file /home/airflow/.local/lib/python3.8/site-packages/airflow/example_dags/example_task_group.py for tasks to queue
[2021-02-07 15:04:50,354] {logging_mixin.py:104} INFO - [2021-02-07 15:04:50,343] {dagbag.py:449} INFO - Filling up the DagBag from /home/airflow/.local/lib/python3.8/site-packages/airflow/example_dags/example_task_group.py
[2021-02-07 15:04:50,606] {scheduler_job.py:637} INFO - DAG(s) dict_keys(['example_task_group']) retrieved from /home/airflow/.local/lib/python3.8/site-packages/airflow/example_dags/example_task_group.py
[2021-02-07 15:04:51,053] {logging_mixin.py:104} INFO - [2021-02-07 15:04:51,052] {dag.py:1818} INFO - Sync 1 DAGs
[2021-02-07 15:04:51,279] {logging_mixin.py:104} INFO - [2021-02-07 15:04:51,279] {dag.py:2273} INFO - Setting next_dagrun for example_task_group to 2021-02-05 00:00:00+00:00
[2021-02-07 15:04:51,428] {scheduler_job.py:189} INFO - Processing /home/airflow/.local/lib/python3.8/site-packages/airflow/example_dags/example_task_group.py took 1.200 seconds
[2021-02-07 15:05:26,797] {scheduler_job.py:181} INFO - Started process (PID=78) to work on /home/airflow/.local/lib/python3.8/site-packages/airflow/example_dags/example_task_group.py
[2021-02-07 15:05:26,820] {scheduler_job.py:627} INFO - Processing file /home/airflow/.local/lib/python3.8/site-packages/airflow/example_dags/example_task_group.py for tasks to queue
[2021-02-07 15:05:26,845] {logging_mixin.py:104} INFO - [2021-02-07 15:05:26,845] {dagbag.py:449} INFO - Filling up the DagBag from /home/airflow/.local/lib/python3.8/site-packages/airflow/example_dags/example_task_group.py
[2021-02-07 15:05:27,066] {scheduler_job.py:637} INFO - DAG(s) dict_keys(['example_task_group']) retrieved from /home/airflow/.local/lib/python3.8/site-packages/airflow/example_dags/example_task_group.py
[2021-02-07 15:05:27,688] {logging_mixin.py:104} INFO - [2021-02-07 15:05:27,687] {dag.py:1818} INFO - Sync 1 DAGs
[2021-02-07 15:05:27,931] {logging_mixin.py:104} INFO - [2021-02-07 15:05:27,928] {dag.py:2273} INFO - Setting next_dagrun for example_task_group to 2021-02-05 00:00:00+00:00
[2021-02-07 15:05:28,105] {scheduler_job.py:189} INFO - Processing /home/airflow/.local/lib/python3.8/site-packages/airflow/example_dags/example_task_group.py took 1.380 seconds
[2021-02-07 15:05:58,454] {scheduler_job.py:181} INFO - Started process (PID=104) to work on /home/airflow/.local/lib/python3.8/site-packages/airflow/example_dags/example_task_group.py
[2021-02-07 15:05:58,462] {scheduler_job.py:627} INFO - Processing file /home/airflow/.local/lib/python3.8/site-packages/airflow/example_dags/example_task_group.py for tasks to queue
[2021-02-07 15:05:58,474] {logging_mixin.py:104} INFO - [2021-02-07 15:05:58,473] {dagbag.py:449} INFO - Filling up the DagBag from /home/airflow/.local/lib/python3.8/site-packages/airflow/example_dags/example_task_group.py
[2021-02-07 15:05:58,500] {scheduler_job.py:637} INFO - DAG(s) dict_keys(['example_task_group']) retrieved from /home/airflow/.local/lib/python3.8/site-packages/airflow/example_dags/example_task_group.py
[2021-02-07 15:05:58,564] {logging_mixin.py:104} INFO - [2021-02-07 15:05:58,564] {dag.py:1818} INFO - Sync 1 DAGs
[2021-02-07 15:05:58,597] {logging_mixin.py:104} INFO - [2021-02-07 15:05:58,597] {dag.py:2273} INFO - Setting next_dagrun for example_task_group to 2021-02-05 00:00:00+00:00
[2021-02-07 15:05:58,618] {scheduler_job.py:189} INFO - Processing /home/airflow/.local/lib/python3.8/site-packages/airflow/example_dags/example_task_group.py took 0.183 seconds
[2021-02-07 15:06:28,977] {scheduler_job.py:181} INFO - Started process (PID=130) to work on /home/airflow/.local/lib/python3.8/site-packages/airflow/example_dags/example_task_group.py
[2021-02-07 15:06:28,981] {scheduler_job.py:627} INFO - Processing file /home/airflow/.local/lib/python3.8/site-packages/airflow/example_dags/example_task_group.py for tasks to queue
[2021-02-07 15:06:28,982] {logging_mixin.py:104} INFO - [2021-02-07 15:06:28,982] {dagbag.py:449} INFO - Filling up the DagBag from /home/airflow/.local/lib/python3.8/site-packages/airflow/example_dags/example_task_group.py
[2021-02-07 15:06:28,999] {scheduler_job.py:637} INFO - DAG(s) dict_keys(['example_task_group']) retrieved from /home/airflow/.local/lib/python3.8/site-packages/airflow/example_dags/example_task_group.py
[2021-02-07 15:06:29,036] {logging_mixin.py:104} INFO - [2021-02-07 15:06:29,036] {dag.py:1818} INFO - Sync 1 DAGs
[2021-02-07 15:06:29,054] {logging_mixin.py:104} INFO - [2021-02-07 15:06:29,054] {dag.py:2273} INFO - Setting next_dagrun for example_task_group to 2021-02-05 00:00:00+00:00
[2021-02-07 15:06:29,069] {scheduler_job.py:189} INFO - Processing /home/airflow/.local/lib/python3.8/site-packages/airflow/example_dags/example_task_group.py took 0.097 seconds
[2021-02-07 15:06:59,425] {scheduler_job.py:181} INFO - Started process (PID=156) to work on /home/airflow/.local/lib/python3.8/site-packages/airflow/example_dags/example_task_group.py
[2021-02-07 15:06:59,429] {scheduler_job.py:627} INFO - Processing file /home/airflow/.local/lib/python3.8/site-packages/airflow/example_dags/example_task_group.py for tasks to queue
[2021-02-07 15:06:59,431] {logging_mixin.py:104} INFO - [2021-02-07 15:06:59,431] {dagbag.py:449} INFO - Filling up the DagBag from /home/airflow/.local/lib/python3.8/site-packages/airflow/example_dags/example_task_group.py
[2021-02-07 15:06:59,441] {scheduler_job.py:637} INFO - DAG(s) dict_keys(['example_task_group']) retrieved from /home/airflow/.local/lib/python3.8/site-packages/airflow/example_dags/example_task_group.py
[2021-02-07 15:06:59,467] {logging_mixin.py:104} INFO - [2021-02-07 15:06:59,467] {dag.py:1818} INFO - Sync 1 DAGs
[2021-02-07 15:06:59,488] {logging_mixin.py:104} INFO - [2021-02-07 15:06:59,488] {dag.py:2273} INFO - Setting next_dagrun for example_task_group to 2021-02-05 00:00:00+00:00
[2021-02-07 15:06:59,507] {scheduler_job.py:189} INFO - Processing /home/airflow/.local/lib/python3.8/site-packages/airflow/example_dags/example_task_group.py took 0.086 seconds
[2021-02-07 15:07:29,745] {scheduler_job.py:181} INFO - Started process (PID=182) to work on /home/airflow/.local/lib/python3.8/site-packages/airflow/example_dags/example_task_group.py
[2021-02-07 15:07:29,747] {scheduler_job.py:627} INFO - Processing file /home/airflow/.local/lib/python3.8/site-packages/airflow/example_dags/example_task_group.py for tasks to queue
[2021-02-07 15:07:29,749] {logging_mixin.py:104} INFO - [2021-02-07 15:07:29,748] {dagbag.py:449} INFO - Filling up the DagBag from /home/airflow/.local/lib/python3.8/site-packages/airflow/example_dags/example_task_group.py
[2021-02-07 15:07:29,765] {scheduler_job.py:637} INFO - DAG(s) dict_keys(['example_task_group']) retrieved from /home/airflow/.local/lib/python3.8/site-packages/airflow/example_dags/example_task_group.py
[2021-02-07 15:07:29,791] {logging_mixin.py:104} INFO - [2021-02-07 15:07:29,791] {dag.py:1818} INFO - Sync 1 DAGs
[2021-02-07 15:07:29,813] {logging_mixin.py:104} INFO - [2021-02-07 15:07:29,812] {dag.py:2273} INFO - Setting next_dagrun for example_task_group to 2021-02-05 00:00:00+00:00
[2021-02-07 15:07:29,823] {scheduler_job.py:189} INFO - Processing /home/airflow/.local/lib/python3.8/site-packages/airflow/example_dags/example_task_group.py took 0.082 seconds
[2021-02-07 15:07:59,903] {scheduler_job.py:181} INFO - Started process (PID=208) to work on /home/airflow/.local/lib/python3.8/site-packages/airflow/example_dags/example_task_group.py
[2021-02-07 15:07:59,905] {scheduler_job.py:627} INFO - Processing file /home/airflow/.local/lib/python3.8/site-packages/airflow/example_dags/example_task_group.py for tasks to queue
[2021-02-07 15:07:59,907] {logging_mixin.py:104} INFO - [2021-02-07 15:07:59,906] {dagbag.py:449} INFO - Filling up the DagBag from /home/airflow/.local/lib/python3.8/site-packages/airflow/example_dags/example_task_group.py
[2021-02-07 15:07:59,924] {scheduler_job.py:637} INFO - DAG(s) dict_keys(['example_task_group']) retrieved from /home/airflow/.local/lib/python3.8/site-packages/airflow/example_dags/example_task_group.py
[2021-02-07 15:07:59,950] {logging_mixin.py:104} INFO - [2021-02-07 15:07:59,950] {dag.py:1818} INFO - Sync 1 DAGs
[2021-02-07 15:07:59,965] {logging_mixin.py:104} INFO - [2021-02-07 15:07:59,965] {dag.py:2273} INFO - Setting next_dagrun for example_task_group to 2021-02-05 00:00:00+00:00
[2021-02-07 15:07:59,981] {scheduler_job.py:189} INFO - Processing /home/airflow/.local/lib/python3.8/site-packages/airflow/example_dags/example_task_group.py took 0.083 seconds
[2021-02-07 15:08:30,257] {scheduler_job.py:181} INFO - Started process (PID=234) to work on /home/airflow/.local/lib/python3.8/site-packages/airflow/example_dags/example_task_group.py
[2021-02-07 15:08:30,259] {scheduler_job.py:627} INFO - Processing file /home/airflow/.local/lib/python3.8/site-packages/airflow/example_dags/example_task_group.py for tasks to queue
[2021-02-07 15:08:30,260] {logging_mixin.py:104} INFO - [2021-02-07 15:08:30,260] {dagbag.py:449} INFO - Filling up the DagBag from /home/airflow/.local/lib/python3.8/site-packages/airflow/example_dags/example_task_group.py
[2021-02-07 15:08:30,274] {scheduler_job.py:637} INFO - DAG(s) dict_keys(['example_task_group']) retrieved from /home/airflow/.local/lib/python3.8/site-packages/airflow/example_dags/example_task_group.py
[2021-02-07 15:08:30,302] {logging_mixin.py:104} INFO - [2021-02-07 15:08:30,302] {dag.py:1818} INFO - Sync 1 DAGs
[2021-02-07 15:08:30,316] {logging_mixin.py:104} INFO - [2021-02-07 15:08:30,316] {dag.py:2273} INFO - Setting next_dagrun for example_task_group to 2021-02-05 00:00:00+00:00
[2021-02-07 15:08:30,326] {scheduler_job.py:189} INFO - Processing /home/airflow/.local/lib/python3.8/site-packages/airflow/example_dags/example_task_group.py took 0.073 seconds
[2021-02-07 15:09:00,423] {scheduler_job.py:181} INFO - Started process (PID=260) to work on /home/airflow/.local/lib/python3.8/site-packages/airflow/example_dags/example_task_group.py
[2021-02-07 15:09:00,425] {scheduler_job.py:627} INFO - Processing file /home/airflow/.local/lib/python3.8/site-packages/airflow/example_dags/example_task_group.py for tasks to queue
[2021-02-07 15:09:00,427] {logging_mixin.py:104} INFO - [2021-02-07 15:09:00,427] {dagbag.py:449} INFO - Filling up the DagBag from /home/airflow/.local/lib/python3.8/site-packages/airflow/example_dags/example_task_group.py
[2021-02-07 15:09:00,444] {scheduler_job.py:637} INFO - DAG(s) dict_keys(['example_task_group']) retrieved from /home/airflow/.local/lib/python3.8/site-packages/airflow/example_dags/example_task_group.py
[2021-02-07 15:09:00,476] {logging_mixin.py:104} INFO - [2021-02-07 15:09:00,476] {dag.py:1818} INFO - Sync 1 DAGs
[2021-02-07 15:09:00,491] {logging_mixin.py:104} INFO - [2021-02-07 15:09:00,491] {dag.py:2273} INFO - Setting next_dagrun for example_task_group to 2021-02-05 00:00:00+00:00
[2021-02-07 15:09:00,507] {scheduler_job.py:189} INFO - Processing /home/airflow/.local/lib/python3.8/site-packages/airflow/example_dags/example_task_group.py took 0.089 seconds
[2021-02-07 15:09:30,890] {scheduler_job.py:181} INFO - Started process (PID=286) to work on /home/airflow/.local/lib/python3.8/site-packages/airflow/example_dags/example_task_group.py
[2021-02-07 15:09:30,892] {scheduler_job.py:627} INFO - Processing file /home/airflow/.local/lib/python3.8/site-packages/airflow/example_dags/example_task_group.py for tasks to queue
[2021-02-07 15:09:30,893] {logging_mixin.py:104} INFO - [2021-02-07 15:09:30,893] {dagbag.py:449} INFO - Filling up the DagBag from /home/airflow/.local/lib/python3.8/site-packages/airflow/example_dags/example_task_group.py
[2021-02-07 15:09:30,904] {scheduler_job.py:637} INFO - DAG(s) dict_keys(['example_task_group']) retrieved from /home/airflow/.local/lib/python3.8/site-packages/airflow/example_dags/example_task_group.py
[2021-02-07 15:09:30,929] {logging_mixin.py:104} INFO - [2021-02-07 15:09:30,929] {dag.py:1818} INFO - Sync 1 DAGs
[2021-02-07 15:09:30,946] {logging_mixin.py:104} INFO - [2021-02-07 15:09:30,946] {dag.py:2273} INFO - Setting next_dagrun for example_task_group to 2021-02-05 00:00:00+00:00
[2021-02-07 15:09:30,964] {scheduler_job.py:189} INFO - Processing /home/airflow/.local/lib/python3.8/site-packages/airflow/example_dags/example_task_group.py took 0.079 seconds
[2021-02-07 15:10:01,334] {scheduler_job.py:181} INFO - Started process (PID=312) to work on /home/airflow/.local/lib/python3.8/site-packages/airflow/example_dags/example_task_group.py
[2021-02-07 15:10:01,338] {scheduler_job.py:627} INFO - Processing file /home/airflow/.local/lib/python3.8/site-packages/airflow/example_dags/example_task_group.py for tasks to queue
[2021-02-07 15:10:01,340] {logging_mixin.py:104} INFO - [2021-02-07 15:10:01,340] {dagbag.py:449} INFO - Filling up the DagBag from /home/airflow/.local/lib/python3.8/site-packages/airflow/example_dags/example_task_group.py
[2021-02-07 15:10:01,352] {scheduler_job.py:637} INFO - DAG(s) dict_keys(['example_task_group']) retrieved from /home/airflow/.local/lib/python3.8/site-packages/airflow/example_dags/example_task_group.py
[2021-02-07 15:10:01,377] {logging_mixin.py:104} INFO - [2021-02-07 15:10:01,377] {dag.py:1818} INFO - Sync 1 DAGs
[2021-02-07 15:10:01,391] {logging_mixin.py:104} INFO - [2021-02-07 15:10:01,391] {dag.py:2273} INFO - Setting next_dagrun for example_task_group to 2021-02-05 00:00:00+00:00
[2021-02-07 15:10:01,403] {scheduler_job.py:189} INFO - Processing /home/airflow/.local/lib/python3.8/site-packages/airflow/example_dags/example_task_group.py took 0.074 seconds
[2021-02-07 15:11:34,755] {scheduler_job.py:181} INFO - Started process (PID=331) to work on /home/airflow/.local/lib/python3.8/site-packages/airflow/example_dags/example_task_group.py
[2021-02-07 15:11:34,765] {scheduler_job.py:627} INFO - Processing file /home/airflow/.local/lib/python3.8/site-packages/airflow/example_dags/example_task_group.py for tasks to queue
[2021-02-07 15:11:34,773] {logging_mixin.py:104} INFO - [2021-02-07 15:11:34,772] {dagbag.py:449} INFO - Filling up the DagBag from /home/airflow/.local/lib/python3.8/site-packages/airflow/example_dags/example_task_group.py
[2021-02-07 15:11:34,849] {scheduler_job.py:637} INFO - DAG(s) dict_keys(['example_task_group']) retrieved from /home/airflow/.local/lib/python3.8/site-packages/airflow/example_dags/example_task_group.py
[2021-02-07 15:11:35,065] {logging_mixin.py:104} INFO - [2021-02-07 15:11:35,064] {dag.py:1818} INFO - Sync 1 DAGs
[2021-02-07 15:11:35,157] {logging_mixin.py:104} INFO - [2021-02-07 15:11:35,156] {dag.py:2273} INFO - Setting next_dagrun for example_task_group to 2021-02-05 00:00:00+00:00
[2021-02-07 15:11:35,232] {scheduler_job.py:189} INFO - Processing /home/airflow/.local/lib/python3.8/site-packages/airflow/example_dags/example_task_group.py took 0.498 seconds
[2021-02-07 19:10:19,294] {scheduler_job.py:181} INFO - Started process (PID=357) to work on /home/airflow/.local/lib/python3.8/site-packages/airflow/example_dags/example_task_group.py
[2021-02-07 19:10:19,298] {scheduler_job.py:627} INFO - Processing file /home/airflow/.local/lib/python3.8/site-packages/airflow/example_dags/example_task_group.py for tasks to queue
[2021-02-07 19:10:19,302] {logging_mixin.py:104} INFO - [2021-02-07 19:10:19,301] {dagbag.py:449} INFO - Filling up the DagBag from /home/airflow/.local/lib/python3.8/site-packages/airflow/example_dags/example_task_group.py
[2021-02-07 19:10:19,335] {scheduler_job.py:637} INFO - DAG(s) dict_keys(['example_task_group']) retrieved from /home/airflow/.local/lib/python3.8/site-packages/airflow/example_dags/example_task_group.py
[2021-02-07 19:10:19,391] {logging_mixin.py:104} INFO - [2021-02-07 19:10:19,391] {dag.py:1818} INFO - Sync 1 DAGs
[2021-02-07 19:10:19,453] {logging_mixin.py:104} INFO - [2021-02-07 19:10:19,445] {dag.py:2273} INFO - Setting next_dagrun for example_task_group to 2021-02-05 00:00:00+00:00
[2021-02-07 19:10:19,480] {scheduler_job.py:189} INFO - Processing /home/airflow/.local/lib/python3.8/site-packages/airflow/example_dags/example_task_group.py took 0.195 seconds
[2021-02-07 21:10:32,876] {scheduler_job.py:181} INFO - Started process (PID=383) to work on /home/airflow/.local/lib/python3.8/site-packages/airflow/example_dags/example_task_group.py
[2021-02-07 21:10:32,883] {scheduler_job.py:627} INFO - Processing file /home/airflow/.local/lib/python3.8/site-packages/airflow/example_dags/example_task_group.py for tasks to queue
[2021-02-07 21:10:32,889] {logging_mixin.py:104} INFO - [2021-02-07 21:10:32,889] {dagbag.py:449} INFO - Filling up the DagBag from /home/airflow/.local/lib/python3.8/site-packages/airflow/example_dags/example_task_group.py
[2021-02-07 21:10:32,940] {scheduler_job.py:637} INFO - DAG(s) dict_keys(['example_task_group']) retrieved from /home/airflow/.local/lib/python3.8/site-packages/airflow/example_dags/example_task_group.py
[2021-02-07 21:10:33,006] {logging_mixin.py:104} INFO - [2021-02-07 21:10:33,006] {dag.py:1818} INFO - Sync 1 DAGs
[2021-02-07 21:10:33,053] {logging_mixin.py:104} INFO - [2021-02-07 21:10:33,052] {dag.py:2273} INFO - Setting next_dagrun for example_task_group to 2021-02-05 00:00:00+00:00
[2021-02-07 21:10:33,081] {scheduler_job.py:189} INFO - Processing /home/airflow/.local/lib/python3.8/site-packages/airflow/example_dags/example_task_group.py took 0.214 seconds
[2021-02-07 21:45:30,600] {scheduler_job.py:181} INFO - Started process (PID=409) to work on /home/airflow/.local/lib/python3.8/site-packages/airflow/example_dags/example_task_group.py
[2021-02-07 21:45:30,614] {scheduler_job.py:627} INFO - Processing file /home/airflow/.local/lib/python3.8/site-packages/airflow/example_dags/example_task_group.py for tasks to queue
[2021-02-07 21:45:30,622] {logging_mixin.py:104} INFO - [2021-02-07 21:45:30,621] {dagbag.py:449} INFO - Filling up the DagBag from /home/airflow/.local/lib/python3.8/site-packages/airflow/example_dags/example_task_group.py
[2021-02-07 21:45:30,696] {scheduler_job.py:637} INFO - DAG(s) dict_keys(['example_task_group']) retrieved from /home/airflow/.local/lib/python3.8/site-packages/airflow/example_dags/example_task_group.py
[2021-02-07 21:45:30,756] {logging_mixin.py:104} INFO - [2021-02-07 21:45:30,756] {dag.py:1818} INFO - Sync 1 DAGs
[2021-02-07 21:45:30,787] {logging_mixin.py:104} INFO - [2021-02-07 21:45:30,787] {dag.py:2273} INFO - Setting next_dagrun for example_task_group to 2021-02-05 00:00:00+00:00
[2021-02-07 21:45:30,862] {scheduler_job.py:189} INFO - Processing /home/airflow/.local/lib/python3.8/site-packages/airflow/example_dags/example_task_group.py took 0.272 seconds
[2021-02-07 21:46:01,816] {scheduler_job.py:181} INFO - Started process (PID=436) to work on /home/airflow/.local/lib/python3.8/site-packages/airflow/example_dags/example_task_group.py
[2021-02-07 21:46:01,819] {scheduler_job.py:627} INFO - Processing file /home/airflow/.local/lib/python3.8/site-packages/airflow/example_dags/example_task_group.py for tasks to queue
[2021-02-07 21:46:01,821] {logging_mixin.py:104} INFO - [2021-02-07 21:46:01,821] {dagbag.py:449} INFO - Filling up the DagBag from /home/airflow/.local/lib/python3.8/site-packages/airflow/example_dags/example_task_group.py
[2021-02-07 21:46:01,865] {scheduler_job.py:637} INFO - DAG(s) dict_keys(['example_task_group']) retrieved from /home/airflow/.local/lib/python3.8/site-packages/airflow/example_dags/example_task_group.py
[2021-02-07 21:46:01,931] {logging_mixin.py:104} INFO - [2021-02-07 21:46:01,931] {dag.py:1818} INFO - Sync 1 DAGs
[2021-02-07 21:46:01,964] {logging_mixin.py:104} INFO - [2021-02-07 21:46:01,964] {dag.py:2273} INFO - Setting next_dagrun for example_task_group to 2021-02-05 00:00:00+00:00
[2021-02-07 21:46:01,986] {scheduler_job.py:189} INFO - Processing /home/airflow/.local/lib/python3.8/site-packages/airflow/example_dags/example_task_group.py took 0.177 seconds
[2021-02-07 21:46:32,167] {scheduler_job.py:181} INFO - Started process (PID=463) to work on /home/airflow/.local/lib/python3.8/site-packages/airflow/example_dags/example_task_group.py
[2021-02-07 21:46:32,170] {scheduler_job.py:627} INFO - Processing file /home/airflow/.local/lib/python3.8/site-packages/airflow/example_dags/example_task_group.py for tasks to queue
[2021-02-07 21:46:32,173] {logging_mixin.py:104} INFO - [2021-02-07 21:46:32,172] {dagbag.py:449} INFO - Filling up the DagBag from /home/airflow/.local/lib/python3.8/site-packages/airflow/example_dags/example_task_group.py
[2021-02-07 21:46:32,189] {scheduler_job.py:637} INFO - DAG(s) dict_keys(['example_task_group']) retrieved from /home/airflow/.local/lib/python3.8/site-packages/airflow/example_dags/example_task_group.py
[2021-02-07 21:46:32,223] {logging_mixin.py:104} INFO - [2021-02-07 21:46:32,223] {dag.py:1818} INFO - Sync 1 DAGs
[2021-02-07 21:46:32,247] {logging_mixin.py:104} INFO - [2021-02-07 21:46:32,247] {dag.py:2273} INFO - Setting next_dagrun for example_task_group to 2021-02-05 00:00:00+00:00
[2021-02-07 21:46:32,265] {scheduler_job.py:189} INFO - Processing /home/airflow/.local/lib/python3.8/site-packages/airflow/example_dags/example_task_group.py took 0.109 seconds
[2021-02-07 21:47:03,947] {scheduler_job.py:181} INFO - Started process (PID=489) to work on /home/airflow/.local/lib/python3.8/site-packages/airflow/example_dags/example_task_group.py
[2021-02-07 21:47:03,985] {scheduler_job.py:627} INFO - Processing file /home/airflow/.local/lib/python3.8/site-packages/airflow/example_dags/example_task_group.py for tasks to queue
[2021-02-07 21:47:04,006] {logging_mixin.py:104} INFO - [2021-02-07 21:47:04,005] {dagbag.py:449} INFO - Filling up the DagBag from /home/airflow/.local/lib/python3.8/site-packages/airflow/example_dags/example_task_group.py
[2021-02-07 21:47:04,175] {scheduler_job.py:637} INFO - DAG(s) dict_keys(['example_task_group']) retrieved from /home/airflow/.local/lib/python3.8/site-packages/airflow/example_dags/example_task_group.py
[2021-02-07 21:47:04,534] {logging_mixin.py:104} INFO - [2021-02-07 21:47:04,533] {dag.py:1818} INFO - Sync 1 DAGs
[2021-02-07 21:47:04,983] {logging_mixin.py:104} INFO - [2021-02-07 21:47:04,982] {dag.py:2273} INFO - Setting next_dagrun for example_task_group to 2021-02-05 00:00:00+00:00
[2021-02-07 21:47:05,146] {scheduler_job.py:189} INFO - Processing /home/airflow/.local/lib/python3.8/site-packages/airflow/example_dags/example_task_group.py took 1.253 seconds
[2021-02-07 21:47:35,261] {scheduler_job.py:181} INFO - Started process (PID=515) to work on /home/airflow/.local/lib/python3.8/site-packages/airflow/example_dags/example_task_group.py
[2021-02-07 21:47:35,266] {scheduler_job.py:627} INFO - Processing file /home/airflow/.local/lib/python3.8/site-packages/airflow/example_dags/example_task_group.py for tasks to queue
[2021-02-07 21:47:35,268] {logging_mixin.py:104} INFO - [2021-02-07 21:47:35,268] {dagbag.py:449} INFO - Filling up the DagBag from /home/airflow/.local/lib/python3.8/site-packages/airflow/example_dags/example_task_group.py
[2021-02-07 21:47:35,295] {scheduler_job.py:637} INFO - DAG(s) dict_keys(['example_task_group']) retrieved from /home/airflow/.local/lib/python3.8/site-packages/airflow/example_dags/example_task_group.py
[2021-02-07 21:47:35,355] {logging_mixin.py:104} INFO - [2021-02-07 21:47:35,355] {dag.py:1818} INFO - Sync 1 DAGs
[2021-02-07 21:47:35,386] {logging_mixin.py:104} INFO - [2021-02-07 21:47:35,386] {dag.py:2273} INFO - Setting next_dagrun for example_task_group to 2021-02-05 00:00:00+00:00
[2021-02-07 21:47:35,418] {scheduler_job.py:189} INFO - Processing /home/airflow/.local/lib/python3.8/site-packages/airflow/example_dags/example_task_group.py took 0.165 seconds
[2021-02-07 21:48:06,002] {scheduler_job.py:181} INFO - Started process (PID=541) to work on /home/airflow/.local/lib/python3.8/site-packages/airflow/example_dags/example_task_group.py
[2021-02-07 21:48:06,006] {scheduler_job.py:627} INFO - Processing file /home/airflow/.local/lib/python3.8/site-packages/airflow/example_dags/example_task_group.py for tasks to queue
[2021-02-07 21:48:06,008] {logging_mixin.py:104} INFO - [2021-02-07 21:48:06,008] {dagbag.py:449} INFO - Filling up the DagBag from /home/airflow/.local/lib/python3.8/site-packages/airflow/example_dags/example_task_group.py
[2021-02-07 21:48:06,023] {scheduler_job.py:637} INFO - DAG(s) dict_keys(['example_task_group']) retrieved from /home/airflow/.local/lib/python3.8/site-packages/airflow/example_dags/example_task_group.py
[2021-02-07 21:48:06,053] {logging_mixin.py:104} INFO - [2021-02-07 21:48:06,053] {dag.py:1818} INFO - Sync 1 DAGs
[2021-02-07 21:48:06,074] {logging_mixin.py:104} INFO - [2021-02-07 21:48:06,074] {dag.py:2273} INFO - Setting next_dagrun for example_task_group to 2021-02-05 00:00:00+00:00
[2021-02-07 21:48:06,088] {scheduler_job.py:189} INFO - Processing /home/airflow/.local/lib/python3.8/site-packages/airflow/example_dags/example_task_group.py took 0.091 seconds
[2021-02-07 21:48:36,911] {scheduler_job.py:181} INFO - Started process (PID=567) to work on /home/airflow/.local/lib/python3.8/site-packages/airflow/example_dags/example_task_group.py
[2021-02-07 21:48:36,917] {scheduler_job.py:627} INFO - Processing file /home/airflow/.local/lib/python3.8/site-packages/airflow/example_dags/example_task_group.py for tasks to queue
[2021-02-07 21:48:36,926] {logging_mixin.py:104} INFO - [2021-02-07 21:48:36,926] {dagbag.py:449} INFO - Filling up the DagBag from /home/airflow/.local/lib/python3.8/site-packages/airflow/example_dags/example_task_group.py
[2021-02-07 21:48:36,976] {scheduler_job.py:637} INFO - DAG(s) dict_keys(['example_task_group']) retrieved from /home/airflow/.local/lib/python3.8/site-packages/airflow/example_dags/example_task_group.py
[2021-02-07 21:48:37,096] {logging_mixin.py:104} INFO - [2021-02-07 21:48:37,096] {dag.py:1818} INFO - Sync 1 DAGs
[2021-02-07 21:48:37,197] {logging_mixin.py:104} INFO - [2021-02-07 21:48:37,196] {dag.py:2273} INFO - Setting next_dagrun for example_task_group to 2021-02-05 00:00:00+00:00
[2021-02-07 21:48:37,250] {scheduler_job.py:189} INFO - Processing /home/airflow/.local/lib/python3.8/site-packages/airflow/example_dags/example_task_group.py took 0.360 seconds
[2021-02-07 21:49:07,922] {scheduler_job.py:181} INFO - Started process (PID=593) to work on /home/airflow/.local/lib/python3.8/site-packages/airflow/example_dags/example_task_group.py
[2021-02-07 21:49:07,925] {scheduler_job.py:627} INFO - Processing file /home/airflow/.local/lib/python3.8/site-packages/airflow/example_dags/example_task_group.py for tasks to queue
[2021-02-07 21:49:07,926] {logging_mixin.py:104} INFO - [2021-02-07 21:49:07,926] {dagbag.py:449} INFO - Filling up the DagBag from /home/airflow/.local/lib/python3.8/site-packages/airflow/example_dags/example_task_group.py
[2021-02-07 21:49:07,939] {scheduler_job.py:637} INFO - DAG(s) dict_keys(['example_task_group']) retrieved from /home/airflow/.local/lib/python3.8/site-packages/airflow/example_dags/example_task_group.py
[2021-02-07 21:49:07,968] {logging_mixin.py:104} INFO - [2021-02-07 21:49:07,968] {dag.py:1818} INFO - Sync 1 DAGs
[2021-02-07 21:49:07,983] {logging_mixin.py:104} INFO - [2021-02-07 21:49:07,983] {dag.py:2273} INFO - Setting next_dagrun for example_task_group to 2021-02-05 00:00:00+00:00
[2021-02-07 21:49:07,996] {scheduler_job.py:189} INFO - Processing /home/airflow/.local/lib/python3.8/site-packages/airflow/example_dags/example_task_group.py took 0.079 seconds
[2021-02-07 21:49:38,502] {scheduler_job.py:181} INFO - Started process (PID=619) to work on /home/airflow/.local/lib/python3.8/site-packages/airflow/example_dags/example_task_group.py
[2021-02-07 21:49:38,505] {scheduler_job.py:627} INFO - Processing file /home/airflow/.local/lib/python3.8/site-packages/airflow/example_dags/example_task_group.py for tasks to queue
[2021-02-07 21:49:38,507] {logging_mixin.py:104} INFO - [2021-02-07 21:49:38,507] {dagbag.py:449} INFO - Filling up the DagBag from /home/airflow/.local/lib/python3.8/site-packages/airflow/example_dags/example_task_group.py
[2021-02-07 21:49:38,523] {scheduler_job.py:637} INFO - DAG(s) dict_keys(['example_task_group']) retrieved from /home/airflow/.local/lib/python3.8/site-packages/airflow/example_dags/example_task_group.py
[2021-02-07 21:49:38,563] {logging_mixin.py:104} INFO - [2021-02-07 21:49:38,563] {dag.py:1818} INFO - Sync 1 DAGs
[2021-02-07 21:49:38,594] {logging_mixin.py:104} INFO - [2021-02-07 21:49:38,594] {dag.py:2273} INFO - Setting next_dagrun for example_task_group to 2021-02-05 00:00:00+00:00
[2021-02-07 21:49:38,614] {scheduler_job.py:189} INFO - Processing /home/airflow/.local/lib/python3.8/site-packages/airflow/example_dags/example_task_group.py took 0.118 seconds
[2021-02-07 21:50:09,107] {scheduler_job.py:181} INFO - Started process (PID=645) to work on /home/airflow/.local/lib/python3.8/site-packages/airflow/example_dags/example_task_group.py
[2021-02-07 21:50:09,110] {scheduler_job.py:627} INFO - Processing file /home/airflow/.local/lib/python3.8/site-packages/airflow/example_dags/example_task_group.py for tasks to queue
[2021-02-07 21:50:09,112] {logging_mixin.py:104} INFO - [2021-02-07 21:50:09,112] {dagbag.py:449} INFO - Filling up the DagBag from /home/airflow/.local/lib/python3.8/site-packages/airflow/example_dags/example_task_group.py
[2021-02-07 21:50:09,136] {scheduler_job.py:637} INFO - DAG(s) dict_keys(['example_task_group']) retrieved from /home/airflow/.local/lib/python3.8/site-packages/airflow/example_dags/example_task_group.py
[2021-02-07 21:50:09,174] {logging_mixin.py:104} INFO - [2021-02-07 21:50:09,173] {dag.py:1818} INFO - Sync 1 DAGs
[2021-02-07 21:50:09,195] {logging_mixin.py:104} INFO - [2021-02-07 21:50:09,195] {dag.py:2273} INFO - Setting next_dagrun for example_task_group to 2021-02-05 00:00:00+00:00
[2021-02-07 21:50:09,212] {scheduler_job.py:189} INFO - Processing /home/airflow/.local/lib/python3.8/site-packages/airflow/example_dags/example_task_group.py took 0.111 seconds
[2021-02-07 21:50:40,138] {scheduler_job.py:181} INFO - Started process (PID=671) to work on /home/airflow/.local/lib/python3.8/site-packages/airflow/example_dags/example_task_group.py
[2021-02-07 21:50:40,140] {scheduler_job.py:627} INFO - Processing file /home/airflow/.local/lib/python3.8/site-packages/airflow/example_dags/example_task_group.py for tasks to queue
[2021-02-07 21:50:40,142] {logging_mixin.py:104} INFO - [2021-02-07 21:50:40,142] {dagbag.py:449} INFO - Filling up the DagBag from /home/airflow/.local/lib/python3.8/site-packages/airflow/example_dags/example_task_group.py
[2021-02-07 21:50:40,159] {scheduler_job.py:637} INFO - DAG(s) dict_keys(['example_task_group']) retrieved from /home/airflow/.local/lib/python3.8/site-packages/airflow/example_dags/example_task_group.py
[2021-02-07 21:50:40,187] {logging_mixin.py:104} INFO - [2021-02-07 21:50:40,187] {dag.py:1818} INFO - Sync 1 DAGs
[2021-02-07 21:50:40,203] {logging_mixin.py:104} INFO - [2021-02-07 21:50:40,203] {dag.py:2273} INFO - Setting next_dagrun for example_task_group to 2021-02-05 00:00:00+00:00
[2021-02-07 21:50:40,216] {scheduler_job.py:189} INFO - Processing /home/airflow/.local/lib/python3.8/site-packages/airflow/example_dags/example_task_group.py took 0.083 seconds
[2021-02-07 21:51:10,772] {scheduler_job.py:181} INFO - Started process (PID=697) to work on /home/airflow/.local/lib/python3.8/site-packages/airflow/example_dags/example_task_group.py
[2021-02-07 21:51:10,774] {scheduler_job.py:627} INFO - Processing file /home/airflow/.local/lib/python3.8/site-packages/airflow/example_dags/example_task_group.py for tasks to queue
[2021-02-07 21:51:10,776] {logging_mixin.py:104} INFO - [2021-02-07 21:51:10,776] {dagbag.py:449} INFO - Filling up the DagBag from /home/airflow/.local/lib/python3.8/site-packages/airflow/example_dags/example_task_group.py
[2021-02-07 21:51:10,788] {scheduler_job.py:637} INFO - DAG(s) dict_keys(['example_task_group']) retrieved from /home/airflow/.local/lib/python3.8/site-packages/airflow/example_dags/example_task_group.py
[2021-02-07 21:51:10,814] {logging_mixin.py:104} INFO - [2021-02-07 21:51:10,814] {dag.py:1818} INFO - Sync 1 DAGs
[2021-02-07 21:51:10,828] {logging_mixin.py:104} INFO - [2021-02-07 21:51:10,828] {dag.py:2273} INFO - Setting next_dagrun for example_task_group to 2021-02-05 00:00:00+00:00
[2021-02-07 21:51:10,844] {scheduler_job.py:189} INFO - Processing /home/airflow/.local/lib/python3.8/site-packages/airflow/example_dags/example_task_group.py took 0.076 seconds
[2021-02-07 21:51:41,477] {scheduler_job.py:181} INFO - Started process (PID=723) to work on /home/airflow/.local/lib/python3.8/site-packages/airflow/example_dags/example_task_group.py
[2021-02-07 21:51:41,479] {scheduler_job.py:627} INFO - Processing file /home/airflow/.local/lib/python3.8/site-packages/airflow/example_dags/example_task_group.py for tasks to queue
[2021-02-07 21:51:41,481] {logging_mixin.py:104} INFO - [2021-02-07 21:51:41,480] {dagbag.py:449} INFO - Filling up the DagBag from /home/airflow/.local/lib/python3.8/site-packages/airflow/example_dags/example_task_group.py
[2021-02-07 21:51:41,501] {scheduler_job.py:637} INFO - DAG(s) dict_keys(['example_task_group']) retrieved from /home/airflow/.local/lib/python3.8/site-packages/airflow/example_dags/example_task_group.py
[2021-02-07 21:51:41,542] {logging_mixin.py:104} INFO - [2021-02-07 21:51:41,542] {dag.py:1818} INFO - Sync 1 DAGs
[2021-02-07 21:51:41,564] {logging_mixin.py:104} INFO - [2021-02-07 21:51:41,564] {dag.py:2273} INFO - Setting next_dagrun for example_task_group to 2021-02-05 00:00:00+00:00
[2021-02-07 21:51:41,582] {scheduler_job.py:189} INFO - Processing /home/airflow/.local/lib/python3.8/site-packages/airflow/example_dags/example_task_group.py took 0.110 seconds
[2021-02-07 21:52:12,397] {scheduler_job.py:181} INFO - Started process (PID=749) to work on /home/airflow/.local/lib/python3.8/site-packages/airflow/example_dags/example_task_group.py
[2021-02-07 21:52:12,399] {scheduler_job.py:627} INFO - Processing file /home/airflow/.local/lib/python3.8/site-packages/airflow/example_dags/example_task_group.py for tasks to queue
[2021-02-07 21:52:12,401] {logging_mixin.py:104} INFO - [2021-02-07 21:52:12,401] {dagbag.py:449} INFO - Filling up the DagBag from /home/airflow/.local/lib/python3.8/site-packages/airflow/example_dags/example_task_group.py
[2021-02-07 21:52:12,414] {scheduler_job.py:637} INFO - DAG(s) dict_keys(['example_task_group']) retrieved from /home/airflow/.local/lib/python3.8/site-packages/airflow/example_dags/example_task_group.py
[2021-02-07 21:52:12,443] {logging_mixin.py:104} INFO - [2021-02-07 21:52:12,443] {dag.py:1818} INFO - Sync 1 DAGs
[2021-02-07 21:52:12,460] {logging_mixin.py:104} INFO - [2021-02-07 21:52:12,459] {dag.py:2273} INFO - Setting next_dagrun for example_task_group to 2021-02-05 00:00:00+00:00
[2021-02-07 21:52:12,476] {scheduler_job.py:189} INFO - Processing /home/airflow/.local/lib/python3.8/site-packages/airflow/example_dags/example_task_group.py took 0.084 seconds
[2021-02-07 21:52:42,770] {scheduler_job.py:181} INFO - Started process (PID=775) to work on /home/airflow/.local/lib/python3.8/site-packages/airflow/example_dags/example_task_group.py
[2021-02-07 21:52:42,773] {scheduler_job.py:627} INFO - Processing file /home/airflow/.local/lib/python3.8/site-packages/airflow/example_dags/example_task_group.py for tasks to queue
[2021-02-07 21:52:42,775] {logging_mixin.py:104} INFO - [2021-02-07 21:52:42,775] {dagbag.py:449} INFO - Filling up the DagBag from /home/airflow/.local/lib/python3.8/site-packages/airflow/example_dags/example_task_group.py
[2021-02-07 21:52:42,799] {scheduler_job.py:637} INFO - DAG(s) dict_keys(['example_task_group']) retrieved from /home/airflow/.local/lib/python3.8/site-packages/airflow/example_dags/example_task_group.py
[2021-02-07 21:52:42,837] {logging_mixin.py:104} INFO - [2021-02-07 21:52:42,837] {dag.py:1818} INFO - Sync 1 DAGs
[2021-02-07 21:52:42,935] {logging_mixin.py:104} INFO - [2021-02-07 21:52:42,934] {dag.py:2273} INFO - Setting next_dagrun for example_task_group to 2021-02-05 00:00:00+00:00
[2021-02-07 21:52:43,014] {scheduler_job.py:189} INFO - Processing /home/airflow/.local/lib/python3.8/site-packages/airflow/example_dags/example_task_group.py took 0.248 seconds
[2021-02-07 21:53:13,981] {scheduler_job.py:181} INFO - Started process (PID=801) to work on /home/airflow/.local/lib/python3.8/site-packages/airflow/example_dags/example_task_group.py
[2021-02-07 21:53:13,983] {scheduler_job.py:627} INFO - Processing file /home/airflow/.local/lib/python3.8/site-packages/airflow/example_dags/example_task_group.py for tasks to queue
[2021-02-07 21:53:13,985] {logging_mixin.py:104} INFO - [2021-02-07 21:53:13,985] {dagbag.py:449} INFO - Filling up the DagBag from /home/airflow/.local/lib/python3.8/site-packages/airflow/example_dags/example_task_group.py
[2021-02-07 21:53:14,002] {scheduler_job.py:637} INFO - DAG(s) dict_keys(['example_task_group']) retrieved from /home/airflow/.local/lib/python3.8/site-packages/airflow/example_dags/example_task_group.py
[2021-02-07 21:53:14,035] {logging_mixin.py:104} INFO - [2021-02-07 21:53:14,035] {dag.py:1818} INFO - Sync 1 DAGs
[2021-02-07 21:53:14,055] {logging_mixin.py:104} INFO - [2021-02-07 21:53:14,055] {dag.py:2273} INFO - Setting next_dagrun for example_task_group to 2021-02-05 00:00:00+00:00
[2021-02-07 21:53:14,072] {scheduler_job.py:189} INFO - Processing /home/airflow/.local/lib/python3.8/site-packages/airflow/example_dags/example_task_group.py took 0.099 seconds
[2021-02-07 21:53:44,883] {scheduler_job.py:181} INFO - Started process (PID=834) to work on /home/airflow/.local/lib/python3.8/site-packages/airflow/example_dags/example_task_group.py
[2021-02-07 21:53:44,886] {scheduler_job.py:627} INFO - Processing file /home/airflow/.local/lib/python3.8/site-packages/airflow/example_dags/example_task_group.py for tasks to queue
[2021-02-07 21:53:44,888] {logging_mixin.py:104} INFO - [2021-02-07 21:53:44,888] {dagbag.py:449} INFO - Filling up the DagBag from /home/airflow/.local/lib/python3.8/site-packages/airflow/example_dags/example_task_group.py
[2021-02-07 21:53:44,904] {scheduler_job.py:637} INFO - DAG(s) dict_keys(['example_task_group']) retrieved from /home/airflow/.local/lib/python3.8/site-packages/airflow/example_dags/example_task_group.py
[2021-02-07 21:53:44,935] {logging_mixin.py:104} INFO - [2021-02-07 21:53:44,935] {dag.py:1818} INFO - Sync 1 DAGs
[2021-02-07 21:53:44,952] {logging_mixin.py:104} INFO - [2021-02-07 21:53:44,952] {dag.py:2273} INFO - Setting next_dagrun for example_task_group to 2021-02-05 00:00:00+00:00
[2021-02-07 21:53:44,966] {scheduler_job.py:189} INFO - Processing /home/airflow/.local/lib/python3.8/site-packages/airflow/example_dags/example_task_group.py took 0.089 seconds
[2021-02-07 21:54:15,300] {scheduler_job.py:181} INFO - Started process (PID=869) to work on /home/airflow/.local/lib/python3.8/site-packages/airflow/example_dags/example_task_group.py
[2021-02-07 21:54:15,302] {scheduler_job.py:627} INFO - Processing file /home/airflow/.local/lib/python3.8/site-packages/airflow/example_dags/example_task_group.py for tasks to queue
[2021-02-07 21:54:15,304] {logging_mixin.py:104} INFO - [2021-02-07 21:54:15,304] {dagbag.py:449} INFO - Filling up the DagBag from /home/airflow/.local/lib/python3.8/site-packages/airflow/example_dags/example_task_group.py
[2021-02-07 21:54:15,317] {scheduler_job.py:637} INFO - DAG(s) dict_keys(['example_task_group']) retrieved from /home/airflow/.local/lib/python3.8/site-packages/airflow/example_dags/example_task_group.py
[2021-02-07 21:54:15,342] {logging_mixin.py:104} INFO - [2021-02-07 21:54:15,342] {dag.py:1818} INFO - Sync 1 DAGs
[2021-02-07 21:54:15,359] {logging_mixin.py:104} INFO - [2021-02-07 21:54:15,359] {dag.py:2273} INFO - Setting next_dagrun for example_task_group to 2021-02-05 00:00:00+00:00
[2021-02-07 21:54:15,370] {scheduler_job.py:189} INFO - Processing /home/airflow/.local/lib/python3.8/site-packages/airflow/example_dags/example_task_group.py took 0.074 seconds
[2021-02-07 21:54:45,824] {scheduler_job.py:181} INFO - Started process (PID=895) to work on /home/airflow/.local/lib/python3.8/site-packages/airflow/example_dags/example_task_group.py
[2021-02-07 21:54:45,826] {scheduler_job.py:627} INFO - Processing file /home/airflow/.local/lib/python3.8/site-packages/airflow/example_dags/example_task_group.py for tasks to queue
[2021-02-07 21:54:45,828] {logging_mixin.py:104} INFO - [2021-02-07 21:54:45,828] {dagbag.py:449} INFO - Filling up the DagBag from /home/airflow/.local/lib/python3.8/site-packages/airflow/example_dags/example_task_group.py
[2021-02-07 21:54:45,843] {scheduler_job.py:637} INFO - DAG(s) dict_keys(['example_task_group']) retrieved from /home/airflow/.local/lib/python3.8/site-packages/airflow/example_dags/example_task_group.py
[2021-02-07 21:54:45,880] {logging_mixin.py:104} INFO - [2021-02-07 21:54:45,879] {dag.py:1818} INFO - Sync 1 DAGs
[2021-02-07 21:54:45,969] {logging_mixin.py:104} INFO - [2021-02-07 21:54:45,969] {dag.py:2273} INFO - Setting next_dagrun for example_task_group to 2021-02-05 00:00:00+00:00
[2021-02-07 21:54:46,061] {scheduler_job.py:189} INFO - Processing /home/airflow/.local/lib/python3.8/site-packages/airflow/example_dags/example_task_group.py took 0.241 seconds
[2021-02-07 21:55:16,886] {scheduler_job.py:181} INFO - Started process (PID=921) to work on /home/airflow/.local/lib/python3.8/site-packages/airflow/example_dags/example_task_group.py
[2021-02-07 21:55:16,898] {scheduler_job.py:627} INFO - Processing file /home/airflow/.local/lib/python3.8/site-packages/airflow/example_dags/example_task_group.py for tasks to queue
[2021-02-07 21:55:16,913] {logging_mixin.py:104} INFO - [2021-02-07 21:55:16,912] {dagbag.py:449} INFO - Filling up the DagBag from /home/airflow/.local/lib/python3.8/site-packages/airflow/example_dags/example_task_group.py
[2021-02-07 21:55:17,058] {scheduler_job.py:637} INFO - DAG(s) dict_keys(['example_task_group']) retrieved from /home/airflow/.local/lib/python3.8/site-packages/airflow/example_dags/example_task_group.py
[2021-02-07 21:55:17,431] {logging_mixin.py:104} INFO - [2021-02-07 21:55:17,430] {dag.py:1818} INFO - Sync 1 DAGs
[2021-02-07 21:55:17,686] {logging_mixin.py:104} INFO - [2021-02-07 21:55:17,683] {dag.py:2273} INFO - Setting next_dagrun for example_task_group to 2021-02-05 00:00:00+00:00
[2021-02-07 21:55:17,840] {scheduler_job.py:189} INFO - Processing /home/airflow/.local/lib/python3.8/site-packages/airflow/example_dags/example_task_group.py took 0.990 seconds
[2021-02-07 21:55:48,084] {scheduler_job.py:181} INFO - Started process (PID=947) to work on /home/airflow/.local/lib/python3.8/site-packages/airflow/example_dags/example_task_group.py
[2021-02-07 21:55:48,093] {scheduler_job.py:627} INFO - Processing file /home/airflow/.local/lib/python3.8/site-packages/airflow/example_dags/example_task_group.py for tasks to queue
[2021-02-07 21:55:48,102] {logging_mixin.py:104} INFO - [2021-02-07 21:55:48,102] {dagbag.py:449} INFO - Filling up the DagBag from /home/airflow/.local/lib/python3.8/site-packages/airflow/example_dags/example_task_group.py
[2021-02-07 21:55:48,208] {scheduler_job.py:637} INFO - DAG(s) dict_keys(['example_task_group']) retrieved from /home/airflow/.local/lib/python3.8/site-packages/airflow/example_dags/example_task_group.py
[2021-02-07 21:55:48,441] {logging_mixin.py:104} INFO - [2021-02-07 21:55:48,439] {dag.py:1818} INFO - Sync 1 DAGs
[2021-02-07 21:55:48,603] {logging_mixin.py:104} INFO - [2021-02-07 21:55:48,602] {dag.py:2273} INFO - Setting next_dagrun for example_task_group to 2021-02-05 00:00:00+00:00
[2021-02-07 21:55:48,703] {scheduler_job.py:189} INFO - Processing /home/airflow/.local/lib/python3.8/site-packages/airflow/example_dags/example_task_group.py took 0.647 seconds
[2021-02-07 21:56:19,146] {scheduler_job.py:181} INFO - Started process (PID=973) to work on /home/airflow/.local/lib/python3.8/site-packages/airflow/example_dags/example_task_group.py
[2021-02-07 21:56:19,149] {scheduler_job.py:627} INFO - Processing file /home/airflow/.local/lib/python3.8/site-packages/airflow/example_dags/example_task_group.py for tasks to queue
[2021-02-07 21:56:19,151] {logging_mixin.py:104} INFO - [2021-02-07 21:56:19,151] {dagbag.py:449} INFO - Filling up the DagBag from /home/airflow/.local/lib/python3.8/site-packages/airflow/example_dags/example_task_group.py
[2021-02-07 21:56:19,171] {scheduler_job.py:637} INFO - DAG(s) dict_keys(['example_task_group']) retrieved from /home/airflow/.local/lib/python3.8/site-packages/airflow/example_dags/example_task_group.py
[2021-02-07 21:56:19,213] {logging_mixin.py:104} INFO - [2021-02-07 21:56:19,213] {dag.py:1818} INFO - Sync 1 DAGs
[2021-02-07 21:56:19,233] {logging_mixin.py:104} INFO - [2021-02-07 21:56:19,233] {dag.py:2273} INFO - Setting next_dagrun for example_task_group to 2021-02-05 00:00:00+00:00
[2021-02-07 21:56:19,259] {scheduler_job.py:189} INFO - Processing /home/airflow/.local/lib/python3.8/site-packages/airflow/example_dags/example_task_group.py took 0.120 seconds
[2021-02-07 21:56:49,435] {scheduler_job.py:181} INFO - Started process (PID=999) to work on /home/airflow/.local/lib/python3.8/site-packages/airflow/example_dags/example_task_group.py
[2021-02-07 21:56:49,439] {scheduler_job.py:627} INFO - Processing file /home/airflow/.local/lib/python3.8/site-packages/airflow/example_dags/example_task_group.py for tasks to queue
[2021-02-07 21:56:49,443] {logging_mixin.py:104} INFO - [2021-02-07 21:56:49,443] {dagbag.py:449} INFO - Filling up the DagBag from /home/airflow/.local/lib/python3.8/site-packages/airflow/example_dags/example_task_group.py
[2021-02-07 21:56:49,464] {scheduler_job.py:637} INFO - DAG(s) dict_keys(['example_task_group']) retrieved from /home/airflow/.local/lib/python3.8/site-packages/airflow/example_dags/example_task_group.py
[2021-02-07 21:56:49,508] {logging_mixin.py:104} INFO - [2021-02-07 21:56:49,508] {dag.py:1818} INFO - Sync 1 DAGs
[2021-02-07 21:56:49,536] {logging_mixin.py:104} INFO - [2021-02-07 21:56:49,536] {dag.py:2273} INFO - Setting next_dagrun for example_task_group to 2021-02-05 00:00:00+00:00
[2021-02-07 21:56:49,555] {scheduler_job.py:189} INFO - Processing /home/airflow/.local/lib/python3.8/site-packages/airflow/example_dags/example_task_group.py took 0.127 seconds
[2021-02-07 21:57:19,681] {scheduler_job.py:181} INFO - Started process (PID=1025) to work on /home/airflow/.local/lib/python3.8/site-packages/airflow/example_dags/example_task_group.py
[2021-02-07 21:57:19,684] {scheduler_job.py:627} INFO - Processing file /home/airflow/.local/lib/python3.8/site-packages/airflow/example_dags/example_task_group.py for tasks to queue
[2021-02-07 21:57:19,686] {logging_mixin.py:104} INFO - [2021-02-07 21:57:19,686] {dagbag.py:449} INFO - Filling up the DagBag from /home/airflow/.local/lib/python3.8/site-packages/airflow/example_dags/example_task_group.py
[2021-02-07 21:57:19,708] {scheduler_job.py:637} INFO - DAG(s) dict_keys(['example_task_group']) retrieved from /home/airflow/.local/lib/python3.8/site-packages/airflow/example_dags/example_task_group.py
[2021-02-07 21:57:19,743] {logging_mixin.py:104} INFO - [2021-02-07 21:57:19,742] {dag.py:1818} INFO - Sync 1 DAGs
[2021-02-07 21:57:19,757] {logging_mixin.py:104} INFO - [2021-02-07 21:57:19,757] {dag.py:2273} INFO - Setting next_dagrun for example_task_group to 2021-02-05 00:00:00+00:00
[2021-02-07 21:57:19,769] {scheduler_job.py:189} INFO - Processing /home/airflow/.local/lib/python3.8/site-packages/airflow/example_dags/example_task_group.py took 0.095 seconds
[2021-02-07 21:57:50,319] {scheduler_job.py:181} INFO - Started process (PID=1051) to work on /home/airflow/.local/lib/python3.8/site-packages/airflow/example_dags/example_task_group.py
[2021-02-07 21:57:50,321] {scheduler_job.py:627} INFO - Processing file /home/airflow/.local/lib/python3.8/site-packages/airflow/example_dags/example_task_group.py for tasks to queue
[2021-02-07 21:57:50,323] {logging_mixin.py:104} INFO - [2021-02-07 21:57:50,323] {dagbag.py:449} INFO - Filling up the DagBag from /home/airflow/.local/lib/python3.8/site-packages/airflow/example_dags/example_task_group.py
[2021-02-07 21:57:50,337] {scheduler_job.py:637} INFO - DAG(s) dict_keys(['example_task_group']) retrieved from /home/airflow/.local/lib/python3.8/site-packages/airflow/example_dags/example_task_group.py
[2021-02-07 21:57:50,362] {logging_mixin.py:104} INFO - [2021-02-07 21:57:50,362] {dag.py:1818} INFO - Sync 1 DAGs
[2021-02-07 21:57:50,375] {logging_mixin.py:104} INFO - [2021-02-07 21:57:50,375] {dag.py:2273} INFO - Setting next_dagrun for example_task_group to 2021-02-05 00:00:00+00:00
[2021-02-07 21:57:50,386] {scheduler_job.py:189} INFO - Processing /home/airflow/.local/lib/python3.8/site-packages/airflow/example_dags/example_task_group.py took 0.072 seconds
[2021-02-07 21:58:20,772] {scheduler_job.py:181} INFO - Started process (PID=1077) to work on /home/airflow/.local/lib/python3.8/site-packages/airflow/example_dags/example_task_group.py
[2021-02-07 21:58:20,776] {scheduler_job.py:627} INFO - Processing file /home/airflow/.local/lib/python3.8/site-packages/airflow/example_dags/example_task_group.py for tasks to queue
[2021-02-07 21:58:20,778] {logging_mixin.py:104} INFO - [2021-02-07 21:58:20,778] {dagbag.py:449} INFO - Filling up the DagBag from /home/airflow/.local/lib/python3.8/site-packages/airflow/example_dags/example_task_group.py
[2021-02-07 21:58:20,798] {scheduler_job.py:637} INFO - DAG(s) dict_keys(['example_task_group']) retrieved from /home/airflow/.local/lib/python3.8/site-packages/airflow/example_dags/example_task_group.py
[2021-02-07 21:58:20,837] {logging_mixin.py:104} INFO - [2021-02-07 21:58:20,837] {dag.py:1818} INFO - Sync 1 DAGs
[2021-02-07 21:58:20,879] {logging_mixin.py:104} INFO - [2021-02-07 21:58:20,878] {dag.py:2273} INFO - Setting next_dagrun for example_task_group to 2021-02-05 00:00:00+00:00
[2021-02-07 21:58:20,910] {scheduler_job.py:189} INFO - Processing /home/airflow/.local/lib/python3.8/site-packages/airflow/example_dags/example_task_group.py took 0.145 seconds
[2021-02-07 21:58:51,506] {scheduler_job.py:181} INFO - Started process (PID=1103) to work on /home/airflow/.local/lib/python3.8/site-packages/airflow/example_dags/example_task_group.py
[2021-02-07 21:58:51,510] {scheduler_job.py:627} INFO - Processing file /home/airflow/.local/lib/python3.8/site-packages/airflow/example_dags/example_task_group.py for tasks to queue
[2021-02-07 21:58:51,513] {logging_mixin.py:104} INFO - [2021-02-07 21:58:51,512] {dagbag.py:449} INFO - Filling up the DagBag from /home/airflow/.local/lib/python3.8/site-packages/airflow/example_dags/example_task_group.py
[2021-02-07 21:58:51,594] {scheduler_job.py:637} INFO - DAG(s) dict_keys(['example_task_group']) retrieved from /home/airflow/.local/lib/python3.8/site-packages/airflow/example_dags/example_task_group.py
[2021-02-07 21:58:51,721] {logging_mixin.py:104} INFO - [2021-02-07 21:58:51,720] {dag.py:1818} INFO - Sync 1 DAGs
[2021-02-07 21:58:51,798] {logging_mixin.py:104} INFO - [2021-02-07 21:58:51,798] {dag.py:2273} INFO - Setting next_dagrun for example_task_group to 2021-02-05 00:00:00+00:00
[2021-02-07 21:58:51,826] {scheduler_job.py:189} INFO - Processing /home/airflow/.local/lib/python3.8/site-packages/airflow/example_dags/example_task_group.py took 0.335 seconds
[2021-02-07 21:59:21,914] {scheduler_job.py:181} INFO - Started process (PID=1129) to work on /home/airflow/.local/lib/python3.8/site-packages/airflow/example_dags/example_task_group.py
[2021-02-07 21:59:21,918] {scheduler_job.py:627} INFO - Processing file /home/airflow/.local/lib/python3.8/site-packages/airflow/example_dags/example_task_group.py for tasks to queue
[2021-02-07 21:59:21,921] {logging_mixin.py:104} INFO - [2021-02-07 21:59:21,921] {dagbag.py:449} INFO - Filling up the DagBag from /home/airflow/.local/lib/python3.8/site-packages/airflow/example_dags/example_task_group.py
[2021-02-07 21:59:21,944] {scheduler_job.py:637} INFO - DAG(s) dict_keys(['example_task_group']) retrieved from /home/airflow/.local/lib/python3.8/site-packages/airflow/example_dags/example_task_group.py
[2021-02-07 21:59:21,988] {logging_mixin.py:104} INFO - [2021-02-07 21:59:21,987] {dag.py:1818} INFO - Sync 1 DAGs
[2021-02-07 21:59:22,010] {logging_mixin.py:104} INFO - [2021-02-07 21:59:22,010] {dag.py:2273} INFO - Setting next_dagrun for example_task_group to 2021-02-05 00:00:00+00:00
[2021-02-07 21:59:22,031] {scheduler_job.py:189} INFO - Processing /home/airflow/.local/lib/python3.8/site-packages/airflow/example_dags/example_task_group.py took 0.123 seconds
[2021-02-07 21:59:53,114] {scheduler_job.py:181} INFO - Started process (PID=1155) to work on /home/airflow/.local/lib/python3.8/site-packages/airflow/example_dags/example_task_group.py
[2021-02-07 21:59:53,118] {scheduler_job.py:627} INFO - Processing file /home/airflow/.local/lib/python3.8/site-packages/airflow/example_dags/example_task_group.py for tasks to queue
[2021-02-07 21:59:53,121] {logging_mixin.py:104} INFO - [2021-02-07 21:59:53,121] {dagbag.py:449} INFO - Filling up the DagBag from /home/airflow/.local/lib/python3.8/site-packages/airflow/example_dags/example_task_group.py
[2021-02-07 21:59:53,180] {scheduler_job.py:637} INFO - DAG(s) dict_keys(['example_task_group']) retrieved from /home/airflow/.local/lib/python3.8/site-packages/airflow/example_dags/example_task_group.py
[2021-02-07 21:59:53,244] {logging_mixin.py:104} INFO - [2021-02-07 21:59:53,244] {dag.py:1818} INFO - Sync 1 DAGs
[2021-02-07 21:59:53,277] {logging_mixin.py:104} INFO - [2021-02-07 21:59:53,277] {dag.py:2273} INFO - Setting next_dagrun for example_task_group to 2021-02-05 00:00:00+00:00
[2021-02-07 21:59:53,306] {scheduler_job.py:189} INFO - Processing /home/airflow/.local/lib/python3.8/site-packages/airflow/example_dags/example_task_group.py took 0.206 seconds
[2021-02-07 22:00:23,879] {scheduler_job.py:181} INFO - Started process (PID=1182) to work on /home/airflow/.local/lib/python3.8/site-packages/airflow/example_dags/example_task_group.py
[2021-02-07 22:00:23,882] {scheduler_job.py:627} INFO - Processing file /home/airflow/.local/lib/python3.8/site-packages/airflow/example_dags/example_task_group.py for tasks to queue
[2021-02-07 22:00:23,884] {logging_mixin.py:104} INFO - [2021-02-07 22:00:23,884] {dagbag.py:449} INFO - Filling up the DagBag from /home/airflow/.local/lib/python3.8/site-packages/airflow/example_dags/example_task_group.py
[2021-02-07 22:00:23,905] {scheduler_job.py:637} INFO - DAG(s) dict_keys(['example_task_group']) retrieved from /home/airflow/.local/lib/python3.8/site-packages/airflow/example_dags/example_task_group.py
[2021-02-07 22:00:23,947] {logging_mixin.py:104} INFO - [2021-02-07 22:00:23,947] {dag.py:1818} INFO - Sync 1 DAGs
[2021-02-07 22:00:23,968] {logging_mixin.py:104} INFO - [2021-02-07 22:00:23,968] {dag.py:2273} INFO - Setting next_dagrun for example_task_group to 2021-02-05 00:00:00+00:00
[2021-02-07 22:00:23,990] {scheduler_job.py:189} INFO - Processing /home/airflow/.local/lib/python3.8/site-packages/airflow/example_dags/example_task_group.py took 0.117 seconds
[2021-02-07 22:00:54,173] {scheduler_job.py:181} INFO - Started process (PID=1208) to work on /home/airflow/.local/lib/python3.8/site-packages/airflow/example_dags/example_task_group.py
[2021-02-07 22:00:54,176] {scheduler_job.py:627} INFO - Processing file /home/airflow/.local/lib/python3.8/site-packages/airflow/example_dags/example_task_group.py for tasks to queue
[2021-02-07 22:00:54,180] {logging_mixin.py:104} INFO - [2021-02-07 22:00:54,180] {dagbag.py:449} INFO - Filling up the DagBag from /home/airflow/.local/lib/python3.8/site-packages/airflow/example_dags/example_task_group.py
[2021-02-07 22:00:54,199] {scheduler_job.py:637} INFO - DAG(s) dict_keys(['example_task_group']) retrieved from /home/airflow/.local/lib/python3.8/site-packages/airflow/example_dags/example_task_group.py
[2021-02-07 22:00:54,238] {logging_mixin.py:104} INFO - [2021-02-07 22:00:54,237] {dag.py:1818} INFO - Sync 1 DAGs
[2021-02-07 22:00:54,267] {logging_mixin.py:104} INFO - [2021-02-07 22:00:54,267] {dag.py:2273} INFO - Setting next_dagrun for example_task_group to 2021-02-05 00:00:00+00:00
[2021-02-07 22:00:54,286] {scheduler_job.py:189} INFO - Processing /home/airflow/.local/lib/python3.8/site-packages/airflow/example_dags/example_task_group.py took 0.119 seconds
[2021-02-07 22:01:25,326] {scheduler_job.py:181} INFO - Started process (PID=1233) to work on /home/airflow/.local/lib/python3.8/site-packages/airflow/example_dags/example_task_group.py
[2021-02-07 22:01:25,345] {scheduler_job.py:627} INFO - Processing file /home/airflow/.local/lib/python3.8/site-packages/airflow/example_dags/example_task_group.py for tasks to queue
[2021-02-07 22:01:25,367] {logging_mixin.py:104} INFO - [2021-02-07 22:01:25,366] {dagbag.py:449} INFO - Filling up the DagBag from /home/airflow/.local/lib/python3.8/site-packages/airflow/example_dags/example_task_group.py
[2021-02-07 22:01:25,506] {scheduler_job.py:637} INFO - DAG(s) dict_keys(['example_task_group']) retrieved from /home/airflow/.local/lib/python3.8/site-packages/airflow/example_dags/example_task_group.py
[2021-02-07 22:01:25,820] {logging_mixin.py:104} INFO - [2021-02-07 22:01:25,819] {dag.py:1818} INFO - Sync 1 DAGs
[2021-02-07 22:01:25,982] {logging_mixin.py:104} INFO - [2021-02-07 22:01:25,981] {dag.py:2273} INFO - Setting next_dagrun for example_task_group to 2021-02-05 00:00:00+00:00
[2021-02-07 22:01:26,122] {scheduler_job.py:189} INFO - Processing /home/airflow/.local/lib/python3.8/site-packages/airflow/example_dags/example_task_group.py took 0.828 seconds
[2021-02-07 22:01:56,511] {scheduler_job.py:181} INFO - Started process (PID=1259) to work on /home/airflow/.local/lib/python3.8/site-packages/airflow/example_dags/example_task_group.py
[2021-02-07 22:01:56,524] {scheduler_job.py:627} INFO - Processing file /home/airflow/.local/lib/python3.8/site-packages/airflow/example_dags/example_task_group.py for tasks to queue
[2021-02-07 22:01:56,537] {logging_mixin.py:104} INFO - [2021-02-07 22:01:56,537] {dagbag.py:449} INFO - Filling up the DagBag from /home/airflow/.local/lib/python3.8/site-packages/airflow/example_dags/example_task_group.py
[2021-02-07 22:01:56,635] {scheduler_job.py:637} INFO - DAG(s) dict_keys(['example_task_group']) retrieved from /home/airflow/.local/lib/python3.8/site-packages/airflow/example_dags/example_task_group.py
[2021-02-07 22:01:56,760] {logging_mixin.py:104} INFO - [2021-02-07 22:01:56,760] {dag.py:1818} INFO - Sync 1 DAGs
[2021-02-07 22:01:56,880] {logging_mixin.py:104} INFO - [2021-02-07 22:01:56,878] {dag.py:2273} INFO - Setting next_dagrun for example_task_group to 2021-02-05 00:00:00+00:00
[2021-02-07 22:01:56,972] {scheduler_job.py:189} INFO - Processing /home/airflow/.local/lib/python3.8/site-packages/airflow/example_dags/example_task_group.py took 0.488 seconds
[2021-02-07 22:02:27,202] {scheduler_job.py:181} INFO - Started process (PID=1285) to work on /home/airflow/.local/lib/python3.8/site-packages/airflow/example_dags/example_task_group.py
[2021-02-07 22:02:27,205] {scheduler_job.py:627} INFO - Processing file /home/airflow/.local/lib/python3.8/site-packages/airflow/example_dags/example_task_group.py for tasks to queue
[2021-02-07 22:02:27,208] {logging_mixin.py:104} INFO - [2021-02-07 22:02:27,208] {dagbag.py:449} INFO - Filling up the DagBag from /home/airflow/.local/lib/python3.8/site-packages/airflow/example_dags/example_task_group.py
[2021-02-07 22:02:27,228] {scheduler_job.py:637} INFO - DAG(s) dict_keys(['example_task_group']) retrieved from /home/airflow/.local/lib/python3.8/site-packages/airflow/example_dags/example_task_group.py
[2021-02-07 22:02:27,268] {logging_mixin.py:104} INFO - [2021-02-07 22:02:27,268] {dag.py:1818} INFO - Sync 1 DAGs
[2021-02-07 22:02:27,288] {logging_mixin.py:104} INFO - [2021-02-07 22:02:27,288] {dag.py:2273} INFO - Setting next_dagrun for example_task_group to 2021-02-05 00:00:00+00:00
[2021-02-07 22:02:27,314] {scheduler_job.py:189} INFO - Processing /home/airflow/.local/lib/python3.8/site-packages/airflow/example_dags/example_task_group.py took 0.119 seconds
[2021-02-07 22:02:57,488] {scheduler_job.py:181} INFO - Started process (PID=1312) to work on /home/airflow/.local/lib/python3.8/site-packages/airflow/example_dags/example_task_group.py
[2021-02-07 22:02:57,491] {scheduler_job.py:627} INFO - Processing file /home/airflow/.local/lib/python3.8/site-packages/airflow/example_dags/example_task_group.py for tasks to queue
[2021-02-07 22:02:57,493] {logging_mixin.py:104} INFO - [2021-02-07 22:02:57,493] {dagbag.py:449} INFO - Filling up the DagBag from /home/airflow/.local/lib/python3.8/site-packages/airflow/example_dags/example_task_group.py
[2021-02-07 22:02:57,515] {scheduler_job.py:637} INFO - DAG(s) dict_keys(['example_task_group']) retrieved from /home/airflow/.local/lib/python3.8/site-packages/airflow/example_dags/example_task_group.py
[2021-02-07 22:02:57,553] {logging_mixin.py:104} INFO - [2021-02-07 22:02:57,553] {dag.py:1818} INFO - Sync 1 DAGs
[2021-02-07 22:02:57,574] {logging_mixin.py:104} INFO - [2021-02-07 22:02:57,573] {dag.py:2273} INFO - Setting next_dagrun for example_task_group to 2021-02-05 00:00:00+00:00
[2021-02-07 22:02:57,594] {scheduler_job.py:189} INFO - Processing /home/airflow/.local/lib/python3.8/site-packages/airflow/example_dags/example_task_group.py took 0.111 seconds
[2021-02-07 22:03:28,776] {scheduler_job.py:181} INFO - Started process (PID=1337) to work on /home/airflow/.local/lib/python3.8/site-packages/airflow/example_dags/example_task_group.py
[2021-02-07 22:03:28,785] {scheduler_job.py:627} INFO - Processing file /home/airflow/.local/lib/python3.8/site-packages/airflow/example_dags/example_task_group.py for tasks to queue
[2021-02-07 22:03:28,800] {logging_mixin.py:104} INFO - [2021-02-07 22:03:28,799] {dagbag.py:449} INFO - Filling up the DagBag from /home/airflow/.local/lib/python3.8/site-packages/airflow/example_dags/example_task_group.py
[2021-02-07 22:03:28,893] {scheduler_job.py:637} INFO - DAG(s) dict_keys(['example_task_group']) retrieved from /home/airflow/.local/lib/python3.8/site-packages/airflow/example_dags/example_task_group.py
[2021-02-07 22:03:29,091] {logging_mixin.py:104} INFO - [2021-02-07 22:03:29,090] {dag.py:1818} INFO - Sync 1 DAGs
[2021-02-07 22:03:29,234] {logging_mixin.py:104} INFO - [2021-02-07 22:03:29,232] {dag.py:2273} INFO - Setting next_dagrun for example_task_group to 2021-02-05 00:00:00+00:00
[2021-02-07 22:03:29,333] {scheduler_job.py:189} INFO - Processing /home/airflow/.local/lib/python3.8/site-packages/airflow/example_dags/example_task_group.py took 0.579 seconds
[2021-02-07 22:04:00,468] {scheduler_job.py:181} INFO - Started process (PID=1365) to work on /home/airflow/.local/lib/python3.8/site-packages/airflow/example_dags/example_task_group.py
[2021-02-07 22:04:00,475] {scheduler_job.py:627} INFO - Processing file /home/airflow/.local/lib/python3.8/site-packages/airflow/example_dags/example_task_group.py for tasks to queue
[2021-02-07 22:04:00,478] {logging_mixin.py:104} INFO - [2021-02-07 22:04:00,477] {dagbag.py:449} INFO - Filling up the DagBag from /home/airflow/.local/lib/python3.8/site-packages/airflow/example_dags/example_task_group.py
[2021-02-07 22:04:00,500] {scheduler_job.py:637} INFO - DAG(s) dict_keys(['example_task_group']) retrieved from /home/airflow/.local/lib/python3.8/site-packages/airflow/example_dags/example_task_group.py
[2021-02-07 22:04:00,538] {logging_mixin.py:104} INFO - [2021-02-07 22:04:00,538] {dag.py:1818} INFO - Sync 1 DAGs
[2021-02-07 22:04:00,561] {logging_mixin.py:104} INFO - [2021-02-07 22:04:00,561] {dag.py:2273} INFO - Setting next_dagrun for example_task_group to 2021-02-05 00:00:00+00:00
[2021-02-07 22:04:00,582] {scheduler_job.py:189} INFO - Processing /home/airflow/.local/lib/python3.8/site-packages/airflow/example_dags/example_task_group.py took 0.124 seconds
[2021-02-07 22:04:31,112] {scheduler_job.py:181} INFO - Started process (PID=1392) to work on /home/airflow/.local/lib/python3.8/site-packages/airflow/example_dags/example_task_group.py
[2021-02-07 22:04:31,121] {scheduler_job.py:627} INFO - Processing file /home/airflow/.local/lib/python3.8/site-packages/airflow/example_dags/example_task_group.py for tasks to queue
[2021-02-07 22:04:31,124] {logging_mixin.py:104} INFO - [2021-02-07 22:04:31,124] {dagbag.py:449} INFO - Filling up the DagBag from /home/airflow/.local/lib/python3.8/site-packages/airflow/example_dags/example_task_group.py
[2021-02-07 22:04:31,164] {scheduler_job.py:637} INFO - DAG(s) dict_keys(['example_task_group']) retrieved from /home/airflow/.local/lib/python3.8/site-packages/airflow/example_dags/example_task_group.py
[2021-02-07 22:04:31,264] {logging_mixin.py:104} INFO - [2021-02-07 22:04:31,264] {dag.py:1818} INFO - Sync 1 DAGs
[2021-02-07 22:04:31,316] {logging_mixin.py:104} INFO - [2021-02-07 22:04:31,315] {dag.py:2273} INFO - Setting next_dagrun for example_task_group to 2021-02-05 00:00:00+00:00
[2021-02-07 22:04:31,361] {scheduler_job.py:189} INFO - Processing /home/airflow/.local/lib/python3.8/site-packages/airflow/example_dags/example_task_group.py took 0.276 seconds
[2021-02-07 22:05:01,492] {scheduler_job.py:181} INFO - Started process (PID=1418) to work on /home/airflow/.local/lib/python3.8/site-packages/airflow/example_dags/example_task_group.py
[2021-02-07 22:05:01,495] {scheduler_job.py:627} INFO - Processing file /home/airflow/.local/lib/python3.8/site-packages/airflow/example_dags/example_task_group.py for tasks to queue
[2021-02-07 22:05:01,497] {logging_mixin.py:104} INFO - [2021-02-07 22:05:01,497] {dagbag.py:449} INFO - Filling up the DagBag from /home/airflow/.local/lib/python3.8/site-packages/airflow/example_dags/example_task_group.py
[2021-02-07 22:05:01,518] {scheduler_job.py:637} INFO - DAG(s) dict_keys(['example_task_group']) retrieved from /home/airflow/.local/lib/python3.8/site-packages/airflow/example_dags/example_task_group.py
[2021-02-07 22:05:01,557] {logging_mixin.py:104} INFO - [2021-02-07 22:05:01,557] {dag.py:1818} INFO - Sync 1 DAGs
[2021-02-07 22:05:01,590] {logging_mixin.py:104} INFO - [2021-02-07 22:05:01,589] {dag.py:2273} INFO - Setting next_dagrun for example_task_group to 2021-02-05 00:00:00+00:00
[2021-02-07 22:05:01,608] {scheduler_job.py:189} INFO - Processing /home/airflow/.local/lib/python3.8/site-packages/airflow/example_dags/example_task_group.py took 0.122 seconds
[2021-02-07 22:05:32,123] {scheduler_job.py:181} INFO - Started process (PID=1444) to work on /home/airflow/.local/lib/python3.8/site-packages/airflow/example_dags/example_task_group.py
[2021-02-07 22:05:32,126] {scheduler_job.py:627} INFO - Processing file /home/airflow/.local/lib/python3.8/site-packages/airflow/example_dags/example_task_group.py for tasks to queue
[2021-02-07 22:05:32,127] {logging_mixin.py:104} INFO - [2021-02-07 22:05:32,127] {dagbag.py:449} INFO - Filling up the DagBag from /home/airflow/.local/lib/python3.8/site-packages/airflow/example_dags/example_task_group.py
[2021-02-07 22:05:32,150] {scheduler_job.py:637} INFO - DAG(s) dict_keys(['example_task_group']) retrieved from /home/airflow/.local/lib/python3.8/site-packages/airflow/example_dags/example_task_group.py
[2021-02-07 22:05:32,205] {logging_mixin.py:104} INFO - [2021-02-07 22:05:32,205] {dag.py:1818} INFO - Sync 1 DAGs
[2021-02-07 22:05:32,235] {logging_mixin.py:104} INFO - [2021-02-07 22:05:32,235] {dag.py:2273} INFO - Setting next_dagrun for example_task_group to 2021-02-05 00:00:00+00:00
[2021-02-07 22:05:32,258] {scheduler_job.py:189} INFO - Processing /home/airflow/.local/lib/python3.8/site-packages/airflow/example_dags/example_task_group.py took 0.142 seconds
[2021-02-07 22:23:46,266] {scheduler_job.py:181} INFO - Started process (PID=1465) to work on /home/airflow/.local/lib/python3.8/site-packages/airflow/example_dags/example_task_group.py
[2021-02-07 22:23:46,269] {scheduler_job.py:627} INFO - Processing file /home/airflow/.local/lib/python3.8/site-packages/airflow/example_dags/example_task_group.py for tasks to queue
[2021-02-07 22:23:46,271] {logging_mixin.py:104} INFO - [2021-02-07 22:23:46,271] {dagbag.py:449} INFO - Filling up the DagBag from /home/airflow/.local/lib/python3.8/site-packages/airflow/example_dags/example_task_group.py
[2021-02-07 22:23:46,285] {scheduler_job.py:637} INFO - DAG(s) dict_keys(['example_task_group']) retrieved from /home/airflow/.local/lib/python3.8/site-packages/airflow/example_dags/example_task_group.py
[2021-02-07 22:23:46,318] {logging_mixin.py:104} INFO - [2021-02-07 22:23:46,318] {dag.py:1818} INFO - Sync 1 DAGs
[2021-02-07 22:23:46,345] {logging_mixin.py:104} INFO - [2021-02-07 22:23:46,345] {dag.py:2273} INFO - Setting next_dagrun for example_task_group to 2021-02-05 00:00:00+00:00
[2021-02-07 22:23:46,374] {scheduler_job.py:189} INFO - Processing /home/airflow/.local/lib/python3.8/site-packages/airflow/example_dags/example_task_group.py took 0.113 seconds
[2021-02-07 22:24:18,127] {scheduler_job.py:181} INFO - Started process (PID=1493) to work on /home/airflow/.local/lib/python3.8/site-packages/airflow/example_dags/example_task_group.py
[2021-02-07 22:24:18,153] {scheduler_job.py:627} INFO - Processing file /home/airflow/.local/lib/python3.8/site-packages/airflow/example_dags/example_task_group.py for tasks to queue
[2021-02-07 22:24:18,162] {logging_mixin.py:104} INFO - [2021-02-07 22:24:18,161] {dagbag.py:449} INFO - Filling up the DagBag from /home/airflow/.local/lib/python3.8/site-packages/airflow/example_dags/example_task_group.py
[2021-02-07 22:24:18,214] {scheduler_job.py:637} INFO - DAG(s) dict_keys(['example_task_group']) retrieved from /home/airflow/.local/lib/python3.8/site-packages/airflow/example_dags/example_task_group.py
[2021-02-07 22:24:18,322] {logging_mixin.py:104} INFO - [2021-02-07 22:24:18,322] {dag.py:1818} INFO - Sync 1 DAGs
[2021-02-07 22:24:18,384] {logging_mixin.py:104} INFO - [2021-02-07 22:24:18,383] {dag.py:2273} INFO - Setting next_dagrun for example_task_group to 2021-02-05 00:00:00+00:00
[2021-02-07 22:24:18,415] {scheduler_job.py:189} INFO - Processing /home/airflow/.local/lib/python3.8/site-packages/airflow/example_dags/example_task_group.py took 0.320 seconds
[2021-02-07 22:24:48,879] {scheduler_job.py:181} INFO - Started process (PID=1519) to work on /home/airflow/.local/lib/python3.8/site-packages/airflow/example_dags/example_task_group.py
[2021-02-07 22:24:48,883] {scheduler_job.py:627} INFO - Processing file /home/airflow/.local/lib/python3.8/site-packages/airflow/example_dags/example_task_group.py for tasks to queue
[2021-02-07 22:24:48,886] {logging_mixin.py:104} INFO - [2021-02-07 22:24:48,886] {dagbag.py:449} INFO - Filling up the DagBag from /home/airflow/.local/lib/python3.8/site-packages/airflow/example_dags/example_task_group.py
[2021-02-07 22:24:48,910] {scheduler_job.py:637} INFO - DAG(s) dict_keys(['example_task_group']) retrieved from /home/airflow/.local/lib/python3.8/site-packages/airflow/example_dags/example_task_group.py
[2021-02-07 22:24:48,960] {logging_mixin.py:104} INFO - [2021-02-07 22:24:48,960] {dag.py:1818} INFO - Sync 1 DAGs
[2021-02-07 22:24:48,985] {logging_mixin.py:104} INFO - [2021-02-07 22:24:48,985] {dag.py:2273} INFO - Setting next_dagrun for example_task_group to 2021-02-05 00:00:00+00:00
[2021-02-07 22:24:49,022] {scheduler_job.py:189} INFO - Processing /home/airflow/.local/lib/python3.8/site-packages/airflow/example_dags/example_task_group.py took 0.158 seconds
[2021-02-07 22:25:19,279] {scheduler_job.py:181} INFO - Started process (PID=1544) to work on /home/airflow/.local/lib/python3.8/site-packages/airflow/example_dags/example_task_group.py
[2021-02-07 22:25:19,284] {scheduler_job.py:627} INFO - Processing file /home/airflow/.local/lib/python3.8/site-packages/airflow/example_dags/example_task_group.py for tasks to queue
[2021-02-07 22:25:19,286] {logging_mixin.py:104} INFO - [2021-02-07 22:25:19,286] {dagbag.py:449} INFO - Filling up the DagBag from /home/airflow/.local/lib/python3.8/site-packages/airflow/example_dags/example_task_group.py
[2021-02-07 22:25:19,321] {scheduler_job.py:637} INFO - DAG(s) dict_keys(['example_task_group']) retrieved from /home/airflow/.local/lib/python3.8/site-packages/airflow/example_dags/example_task_group.py
[2021-02-07 22:25:19,441] {logging_mixin.py:104} INFO - [2021-02-07 22:25:19,441] {dag.py:1818} INFO - Sync 1 DAGs
[2021-02-07 22:25:19,510] {logging_mixin.py:104} INFO - [2021-02-07 22:25:19,510] {dag.py:2273} INFO - Setting next_dagrun for example_task_group to 2021-02-05 00:00:00+00:00
[2021-02-07 22:25:19,547] {scheduler_job.py:189} INFO - Processing /home/airflow/.local/lib/python3.8/site-packages/airflow/example_dags/example_task_group.py took 0.277 seconds
[2021-02-07 22:25:49,773] {scheduler_job.py:181} INFO - Started process (PID=1570) to work on /home/airflow/.local/lib/python3.8/site-packages/airflow/example_dags/example_task_group.py
[2021-02-07 22:25:49,776] {scheduler_job.py:627} INFO - Processing file /home/airflow/.local/lib/python3.8/site-packages/airflow/example_dags/example_task_group.py for tasks to queue
[2021-02-07 22:25:49,779] {logging_mixin.py:104} INFO - [2021-02-07 22:25:49,779] {dagbag.py:449} INFO - Filling up the DagBag from /home/airflow/.local/lib/python3.8/site-packages/airflow/example_dags/example_task_group.py
[2021-02-07 22:25:49,799] {scheduler_job.py:637} INFO - DAG(s) dict_keys(['example_task_group']) retrieved from /home/airflow/.local/lib/python3.8/site-packages/airflow/example_dags/example_task_group.py
[2021-02-07 22:25:49,837] {logging_mixin.py:104} INFO - [2021-02-07 22:25:49,837] {dag.py:1818} INFO - Sync 1 DAGs
[2021-02-07 22:25:49,858] {logging_mixin.py:104} INFO - [2021-02-07 22:25:49,858] {dag.py:2273} INFO - Setting next_dagrun for example_task_group to 2021-02-05 00:00:00+00:00
[2021-02-07 22:25:49,875] {scheduler_job.py:189} INFO - Processing /home/airflow/.local/lib/python3.8/site-packages/airflow/example_dags/example_task_group.py took 0.107 seconds
[2021-02-07 23:26:17,077] {scheduler_job.py:181} INFO - Started process (PID=1595) to work on /home/airflow/.local/lib/python3.8/site-packages/airflow/example_dags/example_task_group.py
[2021-02-07 23:26:17,079] {scheduler_job.py:627} INFO - Processing file /home/airflow/.local/lib/python3.8/site-packages/airflow/example_dags/example_task_group.py for tasks to queue
[2021-02-07 23:26:17,080] {logging_mixin.py:104} INFO - [2021-02-07 23:26:17,080] {dagbag.py:449} INFO - Filling up the DagBag from /home/airflow/.local/lib/python3.8/site-packages/airflow/example_dags/example_task_group.py
[2021-02-07 23:26:17,096] {scheduler_job.py:637} INFO - DAG(s) dict_keys(['example_task_group']) retrieved from /home/airflow/.local/lib/python3.8/site-packages/airflow/example_dags/example_task_group.py
[2021-02-07 23:26:17,128] {logging_mixin.py:104} INFO - [2021-02-07 23:26:17,128] {dag.py:1818} INFO - Sync 1 DAGs
[2021-02-07 23:26:17,146] {logging_mixin.py:104} INFO - [2021-02-07 23:26:17,146] {dag.py:2273} INFO - Setting next_dagrun for example_task_group to 2021-02-05 00:00:00+00:00
[2021-02-07 23:26:17,164] {scheduler_job.py:189} INFO - Processing /home/airflow/.local/lib/python3.8/site-packages/airflow/example_dags/example_task_group.py took 0.092 seconds
