[2021-02-07 14:47:38,471] {scheduler_job.py:181} INFO - Started process (PID=31) to work on /home/airflow/.local/lib/python3.8/site-packages/airflow/example_dags/example_bash_operator.py
[2021-02-07 14:47:38,474] {scheduler_job.py:627} INFO - Processing file /home/airflow/.local/lib/python3.8/site-packages/airflow/example_dags/example_bash_operator.py for tasks to queue
[2021-02-07 14:47:38,476] {logging_mixin.py:104} INFO - [2021-02-07 14:47:38,476] {dagbag.py:449} INFO - Filling up the DagBag from /home/airflow/.local/lib/python3.8/site-packages/airflow/example_dags/example_bash_operator.py
[2021-02-07 14:47:38,490] {scheduler_job.py:637} INFO - DAG(s) dict_keys(['example_bash_operator']) retrieved from /home/airflow/.local/lib/python3.8/site-packages/airflow/example_dags/example_bash_operator.py
[2021-02-07 14:47:38,524] {logging_mixin.py:104} INFO - [2021-02-07 14:47:38,524] {dag.py:1818} INFO - Sync 1 DAGs
[2021-02-07 14:47:38,533] {logging_mixin.py:104} INFO - [2021-02-07 14:47:38,533] {dag.py:1837} INFO - Creating ORM DAG for example_bash_operator
[2021-02-07 14:47:38,548] {logging_mixin.py:104} INFO - [2021-02-07 14:47:38,548] {dag.py:2273} INFO - Setting next_dagrun for example_bash_operator to 2021-02-05 00:00:00+00:00
[2021-02-07 14:47:38,568] {scheduler_job.py:189} INFO - Processing /home/airflow/.local/lib/python3.8/site-packages/airflow/example_dags/example_bash_operator.py took 0.101 seconds
[2021-02-07 14:48:11,471] {scheduler_job.py:181} INFO - Started process (PID=62) to work on /home/airflow/.local/lib/python3.8/site-packages/airflow/example_dags/example_bash_operator.py
[2021-02-07 14:48:11,474] {scheduler_job.py:627} INFO - Processing file /home/airflow/.local/lib/python3.8/site-packages/airflow/example_dags/example_bash_operator.py for tasks to queue
[2021-02-07 14:48:11,476] {logging_mixin.py:104} INFO - [2021-02-07 14:48:11,476] {dagbag.py:449} INFO - Filling up the DagBag from /home/airflow/.local/lib/python3.8/site-packages/airflow/example_dags/example_bash_operator.py
[2021-02-07 14:48:11,511] {scheduler_job.py:637} INFO - DAG(s) dict_keys(['example_bash_operator']) retrieved from /home/airflow/.local/lib/python3.8/site-packages/airflow/example_dags/example_bash_operator.py
[2021-02-07 14:48:11,559] {logging_mixin.py:104} INFO - [2021-02-07 14:48:11,559] {dag.py:1818} INFO - Sync 1 DAGs
[2021-02-07 14:48:11,593] {logging_mixin.py:104} INFO - [2021-02-07 14:48:11,593] {dag.py:2273} INFO - Setting next_dagrun for example_bash_operator to 2021-02-05 00:00:00+00:00
[2021-02-07 14:48:11,613] {scheduler_job.py:189} INFO - Processing /home/airflow/.local/lib/python3.8/site-packages/airflow/example_dags/example_bash_operator.py took 0.152 seconds
[2021-02-07 15:04:19,763] {scheduler_job.py:181} INFO - Started process (PID=44) to work on /home/airflow/.local/lib/python3.8/site-packages/airflow/example_dags/example_bash_operator.py
[2021-02-07 15:04:19,766] {scheduler_job.py:627} INFO - Processing file /home/airflow/.local/lib/python3.8/site-packages/airflow/example_dags/example_bash_operator.py for tasks to queue
[2021-02-07 15:04:19,770] {logging_mixin.py:104} INFO - [2021-02-07 15:04:19,769] {dagbag.py:449} INFO - Filling up the DagBag from /home/airflow/.local/lib/python3.8/site-packages/airflow/example_dags/example_bash_operator.py
[2021-02-07 15:04:19,790] {scheduler_job.py:637} INFO - DAG(s) dict_keys(['example_bash_operator']) retrieved from /home/airflow/.local/lib/python3.8/site-packages/airflow/example_dags/example_bash_operator.py
[2021-02-07 15:04:19,840] {logging_mixin.py:104} INFO - [2021-02-07 15:04:19,840] {dag.py:1818} INFO - Sync 1 DAGs
[2021-02-07 15:04:19,898] {logging_mixin.py:104} INFO - [2021-02-07 15:04:19,898] {dag.py:2273} INFO - Setting next_dagrun for example_bash_operator to 2021-02-05 00:00:00+00:00
[2021-02-07 15:04:19,915] {scheduler_job.py:189} INFO - Processing /home/airflow/.local/lib/python3.8/site-packages/airflow/example_dags/example_bash_operator.py took 0.158 seconds
[2021-02-07 15:05:12,912] {scheduler_job.py:181} INFO - Started process (PID=70) to work on /home/airflow/.local/lib/python3.8/site-packages/airflow/example_dags/example_bash_operator.py
[2021-02-07 15:05:12,946] {scheduler_job.py:627} INFO - Processing file /home/airflow/.local/lib/python3.8/site-packages/airflow/example_dags/example_bash_operator.py for tasks to queue
[2021-02-07 15:05:12,968] {logging_mixin.py:104} INFO - [2021-02-07 15:05:12,966] {dagbag.py:449} INFO - Filling up the DagBag from /home/airflow/.local/lib/python3.8/site-packages/airflow/example_dags/example_bash_operator.py
[2021-02-07 15:05:13,437] {scheduler_job.py:637} INFO - DAG(s) dict_keys(['example_bash_operator']) retrieved from /home/airflow/.local/lib/python3.8/site-packages/airflow/example_dags/example_bash_operator.py
[2021-02-07 15:05:14,169] {logging_mixin.py:104} INFO - [2021-02-07 15:05:14,165] {dag.py:1818} INFO - Sync 1 DAGs
[2021-02-07 15:05:15,149] {logging_mixin.py:104} INFO - [2021-02-07 15:05:15,137] {dag.py:2273} INFO - Setting next_dagrun for example_bash_operator to 2021-02-05 00:00:00+00:00
[2021-02-07 15:05:15,524] {scheduler_job.py:189} INFO - Processing /home/airflow/.local/lib/python3.8/site-packages/airflow/example_dags/example_bash_operator.py took 2.673 seconds
[2021-02-07 15:05:46,494] {scheduler_job.py:181} INFO - Started process (PID=97) to work on /home/airflow/.local/lib/python3.8/site-packages/airflow/example_dags/example_bash_operator.py
[2021-02-07 15:05:46,529] {scheduler_job.py:627} INFO - Processing file /home/airflow/.local/lib/python3.8/site-packages/airflow/example_dags/example_bash_operator.py for tasks to queue
[2021-02-07 15:05:46,555] {logging_mixin.py:104} INFO - [2021-02-07 15:05:46,553] {dagbag.py:449} INFO - Filling up the DagBag from /home/airflow/.local/lib/python3.8/site-packages/airflow/example_dags/example_bash_operator.py
[2021-02-07 15:05:46,745] {scheduler_job.py:637} INFO - DAG(s) dict_keys(['example_bash_operator']) retrieved from /home/airflow/.local/lib/python3.8/site-packages/airflow/example_dags/example_bash_operator.py
[2021-02-07 15:05:47,153] {logging_mixin.py:104} INFO - [2021-02-07 15:05:47,151] {dag.py:1818} INFO - Sync 1 DAGs
[2021-02-07 15:05:47,392] {logging_mixin.py:104} INFO - [2021-02-07 15:05:47,391] {dag.py:2273} INFO - Setting next_dagrun for example_bash_operator to 2021-02-05 00:00:00+00:00
[2021-02-07 15:05:47,487] {scheduler_job.py:189} INFO - Processing /home/airflow/.local/lib/python3.8/site-packages/airflow/example_dags/example_bash_operator.py took 1.052 seconds
[2021-02-07 15:06:18,474] {scheduler_job.py:181} INFO - Started process (PID=123) to work on /home/airflow/.local/lib/python3.8/site-packages/airflow/example_dags/example_bash_operator.py
[2021-02-07 15:06:18,481] {scheduler_job.py:627} INFO - Processing file /home/airflow/.local/lib/python3.8/site-packages/airflow/example_dags/example_bash_operator.py for tasks to queue
[2021-02-07 15:06:18,486] {logging_mixin.py:104} INFO - [2021-02-07 15:06:18,486] {dagbag.py:449} INFO - Filling up the DagBag from /home/airflow/.local/lib/python3.8/site-packages/airflow/example_dags/example_bash_operator.py
[2021-02-07 15:06:18,510] {scheduler_job.py:637} INFO - DAG(s) dict_keys(['example_bash_operator']) retrieved from /home/airflow/.local/lib/python3.8/site-packages/airflow/example_dags/example_bash_operator.py
[2021-02-07 15:06:18,596] {logging_mixin.py:104} INFO - [2021-02-07 15:06:18,596] {dag.py:1818} INFO - Sync 1 DAGs
[2021-02-07 15:06:18,638] {logging_mixin.py:104} INFO - [2021-02-07 15:06:18,638] {dag.py:2273} INFO - Setting next_dagrun for example_bash_operator to 2021-02-05 00:00:00+00:00
[2021-02-07 15:06:18,649] {scheduler_job.py:189} INFO - Processing /home/airflow/.local/lib/python3.8/site-packages/airflow/example_dags/example_bash_operator.py took 0.187 seconds
[2021-02-07 15:06:49,068] {scheduler_job.py:181} INFO - Started process (PID=149) to work on /home/airflow/.local/lib/python3.8/site-packages/airflow/example_dags/example_bash_operator.py
[2021-02-07 15:06:49,070] {scheduler_job.py:627} INFO - Processing file /home/airflow/.local/lib/python3.8/site-packages/airflow/example_dags/example_bash_operator.py for tasks to queue
[2021-02-07 15:06:49,072] {logging_mixin.py:104} INFO - [2021-02-07 15:06:49,072] {dagbag.py:449} INFO - Filling up the DagBag from /home/airflow/.local/lib/python3.8/site-packages/airflow/example_dags/example_bash_operator.py
[2021-02-07 15:06:49,085] {scheduler_job.py:637} INFO - DAG(s) dict_keys(['example_bash_operator']) retrieved from /home/airflow/.local/lib/python3.8/site-packages/airflow/example_dags/example_bash_operator.py
[2021-02-07 15:06:49,113] {logging_mixin.py:104} INFO - [2021-02-07 15:06:49,113] {dag.py:1818} INFO - Sync 1 DAGs
[2021-02-07 15:06:49,132] {logging_mixin.py:104} INFO - [2021-02-07 15:06:49,131] {dag.py:2273} INFO - Setting next_dagrun for example_bash_operator to 2021-02-05 00:00:00+00:00
[2021-02-07 15:06:49,147] {scheduler_job.py:189} INFO - Processing /home/airflow/.local/lib/python3.8/site-packages/airflow/example_dags/example_bash_operator.py took 0.089 seconds
[2021-02-07 15:07:19,376] {scheduler_job.py:181} INFO - Started process (PID=175) to work on /home/airflow/.local/lib/python3.8/site-packages/airflow/example_dags/example_bash_operator.py
[2021-02-07 15:07:19,379] {scheduler_job.py:627} INFO - Processing file /home/airflow/.local/lib/python3.8/site-packages/airflow/example_dags/example_bash_operator.py for tasks to queue
[2021-02-07 15:07:19,380] {logging_mixin.py:104} INFO - [2021-02-07 15:07:19,380] {dagbag.py:449} INFO - Filling up the DagBag from /home/airflow/.local/lib/python3.8/site-packages/airflow/example_dags/example_bash_operator.py
[2021-02-07 15:07:19,397] {scheduler_job.py:637} INFO - DAG(s) dict_keys(['example_bash_operator']) retrieved from /home/airflow/.local/lib/python3.8/site-packages/airflow/example_dags/example_bash_operator.py
[2021-02-07 15:07:19,422] {logging_mixin.py:104} INFO - [2021-02-07 15:07:19,422] {dag.py:1818} INFO - Sync 1 DAGs
[2021-02-07 15:07:19,441] {logging_mixin.py:104} INFO - [2021-02-07 15:07:19,441] {dag.py:2273} INFO - Setting next_dagrun for example_bash_operator to 2021-02-05 00:00:00+00:00
[2021-02-07 15:07:19,457] {scheduler_job.py:189} INFO - Processing /home/airflow/.local/lib/python3.8/site-packages/airflow/example_dags/example_bash_operator.py took 0.085 seconds
[2021-02-07 15:07:49,512] {scheduler_job.py:181} INFO - Started process (PID=201) to work on /home/airflow/.local/lib/python3.8/site-packages/airflow/example_dags/example_bash_operator.py
[2021-02-07 15:07:49,514] {scheduler_job.py:627} INFO - Processing file /home/airflow/.local/lib/python3.8/site-packages/airflow/example_dags/example_bash_operator.py for tasks to queue
[2021-02-07 15:07:49,516] {logging_mixin.py:104} INFO - [2021-02-07 15:07:49,516] {dagbag.py:449} INFO - Filling up the DagBag from /home/airflow/.local/lib/python3.8/site-packages/airflow/example_dags/example_bash_operator.py
[2021-02-07 15:07:49,532] {scheduler_job.py:637} INFO - DAG(s) dict_keys(['example_bash_operator']) retrieved from /home/airflow/.local/lib/python3.8/site-packages/airflow/example_dags/example_bash_operator.py
[2021-02-07 15:07:49,558] {logging_mixin.py:104} INFO - [2021-02-07 15:07:49,558] {dag.py:1818} INFO - Sync 1 DAGs
[2021-02-07 15:07:49,577] {logging_mixin.py:104} INFO - [2021-02-07 15:07:49,577] {dag.py:2273} INFO - Setting next_dagrun for example_bash_operator to 2021-02-05 00:00:00+00:00
[2021-02-07 15:07:49,592] {scheduler_job.py:189} INFO - Processing /home/airflow/.local/lib/python3.8/site-packages/airflow/example_dags/example_bash_operator.py took 0.085 seconds
[2021-02-07 15:08:19,893] {scheduler_job.py:181} INFO - Started process (PID=227) to work on /home/airflow/.local/lib/python3.8/site-packages/airflow/example_dags/example_bash_operator.py
[2021-02-07 15:08:19,895] {scheduler_job.py:627} INFO - Processing file /home/airflow/.local/lib/python3.8/site-packages/airflow/example_dags/example_bash_operator.py for tasks to queue
[2021-02-07 15:08:19,897] {logging_mixin.py:104} INFO - [2021-02-07 15:08:19,896] {dagbag.py:449} INFO - Filling up the DagBag from /home/airflow/.local/lib/python3.8/site-packages/airflow/example_dags/example_bash_operator.py
[2021-02-07 15:08:19,914] {scheduler_job.py:637} INFO - DAG(s) dict_keys(['example_bash_operator']) retrieved from /home/airflow/.local/lib/python3.8/site-packages/airflow/example_dags/example_bash_operator.py
[2021-02-07 15:08:19,938] {logging_mixin.py:104} INFO - [2021-02-07 15:08:19,938] {dag.py:1818} INFO - Sync 1 DAGs
[2021-02-07 15:08:19,958] {logging_mixin.py:104} INFO - [2021-02-07 15:08:19,958] {dag.py:2273} INFO - Setting next_dagrun for example_bash_operator to 2021-02-05 00:00:00+00:00
[2021-02-07 15:08:19,973] {scheduler_job.py:189} INFO - Processing /home/airflow/.local/lib/python3.8/site-packages/airflow/example_dags/example_bash_operator.py took 0.085 seconds
[2021-02-07 15:08:50,065] {scheduler_job.py:181} INFO - Started process (PID=253) to work on /home/airflow/.local/lib/python3.8/site-packages/airflow/example_dags/example_bash_operator.py
[2021-02-07 15:08:50,067] {scheduler_job.py:627} INFO - Processing file /home/airflow/.local/lib/python3.8/site-packages/airflow/example_dags/example_bash_operator.py for tasks to queue
[2021-02-07 15:08:50,069] {logging_mixin.py:104} INFO - [2021-02-07 15:08:50,068] {dagbag.py:449} INFO - Filling up the DagBag from /home/airflow/.local/lib/python3.8/site-packages/airflow/example_dags/example_bash_operator.py
[2021-02-07 15:08:50,085] {scheduler_job.py:637} INFO - DAG(s) dict_keys(['example_bash_operator']) retrieved from /home/airflow/.local/lib/python3.8/site-packages/airflow/example_dags/example_bash_operator.py
[2021-02-07 15:08:50,108] {logging_mixin.py:104} INFO - [2021-02-07 15:08:50,107] {dag.py:1818} INFO - Sync 1 DAGs
[2021-02-07 15:08:50,127] {logging_mixin.py:104} INFO - [2021-02-07 15:08:50,127] {dag.py:2273} INFO - Setting next_dagrun for example_bash_operator to 2021-02-05 00:00:00+00:00
[2021-02-07 15:08:50,143] {scheduler_job.py:189} INFO - Processing /home/airflow/.local/lib/python3.8/site-packages/airflow/example_dags/example_bash_operator.py took 0.082 seconds
[2021-02-07 15:09:20,545] {scheduler_job.py:181} INFO - Started process (PID=279) to work on /home/airflow/.local/lib/python3.8/site-packages/airflow/example_dags/example_bash_operator.py
[2021-02-07 15:09:20,547] {scheduler_job.py:627} INFO - Processing file /home/airflow/.local/lib/python3.8/site-packages/airflow/example_dags/example_bash_operator.py for tasks to queue
[2021-02-07 15:09:20,549] {logging_mixin.py:104} INFO - [2021-02-07 15:09:20,549] {dagbag.py:449} INFO - Filling up the DagBag from /home/airflow/.local/lib/python3.8/site-packages/airflow/example_dags/example_bash_operator.py
[2021-02-07 15:09:20,562] {scheduler_job.py:637} INFO - DAG(s) dict_keys(['example_bash_operator']) retrieved from /home/airflow/.local/lib/python3.8/site-packages/airflow/example_dags/example_bash_operator.py
[2021-02-07 15:09:20,584] {logging_mixin.py:104} INFO - [2021-02-07 15:09:20,584] {dag.py:1818} INFO - Sync 1 DAGs
[2021-02-07 15:09:20,603] {logging_mixin.py:104} INFO - [2021-02-07 15:09:20,603] {dag.py:2273} INFO - Setting next_dagrun for example_bash_operator to 2021-02-05 00:00:00+00:00
[2021-02-07 15:09:20,618] {scheduler_job.py:189} INFO - Processing /home/airflow/.local/lib/python3.8/site-packages/airflow/example_dags/example_bash_operator.py took 0.077 seconds
[2021-02-07 15:09:50,986] {scheduler_job.py:181} INFO - Started process (PID=305) to work on /home/airflow/.local/lib/python3.8/site-packages/airflow/example_dags/example_bash_operator.py
[2021-02-07 15:09:50,994] {scheduler_job.py:627} INFO - Processing file /home/airflow/.local/lib/python3.8/site-packages/airflow/example_dags/example_bash_operator.py for tasks to queue
[2021-02-07 15:09:50,996] {logging_mixin.py:104} INFO - [2021-02-07 15:09:50,996] {dagbag.py:449} INFO - Filling up the DagBag from /home/airflow/.local/lib/python3.8/site-packages/airflow/example_dags/example_bash_operator.py
[2021-02-07 15:09:51,009] {scheduler_job.py:637} INFO - DAG(s) dict_keys(['example_bash_operator']) retrieved from /home/airflow/.local/lib/python3.8/site-packages/airflow/example_dags/example_bash_operator.py
[2021-02-07 15:09:51,033] {logging_mixin.py:104} INFO - [2021-02-07 15:09:51,033] {dag.py:1818} INFO - Sync 1 DAGs
[2021-02-07 15:09:51,053] {logging_mixin.py:104} INFO - [2021-02-07 15:09:51,053] {dag.py:2273} INFO - Setting next_dagrun for example_bash_operator to 2021-02-05 00:00:00+00:00
[2021-02-07 15:09:51,063] {scheduler_job.py:189} INFO - Processing /home/airflow/.local/lib/python3.8/site-packages/airflow/example_dags/example_bash_operator.py took 0.081 seconds
[2021-02-07 15:11:40,749] {scheduler_job.py:181} INFO - Started process (PID=350) to work on /home/airflow/.local/lib/python3.8/site-packages/airflow/example_dags/example_bash_operator.py
[2021-02-07 15:11:40,753] {scheduler_job.py:627} INFO - Processing file /home/airflow/.local/lib/python3.8/site-packages/airflow/example_dags/example_bash_operator.py for tasks to queue
[2021-02-07 15:11:40,756] {logging_mixin.py:104} INFO - [2021-02-07 15:11:40,755] {dagbag.py:449} INFO - Filling up the DagBag from /home/airflow/.local/lib/python3.8/site-packages/airflow/example_dags/example_bash_operator.py
[2021-02-07 15:11:40,785] {scheduler_job.py:637} INFO - DAG(s) dict_keys(['example_bash_operator']) retrieved from /home/airflow/.local/lib/python3.8/site-packages/airflow/example_dags/example_bash_operator.py
[2021-02-07 15:11:40,838] {logging_mixin.py:104} INFO - [2021-02-07 15:11:40,838] {dag.py:1818} INFO - Sync 1 DAGs
[2021-02-07 15:11:40,889] {logging_mixin.py:104} INFO - [2021-02-07 15:11:40,889] {dag.py:2273} INFO - Setting next_dagrun for example_bash_operator to 2021-02-05 00:00:00+00:00
[2021-02-07 15:11:40,901] {scheduler_job.py:189} INFO - Processing /home/airflow/.local/lib/python3.8/site-packages/airflow/example_dags/example_bash_operator.py took 0.158 seconds
[2021-02-07 19:10:21,073] {scheduler_job.py:181} INFO - Started process (PID=376) to work on /home/airflow/.local/lib/python3.8/site-packages/airflow/example_dags/example_bash_operator.py
[2021-02-07 19:10:21,075] {scheduler_job.py:627} INFO - Processing file /home/airflow/.local/lib/python3.8/site-packages/airflow/example_dags/example_bash_operator.py for tasks to queue
[2021-02-07 19:10:21,079] {logging_mixin.py:104} INFO - [2021-02-07 19:10:21,079] {dagbag.py:449} INFO - Filling up the DagBag from /home/airflow/.local/lib/python3.8/site-packages/airflow/example_dags/example_bash_operator.py
[2021-02-07 19:10:21,102] {scheduler_job.py:637} INFO - DAG(s) dict_keys(['example_bash_operator']) retrieved from /home/airflow/.local/lib/python3.8/site-packages/airflow/example_dags/example_bash_operator.py
[2021-02-07 19:10:21,141] {logging_mixin.py:104} INFO - [2021-02-07 19:10:21,140] {dag.py:1818} INFO - Sync 1 DAGs
[2021-02-07 19:10:21,175] {logging_mixin.py:104} INFO - [2021-02-07 19:10:21,175] {dag.py:2273} INFO - Setting next_dagrun for example_bash_operator to 2021-02-05 00:00:00+00:00
[2021-02-07 19:10:21,202] {scheduler_job.py:189} INFO - Processing /home/airflow/.local/lib/python3.8/site-packages/airflow/example_dags/example_bash_operator.py took 0.134 seconds
[2021-02-07 21:10:35,541] {scheduler_job.py:181} INFO - Started process (PID=402) to work on /home/airflow/.local/lib/python3.8/site-packages/airflow/example_dags/example_bash_operator.py
[2021-02-07 21:10:35,544] {scheduler_job.py:627} INFO - Processing file /home/airflow/.local/lib/python3.8/site-packages/airflow/example_dags/example_bash_operator.py for tasks to queue
[2021-02-07 21:10:35,546] {logging_mixin.py:104} INFO - [2021-02-07 21:10:35,546] {dagbag.py:449} INFO - Filling up the DagBag from /home/airflow/.local/lib/python3.8/site-packages/airflow/example_dags/example_bash_operator.py
[2021-02-07 21:10:35,575] {scheduler_job.py:637} INFO - DAG(s) dict_keys(['example_bash_operator']) retrieved from /home/airflow/.local/lib/python3.8/site-packages/airflow/example_dags/example_bash_operator.py
[2021-02-07 21:10:35,628] {logging_mixin.py:104} INFO - [2021-02-07 21:10:35,628] {dag.py:1818} INFO - Sync 1 DAGs
[2021-02-07 21:10:35,675] {logging_mixin.py:104} INFO - [2021-02-07 21:10:35,675] {dag.py:2273} INFO - Setting next_dagrun for example_bash_operator to 2021-02-05 00:00:00+00:00
[2021-02-07 21:10:35,693] {scheduler_job.py:189} INFO - Processing /home/airflow/.local/lib/python3.8/site-packages/airflow/example_dags/example_bash_operator.py took 0.158 seconds
[2021-02-07 21:45:33,501] {scheduler_job.py:181} INFO - Started process (PID=428) to work on /home/airflow/.local/lib/python3.8/site-packages/airflow/example_dags/example_bash_operator.py
[2021-02-07 21:45:33,509] {scheduler_job.py:627} INFO - Processing file /home/airflow/.local/lib/python3.8/site-packages/airflow/example_dags/example_bash_operator.py for tasks to queue
[2021-02-07 21:45:33,513] {logging_mixin.py:104} INFO - [2021-02-07 21:45:33,513] {dagbag.py:449} INFO - Filling up the DagBag from /home/airflow/.local/lib/python3.8/site-packages/airflow/example_dags/example_bash_operator.py
[2021-02-07 21:45:33,555] {scheduler_job.py:637} INFO - DAG(s) dict_keys(['example_bash_operator']) retrieved from /home/airflow/.local/lib/python3.8/site-packages/airflow/example_dags/example_bash_operator.py
[2021-02-07 21:45:33,620] {logging_mixin.py:104} INFO - [2021-02-07 21:45:33,620] {dag.py:1818} INFO - Sync 1 DAGs
[2021-02-07 21:45:33,681] {logging_mixin.py:104} INFO - [2021-02-07 21:45:33,681] {dag.py:2273} INFO - Setting next_dagrun for example_bash_operator to 2021-02-05 00:00:00+00:00
[2021-02-07 21:45:33,714] {scheduler_job.py:189} INFO - Processing /home/airflow/.local/lib/python3.8/site-packages/airflow/example_dags/example_bash_operator.py took 0.223 seconds
[2021-02-07 21:46:04,272] {scheduler_job.py:181} INFO - Started process (PID=457) to work on /home/airflow/.local/lib/python3.8/site-packages/airflow/example_dags/example_bash_operator.py
[2021-02-07 21:46:04,278] {scheduler_job.py:627} INFO - Processing file /home/airflow/.local/lib/python3.8/site-packages/airflow/example_dags/example_bash_operator.py for tasks to queue
[2021-02-07 21:46:04,281] {logging_mixin.py:104} INFO - [2021-02-07 21:46:04,281] {dagbag.py:449} INFO - Filling up the DagBag from /home/airflow/.local/lib/python3.8/site-packages/airflow/example_dags/example_bash_operator.py
[2021-02-07 21:46:04,313] {scheduler_job.py:637} INFO - DAG(s) dict_keys(['example_bash_operator']) retrieved from /home/airflow/.local/lib/python3.8/site-packages/airflow/example_dags/example_bash_operator.py
[2021-02-07 21:46:04,384] {logging_mixin.py:104} INFO - [2021-02-07 21:46:04,383] {dag.py:1818} INFO - Sync 1 DAGs
[2021-02-07 21:46:04,483] {logging_mixin.py:104} INFO - [2021-02-07 21:46:04,483] {dag.py:2273} INFO - Setting next_dagrun for example_bash_operator to 2021-02-05 00:00:00+00:00
[2021-02-07 21:46:04,514] {scheduler_job.py:189} INFO - Processing /home/airflow/.local/lib/python3.8/site-packages/airflow/example_dags/example_bash_operator.py took 0.250 seconds
[2021-02-07 21:46:34,768] {scheduler_job.py:181} INFO - Started process (PID=483) to work on /home/airflow/.local/lib/python3.8/site-packages/airflow/example_dags/example_bash_operator.py
[2021-02-07 21:46:34,771] {scheduler_job.py:627} INFO - Processing file /home/airflow/.local/lib/python3.8/site-packages/airflow/example_dags/example_bash_operator.py for tasks to queue
[2021-02-07 21:46:34,773] {logging_mixin.py:104} INFO - [2021-02-07 21:46:34,773] {dagbag.py:449} INFO - Filling up the DagBag from /home/airflow/.local/lib/python3.8/site-packages/airflow/example_dags/example_bash_operator.py
[2021-02-07 21:46:34,792] {scheduler_job.py:637} INFO - DAG(s) dict_keys(['example_bash_operator']) retrieved from /home/airflow/.local/lib/python3.8/site-packages/airflow/example_dags/example_bash_operator.py
[2021-02-07 21:46:34,820] {logging_mixin.py:104} INFO - [2021-02-07 21:46:34,820] {dag.py:1818} INFO - Sync 1 DAGs
[2021-02-07 21:46:34,848] {logging_mixin.py:104} INFO - [2021-02-07 21:46:34,848] {dag.py:2273} INFO - Setting next_dagrun for example_bash_operator to 2021-02-05 00:00:00+00:00
[2021-02-07 21:46:34,859] {scheduler_job.py:189} INFO - Processing /home/airflow/.local/lib/python3.8/site-packages/airflow/example_dags/example_bash_operator.py took 0.099 seconds
[2021-02-07 21:47:10,059] {scheduler_job.py:181} INFO - Started process (PID=506) to work on /home/airflow/.local/lib/python3.8/site-packages/airflow/example_dags/example_bash_operator.py
[2021-02-07 21:47:10,063] {scheduler_job.py:627} INFO - Processing file /home/airflow/.local/lib/python3.8/site-packages/airflow/example_dags/example_bash_operator.py for tasks to queue
[2021-02-07 21:47:10,066] {logging_mixin.py:104} INFO - [2021-02-07 21:47:10,066] {dagbag.py:449} INFO - Filling up the DagBag from /home/airflow/.local/lib/python3.8/site-packages/airflow/example_dags/example_bash_operator.py
[2021-02-07 21:47:10,106] {scheduler_job.py:637} INFO - DAG(s) dict_keys(['example_bash_operator']) retrieved from /home/airflow/.local/lib/python3.8/site-packages/airflow/example_dags/example_bash_operator.py
[2021-02-07 21:47:10,163] {logging_mixin.py:104} INFO - [2021-02-07 21:47:10,162] {dag.py:1818} INFO - Sync 1 DAGs
[2021-02-07 21:47:10,218] {logging_mixin.py:104} INFO - [2021-02-07 21:47:10,217] {dag.py:2273} INFO - Setting next_dagrun for example_bash_operator to 2021-02-05 00:00:00+00:00
[2021-02-07 21:47:10,242] {scheduler_job.py:189} INFO - Processing /home/airflow/.local/lib/python3.8/site-packages/airflow/example_dags/example_bash_operator.py took 0.194 seconds
[2021-02-07 21:47:42,603] {scheduler_job.py:181} INFO - Started process (PID=536) to work on /home/airflow/.local/lib/python3.8/site-packages/airflow/example_dags/example_bash_operator.py
[2021-02-07 21:47:42,626] {scheduler_job.py:627} INFO - Processing file /home/airflow/.local/lib/python3.8/site-packages/airflow/example_dags/example_bash_operator.py for tasks to queue
[2021-02-07 21:47:42,632] {logging_mixin.py:104} INFO - [2021-02-07 21:47:42,632] {dagbag.py:449} INFO - Filling up the DagBag from /home/airflow/.local/lib/python3.8/site-packages/airflow/example_dags/example_bash_operator.py
[2021-02-07 21:47:42,705] {scheduler_job.py:637} INFO - DAG(s) dict_keys(['example_bash_operator']) retrieved from /home/airflow/.local/lib/python3.8/site-packages/airflow/example_dags/example_bash_operator.py
[2021-02-07 21:47:42,854] {logging_mixin.py:104} INFO - [2021-02-07 21:47:42,853] {dag.py:1818} INFO - Sync 1 DAGs
[2021-02-07 21:47:42,958] {logging_mixin.py:104} INFO - [2021-02-07 21:47:42,958] {dag.py:2273} INFO - Setting next_dagrun for example_bash_operator to 2021-02-05 00:00:00+00:00
[2021-02-07 21:47:43,014] {scheduler_job.py:189} INFO - Processing /home/airflow/.local/lib/python3.8/site-packages/airflow/example_dags/example_bash_operator.py took 0.420 seconds
[2021-02-07 21:48:14,022] {scheduler_job.py:181} INFO - Started process (PID=563) to work on /home/airflow/.local/lib/python3.8/site-packages/airflow/example_dags/example_bash_operator.py
[2021-02-07 21:48:14,025] {scheduler_job.py:627} INFO - Processing file /home/airflow/.local/lib/python3.8/site-packages/airflow/example_dags/example_bash_operator.py for tasks to queue
[2021-02-07 21:48:14,033] {logging_mixin.py:104} INFO - [2021-02-07 21:48:14,032] {dagbag.py:449} INFO - Filling up the DagBag from /home/airflow/.local/lib/python3.8/site-packages/airflow/example_dags/example_bash_operator.py
[2021-02-07 21:48:14,079] {scheduler_job.py:637} INFO - DAG(s) dict_keys(['example_bash_operator']) retrieved from /home/airflow/.local/lib/python3.8/site-packages/airflow/example_dags/example_bash_operator.py
[2021-02-07 21:48:14,175] {logging_mixin.py:104} INFO - [2021-02-07 21:48:14,175] {dag.py:1818} INFO - Sync 1 DAGs
[2021-02-07 21:48:14,226] {logging_mixin.py:104} INFO - [2021-02-07 21:48:14,226] {dag.py:2273} INFO - Setting next_dagrun for example_bash_operator to 2021-02-05 00:00:00+00:00
[2021-02-07 21:48:14,242] {scheduler_job.py:189} INFO - Processing /home/airflow/.local/lib/python3.8/site-packages/airflow/example_dags/example_bash_operator.py took 0.236 seconds
[2021-02-07 21:48:44,505] {scheduler_job.py:181} INFO - Started process (PID=589) to work on /home/airflow/.local/lib/python3.8/site-packages/airflow/example_dags/example_bash_operator.py
[2021-02-07 21:48:44,508] {scheduler_job.py:627} INFO - Processing file /home/airflow/.local/lib/python3.8/site-packages/airflow/example_dags/example_bash_operator.py for tasks to queue
[2021-02-07 21:48:44,510] {logging_mixin.py:104} INFO - [2021-02-07 21:48:44,510] {dagbag.py:449} INFO - Filling up the DagBag from /home/airflow/.local/lib/python3.8/site-packages/airflow/example_dags/example_bash_operator.py
[2021-02-07 21:48:44,534] {scheduler_job.py:637} INFO - DAG(s) dict_keys(['example_bash_operator']) retrieved from /home/airflow/.local/lib/python3.8/site-packages/airflow/example_dags/example_bash_operator.py
[2021-02-07 21:48:44,583] {logging_mixin.py:104} INFO - [2021-02-07 21:48:44,583] {dag.py:1818} INFO - Sync 1 DAGs
[2021-02-07 21:48:44,632] {logging_mixin.py:104} INFO - [2021-02-07 21:48:44,632] {dag.py:2273} INFO - Setting next_dagrun for example_bash_operator to 2021-02-05 00:00:00+00:00
[2021-02-07 21:48:44,649] {scheduler_job.py:189} INFO - Processing /home/airflow/.local/lib/python3.8/site-packages/airflow/example_dags/example_bash_operator.py took 0.153 seconds
[2021-02-07 21:49:15,090] {scheduler_job.py:181} INFO - Started process (PID=615) to work on /home/airflow/.local/lib/python3.8/site-packages/airflow/example_dags/example_bash_operator.py
[2021-02-07 21:49:15,092] {scheduler_job.py:627} INFO - Processing file /home/airflow/.local/lib/python3.8/site-packages/airflow/example_dags/example_bash_operator.py for tasks to queue
[2021-02-07 21:49:15,094] {logging_mixin.py:104} INFO - [2021-02-07 21:49:15,094] {dagbag.py:449} INFO - Filling up the DagBag from /home/airflow/.local/lib/python3.8/site-packages/airflow/example_dags/example_bash_operator.py
[2021-02-07 21:49:15,111] {scheduler_job.py:637} INFO - DAG(s) dict_keys(['example_bash_operator']) retrieved from /home/airflow/.local/lib/python3.8/site-packages/airflow/example_dags/example_bash_operator.py
[2021-02-07 21:49:15,138] {logging_mixin.py:104} INFO - [2021-02-07 21:49:15,138] {dag.py:1818} INFO - Sync 1 DAGs
[2021-02-07 21:49:15,191] {logging_mixin.py:104} INFO - [2021-02-07 21:49:15,191] {dag.py:2273} INFO - Setting next_dagrun for example_bash_operator to 2021-02-05 00:00:00+00:00
[2021-02-07 21:49:15,224] {scheduler_job.py:189} INFO - Processing /home/airflow/.local/lib/python3.8/site-packages/airflow/example_dags/example_bash_operator.py took 0.139 seconds
[2021-02-07 21:49:48,561] {scheduler_job.py:181} INFO - Started process (PID=641) to work on /home/airflow/.local/lib/python3.8/site-packages/airflow/example_dags/example_bash_operator.py
[2021-02-07 21:49:48,572] {scheduler_job.py:627} INFO - Processing file /home/airflow/.local/lib/python3.8/site-packages/airflow/example_dags/example_bash_operator.py for tasks to queue
[2021-02-07 21:49:48,574] {logging_mixin.py:104} INFO - [2021-02-07 21:49:48,574] {dagbag.py:449} INFO - Filling up the DagBag from /home/airflow/.local/lib/python3.8/site-packages/airflow/example_dags/example_bash_operator.py
[2021-02-07 21:49:48,624] {scheduler_job.py:637} INFO - DAG(s) dict_keys(['example_bash_operator']) retrieved from /home/airflow/.local/lib/python3.8/site-packages/airflow/example_dags/example_bash_operator.py
[2021-02-07 21:49:48,741] {logging_mixin.py:104} INFO - [2021-02-07 21:49:48,741] {dag.py:1818} INFO - Sync 1 DAGs
[2021-02-07 21:49:48,860] {logging_mixin.py:104} INFO - [2021-02-07 21:49:48,859] {dag.py:2273} INFO - Setting next_dagrun for example_bash_operator to 2021-02-05 00:00:00+00:00
[2021-02-07 21:49:48,925] {scheduler_job.py:189} INFO - Processing /home/airflow/.local/lib/python3.8/site-packages/airflow/example_dags/example_bash_operator.py took 0.371 seconds
[2021-02-07 21:50:19,746] {scheduler_job.py:181} INFO - Started process (PID=667) to work on /home/airflow/.local/lib/python3.8/site-packages/airflow/example_dags/example_bash_operator.py
[2021-02-07 21:50:19,749] {scheduler_job.py:627} INFO - Processing file /home/airflow/.local/lib/python3.8/site-packages/airflow/example_dags/example_bash_operator.py for tasks to queue
[2021-02-07 21:50:19,751] {logging_mixin.py:104} INFO - [2021-02-07 21:50:19,751] {dagbag.py:449} INFO - Filling up the DagBag from /home/airflow/.local/lib/python3.8/site-packages/airflow/example_dags/example_bash_operator.py
[2021-02-07 21:50:19,772] {scheduler_job.py:637} INFO - DAG(s) dict_keys(['example_bash_operator']) retrieved from /home/airflow/.local/lib/python3.8/site-packages/airflow/example_dags/example_bash_operator.py
[2021-02-07 21:50:19,811] {logging_mixin.py:104} INFO - [2021-02-07 21:50:19,811] {dag.py:1818} INFO - Sync 1 DAGs
[2021-02-07 21:50:19,843] {logging_mixin.py:104} INFO - [2021-02-07 21:50:19,843] {dag.py:2273} INFO - Setting next_dagrun for example_bash_operator to 2021-02-05 00:00:00+00:00
[2021-02-07 21:50:19,866] {scheduler_job.py:189} INFO - Processing /home/airflow/.local/lib/python3.8/site-packages/airflow/example_dags/example_bash_operator.py took 0.127 seconds
[2021-02-07 21:50:50,370] {scheduler_job.py:181} INFO - Started process (PID=693) to work on /home/airflow/.local/lib/python3.8/site-packages/airflow/example_dags/example_bash_operator.py
[2021-02-07 21:50:50,374] {scheduler_job.py:627} INFO - Processing file /home/airflow/.local/lib/python3.8/site-packages/airflow/example_dags/example_bash_operator.py for tasks to queue
[2021-02-07 21:50:50,378] {logging_mixin.py:104} INFO - [2021-02-07 21:50:50,377] {dagbag.py:449} INFO - Filling up the DagBag from /home/airflow/.local/lib/python3.8/site-packages/airflow/example_dags/example_bash_operator.py
[2021-02-07 21:50:50,418] {scheduler_job.py:637} INFO - DAG(s) dict_keys(['example_bash_operator']) retrieved from /home/airflow/.local/lib/python3.8/site-packages/airflow/example_dags/example_bash_operator.py
[2021-02-07 21:50:50,454] {logging_mixin.py:104} INFO - [2021-02-07 21:50:50,453] {dag.py:1818} INFO - Sync 1 DAGs
[2021-02-07 21:50:50,489] {logging_mixin.py:104} INFO - [2021-02-07 21:50:50,489] {dag.py:2273} INFO - Setting next_dagrun for example_bash_operator to 2021-02-05 00:00:00+00:00
[2021-02-07 21:50:50,520] {scheduler_job.py:189} INFO - Processing /home/airflow/.local/lib/python3.8/site-packages/airflow/example_dags/example_bash_operator.py took 0.165 seconds
[2021-02-07 21:51:21,017] {scheduler_job.py:181} INFO - Started process (PID=719) to work on /home/airflow/.local/lib/python3.8/site-packages/airflow/example_dags/example_bash_operator.py
[2021-02-07 21:51:21,024] {scheduler_job.py:627} INFO - Processing file /home/airflow/.local/lib/python3.8/site-packages/airflow/example_dags/example_bash_operator.py for tasks to queue
[2021-02-07 21:51:21,027] {logging_mixin.py:104} INFO - [2021-02-07 21:51:21,027] {dagbag.py:449} INFO - Filling up the DagBag from /home/airflow/.local/lib/python3.8/site-packages/airflow/example_dags/example_bash_operator.py
[2021-02-07 21:51:21,056] {scheduler_job.py:637} INFO - DAG(s) dict_keys(['example_bash_operator']) retrieved from /home/airflow/.local/lib/python3.8/site-packages/airflow/example_dags/example_bash_operator.py
[2021-02-07 21:51:21,090] {logging_mixin.py:104} INFO - [2021-02-07 21:51:21,090] {dag.py:1818} INFO - Sync 1 DAGs
[2021-02-07 21:51:21,114] {logging_mixin.py:104} INFO - [2021-02-07 21:51:21,114] {dag.py:2273} INFO - Setting next_dagrun for example_bash_operator to 2021-02-05 00:00:00+00:00
[2021-02-07 21:51:21,129] {scheduler_job.py:189} INFO - Processing /home/airflow/.local/lib/python3.8/site-packages/airflow/example_dags/example_bash_operator.py took 0.123 seconds
[2021-02-07 21:51:52,072] {scheduler_job.py:181} INFO - Started process (PID=745) to work on /home/airflow/.local/lib/python3.8/site-packages/airflow/example_dags/example_bash_operator.py
[2021-02-07 21:51:52,074] {scheduler_job.py:627} INFO - Processing file /home/airflow/.local/lib/python3.8/site-packages/airflow/example_dags/example_bash_operator.py for tasks to queue
[2021-02-07 21:51:52,076] {logging_mixin.py:104} INFO - [2021-02-07 21:51:52,076] {dagbag.py:449} INFO - Filling up the DagBag from /home/airflow/.local/lib/python3.8/site-packages/airflow/example_dags/example_bash_operator.py
[2021-02-07 21:51:52,092] {scheduler_job.py:637} INFO - DAG(s) dict_keys(['example_bash_operator']) retrieved from /home/airflow/.local/lib/python3.8/site-packages/airflow/example_dags/example_bash_operator.py
[2021-02-07 21:51:52,124] {logging_mixin.py:104} INFO - [2021-02-07 21:51:52,124] {dag.py:1818} INFO - Sync 1 DAGs
[2021-02-07 21:51:52,148] {logging_mixin.py:104} INFO - [2021-02-07 21:51:52,148] {dag.py:2273} INFO - Setting next_dagrun for example_bash_operator to 2021-02-05 00:00:00+00:00
[2021-02-07 21:51:52,161] {scheduler_job.py:189} INFO - Processing /home/airflow/.local/lib/python3.8/site-packages/airflow/example_dags/example_bash_operator.py took 0.094 seconds
[2021-02-07 21:52:22,347] {scheduler_job.py:181} INFO - Started process (PID=771) to work on /home/airflow/.local/lib/python3.8/site-packages/airflow/example_dags/example_bash_operator.py
[2021-02-07 21:52:22,349] {scheduler_job.py:627} INFO - Processing file /home/airflow/.local/lib/python3.8/site-packages/airflow/example_dags/example_bash_operator.py for tasks to queue
[2021-02-07 21:52:22,351] {logging_mixin.py:104} INFO - [2021-02-07 21:52:22,351] {dagbag.py:449} INFO - Filling up the DagBag from /home/airflow/.local/lib/python3.8/site-packages/airflow/example_dags/example_bash_operator.py
[2021-02-07 21:52:22,367] {scheduler_job.py:637} INFO - DAG(s) dict_keys(['example_bash_operator']) retrieved from /home/airflow/.local/lib/python3.8/site-packages/airflow/example_dags/example_bash_operator.py
[2021-02-07 21:52:22,402] {logging_mixin.py:104} INFO - [2021-02-07 21:52:22,402] {dag.py:1818} INFO - Sync 1 DAGs
[2021-02-07 21:52:22,435] {logging_mixin.py:104} INFO - [2021-02-07 21:52:22,435] {dag.py:2273} INFO - Setting next_dagrun for example_bash_operator to 2021-02-05 00:00:00+00:00
[2021-02-07 21:52:22,451] {scheduler_job.py:189} INFO - Processing /home/airflow/.local/lib/python3.8/site-packages/airflow/example_dags/example_bash_operator.py took 0.109 seconds
[2021-02-07 21:52:53,168] {scheduler_job.py:181} INFO - Started process (PID=797) to work on /home/airflow/.local/lib/python3.8/site-packages/airflow/example_dags/example_bash_operator.py
[2021-02-07 21:52:53,202] {scheduler_job.py:627} INFO - Processing file /home/airflow/.local/lib/python3.8/site-packages/airflow/example_dags/example_bash_operator.py for tasks to queue
[2021-02-07 21:52:53,211] {logging_mixin.py:104} INFO - [2021-02-07 21:52:53,210] {dagbag.py:449} INFO - Filling up the DagBag from /home/airflow/.local/lib/python3.8/site-packages/airflow/example_dags/example_bash_operator.py
[2021-02-07 21:52:53,240] {scheduler_job.py:637} INFO - DAG(s) dict_keys(['example_bash_operator']) retrieved from /home/airflow/.local/lib/python3.8/site-packages/airflow/example_dags/example_bash_operator.py
[2021-02-07 21:52:53,350] {logging_mixin.py:104} INFO - [2021-02-07 21:52:53,350] {dag.py:1818} INFO - Sync 1 DAGs
[2021-02-07 21:52:53,464] {logging_mixin.py:104} INFO - [2021-02-07 21:52:53,464] {dag.py:2273} INFO - Setting next_dagrun for example_bash_operator to 2021-02-05 00:00:00+00:00
[2021-02-07 21:52:53,483] {scheduler_job.py:189} INFO - Processing /home/airflow/.local/lib/python3.8/site-packages/airflow/example_dags/example_bash_operator.py took 0.352 seconds
[2021-02-07 21:53:24,482] {scheduler_job.py:181} INFO - Started process (PID=830) to work on /home/airflow/.local/lib/python3.8/site-packages/airflow/example_dags/example_bash_operator.py
[2021-02-07 21:53:24,484] {scheduler_job.py:627} INFO - Processing file /home/airflow/.local/lib/python3.8/site-packages/airflow/example_dags/example_bash_operator.py for tasks to queue
[2021-02-07 21:53:24,486] {logging_mixin.py:104} INFO - [2021-02-07 21:53:24,485] {dagbag.py:449} INFO - Filling up the DagBag from /home/airflow/.local/lib/python3.8/site-packages/airflow/example_dags/example_bash_operator.py
[2021-02-07 21:53:24,499] {scheduler_job.py:637} INFO - DAG(s) dict_keys(['example_bash_operator']) retrieved from /home/airflow/.local/lib/python3.8/site-packages/airflow/example_dags/example_bash_operator.py
[2021-02-07 21:53:24,523] {logging_mixin.py:104} INFO - [2021-02-07 21:53:24,523] {dag.py:1818} INFO - Sync 1 DAGs
[2021-02-07 21:53:24,545] {logging_mixin.py:104} INFO - [2021-02-07 21:53:24,545] {dag.py:2273} INFO - Setting next_dagrun for example_bash_operator to 2021-02-05 00:00:00+00:00
[2021-02-07 21:53:24,557] {scheduler_job.py:189} INFO - Processing /home/airflow/.local/lib/python3.8/site-packages/airflow/example_dags/example_bash_operator.py took 0.080 seconds
[2021-02-07 21:53:55,007] {scheduler_job.py:181} INFO - Started process (PID=856) to work on /home/airflow/.local/lib/python3.8/site-packages/airflow/example_dags/example_bash_operator.py
[2021-02-07 21:53:55,010] {scheduler_job.py:627} INFO - Processing file /home/airflow/.local/lib/python3.8/site-packages/airflow/example_dags/example_bash_operator.py for tasks to queue
[2021-02-07 21:53:55,012] {logging_mixin.py:104} INFO - [2021-02-07 21:53:55,012] {dagbag.py:449} INFO - Filling up the DagBag from /home/airflow/.local/lib/python3.8/site-packages/airflow/example_dags/example_bash_operator.py
[2021-02-07 21:53:55,030] {scheduler_job.py:637} INFO - DAG(s) dict_keys(['example_bash_operator']) retrieved from /home/airflow/.local/lib/python3.8/site-packages/airflow/example_dags/example_bash_operator.py
[2021-02-07 21:53:55,057] {logging_mixin.py:104} INFO - [2021-02-07 21:53:55,056] {dag.py:1818} INFO - Sync 1 DAGs
[2021-02-07 21:53:55,079] {logging_mixin.py:104} INFO - [2021-02-07 21:53:55,079] {dag.py:2273} INFO - Setting next_dagrun for example_bash_operator to 2021-02-05 00:00:00+00:00
[2021-02-07 21:53:55,096] {scheduler_job.py:189} INFO - Processing /home/airflow/.local/lib/python3.8/site-packages/airflow/example_dags/example_bash_operator.py took 0.094 seconds
[2021-02-07 21:54:25,535] {scheduler_job.py:181} INFO - Started process (PID=891) to work on /home/airflow/.local/lib/python3.8/site-packages/airflow/example_dags/example_bash_operator.py
[2021-02-07 21:54:25,537] {scheduler_job.py:627} INFO - Processing file /home/airflow/.local/lib/python3.8/site-packages/airflow/example_dags/example_bash_operator.py for tasks to queue
[2021-02-07 21:54:25,539] {logging_mixin.py:104} INFO - [2021-02-07 21:54:25,539] {dagbag.py:449} INFO - Filling up the DagBag from /home/airflow/.local/lib/python3.8/site-packages/airflow/example_dags/example_bash_operator.py
[2021-02-07 21:54:25,555] {scheduler_job.py:637} INFO - DAG(s) dict_keys(['example_bash_operator']) retrieved from /home/airflow/.local/lib/python3.8/site-packages/airflow/example_dags/example_bash_operator.py
[2021-02-07 21:54:25,583] {logging_mixin.py:104} INFO - [2021-02-07 21:54:25,583] {dag.py:1818} INFO - Sync 1 DAGs
[2021-02-07 21:54:25,605] {logging_mixin.py:104} INFO - [2021-02-07 21:54:25,605] {dag.py:2273} INFO - Setting next_dagrun for example_bash_operator to 2021-02-05 00:00:00+00:00
[2021-02-07 21:54:25,619] {scheduler_job.py:189} INFO - Processing /home/airflow/.local/lib/python3.8/site-packages/airflow/example_dags/example_bash_operator.py took 0.089 seconds
[2021-02-07 21:54:56,384] {scheduler_job.py:181} INFO - Started process (PID=917) to work on /home/airflow/.local/lib/python3.8/site-packages/airflow/example_dags/example_bash_operator.py
[2021-02-07 21:54:56,386] {scheduler_job.py:627} INFO - Processing file /home/airflow/.local/lib/python3.8/site-packages/airflow/example_dags/example_bash_operator.py for tasks to queue
[2021-02-07 21:54:56,388] {logging_mixin.py:104} INFO - [2021-02-07 21:54:56,387] {dagbag.py:449} INFO - Filling up the DagBag from /home/airflow/.local/lib/python3.8/site-packages/airflow/example_dags/example_bash_operator.py
[2021-02-07 21:54:56,406] {scheduler_job.py:637} INFO - DAG(s) dict_keys(['example_bash_operator']) retrieved from /home/airflow/.local/lib/python3.8/site-packages/airflow/example_dags/example_bash_operator.py
[2021-02-07 21:54:56,441] {logging_mixin.py:104} INFO - [2021-02-07 21:54:56,441] {dag.py:1818} INFO - Sync 1 DAGs
[2021-02-07 21:54:56,462] {logging_mixin.py:104} INFO - [2021-02-07 21:54:56,462] {dag.py:2273} INFO - Setting next_dagrun for example_bash_operator to 2021-02-05 00:00:00+00:00
[2021-02-07 21:54:56,477] {scheduler_job.py:189} INFO - Processing /home/airflow/.local/lib/python3.8/site-packages/airflow/example_dags/example_bash_operator.py took 0.099 seconds
[2021-02-07 21:55:26,595] {scheduler_job.py:181} INFO - Started process (PID=943) to work on /home/airflow/.local/lib/python3.8/site-packages/airflow/example_dags/example_bash_operator.py
[2021-02-07 21:55:26,600] {scheduler_job.py:627} INFO - Processing file /home/airflow/.local/lib/python3.8/site-packages/airflow/example_dags/example_bash_operator.py for tasks to queue
[2021-02-07 21:55:26,613] {logging_mixin.py:104} INFO - [2021-02-07 21:55:26,612] {dagbag.py:449} INFO - Filling up the DagBag from /home/airflow/.local/lib/python3.8/site-packages/airflow/example_dags/example_bash_operator.py
[2021-02-07 21:55:26,677] {scheduler_job.py:637} INFO - DAG(s) dict_keys(['example_bash_operator']) retrieved from /home/airflow/.local/lib/python3.8/site-packages/airflow/example_dags/example_bash_operator.py
[2021-02-07 21:55:26,785] {logging_mixin.py:104} INFO - [2021-02-07 21:55:26,785] {dag.py:1818} INFO - Sync 1 DAGs
[2021-02-07 21:55:26,911] {logging_mixin.py:104} INFO - [2021-02-07 21:55:26,910] {dag.py:2273} INFO - Setting next_dagrun for example_bash_operator to 2021-02-05 00:00:00+00:00
[2021-02-07 21:55:26,969] {scheduler_job.py:189} INFO - Processing /home/airflow/.local/lib/python3.8/site-packages/airflow/example_dags/example_bash_operator.py took 0.393 seconds
[2021-02-07 21:55:57,704] {scheduler_job.py:181} INFO - Started process (PID=969) to work on /home/airflow/.local/lib/python3.8/site-packages/airflow/example_dags/example_bash_operator.py
[2021-02-07 21:55:57,706] {scheduler_job.py:627} INFO - Processing file /home/airflow/.local/lib/python3.8/site-packages/airflow/example_dags/example_bash_operator.py for tasks to queue
[2021-02-07 21:55:57,708] {logging_mixin.py:104} INFO - [2021-02-07 21:55:57,708] {dagbag.py:449} INFO - Filling up the DagBag from /home/airflow/.local/lib/python3.8/site-packages/airflow/example_dags/example_bash_operator.py
[2021-02-07 21:55:57,731] {scheduler_job.py:637} INFO - DAG(s) dict_keys(['example_bash_operator']) retrieved from /home/airflow/.local/lib/python3.8/site-packages/airflow/example_dags/example_bash_operator.py
[2021-02-07 21:55:57,778] {logging_mixin.py:104} INFO - [2021-02-07 21:55:57,777] {dag.py:1818} INFO - Sync 1 DAGs
[2021-02-07 21:55:57,823] {logging_mixin.py:104} INFO - [2021-02-07 21:55:57,823] {dag.py:2273} INFO - Setting next_dagrun for example_bash_operator to 2021-02-05 00:00:00+00:00
[2021-02-07 21:55:57,847] {scheduler_job.py:189} INFO - Processing /home/airflow/.local/lib/python3.8/site-packages/airflow/example_dags/example_bash_operator.py took 0.150 seconds
[2021-02-07 21:56:27,922] {scheduler_job.py:181} INFO - Started process (PID=995) to work on /home/airflow/.local/lib/python3.8/site-packages/airflow/example_dags/example_bash_operator.py
[2021-02-07 21:56:27,924] {scheduler_job.py:627} INFO - Processing file /home/airflow/.local/lib/python3.8/site-packages/airflow/example_dags/example_bash_operator.py for tasks to queue
[2021-02-07 21:56:27,926] {logging_mixin.py:104} INFO - [2021-02-07 21:56:27,926] {dagbag.py:449} INFO - Filling up the DagBag from /home/airflow/.local/lib/python3.8/site-packages/airflow/example_dags/example_bash_operator.py
[2021-02-07 21:56:27,957] {scheduler_job.py:637} INFO - DAG(s) dict_keys(['example_bash_operator']) retrieved from /home/airflow/.local/lib/python3.8/site-packages/airflow/example_dags/example_bash_operator.py
[2021-02-07 21:56:28,005] {logging_mixin.py:104} INFO - [2021-02-07 21:56:28,005] {dag.py:1818} INFO - Sync 1 DAGs
[2021-02-07 21:56:28,077] {logging_mixin.py:104} INFO - [2021-02-07 21:56:28,077] {dag.py:2273} INFO - Setting next_dagrun for example_bash_operator to 2021-02-05 00:00:00+00:00
[2021-02-07 21:56:28,133] {scheduler_job.py:189} INFO - Processing /home/airflow/.local/lib/python3.8/site-packages/airflow/example_dags/example_bash_operator.py took 0.217 seconds
[2021-02-07 21:56:58,206] {scheduler_job.py:181} INFO - Started process (PID=1020) to work on /home/airflow/.local/lib/python3.8/site-packages/airflow/example_dags/example_bash_operator.py
[2021-02-07 21:56:58,211] {scheduler_job.py:627} INFO - Processing file /home/airflow/.local/lib/python3.8/site-packages/airflow/example_dags/example_bash_operator.py for tasks to queue
[2021-02-07 21:56:58,216] {logging_mixin.py:104} INFO - [2021-02-07 21:56:58,215] {dagbag.py:449} INFO - Filling up the DagBag from /home/airflow/.local/lib/python3.8/site-packages/airflow/example_dags/example_bash_operator.py
[2021-02-07 21:56:58,251] {scheduler_job.py:637} INFO - DAG(s) dict_keys(['example_bash_operator']) retrieved from /home/airflow/.local/lib/python3.8/site-packages/airflow/example_dags/example_bash_operator.py
[2021-02-07 21:56:58,300] {logging_mixin.py:104} INFO - [2021-02-07 21:56:58,300] {dag.py:1818} INFO - Sync 1 DAGs
[2021-02-07 21:56:58,339] {logging_mixin.py:104} INFO - [2021-02-07 21:56:58,339] {dag.py:2273} INFO - Setting next_dagrun for example_bash_operator to 2021-02-05 00:00:00+00:00
[2021-02-07 21:56:58,357] {scheduler_job.py:189} INFO - Processing /home/airflow/.local/lib/python3.8/site-packages/airflow/example_dags/example_bash_operator.py took 0.164 seconds
[2021-02-07 21:57:29,003] {scheduler_job.py:181} INFO - Started process (PID=1047) to work on /home/airflow/.local/lib/python3.8/site-packages/airflow/example_dags/example_bash_operator.py
[2021-02-07 21:57:29,005] {scheduler_job.py:627} INFO - Processing file /home/airflow/.local/lib/python3.8/site-packages/airflow/example_dags/example_bash_operator.py for tasks to queue
[2021-02-07 21:57:29,008] {logging_mixin.py:104} INFO - [2021-02-07 21:57:29,008] {dagbag.py:449} INFO - Filling up the DagBag from /home/airflow/.local/lib/python3.8/site-packages/airflow/example_dags/example_bash_operator.py
[2021-02-07 21:57:29,030] {scheduler_job.py:637} INFO - DAG(s) dict_keys(['example_bash_operator']) retrieved from /home/airflow/.local/lib/python3.8/site-packages/airflow/example_dags/example_bash_operator.py
[2021-02-07 21:57:29,058] {logging_mixin.py:104} INFO - [2021-02-07 21:57:29,058] {dag.py:1818} INFO - Sync 1 DAGs
[2021-02-07 21:57:29,082] {logging_mixin.py:104} INFO - [2021-02-07 21:57:29,082] {dag.py:2273} INFO - Setting next_dagrun for example_bash_operator to 2021-02-05 00:00:00+00:00
[2021-02-07 21:57:29,095] {scheduler_job.py:189} INFO - Processing /home/airflow/.local/lib/python3.8/site-packages/airflow/example_dags/example_bash_operator.py took 0.097 seconds
[2021-02-07 21:57:59,337] {scheduler_job.py:181} INFO - Started process (PID=1073) to work on /home/airflow/.local/lib/python3.8/site-packages/airflow/example_dags/example_bash_operator.py
[2021-02-07 21:57:59,339] {scheduler_job.py:627} INFO - Processing file /home/airflow/.local/lib/python3.8/site-packages/airflow/example_dags/example_bash_operator.py for tasks to queue
[2021-02-07 21:57:59,341] {logging_mixin.py:104} INFO - [2021-02-07 21:57:59,341] {dagbag.py:449} INFO - Filling up the DagBag from /home/airflow/.local/lib/python3.8/site-packages/airflow/example_dags/example_bash_operator.py
[2021-02-07 21:57:59,356] {scheduler_job.py:637} INFO - DAG(s) dict_keys(['example_bash_operator']) retrieved from /home/airflow/.local/lib/python3.8/site-packages/airflow/example_dags/example_bash_operator.py
[2021-02-07 21:57:59,390] {logging_mixin.py:104} INFO - [2021-02-07 21:57:59,390] {dag.py:1818} INFO - Sync 1 DAGs
[2021-02-07 21:57:59,412] {logging_mixin.py:104} INFO - [2021-02-07 21:57:59,411] {dag.py:2273} INFO - Setting next_dagrun for example_bash_operator to 2021-02-05 00:00:00+00:00
[2021-02-07 21:57:59,422] {scheduler_job.py:189} INFO - Processing /home/airflow/.local/lib/python3.8/site-packages/airflow/example_dags/example_bash_operator.py took 0.090 seconds
[2021-02-07 21:58:29,464] {scheduler_job.py:181} INFO - Started process (PID=1098) to work on /home/airflow/.local/lib/python3.8/site-packages/airflow/example_dags/example_bash_operator.py
[2021-02-07 21:58:29,470] {scheduler_job.py:627} INFO - Processing file /home/airflow/.local/lib/python3.8/site-packages/airflow/example_dags/example_bash_operator.py for tasks to queue
[2021-02-07 21:58:29,474] {logging_mixin.py:104} INFO - [2021-02-07 21:58:29,474] {dagbag.py:449} INFO - Filling up the DagBag from /home/airflow/.local/lib/python3.8/site-packages/airflow/example_dags/example_bash_operator.py
[2021-02-07 21:58:29,493] {scheduler_job.py:637} INFO - DAG(s) dict_keys(['example_bash_operator']) retrieved from /home/airflow/.local/lib/python3.8/site-packages/airflow/example_dags/example_bash_operator.py
[2021-02-07 21:58:29,530] {logging_mixin.py:104} INFO - [2021-02-07 21:58:29,530] {dag.py:1818} INFO - Sync 1 DAGs
[2021-02-07 21:58:29,560] {logging_mixin.py:104} INFO - [2021-02-07 21:58:29,560] {dag.py:2273} INFO - Setting next_dagrun for example_bash_operator to 2021-02-05 00:00:00+00:00
[2021-02-07 21:58:29,584] {scheduler_job.py:189} INFO - Processing /home/airflow/.local/lib/python3.8/site-packages/airflow/example_dags/example_bash_operator.py took 0.129 seconds
[2021-02-07 21:59:00,269] {scheduler_job.py:181} INFO - Started process (PID=1125) to work on /home/airflow/.local/lib/python3.8/site-packages/airflow/example_dags/example_bash_operator.py
[2021-02-07 21:59:00,273] {scheduler_job.py:627} INFO - Processing file /home/airflow/.local/lib/python3.8/site-packages/airflow/example_dags/example_bash_operator.py for tasks to queue
[2021-02-07 21:59:00,275] {logging_mixin.py:104} INFO - [2021-02-07 21:59:00,275] {dagbag.py:449} INFO - Filling up the DagBag from /home/airflow/.local/lib/python3.8/site-packages/airflow/example_dags/example_bash_operator.py
[2021-02-07 21:59:00,307] {scheduler_job.py:637} INFO - DAG(s) dict_keys(['example_bash_operator']) retrieved from /home/airflow/.local/lib/python3.8/site-packages/airflow/example_dags/example_bash_operator.py
[2021-02-07 21:59:00,382] {logging_mixin.py:104} INFO - [2021-02-07 21:59:00,382] {dag.py:1818} INFO - Sync 1 DAGs
[2021-02-07 21:59:00,427] {logging_mixin.py:104} INFO - [2021-02-07 21:59:00,427] {dag.py:2273} INFO - Setting next_dagrun for example_bash_operator to 2021-02-05 00:00:00+00:00
[2021-02-07 21:59:00,448] {scheduler_job.py:189} INFO - Processing /home/airflow/.local/lib/python3.8/site-packages/airflow/example_dags/example_bash_operator.py took 0.191 seconds
[2021-02-07 21:59:30,823] {scheduler_job.py:181} INFO - Started process (PID=1151) to work on /home/airflow/.local/lib/python3.8/site-packages/airflow/example_dags/example_bash_operator.py
[2021-02-07 21:59:30,825] {scheduler_job.py:627} INFO - Processing file /home/airflow/.local/lib/python3.8/site-packages/airflow/example_dags/example_bash_operator.py for tasks to queue
[2021-02-07 21:59:30,830] {logging_mixin.py:104} INFO - [2021-02-07 21:59:30,828] {dagbag.py:449} INFO - Filling up the DagBag from /home/airflow/.local/lib/python3.8/site-packages/airflow/example_dags/example_bash_operator.py
[2021-02-07 21:59:30,862] {scheduler_job.py:637} INFO - DAG(s) dict_keys(['example_bash_operator']) retrieved from /home/airflow/.local/lib/python3.8/site-packages/airflow/example_dags/example_bash_operator.py
[2021-02-07 21:59:30,907] {logging_mixin.py:104} INFO - [2021-02-07 21:59:30,907] {dag.py:1818} INFO - Sync 1 DAGs
[2021-02-07 21:59:30,948] {logging_mixin.py:104} INFO - [2021-02-07 21:59:30,948] {dag.py:2273} INFO - Setting next_dagrun for example_bash_operator to 2021-02-05 00:00:00+00:00
[2021-02-07 21:59:30,968] {scheduler_job.py:189} INFO - Processing /home/airflow/.local/lib/python3.8/site-packages/airflow/example_dags/example_bash_operator.py took 0.150 seconds
[2021-02-07 22:00:01,395] {scheduler_job.py:181} INFO - Started process (PID=1177) to work on /home/airflow/.local/lib/python3.8/site-packages/airflow/example_dags/example_bash_operator.py
[2021-02-07 22:00:01,400] {scheduler_job.py:627} INFO - Processing file /home/airflow/.local/lib/python3.8/site-packages/airflow/example_dags/example_bash_operator.py for tasks to queue
[2021-02-07 22:00:01,407] {logging_mixin.py:104} INFO - [2021-02-07 22:00:01,406] {dagbag.py:449} INFO - Filling up the DagBag from /home/airflow/.local/lib/python3.8/site-packages/airflow/example_dags/example_bash_operator.py
[2021-02-07 22:00:01,445] {scheduler_job.py:637} INFO - DAG(s) dict_keys(['example_bash_operator']) retrieved from /home/airflow/.local/lib/python3.8/site-packages/airflow/example_dags/example_bash_operator.py
[2021-02-07 22:00:01,509] {logging_mixin.py:104} INFO - [2021-02-07 22:00:01,509] {dag.py:1818} INFO - Sync 1 DAGs
[2021-02-07 22:00:01,570] {logging_mixin.py:104} INFO - [2021-02-07 22:00:01,568] {dag.py:2273} INFO - Setting next_dagrun for example_bash_operator to 2021-02-05 00:00:00+00:00
[2021-02-07 22:00:01,592] {scheduler_job.py:189} INFO - Processing /home/airflow/.local/lib/python3.8/site-packages/airflow/example_dags/example_bash_operator.py took 0.207 seconds
[2021-02-07 22:00:31,671] {scheduler_job.py:181} INFO - Started process (PID=1203) to work on /home/airflow/.local/lib/python3.8/site-packages/airflow/example_dags/example_bash_operator.py
[2021-02-07 22:00:31,674] {scheduler_job.py:627} INFO - Processing file /home/airflow/.local/lib/python3.8/site-packages/airflow/example_dags/example_bash_operator.py for tasks to queue
[2021-02-07 22:00:31,676] {logging_mixin.py:104} INFO - [2021-02-07 22:00:31,675] {dagbag.py:449} INFO - Filling up the DagBag from /home/airflow/.local/lib/python3.8/site-packages/airflow/example_dags/example_bash_operator.py
[2021-02-07 22:00:31,695] {scheduler_job.py:637} INFO - DAG(s) dict_keys(['example_bash_operator']) retrieved from /home/airflow/.local/lib/python3.8/site-packages/airflow/example_dags/example_bash_operator.py
[2021-02-07 22:00:31,743] {logging_mixin.py:104} INFO - [2021-02-07 22:00:31,743] {dag.py:1818} INFO - Sync 1 DAGs
[2021-02-07 22:00:31,778] {logging_mixin.py:104} INFO - [2021-02-07 22:00:31,777] {dag.py:2273} INFO - Setting next_dagrun for example_bash_operator to 2021-02-05 00:00:00+00:00
[2021-02-07 22:00:31,798] {scheduler_job.py:189} INFO - Processing /home/airflow/.local/lib/python3.8/site-packages/airflow/example_dags/example_bash_operator.py took 0.133 seconds
[2021-02-07 22:01:02,384] {scheduler_job.py:181} INFO - Started process (PID=1223) to work on /home/airflow/.local/lib/python3.8/site-packages/airflow/example_dags/example_bash_operator.py
[2021-02-07 22:01:02,387] {scheduler_job.py:627} INFO - Processing file /home/airflow/.local/lib/python3.8/site-packages/airflow/example_dags/example_bash_operator.py for tasks to queue
[2021-02-07 22:01:02,390] {logging_mixin.py:104} INFO - [2021-02-07 22:01:02,390] {dagbag.py:449} INFO - Filling up the DagBag from /home/airflow/.local/lib/python3.8/site-packages/airflow/example_dags/example_bash_operator.py
[2021-02-07 22:01:02,424] {scheduler_job.py:637} INFO - DAG(s) dict_keys(['example_bash_operator']) retrieved from /home/airflow/.local/lib/python3.8/site-packages/airflow/example_dags/example_bash_operator.py
[2021-02-07 22:01:02,489] {logging_mixin.py:104} INFO - [2021-02-07 22:01:02,489] {dag.py:1818} INFO - Sync 1 DAGs
[2021-02-07 22:01:02,553] {logging_mixin.py:104} INFO - [2021-02-07 22:01:02,553] {dag.py:2273} INFO - Setting next_dagrun for example_bash_operator to 2021-02-05 00:00:00+00:00
[2021-02-07 22:01:02,590] {scheduler_job.py:189} INFO - Processing /home/airflow/.local/lib/python3.8/site-packages/airflow/example_dags/example_bash_operator.py took 0.218 seconds
[2021-02-07 22:01:33,073] {scheduler_job.py:181} INFO - Started process (PID=1250) to work on /home/airflow/.local/lib/python3.8/site-packages/airflow/example_dags/example_bash_operator.py
[2021-02-07 22:01:33,085] {scheduler_job.py:627} INFO - Processing file /home/airflow/.local/lib/python3.8/site-packages/airflow/example_dags/example_bash_operator.py for tasks to queue
[2021-02-07 22:01:33,095] {logging_mixin.py:104} INFO - [2021-02-07 22:01:33,094] {dagbag.py:449} INFO - Filling up the DagBag from /home/airflow/.local/lib/python3.8/site-packages/airflow/example_dags/example_bash_operator.py
[2021-02-07 22:01:33,156] {scheduler_job.py:637} INFO - DAG(s) dict_keys(['example_bash_operator']) retrieved from /home/airflow/.local/lib/python3.8/site-packages/airflow/example_dags/example_bash_operator.py
[2021-02-07 22:01:33,243] {logging_mixin.py:104} INFO - [2021-02-07 22:01:33,242] {dag.py:1818} INFO - Sync 1 DAGs
[2021-02-07 22:01:33,308] {logging_mixin.py:104} INFO - [2021-02-07 22:01:33,308] {dag.py:2273} INFO - Setting next_dagrun for example_bash_operator to 2021-02-05 00:00:00+00:00
[2021-02-07 22:01:33,342] {scheduler_job.py:189} INFO - Processing /home/airflow/.local/lib/python3.8/site-packages/airflow/example_dags/example_bash_operator.py took 0.284 seconds
[2021-02-07 22:02:03,726] {scheduler_job.py:181} INFO - Started process (PID=1276) to work on /home/airflow/.local/lib/python3.8/site-packages/airflow/example_dags/example_bash_operator.py
[2021-02-07 22:02:03,733] {scheduler_job.py:627} INFO - Processing file /home/airflow/.local/lib/python3.8/site-packages/airflow/example_dags/example_bash_operator.py for tasks to queue
[2021-02-07 22:02:03,738] {logging_mixin.py:104} INFO - [2021-02-07 22:02:03,738] {dagbag.py:449} INFO - Filling up the DagBag from /home/airflow/.local/lib/python3.8/site-packages/airflow/example_dags/example_bash_operator.py
[2021-02-07 22:02:03,773] {scheduler_job.py:637} INFO - DAG(s) dict_keys(['example_bash_operator']) retrieved from /home/airflow/.local/lib/python3.8/site-packages/airflow/example_dags/example_bash_operator.py
[2021-02-07 22:02:03,859] {logging_mixin.py:104} INFO - [2021-02-07 22:02:03,859] {dag.py:1818} INFO - Sync 1 DAGs
[2021-02-07 22:02:04,047] {logging_mixin.py:104} INFO - [2021-02-07 22:02:04,046] {dag.py:2273} INFO - Setting next_dagrun for example_bash_operator to 2021-02-05 00:00:00+00:00
[2021-02-07 22:02:04,216] {scheduler_job.py:189} INFO - Processing /home/airflow/.local/lib/python3.8/site-packages/airflow/example_dags/example_bash_operator.py took 0.498 seconds
[2021-02-07 22:02:34,332] {scheduler_job.py:181} INFO - Started process (PID=1302) to work on /home/airflow/.local/lib/python3.8/site-packages/airflow/example_dags/example_bash_operator.py
[2021-02-07 22:02:34,337] {scheduler_job.py:627} INFO - Processing file /home/airflow/.local/lib/python3.8/site-packages/airflow/example_dags/example_bash_operator.py for tasks to queue
[2021-02-07 22:02:34,341] {logging_mixin.py:104} INFO - [2021-02-07 22:02:34,341] {dagbag.py:449} INFO - Filling up the DagBag from /home/airflow/.local/lib/python3.8/site-packages/airflow/example_dags/example_bash_operator.py
[2021-02-07 22:02:34,361] {scheduler_job.py:637} INFO - DAG(s) dict_keys(['example_bash_operator']) retrieved from /home/airflow/.local/lib/python3.8/site-packages/airflow/example_dags/example_bash_operator.py
[2021-02-07 22:02:34,409] {logging_mixin.py:104} INFO - [2021-02-07 22:02:34,409] {dag.py:1818} INFO - Sync 1 DAGs
[2021-02-07 22:02:34,444] {logging_mixin.py:104} INFO - [2021-02-07 22:02:34,444] {dag.py:2273} INFO - Setting next_dagrun for example_bash_operator to 2021-02-05 00:00:00+00:00
[2021-02-07 22:02:34,476] {scheduler_job.py:189} INFO - Processing /home/airflow/.local/lib/python3.8/site-packages/airflow/example_dags/example_bash_operator.py took 0.149 seconds
[2021-02-07 22:03:04,578] {scheduler_job.py:181} INFO - Started process (PID=1328) to work on /home/airflow/.local/lib/python3.8/site-packages/airflow/example_dags/example_bash_operator.py
[2021-02-07 22:03:04,580] {scheduler_job.py:627} INFO - Processing file /home/airflow/.local/lib/python3.8/site-packages/airflow/example_dags/example_bash_operator.py for tasks to queue
[2021-02-07 22:03:04,582] {logging_mixin.py:104} INFO - [2021-02-07 22:03:04,582] {dagbag.py:449} INFO - Filling up the DagBag from /home/airflow/.local/lib/python3.8/site-packages/airflow/example_dags/example_bash_operator.py
[2021-02-07 22:03:04,599] {scheduler_job.py:637} INFO - DAG(s) dict_keys(['example_bash_operator']) retrieved from /home/airflow/.local/lib/python3.8/site-packages/airflow/example_dags/example_bash_operator.py
[2021-02-07 22:03:04,639] {logging_mixin.py:104} INFO - [2021-02-07 22:03:04,639] {dag.py:1818} INFO - Sync 1 DAGs
[2021-02-07 22:03:04,665] {logging_mixin.py:104} INFO - [2021-02-07 22:03:04,665] {dag.py:2273} INFO - Setting next_dagrun for example_bash_operator to 2021-02-05 00:00:00+00:00
[2021-02-07 22:03:04,682] {scheduler_job.py:189} INFO - Processing /home/airflow/.local/lib/python3.8/site-packages/airflow/example_dags/example_bash_operator.py took 0.110 seconds
[2021-02-07 22:03:35,075] {scheduler_job.py:181} INFO - Started process (PID=1354) to work on /home/airflow/.local/lib/python3.8/site-packages/airflow/example_dags/example_bash_operator.py
[2021-02-07 22:03:35,078] {scheduler_job.py:627} INFO - Processing file /home/airflow/.local/lib/python3.8/site-packages/airflow/example_dags/example_bash_operator.py for tasks to queue
[2021-02-07 22:03:35,081] {logging_mixin.py:104} INFO - [2021-02-07 22:03:35,081] {dagbag.py:449} INFO - Filling up the DagBag from /home/airflow/.local/lib/python3.8/site-packages/airflow/example_dags/example_bash_operator.py
[2021-02-07 22:03:35,122] {scheduler_job.py:637} INFO - DAG(s) dict_keys(['example_bash_operator']) retrieved from /home/airflow/.local/lib/python3.8/site-packages/airflow/example_dags/example_bash_operator.py
[2021-02-07 22:03:35,183] {logging_mixin.py:104} INFO - [2021-02-07 22:03:35,183] {dag.py:1818} INFO - Sync 1 DAGs
[2021-02-07 22:03:35,238] {logging_mixin.py:104} INFO - [2021-02-07 22:03:35,237] {dag.py:2273} INFO - Setting next_dagrun for example_bash_operator to 2021-02-05 00:00:00+00:00
[2021-02-07 22:03:35,268] {scheduler_job.py:189} INFO - Processing /home/airflow/.local/lib/python3.8/site-packages/airflow/example_dags/example_bash_operator.py took 0.205 seconds
[2021-02-07 22:04:06,427] {scheduler_job.py:181} INFO - Started process (PID=1380) to work on /home/airflow/.local/lib/python3.8/site-packages/airflow/example_dags/example_bash_operator.py
[2021-02-07 22:04:06,434] {scheduler_job.py:627} INFO - Processing file /home/airflow/.local/lib/python3.8/site-packages/airflow/example_dags/example_bash_operator.py for tasks to queue
[2021-02-07 22:04:06,443] {logging_mixin.py:104} INFO - [2021-02-07 22:04:06,443] {dagbag.py:449} INFO - Filling up the DagBag from /home/airflow/.local/lib/python3.8/site-packages/airflow/example_dags/example_bash_operator.py
[2021-02-07 22:04:06,527] {scheduler_job.py:637} INFO - DAG(s) dict_keys(['example_bash_operator']) retrieved from /home/airflow/.local/lib/python3.8/site-packages/airflow/example_dags/example_bash_operator.py
[2021-02-07 22:04:06,630] {logging_mixin.py:104} INFO - [2021-02-07 22:04:06,629] {dag.py:1818} INFO - Sync 1 DAGs
[2021-02-07 22:04:06,716] {logging_mixin.py:104} INFO - [2021-02-07 22:04:06,716] {dag.py:2273} INFO - Setting next_dagrun for example_bash_operator to 2021-02-05 00:00:00+00:00
[2021-02-07 22:04:06,754] {scheduler_job.py:189} INFO - Processing /home/airflow/.local/lib/python3.8/site-packages/airflow/example_dags/example_bash_operator.py took 0.355 seconds
[2021-02-07 22:04:37,766] {scheduler_job.py:181} INFO - Started process (PID=1408) to work on /home/airflow/.local/lib/python3.8/site-packages/airflow/example_dags/example_bash_operator.py
[2021-02-07 22:04:37,772] {scheduler_job.py:627} INFO - Processing file /home/airflow/.local/lib/python3.8/site-packages/airflow/example_dags/example_bash_operator.py for tasks to queue
[2021-02-07 22:04:37,774] {logging_mixin.py:104} INFO - [2021-02-07 22:04:37,774] {dagbag.py:449} INFO - Filling up the DagBag from /home/airflow/.local/lib/python3.8/site-packages/airflow/example_dags/example_bash_operator.py
[2021-02-07 22:04:37,790] {scheduler_job.py:637} INFO - DAG(s) dict_keys(['example_bash_operator']) retrieved from /home/airflow/.local/lib/python3.8/site-packages/airflow/example_dags/example_bash_operator.py
[2021-02-07 22:04:37,823] {logging_mixin.py:104} INFO - [2021-02-07 22:04:37,823] {dag.py:1818} INFO - Sync 1 DAGs
[2021-02-07 22:04:37,850] {logging_mixin.py:104} INFO - [2021-02-07 22:04:37,850] {dag.py:2273} INFO - Setting next_dagrun for example_bash_operator to 2021-02-05 00:00:00+00:00
[2021-02-07 22:04:37,865] {scheduler_job.py:189} INFO - Processing /home/airflow/.local/lib/python3.8/site-packages/airflow/example_dags/example_bash_operator.py took 0.103 seconds
[2021-02-07 22:05:08,094] {scheduler_job.py:181} INFO - Started process (PID=1434) to work on /home/airflow/.local/lib/python3.8/site-packages/airflow/example_dags/example_bash_operator.py
[2021-02-07 22:05:08,097] {scheduler_job.py:627} INFO - Processing file /home/airflow/.local/lib/python3.8/site-packages/airflow/example_dags/example_bash_operator.py for tasks to queue
[2021-02-07 22:05:08,100] {logging_mixin.py:104} INFO - [2021-02-07 22:05:08,099] {dagbag.py:449} INFO - Filling up the DagBag from /home/airflow/.local/lib/python3.8/site-packages/airflow/example_dags/example_bash_operator.py
[2021-02-07 22:05:08,130] {scheduler_job.py:637} INFO - DAG(s) dict_keys(['example_bash_operator']) retrieved from /home/airflow/.local/lib/python3.8/site-packages/airflow/example_dags/example_bash_operator.py
[2021-02-07 22:05:08,172] {logging_mixin.py:104} INFO - [2021-02-07 22:05:08,171] {dag.py:1818} INFO - Sync 1 DAGs
[2021-02-07 22:05:08,205] {logging_mixin.py:104} INFO - [2021-02-07 22:05:08,205] {dag.py:2273} INFO - Setting next_dagrun for example_bash_operator to 2021-02-05 00:00:00+00:00
[2021-02-07 22:05:08,228] {scheduler_job.py:189} INFO - Processing /home/airflow/.local/lib/python3.8/site-packages/airflow/example_dags/example_bash_operator.py took 0.143 seconds
[2021-02-07 22:05:38,522] {scheduler_job.py:181} INFO - Started process (PID=1460) to work on /home/airflow/.local/lib/python3.8/site-packages/airflow/example_dags/example_bash_operator.py
[2021-02-07 22:05:38,524] {scheduler_job.py:627} INFO - Processing file /home/airflow/.local/lib/python3.8/site-packages/airflow/example_dags/example_bash_operator.py for tasks to queue
[2021-02-07 22:05:38,528] {logging_mixin.py:104} INFO - [2021-02-07 22:05:38,527] {dagbag.py:449} INFO - Filling up the DagBag from /home/airflow/.local/lib/python3.8/site-packages/airflow/example_dags/example_bash_operator.py
[2021-02-07 22:05:38,554] {scheduler_job.py:637} INFO - DAG(s) dict_keys(['example_bash_operator']) retrieved from /home/airflow/.local/lib/python3.8/site-packages/airflow/example_dags/example_bash_operator.py
[2021-02-07 22:05:38,613] {logging_mixin.py:104} INFO - [2021-02-07 22:05:38,612] {dag.py:1818} INFO - Sync 1 DAGs
[2021-02-07 22:05:38,658] {logging_mixin.py:104} INFO - [2021-02-07 22:05:38,657] {dag.py:2273} INFO - Setting next_dagrun for example_bash_operator to 2021-02-05 00:00:00+00:00
[2021-02-07 22:05:38,681] {scheduler_job.py:189} INFO - Processing /home/airflow/.local/lib/python3.8/site-packages/airflow/example_dags/example_bash_operator.py took 0.163 seconds
[2021-02-07 22:23:50,679] {scheduler_job.py:181} INFO - Started process (PID=1484) to work on /home/airflow/.local/lib/python3.8/site-packages/airflow/example_dags/example_bash_operator.py
[2021-02-07 22:23:50,696] {scheduler_job.py:627} INFO - Processing file /home/airflow/.local/lib/python3.8/site-packages/airflow/example_dags/example_bash_operator.py for tasks to queue
[2021-02-07 22:23:50,700] {logging_mixin.py:104} INFO - [2021-02-07 22:23:50,700] {dagbag.py:449} INFO - Filling up the DagBag from /home/airflow/.local/lib/python3.8/site-packages/airflow/example_dags/example_bash_operator.py
[2021-02-07 22:23:50,749] {scheduler_job.py:637} INFO - DAG(s) dict_keys(['example_bash_operator']) retrieved from /home/airflow/.local/lib/python3.8/site-packages/airflow/example_dags/example_bash_operator.py
[2021-02-07 22:23:50,835] {logging_mixin.py:104} INFO - [2021-02-07 22:23:50,835] {dag.py:1818} INFO - Sync 1 DAGs
[2021-02-07 22:23:50,900] {logging_mixin.py:104} INFO - [2021-02-07 22:23:50,900] {dag.py:2273} INFO - Setting next_dagrun for example_bash_operator to 2021-02-05 00:00:00+00:00
[2021-02-07 22:23:50,920] {scheduler_job.py:189} INFO - Processing /home/airflow/.local/lib/python3.8/site-packages/airflow/example_dags/example_bash_operator.py took 0.260 seconds
[2021-02-07 22:24:23,227] {scheduler_job.py:181} INFO - Started process (PID=1509) to work on /home/airflow/.local/lib/python3.8/site-packages/airflow/example_dags/example_bash_operator.py
[2021-02-07 22:24:23,254] {scheduler_job.py:627} INFO - Processing file /home/airflow/.local/lib/python3.8/site-packages/airflow/example_dags/example_bash_operator.py for tasks to queue
[2021-02-07 22:24:23,262] {logging_mixin.py:104} INFO - [2021-02-07 22:24:23,260] {dagbag.py:449} INFO - Filling up the DagBag from /home/airflow/.local/lib/python3.8/site-packages/airflow/example_dags/example_bash_operator.py
[2021-02-07 22:24:23,323] {scheduler_job.py:637} INFO - DAG(s) dict_keys(['example_bash_operator']) retrieved from /home/airflow/.local/lib/python3.8/site-packages/airflow/example_dags/example_bash_operator.py
[2021-02-07 22:24:23,391] {logging_mixin.py:104} INFO - [2021-02-07 22:24:23,390] {dag.py:1818} INFO - Sync 1 DAGs
[2021-02-07 22:24:23,508] {logging_mixin.py:104} INFO - [2021-02-07 22:24:23,508] {dag.py:2273} INFO - Setting next_dagrun for example_bash_operator to 2021-02-05 00:00:00+00:00
[2021-02-07 22:24:23,557] {scheduler_job.py:189} INFO - Processing /home/airflow/.local/lib/python3.8/site-packages/airflow/example_dags/example_bash_operator.py took 0.388 seconds
[2021-02-07 22:24:54,000] {scheduler_job.py:181} INFO - Started process (PID=1535) to work on /home/airflow/.local/lib/python3.8/site-packages/airflow/example_dags/example_bash_operator.py
[2021-02-07 22:24:54,005] {scheduler_job.py:627} INFO - Processing file /home/airflow/.local/lib/python3.8/site-packages/airflow/example_dags/example_bash_operator.py for tasks to queue
[2021-02-07 22:24:54,009] {logging_mixin.py:104} INFO - [2021-02-07 22:24:54,008] {dagbag.py:449} INFO - Filling up the DagBag from /home/airflow/.local/lib/python3.8/site-packages/airflow/example_dags/example_bash_operator.py
[2021-02-07 22:24:54,037] {scheduler_job.py:637} INFO - DAG(s) dict_keys(['example_bash_operator']) retrieved from /home/airflow/.local/lib/python3.8/site-packages/airflow/example_dags/example_bash_operator.py
[2021-02-07 22:24:54,101] {logging_mixin.py:104} INFO - [2021-02-07 22:24:54,101] {dag.py:1818} INFO - Sync 1 DAGs
[2021-02-07 22:24:54,161] {logging_mixin.py:104} INFO - [2021-02-07 22:24:54,160] {dag.py:2273} INFO - Setting next_dagrun for example_bash_operator to 2021-02-05 00:00:00+00:00
[2021-02-07 22:24:54,198] {scheduler_job.py:189} INFO - Processing /home/airflow/.local/lib/python3.8/site-packages/airflow/example_dags/example_bash_operator.py took 0.205 seconds
[2021-02-07 22:25:24,360] {scheduler_job.py:181} INFO - Started process (PID=1561) to work on /home/airflow/.local/lib/python3.8/site-packages/airflow/example_dags/example_bash_operator.py
[2021-02-07 22:25:24,365] {scheduler_job.py:627} INFO - Processing file /home/airflow/.local/lib/python3.8/site-packages/airflow/example_dags/example_bash_operator.py for tasks to queue
[2021-02-07 22:25:24,367] {logging_mixin.py:104} INFO - [2021-02-07 22:25:24,367] {dagbag.py:449} INFO - Filling up the DagBag from /home/airflow/.local/lib/python3.8/site-packages/airflow/example_dags/example_bash_operator.py
[2021-02-07 22:25:24,396] {scheduler_job.py:637} INFO - DAG(s) dict_keys(['example_bash_operator']) retrieved from /home/airflow/.local/lib/python3.8/site-packages/airflow/example_dags/example_bash_operator.py
[2021-02-07 22:25:24,443] {logging_mixin.py:104} INFO - [2021-02-07 22:25:24,443] {dag.py:1818} INFO - Sync 1 DAGs
[2021-02-07 22:25:24,480] {logging_mixin.py:104} INFO - [2021-02-07 22:25:24,480] {dag.py:2273} INFO - Setting next_dagrun for example_bash_operator to 2021-02-05 00:00:00+00:00
[2021-02-07 22:25:24,499] {scheduler_job.py:189} INFO - Processing /home/airflow/.local/lib/python3.8/site-packages/airflow/example_dags/example_bash_operator.py took 0.149 seconds
[2021-02-07 22:25:54,944] {scheduler_job.py:181} INFO - Started process (PID=1588) to work on /home/airflow/.local/lib/python3.8/site-packages/airflow/example_dags/example_bash_operator.py
[2021-02-07 22:25:54,946] {scheduler_job.py:627} INFO - Processing file /home/airflow/.local/lib/python3.8/site-packages/airflow/example_dags/example_bash_operator.py for tasks to queue
[2021-02-07 22:25:54,948] {logging_mixin.py:104} INFO - [2021-02-07 22:25:54,948] {dagbag.py:449} INFO - Filling up the DagBag from /home/airflow/.local/lib/python3.8/site-packages/airflow/example_dags/example_bash_operator.py
[2021-02-07 22:25:54,963] {scheduler_job.py:637} INFO - DAG(s) dict_keys(['example_bash_operator']) retrieved from /home/airflow/.local/lib/python3.8/site-packages/airflow/example_dags/example_bash_operator.py
[2021-02-07 22:25:54,991] {logging_mixin.py:104} INFO - [2021-02-07 22:25:54,991] {dag.py:1818} INFO - Sync 1 DAGs
[2021-02-07 22:25:55,011] {logging_mixin.py:104} INFO - [2021-02-07 22:25:55,011] {dag.py:2273} INFO - Setting next_dagrun for example_bash_operator to 2021-02-05 00:00:00+00:00
[2021-02-07 22:25:55,022] {scheduler_job.py:189} INFO - Processing /home/airflow/.local/lib/python3.8/site-packages/airflow/example_dags/example_bash_operator.py took 0.083 seconds
[2021-02-07 23:26:19,076] {scheduler_job.py:181} INFO - Started process (PID=1614) to work on /home/airflow/.local/lib/python3.8/site-packages/airflow/example_dags/example_bash_operator.py
[2021-02-07 23:26:19,080] {scheduler_job.py:627} INFO - Processing file /home/airflow/.local/lib/python3.8/site-packages/airflow/example_dags/example_bash_operator.py for tasks to queue
[2021-02-07 23:26:19,084] {logging_mixin.py:104} INFO - [2021-02-07 23:26:19,082] {dagbag.py:449} INFO - Filling up the DagBag from /home/airflow/.local/lib/python3.8/site-packages/airflow/example_dags/example_bash_operator.py
[2021-02-07 23:26:19,103] {scheduler_job.py:637} INFO - DAG(s) dict_keys(['example_bash_operator']) retrieved from /home/airflow/.local/lib/python3.8/site-packages/airflow/example_dags/example_bash_operator.py
[2021-02-07 23:26:19,158] {logging_mixin.py:104} INFO - [2021-02-07 23:26:19,158] {dag.py:1818} INFO - Sync 1 DAGs
[2021-02-07 23:26:19,204] {logging_mixin.py:104} INFO - [2021-02-07 23:26:19,204] {dag.py:2273} INFO - Setting next_dagrun for example_bash_operator to 2021-02-05 00:00:00+00:00
[2021-02-07 23:26:19,217] {scheduler_job.py:189} INFO - Processing /home/airflow/.local/lib/python3.8/site-packages/airflow/example_dags/example_bash_operator.py took 0.149 seconds
