[2021-02-07 14:47:38,322] {scheduler_job.py:181} INFO - Started process (PID=29) to work on /home/airflow/.local/lib/python3.8/site-packages/airflow/example_dags/example_complex.py
[2021-02-07 14:47:38,325] {scheduler_job.py:627} INFO - Processing file /home/airflow/.local/lib/python3.8/site-packages/airflow/example_dags/example_complex.py for tasks to queue
[2021-02-07 14:47:38,327] {logging_mixin.py:104} INFO - [2021-02-07 14:47:38,327] {dagbag.py:449} INFO - Filling up the DagBag from /home/airflow/.local/lib/python3.8/site-packages/airflow/example_dags/example_complex.py
[2021-02-07 14:47:38,356] {scheduler_job.py:637} INFO - DAG(s) dict_keys(['example_complex']) retrieved from /home/airflow/.local/lib/python3.8/site-packages/airflow/example_dags/example_complex.py
[2021-02-07 14:47:38,394] {logging_mixin.py:104} INFO - [2021-02-07 14:47:38,394] {dag.py:1818} INFO - Sync 1 DAGs
[2021-02-07 14:47:38,405] {logging_mixin.py:104} INFO - [2021-02-07 14:47:38,405] {dag.py:1837} INFO - Creating ORM DAG for example_complex
[2021-02-07 14:47:38,414] {logging_mixin.py:104} INFO - [2021-02-07 14:47:38,414] {dag.py:2273} INFO - Setting next_dagrun for example_complex to None
[2021-02-07 14:47:38,443] {scheduler_job.py:189} INFO - Processing /home/airflow/.local/lib/python3.8/site-packages/airflow/example_dags/example_complex.py took 0.127 seconds
[2021-02-07 14:48:10,906] {scheduler_job.py:181} INFO - Started process (PID=60) to work on /home/airflow/.local/lib/python3.8/site-packages/airflow/example_dags/example_complex.py
[2021-02-07 14:48:10,910] {scheduler_job.py:627} INFO - Processing file /home/airflow/.local/lib/python3.8/site-packages/airflow/example_dags/example_complex.py for tasks to queue
[2021-02-07 14:48:10,913] {logging_mixin.py:104} INFO - [2021-02-07 14:48:10,913] {dagbag.py:449} INFO - Filling up the DagBag from /home/airflow/.local/lib/python3.8/site-packages/airflow/example_dags/example_complex.py
[2021-02-07 14:48:11,002] {scheduler_job.py:637} INFO - DAG(s) dict_keys(['example_complex']) retrieved from /home/airflow/.local/lib/python3.8/site-packages/airflow/example_dags/example_complex.py
[2021-02-07 14:48:11,107] {logging_mixin.py:104} INFO - [2021-02-07 14:48:11,107] {dag.py:1818} INFO - Sync 1 DAGs
[2021-02-07 14:48:11,294] {logging_mixin.py:104} INFO - [2021-02-07 14:48:11,293] {dag.py:2273} INFO - Setting next_dagrun for example_complex to None
[2021-02-07 14:48:11,426] {scheduler_job.py:189} INFO - Processing /home/airflow/.local/lib/python3.8/site-packages/airflow/example_dags/example_complex.py took 0.525 seconds
[2021-02-07 15:04:19,954] {scheduler_job.py:181} INFO - Started process (PID=46) to work on /home/airflow/.local/lib/python3.8/site-packages/airflow/example_dags/example_complex.py
[2021-02-07 15:04:19,958] {scheduler_job.py:627} INFO - Processing file /home/airflow/.local/lib/python3.8/site-packages/airflow/example_dags/example_complex.py for tasks to queue
[2021-02-07 15:04:19,960] {logging_mixin.py:104} INFO - [2021-02-07 15:04:19,960] {dagbag.py:449} INFO - Filling up the DagBag from /home/airflow/.local/lib/python3.8/site-packages/airflow/example_dags/example_complex.py
[2021-02-07 15:04:19,992] {scheduler_job.py:637} INFO - DAG(s) dict_keys(['example_complex']) retrieved from /home/airflow/.local/lib/python3.8/site-packages/airflow/example_dags/example_complex.py
[2021-02-07 15:04:20,070] {logging_mixin.py:104} INFO - [2021-02-07 15:04:20,070] {dag.py:1818} INFO - Sync 1 DAGs
[2021-02-07 15:04:20,097] {logging_mixin.py:104} INFO - [2021-02-07 15:04:20,096] {dag.py:2273} INFO - Setting next_dagrun for example_complex to None
[2021-02-07 15:04:20,137] {scheduler_job.py:189} INFO - Processing /home/airflow/.local/lib/python3.8/site-packages/airflow/example_dags/example_complex.py took 0.188 seconds
[2021-02-07 15:05:15,844] {scheduler_job.py:181} INFO - Started process (PID=72) to work on /home/airflow/.local/lib/python3.8/site-packages/airflow/example_dags/example_complex.py
[2021-02-07 15:05:15,887] {scheduler_job.py:627} INFO - Processing file /home/airflow/.local/lib/python3.8/site-packages/airflow/example_dags/example_complex.py for tasks to queue
[2021-02-07 15:05:15,907] {logging_mixin.py:104} INFO - [2021-02-07 15:05:15,906] {dagbag.py:449} INFO - Filling up the DagBag from /home/airflow/.local/lib/python3.8/site-packages/airflow/example_dags/example_complex.py
[2021-02-07 15:05:16,260] {scheduler_job.py:637} INFO - DAG(s) dict_keys(['example_complex']) retrieved from /home/airflow/.local/lib/python3.8/site-packages/airflow/example_dags/example_complex.py
[2021-02-07 15:05:16,905] {logging_mixin.py:104} INFO - [2021-02-07 15:05:16,904] {dag.py:1818} INFO - Sync 1 DAGs
[2021-02-07 15:05:17,314] {logging_mixin.py:104} INFO - [2021-02-07 15:05:17,313] {dag.py:2273} INFO - Setting next_dagrun for example_complex to None
[2021-02-07 15:05:18,038] {scheduler_job.py:189} INFO - Processing /home/airflow/.local/lib/python3.8/site-packages/airflow/example_dags/example_complex.py took 2.261 seconds
[2021-02-07 15:05:48,805] {scheduler_job.py:181} INFO - Started process (PID=98) to work on /home/airflow/.local/lib/python3.8/site-packages/airflow/example_dags/example_complex.py
[2021-02-07 15:05:48,819] {scheduler_job.py:627} INFO - Processing file /home/airflow/.local/lib/python3.8/site-packages/airflow/example_dags/example_complex.py for tasks to queue
[2021-02-07 15:05:48,842] {logging_mixin.py:104} INFO - [2021-02-07 15:05:48,838] {dagbag.py:449} INFO - Filling up the DagBag from /home/airflow/.local/lib/python3.8/site-packages/airflow/example_dags/example_complex.py
[2021-02-07 15:05:49,045] {scheduler_job.py:637} INFO - DAG(s) dict_keys(['example_complex']) retrieved from /home/airflow/.local/lib/python3.8/site-packages/airflow/example_dags/example_complex.py
[2021-02-07 15:05:49,396] {logging_mixin.py:104} INFO - [2021-02-07 15:05:49,396] {dag.py:1818} INFO - Sync 1 DAGs
[2021-02-07 15:05:49,618] {logging_mixin.py:104} INFO - [2021-02-07 15:05:49,616] {dag.py:2273} INFO - Setting next_dagrun for example_complex to None
[2021-02-07 15:05:49,850] {scheduler_job.py:189} INFO - Processing /home/airflow/.local/lib/python3.8/site-packages/airflow/example_dags/example_complex.py took 1.109 seconds
[2021-02-07 15:06:20,573] {scheduler_job.py:181} INFO - Started process (PID=124) to work on /home/airflow/.local/lib/python3.8/site-packages/airflow/example_dags/example_complex.py
[2021-02-07 15:06:20,576] {scheduler_job.py:627} INFO - Processing file /home/airflow/.local/lib/python3.8/site-packages/airflow/example_dags/example_complex.py for tasks to queue
[2021-02-07 15:06:20,578] {logging_mixin.py:104} INFO - [2021-02-07 15:06:20,578] {dagbag.py:449} INFO - Filling up the DagBag from /home/airflow/.local/lib/python3.8/site-packages/airflow/example_dags/example_complex.py
[2021-02-07 15:06:20,603] {scheduler_job.py:637} INFO - DAG(s) dict_keys(['example_complex']) retrieved from /home/airflow/.local/lib/python3.8/site-packages/airflow/example_dags/example_complex.py
[2021-02-07 15:06:20,638] {logging_mixin.py:104} INFO - [2021-02-07 15:06:20,638] {dag.py:1818} INFO - Sync 1 DAGs
[2021-02-07 15:06:20,656] {logging_mixin.py:104} INFO - [2021-02-07 15:06:20,656] {dag.py:2273} INFO - Setting next_dagrun for example_complex to None
[2021-02-07 15:06:20,670] {scheduler_job.py:189} INFO - Processing /home/airflow/.local/lib/python3.8/site-packages/airflow/example_dags/example_complex.py took 0.102 seconds
[2021-02-07 15:06:51,119] {scheduler_job.py:181} INFO - Started process (PID=150) to work on /home/airflow/.local/lib/python3.8/site-packages/airflow/example_dags/example_complex.py
[2021-02-07 15:06:51,121] {scheduler_job.py:627} INFO - Processing file /home/airflow/.local/lib/python3.8/site-packages/airflow/example_dags/example_complex.py for tasks to queue
[2021-02-07 15:06:51,124] {logging_mixin.py:104} INFO - [2021-02-07 15:06:51,123] {dagbag.py:449} INFO - Filling up the DagBag from /home/airflow/.local/lib/python3.8/site-packages/airflow/example_dags/example_complex.py
[2021-02-07 15:06:51,142] {scheduler_job.py:637} INFO - DAG(s) dict_keys(['example_complex']) retrieved from /home/airflow/.local/lib/python3.8/site-packages/airflow/example_dags/example_complex.py
[2021-02-07 15:06:51,171] {logging_mixin.py:104} INFO - [2021-02-07 15:06:51,170] {dag.py:1818} INFO - Sync 1 DAGs
[2021-02-07 15:06:51,184] {logging_mixin.py:104} INFO - [2021-02-07 15:06:51,184] {dag.py:2273} INFO - Setting next_dagrun for example_complex to None
[2021-02-07 15:06:51,200] {scheduler_job.py:189} INFO - Processing /home/airflow/.local/lib/python3.8/site-packages/airflow/example_dags/example_complex.py took 0.085 seconds
[2021-02-07 15:07:21,442] {scheduler_job.py:181} INFO - Started process (PID=176) to work on /home/airflow/.local/lib/python3.8/site-packages/airflow/example_dags/example_complex.py
[2021-02-07 15:07:21,444] {scheduler_job.py:627} INFO - Processing file /home/airflow/.local/lib/python3.8/site-packages/airflow/example_dags/example_complex.py for tasks to queue
[2021-02-07 15:07:21,445] {logging_mixin.py:104} INFO - [2021-02-07 15:07:21,445] {dagbag.py:449} INFO - Filling up the DagBag from /home/airflow/.local/lib/python3.8/site-packages/airflow/example_dags/example_complex.py
[2021-02-07 15:07:21,464] {scheduler_job.py:637} INFO - DAG(s) dict_keys(['example_complex']) retrieved from /home/airflow/.local/lib/python3.8/site-packages/airflow/example_dags/example_complex.py
[2021-02-07 15:07:21,492] {logging_mixin.py:104} INFO - [2021-02-07 15:07:21,492] {dag.py:1818} INFO - Sync 1 DAGs
[2021-02-07 15:07:21,505] {logging_mixin.py:104} INFO - [2021-02-07 15:07:21,505] {dag.py:2273} INFO - Setting next_dagrun for example_complex to None
[2021-02-07 15:07:21,523] {scheduler_job.py:189} INFO - Processing /home/airflow/.local/lib/python3.8/site-packages/airflow/example_dags/example_complex.py took 0.085 seconds
[2021-02-07 15:07:51,586] {scheduler_job.py:181} INFO - Started process (PID=202) to work on /home/airflow/.local/lib/python3.8/site-packages/airflow/example_dags/example_complex.py
[2021-02-07 15:07:51,588] {scheduler_job.py:627} INFO - Processing file /home/airflow/.local/lib/python3.8/site-packages/airflow/example_dags/example_complex.py for tasks to queue
[2021-02-07 15:07:51,590] {logging_mixin.py:104} INFO - [2021-02-07 15:07:51,590] {dagbag.py:449} INFO - Filling up the DagBag from /home/airflow/.local/lib/python3.8/site-packages/airflow/example_dags/example_complex.py
[2021-02-07 15:07:51,608] {scheduler_job.py:637} INFO - DAG(s) dict_keys(['example_complex']) retrieved from /home/airflow/.local/lib/python3.8/site-packages/airflow/example_dags/example_complex.py
[2021-02-07 15:07:51,636] {logging_mixin.py:104} INFO - [2021-02-07 15:07:51,636] {dag.py:1818} INFO - Sync 1 DAGs
[2021-02-07 15:07:51,649] {logging_mixin.py:104} INFO - [2021-02-07 15:07:51,649] {dag.py:2273} INFO - Setting next_dagrun for example_complex to None
[2021-02-07 15:07:51,666] {scheduler_job.py:189} INFO - Processing /home/airflow/.local/lib/python3.8/site-packages/airflow/example_dags/example_complex.py took 0.083 seconds
[2021-02-07 15:08:21,937] {scheduler_job.py:181} INFO - Started process (PID=228) to work on /home/airflow/.local/lib/python3.8/site-packages/airflow/example_dags/example_complex.py
[2021-02-07 15:08:21,939] {scheduler_job.py:627} INFO - Processing file /home/airflow/.local/lib/python3.8/site-packages/airflow/example_dags/example_complex.py for tasks to queue
[2021-02-07 15:08:21,941] {logging_mixin.py:104} INFO - [2021-02-07 15:08:21,941] {dagbag.py:449} INFO - Filling up the DagBag from /home/airflow/.local/lib/python3.8/site-packages/airflow/example_dags/example_complex.py
[2021-02-07 15:08:21,960] {scheduler_job.py:637} INFO - DAG(s) dict_keys(['example_complex']) retrieved from /home/airflow/.local/lib/python3.8/site-packages/airflow/example_dags/example_complex.py
[2021-02-07 15:08:21,987] {logging_mixin.py:104} INFO - [2021-02-07 15:08:21,987] {dag.py:1818} INFO - Sync 1 DAGs
[2021-02-07 15:08:22,000] {logging_mixin.py:104} INFO - [2021-02-07 15:08:22,000] {dag.py:2273} INFO - Setting next_dagrun for example_complex to None
[2021-02-07 15:08:22,016] {scheduler_job.py:189} INFO - Processing /home/airflow/.local/lib/python3.8/site-packages/airflow/example_dags/example_complex.py took 0.083 seconds
[2021-02-07 15:08:52,143] {scheduler_job.py:181} INFO - Started process (PID=254) to work on /home/airflow/.local/lib/python3.8/site-packages/airflow/example_dags/example_complex.py
[2021-02-07 15:08:52,145] {scheduler_job.py:627} INFO - Processing file /home/airflow/.local/lib/python3.8/site-packages/airflow/example_dags/example_complex.py for tasks to queue
[2021-02-07 15:08:52,146] {logging_mixin.py:104} INFO - [2021-02-07 15:08:52,146] {dagbag.py:449} INFO - Filling up the DagBag from /home/airflow/.local/lib/python3.8/site-packages/airflow/example_dags/example_complex.py
[2021-02-07 15:08:52,165] {scheduler_job.py:637} INFO - DAG(s) dict_keys(['example_complex']) retrieved from /home/airflow/.local/lib/python3.8/site-packages/airflow/example_dags/example_complex.py
[2021-02-07 15:08:52,192] {logging_mixin.py:104} INFO - [2021-02-07 15:08:52,192] {dag.py:1818} INFO - Sync 1 DAGs
[2021-02-07 15:08:52,206] {logging_mixin.py:104} INFO - [2021-02-07 15:08:52,206] {dag.py:2273} INFO - Setting next_dagrun for example_complex to None
[2021-02-07 15:08:52,224] {scheduler_job.py:189} INFO - Processing /home/airflow/.local/lib/python3.8/site-packages/airflow/example_dags/example_complex.py took 0.085 seconds
[2021-02-07 15:09:22,629] {scheduler_job.py:181} INFO - Started process (PID=280) to work on /home/airflow/.local/lib/python3.8/site-packages/airflow/example_dags/example_complex.py
[2021-02-07 15:09:22,631] {scheduler_job.py:627} INFO - Processing file /home/airflow/.local/lib/python3.8/site-packages/airflow/example_dags/example_complex.py for tasks to queue
[2021-02-07 15:09:22,632] {logging_mixin.py:104} INFO - [2021-02-07 15:09:22,632] {dagbag.py:449} INFO - Filling up the DagBag from /home/airflow/.local/lib/python3.8/site-packages/airflow/example_dags/example_complex.py
[2021-02-07 15:09:22,650] {scheduler_job.py:637} INFO - DAG(s) dict_keys(['example_complex']) retrieved from /home/airflow/.local/lib/python3.8/site-packages/airflow/example_dags/example_complex.py
[2021-02-07 15:09:22,680] {logging_mixin.py:104} INFO - [2021-02-07 15:09:22,679] {dag.py:1818} INFO - Sync 1 DAGs
[2021-02-07 15:09:22,692] {logging_mixin.py:104} INFO - [2021-02-07 15:09:22,692] {dag.py:2273} INFO - Setting next_dagrun for example_complex to None
[2021-02-07 15:09:22,705] {scheduler_job.py:189} INFO - Processing /home/airflow/.local/lib/python3.8/site-packages/airflow/example_dags/example_complex.py took 0.080 seconds
[2021-02-07 15:09:53,075] {scheduler_job.py:181} INFO - Started process (PID=306) to work on /home/airflow/.local/lib/python3.8/site-packages/airflow/example_dags/example_complex.py
[2021-02-07 15:09:53,078] {scheduler_job.py:627} INFO - Processing file /home/airflow/.local/lib/python3.8/site-packages/airflow/example_dags/example_complex.py for tasks to queue
[2021-02-07 15:09:53,079] {logging_mixin.py:104} INFO - [2021-02-07 15:09:53,079] {dagbag.py:449} INFO - Filling up the DagBag from /home/airflow/.local/lib/python3.8/site-packages/airflow/example_dags/example_complex.py
[2021-02-07 15:09:53,095] {scheduler_job.py:637} INFO - DAG(s) dict_keys(['example_complex']) retrieved from /home/airflow/.local/lib/python3.8/site-packages/airflow/example_dags/example_complex.py
[2021-02-07 15:09:53,125] {logging_mixin.py:104} INFO - [2021-02-07 15:09:53,125] {dag.py:1818} INFO - Sync 1 DAGs
[2021-02-07 15:09:53,139] {logging_mixin.py:104} INFO - [2021-02-07 15:09:53,139] {dag.py:2273} INFO - Setting next_dagrun for example_complex to None
[2021-02-07 15:09:53,154] {scheduler_job.py:189} INFO - Processing /home/airflow/.local/lib/python3.8/site-packages/airflow/example_dags/example_complex.py took 0.082 seconds
[2021-02-07 15:11:40,933] {scheduler_job.py:181} INFO - Started process (PID=352) to work on /home/airflow/.local/lib/python3.8/site-packages/airflow/example_dags/example_complex.py
[2021-02-07 15:11:40,935] {scheduler_job.py:627} INFO - Processing file /home/airflow/.local/lib/python3.8/site-packages/airflow/example_dags/example_complex.py for tasks to queue
[2021-02-07 15:11:40,938] {logging_mixin.py:104} INFO - [2021-02-07 15:11:40,937] {dagbag.py:449} INFO - Filling up the DagBag from /home/airflow/.local/lib/python3.8/site-packages/airflow/example_dags/example_complex.py
[2021-02-07 15:11:40,963] {scheduler_job.py:637} INFO - DAG(s) dict_keys(['example_complex']) retrieved from /home/airflow/.local/lib/python3.8/site-packages/airflow/example_dags/example_complex.py
[2021-02-07 15:11:41,006] {logging_mixin.py:104} INFO - [2021-02-07 15:11:41,006] {dag.py:1818} INFO - Sync 1 DAGs
[2021-02-07 15:11:41,026] {logging_mixin.py:104} INFO - [2021-02-07 15:11:41,026] {dag.py:2273} INFO - Setting next_dagrun for example_complex to None
[2021-02-07 15:11:41,042] {scheduler_job.py:189} INFO - Processing /home/airflow/.local/lib/python3.8/site-packages/airflow/example_dags/example_complex.py took 0.113 seconds
[2021-02-07 19:10:21,240] {scheduler_job.py:181} INFO - Started process (PID=378) to work on /home/airflow/.local/lib/python3.8/site-packages/airflow/example_dags/example_complex.py
[2021-02-07 19:10:21,252] {scheduler_job.py:627} INFO - Processing file /home/airflow/.local/lib/python3.8/site-packages/airflow/example_dags/example_complex.py for tasks to queue
[2021-02-07 19:10:21,254] {logging_mixin.py:104} INFO - [2021-02-07 19:10:21,254] {dagbag.py:449} INFO - Filling up the DagBag from /home/airflow/.local/lib/python3.8/site-packages/airflow/example_dags/example_complex.py
[2021-02-07 19:10:21,285] {scheduler_job.py:637} INFO - DAG(s) dict_keys(['example_complex']) retrieved from /home/airflow/.local/lib/python3.8/site-packages/airflow/example_dags/example_complex.py
[2021-02-07 19:10:21,327] {logging_mixin.py:104} INFO - [2021-02-07 19:10:21,327] {dag.py:1818} INFO - Sync 1 DAGs
[2021-02-07 19:10:21,363] {logging_mixin.py:104} INFO - [2021-02-07 19:10:21,363] {dag.py:2273} INFO - Setting next_dagrun for example_complex to None
[2021-02-07 19:10:21,382] {scheduler_job.py:189} INFO - Processing /home/airflow/.local/lib/python3.8/site-packages/airflow/example_dags/example_complex.py took 0.147 seconds
[2021-02-07 21:10:35,727] {scheduler_job.py:181} INFO - Started process (PID=404) to work on /home/airflow/.local/lib/python3.8/site-packages/airflow/example_dags/example_complex.py
[2021-02-07 21:10:35,732] {scheduler_job.py:627} INFO - Processing file /home/airflow/.local/lib/python3.8/site-packages/airflow/example_dags/example_complex.py for tasks to queue
[2021-02-07 21:10:35,734] {logging_mixin.py:104} INFO - [2021-02-07 21:10:35,733] {dagbag.py:449} INFO - Filling up the DagBag from /home/airflow/.local/lib/python3.8/site-packages/airflow/example_dags/example_complex.py
[2021-02-07 21:10:35,765] {scheduler_job.py:637} INFO - DAG(s) dict_keys(['example_complex']) retrieved from /home/airflow/.local/lib/python3.8/site-packages/airflow/example_dags/example_complex.py
[2021-02-07 21:10:35,837] {logging_mixin.py:104} INFO - [2021-02-07 21:10:35,836] {dag.py:1818} INFO - Sync 1 DAGs
[2021-02-07 21:10:35,887] {logging_mixin.py:104} INFO - [2021-02-07 21:10:35,887] {dag.py:2273} INFO - Setting next_dagrun for example_complex to None
[2021-02-07 21:10:35,916] {scheduler_job.py:189} INFO - Processing /home/airflow/.local/lib/python3.8/site-packages/airflow/example_dags/example_complex.py took 0.194 seconds
[2021-02-07 21:45:33,745] {scheduler_job.py:181} INFO - Started process (PID=430) to work on /home/airflow/.local/lib/python3.8/site-packages/airflow/example_dags/example_complex.py
[2021-02-07 21:45:33,748] {scheduler_job.py:627} INFO - Processing file /home/airflow/.local/lib/python3.8/site-packages/airflow/example_dags/example_complex.py for tasks to queue
[2021-02-07 21:45:33,750] {logging_mixin.py:104} INFO - [2021-02-07 21:45:33,750] {dagbag.py:449} INFO - Filling up the DagBag from /home/airflow/.local/lib/python3.8/site-packages/airflow/example_dags/example_complex.py
[2021-02-07 21:45:33,779] {scheduler_job.py:637} INFO - DAG(s) dict_keys(['example_complex']) retrieved from /home/airflow/.local/lib/python3.8/site-packages/airflow/example_dags/example_complex.py
[2021-02-07 21:45:33,823] {logging_mixin.py:104} INFO - [2021-02-07 21:45:33,823] {dag.py:1818} INFO - Sync 1 DAGs
[2021-02-07 21:45:33,864] {logging_mixin.py:104} INFO - [2021-02-07 21:45:33,863] {dag.py:2273} INFO - Setting next_dagrun for example_complex to None
[2021-02-07 21:45:33,890] {scheduler_job.py:189} INFO - Processing /home/airflow/.local/lib/python3.8/site-packages/airflow/example_dags/example_complex.py took 0.151 seconds
[2021-02-07 21:46:04,275] {scheduler_job.py:181} INFO - Started process (PID=456) to work on /home/airflow/.local/lib/python3.8/site-packages/airflow/example_dags/example_complex.py
[2021-02-07 21:46:04,280] {scheduler_job.py:627} INFO - Processing file /home/airflow/.local/lib/python3.8/site-packages/airflow/example_dags/example_complex.py for tasks to queue
[2021-02-07 21:46:04,283] {logging_mixin.py:104} INFO - [2021-02-07 21:46:04,283] {dagbag.py:449} INFO - Filling up the DagBag from /home/airflow/.local/lib/python3.8/site-packages/airflow/example_dags/example_complex.py
[2021-02-07 21:46:04,331] {scheduler_job.py:637} INFO - DAG(s) dict_keys(['example_complex']) retrieved from /home/airflow/.local/lib/python3.8/site-packages/airflow/example_dags/example_complex.py
[2021-02-07 21:46:04,419] {logging_mixin.py:104} INFO - [2021-02-07 21:46:04,418] {dag.py:1818} INFO - Sync 1 DAGs
[2021-02-07 21:46:04,499] {logging_mixin.py:104} INFO - [2021-02-07 21:46:04,499] {dag.py:2273} INFO - Setting next_dagrun for example_complex to None
[2021-02-07 21:46:04,519] {scheduler_job.py:189} INFO - Processing /home/airflow/.local/lib/python3.8/site-packages/airflow/example_dags/example_complex.py took 0.252 seconds
[2021-02-07 21:46:34,669] {scheduler_job.py:181} INFO - Started process (PID=482) to work on /home/airflow/.local/lib/python3.8/site-packages/airflow/example_dags/example_complex.py
[2021-02-07 21:46:34,672] {scheduler_job.py:627} INFO - Processing file /home/airflow/.local/lib/python3.8/site-packages/airflow/example_dags/example_complex.py for tasks to queue
[2021-02-07 21:46:34,674] {logging_mixin.py:104} INFO - [2021-02-07 21:46:34,674] {dagbag.py:449} INFO - Filling up the DagBag from /home/airflow/.local/lib/python3.8/site-packages/airflow/example_dags/example_complex.py
[2021-02-07 21:46:34,694] {scheduler_job.py:637} INFO - DAG(s) dict_keys(['example_complex']) retrieved from /home/airflow/.local/lib/python3.8/site-packages/airflow/example_dags/example_complex.py
[2021-02-07 21:46:34,734] {logging_mixin.py:104} INFO - [2021-02-07 21:46:34,734] {dag.py:1818} INFO - Sync 1 DAGs
[2021-02-07 21:46:34,762] {logging_mixin.py:104} INFO - [2021-02-07 21:46:34,762] {dag.py:2273} INFO - Setting next_dagrun for example_complex to None
[2021-02-07 21:46:34,779] {scheduler_job.py:189} INFO - Processing /home/airflow/.local/lib/python3.8/site-packages/airflow/example_dags/example_complex.py took 0.115 seconds
[2021-02-07 21:47:10,341] {scheduler_job.py:181} INFO - Started process (PID=508) to work on /home/airflow/.local/lib/python3.8/site-packages/airflow/example_dags/example_complex.py
[2021-02-07 21:47:10,345] {scheduler_job.py:627} INFO - Processing file /home/airflow/.local/lib/python3.8/site-packages/airflow/example_dags/example_complex.py for tasks to queue
[2021-02-07 21:47:10,351] {logging_mixin.py:104} INFO - [2021-02-07 21:47:10,351] {dagbag.py:449} INFO - Filling up the DagBag from /home/airflow/.local/lib/python3.8/site-packages/airflow/example_dags/example_complex.py
[2021-02-07 21:47:10,390] {scheduler_job.py:637} INFO - DAG(s) dict_keys(['example_complex']) retrieved from /home/airflow/.local/lib/python3.8/site-packages/airflow/example_dags/example_complex.py
[2021-02-07 21:47:10,470] {logging_mixin.py:104} INFO - [2021-02-07 21:47:10,470] {dag.py:1818} INFO - Sync 1 DAGs
[2021-02-07 21:47:10,505] {logging_mixin.py:104} INFO - [2021-02-07 21:47:10,505] {dag.py:2273} INFO - Setting next_dagrun for example_complex to None
[2021-02-07 21:47:10,526] {scheduler_job.py:189} INFO - Processing /home/airflow/.local/lib/python3.8/site-packages/airflow/example_dags/example_complex.py took 0.198 seconds
[2021-02-07 21:47:41,706] {scheduler_job.py:181} INFO - Started process (PID=534) to work on /home/airflow/.local/lib/python3.8/site-packages/airflow/example_dags/example_complex.py
[2021-02-07 21:47:41,730] {scheduler_job.py:627} INFO - Processing file /home/airflow/.local/lib/python3.8/site-packages/airflow/example_dags/example_complex.py for tasks to queue
[2021-02-07 21:47:41,773] {logging_mixin.py:104} INFO - [2021-02-07 21:47:41,773] {dagbag.py:449} INFO - Filling up the DagBag from /home/airflow/.local/lib/python3.8/site-packages/airflow/example_dags/example_complex.py
[2021-02-07 21:47:42,072] {scheduler_job.py:637} INFO - DAG(s) dict_keys(['example_complex']) retrieved from /home/airflow/.local/lib/python3.8/site-packages/airflow/example_dags/example_complex.py
[2021-02-07 21:47:42,314] {logging_mixin.py:104} INFO - [2021-02-07 21:47:42,313] {dag.py:1818} INFO - Sync 1 DAGs
[2021-02-07 21:47:42,398] {logging_mixin.py:104} INFO - [2021-02-07 21:47:42,398] {dag.py:2273} INFO - Setting next_dagrun for example_complex to None
[2021-02-07 21:47:42,465] {scheduler_job.py:189} INFO - Processing /home/airflow/.local/lib/python3.8/site-packages/airflow/example_dags/example_complex.py took 0.782 seconds
[2021-02-07 21:48:12,955] {scheduler_job.py:181} INFO - Started process (PID=561) to work on /home/airflow/.local/lib/python3.8/site-packages/airflow/example_dags/example_complex.py
[2021-02-07 21:48:12,958] {scheduler_job.py:627} INFO - Processing file /home/airflow/.local/lib/python3.8/site-packages/airflow/example_dags/example_complex.py for tasks to queue
[2021-02-07 21:48:12,959] {logging_mixin.py:104} INFO - [2021-02-07 21:48:12,959] {dagbag.py:449} INFO - Filling up the DagBag from /home/airflow/.local/lib/python3.8/site-packages/airflow/example_dags/example_complex.py
[2021-02-07 21:48:12,976] {scheduler_job.py:637} INFO - DAG(s) dict_keys(['example_complex']) retrieved from /home/airflow/.local/lib/python3.8/site-packages/airflow/example_dags/example_complex.py
[2021-02-07 21:48:13,004] {logging_mixin.py:104} INFO - [2021-02-07 21:48:13,004] {dag.py:1818} INFO - Sync 1 DAGs
[2021-02-07 21:48:13,018] {logging_mixin.py:104} INFO - [2021-02-07 21:48:13,017] {dag.py:2273} INFO - Setting next_dagrun for example_complex to None
[2021-02-07 21:48:13,031] {scheduler_job.py:189} INFO - Processing /home/airflow/.local/lib/python3.8/site-packages/airflow/example_dags/example_complex.py took 0.079 seconds
[2021-02-07 21:48:43,238] {scheduler_job.py:181} INFO - Started process (PID=586) to work on /home/airflow/.local/lib/python3.8/site-packages/airflow/example_dags/example_complex.py
[2021-02-07 21:48:43,242] {scheduler_job.py:627} INFO - Processing file /home/airflow/.local/lib/python3.8/site-packages/airflow/example_dags/example_complex.py for tasks to queue
[2021-02-07 21:48:43,244] {logging_mixin.py:104} INFO - [2021-02-07 21:48:43,244] {dagbag.py:449} INFO - Filling up the DagBag from /home/airflow/.local/lib/python3.8/site-packages/airflow/example_dags/example_complex.py
[2021-02-07 21:48:43,278] {scheduler_job.py:637} INFO - DAG(s) dict_keys(['example_complex']) retrieved from /home/airflow/.local/lib/python3.8/site-packages/airflow/example_dags/example_complex.py
[2021-02-07 21:48:43,354] {logging_mixin.py:104} INFO - [2021-02-07 21:48:43,354] {dag.py:1818} INFO - Sync 1 DAGs
[2021-02-07 21:48:43,390] {logging_mixin.py:104} INFO - [2021-02-07 21:48:43,390] {dag.py:2273} INFO - Setting next_dagrun for example_complex to None
[2021-02-07 21:48:43,421] {scheduler_job.py:189} INFO - Processing /home/airflow/.local/lib/python3.8/site-packages/airflow/example_dags/example_complex.py took 0.192 seconds
[2021-02-07 21:49:13,815] {scheduler_job.py:181} INFO - Started process (PID=611) to work on /home/airflow/.local/lib/python3.8/site-packages/airflow/example_dags/example_complex.py
[2021-02-07 21:49:13,820] {scheduler_job.py:627} INFO - Processing file /home/airflow/.local/lib/python3.8/site-packages/airflow/example_dags/example_complex.py for tasks to queue
[2021-02-07 21:49:13,824] {logging_mixin.py:104} INFO - [2021-02-07 21:49:13,823] {dagbag.py:449} INFO - Filling up the DagBag from /home/airflow/.local/lib/python3.8/site-packages/airflow/example_dags/example_complex.py
[2021-02-07 21:49:13,851] {scheduler_job.py:637} INFO - DAG(s) dict_keys(['example_complex']) retrieved from /home/airflow/.local/lib/python3.8/site-packages/airflow/example_dags/example_complex.py
[2021-02-07 21:49:13,893] {logging_mixin.py:104} INFO - [2021-02-07 21:49:13,893] {dag.py:1818} INFO - Sync 1 DAGs
[2021-02-07 21:49:13,916] {logging_mixin.py:104} INFO - [2021-02-07 21:49:13,916] {dag.py:2273} INFO - Setting next_dagrun for example_complex to None
[2021-02-07 21:49:13,932] {scheduler_job.py:189} INFO - Processing /home/airflow/.local/lib/python3.8/site-packages/airflow/example_dags/example_complex.py took 0.128 seconds
[2021-02-07 21:49:47,870] {scheduler_job.py:181} INFO - Started process (PID=637) to work on /home/airflow/.local/lib/python3.8/site-packages/airflow/example_dags/example_complex.py
[2021-02-07 21:49:47,874] {scheduler_job.py:627} INFO - Processing file /home/airflow/.local/lib/python3.8/site-packages/airflow/example_dags/example_complex.py for tasks to queue
[2021-02-07 21:49:47,886] {logging_mixin.py:104} INFO - [2021-02-07 21:49:47,882] {dagbag.py:449} INFO - Filling up the DagBag from /home/airflow/.local/lib/python3.8/site-packages/airflow/example_dags/example_complex.py
[2021-02-07 21:49:47,944] {scheduler_job.py:637} INFO - DAG(s) dict_keys(['example_complex']) retrieved from /home/airflow/.local/lib/python3.8/site-packages/airflow/example_dags/example_complex.py
[2021-02-07 21:49:48,023] {logging_mixin.py:104} INFO - [2021-02-07 21:49:48,023] {dag.py:1818} INFO - Sync 1 DAGs
[2021-02-07 21:49:48,070] {logging_mixin.py:104} INFO - [2021-02-07 21:49:48,070] {dag.py:2273} INFO - Setting next_dagrun for example_complex to None
[2021-02-07 21:49:48,104] {scheduler_job.py:189} INFO - Processing /home/airflow/.local/lib/python3.8/site-packages/airflow/example_dags/example_complex.py took 0.251 seconds
[2021-02-07 21:50:18,503] {scheduler_job.py:181} INFO - Started process (PID=663) to work on /home/airflow/.local/lib/python3.8/site-packages/airflow/example_dags/example_complex.py
[2021-02-07 21:50:18,507] {scheduler_job.py:627} INFO - Processing file /home/airflow/.local/lib/python3.8/site-packages/airflow/example_dags/example_complex.py for tasks to queue
[2021-02-07 21:50:18,510] {logging_mixin.py:104} INFO - [2021-02-07 21:50:18,509] {dagbag.py:449} INFO - Filling up the DagBag from /home/airflow/.local/lib/python3.8/site-packages/airflow/example_dags/example_complex.py
[2021-02-07 21:50:18,550] {scheduler_job.py:637} INFO - DAG(s) dict_keys(['example_complex']) retrieved from /home/airflow/.local/lib/python3.8/site-packages/airflow/example_dags/example_complex.py
[2021-02-07 21:50:18,603] {logging_mixin.py:104} INFO - [2021-02-07 21:50:18,603] {dag.py:1818} INFO - Sync 1 DAGs
[2021-02-07 21:50:18,627] {logging_mixin.py:104} INFO - [2021-02-07 21:50:18,627] {dag.py:2273} INFO - Setting next_dagrun for example_complex to None
[2021-02-07 21:50:18,647] {scheduler_job.py:189} INFO - Processing /home/airflow/.local/lib/python3.8/site-packages/airflow/example_dags/example_complex.py took 0.154 seconds
[2021-02-07 21:50:48,807] {scheduler_job.py:181} INFO - Started process (PID=685) to work on /home/airflow/.local/lib/python3.8/site-packages/airflow/example_dags/example_complex.py
[2021-02-07 21:50:48,810] {scheduler_job.py:627} INFO - Processing file /home/airflow/.local/lib/python3.8/site-packages/airflow/example_dags/example_complex.py for tasks to queue
[2021-02-07 21:50:48,812] {logging_mixin.py:104} INFO - [2021-02-07 21:50:48,812] {dagbag.py:449} INFO - Filling up the DagBag from /home/airflow/.local/lib/python3.8/site-packages/airflow/example_dags/example_complex.py
[2021-02-07 21:50:48,846] {scheduler_job.py:637} INFO - DAG(s) dict_keys(['example_complex']) retrieved from /home/airflow/.local/lib/python3.8/site-packages/airflow/example_dags/example_complex.py
[2021-02-07 21:50:48,924] {logging_mixin.py:104} INFO - [2021-02-07 21:50:48,924] {dag.py:1818} INFO - Sync 1 DAGs
[2021-02-07 21:50:48,942] {logging_mixin.py:104} INFO - [2021-02-07 21:50:48,942] {dag.py:2273} INFO - Setting next_dagrun for example_complex to None
[2021-02-07 21:50:48,959] {scheduler_job.py:189} INFO - Processing /home/airflow/.local/lib/python3.8/site-packages/airflow/example_dags/example_complex.py took 0.157 seconds
[2021-02-07 21:51:19,473] {scheduler_job.py:181} INFO - Started process (PID=711) to work on /home/airflow/.local/lib/python3.8/site-packages/airflow/example_dags/example_complex.py
[2021-02-07 21:51:19,475] {scheduler_job.py:627} INFO - Processing file /home/airflow/.local/lib/python3.8/site-packages/airflow/example_dags/example_complex.py for tasks to queue
[2021-02-07 21:51:19,477] {logging_mixin.py:104} INFO - [2021-02-07 21:51:19,476] {dagbag.py:449} INFO - Filling up the DagBag from /home/airflow/.local/lib/python3.8/site-packages/airflow/example_dags/example_complex.py
[2021-02-07 21:51:19,502] {scheduler_job.py:637} INFO - DAG(s) dict_keys(['example_complex']) retrieved from /home/airflow/.local/lib/python3.8/site-packages/airflow/example_dags/example_complex.py
[2021-02-07 21:51:19,541] {logging_mixin.py:104} INFO - [2021-02-07 21:51:19,540] {dag.py:1818} INFO - Sync 1 DAGs
[2021-02-07 21:51:19,572] {logging_mixin.py:104} INFO - [2021-02-07 21:51:19,572] {dag.py:2273} INFO - Setting next_dagrun for example_complex to None
[2021-02-07 21:51:19,598] {scheduler_job.py:189} INFO - Processing /home/airflow/.local/lib/python3.8/site-packages/airflow/example_dags/example_complex.py took 0.131 seconds
[2021-02-07 21:51:50,778] {scheduler_job.py:181} INFO - Started process (PID=741) to work on /home/airflow/.local/lib/python3.8/site-packages/airflow/example_dags/example_complex.py
[2021-02-07 21:51:50,781] {scheduler_job.py:627} INFO - Processing file /home/airflow/.local/lib/python3.8/site-packages/airflow/example_dags/example_complex.py for tasks to queue
[2021-02-07 21:51:50,785] {logging_mixin.py:104} INFO - [2021-02-07 21:51:50,784] {dagbag.py:449} INFO - Filling up the DagBag from /home/airflow/.local/lib/python3.8/site-packages/airflow/example_dags/example_complex.py
[2021-02-07 21:51:50,825] {scheduler_job.py:637} INFO - DAG(s) dict_keys(['example_complex']) retrieved from /home/airflow/.local/lib/python3.8/site-packages/airflow/example_dags/example_complex.py
[2021-02-07 21:51:50,884] {logging_mixin.py:104} INFO - [2021-02-07 21:51:50,884] {dag.py:1818} INFO - Sync 1 DAGs
[2021-02-07 21:51:50,906] {logging_mixin.py:104} INFO - [2021-02-07 21:51:50,905] {dag.py:2273} INFO - Setting next_dagrun for example_complex to None
[2021-02-07 21:51:50,927] {scheduler_job.py:189} INFO - Processing /home/airflow/.local/lib/python3.8/site-packages/airflow/example_dags/example_complex.py took 0.155 seconds
[2021-02-07 21:52:21,228] {scheduler_job.py:181} INFO - Started process (PID=768) to work on /home/airflow/.local/lib/python3.8/site-packages/airflow/example_dags/example_complex.py
[2021-02-07 21:52:21,230] {scheduler_job.py:627} INFO - Processing file /home/airflow/.local/lib/python3.8/site-packages/airflow/example_dags/example_complex.py for tasks to queue
[2021-02-07 21:52:21,231] {logging_mixin.py:104} INFO - [2021-02-07 21:52:21,231] {dagbag.py:449} INFO - Filling up the DagBag from /home/airflow/.local/lib/python3.8/site-packages/airflow/example_dags/example_complex.py
[2021-02-07 21:52:21,249] {scheduler_job.py:637} INFO - DAG(s) dict_keys(['example_complex']) retrieved from /home/airflow/.local/lib/python3.8/site-packages/airflow/example_dags/example_complex.py
[2021-02-07 21:52:21,276] {logging_mixin.py:104} INFO - [2021-02-07 21:52:21,276] {dag.py:1818} INFO - Sync 1 DAGs
[2021-02-07 21:52:21,290] {logging_mixin.py:104} INFO - [2021-02-07 21:52:21,289] {dag.py:2273} INFO - Setting next_dagrun for example_complex to None
[2021-02-07 21:52:21,303] {scheduler_job.py:189} INFO - Processing /home/airflow/.local/lib/python3.8/site-packages/airflow/example_dags/example_complex.py took 0.079 seconds
[2021-02-07 21:52:51,939] {scheduler_job.py:181} INFO - Started process (PID=794) to work on /home/airflow/.local/lib/python3.8/site-packages/airflow/example_dags/example_complex.py
[2021-02-07 21:52:51,942] {scheduler_job.py:627} INFO - Processing file /home/airflow/.local/lib/python3.8/site-packages/airflow/example_dags/example_complex.py for tasks to queue
[2021-02-07 21:52:51,944] {logging_mixin.py:104} INFO - [2021-02-07 21:52:51,944] {dagbag.py:449} INFO - Filling up the DagBag from /home/airflow/.local/lib/python3.8/site-packages/airflow/example_dags/example_complex.py
[2021-02-07 21:52:51,967] {scheduler_job.py:637} INFO - DAG(s) dict_keys(['example_complex']) retrieved from /home/airflow/.local/lib/python3.8/site-packages/airflow/example_dags/example_complex.py
[2021-02-07 21:52:52,006] {logging_mixin.py:104} INFO - [2021-02-07 21:52:52,006] {dag.py:1818} INFO - Sync 1 DAGs
[2021-02-07 21:52:52,024] {logging_mixin.py:104} INFO - [2021-02-07 21:52:52,024] {dag.py:2273} INFO - Setting next_dagrun for example_complex to None
[2021-02-07 21:52:52,039] {scheduler_job.py:189} INFO - Processing /home/airflow/.local/lib/python3.8/site-packages/airflow/example_dags/example_complex.py took 0.105 seconds
[2021-02-07 21:53:22,336] {scheduler_job.py:181} INFO - Started process (PID=820) to work on /home/airflow/.local/lib/python3.8/site-packages/airflow/example_dags/example_complex.py
[2021-02-07 21:53:22,338] {scheduler_job.py:627} INFO - Processing file /home/airflow/.local/lib/python3.8/site-packages/airflow/example_dags/example_complex.py for tasks to queue
[2021-02-07 21:53:22,340] {logging_mixin.py:104} INFO - [2021-02-07 21:53:22,340] {dagbag.py:449} INFO - Filling up the DagBag from /home/airflow/.local/lib/python3.8/site-packages/airflow/example_dags/example_complex.py
[2021-02-07 21:53:22,361] {scheduler_job.py:637} INFO - DAG(s) dict_keys(['example_complex']) retrieved from /home/airflow/.local/lib/python3.8/site-packages/airflow/example_dags/example_complex.py
[2021-02-07 21:53:22,392] {logging_mixin.py:104} INFO - [2021-02-07 21:53:22,392] {dag.py:1818} INFO - Sync 1 DAGs
[2021-02-07 21:53:22,407] {logging_mixin.py:104} INFO - [2021-02-07 21:53:22,406] {dag.py:2273} INFO - Setting next_dagrun for example_complex to None
[2021-02-07 21:53:22,422] {scheduler_job.py:189} INFO - Processing /home/airflow/.local/lib/python3.8/site-packages/airflow/example_dags/example_complex.py took 0.090 seconds
[2021-02-07 21:53:52,956] {scheduler_job.py:181} INFO - Started process (PID=853) to work on /home/airflow/.local/lib/python3.8/site-packages/airflow/example_dags/example_complex.py
[2021-02-07 21:53:52,960] {scheduler_job.py:627} INFO - Processing file /home/airflow/.local/lib/python3.8/site-packages/airflow/example_dags/example_complex.py for tasks to queue
[2021-02-07 21:53:52,963] {logging_mixin.py:104} INFO - [2021-02-07 21:53:52,962] {dagbag.py:449} INFO - Filling up the DagBag from /home/airflow/.local/lib/python3.8/site-packages/airflow/example_dags/example_complex.py
[2021-02-07 21:53:53,005] {scheduler_job.py:637} INFO - DAG(s) dict_keys(['example_complex']) retrieved from /home/airflow/.local/lib/python3.8/site-packages/airflow/example_dags/example_complex.py
[2021-02-07 21:53:53,053] {logging_mixin.py:104} INFO - [2021-02-07 21:53:53,053] {dag.py:1818} INFO - Sync 1 DAGs
[2021-02-07 21:53:53,075] {logging_mixin.py:104} INFO - [2021-02-07 21:53:53,075] {dag.py:2273} INFO - Setting next_dagrun for example_complex to None
[2021-02-07 21:53:53,089] {scheduler_job.py:189} INFO - Processing /home/airflow/.local/lib/python3.8/site-packages/airflow/example_dags/example_complex.py took 0.139 seconds
[2021-02-07 21:54:23,267] {scheduler_job.py:181} INFO - Started process (PID=886) to work on /home/airflow/.local/lib/python3.8/site-packages/airflow/example_dags/example_complex.py
[2021-02-07 21:54:23,270] {scheduler_job.py:627} INFO - Processing file /home/airflow/.local/lib/python3.8/site-packages/airflow/example_dags/example_complex.py for tasks to queue
[2021-02-07 21:54:23,272] {logging_mixin.py:104} INFO - [2021-02-07 21:54:23,272] {dagbag.py:449} INFO - Filling up the DagBag from /home/airflow/.local/lib/python3.8/site-packages/airflow/example_dags/example_complex.py
[2021-02-07 21:54:23,293] {scheduler_job.py:637} INFO - DAG(s) dict_keys(['example_complex']) retrieved from /home/airflow/.local/lib/python3.8/site-packages/airflow/example_dags/example_complex.py
[2021-02-07 21:54:23,336] {logging_mixin.py:104} INFO - [2021-02-07 21:54:23,336] {dag.py:1818} INFO - Sync 1 DAGs
[2021-02-07 21:54:23,353] {logging_mixin.py:104} INFO - [2021-02-07 21:54:23,353] {dag.py:2273} INFO - Setting next_dagrun for example_complex to None
[2021-02-07 21:54:23,369] {scheduler_job.py:189} INFO - Processing /home/airflow/.local/lib/python3.8/site-packages/airflow/example_dags/example_complex.py took 0.106 seconds
[2021-02-07 21:54:54,003] {scheduler_job.py:181} INFO - Started process (PID=912) to work on /home/airflow/.local/lib/python3.8/site-packages/airflow/example_dags/example_complex.py
[2021-02-07 21:54:54,008] {scheduler_job.py:627} INFO - Processing file /home/airflow/.local/lib/python3.8/site-packages/airflow/example_dags/example_complex.py for tasks to queue
[2021-02-07 21:54:54,012] {logging_mixin.py:104} INFO - [2021-02-07 21:54:54,011] {dagbag.py:449} INFO - Filling up the DagBag from /home/airflow/.local/lib/python3.8/site-packages/airflow/example_dags/example_complex.py
[2021-02-07 21:54:54,048] {scheduler_job.py:637} INFO - DAG(s) dict_keys(['example_complex']) retrieved from /home/airflow/.local/lib/python3.8/site-packages/airflow/example_dags/example_complex.py
[2021-02-07 21:54:54,102] {logging_mixin.py:104} INFO - [2021-02-07 21:54:54,102] {dag.py:1818} INFO - Sync 1 DAGs
[2021-02-07 21:54:54,125] {logging_mixin.py:104} INFO - [2021-02-07 21:54:54,125] {dag.py:2273} INFO - Setting next_dagrun for example_complex to None
[2021-02-07 21:54:54,139] {scheduler_job.py:189} INFO - Processing /home/airflow/.local/lib/python3.8/site-packages/airflow/example_dags/example_complex.py took 0.144 seconds
[2021-02-07 21:55:24,325] {scheduler_job.py:181} INFO - Started process (PID=937) to work on /home/airflow/.local/lib/python3.8/site-packages/airflow/example_dags/example_complex.py
[2021-02-07 21:55:24,329] {scheduler_job.py:627} INFO - Processing file /home/airflow/.local/lib/python3.8/site-packages/airflow/example_dags/example_complex.py for tasks to queue
[2021-02-07 21:55:24,336] {logging_mixin.py:104} INFO - [2021-02-07 21:55:24,335] {dagbag.py:449} INFO - Filling up the DagBag from /home/airflow/.local/lib/python3.8/site-packages/airflow/example_dags/example_complex.py
[2021-02-07 21:55:24,388] {scheduler_job.py:637} INFO - DAG(s) dict_keys(['example_complex']) retrieved from /home/airflow/.local/lib/python3.8/site-packages/airflow/example_dags/example_complex.py
[2021-02-07 21:55:24,459] {logging_mixin.py:104} INFO - [2021-02-07 21:55:24,458] {dag.py:1818} INFO - Sync 1 DAGs
[2021-02-07 21:55:24,537] {logging_mixin.py:104} INFO - [2021-02-07 21:55:24,537] {dag.py:2273} INFO - Setting next_dagrun for example_complex to None
[2021-02-07 21:55:24,582] {scheduler_job.py:189} INFO - Processing /home/airflow/.local/lib/python3.8/site-packages/airflow/example_dags/example_complex.py took 0.270 seconds
[2021-02-07 21:55:54,896] {scheduler_job.py:181} INFO - Started process (PID=960) to work on /home/airflow/.local/lib/python3.8/site-packages/airflow/example_dags/example_complex.py
[2021-02-07 21:55:54,901] {scheduler_job.py:627} INFO - Processing file /home/airflow/.local/lib/python3.8/site-packages/airflow/example_dags/example_complex.py for tasks to queue
[2021-02-07 21:55:54,904] {logging_mixin.py:104} INFO - [2021-02-07 21:55:54,903] {dagbag.py:449} INFO - Filling up the DagBag from /home/airflow/.local/lib/python3.8/site-packages/airflow/example_dags/example_complex.py
[2021-02-07 21:55:54,942] {scheduler_job.py:637} INFO - DAG(s) dict_keys(['example_complex']) retrieved from /home/airflow/.local/lib/python3.8/site-packages/airflow/example_dags/example_complex.py
[2021-02-07 21:55:55,000] {logging_mixin.py:104} INFO - [2021-02-07 21:55:55,000] {dag.py:1818} INFO - Sync 1 DAGs
[2021-02-07 21:55:55,023] {logging_mixin.py:104} INFO - [2021-02-07 21:55:55,023] {dag.py:2273} INFO - Setting next_dagrun for example_complex to None
[2021-02-07 21:55:55,050] {scheduler_job.py:189} INFO - Processing /home/airflow/.local/lib/python3.8/site-packages/airflow/example_dags/example_complex.py took 0.162 seconds
[2021-02-07 21:56:25,201] {scheduler_job.py:181} INFO - Started process (PID=986) to work on /home/airflow/.local/lib/python3.8/site-packages/airflow/example_dags/example_complex.py
[2021-02-07 21:56:25,204] {scheduler_job.py:627} INFO - Processing file /home/airflow/.local/lib/python3.8/site-packages/airflow/example_dags/example_complex.py for tasks to queue
[2021-02-07 21:56:25,206] {logging_mixin.py:104} INFO - [2021-02-07 21:56:25,206] {dagbag.py:449} INFO - Filling up the DagBag from /home/airflow/.local/lib/python3.8/site-packages/airflow/example_dags/example_complex.py
[2021-02-07 21:56:25,238] {scheduler_job.py:637} INFO - DAG(s) dict_keys(['example_complex']) retrieved from /home/airflow/.local/lib/python3.8/site-packages/airflow/example_dags/example_complex.py
[2021-02-07 21:56:25,304] {logging_mixin.py:104} INFO - [2021-02-07 21:56:25,304] {dag.py:1818} INFO - Sync 1 DAGs
[2021-02-07 21:56:25,333] {logging_mixin.py:104} INFO - [2021-02-07 21:56:25,332] {dag.py:2273} INFO - Setting next_dagrun for example_complex to None
[2021-02-07 21:56:25,360] {scheduler_job.py:189} INFO - Processing /home/airflow/.local/lib/python3.8/site-packages/airflow/example_dags/example_complex.py took 0.168 seconds
[2021-02-07 21:56:55,506] {scheduler_job.py:181} INFO - Started process (PID=1012) to work on /home/airflow/.local/lib/python3.8/site-packages/airflow/example_dags/example_complex.py
[2021-02-07 21:56:55,510] {scheduler_job.py:627} INFO - Processing file /home/airflow/.local/lib/python3.8/site-packages/airflow/example_dags/example_complex.py for tasks to queue
[2021-02-07 21:56:55,514] {logging_mixin.py:104} INFO - [2021-02-07 21:56:55,513] {dagbag.py:449} INFO - Filling up the DagBag from /home/airflow/.local/lib/python3.8/site-packages/airflow/example_dags/example_complex.py
[2021-02-07 21:56:55,540] {scheduler_job.py:637} INFO - DAG(s) dict_keys(['example_complex']) retrieved from /home/airflow/.local/lib/python3.8/site-packages/airflow/example_dags/example_complex.py
[2021-02-07 21:56:55,590] {logging_mixin.py:104} INFO - [2021-02-07 21:56:55,590] {dag.py:1818} INFO - Sync 1 DAGs
[2021-02-07 21:56:55,619] {logging_mixin.py:104} INFO - [2021-02-07 21:56:55,619] {dag.py:2273} INFO - Setting next_dagrun for example_complex to None
[2021-02-07 21:56:55,644] {scheduler_job.py:189} INFO - Processing /home/airflow/.local/lib/python3.8/site-packages/airflow/example_dags/example_complex.py took 0.142 seconds
[2021-02-07 21:57:26,697] {scheduler_job.py:181} INFO - Started process (PID=1042) to work on /home/airflow/.local/lib/python3.8/site-packages/airflow/example_dags/example_complex.py
[2021-02-07 21:57:26,699] {scheduler_job.py:627} INFO - Processing file /home/airflow/.local/lib/python3.8/site-packages/airflow/example_dags/example_complex.py for tasks to queue
[2021-02-07 21:57:26,701] {logging_mixin.py:104} INFO - [2021-02-07 21:57:26,700] {dagbag.py:449} INFO - Filling up the DagBag from /home/airflow/.local/lib/python3.8/site-packages/airflow/example_dags/example_complex.py
[2021-02-07 21:57:26,722] {scheduler_job.py:637} INFO - DAG(s) dict_keys(['example_complex']) retrieved from /home/airflow/.local/lib/python3.8/site-packages/airflow/example_dags/example_complex.py
[2021-02-07 21:57:26,756] {logging_mixin.py:104} INFO - [2021-02-07 21:57:26,756] {dag.py:1818} INFO - Sync 1 DAGs
[2021-02-07 21:57:26,772] {logging_mixin.py:104} INFO - [2021-02-07 21:57:26,772] {dag.py:2273} INFO - Setting next_dagrun for example_complex to None
[2021-02-07 21:57:26,785] {scheduler_job.py:189} INFO - Processing /home/airflow/.local/lib/python3.8/site-packages/airflow/example_dags/example_complex.py took 0.093 seconds
[2021-02-07 21:57:56,923] {scheduler_job.py:181} INFO - Started process (PID=1064) to work on /home/airflow/.local/lib/python3.8/site-packages/airflow/example_dags/example_complex.py
[2021-02-07 21:57:56,926] {scheduler_job.py:627} INFO - Processing file /home/airflow/.local/lib/python3.8/site-packages/airflow/example_dags/example_complex.py for tasks to queue
[2021-02-07 21:57:56,927] {logging_mixin.py:104} INFO - [2021-02-07 21:57:56,927] {dagbag.py:449} INFO - Filling up the DagBag from /home/airflow/.local/lib/python3.8/site-packages/airflow/example_dags/example_complex.py
[2021-02-07 21:57:56,944] {scheduler_job.py:637} INFO - DAG(s) dict_keys(['example_complex']) retrieved from /home/airflow/.local/lib/python3.8/site-packages/airflow/example_dags/example_complex.py
[2021-02-07 21:57:56,974] {logging_mixin.py:104} INFO - [2021-02-07 21:57:56,974] {dag.py:1818} INFO - Sync 1 DAGs
[2021-02-07 21:57:56,994] {logging_mixin.py:104} INFO - [2021-02-07 21:57:56,994] {dag.py:2273} INFO - Setting next_dagrun for example_complex to None
[2021-02-07 21:57:57,007] {scheduler_job.py:189} INFO - Processing /home/airflow/.local/lib/python3.8/site-packages/airflow/example_dags/example_complex.py took 0.089 seconds
[2021-02-07 21:58:27,980] {scheduler_job.py:181} INFO - Started process (PID=1094) to work on /home/airflow/.local/lib/python3.8/site-packages/airflow/example_dags/example_complex.py
[2021-02-07 21:58:27,985] {scheduler_job.py:627} INFO - Processing file /home/airflow/.local/lib/python3.8/site-packages/airflow/example_dags/example_complex.py for tasks to queue
[2021-02-07 21:58:27,987] {logging_mixin.py:104} INFO - [2021-02-07 21:58:27,987] {dagbag.py:449} INFO - Filling up the DagBag from /home/airflow/.local/lib/python3.8/site-packages/airflow/example_dags/example_complex.py
[2021-02-07 21:58:28,020] {scheduler_job.py:637} INFO - DAG(s) dict_keys(['example_complex']) retrieved from /home/airflow/.local/lib/python3.8/site-packages/airflow/example_dags/example_complex.py
[2021-02-07 21:58:28,075] {logging_mixin.py:104} INFO - [2021-02-07 21:58:28,075] {dag.py:1818} INFO - Sync 1 DAGs
[2021-02-07 21:58:28,102] {logging_mixin.py:104} INFO - [2021-02-07 21:58:28,102] {dag.py:2273} INFO - Setting next_dagrun for example_complex to None
[2021-02-07 21:58:28,120] {scheduler_job.py:189} INFO - Processing /home/airflow/.local/lib/python3.8/site-packages/airflow/example_dags/example_complex.py took 0.147 seconds
[2021-02-07 21:58:58,922] {scheduler_job.py:181} INFO - Started process (PID=1120) to work on /home/airflow/.local/lib/python3.8/site-packages/airflow/example_dags/example_complex.py
[2021-02-07 21:58:58,926] {scheduler_job.py:627} INFO - Processing file /home/airflow/.local/lib/python3.8/site-packages/airflow/example_dags/example_complex.py for tasks to queue
[2021-02-07 21:58:58,931] {logging_mixin.py:104} INFO - [2021-02-07 21:58:58,931] {dagbag.py:449} INFO - Filling up the DagBag from /home/airflow/.local/lib/python3.8/site-packages/airflow/example_dags/example_complex.py
[2021-02-07 21:58:59,001] {scheduler_job.py:637} INFO - DAG(s) dict_keys(['example_complex']) retrieved from /home/airflow/.local/lib/python3.8/site-packages/airflow/example_dags/example_complex.py
[2021-02-07 21:58:59,220] {logging_mixin.py:104} INFO - [2021-02-07 21:58:59,219] {dag.py:1818} INFO - Sync 1 DAGs
[2021-02-07 21:58:59,396] {logging_mixin.py:104} INFO - [2021-02-07 21:58:59,395] {dag.py:2273} INFO - Setting next_dagrun for example_complex to None
[2021-02-07 21:58:59,506] {scheduler_job.py:189} INFO - Processing /home/airflow/.local/lib/python3.8/site-packages/airflow/example_dags/example_complex.py took 0.590 seconds
[2021-02-07 21:59:29,872] {scheduler_job.py:181} INFO - Started process (PID=1145) to work on /home/airflow/.local/lib/python3.8/site-packages/airflow/example_dags/example_complex.py
[2021-02-07 21:59:29,880] {scheduler_job.py:627} INFO - Processing file /home/airflow/.local/lib/python3.8/site-packages/airflow/example_dags/example_complex.py for tasks to queue
[2021-02-07 21:59:29,888] {logging_mixin.py:104} INFO - [2021-02-07 21:59:29,887] {dagbag.py:449} INFO - Filling up the DagBag from /home/airflow/.local/lib/python3.8/site-packages/airflow/example_dags/example_complex.py
[2021-02-07 21:59:29,985] {scheduler_job.py:637} INFO - DAG(s) dict_keys(['example_complex']) retrieved from /home/airflow/.local/lib/python3.8/site-packages/airflow/example_dags/example_complex.py
[2021-02-07 21:59:30,061] {logging_mixin.py:104} INFO - [2021-02-07 21:59:30,060] {dag.py:1818} INFO - Sync 1 DAGs
[2021-02-07 21:59:30,110] {logging_mixin.py:104} INFO - [2021-02-07 21:59:30,110] {dag.py:2273} INFO - Setting next_dagrun for example_complex to None
[2021-02-07 21:59:30,154] {scheduler_job.py:189} INFO - Processing /home/airflow/.local/lib/python3.8/site-packages/airflow/example_dags/example_complex.py took 0.290 seconds
[2021-02-07 22:00:00,603] {scheduler_job.py:181} INFO - Started process (PID=1169) to work on /home/airflow/.local/lib/python3.8/site-packages/airflow/example_dags/example_complex.py
[2021-02-07 22:00:00,609] {scheduler_job.py:627} INFO - Processing file /home/airflow/.local/lib/python3.8/site-packages/airflow/example_dags/example_complex.py for tasks to queue
[2021-02-07 22:00:00,613] {logging_mixin.py:104} INFO - [2021-02-07 22:00:00,612] {dagbag.py:449} INFO - Filling up the DagBag from /home/airflow/.local/lib/python3.8/site-packages/airflow/example_dags/example_complex.py
[2021-02-07 22:00:00,658] {scheduler_job.py:637} INFO - DAG(s) dict_keys(['example_complex']) retrieved from /home/airflow/.local/lib/python3.8/site-packages/airflow/example_dags/example_complex.py
[2021-02-07 22:00:00,701] {logging_mixin.py:104} INFO - [2021-02-07 22:00:00,701] {dag.py:1818} INFO - Sync 1 DAGs
[2021-02-07 22:00:00,724] {logging_mixin.py:104} INFO - [2021-02-07 22:00:00,724] {dag.py:2273} INFO - Setting next_dagrun for example_complex to None
[2021-02-07 22:00:00,743] {scheduler_job.py:189} INFO - Processing /home/airflow/.local/lib/python3.8/site-packages/airflow/example_dags/example_complex.py took 0.147 seconds
[2021-02-07 22:00:30,876] {scheduler_job.py:181} INFO - Started process (PID=1195) to work on /home/airflow/.local/lib/python3.8/site-packages/airflow/example_dags/example_complex.py
[2021-02-07 22:00:30,880] {scheduler_job.py:627} INFO - Processing file /home/airflow/.local/lib/python3.8/site-packages/airflow/example_dags/example_complex.py for tasks to queue
[2021-02-07 22:00:30,882] {logging_mixin.py:104} INFO - [2021-02-07 22:00:30,882] {dagbag.py:449} INFO - Filling up the DagBag from /home/airflow/.local/lib/python3.8/site-packages/airflow/example_dags/example_complex.py
[2021-02-07 22:00:30,912] {scheduler_job.py:637} INFO - DAG(s) dict_keys(['example_complex']) retrieved from /home/airflow/.local/lib/python3.8/site-packages/airflow/example_dags/example_complex.py
[2021-02-07 22:00:30,964] {logging_mixin.py:104} INFO - [2021-02-07 22:00:30,964] {dag.py:1818} INFO - Sync 1 DAGs
[2021-02-07 22:00:30,989] {logging_mixin.py:104} INFO - [2021-02-07 22:00:30,989] {dag.py:2273} INFO - Setting next_dagrun for example_complex to None
[2021-02-07 22:00:31,010] {scheduler_job.py:189} INFO - Processing /home/airflow/.local/lib/python3.8/site-packages/airflow/example_dags/example_complex.py took 0.140 seconds
[2021-02-07 22:01:02,745] {scheduler_job.py:181} INFO - Started process (PID=1225) to work on /home/airflow/.local/lib/python3.8/site-packages/airflow/example_dags/example_complex.py
[2021-02-07 22:01:02,759] {scheduler_job.py:627} INFO - Processing file /home/airflow/.local/lib/python3.8/site-packages/airflow/example_dags/example_complex.py for tasks to queue
[2021-02-07 22:01:02,768] {logging_mixin.py:104} INFO - [2021-02-07 22:01:02,768] {dagbag.py:449} INFO - Filling up the DagBag from /home/airflow/.local/lib/python3.8/site-packages/airflow/example_dags/example_complex.py
[2021-02-07 22:01:02,832] {scheduler_job.py:637} INFO - DAG(s) dict_keys(['example_complex']) retrieved from /home/airflow/.local/lib/python3.8/site-packages/airflow/example_dags/example_complex.py
[2021-02-07 22:01:02,908] {logging_mixin.py:104} INFO - [2021-02-07 22:01:02,908] {dag.py:1818} INFO - Sync 1 DAGs
[2021-02-07 22:01:02,945] {logging_mixin.py:104} INFO - [2021-02-07 22:01:02,945] {dag.py:2273} INFO - Setting next_dagrun for example_complex to None
[2021-02-07 22:01:02,975] {scheduler_job.py:189} INFO - Processing /home/airflow/.local/lib/python3.8/site-packages/airflow/example_dags/example_complex.py took 0.258 seconds
[2021-02-07 22:01:33,056] {scheduler_job.py:181} INFO - Started process (PID=1249) to work on /home/airflow/.local/lib/python3.8/site-packages/airflow/example_dags/example_complex.py
[2021-02-07 22:01:33,064] {scheduler_job.py:627} INFO - Processing file /home/airflow/.local/lib/python3.8/site-packages/airflow/example_dags/example_complex.py for tasks to queue
[2021-02-07 22:01:33,071] {logging_mixin.py:104} INFO - [2021-02-07 22:01:33,069] {dagbag.py:449} INFO - Filling up the DagBag from /home/airflow/.local/lib/python3.8/site-packages/airflow/example_dags/example_complex.py
[2021-02-07 22:01:33,161] {scheduler_job.py:637} INFO - DAG(s) dict_keys(['example_complex']) retrieved from /home/airflow/.local/lib/python3.8/site-packages/airflow/example_dags/example_complex.py
[2021-02-07 22:01:33,278] {logging_mixin.py:104} INFO - [2021-02-07 22:01:33,277] {dag.py:1818} INFO - Sync 1 DAGs
[2021-02-07 22:01:33,313] {logging_mixin.py:104} INFO - [2021-02-07 22:01:33,313] {dag.py:2273} INFO - Setting next_dagrun for example_complex to None
[2021-02-07 22:01:33,348] {scheduler_job.py:189} INFO - Processing /home/airflow/.local/lib/python3.8/site-packages/airflow/example_dags/example_complex.py took 0.302 seconds
[2021-02-07 22:02:03,701] {scheduler_job.py:181} INFO - Started process (PID=1275) to work on /home/airflow/.local/lib/python3.8/site-packages/airflow/example_dags/example_complex.py
[2021-02-07 22:02:03,706] {scheduler_job.py:627} INFO - Processing file /home/airflow/.local/lib/python3.8/site-packages/airflow/example_dags/example_complex.py for tasks to queue
[2021-02-07 22:02:03,710] {logging_mixin.py:104} INFO - [2021-02-07 22:02:03,710] {dagbag.py:449} INFO - Filling up the DagBag from /home/airflow/.local/lib/python3.8/site-packages/airflow/example_dags/example_complex.py
[2021-02-07 22:02:03,763] {scheduler_job.py:637} INFO - DAG(s) dict_keys(['example_complex']) retrieved from /home/airflow/.local/lib/python3.8/site-packages/airflow/example_dags/example_complex.py
[2021-02-07 22:02:03,862] {logging_mixin.py:104} INFO - [2021-02-07 22:02:03,862] {dag.py:1818} INFO - Sync 1 DAGs
[2021-02-07 22:02:03,971] {logging_mixin.py:104} INFO - [2021-02-07 22:02:03,970] {dag.py:2273} INFO - Setting next_dagrun for example_complex to None
[2021-02-07 22:02:04,116] {scheduler_job.py:189} INFO - Processing /home/airflow/.local/lib/python3.8/site-packages/airflow/example_dags/example_complex.py took 0.426 seconds
[2021-02-07 22:02:34,319] {scheduler_job.py:181} INFO - Started process (PID=1301) to work on /home/airflow/.local/lib/python3.8/site-packages/airflow/example_dags/example_complex.py
[2021-02-07 22:02:34,325] {scheduler_job.py:627} INFO - Processing file /home/airflow/.local/lib/python3.8/site-packages/airflow/example_dags/example_complex.py for tasks to queue
[2021-02-07 22:02:34,328] {logging_mixin.py:104} INFO - [2021-02-07 22:02:34,328] {dagbag.py:449} INFO - Filling up the DagBag from /home/airflow/.local/lib/python3.8/site-packages/airflow/example_dags/example_complex.py
[2021-02-07 22:02:34,360] {scheduler_job.py:637} INFO - DAG(s) dict_keys(['example_complex']) retrieved from /home/airflow/.local/lib/python3.8/site-packages/airflow/example_dags/example_complex.py
[2021-02-07 22:02:34,411] {logging_mixin.py:104} INFO - [2021-02-07 22:02:34,411] {dag.py:1818} INFO - Sync 1 DAGs
[2021-02-07 22:02:34,433] {logging_mixin.py:104} INFO - [2021-02-07 22:02:34,433] {dag.py:2273} INFO - Setting next_dagrun for example_complex to None
[2021-02-07 22:02:34,459] {scheduler_job.py:189} INFO - Processing /home/airflow/.local/lib/python3.8/site-packages/airflow/example_dags/example_complex.py took 0.148 seconds
[2021-02-07 22:03:04,568] {scheduler_job.py:181} INFO - Started process (PID=1327) to work on /home/airflow/.local/lib/python3.8/site-packages/airflow/example_dags/example_complex.py
[2021-02-07 22:03:04,572] {scheduler_job.py:627} INFO - Processing file /home/airflow/.local/lib/python3.8/site-packages/airflow/example_dags/example_complex.py for tasks to queue
[2021-02-07 22:03:04,575] {logging_mixin.py:104} INFO - [2021-02-07 22:03:04,575] {dagbag.py:449} INFO - Filling up the DagBag from /home/airflow/.local/lib/python3.8/site-packages/airflow/example_dags/example_complex.py
[2021-02-07 22:03:04,596] {scheduler_job.py:637} INFO - DAG(s) dict_keys(['example_complex']) retrieved from /home/airflow/.local/lib/python3.8/site-packages/airflow/example_dags/example_complex.py
[2021-02-07 22:03:04,639] {logging_mixin.py:104} INFO - [2021-02-07 22:03:04,639] {dag.py:1818} INFO - Sync 1 DAGs
[2021-02-07 22:03:04,657] {logging_mixin.py:104} INFO - [2021-02-07 22:03:04,657] {dag.py:2273} INFO - Setting next_dagrun for example_complex to None
[2021-02-07 22:03:04,676] {scheduler_job.py:189} INFO - Processing /home/airflow/.local/lib/python3.8/site-packages/airflow/example_dags/example_complex.py took 0.113 seconds
[2021-02-07 22:03:34,748] {scheduler_job.py:181} INFO - Started process (PID=1352) to work on /home/airflow/.local/lib/python3.8/site-packages/airflow/example_dags/example_complex.py
[2021-02-07 22:03:34,757] {scheduler_job.py:627} INFO - Processing file /home/airflow/.local/lib/python3.8/site-packages/airflow/example_dags/example_complex.py for tasks to queue
[2021-02-07 22:03:34,761] {logging_mixin.py:104} INFO - [2021-02-07 22:03:34,760] {dagbag.py:449} INFO - Filling up the DagBag from /home/airflow/.local/lib/python3.8/site-packages/airflow/example_dags/example_complex.py
[2021-02-07 22:03:34,816] {scheduler_job.py:637} INFO - DAG(s) dict_keys(['example_complex']) retrieved from /home/airflow/.local/lib/python3.8/site-packages/airflow/example_dags/example_complex.py
[2021-02-07 22:03:34,934] {logging_mixin.py:104} INFO - [2021-02-07 22:03:34,934] {dag.py:1818} INFO - Sync 1 DAGs
[2021-02-07 22:03:34,973] {logging_mixin.py:104} INFO - [2021-02-07 22:03:34,972] {dag.py:2273} INFO - Setting next_dagrun for example_complex to None
[2021-02-07 22:03:35,008] {scheduler_job.py:189} INFO - Processing /home/airflow/.local/lib/python3.8/site-packages/airflow/example_dags/example_complex.py took 0.275 seconds
[2021-02-07 22:04:05,770] {scheduler_job.py:181} INFO - Started process (PID=1378) to work on /home/airflow/.local/lib/python3.8/site-packages/airflow/example_dags/example_complex.py
[2021-02-07 22:04:05,777] {scheduler_job.py:627} INFO - Processing file /home/airflow/.local/lib/python3.8/site-packages/airflow/example_dags/example_complex.py for tasks to queue
[2021-02-07 22:04:05,780] {logging_mixin.py:104} INFO - [2021-02-07 22:04:05,780] {dagbag.py:449} INFO - Filling up the DagBag from /home/airflow/.local/lib/python3.8/site-packages/airflow/example_dags/example_complex.py
[2021-02-07 22:04:05,886] {scheduler_job.py:637} INFO - DAG(s) dict_keys(['example_complex']) retrieved from /home/airflow/.local/lib/python3.8/site-packages/airflow/example_dags/example_complex.py
[2021-02-07 22:04:06,068] {logging_mixin.py:104} INFO - [2021-02-07 22:04:06,067] {dag.py:1818} INFO - Sync 1 DAGs
[2021-02-07 22:04:06,168] {logging_mixin.py:104} INFO - [2021-02-07 22:04:06,167] {dag.py:2273} INFO - Setting next_dagrun for example_complex to None
[2021-02-07 22:04:06,230] {scheduler_job.py:189} INFO - Processing /home/airflow/.local/lib/python3.8/site-packages/airflow/example_dags/example_complex.py took 0.469 seconds
[2021-02-07 22:04:36,351] {scheduler_job.py:181} INFO - Started process (PID=1404) to work on /home/airflow/.local/lib/python3.8/site-packages/airflow/example_dags/example_complex.py
[2021-02-07 22:04:36,360] {scheduler_job.py:627} INFO - Processing file /home/airflow/.local/lib/python3.8/site-packages/airflow/example_dags/example_complex.py for tasks to queue
[2021-02-07 22:04:36,362] {logging_mixin.py:104} INFO - [2021-02-07 22:04:36,362] {dagbag.py:449} INFO - Filling up the DagBag from /home/airflow/.local/lib/python3.8/site-packages/airflow/example_dags/example_complex.py
[2021-02-07 22:04:36,387] {scheduler_job.py:637} INFO - DAG(s) dict_keys(['example_complex']) retrieved from /home/airflow/.local/lib/python3.8/site-packages/airflow/example_dags/example_complex.py
[2021-02-07 22:04:36,468] {logging_mixin.py:104} INFO - [2021-02-07 22:04:36,468] {dag.py:1818} INFO - Sync 1 DAGs
[2021-02-07 22:04:36,499] {logging_mixin.py:104} INFO - [2021-02-07 22:04:36,499] {dag.py:2273} INFO - Setting next_dagrun for example_complex to None
[2021-02-07 22:04:36,531] {scheduler_job.py:189} INFO - Processing /home/airflow/.local/lib/python3.8/site-packages/airflow/example_dags/example_complex.py took 0.184 seconds
[2021-02-07 22:05:06,650] {scheduler_job.py:181} INFO - Started process (PID=1430) to work on /home/airflow/.local/lib/python3.8/site-packages/airflow/example_dags/example_complex.py
[2021-02-07 22:05:06,655] {scheduler_job.py:627} INFO - Processing file /home/airflow/.local/lib/python3.8/site-packages/airflow/example_dags/example_complex.py for tasks to queue
[2021-02-07 22:05:06,657] {logging_mixin.py:104} INFO - [2021-02-07 22:05:06,657] {dagbag.py:449} INFO - Filling up the DagBag from /home/airflow/.local/lib/python3.8/site-packages/airflow/example_dags/example_complex.py
[2021-02-07 22:05:06,680] {scheduler_job.py:637} INFO - DAG(s) dict_keys(['example_complex']) retrieved from /home/airflow/.local/lib/python3.8/site-packages/airflow/example_dags/example_complex.py
[2021-02-07 22:05:06,753] {logging_mixin.py:104} INFO - [2021-02-07 22:05:06,752] {dag.py:1818} INFO - Sync 1 DAGs
[2021-02-07 22:05:06,782] {logging_mixin.py:104} INFO - [2021-02-07 22:05:06,781] {dag.py:2273} INFO - Setting next_dagrun for example_complex to None
[2021-02-07 22:05:06,822] {scheduler_job.py:189} INFO - Processing /home/airflow/.local/lib/python3.8/site-packages/airflow/example_dags/example_complex.py took 0.182 seconds
[2021-02-07 22:05:37,167] {scheduler_job.py:181} INFO - Started process (PID=1456) to work on /home/airflow/.local/lib/python3.8/site-packages/airflow/example_dags/example_complex.py
[2021-02-07 22:05:37,170] {scheduler_job.py:627} INFO - Processing file /home/airflow/.local/lib/python3.8/site-packages/airflow/example_dags/example_complex.py for tasks to queue
[2021-02-07 22:05:37,173] {logging_mixin.py:104} INFO - [2021-02-07 22:05:37,172] {dagbag.py:449} INFO - Filling up the DagBag from /home/airflow/.local/lib/python3.8/site-packages/airflow/example_dags/example_complex.py
[2021-02-07 22:05:37,203] {scheduler_job.py:637} INFO - DAG(s) dict_keys(['example_complex']) retrieved from /home/airflow/.local/lib/python3.8/site-packages/airflow/example_dags/example_complex.py
[2021-02-07 22:05:37,250] {logging_mixin.py:104} INFO - [2021-02-07 22:05:37,250] {dag.py:1818} INFO - Sync 1 DAGs
[2021-02-07 22:05:37,270] {logging_mixin.py:104} INFO - [2021-02-07 22:05:37,270] {dag.py:2273} INFO - Setting next_dagrun for example_complex to None
[2021-02-07 22:05:37,297] {scheduler_job.py:189} INFO - Processing /home/airflow/.local/lib/python3.8/site-packages/airflow/example_dags/example_complex.py took 0.137 seconds
[2021-02-07 22:23:50,978] {scheduler_job.py:181} INFO - Started process (PID=1486) to work on /home/airflow/.local/lib/python3.8/site-packages/airflow/example_dags/example_complex.py
[2021-02-07 22:23:50,983] {scheduler_job.py:627} INFO - Processing file /home/airflow/.local/lib/python3.8/site-packages/airflow/example_dags/example_complex.py for tasks to queue
[2021-02-07 22:23:50,990] {logging_mixin.py:104} INFO - [2021-02-07 22:23:50,990] {dagbag.py:449} INFO - Filling up the DagBag from /home/airflow/.local/lib/python3.8/site-packages/airflow/example_dags/example_complex.py
[2021-02-07 22:23:51,064] {scheduler_job.py:637} INFO - DAG(s) dict_keys(['example_complex']) retrieved from /home/airflow/.local/lib/python3.8/site-packages/airflow/example_dags/example_complex.py
[2021-02-07 22:23:51,132] {logging_mixin.py:104} INFO - [2021-02-07 22:23:51,132] {dag.py:1818} INFO - Sync 1 DAGs
[2021-02-07 22:23:51,166] {logging_mixin.py:104} INFO - [2021-02-07 22:23:51,166] {dag.py:2273} INFO - Setting next_dagrun for example_complex to None
[2021-02-07 22:23:51,200] {scheduler_job.py:189} INFO - Processing /home/airflow/.local/lib/python3.8/site-packages/airflow/example_dags/example_complex.py took 0.229 seconds
[2021-02-07 22:24:24,456] {scheduler_job.py:181} INFO - Started process (PID=1513) to work on /home/airflow/.local/lib/python3.8/site-packages/airflow/example_dags/example_complex.py
[2021-02-07 22:24:24,464] {scheduler_job.py:627} INFO - Processing file /home/airflow/.local/lib/python3.8/site-packages/airflow/example_dags/example_complex.py for tasks to queue
[2021-02-07 22:24:24,469] {logging_mixin.py:104} INFO - [2021-02-07 22:24:24,469] {dagbag.py:449} INFO - Filling up the DagBag from /home/airflow/.local/lib/python3.8/site-packages/airflow/example_dags/example_complex.py
[2021-02-07 22:24:24,523] {scheduler_job.py:637} INFO - DAG(s) dict_keys(['example_complex']) retrieved from /home/airflow/.local/lib/python3.8/site-packages/airflow/example_dags/example_complex.py
[2021-02-07 22:24:24,586] {logging_mixin.py:104} INFO - [2021-02-07 22:24:24,586] {dag.py:1818} INFO - Sync 1 DAGs
[2021-02-07 22:24:24,660] {logging_mixin.py:104} INFO - [2021-02-07 22:24:24,660] {dag.py:2273} INFO - Setting next_dagrun for example_complex to None
[2021-02-07 22:24:24,745] {scheduler_job.py:189} INFO - Processing /home/airflow/.local/lib/python3.8/site-packages/airflow/example_dags/example_complex.py took 0.306 seconds
[2021-02-07 22:24:55,515] {scheduler_job.py:181} INFO - Started process (PID=1539) to work on /home/airflow/.local/lib/python3.8/site-packages/airflow/example_dags/example_complex.py
[2021-02-07 22:24:55,520] {scheduler_job.py:627} INFO - Processing file /home/airflow/.local/lib/python3.8/site-packages/airflow/example_dags/example_complex.py for tasks to queue
[2021-02-07 22:24:55,526] {logging_mixin.py:104} INFO - [2021-02-07 22:24:55,525] {dagbag.py:449} INFO - Filling up the DagBag from /home/airflow/.local/lib/python3.8/site-packages/airflow/example_dags/example_complex.py
[2021-02-07 22:24:55,576] {scheduler_job.py:637} INFO - DAG(s) dict_keys(['example_complex']) retrieved from /home/airflow/.local/lib/python3.8/site-packages/airflow/example_dags/example_complex.py
[2021-02-07 22:24:55,678] {logging_mixin.py:104} INFO - [2021-02-07 22:24:55,678] {dag.py:1818} INFO - Sync 1 DAGs
[2021-02-07 22:24:55,711] {logging_mixin.py:104} INFO - [2021-02-07 22:24:55,711] {dag.py:2273} INFO - Setting next_dagrun for example_complex to None
[2021-02-07 22:24:55,741] {scheduler_job.py:189} INFO - Processing /home/airflow/.local/lib/python3.8/site-packages/airflow/example_dags/example_complex.py took 0.233 seconds
[2021-02-07 22:25:25,950] {scheduler_job.py:181} INFO - Started process (PID=1565) to work on /home/airflow/.local/lib/python3.8/site-packages/airflow/example_dags/example_complex.py
[2021-02-07 22:25:25,957] {scheduler_job.py:627} INFO - Processing file /home/airflow/.local/lib/python3.8/site-packages/airflow/example_dags/example_complex.py for tasks to queue
[2021-02-07 22:25:25,963] {logging_mixin.py:104} INFO - [2021-02-07 22:25:25,962] {dagbag.py:449} INFO - Filling up the DagBag from /home/airflow/.local/lib/python3.8/site-packages/airflow/example_dags/example_complex.py
[2021-02-07 22:25:26,020] {scheduler_job.py:637} INFO - DAG(s) dict_keys(['example_complex']) retrieved from /home/airflow/.local/lib/python3.8/site-packages/airflow/example_dags/example_complex.py
[2021-02-07 22:25:26,145] {logging_mixin.py:104} INFO - [2021-02-07 22:25:26,145] {dag.py:1818} INFO - Sync 1 DAGs
[2021-02-07 22:25:26,185] {logging_mixin.py:104} INFO - [2021-02-07 22:25:26,185] {dag.py:2273} INFO - Setting next_dagrun for example_complex to None
[2021-02-07 22:25:26,221] {scheduler_job.py:189} INFO - Processing /home/airflow/.local/lib/python3.8/site-packages/airflow/example_dags/example_complex.py took 0.280 seconds
[2021-02-07 22:25:57,105] {scheduler_job.py:181} INFO - Started process (PID=1591) to work on /home/airflow/.local/lib/python3.8/site-packages/airflow/example_dags/example_complex.py
[2021-02-07 22:25:57,112] {scheduler_job.py:627} INFO - Processing file /home/airflow/.local/lib/python3.8/site-packages/airflow/example_dags/example_complex.py for tasks to queue
[2021-02-07 22:25:57,114] {logging_mixin.py:104} INFO - [2021-02-07 22:25:57,114] {dagbag.py:449} INFO - Filling up the DagBag from /home/airflow/.local/lib/python3.8/site-packages/airflow/example_dags/example_complex.py
[2021-02-07 22:25:57,131] {scheduler_job.py:637} INFO - DAG(s) dict_keys(['example_complex']) retrieved from /home/airflow/.local/lib/python3.8/site-packages/airflow/example_dags/example_complex.py
[2021-02-07 22:25:57,167] {logging_mixin.py:104} INFO - [2021-02-07 22:25:57,167] {dag.py:1818} INFO - Sync 1 DAGs
[2021-02-07 22:25:57,184] {logging_mixin.py:104} INFO - [2021-02-07 22:25:57,184] {dag.py:2273} INFO - Setting next_dagrun for example_complex to None
[2021-02-07 22:25:57,198] {scheduler_job.py:189} INFO - Processing /home/airflow/.local/lib/python3.8/site-packages/airflow/example_dags/example_complex.py took 0.098 seconds
[2021-02-07 23:26:19,251] {scheduler_job.py:181} INFO - Started process (PID=1616) to work on /home/airflow/.local/lib/python3.8/site-packages/airflow/example_dags/example_complex.py
[2021-02-07 23:26:19,256] {scheduler_job.py:627} INFO - Processing file /home/airflow/.local/lib/python3.8/site-packages/airflow/example_dags/example_complex.py for tasks to queue
[2021-02-07 23:26:19,260] {logging_mixin.py:104} INFO - [2021-02-07 23:26:19,259] {dagbag.py:449} INFO - Filling up the DagBag from /home/airflow/.local/lib/python3.8/site-packages/airflow/example_dags/example_complex.py
[2021-02-07 23:26:19,284] {scheduler_job.py:637} INFO - DAG(s) dict_keys(['example_complex']) retrieved from /home/airflow/.local/lib/python3.8/site-packages/airflow/example_dags/example_complex.py
[2021-02-07 23:26:19,350] {logging_mixin.py:104} INFO - [2021-02-07 23:26:19,350] {dag.py:1818} INFO - Sync 1 DAGs
[2021-02-07 23:26:19,378] {logging_mixin.py:104} INFO - [2021-02-07 23:26:19,378] {dag.py:2273} INFO - Setting next_dagrun for example_complex to None
[2021-02-07 23:26:19,405] {scheduler_job.py:189} INFO - Processing /home/airflow/.local/lib/python3.8/site-packages/airflow/example_dags/example_complex.py took 0.159 seconds
