[2021-02-07 14:47:37,609] {scheduler_job.py:181} INFO - Started process (PID=23) to work on /home/airflow/.local/lib/python3.8/site-packages/airflow/example_dags/tutorial.py
[2021-02-07 14:47:37,618] {scheduler_job.py:627} INFO - Processing file /home/airflow/.local/lib/python3.8/site-packages/airflow/example_dags/tutorial.py for tasks to queue
[2021-02-07 14:47:37,626] {logging_mixin.py:104} INFO - [2021-02-07 14:47:37,626] {dagbag.py:449} INFO - Filling up the DagBag from /home/airflow/.local/lib/python3.8/site-packages/airflow/example_dags/tutorial.py
[2021-02-07 14:47:37,673] {scheduler_job.py:637} INFO - DAG(s) dict_keys(['tutorial']) retrieved from /home/airflow/.local/lib/python3.8/site-packages/airflow/example_dags/tutorial.py
[2021-02-07 14:47:37,720] {logging_mixin.py:104} INFO - [2021-02-07 14:47:37,720] {dag.py:1818} INFO - Sync 1 DAGs
[2021-02-07 14:47:37,734] {logging_mixin.py:104} INFO - [2021-02-07 14:47:37,734] {dag.py:1837} INFO - Creating ORM DAG for tutorial
[2021-02-07 14:47:37,743] {logging_mixin.py:104} INFO - [2021-02-07 14:47:37,743] {dag.py:2273} INFO - Setting next_dagrun for tutorial to 2021-02-05 00:00:00+00:00
[2021-02-07 14:47:37,779] {scheduler_job.py:189} INFO - Processing /home/airflow/.local/lib/python3.8/site-packages/airflow/example_dags/tutorial.py took 0.180 seconds
[2021-02-07 14:48:08,473] {scheduler_job.py:181} INFO - Started process (PID=49) to work on /home/airflow/.local/lib/python3.8/site-packages/airflow/example_dags/tutorial.py
[2021-02-07 14:48:08,476] {scheduler_job.py:627} INFO - Processing file /home/airflow/.local/lib/python3.8/site-packages/airflow/example_dags/tutorial.py for tasks to queue
[2021-02-07 14:48:08,479] {logging_mixin.py:104} INFO - [2021-02-07 14:48:08,478] {dagbag.py:449} INFO - Filling up the DagBag from /home/airflow/.local/lib/python3.8/site-packages/airflow/example_dags/tutorial.py
[2021-02-07 14:48:08,494] {scheduler_job.py:637} INFO - DAG(s) dict_keys(['tutorial']) retrieved from /home/airflow/.local/lib/python3.8/site-packages/airflow/example_dags/tutorial.py
[2021-02-07 14:48:08,582] {logging_mixin.py:104} INFO - [2021-02-07 14:48:08,582] {dag.py:1818} INFO - Sync 1 DAGs
[2021-02-07 14:48:08,638] {logging_mixin.py:104} INFO - [2021-02-07 14:48:08,638] {dag.py:2273} INFO - Setting next_dagrun for tutorial to 2021-02-05 00:00:00+00:00
[2021-02-07 14:48:08,655] {scheduler_job.py:189} INFO - Processing /home/airflow/.local/lib/python3.8/site-packages/airflow/example_dags/tutorial.py took 0.190 seconds
[2021-02-07 15:04:18,892] {scheduler_job.py:181} INFO - Started process (PID=35) to work on /home/airflow/.local/lib/python3.8/site-packages/airflow/example_dags/tutorial.py
[2021-02-07 15:04:18,895] {scheduler_job.py:627} INFO - Processing file /home/airflow/.local/lib/python3.8/site-packages/airflow/example_dags/tutorial.py for tasks to queue
[2021-02-07 15:04:18,897] {logging_mixin.py:104} INFO - [2021-02-07 15:04:18,897] {dagbag.py:449} INFO - Filling up the DagBag from /home/airflow/.local/lib/python3.8/site-packages/airflow/example_dags/tutorial.py
[2021-02-07 15:04:18,912] {scheduler_job.py:637} INFO - DAG(s) dict_keys(['tutorial']) retrieved from /home/airflow/.local/lib/python3.8/site-packages/airflow/example_dags/tutorial.py
[2021-02-07 15:04:18,951] {logging_mixin.py:104} INFO - [2021-02-07 15:04:18,950] {dag.py:1818} INFO - Sync 1 DAGs
[2021-02-07 15:04:18,978] {logging_mixin.py:104} INFO - [2021-02-07 15:04:18,977] {dag.py:2273} INFO - Setting next_dagrun for tutorial to 2021-02-05 00:00:00+00:00
[2021-02-07 15:04:18,998] {scheduler_job.py:189} INFO - Processing /home/airflow/.local/lib/python3.8/site-packages/airflow/example_dags/tutorial.py took 0.110 seconds
[2021-02-07 15:05:00,409] {scheduler_job.py:181} INFO - Started process (PID=61) to work on /home/airflow/.local/lib/python3.8/site-packages/airflow/example_dags/tutorial.py
[2021-02-07 15:05:00,425] {scheduler_job.py:627} INFO - Processing file /home/airflow/.local/lib/python3.8/site-packages/airflow/example_dags/tutorial.py for tasks to queue
[2021-02-07 15:05:00,435] {logging_mixin.py:104} INFO - [2021-02-07 15:05:00,434] {dagbag.py:449} INFO - Filling up the DagBag from /home/airflow/.local/lib/python3.8/site-packages/airflow/example_dags/tutorial.py
[2021-02-07 15:05:00,553] {scheduler_job.py:637} INFO - DAG(s) dict_keys(['tutorial']) retrieved from /home/airflow/.local/lib/python3.8/site-packages/airflow/example_dags/tutorial.py
[2021-02-07 15:05:01,760] {logging_mixin.py:104} INFO - [2021-02-07 15:05:01,758] {dag.py:1818} INFO - Sync 1 DAGs
[2021-02-07 15:05:02,397] {logging_mixin.py:104} INFO - [2021-02-07 15:05:02,359] {dag.py:2273} INFO - Setting next_dagrun for tutorial to 2021-02-05 00:00:00+00:00
[2021-02-07 15:05:02,614] {scheduler_job.py:189} INFO - Processing /home/airflow/.local/lib/python3.8/site-packages/airflow/example_dags/tutorial.py took 2.330 seconds
[2021-02-07 15:05:34,898] {scheduler_job.py:181} INFO - Started process (PID=87) to work on /home/airflow/.local/lib/python3.8/site-packages/airflow/example_dags/tutorial.py
[2021-02-07 15:05:34,921] {scheduler_job.py:627} INFO - Processing file /home/airflow/.local/lib/python3.8/site-packages/airflow/example_dags/tutorial.py for tasks to queue
[2021-02-07 15:05:34,975] {logging_mixin.py:104} INFO - [2021-02-07 15:05:34,974] {dagbag.py:449} INFO - Filling up the DagBag from /home/airflow/.local/lib/python3.8/site-packages/airflow/example_dags/tutorial.py
[2021-02-07 15:05:35,192] {scheduler_job.py:637} INFO - DAG(s) dict_keys(['tutorial']) retrieved from /home/airflow/.local/lib/python3.8/site-packages/airflow/example_dags/tutorial.py
[2021-02-07 15:05:35,615] {logging_mixin.py:104} INFO - [2021-02-07 15:05:35,615] {dag.py:1818} INFO - Sync 1 DAGs
[2021-02-07 15:05:35,850] {logging_mixin.py:104} INFO - [2021-02-07 15:05:35,849] {dag.py:2273} INFO - Setting next_dagrun for tutorial to 2021-02-05 00:00:00+00:00
[2021-02-07 15:05:36,008] {scheduler_job.py:189} INFO - Processing /home/airflow/.local/lib/python3.8/site-packages/airflow/example_dags/tutorial.py took 1.193 seconds
[2021-02-07 15:06:06,852] {scheduler_job.py:181} INFO - Started process (PID=113) to work on /home/airflow/.local/lib/python3.8/site-packages/airflow/example_dags/tutorial.py
[2021-02-07 15:06:06,885] {scheduler_job.py:627} INFO - Processing file /home/airflow/.local/lib/python3.8/site-packages/airflow/example_dags/tutorial.py for tasks to queue
[2021-02-07 15:06:06,903] {logging_mixin.py:104} INFO - [2021-02-07 15:06:06,902] {dagbag.py:449} INFO - Filling up the DagBag from /home/airflow/.local/lib/python3.8/site-packages/airflow/example_dags/tutorial.py
[2021-02-07 15:06:07,003] {scheduler_job.py:637} INFO - DAG(s) dict_keys(['tutorial']) retrieved from /home/airflow/.local/lib/python3.8/site-packages/airflow/example_dags/tutorial.py
[2021-02-07 15:06:07,252] {logging_mixin.py:104} INFO - [2021-02-07 15:06:07,252] {dag.py:1818} INFO - Sync 1 DAGs
[2021-02-07 15:06:07,403] {logging_mixin.py:104} INFO - [2021-02-07 15:06:07,401] {dag.py:2273} INFO - Setting next_dagrun for tutorial to 2021-02-05 00:00:00+00:00
[2021-02-07 15:06:07,576] {scheduler_job.py:189} INFO - Processing /home/airflow/.local/lib/python3.8/site-packages/airflow/example_dags/tutorial.py took 0.752 seconds
[2021-02-07 15:06:38,596] {scheduler_job.py:181} INFO - Started process (PID=139) to work on /home/airflow/.local/lib/python3.8/site-packages/airflow/example_dags/tutorial.py
[2021-02-07 15:06:38,598] {scheduler_job.py:627} INFO - Processing file /home/airflow/.local/lib/python3.8/site-packages/airflow/example_dags/tutorial.py for tasks to queue
[2021-02-07 15:06:38,600] {logging_mixin.py:104} INFO - [2021-02-07 15:06:38,600] {dagbag.py:449} INFO - Filling up the DagBag from /home/airflow/.local/lib/python3.8/site-packages/airflow/example_dags/tutorial.py
[2021-02-07 15:06:38,612] {scheduler_job.py:637} INFO - DAG(s) dict_keys(['tutorial']) retrieved from /home/airflow/.local/lib/python3.8/site-packages/airflow/example_dags/tutorial.py
[2021-02-07 15:06:38,648] {logging_mixin.py:104} INFO - [2021-02-07 15:06:38,647] {dag.py:1818} INFO - Sync 1 DAGs
[2021-02-07 15:06:38,664] {logging_mixin.py:104} INFO - [2021-02-07 15:06:38,664] {dag.py:2273} INFO - Setting next_dagrun for tutorial to 2021-02-05 00:00:00+00:00
[2021-02-07 15:06:38,680] {scheduler_job.py:189} INFO - Processing /home/airflow/.local/lib/python3.8/site-packages/airflow/example_dags/tutorial.py took 0.087 seconds
[2021-02-07 15:07:08,927] {scheduler_job.py:181} INFO - Started process (PID=165) to work on /home/airflow/.local/lib/python3.8/site-packages/airflow/example_dags/tutorial.py
[2021-02-07 15:07:08,930] {scheduler_job.py:627} INFO - Processing file /home/airflow/.local/lib/python3.8/site-packages/airflow/example_dags/tutorial.py for tasks to queue
[2021-02-07 15:07:08,931] {logging_mixin.py:104} INFO - [2021-02-07 15:07:08,931] {dagbag.py:449} INFO - Filling up the DagBag from /home/airflow/.local/lib/python3.8/site-packages/airflow/example_dags/tutorial.py
[2021-02-07 15:07:08,942] {scheduler_job.py:637} INFO - DAG(s) dict_keys(['tutorial']) retrieved from /home/airflow/.local/lib/python3.8/site-packages/airflow/example_dags/tutorial.py
[2021-02-07 15:07:08,972] {logging_mixin.py:104} INFO - [2021-02-07 15:07:08,972] {dag.py:1818} INFO - Sync 1 DAGs
[2021-02-07 15:07:08,994] {logging_mixin.py:104} INFO - [2021-02-07 15:07:08,993] {dag.py:2273} INFO - Setting next_dagrun for tutorial to 2021-02-05 00:00:00+00:00
[2021-02-07 15:07:09,010] {scheduler_job.py:189} INFO - Processing /home/airflow/.local/lib/python3.8/site-packages/airflow/example_dags/tutorial.py took 0.091 seconds
[2021-02-07 15:07:39,104] {scheduler_job.py:181} INFO - Started process (PID=191) to work on /home/airflow/.local/lib/python3.8/site-packages/airflow/example_dags/tutorial.py
[2021-02-07 15:07:39,106] {scheduler_job.py:627} INFO - Processing file /home/airflow/.local/lib/python3.8/site-packages/airflow/example_dags/tutorial.py for tasks to queue
[2021-02-07 15:07:39,108] {logging_mixin.py:104} INFO - [2021-02-07 15:07:39,108] {dagbag.py:449} INFO - Filling up the DagBag from /home/airflow/.local/lib/python3.8/site-packages/airflow/example_dags/tutorial.py
[2021-02-07 15:07:39,123] {scheduler_job.py:637} INFO - DAG(s) dict_keys(['tutorial']) retrieved from /home/airflow/.local/lib/python3.8/site-packages/airflow/example_dags/tutorial.py
[2021-02-07 15:07:39,149] {logging_mixin.py:104} INFO - [2021-02-07 15:07:39,149] {dag.py:1818} INFO - Sync 1 DAGs
[2021-02-07 15:07:39,166] {logging_mixin.py:104} INFO - [2021-02-07 15:07:39,166] {dag.py:2273} INFO - Setting next_dagrun for tutorial to 2021-02-05 00:00:00+00:00
[2021-02-07 15:07:39,186] {scheduler_job.py:189} INFO - Processing /home/airflow/.local/lib/python3.8/site-packages/airflow/example_dags/tutorial.py took 0.086 seconds
[2021-02-07 15:08:09,365] {scheduler_job.py:181} INFO - Started process (PID=217) to work on /home/airflow/.local/lib/python3.8/site-packages/airflow/example_dags/tutorial.py
[2021-02-07 15:08:09,369] {scheduler_job.py:627} INFO - Processing file /home/airflow/.local/lib/python3.8/site-packages/airflow/example_dags/tutorial.py for tasks to queue
[2021-02-07 15:08:09,371] {logging_mixin.py:104} INFO - [2021-02-07 15:08:09,371] {dagbag.py:449} INFO - Filling up the DagBag from /home/airflow/.local/lib/python3.8/site-packages/airflow/example_dags/tutorial.py
[2021-02-07 15:08:09,389] {scheduler_job.py:637} INFO - DAG(s) dict_keys(['tutorial']) retrieved from /home/airflow/.local/lib/python3.8/site-packages/airflow/example_dags/tutorial.py
[2021-02-07 15:08:09,436] {logging_mixin.py:104} INFO - [2021-02-07 15:08:09,436] {dag.py:1818} INFO - Sync 1 DAGs
[2021-02-07 15:08:09,452] {logging_mixin.py:104} INFO - [2021-02-07 15:08:09,452] {dag.py:2273} INFO - Setting next_dagrun for tutorial to 2021-02-05 00:00:00+00:00
[2021-02-07 15:08:09,465] {scheduler_job.py:189} INFO - Processing /home/airflow/.local/lib/python3.8/site-packages/airflow/example_dags/tutorial.py took 0.107 seconds
[2021-02-07 15:08:39,725] {scheduler_job.py:181} INFO - Started process (PID=243) to work on /home/airflow/.local/lib/python3.8/site-packages/airflow/example_dags/tutorial.py
[2021-02-07 15:08:39,727] {scheduler_job.py:627} INFO - Processing file /home/airflow/.local/lib/python3.8/site-packages/airflow/example_dags/tutorial.py for tasks to queue
[2021-02-07 15:08:39,729] {logging_mixin.py:104} INFO - [2021-02-07 15:08:39,729] {dagbag.py:449} INFO - Filling up the DagBag from /home/airflow/.local/lib/python3.8/site-packages/airflow/example_dags/tutorial.py
[2021-02-07 15:08:39,747] {scheduler_job.py:637} INFO - DAG(s) dict_keys(['tutorial']) retrieved from /home/airflow/.local/lib/python3.8/site-packages/airflow/example_dags/tutorial.py
[2021-02-07 15:08:39,783] {logging_mixin.py:104} INFO - [2021-02-07 15:08:39,783] {dag.py:1818} INFO - Sync 1 DAGs
[2021-02-07 15:08:39,802] {logging_mixin.py:104} INFO - [2021-02-07 15:08:39,802] {dag.py:2273} INFO - Setting next_dagrun for tutorial to 2021-02-05 00:00:00+00:00
[2021-02-07 15:08:39,831] {scheduler_job.py:189} INFO - Processing /home/airflow/.local/lib/python3.8/site-packages/airflow/example_dags/tutorial.py took 0.110 seconds
[2021-02-07 15:09:10,032] {scheduler_job.py:181} INFO - Started process (PID=269) to work on /home/airflow/.local/lib/python3.8/site-packages/airflow/example_dags/tutorial.py
[2021-02-07 15:09:10,033] {scheduler_job.py:627} INFO - Processing file /home/airflow/.local/lib/python3.8/site-packages/airflow/example_dags/tutorial.py for tasks to queue
[2021-02-07 15:09:10,035] {logging_mixin.py:104} INFO - [2021-02-07 15:09:10,035] {dagbag.py:449} INFO - Filling up the DagBag from /home/airflow/.local/lib/python3.8/site-packages/airflow/example_dags/tutorial.py
[2021-02-07 15:09:10,052] {scheduler_job.py:637} INFO - DAG(s) dict_keys(['tutorial']) retrieved from /home/airflow/.local/lib/python3.8/site-packages/airflow/example_dags/tutorial.py
[2021-02-07 15:09:10,106] {logging_mixin.py:104} INFO - [2021-02-07 15:09:10,106] {dag.py:1818} INFO - Sync 1 DAGs
[2021-02-07 15:09:10,125] {logging_mixin.py:104} INFO - [2021-02-07 15:09:10,125] {dag.py:2273} INFO - Setting next_dagrun for tutorial to 2021-02-05 00:00:00+00:00
[2021-02-07 15:09:10,141] {scheduler_job.py:189} INFO - Processing /home/airflow/.local/lib/python3.8/site-packages/airflow/example_dags/tutorial.py took 0.114 seconds
[2021-02-07 15:09:40,456] {scheduler_job.py:181} INFO - Started process (PID=295) to work on /home/airflow/.local/lib/python3.8/site-packages/airflow/example_dags/tutorial.py
[2021-02-07 15:09:40,459] {scheduler_job.py:627} INFO - Processing file /home/airflow/.local/lib/python3.8/site-packages/airflow/example_dags/tutorial.py for tasks to queue
[2021-02-07 15:09:40,461] {logging_mixin.py:104} INFO - [2021-02-07 15:09:40,461] {dagbag.py:449} INFO - Filling up the DagBag from /home/airflow/.local/lib/python3.8/site-packages/airflow/example_dags/tutorial.py
[2021-02-07 15:09:40,471] {scheduler_job.py:637} INFO - DAG(s) dict_keys(['tutorial']) retrieved from /home/airflow/.local/lib/python3.8/site-packages/airflow/example_dags/tutorial.py
[2021-02-07 15:09:40,503] {logging_mixin.py:104} INFO - [2021-02-07 15:09:40,503] {dag.py:1818} INFO - Sync 1 DAGs
[2021-02-07 15:09:40,537] {logging_mixin.py:104} INFO - [2021-02-07 15:09:40,536] {dag.py:2273} INFO - Setting next_dagrun for tutorial to 2021-02-05 00:00:00+00:00
[2021-02-07 15:09:40,550] {scheduler_job.py:189} INFO - Processing /home/airflow/.local/lib/python3.8/site-packages/airflow/example_dags/tutorial.py took 0.098 seconds
[2021-02-07 15:10:11,187] {scheduler_job.py:181} INFO - Started process (PID=321) to work on /home/airflow/.local/lib/python3.8/site-packages/airflow/example_dags/tutorial.py
[2021-02-07 15:10:11,195] {scheduler_job.py:627} INFO - Processing file /home/airflow/.local/lib/python3.8/site-packages/airflow/example_dags/tutorial.py for tasks to queue
[2021-02-07 15:10:11,197] {logging_mixin.py:104} INFO - [2021-02-07 15:10:11,197] {dagbag.py:449} INFO - Filling up the DagBag from /home/airflow/.local/lib/python3.8/site-packages/airflow/example_dags/tutorial.py
[2021-02-07 15:10:11,208] {scheduler_job.py:637} INFO - DAG(s) dict_keys(['tutorial']) retrieved from /home/airflow/.local/lib/python3.8/site-packages/airflow/example_dags/tutorial.py
[2021-02-07 15:10:11,237] {logging_mixin.py:104} INFO - [2021-02-07 15:10:11,237] {dag.py:1818} INFO - Sync 1 DAGs
[2021-02-07 15:10:11,252] {logging_mixin.py:104} INFO - [2021-02-07 15:10:11,252] {dag.py:2273} INFO - Setting next_dagrun for tutorial to 2021-02-05 00:00:00+00:00
[2021-02-07 15:10:11,266] {scheduler_job.py:189} INFO - Processing /home/airflow/.local/lib/python3.8/site-packages/airflow/example_dags/tutorial.py took 0.084 seconds
[2021-02-07 15:11:38,384] {scheduler_job.py:181} INFO - Started process (PID=341) to work on /home/airflow/.local/lib/python3.8/site-packages/airflow/example_dags/tutorial.py
[2021-02-07 15:11:38,396] {scheduler_job.py:627} INFO - Processing file /home/airflow/.local/lib/python3.8/site-packages/airflow/example_dags/tutorial.py for tasks to queue
[2021-02-07 15:11:38,407] {logging_mixin.py:104} INFO - [2021-02-07 15:11:38,406] {dagbag.py:449} INFO - Filling up the DagBag from /home/airflow/.local/lib/python3.8/site-packages/airflow/example_dags/tutorial.py
[2021-02-07 15:11:38,494] {scheduler_job.py:637} INFO - DAG(s) dict_keys(['tutorial']) retrieved from /home/airflow/.local/lib/python3.8/site-packages/airflow/example_dags/tutorial.py
[2021-02-07 15:11:38,703] {logging_mixin.py:104} INFO - [2021-02-07 15:11:38,702] {dag.py:1818} INFO - Sync 1 DAGs
[2021-02-07 15:11:38,782] {logging_mixin.py:104} INFO - [2021-02-07 15:11:38,782] {dag.py:2273} INFO - Setting next_dagrun for tutorial to 2021-02-05 00:00:00+00:00
[2021-02-07 15:11:38,868] {scheduler_job.py:189} INFO - Processing /home/airflow/.local/lib/python3.8/site-packages/airflow/example_dags/tutorial.py took 0.513 seconds
[2021-02-07 19:10:20,317] {scheduler_job.py:181} INFO - Started process (PID=367) to work on /home/airflow/.local/lib/python3.8/site-packages/airflow/example_dags/tutorial.py
[2021-02-07 19:10:20,322] {scheduler_job.py:627} INFO - Processing file /home/airflow/.local/lib/python3.8/site-packages/airflow/example_dags/tutorial.py for tasks to queue
[2021-02-07 19:10:20,324] {logging_mixin.py:104} INFO - [2021-02-07 19:10:20,324] {dagbag.py:449} INFO - Filling up the DagBag from /home/airflow/.local/lib/python3.8/site-packages/airflow/example_dags/tutorial.py
[2021-02-07 19:10:20,339] {scheduler_job.py:637} INFO - DAG(s) dict_keys(['tutorial']) retrieved from /home/airflow/.local/lib/python3.8/site-packages/airflow/example_dags/tutorial.py
[2021-02-07 19:10:20,375] {logging_mixin.py:104} INFO - [2021-02-07 19:10:20,374] {dag.py:1818} INFO - Sync 1 DAGs
[2021-02-07 19:10:20,409] {logging_mixin.py:104} INFO - [2021-02-07 19:10:20,409] {dag.py:2273} INFO - Setting next_dagrun for tutorial to 2021-02-05 00:00:00+00:00
[2021-02-07 19:10:20,444] {scheduler_job.py:189} INFO - Processing /home/airflow/.local/lib/python3.8/site-packages/airflow/example_dags/tutorial.py took 0.133 seconds
[2021-02-07 21:10:34,518] {scheduler_job.py:181} INFO - Started process (PID=393) to work on /home/airflow/.local/lib/python3.8/site-packages/airflow/example_dags/tutorial.py
[2021-02-07 21:10:34,526] {scheduler_job.py:627} INFO - Processing file /home/airflow/.local/lib/python3.8/site-packages/airflow/example_dags/tutorial.py for tasks to queue
[2021-02-07 21:10:34,528] {logging_mixin.py:104} INFO - [2021-02-07 21:10:34,528] {dagbag.py:449} INFO - Filling up the DagBag from /home/airflow/.local/lib/python3.8/site-packages/airflow/example_dags/tutorial.py
[2021-02-07 21:10:34,550] {scheduler_job.py:637} INFO - DAG(s) dict_keys(['tutorial']) retrieved from /home/airflow/.local/lib/python3.8/site-packages/airflow/example_dags/tutorial.py
[2021-02-07 21:10:34,620] {logging_mixin.py:104} INFO - [2021-02-07 21:10:34,620] {dag.py:1818} INFO - Sync 1 DAGs
[2021-02-07 21:10:34,683] {logging_mixin.py:104} INFO - [2021-02-07 21:10:34,683] {dag.py:2273} INFO - Setting next_dagrun for tutorial to 2021-02-05 00:00:00+00:00
[2021-02-07 21:10:34,714] {scheduler_job.py:189} INFO - Processing /home/airflow/.local/lib/python3.8/site-packages/airflow/example_dags/tutorial.py took 0.208 seconds
[2021-02-07 21:45:32,275] {scheduler_job.py:181} INFO - Started process (PID=419) to work on /home/airflow/.local/lib/python3.8/site-packages/airflow/example_dags/tutorial.py
[2021-02-07 21:45:32,281] {scheduler_job.py:627} INFO - Processing file /home/airflow/.local/lib/python3.8/site-packages/airflow/example_dags/tutorial.py for tasks to queue
[2021-02-07 21:45:32,284] {logging_mixin.py:104} INFO - [2021-02-07 21:45:32,284] {dagbag.py:449} INFO - Filling up the DagBag from /home/airflow/.local/lib/python3.8/site-packages/airflow/example_dags/tutorial.py
[2021-02-07 21:45:32,304] {scheduler_job.py:637} INFO - DAG(s) dict_keys(['tutorial']) retrieved from /home/airflow/.local/lib/python3.8/site-packages/airflow/example_dags/tutorial.py
[2021-02-07 21:45:32,356] {logging_mixin.py:104} INFO - [2021-02-07 21:45:32,356] {dag.py:1818} INFO - Sync 1 DAGs
[2021-02-07 21:45:32,401] {logging_mixin.py:104} INFO - [2021-02-07 21:45:32,401] {dag.py:2273} INFO - Setting next_dagrun for tutorial to 2021-02-05 00:00:00+00:00
[2021-02-07 21:45:32,438] {scheduler_job.py:189} INFO - Processing /home/airflow/.local/lib/python3.8/site-packages/airflow/example_dags/tutorial.py took 0.170 seconds
[2021-02-07 21:46:02,687] {scheduler_job.py:181} INFO - Started process (PID=445) to work on /home/airflow/.local/lib/python3.8/site-packages/airflow/example_dags/tutorial.py
[2021-02-07 21:46:02,694] {scheduler_job.py:627} INFO - Processing file /home/airflow/.local/lib/python3.8/site-packages/airflow/example_dags/tutorial.py for tasks to queue
[2021-02-07 21:46:02,697] {logging_mixin.py:104} INFO - [2021-02-07 21:46:02,696] {dagbag.py:449} INFO - Filling up the DagBag from /home/airflow/.local/lib/python3.8/site-packages/airflow/example_dags/tutorial.py
[2021-02-07 21:46:02,717] {scheduler_job.py:637} INFO - DAG(s) dict_keys(['tutorial']) retrieved from /home/airflow/.local/lib/python3.8/site-packages/airflow/example_dags/tutorial.py
[2021-02-07 21:46:02,768] {logging_mixin.py:104} INFO - [2021-02-07 21:46:02,768] {dag.py:1818} INFO - Sync 1 DAGs
[2021-02-07 21:46:02,799] {logging_mixin.py:104} INFO - [2021-02-07 21:46:02,799] {dag.py:2273} INFO - Setting next_dagrun for tutorial to 2021-02-05 00:00:00+00:00
[2021-02-07 21:46:02,829] {scheduler_job.py:189} INFO - Processing /home/airflow/.local/lib/python3.8/site-packages/airflow/example_dags/tutorial.py took 0.150 seconds
[2021-02-07 21:46:32,891] {scheduler_job.py:181} INFO - Started process (PID=470) to work on /home/airflow/.local/lib/python3.8/site-packages/airflow/example_dags/tutorial.py
[2021-02-07 21:46:32,895] {scheduler_job.py:627} INFO - Processing file /home/airflow/.local/lib/python3.8/site-packages/airflow/example_dags/tutorial.py for tasks to queue
[2021-02-07 21:46:32,898] {logging_mixin.py:104} INFO - [2021-02-07 21:46:32,898] {dagbag.py:449} INFO - Filling up the DagBag from /home/airflow/.local/lib/python3.8/site-packages/airflow/example_dags/tutorial.py
[2021-02-07 21:46:32,913] {scheduler_job.py:637} INFO - DAG(s) dict_keys(['tutorial']) retrieved from /home/airflow/.local/lib/python3.8/site-packages/airflow/example_dags/tutorial.py
[2021-02-07 21:46:32,947] {logging_mixin.py:104} INFO - [2021-02-07 21:46:32,946] {dag.py:1818} INFO - Sync 1 DAGs
[2021-02-07 21:46:32,969] {logging_mixin.py:104} INFO - [2021-02-07 21:46:32,969] {dag.py:2273} INFO - Setting next_dagrun for tutorial to 2021-02-05 00:00:00+00:00
[2021-02-07 21:46:32,984] {scheduler_job.py:189} INFO - Processing /home/airflow/.local/lib/python3.8/site-packages/airflow/example_dags/tutorial.py took 0.100 seconds
[2021-02-07 21:47:08,946] {scheduler_job.py:181} INFO - Started process (PID=497) to work on /home/airflow/.local/lib/python3.8/site-packages/airflow/example_dags/tutorial.py
[2021-02-07 21:47:08,950] {scheduler_job.py:627} INFO - Processing file /home/airflow/.local/lib/python3.8/site-packages/airflow/example_dags/tutorial.py for tasks to queue
[2021-02-07 21:47:08,956] {logging_mixin.py:104} INFO - [2021-02-07 21:47:08,955] {dagbag.py:449} INFO - Filling up the DagBag from /home/airflow/.local/lib/python3.8/site-packages/airflow/example_dags/tutorial.py
[2021-02-07 21:47:08,978] {scheduler_job.py:637} INFO - DAG(s) dict_keys(['tutorial']) retrieved from /home/airflow/.local/lib/python3.8/site-packages/airflow/example_dags/tutorial.py
[2021-02-07 21:47:09,052] {logging_mixin.py:104} INFO - [2021-02-07 21:47:09,052] {dag.py:1818} INFO - Sync 1 DAGs
[2021-02-07 21:47:09,097] {logging_mixin.py:104} INFO - [2021-02-07 21:47:09,096] {dag.py:2273} INFO - Setting next_dagrun for tutorial to 2021-02-05 00:00:00+00:00
[2021-02-07 21:47:09,125] {scheduler_job.py:189} INFO - Processing /home/airflow/.local/lib/python3.8/site-packages/airflow/example_dags/tutorial.py took 0.188 seconds
[2021-02-07 21:47:39,291] {scheduler_job.py:181} INFO - Started process (PID=523) to work on /home/airflow/.local/lib/python3.8/site-packages/airflow/example_dags/tutorial.py
[2021-02-07 21:47:39,295] {scheduler_job.py:627} INFO - Processing file /home/airflow/.local/lib/python3.8/site-packages/airflow/example_dags/tutorial.py for tasks to queue
[2021-02-07 21:47:39,298] {logging_mixin.py:104} INFO - [2021-02-07 21:47:39,297] {dagbag.py:449} INFO - Filling up the DagBag from /home/airflow/.local/lib/python3.8/site-packages/airflow/example_dags/tutorial.py
[2021-02-07 21:47:39,314] {scheduler_job.py:637} INFO - DAG(s) dict_keys(['tutorial']) retrieved from /home/airflow/.local/lib/python3.8/site-packages/airflow/example_dags/tutorial.py
[2021-02-07 21:47:39,387] {logging_mixin.py:104} INFO - [2021-02-07 21:47:39,387] {dag.py:1818} INFO - Sync 1 DAGs
[2021-02-07 21:47:39,411] {logging_mixin.py:104} INFO - [2021-02-07 21:47:39,411] {dag.py:2273} INFO - Setting next_dagrun for tutorial to 2021-02-05 00:00:00+00:00
[2021-02-07 21:47:39,430] {scheduler_job.py:189} INFO - Processing /home/airflow/.local/lib/python3.8/site-packages/airflow/example_dags/tutorial.py took 0.148 seconds
[2021-02-07 21:48:09,700] {scheduler_job.py:181} INFO - Started process (PID=549) to work on /home/airflow/.local/lib/python3.8/site-packages/airflow/example_dags/tutorial.py
[2021-02-07 21:48:09,704] {scheduler_job.py:627} INFO - Processing file /home/airflow/.local/lib/python3.8/site-packages/airflow/example_dags/tutorial.py for tasks to queue
[2021-02-07 21:48:09,708] {logging_mixin.py:104} INFO - [2021-02-07 21:48:09,707] {dagbag.py:449} INFO - Filling up the DagBag from /home/airflow/.local/lib/python3.8/site-packages/airflow/example_dags/tutorial.py
[2021-02-07 21:48:09,725] {scheduler_job.py:637} INFO - DAG(s) dict_keys(['tutorial']) retrieved from /home/airflow/.local/lib/python3.8/site-packages/airflow/example_dags/tutorial.py
[2021-02-07 21:48:09,771] {logging_mixin.py:104} INFO - [2021-02-07 21:48:09,771] {dag.py:1818} INFO - Sync 1 DAGs
[2021-02-07 21:48:09,835] {logging_mixin.py:104} INFO - [2021-02-07 21:48:09,835] {dag.py:2273} INFO - Setting next_dagrun for tutorial to 2021-02-05 00:00:00+00:00
[2021-02-07 21:48:09,860] {scheduler_job.py:189} INFO - Processing /home/airflow/.local/lib/python3.8/site-packages/airflow/example_dags/tutorial.py took 0.175 seconds
[2021-02-07 21:48:40,574] {scheduler_job.py:181} INFO - Started process (PID=574) to work on /home/airflow/.local/lib/python3.8/site-packages/airflow/example_dags/tutorial.py
[2021-02-07 21:48:40,587] {scheduler_job.py:627} INFO - Processing file /home/airflow/.local/lib/python3.8/site-packages/airflow/example_dags/tutorial.py for tasks to queue
[2021-02-07 21:48:40,603] {logging_mixin.py:104} INFO - [2021-02-07 21:48:40,601] {dagbag.py:449} INFO - Filling up the DagBag from /home/airflow/.local/lib/python3.8/site-packages/airflow/example_dags/tutorial.py
[2021-02-07 21:48:40,757] {scheduler_job.py:637} INFO - DAG(s) dict_keys(['tutorial']) retrieved from /home/airflow/.local/lib/python3.8/site-packages/airflow/example_dags/tutorial.py
[2021-02-07 21:48:40,800] {logging_mixin.py:104} INFO - [2021-02-07 21:48:40,800] {dag.py:1818} INFO - Sync 1 DAGs
[2021-02-07 21:48:40,824] {logging_mixin.py:104} INFO - [2021-02-07 21:48:40,823] {dag.py:2273} INFO - Setting next_dagrun for tutorial to 2021-02-05 00:00:00+00:00
[2021-02-07 21:48:40,851] {scheduler_job.py:189} INFO - Processing /home/airflow/.local/lib/python3.8/site-packages/airflow/example_dags/tutorial.py took 0.297 seconds
[2021-02-07 21:49:11,257] {scheduler_job.py:181} INFO - Started process (PID=600) to work on /home/airflow/.local/lib/python3.8/site-packages/airflow/example_dags/tutorial.py
[2021-02-07 21:49:11,259] {scheduler_job.py:627} INFO - Processing file /home/airflow/.local/lib/python3.8/site-packages/airflow/example_dags/tutorial.py for tasks to queue
[2021-02-07 21:49:11,261] {logging_mixin.py:104} INFO - [2021-02-07 21:49:11,261] {dagbag.py:449} INFO - Filling up the DagBag from /home/airflow/.local/lib/python3.8/site-packages/airflow/example_dags/tutorial.py
[2021-02-07 21:49:11,272] {scheduler_job.py:637} INFO - DAG(s) dict_keys(['tutorial']) retrieved from /home/airflow/.local/lib/python3.8/site-packages/airflow/example_dags/tutorial.py
[2021-02-07 21:49:11,298] {logging_mixin.py:104} INFO - [2021-02-07 21:49:11,298] {dag.py:1818} INFO - Sync 1 DAGs
[2021-02-07 21:49:11,314] {logging_mixin.py:104} INFO - [2021-02-07 21:49:11,314] {dag.py:2273} INFO - Setting next_dagrun for tutorial to 2021-02-05 00:00:00+00:00
[2021-02-07 21:49:11,326] {scheduler_job.py:189} INFO - Processing /home/airflow/.local/lib/python3.8/site-packages/airflow/example_dags/tutorial.py took 0.073 seconds
[2021-02-07 21:49:43,434] {scheduler_job.py:181} INFO - Started process (PID=627) to work on /home/airflow/.local/lib/python3.8/site-packages/airflow/example_dags/tutorial.py
[2021-02-07 21:49:43,451] {scheduler_job.py:627} INFO - Processing file /home/airflow/.local/lib/python3.8/site-packages/airflow/example_dags/tutorial.py for tasks to queue
[2021-02-07 21:49:43,462] {logging_mixin.py:104} INFO - [2021-02-07 21:49:43,460] {dagbag.py:449} INFO - Filling up the DagBag from /home/airflow/.local/lib/python3.8/site-packages/airflow/example_dags/tutorial.py
[2021-02-07 21:49:43,573] {scheduler_job.py:637} INFO - DAG(s) dict_keys(['tutorial']) retrieved from /home/airflow/.local/lib/python3.8/site-packages/airflow/example_dags/tutorial.py
[2021-02-07 21:49:43,773] {logging_mixin.py:104} INFO - [2021-02-07 21:49:43,772] {dag.py:1818} INFO - Sync 1 DAGs
[2021-02-07 21:49:43,950] {logging_mixin.py:104} INFO - [2021-02-07 21:49:43,949] {dag.py:2273} INFO - Setting next_dagrun for tutorial to 2021-02-05 00:00:00+00:00
[2021-02-07 21:49:44,055] {scheduler_job.py:189} INFO - Processing /home/airflow/.local/lib/python3.8/site-packages/airflow/example_dags/tutorial.py took 0.650 seconds
[2021-02-07 21:50:14,794] {scheduler_job.py:181} INFO - Started process (PID=653) to work on /home/airflow/.local/lib/python3.8/site-packages/airflow/example_dags/tutorial.py
[2021-02-07 21:50:14,795] {scheduler_job.py:627} INFO - Processing file /home/airflow/.local/lib/python3.8/site-packages/airflow/example_dags/tutorial.py for tasks to queue
[2021-02-07 21:50:14,796] {logging_mixin.py:104} INFO - [2021-02-07 21:50:14,796] {dagbag.py:449} INFO - Filling up the DagBag from /home/airflow/.local/lib/python3.8/site-packages/airflow/example_dags/tutorial.py
[2021-02-07 21:50:14,811] {scheduler_job.py:637} INFO - DAG(s) dict_keys(['tutorial']) retrieved from /home/airflow/.local/lib/python3.8/site-packages/airflow/example_dags/tutorial.py
[2021-02-07 21:50:14,841] {logging_mixin.py:104} INFO - [2021-02-07 21:50:14,841] {dag.py:1818} INFO - Sync 1 DAGs
[2021-02-07 21:50:14,859] {logging_mixin.py:104} INFO - [2021-02-07 21:50:14,858] {dag.py:2273} INFO - Setting next_dagrun for tutorial to 2021-02-05 00:00:00+00:00
[2021-02-07 21:50:14,871] {scheduler_job.py:189} INFO - Processing /home/airflow/.local/lib/python3.8/site-packages/airflow/example_dags/tutorial.py took 0.084 seconds
[2021-02-07 21:50:45,494] {scheduler_job.py:181} INFO - Started process (PID=679) to work on /home/airflow/.local/lib/python3.8/site-packages/airflow/example_dags/tutorial.py
[2021-02-07 21:50:45,496] {scheduler_job.py:627} INFO - Processing file /home/airflow/.local/lib/python3.8/site-packages/airflow/example_dags/tutorial.py for tasks to queue
[2021-02-07 21:50:45,498] {logging_mixin.py:104} INFO - [2021-02-07 21:50:45,498] {dagbag.py:449} INFO - Filling up the DagBag from /home/airflow/.local/lib/python3.8/site-packages/airflow/example_dags/tutorial.py
[2021-02-07 21:50:45,511] {scheduler_job.py:637} INFO - DAG(s) dict_keys(['tutorial']) retrieved from /home/airflow/.local/lib/python3.8/site-packages/airflow/example_dags/tutorial.py
[2021-02-07 21:50:45,553] {logging_mixin.py:104} INFO - [2021-02-07 21:50:45,553] {dag.py:1818} INFO - Sync 1 DAGs
[2021-02-07 21:50:45,579] {logging_mixin.py:104} INFO - [2021-02-07 21:50:45,579] {dag.py:2273} INFO - Setting next_dagrun for tutorial to 2021-02-05 00:00:00+00:00
[2021-02-07 21:50:45,595] {scheduler_job.py:189} INFO - Processing /home/airflow/.local/lib/python3.8/site-packages/airflow/example_dags/tutorial.py took 0.106 seconds
[2021-02-07 21:51:16,178] {scheduler_job.py:181} INFO - Started process (PID=705) to work on /home/airflow/.local/lib/python3.8/site-packages/airflow/example_dags/tutorial.py
[2021-02-07 21:51:16,203] {scheduler_job.py:627} INFO - Processing file /home/airflow/.local/lib/python3.8/site-packages/airflow/example_dags/tutorial.py for tasks to queue
[2021-02-07 21:51:16,215] {logging_mixin.py:104} INFO - [2021-02-07 21:51:16,214] {dagbag.py:449} INFO - Filling up the DagBag from /home/airflow/.local/lib/python3.8/site-packages/airflow/example_dags/tutorial.py
[2021-02-07 21:51:16,262] {scheduler_job.py:637} INFO - DAG(s) dict_keys(['tutorial']) retrieved from /home/airflow/.local/lib/python3.8/site-packages/airflow/example_dags/tutorial.py
[2021-02-07 21:51:16,303] {logging_mixin.py:104} INFO - [2021-02-07 21:51:16,302] {dag.py:1818} INFO - Sync 1 DAGs
[2021-02-07 21:51:16,325] {logging_mixin.py:104} INFO - [2021-02-07 21:51:16,325] {dag.py:2273} INFO - Setting next_dagrun for tutorial to 2021-02-05 00:00:00+00:00
[2021-02-07 21:51:16,345] {scheduler_job.py:189} INFO - Processing /home/airflow/.local/lib/python3.8/site-packages/airflow/example_dags/tutorial.py took 0.203 seconds
[2021-02-07 21:51:47,062] {scheduler_job.py:181} INFO - Started process (PID=731) to work on /home/airflow/.local/lib/python3.8/site-packages/airflow/example_dags/tutorial.py
[2021-02-07 21:51:47,064] {scheduler_job.py:627} INFO - Processing file /home/airflow/.local/lib/python3.8/site-packages/airflow/example_dags/tutorial.py for tasks to queue
[2021-02-07 21:51:47,066] {logging_mixin.py:104} INFO - [2021-02-07 21:51:47,066] {dagbag.py:449} INFO - Filling up the DagBag from /home/airflow/.local/lib/python3.8/site-packages/airflow/example_dags/tutorial.py
[2021-02-07 21:51:47,085] {scheduler_job.py:637} INFO - DAG(s) dict_keys(['tutorial']) retrieved from /home/airflow/.local/lib/python3.8/site-packages/airflow/example_dags/tutorial.py
[2021-02-07 21:51:47,113] {logging_mixin.py:104} INFO - [2021-02-07 21:51:47,113] {dag.py:1818} INFO - Sync 1 DAGs
[2021-02-07 21:51:47,128] {logging_mixin.py:104} INFO - [2021-02-07 21:51:47,128] {dag.py:2273} INFO - Setting next_dagrun for tutorial to 2021-02-05 00:00:00+00:00
[2021-02-07 21:51:47,140] {scheduler_job.py:189} INFO - Processing /home/airflow/.local/lib/python3.8/site-packages/airflow/example_dags/tutorial.py took 0.082 seconds
[2021-02-07 21:52:17,867] {scheduler_job.py:181} INFO - Started process (PID=757) to work on /home/airflow/.local/lib/python3.8/site-packages/airflow/example_dags/tutorial.py
[2021-02-07 21:52:17,873] {scheduler_job.py:627} INFO - Processing file /home/airflow/.local/lib/python3.8/site-packages/airflow/example_dags/tutorial.py for tasks to queue
[2021-02-07 21:52:17,882] {logging_mixin.py:104} INFO - [2021-02-07 21:52:17,881] {dagbag.py:449} INFO - Filling up the DagBag from /home/airflow/.local/lib/python3.8/site-packages/airflow/example_dags/tutorial.py
[2021-02-07 21:52:17,960] {scheduler_job.py:637} INFO - DAG(s) dict_keys(['tutorial']) retrieved from /home/airflow/.local/lib/python3.8/site-packages/airflow/example_dags/tutorial.py
[2021-02-07 21:52:18,138] {logging_mixin.py:104} INFO - [2021-02-07 21:52:18,136] {dag.py:1818} INFO - Sync 1 DAGs
[2021-02-07 21:52:18,251] {logging_mixin.py:104} INFO - [2021-02-07 21:52:18,251] {dag.py:2273} INFO - Setting next_dagrun for tutorial to 2021-02-05 00:00:00+00:00
[2021-02-07 21:52:18,320] {scheduler_job.py:189} INFO - Processing /home/airflow/.local/lib/python3.8/site-packages/airflow/example_dags/tutorial.py took 0.477 seconds
[2021-02-07 21:52:48,523] {scheduler_job.py:181} INFO - Started process (PID=783) to work on /home/airflow/.local/lib/python3.8/site-packages/airflow/example_dags/tutorial.py
[2021-02-07 21:52:48,527] {scheduler_job.py:627} INFO - Processing file /home/airflow/.local/lib/python3.8/site-packages/airflow/example_dags/tutorial.py for tasks to queue
[2021-02-07 21:52:48,529] {logging_mixin.py:104} INFO - [2021-02-07 21:52:48,529] {dagbag.py:449} INFO - Filling up the DagBag from /home/airflow/.local/lib/python3.8/site-packages/airflow/example_dags/tutorial.py
[2021-02-07 21:52:48,545] {scheduler_job.py:637} INFO - DAG(s) dict_keys(['tutorial']) retrieved from /home/airflow/.local/lib/python3.8/site-packages/airflow/example_dags/tutorial.py
[2021-02-07 21:52:48,573] {logging_mixin.py:104} INFO - [2021-02-07 21:52:48,573] {dag.py:1818} INFO - Sync 1 DAGs
[2021-02-07 21:52:48,589] {logging_mixin.py:104} INFO - [2021-02-07 21:52:48,589] {dag.py:2273} INFO - Setting next_dagrun for tutorial to 2021-02-05 00:00:00+00:00
[2021-02-07 21:52:48,601] {scheduler_job.py:189} INFO - Processing /home/airflow/.local/lib/python3.8/site-packages/airflow/example_dags/tutorial.py took 0.083 seconds
[2021-02-07 21:53:19,413] {scheduler_job.py:181} INFO - Started process (PID=809) to work on /home/airflow/.local/lib/python3.8/site-packages/airflow/example_dags/tutorial.py
[2021-02-07 21:53:19,415] {scheduler_job.py:627} INFO - Processing file /home/airflow/.local/lib/python3.8/site-packages/airflow/example_dags/tutorial.py for tasks to queue
[2021-02-07 21:53:19,417] {logging_mixin.py:104} INFO - [2021-02-07 21:53:19,417] {dagbag.py:449} INFO - Filling up the DagBag from /home/airflow/.local/lib/python3.8/site-packages/airflow/example_dags/tutorial.py
[2021-02-07 21:53:19,433] {scheduler_job.py:637} INFO - DAG(s) dict_keys(['tutorial']) retrieved from /home/airflow/.local/lib/python3.8/site-packages/airflow/example_dags/tutorial.py
[2021-02-07 21:53:19,463] {logging_mixin.py:104} INFO - [2021-02-07 21:53:19,463] {dag.py:1818} INFO - Sync 1 DAGs
[2021-02-07 21:53:19,490] {logging_mixin.py:104} INFO - [2021-02-07 21:53:19,490] {dag.py:2273} INFO - Setting next_dagrun for tutorial to 2021-02-05 00:00:00+00:00
[2021-02-07 21:53:19,560] {scheduler_job.py:189} INFO - Processing /home/airflow/.local/lib/python3.8/site-packages/airflow/example_dags/tutorial.py took 0.156 seconds
[2021-02-07 21:53:50,371] {scheduler_job.py:181} INFO - Started process (PID=842) to work on /home/airflow/.local/lib/python3.8/site-packages/airflow/example_dags/tutorial.py
[2021-02-07 21:53:50,373] {scheduler_job.py:627} INFO - Processing file /home/airflow/.local/lib/python3.8/site-packages/airflow/example_dags/tutorial.py for tasks to queue
[2021-02-07 21:53:50,375] {logging_mixin.py:104} INFO - [2021-02-07 21:53:50,374] {dagbag.py:449} INFO - Filling up the DagBag from /home/airflow/.local/lib/python3.8/site-packages/airflow/example_dags/tutorial.py
[2021-02-07 21:53:50,387] {scheduler_job.py:637} INFO - DAG(s) dict_keys(['tutorial']) retrieved from /home/airflow/.local/lib/python3.8/site-packages/airflow/example_dags/tutorial.py
[2021-02-07 21:53:50,417] {logging_mixin.py:104} INFO - [2021-02-07 21:53:50,417] {dag.py:1818} INFO - Sync 1 DAGs
[2021-02-07 21:53:50,434] {logging_mixin.py:104} INFO - [2021-02-07 21:53:50,434] {dag.py:2273} INFO - Setting next_dagrun for tutorial to 2021-02-05 00:00:00+00:00
[2021-02-07 21:53:50,447] {scheduler_job.py:189} INFO - Processing /home/airflow/.local/lib/python3.8/site-packages/airflow/example_dags/tutorial.py took 0.082 seconds
[2021-02-07 21:54:20,679] {scheduler_job.py:181} INFO - Started process (PID=877) to work on /home/airflow/.local/lib/python3.8/site-packages/airflow/example_dags/tutorial.py
[2021-02-07 21:54:20,682] {scheduler_job.py:627} INFO - Processing file /home/airflow/.local/lib/python3.8/site-packages/airflow/example_dags/tutorial.py for tasks to queue
[2021-02-07 21:54:20,684] {logging_mixin.py:104} INFO - [2021-02-07 21:54:20,684] {dagbag.py:449} INFO - Filling up the DagBag from /home/airflow/.local/lib/python3.8/site-packages/airflow/example_dags/tutorial.py
[2021-02-07 21:54:20,697] {scheduler_job.py:637} INFO - DAG(s) dict_keys(['tutorial']) retrieved from /home/airflow/.local/lib/python3.8/site-packages/airflow/example_dags/tutorial.py
[2021-02-07 21:54:20,730] {logging_mixin.py:104} INFO - [2021-02-07 21:54:20,730] {dag.py:1818} INFO - Sync 1 DAGs
[2021-02-07 21:54:20,746] {logging_mixin.py:104} INFO - [2021-02-07 21:54:20,745] {dag.py:2273} INFO - Setting next_dagrun for tutorial to 2021-02-05 00:00:00+00:00
[2021-02-07 21:54:20,757] {scheduler_job.py:189} INFO - Processing /home/airflow/.local/lib/python3.8/site-packages/airflow/example_dags/tutorial.py took 0.083 seconds
[2021-02-07 21:54:51,819] {scheduler_job.py:181} INFO - Started process (PID=903) to work on /home/airflow/.local/lib/python3.8/site-packages/airflow/example_dags/tutorial.py
[2021-02-07 21:54:51,822] {scheduler_job.py:627} INFO - Processing file /home/airflow/.local/lib/python3.8/site-packages/airflow/example_dags/tutorial.py for tasks to queue
[2021-02-07 21:54:51,825] {logging_mixin.py:104} INFO - [2021-02-07 21:54:51,825] {dagbag.py:449} INFO - Filling up the DagBag from /home/airflow/.local/lib/python3.8/site-packages/airflow/example_dags/tutorial.py
[2021-02-07 21:54:51,839] {scheduler_job.py:637} INFO - DAG(s) dict_keys(['tutorial']) retrieved from /home/airflow/.local/lib/python3.8/site-packages/airflow/example_dags/tutorial.py
[2021-02-07 21:54:51,873] {logging_mixin.py:104} INFO - [2021-02-07 21:54:51,873] {dag.py:1818} INFO - Sync 1 DAGs
[2021-02-07 21:54:51,896] {logging_mixin.py:104} INFO - [2021-02-07 21:54:51,896] {dag.py:2273} INFO - Setting next_dagrun for tutorial to 2021-02-05 00:00:00+00:00
[2021-02-07 21:54:51,912] {scheduler_job.py:189} INFO - Processing /home/airflow/.local/lib/python3.8/site-packages/airflow/example_dags/tutorial.py took 0.100 seconds
[2021-02-07 21:55:22,198] {scheduler_job.py:181} INFO - Started process (PID=929) to work on /home/airflow/.local/lib/python3.8/site-packages/airflow/example_dags/tutorial.py
[2021-02-07 21:55:22,206] {scheduler_job.py:627} INFO - Processing file /home/airflow/.local/lib/python3.8/site-packages/airflow/example_dags/tutorial.py for tasks to queue
[2021-02-07 21:55:22,208] {logging_mixin.py:104} INFO - [2021-02-07 21:55:22,208] {dagbag.py:449} INFO - Filling up the DagBag from /home/airflow/.local/lib/python3.8/site-packages/airflow/example_dags/tutorial.py
[2021-02-07 21:55:22,241] {scheduler_job.py:637} INFO - DAG(s) dict_keys(['tutorial']) retrieved from /home/airflow/.local/lib/python3.8/site-packages/airflow/example_dags/tutorial.py
[2021-02-07 21:55:22,325] {logging_mixin.py:104} INFO - [2021-02-07 21:55:22,324] {dag.py:1818} INFO - Sync 1 DAGs
[2021-02-07 21:55:22,369] {logging_mixin.py:104} INFO - [2021-02-07 21:55:22,368] {dag.py:2273} INFO - Setting next_dagrun for tutorial to 2021-02-05 00:00:00+00:00
[2021-02-07 21:55:22,408] {scheduler_job.py:189} INFO - Processing /home/airflow/.local/lib/python3.8/site-packages/airflow/example_dags/tutorial.py took 0.219 seconds
[2021-02-07 21:55:52,587] {scheduler_job.py:181} INFO - Started process (PID=955) to work on /home/airflow/.local/lib/python3.8/site-packages/airflow/example_dags/tutorial.py
[2021-02-07 21:55:52,590] {scheduler_job.py:627} INFO - Processing file /home/airflow/.local/lib/python3.8/site-packages/airflow/example_dags/tutorial.py for tasks to queue
[2021-02-07 21:55:52,593] {logging_mixin.py:104} INFO - [2021-02-07 21:55:52,593] {dagbag.py:449} INFO - Filling up the DagBag from /home/airflow/.local/lib/python3.8/site-packages/airflow/example_dags/tutorial.py
[2021-02-07 21:55:52,609] {scheduler_job.py:637} INFO - DAG(s) dict_keys(['tutorial']) retrieved from /home/airflow/.local/lib/python3.8/site-packages/airflow/example_dags/tutorial.py
[2021-02-07 21:55:52,646] {logging_mixin.py:104} INFO - [2021-02-07 21:55:52,646] {dag.py:1818} INFO - Sync 1 DAGs
[2021-02-07 21:55:52,668] {logging_mixin.py:104} INFO - [2021-02-07 21:55:52,667] {dag.py:2273} INFO - Setting next_dagrun for tutorial to 2021-02-05 00:00:00+00:00
[2021-02-07 21:55:52,690] {scheduler_job.py:189} INFO - Processing /home/airflow/.local/lib/python3.8/site-packages/airflow/example_dags/tutorial.py took 0.108 seconds
[2021-02-07 21:56:22,848] {scheduler_job.py:181} INFO - Started process (PID=981) to work on /home/airflow/.local/lib/python3.8/site-packages/airflow/example_dags/tutorial.py
[2021-02-07 21:56:22,851] {scheduler_job.py:627} INFO - Processing file /home/airflow/.local/lib/python3.8/site-packages/airflow/example_dags/tutorial.py for tasks to queue
[2021-02-07 21:56:22,854] {logging_mixin.py:104} INFO - [2021-02-07 21:56:22,854] {dagbag.py:449} INFO - Filling up the DagBag from /home/airflow/.local/lib/python3.8/site-packages/airflow/example_dags/tutorial.py
[2021-02-07 21:56:22,874] {scheduler_job.py:637} INFO - DAG(s) dict_keys(['tutorial']) retrieved from /home/airflow/.local/lib/python3.8/site-packages/airflow/example_dags/tutorial.py
[2021-02-07 21:56:22,938] {logging_mixin.py:104} INFO - [2021-02-07 21:56:22,938] {dag.py:1818} INFO - Sync 1 DAGs
[2021-02-07 21:56:22,960] {logging_mixin.py:104} INFO - [2021-02-07 21:56:22,960] {dag.py:2273} INFO - Setting next_dagrun for tutorial to 2021-02-05 00:00:00+00:00
[2021-02-07 21:56:22,982] {scheduler_job.py:189} INFO - Processing /home/airflow/.local/lib/python3.8/site-packages/airflow/example_dags/tutorial.py took 0.141 seconds
[2021-02-07 21:56:53,036] {scheduler_job.py:181} INFO - Started process (PID=1007) to work on /home/airflow/.local/lib/python3.8/site-packages/airflow/example_dags/tutorial.py
[2021-02-07 21:56:53,039] {scheduler_job.py:627} INFO - Processing file /home/airflow/.local/lib/python3.8/site-packages/airflow/example_dags/tutorial.py for tasks to queue
[2021-02-07 21:56:53,041] {logging_mixin.py:104} INFO - [2021-02-07 21:56:53,041] {dagbag.py:449} INFO - Filling up the DagBag from /home/airflow/.local/lib/python3.8/site-packages/airflow/example_dags/tutorial.py
[2021-02-07 21:56:53,060] {scheduler_job.py:637} INFO - DAG(s) dict_keys(['tutorial']) retrieved from /home/airflow/.local/lib/python3.8/site-packages/airflow/example_dags/tutorial.py
[2021-02-07 21:56:53,099] {logging_mixin.py:104} INFO - [2021-02-07 21:56:53,099] {dag.py:1818} INFO - Sync 1 DAGs
[2021-02-07 21:56:53,120] {logging_mixin.py:104} INFO - [2021-02-07 21:56:53,120] {dag.py:2273} INFO - Setting next_dagrun for tutorial to 2021-02-05 00:00:00+00:00
[2021-02-07 21:56:53,146] {scheduler_job.py:189} INFO - Processing /home/airflow/.local/lib/python3.8/site-packages/airflow/example_dags/tutorial.py took 0.116 seconds
[2021-02-07 21:57:23,220] {scheduler_job.py:181} INFO - Started process (PID=1033) to work on /home/airflow/.local/lib/python3.8/site-packages/airflow/example_dags/tutorial.py
[2021-02-07 21:57:23,222] {scheduler_job.py:627} INFO - Processing file /home/airflow/.local/lib/python3.8/site-packages/airflow/example_dags/tutorial.py for tasks to queue
[2021-02-07 21:57:23,224] {logging_mixin.py:104} INFO - [2021-02-07 21:57:23,224] {dagbag.py:449} INFO - Filling up the DagBag from /home/airflow/.local/lib/python3.8/site-packages/airflow/example_dags/tutorial.py
[2021-02-07 21:57:23,237] {scheduler_job.py:637} INFO - DAG(s) dict_keys(['tutorial']) retrieved from /home/airflow/.local/lib/python3.8/site-packages/airflow/example_dags/tutorial.py
[2021-02-07 21:57:23,262] {logging_mixin.py:104} INFO - [2021-02-07 21:57:23,261] {dag.py:1818} INFO - Sync 1 DAGs
[2021-02-07 21:57:23,286] {logging_mixin.py:104} INFO - [2021-02-07 21:57:23,286] {dag.py:2273} INFO - Setting next_dagrun for tutorial to 2021-02-05 00:00:00+00:00
[2021-02-07 21:57:23,301] {scheduler_job.py:189} INFO - Processing /home/airflow/.local/lib/python3.8/site-packages/airflow/example_dags/tutorial.py took 0.086 seconds
[2021-02-07 21:57:53,607] {scheduler_job.py:181} INFO - Started process (PID=1059) to work on /home/airflow/.local/lib/python3.8/site-packages/airflow/example_dags/tutorial.py
[2021-02-07 21:57:53,610] {scheduler_job.py:627} INFO - Processing file /home/airflow/.local/lib/python3.8/site-packages/airflow/example_dags/tutorial.py for tasks to queue
[2021-02-07 21:57:53,612] {logging_mixin.py:104} INFO - [2021-02-07 21:57:53,612] {dagbag.py:449} INFO - Filling up the DagBag from /home/airflow/.local/lib/python3.8/site-packages/airflow/example_dags/tutorial.py
[2021-02-07 21:57:53,624] {scheduler_job.py:637} INFO - DAG(s) dict_keys(['tutorial']) retrieved from /home/airflow/.local/lib/python3.8/site-packages/airflow/example_dags/tutorial.py
[2021-02-07 21:57:53,649] {logging_mixin.py:104} INFO - [2021-02-07 21:57:53,649] {dag.py:1818} INFO - Sync 1 DAGs
[2021-02-07 21:57:53,664] {logging_mixin.py:104} INFO - [2021-02-07 21:57:53,664] {dag.py:2273} INFO - Setting next_dagrun for tutorial to 2021-02-05 00:00:00+00:00
[2021-02-07 21:57:53,676] {scheduler_job.py:189} INFO - Processing /home/airflow/.local/lib/python3.8/site-packages/airflow/example_dags/tutorial.py took 0.073 seconds
[2021-02-07 21:58:24,192] {scheduler_job.py:181} INFO - Started process (PID=1085) to work on /home/airflow/.local/lib/python3.8/site-packages/airflow/example_dags/tutorial.py
[2021-02-07 21:58:24,196] {scheduler_job.py:627} INFO - Processing file /home/airflow/.local/lib/python3.8/site-packages/airflow/example_dags/tutorial.py for tasks to queue
[2021-02-07 21:58:24,198] {logging_mixin.py:104} INFO - [2021-02-07 21:58:24,198] {dagbag.py:449} INFO - Filling up the DagBag from /home/airflow/.local/lib/python3.8/site-packages/airflow/example_dags/tutorial.py
[2021-02-07 21:58:24,215] {scheduler_job.py:637} INFO - DAG(s) dict_keys(['tutorial']) retrieved from /home/airflow/.local/lib/python3.8/site-packages/airflow/example_dags/tutorial.py
[2021-02-07 21:58:24,252] {logging_mixin.py:104} INFO - [2021-02-07 21:58:24,251] {dag.py:1818} INFO - Sync 1 DAGs
[2021-02-07 21:58:24,273] {logging_mixin.py:104} INFO - [2021-02-07 21:58:24,272] {dag.py:2273} INFO - Setting next_dagrun for tutorial to 2021-02-05 00:00:00+00:00
[2021-02-07 21:58:24,302] {scheduler_job.py:189} INFO - Processing /home/airflow/.local/lib/python3.8/site-packages/airflow/example_dags/tutorial.py took 0.116 seconds
[2021-02-07 21:58:54,489] {scheduler_job.py:181} INFO - Started process (PID=1111) to work on /home/airflow/.local/lib/python3.8/site-packages/airflow/example_dags/tutorial.py
[2021-02-07 21:58:54,495] {scheduler_job.py:627} INFO - Processing file /home/airflow/.local/lib/python3.8/site-packages/airflow/example_dags/tutorial.py for tasks to queue
[2021-02-07 21:58:54,499] {logging_mixin.py:104} INFO - [2021-02-07 21:58:54,498] {dagbag.py:449} INFO - Filling up the DagBag from /home/airflow/.local/lib/python3.8/site-packages/airflow/example_dags/tutorial.py
[2021-02-07 21:58:54,575] {scheduler_job.py:637} INFO - DAG(s) dict_keys(['tutorial']) retrieved from /home/airflow/.local/lib/python3.8/site-packages/airflow/example_dags/tutorial.py
[2021-02-07 21:58:54,725] {logging_mixin.py:104} INFO - [2021-02-07 21:58:54,725] {dag.py:1818} INFO - Sync 1 DAGs
[2021-02-07 21:58:54,796] {logging_mixin.py:104} INFO - [2021-02-07 21:58:54,795] {dag.py:2273} INFO - Setting next_dagrun for tutorial to 2021-02-05 00:00:00+00:00
[2021-02-07 21:58:54,825] {scheduler_job.py:189} INFO - Processing /home/airflow/.local/lib/python3.8/site-packages/airflow/example_dags/tutorial.py took 0.370 seconds
[2021-02-07 21:59:25,667] {scheduler_job.py:181} INFO - Started process (PID=1137) to work on /home/airflow/.local/lib/python3.8/site-packages/airflow/example_dags/tutorial.py
[2021-02-07 21:59:25,672] {scheduler_job.py:627} INFO - Processing file /home/airflow/.local/lib/python3.8/site-packages/airflow/example_dags/tutorial.py for tasks to queue
[2021-02-07 21:59:25,674] {logging_mixin.py:104} INFO - [2021-02-07 21:59:25,674] {dagbag.py:449} INFO - Filling up the DagBag from /home/airflow/.local/lib/python3.8/site-packages/airflow/example_dags/tutorial.py
[2021-02-07 21:59:25,691] {scheduler_job.py:637} INFO - DAG(s) dict_keys(['tutorial']) retrieved from /home/airflow/.local/lib/python3.8/site-packages/airflow/example_dags/tutorial.py
[2021-02-07 21:59:25,745] {logging_mixin.py:104} INFO - [2021-02-07 21:59:25,745] {dag.py:1818} INFO - Sync 1 DAGs
[2021-02-07 21:59:25,837] {logging_mixin.py:104} INFO - [2021-02-07 21:59:25,836] {dag.py:2273} INFO - Setting next_dagrun for tutorial to 2021-02-05 00:00:00+00:00
[2021-02-07 21:59:25,899] {scheduler_job.py:189} INFO - Processing /home/airflow/.local/lib/python3.8/site-packages/airflow/example_dags/tutorial.py took 0.241 seconds
[2021-02-07 21:59:55,989] {scheduler_job.py:181} INFO - Started process (PID=1163) to work on /home/airflow/.local/lib/python3.8/site-packages/airflow/example_dags/tutorial.py
[2021-02-07 21:59:55,991] {scheduler_job.py:627} INFO - Processing file /home/airflow/.local/lib/python3.8/site-packages/airflow/example_dags/tutorial.py for tasks to queue
[2021-02-07 21:59:55,995] {logging_mixin.py:104} INFO - [2021-02-07 21:59:55,995] {dagbag.py:449} INFO - Filling up the DagBag from /home/airflow/.local/lib/python3.8/site-packages/airflow/example_dags/tutorial.py
[2021-02-07 21:59:56,013] {scheduler_job.py:637} INFO - DAG(s) dict_keys(['tutorial']) retrieved from /home/airflow/.local/lib/python3.8/site-packages/airflow/example_dags/tutorial.py
[2021-02-07 21:59:56,062] {logging_mixin.py:104} INFO - [2021-02-07 21:59:56,062] {dag.py:1818} INFO - Sync 1 DAGs
[2021-02-07 21:59:56,092] {logging_mixin.py:104} INFO - [2021-02-07 21:59:56,091] {dag.py:2273} INFO - Setting next_dagrun for tutorial to 2021-02-05 00:00:00+00:00
[2021-02-07 21:59:56,115] {scheduler_job.py:189} INFO - Processing /home/airflow/.local/lib/python3.8/site-packages/airflow/example_dags/tutorial.py took 0.140 seconds
[2021-02-07 22:00:26,422] {scheduler_job.py:181} INFO - Started process (PID=1189) to work on /home/airflow/.local/lib/python3.8/site-packages/airflow/example_dags/tutorial.py
[2021-02-07 22:00:26,425] {scheduler_job.py:627} INFO - Processing file /home/airflow/.local/lib/python3.8/site-packages/airflow/example_dags/tutorial.py for tasks to queue
[2021-02-07 22:00:26,428] {logging_mixin.py:104} INFO - [2021-02-07 22:00:26,427] {dagbag.py:449} INFO - Filling up the DagBag from /home/airflow/.local/lib/python3.8/site-packages/airflow/example_dags/tutorial.py
[2021-02-07 22:00:26,444] {scheduler_job.py:637} INFO - DAG(s) dict_keys(['tutorial']) retrieved from /home/airflow/.local/lib/python3.8/site-packages/airflow/example_dags/tutorial.py
[2021-02-07 22:00:26,484] {logging_mixin.py:104} INFO - [2021-02-07 22:00:26,484] {dag.py:1818} INFO - Sync 1 DAGs
[2021-02-07 22:00:26,505] {logging_mixin.py:104} INFO - [2021-02-07 22:00:26,505] {dag.py:2273} INFO - Setting next_dagrun for tutorial to 2021-02-05 00:00:00+00:00
[2021-02-07 22:00:26,526] {scheduler_job.py:189} INFO - Processing /home/airflow/.local/lib/python3.8/site-packages/airflow/example_dags/tutorial.py took 0.120 seconds
[2021-02-07 22:00:56,709] {scheduler_job.py:181} INFO - Started process (PID=1215) to work on /home/airflow/.local/lib/python3.8/site-packages/airflow/example_dags/tutorial.py
[2021-02-07 22:00:56,712] {scheduler_job.py:627} INFO - Processing file /home/airflow/.local/lib/python3.8/site-packages/airflow/example_dags/tutorial.py for tasks to queue
[2021-02-07 22:00:56,716] {logging_mixin.py:104} INFO - [2021-02-07 22:00:56,716] {dagbag.py:449} INFO - Filling up the DagBag from /home/airflow/.local/lib/python3.8/site-packages/airflow/example_dags/tutorial.py
[2021-02-07 22:00:56,736] {scheduler_job.py:637} INFO - DAG(s) dict_keys(['tutorial']) retrieved from /home/airflow/.local/lib/python3.8/site-packages/airflow/example_dags/tutorial.py
[2021-02-07 22:00:56,787] {logging_mixin.py:104} INFO - [2021-02-07 22:00:56,787] {dag.py:1818} INFO - Sync 1 DAGs
[2021-02-07 22:00:56,816] {logging_mixin.py:104} INFO - [2021-02-07 22:00:56,815] {dag.py:2273} INFO - Setting next_dagrun for tutorial to 2021-02-05 00:00:00+00:00
[2021-02-07 22:00:56,836] {scheduler_job.py:189} INFO - Processing /home/airflow/.local/lib/python3.8/site-packages/airflow/example_dags/tutorial.py took 0.134 seconds
[2021-02-07 22:01:28,696] {scheduler_job.py:181} INFO - Started process (PID=1241) to work on /home/airflow/.local/lib/python3.8/site-packages/airflow/example_dags/tutorial.py
[2021-02-07 22:01:28,711] {scheduler_job.py:627} INFO - Processing file /home/airflow/.local/lib/python3.8/site-packages/airflow/example_dags/tutorial.py for tasks to queue
[2021-02-07 22:01:28,724] {logging_mixin.py:104} INFO - [2021-02-07 22:01:28,722] {dagbag.py:449} INFO - Filling up the DagBag from /home/airflow/.local/lib/python3.8/site-packages/airflow/example_dags/tutorial.py
[2021-02-07 22:01:28,823] {scheduler_job.py:637} INFO - DAG(s) dict_keys(['tutorial']) retrieved from /home/airflow/.local/lib/python3.8/site-packages/airflow/example_dags/tutorial.py
[2021-02-07 22:01:28,905] {logging_mixin.py:104} INFO - [2021-02-07 22:01:28,905] {dag.py:1818} INFO - Sync 1 DAGs
[2021-02-07 22:01:28,945] {logging_mixin.py:104} INFO - [2021-02-07 22:01:28,944] {dag.py:2273} INFO - Setting next_dagrun for tutorial to 2021-02-05 00:00:00+00:00
[2021-02-07 22:01:28,982] {scheduler_job.py:189} INFO - Processing /home/airflow/.local/lib/python3.8/site-packages/airflow/example_dags/tutorial.py took 0.322 seconds
[2021-02-07 22:01:59,385] {scheduler_job.py:181} INFO - Started process (PID=1266) to work on /home/airflow/.local/lib/python3.8/site-packages/airflow/example_dags/tutorial.py
[2021-02-07 22:01:59,392] {scheduler_job.py:627} INFO - Processing file /home/airflow/.local/lib/python3.8/site-packages/airflow/example_dags/tutorial.py for tasks to queue
[2021-02-07 22:01:59,395] {logging_mixin.py:104} INFO - [2021-02-07 22:01:59,395] {dagbag.py:449} INFO - Filling up the DagBag from /home/airflow/.local/lib/python3.8/site-packages/airflow/example_dags/tutorial.py
[2021-02-07 22:01:59,416] {scheduler_job.py:637} INFO - DAG(s) dict_keys(['tutorial']) retrieved from /home/airflow/.local/lib/python3.8/site-packages/airflow/example_dags/tutorial.py
[2021-02-07 22:01:59,456] {logging_mixin.py:104} INFO - [2021-02-07 22:01:59,456] {dag.py:1818} INFO - Sync 1 DAGs
[2021-02-07 22:01:59,479] {logging_mixin.py:104} INFO - [2021-02-07 22:01:59,479] {dag.py:2273} INFO - Setting next_dagrun for tutorial to 2021-02-05 00:00:00+00:00
[2021-02-07 22:01:59,501] {scheduler_job.py:189} INFO - Processing /home/airflow/.local/lib/python3.8/site-packages/airflow/example_dags/tutorial.py took 0.130 seconds
[2021-02-07 22:02:29,680] {scheduler_job.py:181} INFO - Started process (PID=1292) to work on /home/airflow/.local/lib/python3.8/site-packages/airflow/example_dags/tutorial.py
[2021-02-07 22:02:29,684] {scheduler_job.py:627} INFO - Processing file /home/airflow/.local/lib/python3.8/site-packages/airflow/example_dags/tutorial.py for tasks to queue
[2021-02-07 22:02:29,687] {logging_mixin.py:104} INFO - [2021-02-07 22:02:29,687] {dagbag.py:449} INFO - Filling up the DagBag from /home/airflow/.local/lib/python3.8/site-packages/airflow/example_dags/tutorial.py
[2021-02-07 22:02:29,703] {scheduler_job.py:637} INFO - DAG(s) dict_keys(['tutorial']) retrieved from /home/airflow/.local/lib/python3.8/site-packages/airflow/example_dags/tutorial.py
[2021-02-07 22:02:29,739] {logging_mixin.py:104} INFO - [2021-02-07 22:02:29,739] {dag.py:1818} INFO - Sync 1 DAGs
[2021-02-07 22:02:29,759] {logging_mixin.py:104} INFO - [2021-02-07 22:02:29,759] {dag.py:2273} INFO - Setting next_dagrun for tutorial to 2021-02-05 00:00:00+00:00
[2021-02-07 22:02:29,786] {scheduler_job.py:189} INFO - Processing /home/airflow/.local/lib/python3.8/site-packages/airflow/example_dags/tutorial.py took 0.113 seconds
[2021-02-07 22:02:59,906] {scheduler_job.py:181} INFO - Started process (PID=1318) to work on /home/airflow/.local/lib/python3.8/site-packages/airflow/example_dags/tutorial.py
[2021-02-07 22:02:59,909] {scheduler_job.py:627} INFO - Processing file /home/airflow/.local/lib/python3.8/site-packages/airflow/example_dags/tutorial.py for tasks to queue
[2021-02-07 22:02:59,911] {logging_mixin.py:104} INFO - [2021-02-07 22:02:59,911] {dagbag.py:449} INFO - Filling up the DagBag from /home/airflow/.local/lib/python3.8/site-packages/airflow/example_dags/tutorial.py
[2021-02-07 22:02:59,929] {scheduler_job.py:637} INFO - DAG(s) dict_keys(['tutorial']) retrieved from /home/airflow/.local/lib/python3.8/site-packages/airflow/example_dags/tutorial.py
[2021-02-07 22:02:59,972] {logging_mixin.py:104} INFO - [2021-02-07 22:02:59,971] {dag.py:1818} INFO - Sync 1 DAGs
[2021-02-07 22:02:59,994] {logging_mixin.py:104} INFO - [2021-02-07 22:02:59,994] {dag.py:2273} INFO - Setting next_dagrun for tutorial to 2021-02-05 00:00:00+00:00
[2021-02-07 22:03:00,012] {scheduler_job.py:189} INFO - Processing /home/airflow/.local/lib/python3.8/site-packages/airflow/example_dags/tutorial.py took 0.114 seconds
[2021-02-07 22:03:31,418] {scheduler_job.py:181} INFO - Started process (PID=1344) to work on /home/airflow/.local/lib/python3.8/site-packages/airflow/example_dags/tutorial.py
[2021-02-07 22:03:31,434] {scheduler_job.py:627} INFO - Processing file /home/airflow/.local/lib/python3.8/site-packages/airflow/example_dags/tutorial.py for tasks to queue
[2021-02-07 22:03:31,448] {logging_mixin.py:104} INFO - [2021-02-07 22:03:31,446] {dagbag.py:449} INFO - Filling up the DagBag from /home/airflow/.local/lib/python3.8/site-packages/airflow/example_dags/tutorial.py
[2021-02-07 22:03:31,548] {scheduler_job.py:637} INFO - DAG(s) dict_keys(['tutorial']) retrieved from /home/airflow/.local/lib/python3.8/site-packages/airflow/example_dags/tutorial.py
[2021-02-07 22:03:31,746] {logging_mixin.py:104} INFO - [2021-02-07 22:03:31,745] {dag.py:1818} INFO - Sync 1 DAGs
[2021-02-07 22:03:31,936] {logging_mixin.py:104} INFO - [2021-02-07 22:03:31,936] {dag.py:2273} INFO - Setting next_dagrun for tutorial to 2021-02-05 00:00:00+00:00
[2021-02-07 22:03:32,056] {scheduler_job.py:189} INFO - Processing /home/airflow/.local/lib/python3.8/site-packages/airflow/example_dags/tutorial.py took 0.664 seconds
[2021-02-07 22:04:03,009] {scheduler_job.py:181} INFO - Started process (PID=1370) to work on /home/airflow/.local/lib/python3.8/site-packages/airflow/example_dags/tutorial.py
[2021-02-07 22:04:03,012] {scheduler_job.py:627} INFO - Processing file /home/airflow/.local/lib/python3.8/site-packages/airflow/example_dags/tutorial.py for tasks to queue
[2021-02-07 22:04:03,015] {logging_mixin.py:104} INFO - [2021-02-07 22:04:03,014] {dagbag.py:449} INFO - Filling up the DagBag from /home/airflow/.local/lib/python3.8/site-packages/airflow/example_dags/tutorial.py
[2021-02-07 22:04:03,042] {scheduler_job.py:637} INFO - DAG(s) dict_keys(['tutorial']) retrieved from /home/airflow/.local/lib/python3.8/site-packages/airflow/example_dags/tutorial.py
[2021-02-07 22:04:03,095] {logging_mixin.py:104} INFO - [2021-02-07 22:04:03,095] {dag.py:1818} INFO - Sync 1 DAGs
[2021-02-07 22:04:03,132] {logging_mixin.py:104} INFO - [2021-02-07 22:04:03,132] {dag.py:2273} INFO - Setting next_dagrun for tutorial to 2021-02-05 00:00:00+00:00
[2021-02-07 22:04:03,156] {scheduler_job.py:189} INFO - Processing /home/airflow/.local/lib/python3.8/site-packages/airflow/example_dags/tutorial.py took 0.157 seconds
[2021-02-07 22:04:33,622] {scheduler_job.py:181} INFO - Started process (PID=1396) to work on /home/airflow/.local/lib/python3.8/site-packages/airflow/example_dags/tutorial.py
[2021-02-07 22:04:33,631] {scheduler_job.py:627} INFO - Processing file /home/airflow/.local/lib/python3.8/site-packages/airflow/example_dags/tutorial.py for tasks to queue
[2021-02-07 22:04:33,634] {logging_mixin.py:104} INFO - [2021-02-07 22:04:33,633] {dagbag.py:449} INFO - Filling up the DagBag from /home/airflow/.local/lib/python3.8/site-packages/airflow/example_dags/tutorial.py
[2021-02-07 22:04:33,648] {scheduler_job.py:637} INFO - DAG(s) dict_keys(['tutorial']) retrieved from /home/airflow/.local/lib/python3.8/site-packages/airflow/example_dags/tutorial.py
[2021-02-07 22:04:33,687] {logging_mixin.py:104} INFO - [2021-02-07 22:04:33,687] {dag.py:1818} INFO - Sync 1 DAGs
[2021-02-07 22:04:33,707] {logging_mixin.py:104} INFO - [2021-02-07 22:04:33,707] {dag.py:2273} INFO - Setting next_dagrun for tutorial to 2021-02-05 00:00:00+00:00
[2021-02-07 22:04:33,723] {scheduler_job.py:189} INFO - Processing /home/airflow/.local/lib/python3.8/site-packages/airflow/example_dags/tutorial.py took 0.108 seconds
[2021-02-07 22:05:03,841] {scheduler_job.py:181} INFO - Started process (PID=1422) to work on /home/airflow/.local/lib/python3.8/site-packages/airflow/example_dags/tutorial.py
[2021-02-07 22:05:03,843] {scheduler_job.py:627} INFO - Processing file /home/airflow/.local/lib/python3.8/site-packages/airflow/example_dags/tutorial.py for tasks to queue
[2021-02-07 22:05:03,845] {logging_mixin.py:104} INFO - [2021-02-07 22:05:03,845] {dagbag.py:449} INFO - Filling up the DagBag from /home/airflow/.local/lib/python3.8/site-packages/airflow/example_dags/tutorial.py
[2021-02-07 22:05:03,863] {scheduler_job.py:637} INFO - DAG(s) dict_keys(['tutorial']) retrieved from /home/airflow/.local/lib/python3.8/site-packages/airflow/example_dags/tutorial.py
[2021-02-07 22:05:03,905] {logging_mixin.py:104} INFO - [2021-02-07 22:05:03,905] {dag.py:1818} INFO - Sync 1 DAGs
[2021-02-07 22:05:03,930] {logging_mixin.py:104} INFO - [2021-02-07 22:05:03,930] {dag.py:2273} INFO - Setting next_dagrun for tutorial to 2021-02-05 00:00:00+00:00
[2021-02-07 22:05:03,959] {scheduler_job.py:189} INFO - Processing /home/airflow/.local/lib/python3.8/site-packages/airflow/example_dags/tutorial.py took 0.128 seconds
[2021-02-07 22:05:34,430] {scheduler_job.py:181} INFO - Started process (PID=1448) to work on /home/airflow/.local/lib/python3.8/site-packages/airflow/example_dags/tutorial.py
[2021-02-07 22:05:34,433] {scheduler_job.py:627} INFO - Processing file /home/airflow/.local/lib/python3.8/site-packages/airflow/example_dags/tutorial.py for tasks to queue
[2021-02-07 22:05:34,435] {logging_mixin.py:104} INFO - [2021-02-07 22:05:34,435] {dagbag.py:449} INFO - Filling up the DagBag from /home/airflow/.local/lib/python3.8/site-packages/airflow/example_dags/tutorial.py
[2021-02-07 22:05:34,450] {scheduler_job.py:637} INFO - DAG(s) dict_keys(['tutorial']) retrieved from /home/airflow/.local/lib/python3.8/site-packages/airflow/example_dags/tutorial.py
[2021-02-07 22:05:34,485] {logging_mixin.py:104} INFO - [2021-02-07 22:05:34,485] {dag.py:1818} INFO - Sync 1 DAGs
[2021-02-07 22:05:34,503] {logging_mixin.py:104} INFO - [2021-02-07 22:05:34,503] {dag.py:2273} INFO - Setting next_dagrun for tutorial to 2021-02-05 00:00:00+00:00
[2021-02-07 22:05:34,523] {scheduler_job.py:189} INFO - Processing /home/airflow/.local/lib/python3.8/site-packages/airflow/example_dags/tutorial.py took 0.102 seconds
[2021-02-07 22:23:49,009] {scheduler_job.py:181} INFO - Started process (PID=1475) to work on /home/airflow/.local/lib/python3.8/site-packages/airflow/example_dags/tutorial.py
[2021-02-07 22:23:49,013] {scheduler_job.py:627} INFO - Processing file /home/airflow/.local/lib/python3.8/site-packages/airflow/example_dags/tutorial.py for tasks to queue
[2021-02-07 22:23:49,016] {logging_mixin.py:104} INFO - [2021-02-07 22:23:49,015] {dagbag.py:449} INFO - Filling up the DagBag from /home/airflow/.local/lib/python3.8/site-packages/airflow/example_dags/tutorial.py
[2021-02-07 22:23:49,051] {scheduler_job.py:637} INFO - DAG(s) dict_keys(['tutorial']) retrieved from /home/airflow/.local/lib/python3.8/site-packages/airflow/example_dags/tutorial.py
[2021-02-07 22:23:49,140] {logging_mixin.py:104} INFO - [2021-02-07 22:23:49,140] {dag.py:1818} INFO - Sync 1 DAGs
[2021-02-07 22:23:49,198] {logging_mixin.py:104} INFO - [2021-02-07 22:23:49,198] {dag.py:2273} INFO - Setting next_dagrun for tutorial to 2021-02-05 00:00:00+00:00
[2021-02-07 22:23:49,245] {scheduler_job.py:189} INFO - Processing /home/airflow/.local/lib/python3.8/site-packages/airflow/example_dags/tutorial.py took 0.242 seconds
[2021-02-07 22:24:20,739] {scheduler_job.py:181} INFO - Started process (PID=1500) to work on /home/airflow/.local/lib/python3.8/site-packages/airflow/example_dags/tutorial.py
[2021-02-07 22:24:20,747] {scheduler_job.py:627} INFO - Processing file /home/airflow/.local/lib/python3.8/site-packages/airflow/example_dags/tutorial.py for tasks to queue
[2021-02-07 22:24:20,754] {logging_mixin.py:104} INFO - [2021-02-07 22:24:20,754] {dagbag.py:449} INFO - Filling up the DagBag from /home/airflow/.local/lib/python3.8/site-packages/airflow/example_dags/tutorial.py
[2021-02-07 22:24:20,778] {scheduler_job.py:637} INFO - DAG(s) dict_keys(['tutorial']) retrieved from /home/airflow/.local/lib/python3.8/site-packages/airflow/example_dags/tutorial.py
[2021-02-07 22:24:20,876] {logging_mixin.py:104} INFO - [2021-02-07 22:24:20,876] {dag.py:1818} INFO - Sync 1 DAGs
[2021-02-07 22:24:20,908] {logging_mixin.py:104} INFO - [2021-02-07 22:24:20,908] {dag.py:2273} INFO - Setting next_dagrun for tutorial to 2021-02-05 00:00:00+00:00
[2021-02-07 22:24:20,938] {scheduler_job.py:189} INFO - Processing /home/airflow/.local/lib/python3.8/site-packages/airflow/example_dags/tutorial.py took 0.217 seconds
[2021-02-07 22:24:51,227] {scheduler_job.py:181} INFO - Started process (PID=1526) to work on /home/airflow/.local/lib/python3.8/site-packages/airflow/example_dags/tutorial.py
[2021-02-07 22:24:51,231] {scheduler_job.py:627} INFO - Processing file /home/airflow/.local/lib/python3.8/site-packages/airflow/example_dags/tutorial.py for tasks to queue
[2021-02-07 22:24:51,234] {logging_mixin.py:104} INFO - [2021-02-07 22:24:51,234] {dagbag.py:449} INFO - Filling up the DagBag from /home/airflow/.local/lib/python3.8/site-packages/airflow/example_dags/tutorial.py
[2021-02-07 22:24:51,262] {scheduler_job.py:637} INFO - DAG(s) dict_keys(['tutorial']) retrieved from /home/airflow/.local/lib/python3.8/site-packages/airflow/example_dags/tutorial.py
[2021-02-07 22:24:51,313] {logging_mixin.py:104} INFO - [2021-02-07 22:24:51,312] {dag.py:1818} INFO - Sync 1 DAGs
[2021-02-07 22:24:51,339] {logging_mixin.py:104} INFO - [2021-02-07 22:24:51,339] {dag.py:2273} INFO - Setting next_dagrun for tutorial to 2021-02-05 00:00:00+00:00
[2021-02-07 22:24:51,368] {scheduler_job.py:189} INFO - Processing /home/airflow/.local/lib/python3.8/site-packages/airflow/example_dags/tutorial.py took 0.147 seconds
[2021-02-07 22:25:21,470] {scheduler_job.py:181} INFO - Started process (PID=1552) to work on /home/airflow/.local/lib/python3.8/site-packages/airflow/example_dags/tutorial.py
[2021-02-07 22:25:21,473] {scheduler_job.py:627} INFO - Processing file /home/airflow/.local/lib/python3.8/site-packages/airflow/example_dags/tutorial.py for tasks to queue
[2021-02-07 22:25:21,475] {logging_mixin.py:104} INFO - [2021-02-07 22:25:21,475] {dagbag.py:449} INFO - Filling up the DagBag from /home/airflow/.local/lib/python3.8/site-packages/airflow/example_dags/tutorial.py
[2021-02-07 22:25:21,504] {scheduler_job.py:637} INFO - DAG(s) dict_keys(['tutorial']) retrieved from /home/airflow/.local/lib/python3.8/site-packages/airflow/example_dags/tutorial.py
[2021-02-07 22:25:21,559] {logging_mixin.py:104} INFO - [2021-02-07 22:25:21,559] {dag.py:1818} INFO - Sync 1 DAGs
[2021-02-07 22:25:21,595] {logging_mixin.py:104} INFO - [2021-02-07 22:25:21,595] {dag.py:2273} INFO - Setting next_dagrun for tutorial to 2021-02-05 00:00:00+00:00
[2021-02-07 22:25:21,624] {scheduler_job.py:189} INFO - Processing /home/airflow/.local/lib/python3.8/site-packages/airflow/example_dags/tutorial.py took 0.163 seconds
[2021-02-07 22:25:52,327] {scheduler_job.py:181} INFO - Started process (PID=1577) to work on /home/airflow/.local/lib/python3.8/site-packages/airflow/example_dags/tutorial.py
[2021-02-07 22:25:52,330] {scheduler_job.py:627} INFO - Processing file /home/airflow/.local/lib/python3.8/site-packages/airflow/example_dags/tutorial.py for tasks to queue
[2021-02-07 22:25:52,332] {logging_mixin.py:104} INFO - [2021-02-07 22:25:52,332] {dagbag.py:449} INFO - Filling up the DagBag from /home/airflow/.local/lib/python3.8/site-packages/airflow/example_dags/tutorial.py
[2021-02-07 22:25:52,344] {scheduler_job.py:637} INFO - DAG(s) dict_keys(['tutorial']) retrieved from /home/airflow/.local/lib/python3.8/site-packages/airflow/example_dags/tutorial.py
[2021-02-07 22:25:52,373] {logging_mixin.py:104} INFO - [2021-02-07 22:25:52,372] {dag.py:1818} INFO - Sync 1 DAGs
[2021-02-07 22:25:52,388] {logging_mixin.py:104} INFO - [2021-02-07 22:25:52,388] {dag.py:2273} INFO - Setting next_dagrun for tutorial to 2021-02-05 00:00:00+00:00
[2021-02-07 22:25:52,407] {scheduler_job.py:189} INFO - Processing /home/airflow/.local/lib/python3.8/site-packages/airflow/example_dags/tutorial.py took 0.084 seconds
[2021-02-07 23:26:17,971] {scheduler_job.py:181} INFO - Started process (PID=1605) to work on /home/airflow/.local/lib/python3.8/site-packages/airflow/example_dags/tutorial.py
[2021-02-07 23:26:17,975] {scheduler_job.py:627} INFO - Processing file /home/airflow/.local/lib/python3.8/site-packages/airflow/example_dags/tutorial.py for tasks to queue
[2021-02-07 23:26:17,983] {logging_mixin.py:104} INFO - [2021-02-07 23:26:17,982] {dagbag.py:449} INFO - Filling up the DagBag from /home/airflow/.local/lib/python3.8/site-packages/airflow/example_dags/tutorial.py
[2021-02-07 23:26:18,028] {scheduler_job.py:637} INFO - DAG(s) dict_keys(['tutorial']) retrieved from /home/airflow/.local/lib/python3.8/site-packages/airflow/example_dags/tutorial.py
[2021-02-07 23:26:18,094] {logging_mixin.py:104} INFO - [2021-02-07 23:26:18,094] {dag.py:1818} INFO - Sync 1 DAGs
[2021-02-07 23:26:18,123] {logging_mixin.py:104} INFO - [2021-02-07 23:26:18,123] {dag.py:2273} INFO - Setting next_dagrun for tutorial to 2021-02-05 00:00:00+00:00
[2021-02-07 23:26:18,151] {scheduler_job.py:189} INFO - Processing /home/airflow/.local/lib/python3.8/site-packages/airflow/example_dags/tutorial.py took 0.192 seconds
