[2021-02-07 14:47:39,904] {scheduler_job.py:181} INFO - Started process (PID=44) to work on /home/airflow/.local/lib/python3.8/site-packages/airflow/example_dags/tutorial_etl_dag.py
[2021-02-07 14:47:39,908] {scheduler_job.py:627} INFO - Processing file /home/airflow/.local/lib/python3.8/site-packages/airflow/example_dags/tutorial_etl_dag.py for tasks to queue
[2021-02-07 14:47:39,911] {logging_mixin.py:104} INFO - [2021-02-07 14:47:39,911] {dagbag.py:449} INFO - Filling up the DagBag from /home/airflow/.local/lib/python3.8/site-packages/airflow/example_dags/tutorial_etl_dag.py
[2021-02-07 14:47:39,940] {scheduler_job.py:637} INFO - DAG(s) dict_keys(['tutorial_etl_dag']) retrieved from /home/airflow/.local/lib/python3.8/site-packages/airflow/example_dags/tutorial_etl_dag.py
[2021-02-07 14:47:40,021] {logging_mixin.py:104} INFO - [2021-02-07 14:47:40,021] {dag.py:1818} INFO - Sync 1 DAGs
[2021-02-07 14:47:40,038] {logging_mixin.py:104} INFO - [2021-02-07 14:47:40,038] {dag.py:1837} INFO - Creating ORM DAG for tutorial_etl_dag
[2021-02-07 14:47:40,050] {logging_mixin.py:104} INFO - [2021-02-07 14:47:40,049] {dag.py:2273} INFO - Setting next_dagrun for tutorial_etl_dag to None
[2021-02-07 14:47:40,094] {scheduler_job.py:189} INFO - Processing /home/airflow/.local/lib/python3.8/site-packages/airflow/example_dags/tutorial_etl_dag.py took 0.198 seconds
[2021-02-07 14:48:12,195] {scheduler_job.py:181} INFO - Started process (PID=68) to work on /home/airflow/.local/lib/python3.8/site-packages/airflow/example_dags/tutorial_etl_dag.py
[2021-02-07 14:48:12,200] {scheduler_job.py:627} INFO - Processing file /home/airflow/.local/lib/python3.8/site-packages/airflow/example_dags/tutorial_etl_dag.py for tasks to queue
[2021-02-07 14:48:12,203] {logging_mixin.py:104} INFO - [2021-02-07 14:48:12,203] {dagbag.py:449} INFO - Filling up the DagBag from /home/airflow/.local/lib/python3.8/site-packages/airflow/example_dags/tutorial_etl_dag.py
[2021-02-07 14:48:12,231] {scheduler_job.py:637} INFO - DAG(s) dict_keys(['tutorial_etl_dag']) retrieved from /home/airflow/.local/lib/python3.8/site-packages/airflow/example_dags/tutorial_etl_dag.py
[2021-02-07 14:48:12,288] {logging_mixin.py:104} INFO - [2021-02-07 14:48:12,288] {dag.py:1818} INFO - Sync 1 DAGs
[2021-02-07 14:48:12,316] {logging_mixin.py:104} INFO - [2021-02-07 14:48:12,316] {dag.py:2273} INFO - Setting next_dagrun for tutorial_etl_dag to None
[2021-02-07 14:48:12,344] {scheduler_job.py:189} INFO - Processing /home/airflow/.local/lib/python3.8/site-packages/airflow/example_dags/tutorial_etl_dag.py took 0.157 seconds
[2021-02-07 15:04:17,291] {scheduler_job.py:181} INFO - Started process (PID=26) to work on /home/airflow/.local/lib/python3.8/site-packages/airflow/example_dags/tutorial_etl_dag.py
[2021-02-07 15:04:17,298] {scheduler_job.py:627} INFO - Processing file /home/airflow/.local/lib/python3.8/site-packages/airflow/example_dags/tutorial_etl_dag.py for tasks to queue
[2021-02-07 15:04:17,301] {logging_mixin.py:104} INFO - [2021-02-07 15:04:17,300] {dagbag.py:449} INFO - Filling up the DagBag from /home/airflow/.local/lib/python3.8/site-packages/airflow/example_dags/tutorial_etl_dag.py
[2021-02-07 15:04:17,347] {scheduler_job.py:637} INFO - DAG(s) dict_keys(['tutorial_etl_dag']) retrieved from /home/airflow/.local/lib/python3.8/site-packages/airflow/example_dags/tutorial_etl_dag.py
[2021-02-07 15:04:17,448] {logging_mixin.py:104} INFO - [2021-02-07 15:04:17,447] {dag.py:1818} INFO - Sync 1 DAGs
[2021-02-07 15:04:17,584] {logging_mixin.py:104} INFO - [2021-02-07 15:04:17,584] {dag.py:2273} INFO - Setting next_dagrun for tutorial_etl_dag to None
[2021-02-07 15:04:17,620] {scheduler_job.py:189} INFO - Processing /home/airflow/.local/lib/python3.8/site-packages/airflow/example_dags/tutorial_etl_dag.py took 0.344 seconds
[2021-02-07 15:04:48,122] {scheduler_job.py:181} INFO - Started process (PID=51) to work on /home/airflow/.local/lib/python3.8/site-packages/airflow/example_dags/tutorial_etl_dag.py
[2021-02-07 15:04:48,150] {scheduler_job.py:627} INFO - Processing file /home/airflow/.local/lib/python3.8/site-packages/airflow/example_dags/tutorial_etl_dag.py for tasks to queue
[2021-02-07 15:04:48,181] {logging_mixin.py:104} INFO - [2021-02-07 15:04:48,179] {dagbag.py:449} INFO - Filling up the DagBag from /home/airflow/.local/lib/python3.8/site-packages/airflow/example_dags/tutorial_etl_dag.py
[2021-02-07 15:04:48,388] {scheduler_job.py:637} INFO - DAG(s) dict_keys(['tutorial_etl_dag']) retrieved from /home/airflow/.local/lib/python3.8/site-packages/airflow/example_dags/tutorial_etl_dag.py
[2021-02-07 15:04:49,149] {logging_mixin.py:104} INFO - [2021-02-07 15:04:49,148] {dag.py:1818} INFO - Sync 1 DAGs
[2021-02-07 15:04:49,495] {logging_mixin.py:104} INFO - [2021-02-07 15:04:49,494] {dag.py:2273} INFO - Setting next_dagrun for tutorial_etl_dag to None
[2021-02-07 15:04:49,694] {scheduler_job.py:189} INFO - Processing /home/airflow/.local/lib/python3.8/site-packages/airflow/example_dags/tutorial_etl_dag.py took 1.661 seconds
[2021-02-07 15:05:23,579] {scheduler_job.py:181} INFO - Started process (PID=76) to work on /home/airflow/.local/lib/python3.8/site-packages/airflow/example_dags/tutorial_etl_dag.py
[2021-02-07 15:05:23,656] {scheduler_job.py:627} INFO - Processing file /home/airflow/.local/lib/python3.8/site-packages/airflow/example_dags/tutorial_etl_dag.py for tasks to queue
[2021-02-07 15:05:23,929] {logging_mixin.py:104} INFO - [2021-02-07 15:05:23,929] {dagbag.py:449} INFO - Filling up the DagBag from /home/airflow/.local/lib/python3.8/site-packages/airflow/example_dags/tutorial_etl_dag.py
[2021-02-07 15:05:24,637] {scheduler_job.py:637} INFO - DAG(s) dict_keys(['tutorial_etl_dag']) retrieved from /home/airflow/.local/lib/python3.8/site-packages/airflow/example_dags/tutorial_etl_dag.py
[2021-02-07 15:05:25,581] {logging_mixin.py:104} INFO - [2021-02-07 15:05:25,578] {dag.py:1818} INFO - Sync 1 DAGs
[2021-02-07 15:05:26,035] {logging_mixin.py:104} INFO - [2021-02-07 15:05:26,033] {dag.py:2273} INFO - Setting next_dagrun for tutorial_etl_dag to None
[2021-02-07 15:05:26,400] {scheduler_job.py:189} INFO - Processing /home/airflow/.local/lib/python3.8/site-packages/airflow/example_dags/tutorial_etl_dag.py took 3.002 seconds
[2021-02-07 15:05:57,077] {scheduler_job.py:181} INFO - Started process (PID=102) to work on /home/airflow/.local/lib/python3.8/site-packages/airflow/example_dags/tutorial_etl_dag.py
[2021-02-07 15:05:57,085] {scheduler_job.py:627} INFO - Processing file /home/airflow/.local/lib/python3.8/site-packages/airflow/example_dags/tutorial_etl_dag.py for tasks to queue
[2021-02-07 15:05:57,090] {logging_mixin.py:104} INFO - [2021-02-07 15:05:57,089] {dagbag.py:449} INFO - Filling up the DagBag from /home/airflow/.local/lib/python3.8/site-packages/airflow/example_dags/tutorial_etl_dag.py
[2021-02-07 15:05:57,136] {scheduler_job.py:637} INFO - DAG(s) dict_keys(['tutorial_etl_dag']) retrieved from /home/airflow/.local/lib/python3.8/site-packages/airflow/example_dags/tutorial_etl_dag.py
[2021-02-07 15:05:57,264] {logging_mixin.py:104} INFO - [2021-02-07 15:05:57,264] {dag.py:1818} INFO - Sync 1 DAGs
[2021-02-07 15:05:57,322] {logging_mixin.py:104} INFO - [2021-02-07 15:05:57,322] {dag.py:2273} INFO - Setting next_dagrun for tutorial_etl_dag to None
[2021-02-07 15:05:57,371] {scheduler_job.py:189} INFO - Processing /home/airflow/.local/lib/python3.8/site-packages/airflow/example_dags/tutorial_etl_dag.py took 0.311 seconds
[2021-02-07 15:06:27,914] {scheduler_job.py:181} INFO - Started process (PID=128) to work on /home/airflow/.local/lib/python3.8/site-packages/airflow/example_dags/tutorial_etl_dag.py
[2021-02-07 15:06:27,922] {scheduler_job.py:627} INFO - Processing file /home/airflow/.local/lib/python3.8/site-packages/airflow/example_dags/tutorial_etl_dag.py for tasks to queue
[2021-02-07 15:06:27,923] {logging_mixin.py:104} INFO - [2021-02-07 15:06:27,923] {dagbag.py:449} INFO - Filling up the DagBag from /home/airflow/.local/lib/python3.8/site-packages/airflow/example_dags/tutorial_etl_dag.py
[2021-02-07 15:06:27,938] {scheduler_job.py:637} INFO - DAG(s) dict_keys(['tutorial_etl_dag']) retrieved from /home/airflow/.local/lib/python3.8/site-packages/airflow/example_dags/tutorial_etl_dag.py
[2021-02-07 15:06:27,966] {logging_mixin.py:104} INFO - [2021-02-07 15:06:27,966] {dag.py:1818} INFO - Sync 1 DAGs
[2021-02-07 15:06:27,980] {logging_mixin.py:104} INFO - [2021-02-07 15:06:27,979] {dag.py:2273} INFO - Setting next_dagrun for tutorial_etl_dag to None
[2021-02-07 15:06:27,994] {scheduler_job.py:189} INFO - Processing /home/airflow/.local/lib/python3.8/site-packages/airflow/example_dags/tutorial_etl_dag.py took 0.084 seconds
[2021-02-07 15:06:58,362] {scheduler_job.py:181} INFO - Started process (PID=154) to work on /home/airflow/.local/lib/python3.8/site-packages/airflow/example_dags/tutorial_etl_dag.py
[2021-02-07 15:06:58,365] {scheduler_job.py:627} INFO - Processing file /home/airflow/.local/lib/python3.8/site-packages/airflow/example_dags/tutorial_etl_dag.py for tasks to queue
[2021-02-07 15:06:58,367] {logging_mixin.py:104} INFO - [2021-02-07 15:06:58,367] {dagbag.py:449} INFO - Filling up the DagBag from /home/airflow/.local/lib/python3.8/site-packages/airflow/example_dags/tutorial_etl_dag.py
[2021-02-07 15:06:58,378] {scheduler_job.py:637} INFO - DAG(s) dict_keys(['tutorial_etl_dag']) retrieved from /home/airflow/.local/lib/python3.8/site-packages/airflow/example_dags/tutorial_etl_dag.py
[2021-02-07 15:06:58,402] {logging_mixin.py:104} INFO - [2021-02-07 15:06:58,402] {dag.py:1818} INFO - Sync 1 DAGs
[2021-02-07 15:06:58,416] {logging_mixin.py:104} INFO - [2021-02-07 15:06:58,416] {dag.py:2273} INFO - Setting next_dagrun for tutorial_etl_dag to None
[2021-02-07 15:06:58,431] {scheduler_job.py:189} INFO - Processing /home/airflow/.local/lib/python3.8/site-packages/airflow/example_dags/tutorial_etl_dag.py took 0.072 seconds
[2021-02-07 15:07:28,663] {scheduler_job.py:181} INFO - Started process (PID=180) to work on /home/airflow/.local/lib/python3.8/site-packages/airflow/example_dags/tutorial_etl_dag.py
[2021-02-07 15:07:28,665] {scheduler_job.py:627} INFO - Processing file /home/airflow/.local/lib/python3.8/site-packages/airflow/example_dags/tutorial_etl_dag.py for tasks to queue
[2021-02-07 15:07:28,667] {logging_mixin.py:104} INFO - [2021-02-07 15:07:28,667] {dagbag.py:449} INFO - Filling up the DagBag from /home/airflow/.local/lib/python3.8/site-packages/airflow/example_dags/tutorial_etl_dag.py
[2021-02-07 15:07:28,683] {scheduler_job.py:637} INFO - DAG(s) dict_keys(['tutorial_etl_dag']) retrieved from /home/airflow/.local/lib/python3.8/site-packages/airflow/example_dags/tutorial_etl_dag.py
[2021-02-07 15:07:28,706] {logging_mixin.py:104} INFO - [2021-02-07 15:07:28,706] {dag.py:1818} INFO - Sync 1 DAGs
[2021-02-07 15:07:28,719] {logging_mixin.py:104} INFO - [2021-02-07 15:07:28,719] {dag.py:2273} INFO - Setting next_dagrun for tutorial_etl_dag to None
[2021-02-07 15:07:28,734] {scheduler_job.py:189} INFO - Processing /home/airflow/.local/lib/python3.8/site-packages/airflow/example_dags/tutorial_etl_dag.py took 0.076 seconds
[2021-02-07 15:07:58,806] {scheduler_job.py:181} INFO - Started process (PID=206) to work on /home/airflow/.local/lib/python3.8/site-packages/airflow/example_dags/tutorial_etl_dag.py
[2021-02-07 15:07:58,808] {scheduler_job.py:627} INFO - Processing file /home/airflow/.local/lib/python3.8/site-packages/airflow/example_dags/tutorial_etl_dag.py for tasks to queue
[2021-02-07 15:07:58,810] {logging_mixin.py:104} INFO - [2021-02-07 15:07:58,810] {dagbag.py:449} INFO - Filling up the DagBag from /home/airflow/.local/lib/python3.8/site-packages/airflow/example_dags/tutorial_etl_dag.py
[2021-02-07 15:07:58,824] {scheduler_job.py:637} INFO - DAG(s) dict_keys(['tutorial_etl_dag']) retrieved from /home/airflow/.local/lib/python3.8/site-packages/airflow/example_dags/tutorial_etl_dag.py
[2021-02-07 15:07:58,846] {logging_mixin.py:104} INFO - [2021-02-07 15:07:58,846] {dag.py:1818} INFO - Sync 1 DAGs
[2021-02-07 15:07:58,859] {logging_mixin.py:104} INFO - [2021-02-07 15:07:58,859] {dag.py:2273} INFO - Setting next_dagrun for tutorial_etl_dag to None
[2021-02-07 15:07:58,873] {scheduler_job.py:189} INFO - Processing /home/airflow/.local/lib/python3.8/site-packages/airflow/example_dags/tutorial_etl_dag.py took 0.071 seconds
[2021-02-07 15:08:29,161] {scheduler_job.py:181} INFO - Started process (PID=232) to work on /home/airflow/.local/lib/python3.8/site-packages/airflow/example_dags/tutorial_etl_dag.py
[2021-02-07 15:08:29,163] {scheduler_job.py:627} INFO - Processing file /home/airflow/.local/lib/python3.8/site-packages/airflow/example_dags/tutorial_etl_dag.py for tasks to queue
[2021-02-07 15:08:29,165] {logging_mixin.py:104} INFO - [2021-02-07 15:08:29,165] {dagbag.py:449} INFO - Filling up the DagBag from /home/airflow/.local/lib/python3.8/site-packages/airflow/example_dags/tutorial_etl_dag.py
[2021-02-07 15:08:29,181] {scheduler_job.py:637} INFO - DAG(s) dict_keys(['tutorial_etl_dag']) retrieved from /home/airflow/.local/lib/python3.8/site-packages/airflow/example_dags/tutorial_etl_dag.py
[2021-02-07 15:08:29,203] {logging_mixin.py:104} INFO - [2021-02-07 15:08:29,203] {dag.py:1818} INFO - Sync 1 DAGs
[2021-02-07 15:08:29,216] {logging_mixin.py:104} INFO - [2021-02-07 15:08:29,216] {dag.py:2273} INFO - Setting next_dagrun for tutorial_etl_dag to None
[2021-02-07 15:08:29,232] {scheduler_job.py:189} INFO - Processing /home/airflow/.local/lib/python3.8/site-packages/airflow/example_dags/tutorial_etl_dag.py took 0.075 seconds
[2021-02-07 15:08:59,369] {scheduler_job.py:181} INFO - Started process (PID=258) to work on /home/airflow/.local/lib/python3.8/site-packages/airflow/example_dags/tutorial_etl_dag.py
[2021-02-07 15:08:59,371] {scheduler_job.py:627} INFO - Processing file /home/airflow/.local/lib/python3.8/site-packages/airflow/example_dags/tutorial_etl_dag.py for tasks to queue
[2021-02-07 15:08:59,373] {logging_mixin.py:104} INFO - [2021-02-07 15:08:59,373] {dagbag.py:449} INFO - Filling up the DagBag from /home/airflow/.local/lib/python3.8/site-packages/airflow/example_dags/tutorial_etl_dag.py
[2021-02-07 15:08:59,387] {scheduler_job.py:637} INFO - DAG(s) dict_keys(['tutorial_etl_dag']) retrieved from /home/airflow/.local/lib/python3.8/site-packages/airflow/example_dags/tutorial_etl_dag.py
[2021-02-07 15:08:59,410] {logging_mixin.py:104} INFO - [2021-02-07 15:08:59,410] {dag.py:1818} INFO - Sync 1 DAGs
[2021-02-07 15:08:59,422] {logging_mixin.py:104} INFO - [2021-02-07 15:08:59,422] {dag.py:2273} INFO - Setting next_dagrun for tutorial_etl_dag to None
[2021-02-07 15:08:59,438] {scheduler_job.py:189} INFO - Processing /home/airflow/.local/lib/python3.8/site-packages/airflow/example_dags/tutorial_etl_dag.py took 0.073 seconds
[2021-02-07 15:09:29,842] {scheduler_job.py:181} INFO - Started process (PID=284) to work on /home/airflow/.local/lib/python3.8/site-packages/airflow/example_dags/tutorial_etl_dag.py
[2021-02-07 15:09:29,844] {scheduler_job.py:627} INFO - Processing file /home/airflow/.local/lib/python3.8/site-packages/airflow/example_dags/tutorial_etl_dag.py for tasks to queue
[2021-02-07 15:09:29,846] {logging_mixin.py:104} INFO - [2021-02-07 15:09:29,845] {dagbag.py:449} INFO - Filling up the DagBag from /home/airflow/.local/lib/python3.8/site-packages/airflow/example_dags/tutorial_etl_dag.py
[2021-02-07 15:09:29,858] {scheduler_job.py:637} INFO - DAG(s) dict_keys(['tutorial_etl_dag']) retrieved from /home/airflow/.local/lib/python3.8/site-packages/airflow/example_dags/tutorial_etl_dag.py
[2021-02-07 15:09:29,891] {logging_mixin.py:104} INFO - [2021-02-07 15:09:29,890] {dag.py:1818} INFO - Sync 1 DAGs
[2021-02-07 15:09:29,903] {logging_mixin.py:104} INFO - [2021-02-07 15:09:29,903] {dag.py:2273} INFO - Setting next_dagrun for tutorial_etl_dag to None
[2021-02-07 15:09:29,922] {scheduler_job.py:189} INFO - Processing /home/airflow/.local/lib/python3.8/site-packages/airflow/example_dags/tutorial_etl_dag.py took 0.085 seconds
[2021-02-07 15:10:00,298] {scheduler_job.py:181} INFO - Started process (PID=310) to work on /home/airflow/.local/lib/python3.8/site-packages/airflow/example_dags/tutorial_etl_dag.py
[2021-02-07 15:10:00,301] {scheduler_job.py:627} INFO - Processing file /home/airflow/.local/lib/python3.8/site-packages/airflow/example_dags/tutorial_etl_dag.py for tasks to queue
[2021-02-07 15:10:00,303] {logging_mixin.py:104} INFO - [2021-02-07 15:10:00,303] {dagbag.py:449} INFO - Filling up the DagBag from /home/airflow/.local/lib/python3.8/site-packages/airflow/example_dags/tutorial_etl_dag.py
[2021-02-07 15:10:00,316] {scheduler_job.py:637} INFO - DAG(s) dict_keys(['tutorial_etl_dag']) retrieved from /home/airflow/.local/lib/python3.8/site-packages/airflow/example_dags/tutorial_etl_dag.py
[2021-02-07 15:10:00,340] {logging_mixin.py:104} INFO - [2021-02-07 15:10:00,339] {dag.py:1818} INFO - Sync 1 DAGs
[2021-02-07 15:10:00,352] {logging_mixin.py:104} INFO - [2021-02-07 15:10:00,352] {dag.py:2273} INFO - Setting next_dagrun for tutorial_etl_dag to None
[2021-02-07 15:10:00,363] {scheduler_job.py:189} INFO - Processing /home/airflow/.local/lib/python3.8/site-packages/airflow/example_dags/tutorial_etl_dag.py took 0.069 seconds
[2021-02-07 15:11:35,390] {scheduler_job.py:181} INFO - Started process (PID=332) to work on /home/airflow/.local/lib/python3.8/site-packages/airflow/example_dags/tutorial_etl_dag.py
[2021-02-07 15:11:35,409] {scheduler_job.py:627} INFO - Processing file /home/airflow/.local/lib/python3.8/site-packages/airflow/example_dags/tutorial_etl_dag.py for tasks to queue
[2021-02-07 15:11:35,418] {logging_mixin.py:104} INFO - [2021-02-07 15:11:35,417] {dagbag.py:449} INFO - Filling up the DagBag from /home/airflow/.local/lib/python3.8/site-packages/airflow/example_dags/tutorial_etl_dag.py
[2021-02-07 15:11:35,500] {scheduler_job.py:637} INFO - DAG(s) dict_keys(['tutorial_etl_dag']) retrieved from /home/airflow/.local/lib/python3.8/site-packages/airflow/example_dags/tutorial_etl_dag.py
[2021-02-07 15:11:35,660] {logging_mixin.py:104} INFO - [2021-02-07 15:11:35,660] {dag.py:1818} INFO - Sync 1 DAGs
[2021-02-07 15:11:35,752] {logging_mixin.py:104} INFO - [2021-02-07 15:11:35,752] {dag.py:2273} INFO - Setting next_dagrun for tutorial_etl_dag to None
[2021-02-07 15:11:35,822] {scheduler_job.py:189} INFO - Processing /home/airflow/.local/lib/python3.8/site-packages/airflow/example_dags/tutorial_etl_dag.py took 0.459 seconds
[2021-02-07 19:10:19,529] {scheduler_job.py:181} INFO - Started process (PID=358) to work on /home/airflow/.local/lib/python3.8/site-packages/airflow/example_dags/tutorial_etl_dag.py
[2021-02-07 19:10:19,534] {scheduler_job.py:627} INFO - Processing file /home/airflow/.local/lib/python3.8/site-packages/airflow/example_dags/tutorial_etl_dag.py for tasks to queue
[2021-02-07 19:10:19,539] {logging_mixin.py:104} INFO - [2021-02-07 19:10:19,539] {dagbag.py:449} INFO - Filling up the DagBag from /home/airflow/.local/lib/python3.8/site-packages/airflow/example_dags/tutorial_etl_dag.py
[2021-02-07 19:10:19,565] {scheduler_job.py:637} INFO - DAG(s) dict_keys(['tutorial_etl_dag']) retrieved from /home/airflow/.local/lib/python3.8/site-packages/airflow/example_dags/tutorial_etl_dag.py
[2021-02-07 19:10:19,603] {logging_mixin.py:104} INFO - [2021-02-07 19:10:19,603] {dag.py:1818} INFO - Sync 1 DAGs
[2021-02-07 19:10:19,636] {logging_mixin.py:104} INFO - [2021-02-07 19:10:19,635] {dag.py:2273} INFO - Setting next_dagrun for tutorial_etl_dag to None
[2021-02-07 19:10:19,656] {scheduler_job.py:189} INFO - Processing /home/airflow/.local/lib/python3.8/site-packages/airflow/example_dags/tutorial_etl_dag.py took 0.132 seconds
[2021-02-07 21:10:33,130] {scheduler_job.py:181} INFO - Started process (PID=384) to work on /home/airflow/.local/lib/python3.8/site-packages/airflow/example_dags/tutorial_etl_dag.py
[2021-02-07 21:10:33,137] {scheduler_job.py:627} INFO - Processing file /home/airflow/.local/lib/python3.8/site-packages/airflow/example_dags/tutorial_etl_dag.py for tasks to queue
[2021-02-07 21:10:33,140] {logging_mixin.py:104} INFO - [2021-02-07 21:10:33,139] {dagbag.py:449} INFO - Filling up the DagBag from /home/airflow/.local/lib/python3.8/site-packages/airflow/example_dags/tutorial_etl_dag.py
[2021-02-07 21:10:33,162] {scheduler_job.py:637} INFO - DAG(s) dict_keys(['tutorial_etl_dag']) retrieved from /home/airflow/.local/lib/python3.8/site-packages/airflow/example_dags/tutorial_etl_dag.py
[2021-02-07 21:10:33,212] {logging_mixin.py:104} INFO - [2021-02-07 21:10:33,212] {dag.py:1818} INFO - Sync 1 DAGs
[2021-02-07 21:10:33,253] {logging_mixin.py:104} INFO - [2021-02-07 21:10:33,253] {dag.py:2273} INFO - Setting next_dagrun for tutorial_etl_dag to None
[2021-02-07 21:10:33,712] {scheduler_job.py:189} INFO - Processing /home/airflow/.local/lib/python3.8/site-packages/airflow/example_dags/tutorial_etl_dag.py took 0.588 seconds
[2021-02-07 21:45:30,929] {scheduler_job.py:181} INFO - Started process (PID=410) to work on /home/airflow/.local/lib/python3.8/site-packages/airflow/example_dags/tutorial_etl_dag.py
[2021-02-07 21:45:30,933] {scheduler_job.py:627} INFO - Processing file /home/airflow/.local/lib/python3.8/site-packages/airflow/example_dags/tutorial_etl_dag.py for tasks to queue
[2021-02-07 21:45:30,936] {logging_mixin.py:104} INFO - [2021-02-07 21:45:30,935] {dagbag.py:449} INFO - Filling up the DagBag from /home/airflow/.local/lib/python3.8/site-packages/airflow/example_dags/tutorial_etl_dag.py
[2021-02-07 21:45:30,959] {scheduler_job.py:637} INFO - DAG(s) dict_keys(['tutorial_etl_dag']) retrieved from /home/airflow/.local/lib/python3.8/site-packages/airflow/example_dags/tutorial_etl_dag.py
[2021-02-07 21:45:31,075] {logging_mixin.py:104} INFO - [2021-02-07 21:45:31,075] {dag.py:1818} INFO - Sync 1 DAGs
[2021-02-07 21:45:31,100] {logging_mixin.py:104} INFO - [2021-02-07 21:45:31,099] {dag.py:2273} INFO - Setting next_dagrun for tutorial_etl_dag to None
[2021-02-07 21:45:31,117] {scheduler_job.py:189} INFO - Processing /home/airflow/.local/lib/python3.8/site-packages/airflow/example_dags/tutorial_etl_dag.py took 0.192 seconds
[2021-02-07 21:46:01,914] {scheduler_job.py:181} INFO - Started process (PID=437) to work on /home/airflow/.local/lib/python3.8/site-packages/airflow/example_dags/tutorial_etl_dag.py
[2021-02-07 21:46:01,917] {scheduler_job.py:627} INFO - Processing file /home/airflow/.local/lib/python3.8/site-packages/airflow/example_dags/tutorial_etl_dag.py for tasks to queue
[2021-02-07 21:46:01,922] {logging_mixin.py:104} INFO - [2021-02-07 21:46:01,922] {dagbag.py:449} INFO - Filling up the DagBag from /home/airflow/.local/lib/python3.8/site-packages/airflow/example_dags/tutorial_etl_dag.py
[2021-02-07 21:46:01,944] {scheduler_job.py:637} INFO - DAG(s) dict_keys(['tutorial_etl_dag']) retrieved from /home/airflow/.local/lib/python3.8/site-packages/airflow/example_dags/tutorial_etl_dag.py
[2021-02-07 21:46:02,012] {logging_mixin.py:104} INFO - [2021-02-07 21:46:02,012] {dag.py:1818} INFO - Sync 1 DAGs
[2021-02-07 21:46:02,041] {logging_mixin.py:104} INFO - [2021-02-07 21:46:02,041] {dag.py:2273} INFO - Setting next_dagrun for tutorial_etl_dag to None
[2021-02-07 21:46:02,060] {scheduler_job.py:189} INFO - Processing /home/airflow/.local/lib/python3.8/site-packages/airflow/example_dags/tutorial_etl_dag.py took 0.154 seconds
[2021-02-07 21:46:32,124] {scheduler_job.py:181} INFO - Started process (PID=462) to work on /home/airflow/.local/lib/python3.8/site-packages/airflow/example_dags/tutorial_etl_dag.py
[2021-02-07 21:46:32,127] {scheduler_job.py:627} INFO - Processing file /home/airflow/.local/lib/python3.8/site-packages/airflow/example_dags/tutorial_etl_dag.py for tasks to queue
[2021-02-07 21:46:32,130] {logging_mixin.py:104} INFO - [2021-02-07 21:46:32,129] {dagbag.py:449} INFO - Filling up the DagBag from /home/airflow/.local/lib/python3.8/site-packages/airflow/example_dags/tutorial_etl_dag.py
[2021-02-07 21:46:32,151] {scheduler_job.py:637} INFO - DAG(s) dict_keys(['tutorial_etl_dag']) retrieved from /home/airflow/.local/lib/python3.8/site-packages/airflow/example_dags/tutorial_etl_dag.py
[2021-02-07 21:46:32,185] {logging_mixin.py:104} INFO - [2021-02-07 21:46:32,185] {dag.py:1818} INFO - Sync 1 DAGs
[2021-02-07 21:46:32,205] {logging_mixin.py:104} INFO - [2021-02-07 21:46:32,205] {dag.py:2273} INFO - Setting next_dagrun for tutorial_etl_dag to None
[2021-02-07 21:46:32,219] {scheduler_job.py:189} INFO - Processing /home/airflow/.local/lib/python3.8/site-packages/airflow/example_dags/tutorial_etl_dag.py took 0.100 seconds
[2021-02-07 21:47:04,866] {scheduler_job.py:181} INFO - Started process (PID=490) to work on /home/airflow/.local/lib/python3.8/site-packages/airflow/example_dags/tutorial_etl_dag.py
[2021-02-07 21:47:04,940] {scheduler_job.py:627} INFO - Processing file /home/airflow/.local/lib/python3.8/site-packages/airflow/example_dags/tutorial_etl_dag.py for tasks to queue
[2021-02-07 21:47:04,958] {logging_mixin.py:104} INFO - [2021-02-07 21:47:04,956] {dagbag.py:449} INFO - Filling up the DagBag from /home/airflow/.local/lib/python3.8/site-packages/airflow/example_dags/tutorial_etl_dag.py
[2021-02-07 21:47:05,216] {scheduler_job.py:637} INFO - DAG(s) dict_keys(['tutorial_etl_dag']) retrieved from /home/airflow/.local/lib/python3.8/site-packages/airflow/example_dags/tutorial_etl_dag.py
[2021-02-07 21:47:05,810] {logging_mixin.py:104} INFO - [2021-02-07 21:47:05,806] {dag.py:1818} INFO - Sync 1 DAGs
[2021-02-07 21:47:06,243] {logging_mixin.py:104} INFO - [2021-02-07 21:47:06,241] {dag.py:2273} INFO - Setting next_dagrun for tutorial_etl_dag to None
[2021-02-07 21:47:06,592] {scheduler_job.py:189} INFO - Processing /home/airflow/.local/lib/python3.8/site-packages/airflow/example_dags/tutorial_etl_dag.py took 1.809 seconds
[2021-02-07 21:47:37,446] {scheduler_job.py:181} INFO - Started process (PID=516) to work on /home/airflow/.local/lib/python3.8/site-packages/airflow/example_dags/tutorial_etl_dag.py
[2021-02-07 21:47:37,454] {scheduler_job.py:627} INFO - Processing file /home/airflow/.local/lib/python3.8/site-packages/airflow/example_dags/tutorial_etl_dag.py for tasks to queue
[2021-02-07 21:47:37,457] {logging_mixin.py:104} INFO - [2021-02-07 21:47:37,457] {dagbag.py:449} INFO - Filling up the DagBag from /home/airflow/.local/lib/python3.8/site-packages/airflow/example_dags/tutorial_etl_dag.py
[2021-02-07 21:47:37,486] {scheduler_job.py:637} INFO - DAG(s) dict_keys(['tutorial_etl_dag']) retrieved from /home/airflow/.local/lib/python3.8/site-packages/airflow/example_dags/tutorial_etl_dag.py
[2021-02-07 21:47:37,539] {logging_mixin.py:104} INFO - [2021-02-07 21:47:37,538] {dag.py:1818} INFO - Sync 1 DAGs
[2021-02-07 21:47:37,568] {logging_mixin.py:104} INFO - [2021-02-07 21:47:37,568] {dag.py:2273} INFO - Setting next_dagrun for tutorial_etl_dag to None
[2021-02-07 21:47:37,591] {scheduler_job.py:189} INFO - Processing /home/airflow/.local/lib/python3.8/site-packages/airflow/example_dags/tutorial_etl_dag.py took 0.152 seconds
[2021-02-07 21:48:08,129] {scheduler_job.py:181} INFO - Started process (PID=542) to work on /home/airflow/.local/lib/python3.8/site-packages/airflow/example_dags/tutorial_etl_dag.py
[2021-02-07 21:48:08,131] {scheduler_job.py:627} INFO - Processing file /home/airflow/.local/lib/python3.8/site-packages/airflow/example_dags/tutorial_etl_dag.py for tasks to queue
[2021-02-07 21:48:08,133] {logging_mixin.py:104} INFO - [2021-02-07 21:48:08,133] {dagbag.py:449} INFO - Filling up the DagBag from /home/airflow/.local/lib/python3.8/site-packages/airflow/example_dags/tutorial_etl_dag.py
[2021-02-07 21:48:08,147] {scheduler_job.py:637} INFO - DAG(s) dict_keys(['tutorial_etl_dag']) retrieved from /home/airflow/.local/lib/python3.8/site-packages/airflow/example_dags/tutorial_etl_dag.py
[2021-02-07 21:48:08,174] {logging_mixin.py:104} INFO - [2021-02-07 21:48:08,174] {dag.py:1818} INFO - Sync 1 DAGs
[2021-02-07 21:48:08,189] {logging_mixin.py:104} INFO - [2021-02-07 21:48:08,189] {dag.py:2273} INFO - Setting next_dagrun for tutorial_etl_dag to None
[2021-02-07 21:48:08,206] {scheduler_job.py:189} INFO - Processing /home/airflow/.local/lib/python3.8/site-packages/airflow/example_dags/tutorial_etl_dag.py took 0.083 seconds
[2021-02-07 21:48:38,361] {scheduler_job.py:181} INFO - Started process (PID=568) to work on /home/airflow/.local/lib/python3.8/site-packages/airflow/example_dags/tutorial_etl_dag.py
[2021-02-07 21:48:38,373] {scheduler_job.py:627} INFO - Processing file /home/airflow/.local/lib/python3.8/site-packages/airflow/example_dags/tutorial_etl_dag.py for tasks to queue
[2021-02-07 21:48:38,382] {logging_mixin.py:104} INFO - [2021-02-07 21:48:38,381] {dagbag.py:449} INFO - Filling up the DagBag from /home/airflow/.local/lib/python3.8/site-packages/airflow/example_dags/tutorial_etl_dag.py
[2021-02-07 21:48:38,468] {scheduler_job.py:637} INFO - DAG(s) dict_keys(['tutorial_etl_dag']) retrieved from /home/airflow/.local/lib/python3.8/site-packages/airflow/example_dags/tutorial_etl_dag.py
[2021-02-07 21:48:38,627] {logging_mixin.py:104} INFO - [2021-02-07 21:48:38,627] {dag.py:1818} INFO - Sync 1 DAGs
[2021-02-07 21:48:38,707] {logging_mixin.py:104} INFO - [2021-02-07 21:48:38,706] {dag.py:2273} INFO - Setting next_dagrun for tutorial_etl_dag to None
[2021-02-07 21:48:38,843] {scheduler_job.py:189} INFO - Processing /home/airflow/.local/lib/python3.8/site-packages/airflow/example_dags/tutorial_etl_dag.py took 0.523 seconds
[2021-02-07 21:49:09,037] {scheduler_job.py:181} INFO - Started process (PID=594) to work on /home/airflow/.local/lib/python3.8/site-packages/airflow/example_dags/tutorial_etl_dag.py
[2021-02-07 21:49:09,040] {scheduler_job.py:627} INFO - Processing file /home/airflow/.local/lib/python3.8/site-packages/airflow/example_dags/tutorial_etl_dag.py for tasks to queue
[2021-02-07 21:49:09,042] {logging_mixin.py:104} INFO - [2021-02-07 21:49:09,042] {dagbag.py:449} INFO - Filling up the DagBag from /home/airflow/.local/lib/python3.8/site-packages/airflow/example_dags/tutorial_etl_dag.py
[2021-02-07 21:49:09,062] {scheduler_job.py:637} INFO - DAG(s) dict_keys(['tutorial_etl_dag']) retrieved from /home/airflow/.local/lib/python3.8/site-packages/airflow/example_dags/tutorial_etl_dag.py
[2021-02-07 21:49:09,092] {logging_mixin.py:104} INFO - [2021-02-07 21:49:09,092] {dag.py:1818} INFO - Sync 1 DAGs
[2021-02-07 21:49:09,109] {logging_mixin.py:104} INFO - [2021-02-07 21:49:09,109] {dag.py:2273} INFO - Setting next_dagrun for tutorial_etl_dag to None
[2021-02-07 21:49:09,123] {scheduler_job.py:189} INFO - Processing /home/airflow/.local/lib/python3.8/site-packages/airflow/example_dags/tutorial_etl_dag.py took 0.094 seconds
[2021-02-07 21:49:39,650] {scheduler_job.py:181} INFO - Started process (PID=620) to work on /home/airflow/.local/lib/python3.8/site-packages/airflow/example_dags/tutorial_etl_dag.py
[2021-02-07 21:49:39,653] {scheduler_job.py:627} INFO - Processing file /home/airflow/.local/lib/python3.8/site-packages/airflow/example_dags/tutorial_etl_dag.py for tasks to queue
[2021-02-07 21:49:39,655] {logging_mixin.py:104} INFO - [2021-02-07 21:49:39,655] {dagbag.py:449} INFO - Filling up the DagBag from /home/airflow/.local/lib/python3.8/site-packages/airflow/example_dags/tutorial_etl_dag.py
[2021-02-07 21:49:39,673] {scheduler_job.py:637} INFO - DAG(s) dict_keys(['tutorial_etl_dag']) retrieved from /home/airflow/.local/lib/python3.8/site-packages/airflow/example_dags/tutorial_etl_dag.py
[2021-02-07 21:49:39,726] {logging_mixin.py:104} INFO - [2021-02-07 21:49:39,726] {dag.py:1818} INFO - Sync 1 DAGs
[2021-02-07 21:49:39,746] {logging_mixin.py:104} INFO - [2021-02-07 21:49:39,746] {dag.py:2273} INFO - Setting next_dagrun for tutorial_etl_dag to None
[2021-02-07 21:49:39,771] {scheduler_job.py:189} INFO - Processing /home/airflow/.local/lib/python3.8/site-packages/airflow/example_dags/tutorial_etl_dag.py took 0.127 seconds
[2021-02-07 21:50:10,258] {scheduler_job.py:181} INFO - Started process (PID=646) to work on /home/airflow/.local/lib/python3.8/site-packages/airflow/example_dags/tutorial_etl_dag.py
[2021-02-07 21:50:10,263] {scheduler_job.py:627} INFO - Processing file /home/airflow/.local/lib/python3.8/site-packages/airflow/example_dags/tutorial_etl_dag.py for tasks to queue
[2021-02-07 21:50:10,269] {logging_mixin.py:104} INFO - [2021-02-07 21:50:10,269] {dagbag.py:449} INFO - Filling up the DagBag from /home/airflow/.local/lib/python3.8/site-packages/airflow/example_dags/tutorial_etl_dag.py
[2021-02-07 21:50:10,294] {scheduler_job.py:637} INFO - DAG(s) dict_keys(['tutorial_etl_dag']) retrieved from /home/airflow/.local/lib/python3.8/site-packages/airflow/example_dags/tutorial_etl_dag.py
[2021-02-07 21:50:10,349] {logging_mixin.py:104} INFO - [2021-02-07 21:50:10,349] {dag.py:1818} INFO - Sync 1 DAGs
[2021-02-07 21:50:10,379] {logging_mixin.py:104} INFO - [2021-02-07 21:50:10,379] {dag.py:2273} INFO - Setting next_dagrun for tutorial_etl_dag to None
[2021-02-07 21:50:10,421] {scheduler_job.py:189} INFO - Processing /home/airflow/.local/lib/python3.8/site-packages/airflow/example_dags/tutorial_etl_dag.py took 0.174 seconds
[2021-02-07 21:50:41,169] {scheduler_job.py:181} INFO - Started process (PID=672) to work on /home/airflow/.local/lib/python3.8/site-packages/airflow/example_dags/tutorial_etl_dag.py
[2021-02-07 21:50:41,174] {scheduler_job.py:627} INFO - Processing file /home/airflow/.local/lib/python3.8/site-packages/airflow/example_dags/tutorial_etl_dag.py for tasks to queue
[2021-02-07 21:50:41,178] {logging_mixin.py:104} INFO - [2021-02-07 21:50:41,178] {dagbag.py:449} INFO - Filling up the DagBag from /home/airflow/.local/lib/python3.8/site-packages/airflow/example_dags/tutorial_etl_dag.py
[2021-02-07 21:50:41,212] {scheduler_job.py:637} INFO - DAG(s) dict_keys(['tutorial_etl_dag']) retrieved from /home/airflow/.local/lib/python3.8/site-packages/airflow/example_dags/tutorial_etl_dag.py
[2021-02-07 21:50:41,254] {logging_mixin.py:104} INFO - [2021-02-07 21:50:41,254] {dag.py:1818} INFO - Sync 1 DAGs
[2021-02-07 21:50:41,282] {logging_mixin.py:104} INFO - [2021-02-07 21:50:41,281] {dag.py:2273} INFO - Setting next_dagrun for tutorial_etl_dag to None
[2021-02-07 21:50:41,301] {scheduler_job.py:189} INFO - Processing /home/airflow/.local/lib/python3.8/site-packages/airflow/example_dags/tutorial_etl_dag.py took 0.147 seconds
[2021-02-07 21:51:11,798] {scheduler_job.py:181} INFO - Started process (PID=698) to work on /home/airflow/.local/lib/python3.8/site-packages/airflow/example_dags/tutorial_etl_dag.py
[2021-02-07 21:51:11,800] {scheduler_job.py:627} INFO - Processing file /home/airflow/.local/lib/python3.8/site-packages/airflow/example_dags/tutorial_etl_dag.py for tasks to queue
[2021-02-07 21:51:11,802] {logging_mixin.py:104} INFO - [2021-02-07 21:51:11,801] {dagbag.py:449} INFO - Filling up the DagBag from /home/airflow/.local/lib/python3.8/site-packages/airflow/example_dags/tutorial_etl_dag.py
[2021-02-07 21:51:11,817] {scheduler_job.py:637} INFO - DAG(s) dict_keys(['tutorial_etl_dag']) retrieved from /home/airflow/.local/lib/python3.8/site-packages/airflow/example_dags/tutorial_etl_dag.py
[2021-02-07 21:51:11,847] {logging_mixin.py:104} INFO - [2021-02-07 21:51:11,846] {dag.py:1818} INFO - Sync 1 DAGs
[2021-02-07 21:51:11,866] {logging_mixin.py:104} INFO - [2021-02-07 21:51:11,866] {dag.py:2273} INFO - Setting next_dagrun for tutorial_etl_dag to None
[2021-02-07 21:51:11,884] {scheduler_job.py:189} INFO - Processing /home/airflow/.local/lib/python3.8/site-packages/airflow/example_dags/tutorial_etl_dag.py took 0.093 seconds
[2021-02-07 21:51:42,628] {scheduler_job.py:181} INFO - Started process (PID=724) to work on /home/airflow/.local/lib/python3.8/site-packages/airflow/example_dags/tutorial_etl_dag.py
[2021-02-07 21:51:42,631] {scheduler_job.py:627} INFO - Processing file /home/airflow/.local/lib/python3.8/site-packages/airflow/example_dags/tutorial_etl_dag.py for tasks to queue
[2021-02-07 21:51:42,634] {logging_mixin.py:104} INFO - [2021-02-07 21:51:42,634] {dagbag.py:449} INFO - Filling up the DagBag from /home/airflow/.local/lib/python3.8/site-packages/airflow/example_dags/tutorial_etl_dag.py
[2021-02-07 21:51:42,675] {scheduler_job.py:637} INFO - DAG(s) dict_keys(['tutorial_etl_dag']) retrieved from /home/airflow/.local/lib/python3.8/site-packages/airflow/example_dags/tutorial_etl_dag.py
[2021-02-07 21:51:42,706] {logging_mixin.py:104} INFO - [2021-02-07 21:51:42,706] {dag.py:1818} INFO - Sync 1 DAGs
[2021-02-07 21:51:42,725] {logging_mixin.py:104} INFO - [2021-02-07 21:51:42,725] {dag.py:2273} INFO - Setting next_dagrun for tutorial_etl_dag to None
[2021-02-07 21:51:42,740] {scheduler_job.py:189} INFO - Processing /home/airflow/.local/lib/python3.8/site-packages/airflow/example_dags/tutorial_etl_dag.py took 0.121 seconds
[2021-02-07 21:52:13,410] {scheduler_job.py:181} INFO - Started process (PID=750) to work on /home/airflow/.local/lib/python3.8/site-packages/airflow/example_dags/tutorial_etl_dag.py
[2021-02-07 21:52:13,412] {scheduler_job.py:627} INFO - Processing file /home/airflow/.local/lib/python3.8/site-packages/airflow/example_dags/tutorial_etl_dag.py for tasks to queue
[2021-02-07 21:52:13,414] {logging_mixin.py:104} INFO - [2021-02-07 21:52:13,414] {dagbag.py:449} INFO - Filling up the DagBag from /home/airflow/.local/lib/python3.8/site-packages/airflow/example_dags/tutorial_etl_dag.py
[2021-02-07 21:52:13,427] {scheduler_job.py:637} INFO - DAG(s) dict_keys(['tutorial_etl_dag']) retrieved from /home/airflow/.local/lib/python3.8/site-packages/airflow/example_dags/tutorial_etl_dag.py
[2021-02-07 21:52:13,455] {logging_mixin.py:104} INFO - [2021-02-07 21:52:13,455] {dag.py:1818} INFO - Sync 1 DAGs
[2021-02-07 21:52:13,471] {logging_mixin.py:104} INFO - [2021-02-07 21:52:13,471] {dag.py:2273} INFO - Setting next_dagrun for tutorial_etl_dag to None
[2021-02-07 21:52:13,484] {scheduler_job.py:189} INFO - Processing /home/airflow/.local/lib/python3.8/site-packages/airflow/example_dags/tutorial_etl_dag.py took 0.078 seconds
[2021-02-07 21:52:44,024] {scheduler_job.py:181} INFO - Started process (PID=776) to work on /home/airflow/.local/lib/python3.8/site-packages/airflow/example_dags/tutorial_etl_dag.py
[2021-02-07 21:52:44,028] {scheduler_job.py:627} INFO - Processing file /home/airflow/.local/lib/python3.8/site-packages/airflow/example_dags/tutorial_etl_dag.py for tasks to queue
[2021-02-07 21:52:44,030] {logging_mixin.py:104} INFO - [2021-02-07 21:52:44,030] {dagbag.py:449} INFO - Filling up the DagBag from /home/airflow/.local/lib/python3.8/site-packages/airflow/example_dags/tutorial_etl_dag.py
[2021-02-07 21:52:44,045] {scheduler_job.py:637} INFO - DAG(s) dict_keys(['tutorial_etl_dag']) retrieved from /home/airflow/.local/lib/python3.8/site-packages/airflow/example_dags/tutorial_etl_dag.py
[2021-02-07 21:52:44,076] {logging_mixin.py:104} INFO - [2021-02-07 21:52:44,076] {dag.py:1818} INFO - Sync 1 DAGs
[2021-02-07 21:52:44,091] {logging_mixin.py:104} INFO - [2021-02-07 21:52:44,091] {dag.py:2273} INFO - Setting next_dagrun for tutorial_etl_dag to None
[2021-02-07 21:52:44,103] {scheduler_job.py:189} INFO - Processing /home/airflow/.local/lib/python3.8/site-packages/airflow/example_dags/tutorial_etl_dag.py took 0.087 seconds
[2021-02-07 21:53:15,122] {scheduler_job.py:181} INFO - Started process (PID=802) to work on /home/airflow/.local/lib/python3.8/site-packages/airflow/example_dags/tutorial_etl_dag.py
[2021-02-07 21:53:15,124] {scheduler_job.py:627} INFO - Processing file /home/airflow/.local/lib/python3.8/site-packages/airflow/example_dags/tutorial_etl_dag.py for tasks to queue
[2021-02-07 21:53:15,126] {logging_mixin.py:104} INFO - [2021-02-07 21:53:15,126] {dagbag.py:449} INFO - Filling up the DagBag from /home/airflow/.local/lib/python3.8/site-packages/airflow/example_dags/tutorial_etl_dag.py
[2021-02-07 21:53:15,142] {scheduler_job.py:637} INFO - DAG(s) dict_keys(['tutorial_etl_dag']) retrieved from /home/airflow/.local/lib/python3.8/site-packages/airflow/example_dags/tutorial_etl_dag.py
[2021-02-07 21:53:15,170] {logging_mixin.py:104} INFO - [2021-02-07 21:53:15,170] {dag.py:1818} INFO - Sync 1 DAGs
[2021-02-07 21:53:15,187] {logging_mixin.py:104} INFO - [2021-02-07 21:53:15,187] {dag.py:2273} INFO - Setting next_dagrun for tutorial_etl_dag to None
[2021-02-07 21:53:15,204] {scheduler_job.py:189} INFO - Processing /home/airflow/.local/lib/python3.8/site-packages/airflow/example_dags/tutorial_etl_dag.py took 0.090 seconds
[2021-02-07 21:53:46,003] {scheduler_job.py:181} INFO - Started process (PID=835) to work on /home/airflow/.local/lib/python3.8/site-packages/airflow/example_dags/tutorial_etl_dag.py
[2021-02-07 21:53:46,005] {scheduler_job.py:627} INFO - Processing file /home/airflow/.local/lib/python3.8/site-packages/airflow/example_dags/tutorial_etl_dag.py for tasks to queue
[2021-02-07 21:53:46,007] {logging_mixin.py:104} INFO - [2021-02-07 21:53:46,007] {dagbag.py:449} INFO - Filling up the DagBag from /home/airflow/.local/lib/python3.8/site-packages/airflow/example_dags/tutorial_etl_dag.py
[2021-02-07 21:53:46,030] {scheduler_job.py:637} INFO - DAG(s) dict_keys(['tutorial_etl_dag']) retrieved from /home/airflow/.local/lib/python3.8/site-packages/airflow/example_dags/tutorial_etl_dag.py
[2021-02-07 21:53:46,063] {logging_mixin.py:104} INFO - [2021-02-07 21:53:46,062] {dag.py:1818} INFO - Sync 1 DAGs
[2021-02-07 21:53:46,077] {logging_mixin.py:104} INFO - [2021-02-07 21:53:46,077] {dag.py:2273} INFO - Setting next_dagrun for tutorial_etl_dag to None
[2021-02-07 21:53:46,090] {scheduler_job.py:189} INFO - Processing /home/airflow/.local/lib/python3.8/site-packages/airflow/example_dags/tutorial_etl_dag.py took 0.093 seconds
[2021-02-07 21:54:16,321] {scheduler_job.py:181} INFO - Started process (PID=870) to work on /home/airflow/.local/lib/python3.8/site-packages/airflow/example_dags/tutorial_etl_dag.py
[2021-02-07 21:54:16,324] {scheduler_job.py:627} INFO - Processing file /home/airflow/.local/lib/python3.8/site-packages/airflow/example_dags/tutorial_etl_dag.py for tasks to queue
[2021-02-07 21:54:16,329] {logging_mixin.py:104} INFO - [2021-02-07 21:54:16,329] {dagbag.py:449} INFO - Filling up the DagBag from /home/airflow/.local/lib/python3.8/site-packages/airflow/example_dags/tutorial_etl_dag.py
[2021-02-07 21:54:16,343] {scheduler_job.py:637} INFO - DAG(s) dict_keys(['tutorial_etl_dag']) retrieved from /home/airflow/.local/lib/python3.8/site-packages/airflow/example_dags/tutorial_etl_dag.py
[2021-02-07 21:54:16,372] {logging_mixin.py:104} INFO - [2021-02-07 21:54:16,372] {dag.py:1818} INFO - Sync 1 DAGs
[2021-02-07 21:54:16,391] {logging_mixin.py:104} INFO - [2021-02-07 21:54:16,391] {dag.py:2273} INFO - Setting next_dagrun for tutorial_etl_dag to None
[2021-02-07 21:54:16,411] {scheduler_job.py:189} INFO - Processing /home/airflow/.local/lib/python3.8/site-packages/airflow/example_dags/tutorial_etl_dag.py took 0.095 seconds
[2021-02-07 21:54:47,046] {scheduler_job.py:181} INFO - Started process (PID=896) to work on /home/airflow/.local/lib/python3.8/site-packages/airflow/example_dags/tutorial_etl_dag.py
[2021-02-07 21:54:47,051] {scheduler_job.py:627} INFO - Processing file /home/airflow/.local/lib/python3.8/site-packages/airflow/example_dags/tutorial_etl_dag.py for tasks to queue
[2021-02-07 21:54:47,054] {logging_mixin.py:104} INFO - [2021-02-07 21:54:47,054] {dagbag.py:449} INFO - Filling up the DagBag from /home/airflow/.local/lib/python3.8/site-packages/airflow/example_dags/tutorial_etl_dag.py
[2021-02-07 21:54:47,074] {scheduler_job.py:637} INFO - DAG(s) dict_keys(['tutorial_etl_dag']) retrieved from /home/airflow/.local/lib/python3.8/site-packages/airflow/example_dags/tutorial_etl_dag.py
[2021-02-07 21:54:47,110] {logging_mixin.py:104} INFO - [2021-02-07 21:54:47,110] {dag.py:1818} INFO - Sync 1 DAGs
[2021-02-07 21:54:47,126] {logging_mixin.py:104} INFO - [2021-02-07 21:54:47,126] {dag.py:2273} INFO - Setting next_dagrun for tutorial_etl_dag to None
[2021-02-07 21:54:47,139] {scheduler_job.py:189} INFO - Processing /home/airflow/.local/lib/python3.8/site-packages/airflow/example_dags/tutorial_etl_dag.py took 0.103 seconds
[2021-02-07 21:55:17,916] {scheduler_job.py:181} INFO - Started process (PID=922) to work on /home/airflow/.local/lib/python3.8/site-packages/airflow/example_dags/tutorial_etl_dag.py
[2021-02-07 21:55:17,932] {scheduler_job.py:627} INFO - Processing file /home/airflow/.local/lib/python3.8/site-packages/airflow/example_dags/tutorial_etl_dag.py for tasks to queue
[2021-02-07 21:55:17,957] {logging_mixin.py:104} INFO - [2021-02-07 21:55:17,950] {dagbag.py:449} INFO - Filling up the DagBag from /home/airflow/.local/lib/python3.8/site-packages/airflow/example_dags/tutorial_etl_dag.py
[2021-02-07 21:55:18,132] {scheduler_job.py:637} INFO - DAG(s) dict_keys(['tutorial_etl_dag']) retrieved from /home/airflow/.local/lib/python3.8/site-packages/airflow/example_dags/tutorial_etl_dag.py
[2021-02-07 21:55:18,383] {logging_mixin.py:104} INFO - [2021-02-07 21:55:18,381] {dag.py:1818} INFO - Sync 1 DAGs
[2021-02-07 21:55:18,539] {logging_mixin.py:104} INFO - [2021-02-07 21:55:18,538] {dag.py:2273} INFO - Setting next_dagrun for tutorial_etl_dag to None
[2021-02-07 21:55:18,704] {scheduler_job.py:189} INFO - Processing /home/airflow/.local/lib/python3.8/site-packages/airflow/example_dags/tutorial_etl_dag.py took 0.868 seconds
[2021-02-07 21:55:49,716] {scheduler_job.py:181} INFO - Started process (PID=948) to work on /home/airflow/.local/lib/python3.8/site-packages/airflow/example_dags/tutorial_etl_dag.py
[2021-02-07 21:55:49,721] {scheduler_job.py:627} INFO - Processing file /home/airflow/.local/lib/python3.8/site-packages/airflow/example_dags/tutorial_etl_dag.py for tasks to queue
[2021-02-07 21:55:49,725] {logging_mixin.py:104} INFO - [2021-02-07 21:55:49,724] {dagbag.py:449} INFO - Filling up the DagBag from /home/airflow/.local/lib/python3.8/site-packages/airflow/example_dags/tutorial_etl_dag.py
[2021-02-07 21:55:49,748] {scheduler_job.py:637} INFO - DAG(s) dict_keys(['tutorial_etl_dag']) retrieved from /home/airflow/.local/lib/python3.8/site-packages/airflow/example_dags/tutorial_etl_dag.py
[2021-02-07 21:55:49,796] {logging_mixin.py:104} INFO - [2021-02-07 21:55:49,796] {dag.py:1818} INFO - Sync 1 DAGs
[2021-02-07 21:55:49,828] {logging_mixin.py:104} INFO - [2021-02-07 21:55:49,828] {dag.py:2273} INFO - Setting next_dagrun for tutorial_etl_dag to None
[2021-02-07 21:55:49,859] {scheduler_job.py:189} INFO - Processing /home/airflow/.local/lib/python3.8/site-packages/airflow/example_dags/tutorial_etl_dag.py took 0.150 seconds
[2021-02-07 21:56:20,289] {scheduler_job.py:181} INFO - Started process (PID=974) to work on /home/airflow/.local/lib/python3.8/site-packages/airflow/example_dags/tutorial_etl_dag.py
[2021-02-07 21:56:20,296] {scheduler_job.py:627} INFO - Processing file /home/airflow/.local/lib/python3.8/site-packages/airflow/example_dags/tutorial_etl_dag.py for tasks to queue
[2021-02-07 21:56:20,298] {logging_mixin.py:104} INFO - [2021-02-07 21:56:20,298] {dagbag.py:449} INFO - Filling up the DagBag from /home/airflow/.local/lib/python3.8/site-packages/airflow/example_dags/tutorial_etl_dag.py
[2021-02-07 21:56:20,338] {scheduler_job.py:637} INFO - DAG(s) dict_keys(['tutorial_etl_dag']) retrieved from /home/airflow/.local/lib/python3.8/site-packages/airflow/example_dags/tutorial_etl_dag.py
[2021-02-07 21:56:20,441] {logging_mixin.py:104} INFO - [2021-02-07 21:56:20,440] {dag.py:1818} INFO - Sync 1 DAGs
[2021-02-07 21:56:20,483] {logging_mixin.py:104} INFO - [2021-02-07 21:56:20,483] {dag.py:2273} INFO - Setting next_dagrun for tutorial_etl_dag to None
[2021-02-07 21:56:20,508] {scheduler_job.py:189} INFO - Processing /home/airflow/.local/lib/python3.8/site-packages/airflow/example_dags/tutorial_etl_dag.py took 0.228 seconds
[2021-02-07 21:56:50,593] {scheduler_job.py:181} INFO - Started process (PID=1000) to work on /home/airflow/.local/lib/python3.8/site-packages/airflow/example_dags/tutorial_etl_dag.py
[2021-02-07 21:56:50,596] {scheduler_job.py:627} INFO - Processing file /home/airflow/.local/lib/python3.8/site-packages/airflow/example_dags/tutorial_etl_dag.py for tasks to queue
[2021-02-07 21:56:50,597] {logging_mixin.py:104} INFO - [2021-02-07 21:56:50,597] {dagbag.py:449} INFO - Filling up the DagBag from /home/airflow/.local/lib/python3.8/site-packages/airflow/example_dags/tutorial_etl_dag.py
[2021-02-07 21:56:50,616] {scheduler_job.py:637} INFO - DAG(s) dict_keys(['tutorial_etl_dag']) retrieved from /home/airflow/.local/lib/python3.8/site-packages/airflow/example_dags/tutorial_etl_dag.py
[2021-02-07 21:56:50,655] {logging_mixin.py:104} INFO - [2021-02-07 21:56:50,655] {dag.py:1818} INFO - Sync 1 DAGs
[2021-02-07 21:56:50,681] {logging_mixin.py:104} INFO - [2021-02-07 21:56:50,681] {dag.py:2273} INFO - Setting next_dagrun for tutorial_etl_dag to None
[2021-02-07 21:56:50,700] {scheduler_job.py:189} INFO - Processing /home/airflow/.local/lib/python3.8/site-packages/airflow/example_dags/tutorial_etl_dag.py took 0.114 seconds
[2021-02-07 21:57:20,789] {scheduler_job.py:181} INFO - Started process (PID=1026) to work on /home/airflow/.local/lib/python3.8/site-packages/airflow/example_dags/tutorial_etl_dag.py
[2021-02-07 21:57:20,791] {scheduler_job.py:627} INFO - Processing file /home/airflow/.local/lib/python3.8/site-packages/airflow/example_dags/tutorial_etl_dag.py for tasks to queue
[2021-02-07 21:57:20,793] {logging_mixin.py:104} INFO - [2021-02-07 21:57:20,793] {dagbag.py:449} INFO - Filling up the DagBag from /home/airflow/.local/lib/python3.8/site-packages/airflow/example_dags/tutorial_etl_dag.py
[2021-02-07 21:57:20,809] {scheduler_job.py:637} INFO - DAG(s) dict_keys(['tutorial_etl_dag']) retrieved from /home/airflow/.local/lib/python3.8/site-packages/airflow/example_dags/tutorial_etl_dag.py
[2021-02-07 21:57:20,839] {logging_mixin.py:104} INFO - [2021-02-07 21:57:20,839] {dag.py:1818} INFO - Sync 1 DAGs
[2021-02-07 21:57:20,855] {logging_mixin.py:104} INFO - [2021-02-07 21:57:20,855] {dag.py:2273} INFO - Setting next_dagrun for tutorial_etl_dag to None
[2021-02-07 21:57:20,874] {scheduler_job.py:189} INFO - Processing /home/airflow/.local/lib/python3.8/site-packages/airflow/example_dags/tutorial_etl_dag.py took 0.090 seconds
[2021-02-07 21:57:51,360] {scheduler_job.py:181} INFO - Started process (PID=1052) to work on /home/airflow/.local/lib/python3.8/site-packages/airflow/example_dags/tutorial_etl_dag.py
[2021-02-07 21:57:51,363] {scheduler_job.py:627} INFO - Processing file /home/airflow/.local/lib/python3.8/site-packages/airflow/example_dags/tutorial_etl_dag.py for tasks to queue
[2021-02-07 21:57:51,365] {logging_mixin.py:104} INFO - [2021-02-07 21:57:51,365] {dagbag.py:449} INFO - Filling up the DagBag from /home/airflow/.local/lib/python3.8/site-packages/airflow/example_dags/tutorial_etl_dag.py
[2021-02-07 21:57:51,379] {scheduler_job.py:637} INFO - DAG(s) dict_keys(['tutorial_etl_dag']) retrieved from /home/airflow/.local/lib/python3.8/site-packages/airflow/example_dags/tutorial_etl_dag.py
[2021-02-07 21:57:51,405] {logging_mixin.py:104} INFO - [2021-02-07 21:57:51,405] {dag.py:1818} INFO - Sync 1 DAGs
[2021-02-07 21:57:51,420] {logging_mixin.py:104} INFO - [2021-02-07 21:57:51,420] {dag.py:2273} INFO - Setting next_dagrun for tutorial_etl_dag to None
[2021-02-07 21:57:51,438] {scheduler_job.py:189} INFO - Processing /home/airflow/.local/lib/python3.8/site-packages/airflow/example_dags/tutorial_etl_dag.py took 0.082 seconds
[2021-02-07 21:58:21,798] {scheduler_job.py:181} INFO - Started process (PID=1078) to work on /home/airflow/.local/lib/python3.8/site-packages/airflow/example_dags/tutorial_etl_dag.py
[2021-02-07 21:58:21,800] {scheduler_job.py:627} INFO - Processing file /home/airflow/.local/lib/python3.8/site-packages/airflow/example_dags/tutorial_etl_dag.py for tasks to queue
[2021-02-07 21:58:21,803] {logging_mixin.py:104} INFO - [2021-02-07 21:58:21,802] {dagbag.py:449} INFO - Filling up the DagBag from /home/airflow/.local/lib/python3.8/site-packages/airflow/example_dags/tutorial_etl_dag.py
[2021-02-07 21:58:21,823] {scheduler_job.py:637} INFO - DAG(s) dict_keys(['tutorial_etl_dag']) retrieved from /home/airflow/.local/lib/python3.8/site-packages/airflow/example_dags/tutorial_etl_dag.py
[2021-02-07 21:58:21,858] {logging_mixin.py:104} INFO - [2021-02-07 21:58:21,858] {dag.py:1818} INFO - Sync 1 DAGs
[2021-02-07 21:58:21,882] {logging_mixin.py:104} INFO - [2021-02-07 21:58:21,881] {dag.py:2273} INFO - Setting next_dagrun for tutorial_etl_dag to None
[2021-02-07 21:58:21,908] {scheduler_job.py:189} INFO - Processing /home/airflow/.local/lib/python3.8/site-packages/airflow/example_dags/tutorial_etl_dag.py took 0.117 seconds
[2021-02-07 21:58:52,638] {scheduler_job.py:181} INFO - Started process (PID=1104) to work on /home/airflow/.local/lib/python3.8/site-packages/airflow/example_dags/tutorial_etl_dag.py
[2021-02-07 21:58:52,646] {scheduler_job.py:627} INFO - Processing file /home/airflow/.local/lib/python3.8/site-packages/airflow/example_dags/tutorial_etl_dag.py for tasks to queue
[2021-02-07 21:58:52,650] {logging_mixin.py:104} INFO - [2021-02-07 21:58:52,649] {dagbag.py:449} INFO - Filling up the DagBag from /home/airflow/.local/lib/python3.8/site-packages/airflow/example_dags/tutorial_etl_dag.py
[2021-02-07 21:58:52,677] {scheduler_job.py:637} INFO - DAG(s) dict_keys(['tutorial_etl_dag']) retrieved from /home/airflow/.local/lib/python3.8/site-packages/airflow/example_dags/tutorial_etl_dag.py
[2021-02-07 21:58:52,799] {logging_mixin.py:104} INFO - [2021-02-07 21:58:52,799] {dag.py:1818} INFO - Sync 1 DAGs
[2021-02-07 21:58:52,909] {logging_mixin.py:104} INFO - [2021-02-07 21:58:52,908] {dag.py:2273} INFO - Setting next_dagrun for tutorial_etl_dag to None
[2021-02-07 21:58:52,987] {scheduler_job.py:189} INFO - Processing /home/airflow/.local/lib/python3.8/site-packages/airflow/example_dags/tutorial_etl_dag.py took 0.364 seconds
[2021-02-07 21:59:23,217] {scheduler_job.py:181} INFO - Started process (PID=1131) to work on /home/airflow/.local/lib/python3.8/site-packages/airflow/example_dags/tutorial_etl_dag.py
[2021-02-07 21:59:23,219] {scheduler_job.py:627} INFO - Processing file /home/airflow/.local/lib/python3.8/site-packages/airflow/example_dags/tutorial_etl_dag.py for tasks to queue
[2021-02-07 21:59:23,222] {logging_mixin.py:104} INFO - [2021-02-07 21:59:23,222] {dagbag.py:449} INFO - Filling up the DagBag from /home/airflow/.local/lib/python3.8/site-packages/airflow/example_dags/tutorial_etl_dag.py
[2021-02-07 21:59:23,240] {scheduler_job.py:637} INFO - DAG(s) dict_keys(['tutorial_etl_dag']) retrieved from /home/airflow/.local/lib/python3.8/site-packages/airflow/example_dags/tutorial_etl_dag.py
[2021-02-07 21:59:23,273] {logging_mixin.py:104} INFO - [2021-02-07 21:59:23,273] {dag.py:1818} INFO - Sync 1 DAGs
[2021-02-07 21:59:23,296] {logging_mixin.py:104} INFO - [2021-02-07 21:59:23,296] {dag.py:2273} INFO - Setting next_dagrun for tutorial_etl_dag to None
[2021-02-07 21:59:23,314] {scheduler_job.py:189} INFO - Processing /home/airflow/.local/lib/python3.8/site-packages/airflow/example_dags/tutorial_etl_dag.py took 0.102 seconds
[2021-02-07 21:59:53,530] {scheduler_job.py:181} INFO - Started process (PID=1157) to work on /home/airflow/.local/lib/python3.8/site-packages/airflow/example_dags/tutorial_etl_dag.py
[2021-02-07 21:59:53,533] {scheduler_job.py:627} INFO - Processing file /home/airflow/.local/lib/python3.8/site-packages/airflow/example_dags/tutorial_etl_dag.py for tasks to queue
[2021-02-07 21:59:53,536] {logging_mixin.py:104} INFO - [2021-02-07 21:59:53,536] {dagbag.py:449} INFO - Filling up the DagBag from /home/airflow/.local/lib/python3.8/site-packages/airflow/example_dags/tutorial_etl_dag.py
[2021-02-07 21:59:53,560] {scheduler_job.py:637} INFO - DAG(s) dict_keys(['tutorial_etl_dag']) retrieved from /home/airflow/.local/lib/python3.8/site-packages/airflow/example_dags/tutorial_etl_dag.py
[2021-02-07 21:59:53,604] {logging_mixin.py:104} INFO - [2021-02-07 21:59:53,604] {dag.py:1818} INFO - Sync 1 DAGs
[2021-02-07 21:59:53,633] {logging_mixin.py:104} INFO - [2021-02-07 21:59:53,633] {dag.py:2273} INFO - Setting next_dagrun for tutorial_etl_dag to None
[2021-02-07 21:59:53,663] {scheduler_job.py:189} INFO - Processing /home/airflow/.local/lib/python3.8/site-packages/airflow/example_dags/tutorial_etl_dag.py took 0.141 seconds
[2021-02-07 22:00:24,011] {scheduler_job.py:181} INFO - Started process (PID=1183) to work on /home/airflow/.local/lib/python3.8/site-packages/airflow/example_dags/tutorial_etl_dag.py
[2021-02-07 22:00:24,014] {scheduler_job.py:627} INFO - Processing file /home/airflow/.local/lib/python3.8/site-packages/airflow/example_dags/tutorial_etl_dag.py for tasks to queue
[2021-02-07 22:00:24,016] {logging_mixin.py:104} INFO - [2021-02-07 22:00:24,016] {dagbag.py:449} INFO - Filling up the DagBag from /home/airflow/.local/lib/python3.8/site-packages/airflow/example_dags/tutorial_etl_dag.py
[2021-02-07 22:00:24,033] {scheduler_job.py:637} INFO - DAG(s) dict_keys(['tutorial_etl_dag']) retrieved from /home/airflow/.local/lib/python3.8/site-packages/airflow/example_dags/tutorial_etl_dag.py
[2021-02-07 22:00:24,064] {logging_mixin.py:104} INFO - [2021-02-07 22:00:24,064] {dag.py:1818} INFO - Sync 1 DAGs
[2021-02-07 22:00:24,085] {logging_mixin.py:104} INFO - [2021-02-07 22:00:24,085] {dag.py:2273} INFO - Setting next_dagrun for tutorial_etl_dag to None
[2021-02-07 22:00:24,103] {scheduler_job.py:189} INFO - Processing /home/airflow/.local/lib/python3.8/site-packages/airflow/example_dags/tutorial_etl_dag.py took 0.100 seconds
[2021-02-07 22:00:54,279] {scheduler_job.py:181} INFO - Started process (PID=1209) to work on /home/airflow/.local/lib/python3.8/site-packages/airflow/example_dags/tutorial_etl_dag.py
[2021-02-07 22:00:54,282] {scheduler_job.py:627} INFO - Processing file /home/airflow/.local/lib/python3.8/site-packages/airflow/example_dags/tutorial_etl_dag.py for tasks to queue
[2021-02-07 22:00:54,285] {logging_mixin.py:104} INFO - [2021-02-07 22:00:54,284] {dagbag.py:449} INFO - Filling up the DagBag from /home/airflow/.local/lib/python3.8/site-packages/airflow/example_dags/tutorial_etl_dag.py
[2021-02-07 22:00:54,306] {scheduler_job.py:637} INFO - DAG(s) dict_keys(['tutorial_etl_dag']) retrieved from /home/airflow/.local/lib/python3.8/site-packages/airflow/example_dags/tutorial_etl_dag.py
[2021-02-07 22:00:54,342] {logging_mixin.py:104} INFO - [2021-02-07 22:00:54,342] {dag.py:1818} INFO - Sync 1 DAGs
[2021-02-07 22:00:54,364] {logging_mixin.py:104} INFO - [2021-02-07 22:00:54,364] {dag.py:2273} INFO - Setting next_dagrun for tutorial_etl_dag to None
[2021-02-07 22:00:54,381] {scheduler_job.py:189} INFO - Processing /home/airflow/.local/lib/python3.8/site-packages/airflow/example_dags/tutorial_etl_dag.py took 0.109 seconds
[2021-02-07 22:01:25,524] {scheduler_job.py:181} INFO - Started process (PID=1234) to work on /home/airflow/.local/lib/python3.8/site-packages/airflow/example_dags/tutorial_etl_dag.py
[2021-02-07 22:01:25,546] {scheduler_job.py:627} INFO - Processing file /home/airflow/.local/lib/python3.8/site-packages/airflow/example_dags/tutorial_etl_dag.py for tasks to queue
[2021-02-07 22:01:25,569] {logging_mixin.py:104} INFO - [2021-02-07 22:01:25,567] {dagbag.py:449} INFO - Filling up the DagBag from /home/airflow/.local/lib/python3.8/site-packages/airflow/example_dags/tutorial_etl_dag.py
[2021-02-07 22:01:25,773] {scheduler_job.py:637} INFO - DAG(s) dict_keys(['tutorial_etl_dag']) retrieved from /home/airflow/.local/lib/python3.8/site-packages/airflow/example_dags/tutorial_etl_dag.py
[2021-02-07 22:01:26,030] {logging_mixin.py:104} INFO - [2021-02-07 22:01:26,027] {dag.py:1818} INFO - Sync 1 DAGs
[2021-02-07 22:01:26,191] {logging_mixin.py:104} INFO - [2021-02-07 22:01:26,190] {dag.py:2273} INFO - Setting next_dagrun for tutorial_etl_dag to None
[2021-02-07 22:01:26,305] {scheduler_job.py:189} INFO - Processing /home/airflow/.local/lib/python3.8/site-packages/airflow/example_dags/tutorial_etl_dag.py took 0.813 seconds
[2021-02-07 22:01:56,692] {scheduler_job.py:181} INFO - Started process (PID=1260) to work on /home/airflow/.local/lib/python3.8/site-packages/airflow/example_dags/tutorial_etl_dag.py
[2021-02-07 22:01:56,702] {scheduler_job.py:627} INFO - Processing file /home/airflow/.local/lib/python3.8/site-packages/airflow/example_dags/tutorial_etl_dag.py for tasks to queue
[2021-02-07 22:01:56,706] {logging_mixin.py:104} INFO - [2021-02-07 22:01:56,705] {dagbag.py:449} INFO - Filling up the DagBag from /home/airflow/.local/lib/python3.8/site-packages/airflow/example_dags/tutorial_etl_dag.py
[2021-02-07 22:01:56,762] {scheduler_job.py:637} INFO - DAG(s) dict_keys(['tutorial_etl_dag']) retrieved from /home/airflow/.local/lib/python3.8/site-packages/airflow/example_dags/tutorial_etl_dag.py
[2021-02-07 22:01:56,911] {logging_mixin.py:104} INFO - [2021-02-07 22:01:56,910] {dag.py:1818} INFO - Sync 1 DAGs
[2021-02-07 22:01:57,064] {logging_mixin.py:104} INFO - [2021-02-07 22:01:57,063] {dag.py:2273} INFO - Setting next_dagrun for tutorial_etl_dag to None
[2021-02-07 22:01:57,114] {scheduler_job.py:189} INFO - Processing /home/airflow/.local/lib/python3.8/site-packages/airflow/example_dags/tutorial_etl_dag.py took 0.452 seconds
[2021-02-07 22:02:27,223] {scheduler_job.py:181} INFO - Started process (PID=1286) to work on /home/airflow/.local/lib/python3.8/site-packages/airflow/example_dags/tutorial_etl_dag.py
[2021-02-07 22:02:27,226] {scheduler_job.py:627} INFO - Processing file /home/airflow/.local/lib/python3.8/site-packages/airflow/example_dags/tutorial_etl_dag.py for tasks to queue
[2021-02-07 22:02:27,231] {logging_mixin.py:104} INFO - [2021-02-07 22:02:27,231] {dagbag.py:449} INFO - Filling up the DagBag from /home/airflow/.local/lib/python3.8/site-packages/airflow/example_dags/tutorial_etl_dag.py
[2021-02-07 22:02:27,250] {scheduler_job.py:637} INFO - DAG(s) dict_keys(['tutorial_etl_dag']) retrieved from /home/airflow/.local/lib/python3.8/site-packages/airflow/example_dags/tutorial_etl_dag.py
[2021-02-07 22:02:27,288] {logging_mixin.py:104} INFO - [2021-02-07 22:02:27,288] {dag.py:1818} INFO - Sync 1 DAGs
[2021-02-07 22:02:27,311] {logging_mixin.py:104} INFO - [2021-02-07 22:02:27,310] {dag.py:2273} INFO - Setting next_dagrun for tutorial_etl_dag to None
[2021-02-07 22:02:27,333] {scheduler_job.py:189} INFO - Processing /home/airflow/.local/lib/python3.8/site-packages/airflow/example_dags/tutorial_etl_dag.py took 0.114 seconds
[2021-02-07 22:02:57,466] {scheduler_job.py:181} INFO - Started process (PID=1311) to work on /home/airflow/.local/lib/python3.8/site-packages/airflow/example_dags/tutorial_etl_dag.py
[2021-02-07 22:02:57,469] {scheduler_job.py:627} INFO - Processing file /home/airflow/.local/lib/python3.8/site-packages/airflow/example_dags/tutorial_etl_dag.py for tasks to queue
[2021-02-07 22:02:57,471] {logging_mixin.py:104} INFO - [2021-02-07 22:02:57,471] {dagbag.py:449} INFO - Filling up the DagBag from /home/airflow/.local/lib/python3.8/site-packages/airflow/example_dags/tutorial_etl_dag.py
[2021-02-07 22:02:57,492] {scheduler_job.py:637} INFO - DAG(s) dict_keys(['tutorial_etl_dag']) retrieved from /home/airflow/.local/lib/python3.8/site-packages/airflow/example_dags/tutorial_etl_dag.py
[2021-02-07 22:02:57,535] {logging_mixin.py:104} INFO - [2021-02-07 22:02:57,535] {dag.py:1818} INFO - Sync 1 DAGs
[2021-02-07 22:02:57,557] {logging_mixin.py:104} INFO - [2021-02-07 22:02:57,557] {dag.py:2273} INFO - Setting next_dagrun for tutorial_etl_dag to None
[2021-02-07 22:02:57,586] {scheduler_job.py:189} INFO - Processing /home/airflow/.local/lib/python3.8/site-packages/airflow/example_dags/tutorial_etl_dag.py took 0.129 seconds
[2021-02-07 22:03:28,976] {scheduler_job.py:181} INFO - Started process (PID=1338) to work on /home/airflow/.local/lib/python3.8/site-packages/airflow/example_dags/tutorial_etl_dag.py
[2021-02-07 22:03:28,983] {scheduler_job.py:627} INFO - Processing file /home/airflow/.local/lib/python3.8/site-packages/airflow/example_dags/tutorial_etl_dag.py for tasks to queue
[2021-02-07 22:03:28,998] {logging_mixin.py:104} INFO - [2021-02-07 22:03:28,997] {dagbag.py:449} INFO - Filling up the DagBag from /home/airflow/.local/lib/python3.8/site-packages/airflow/example_dags/tutorial_etl_dag.py
[2021-02-07 22:03:29,105] {scheduler_job.py:637} INFO - DAG(s) dict_keys(['tutorial_etl_dag']) retrieved from /home/airflow/.local/lib/python3.8/site-packages/airflow/example_dags/tutorial_etl_dag.py
[2021-02-07 22:03:29,320] {logging_mixin.py:104} INFO - [2021-02-07 22:03:29,319] {dag.py:1818} INFO - Sync 1 DAGs
[2021-02-07 22:03:29,471] {logging_mixin.py:104} INFO - [2021-02-07 22:03:29,471] {dag.py:2273} INFO - Setting next_dagrun for tutorial_etl_dag to None
[2021-02-07 22:03:29,585] {scheduler_job.py:189} INFO - Processing /home/airflow/.local/lib/python3.8/site-packages/airflow/example_dags/tutorial_etl_dag.py took 0.633 seconds
[2021-02-07 22:04:00,277] {scheduler_job.py:181} INFO - Started process (PID=1363) to work on /home/airflow/.local/lib/python3.8/site-packages/airflow/example_dags/tutorial_etl_dag.py
[2021-02-07 22:04:00,280] {scheduler_job.py:627} INFO - Processing file /home/airflow/.local/lib/python3.8/site-packages/airflow/example_dags/tutorial_etl_dag.py for tasks to queue
[2021-02-07 22:04:00,285] {logging_mixin.py:104} INFO - [2021-02-07 22:04:00,285] {dagbag.py:449} INFO - Filling up the DagBag from /home/airflow/.local/lib/python3.8/site-packages/airflow/example_dags/tutorial_etl_dag.py
[2021-02-07 22:04:00,310] {scheduler_job.py:637} INFO - DAG(s) dict_keys(['tutorial_etl_dag']) retrieved from /home/airflow/.local/lib/python3.8/site-packages/airflow/example_dags/tutorial_etl_dag.py
[2021-02-07 22:04:00,369] {logging_mixin.py:104} INFO - [2021-02-07 22:04:00,369] {dag.py:1818} INFO - Sync 1 DAGs
[2021-02-07 22:04:00,414] {logging_mixin.py:104} INFO - [2021-02-07 22:04:00,413] {dag.py:2273} INFO - Setting next_dagrun for tutorial_etl_dag to None
[2021-02-07 22:04:00,455] {scheduler_job.py:189} INFO - Processing /home/airflow/.local/lib/python3.8/site-packages/airflow/example_dags/tutorial_etl_dag.py took 0.186 seconds
[2021-02-07 22:04:30,812] {scheduler_job.py:181} INFO - Started process (PID=1389) to work on /home/airflow/.local/lib/python3.8/site-packages/airflow/example_dags/tutorial_etl_dag.py
[2021-02-07 22:04:30,818] {scheduler_job.py:627} INFO - Processing file /home/airflow/.local/lib/python3.8/site-packages/airflow/example_dags/tutorial_etl_dag.py for tasks to queue
[2021-02-07 22:04:30,822] {logging_mixin.py:104} INFO - [2021-02-07 22:04:30,822] {dagbag.py:449} INFO - Filling up the DagBag from /home/airflow/.local/lib/python3.8/site-packages/airflow/example_dags/tutorial_etl_dag.py
[2021-02-07 22:04:30,852] {scheduler_job.py:637} INFO - DAG(s) dict_keys(['tutorial_etl_dag']) retrieved from /home/airflow/.local/lib/python3.8/site-packages/airflow/example_dags/tutorial_etl_dag.py
[2021-02-07 22:04:30,909] {logging_mixin.py:104} INFO - [2021-02-07 22:04:30,908] {dag.py:1818} INFO - Sync 1 DAGs
[2021-02-07 22:04:30,948] {logging_mixin.py:104} INFO - [2021-02-07 22:04:30,948] {dag.py:2273} INFO - Setting next_dagrun for tutorial_etl_dag to None
[2021-02-07 22:04:30,979] {scheduler_job.py:189} INFO - Processing /home/airflow/.local/lib/python3.8/site-packages/airflow/example_dags/tutorial_etl_dag.py took 0.178 seconds
[2021-02-07 22:05:01,289] {scheduler_job.py:181} INFO - Started process (PID=1415) to work on /home/airflow/.local/lib/python3.8/site-packages/airflow/example_dags/tutorial_etl_dag.py
[2021-02-07 22:05:01,291] {scheduler_job.py:627} INFO - Processing file /home/airflow/.local/lib/python3.8/site-packages/airflow/example_dags/tutorial_etl_dag.py for tasks to queue
[2021-02-07 22:05:01,294] {logging_mixin.py:104} INFO - [2021-02-07 22:05:01,293] {dagbag.py:449} INFO - Filling up the DagBag from /home/airflow/.local/lib/python3.8/site-packages/airflow/example_dags/tutorial_etl_dag.py
[2021-02-07 22:05:01,314] {scheduler_job.py:637} INFO - DAG(s) dict_keys(['tutorial_etl_dag']) retrieved from /home/airflow/.local/lib/python3.8/site-packages/airflow/example_dags/tutorial_etl_dag.py
[2021-02-07 22:05:01,355] {logging_mixin.py:104} INFO - [2021-02-07 22:05:01,354] {dag.py:1818} INFO - Sync 1 DAGs
[2021-02-07 22:05:01,378] {logging_mixin.py:104} INFO - [2021-02-07 22:05:01,377] {dag.py:2273} INFO - Setting next_dagrun for tutorial_etl_dag to None
[2021-02-07 22:05:01,399] {scheduler_job.py:189} INFO - Processing /home/airflow/.local/lib/python3.8/site-packages/airflow/example_dags/tutorial_etl_dag.py took 0.118 seconds
[2021-02-07 22:05:31,936] {scheduler_job.py:181} INFO - Started process (PID=1441) to work on /home/airflow/.local/lib/python3.8/site-packages/airflow/example_dags/tutorial_etl_dag.py
[2021-02-07 22:05:31,941] {scheduler_job.py:627} INFO - Processing file /home/airflow/.local/lib/python3.8/site-packages/airflow/example_dags/tutorial_etl_dag.py for tasks to queue
[2021-02-07 22:05:31,946] {logging_mixin.py:104} INFO - [2021-02-07 22:05:31,945] {dagbag.py:449} INFO - Filling up the DagBag from /home/airflow/.local/lib/python3.8/site-packages/airflow/example_dags/tutorial_etl_dag.py
[2021-02-07 22:05:31,964] {scheduler_job.py:637} INFO - DAG(s) dict_keys(['tutorial_etl_dag']) retrieved from /home/airflow/.local/lib/python3.8/site-packages/airflow/example_dags/tutorial_etl_dag.py
[2021-02-07 22:05:32,001] {logging_mixin.py:104} INFO - [2021-02-07 22:05:32,001] {dag.py:1818} INFO - Sync 1 DAGs
[2021-02-07 22:05:32,023] {logging_mixin.py:104} INFO - [2021-02-07 22:05:32,023] {dag.py:2273} INFO - Setting next_dagrun for tutorial_etl_dag to None
[2021-02-07 22:05:32,046] {scheduler_job.py:189} INFO - Processing /home/airflow/.local/lib/python3.8/site-packages/airflow/example_dags/tutorial_etl_dag.py took 0.115 seconds
[2021-02-07 22:23:46,417] {scheduler_job.py:181} INFO - Started process (PID=1466) to work on /home/airflow/.local/lib/python3.8/site-packages/airflow/example_dags/tutorial_etl_dag.py
[2021-02-07 22:23:46,423] {scheduler_job.py:627} INFO - Processing file /home/airflow/.local/lib/python3.8/site-packages/airflow/example_dags/tutorial_etl_dag.py for tasks to queue
[2021-02-07 22:23:46,427] {logging_mixin.py:104} INFO - [2021-02-07 22:23:46,427] {dagbag.py:449} INFO - Filling up the DagBag from /home/airflow/.local/lib/python3.8/site-packages/airflow/example_dags/tutorial_etl_dag.py
[2021-02-07 22:23:46,457] {scheduler_job.py:637} INFO - DAG(s) dict_keys(['tutorial_etl_dag']) retrieved from /home/airflow/.local/lib/python3.8/site-packages/airflow/example_dags/tutorial_etl_dag.py
[2021-02-07 22:23:46,546] {logging_mixin.py:104} INFO - [2021-02-07 22:23:46,546] {dag.py:1818} INFO - Sync 1 DAGs
[2021-02-07 22:23:46,606] {logging_mixin.py:104} INFO - [2021-02-07 22:23:46,605] {dag.py:2273} INFO - Setting next_dagrun for tutorial_etl_dag to None
[2021-02-07 22:23:46,635] {scheduler_job.py:189} INFO - Processing /home/airflow/.local/lib/python3.8/site-packages/airflow/example_dags/tutorial_etl_dag.py took 0.223 seconds
[2021-02-07 22:24:17,399] {scheduler_job.py:181} INFO - Started process (PID=1491) to work on /home/airflow/.local/lib/python3.8/site-packages/airflow/example_dags/tutorial_etl_dag.py
[2021-02-07 22:24:17,406] {scheduler_job.py:627} INFO - Processing file /home/airflow/.local/lib/python3.8/site-packages/airflow/example_dags/tutorial_etl_dag.py for tasks to queue
[2021-02-07 22:24:17,411] {logging_mixin.py:104} INFO - [2021-02-07 22:24:17,411] {dagbag.py:449} INFO - Filling up the DagBag from /home/airflow/.local/lib/python3.8/site-packages/airflow/example_dags/tutorial_etl_dag.py
[2021-02-07 22:24:17,436] {scheduler_job.py:637} INFO - DAG(s) dict_keys(['tutorial_etl_dag']) retrieved from /home/airflow/.local/lib/python3.8/site-packages/airflow/example_dags/tutorial_etl_dag.py
[2021-02-07 22:24:17,719] {logging_mixin.py:104} INFO - [2021-02-07 22:24:17,718] {dag.py:1818} INFO - Sync 1 DAGs
[2021-02-07 22:24:17,789] {logging_mixin.py:104} INFO - [2021-02-07 22:24:17,788] {dag.py:2273} INFO - Setting next_dagrun for tutorial_etl_dag to None
[2021-02-07 22:24:17,836] {scheduler_job.py:189} INFO - Processing /home/airflow/.local/lib/python3.8/site-packages/airflow/example_dags/tutorial_etl_dag.py took 0.457 seconds
[2021-02-07 22:24:48,420] {scheduler_job.py:181} INFO - Started process (PID=1517) to work on /home/airflow/.local/lib/python3.8/site-packages/airflow/example_dags/tutorial_etl_dag.py
[2021-02-07 22:24:48,422] {scheduler_job.py:627} INFO - Processing file /home/airflow/.local/lib/python3.8/site-packages/airflow/example_dags/tutorial_etl_dag.py for tasks to queue
[2021-02-07 22:24:48,425] {logging_mixin.py:104} INFO - [2021-02-07 22:24:48,425] {dagbag.py:449} INFO - Filling up the DagBag from /home/airflow/.local/lib/python3.8/site-packages/airflow/example_dags/tutorial_etl_dag.py
[2021-02-07 22:24:48,452] {scheduler_job.py:637} INFO - DAG(s) dict_keys(['tutorial_etl_dag']) retrieved from /home/airflow/.local/lib/python3.8/site-packages/airflow/example_dags/tutorial_etl_dag.py
[2021-02-07 22:24:48,521] {logging_mixin.py:104} INFO - [2021-02-07 22:24:48,521] {dag.py:1818} INFO - Sync 1 DAGs
[2021-02-07 22:24:48,682] {logging_mixin.py:104} INFO - [2021-02-07 22:24:48,682] {dag.py:2273} INFO - Setting next_dagrun for tutorial_etl_dag to None
[2021-02-07 22:24:48,724] {scheduler_job.py:189} INFO - Processing /home/airflow/.local/lib/python3.8/site-packages/airflow/example_dags/tutorial_etl_dag.py took 0.312 seconds
[2021-02-07 22:25:19,040] {scheduler_job.py:181} INFO - Started process (PID=1543) to work on /home/airflow/.local/lib/python3.8/site-packages/airflow/example_dags/tutorial_etl_dag.py
[2021-02-07 22:25:19,045] {scheduler_job.py:627} INFO - Processing file /home/airflow/.local/lib/python3.8/site-packages/airflow/example_dags/tutorial_etl_dag.py for tasks to queue
[2021-02-07 22:25:19,052] {logging_mixin.py:104} INFO - [2021-02-07 22:25:19,052] {dagbag.py:449} INFO - Filling up the DagBag from /home/airflow/.local/lib/python3.8/site-packages/airflow/example_dags/tutorial_etl_dag.py
[2021-02-07 22:25:19,085] {scheduler_job.py:637} INFO - DAG(s) dict_keys(['tutorial_etl_dag']) retrieved from /home/airflow/.local/lib/python3.8/site-packages/airflow/example_dags/tutorial_etl_dag.py
[2021-02-07 22:25:19,160] {logging_mixin.py:104} INFO - [2021-02-07 22:25:19,159] {dag.py:1818} INFO - Sync 1 DAGs
[2021-02-07 22:25:19,193] {logging_mixin.py:104} INFO - [2021-02-07 22:25:19,192] {dag.py:2273} INFO - Setting next_dagrun for tutorial_etl_dag to None
[2021-02-07 22:25:19,220] {scheduler_job.py:189} INFO - Processing /home/airflow/.local/lib/python3.8/site-packages/airflow/example_dags/tutorial_etl_dag.py took 0.193 seconds
[2021-02-07 22:25:49,613] {scheduler_job.py:181} INFO - Started process (PID=1569) to work on /home/airflow/.local/lib/python3.8/site-packages/airflow/example_dags/tutorial_etl_dag.py
[2021-02-07 22:25:49,618] {scheduler_job.py:627} INFO - Processing file /home/airflow/.local/lib/python3.8/site-packages/airflow/example_dags/tutorial_etl_dag.py for tasks to queue
[2021-02-07 22:25:49,620] {logging_mixin.py:104} INFO - [2021-02-07 22:25:49,620] {dagbag.py:449} INFO - Filling up the DagBag from /home/airflow/.local/lib/python3.8/site-packages/airflow/example_dags/tutorial_etl_dag.py
[2021-02-07 22:25:49,640] {scheduler_job.py:637} INFO - DAG(s) dict_keys(['tutorial_etl_dag']) retrieved from /home/airflow/.local/lib/python3.8/site-packages/airflow/example_dags/tutorial_etl_dag.py
[2021-02-07 22:25:49,685] {logging_mixin.py:104} INFO - [2021-02-07 22:25:49,685] {dag.py:1818} INFO - Sync 1 DAGs
[2021-02-07 22:25:49,707] {logging_mixin.py:104} INFO - [2021-02-07 22:25:49,707] {dag.py:2273} INFO - Setting next_dagrun for tutorial_etl_dag to None
[2021-02-07 22:25:49,733] {scheduler_job.py:189} INFO - Processing /home/airflow/.local/lib/python3.8/site-packages/airflow/example_dags/tutorial_etl_dag.py took 0.127 seconds
[2021-02-07 23:26:17,190] {scheduler_job.py:181} INFO - Started process (PID=1596) to work on /home/airflow/.local/lib/python3.8/site-packages/airflow/example_dags/tutorial_etl_dag.py
[2021-02-07 23:26:17,192] {scheduler_job.py:627} INFO - Processing file /home/airflow/.local/lib/python3.8/site-packages/airflow/example_dags/tutorial_etl_dag.py for tasks to queue
[2021-02-07 23:26:17,193] {logging_mixin.py:104} INFO - [2021-02-07 23:26:17,193] {dagbag.py:449} INFO - Filling up the DagBag from /home/airflow/.local/lib/python3.8/site-packages/airflow/example_dags/tutorial_etl_dag.py
[2021-02-07 23:26:17,205] {scheduler_job.py:637} INFO - DAG(s) dict_keys(['tutorial_etl_dag']) retrieved from /home/airflow/.local/lib/python3.8/site-packages/airflow/example_dags/tutorial_etl_dag.py
[2021-02-07 23:26:17,226] {logging_mixin.py:104} INFO - [2021-02-07 23:26:17,226] {dag.py:1818} INFO - Sync 1 DAGs
[2021-02-07 23:26:17,239] {logging_mixin.py:104} INFO - [2021-02-07 23:26:17,239] {dag.py:2273} INFO - Setting next_dagrun for tutorial_etl_dag to None
[2021-02-07 23:26:17,250] {scheduler_job.py:189} INFO - Processing /home/airflow/.local/lib/python3.8/site-packages/airflow/example_dags/tutorial_etl_dag.py took 0.064 seconds
