[2021-02-07 14:47:38,185] {scheduler_job.py:181} INFO - Started process (PID=28) to work on /home/airflow/.local/lib/python3.8/site-packages/airflow/example_dags/tutorial_taskflow_api_etl.py
[2021-02-07 14:47:38,187] {scheduler_job.py:627} INFO - Processing file /home/airflow/.local/lib/python3.8/site-packages/airflow/example_dags/tutorial_taskflow_api_etl.py for tasks to queue
[2021-02-07 14:47:38,189] {logging_mixin.py:104} INFO - [2021-02-07 14:47:38,189] {dagbag.py:449} INFO - Filling up the DagBag from /home/airflow/.local/lib/python3.8/site-packages/airflow/example_dags/tutorial_taskflow_api_etl.py
[2021-02-07 14:47:38,206] {scheduler_job.py:637} INFO - DAG(s) dict_keys(['tutorial_taskflow_api_etl']) retrieved from /home/airflow/.local/lib/python3.8/site-packages/airflow/example_dags/tutorial_taskflow_api_etl.py
[2021-02-07 14:47:38,242] {logging_mixin.py:104} INFO - [2021-02-07 14:47:38,242] {dag.py:1818} INFO - Sync 1 DAGs
[2021-02-07 14:47:38,254] {logging_mixin.py:104} INFO - [2021-02-07 14:47:38,254] {dag.py:1837} INFO - Creating ORM DAG for tutorial_taskflow_api_etl
[2021-02-07 14:47:38,261] {logging_mixin.py:104} INFO - [2021-02-07 14:47:38,261] {dag.py:2273} INFO - Setting next_dagrun for tutorial_taskflow_api_etl to None
[2021-02-07 14:47:38,281] {scheduler_job.py:189} INFO - Processing /home/airflow/.local/lib/python3.8/site-packages/airflow/example_dags/tutorial_taskflow_api_etl.py took 0.099 seconds
[2021-02-07 14:48:09,567] {scheduler_job.py:181} INFO - Started process (PID=54) to work on /home/airflow/.local/lib/python3.8/site-packages/airflow/example_dags/tutorial_taskflow_api_etl.py
[2021-02-07 14:48:09,570] {scheduler_job.py:627} INFO - Processing file /home/airflow/.local/lib/python3.8/site-packages/airflow/example_dags/tutorial_taskflow_api_etl.py for tasks to queue
[2021-02-07 14:48:09,572] {logging_mixin.py:104} INFO - [2021-02-07 14:48:09,572] {dagbag.py:449} INFO - Filling up the DagBag from /home/airflow/.local/lib/python3.8/site-packages/airflow/example_dags/tutorial_taskflow_api_etl.py
[2021-02-07 14:48:09,589] {scheduler_job.py:637} INFO - DAG(s) dict_keys(['tutorial_taskflow_api_etl']) retrieved from /home/airflow/.local/lib/python3.8/site-packages/airflow/example_dags/tutorial_taskflow_api_etl.py
[2021-02-07 14:48:09,629] {logging_mixin.py:104} INFO - [2021-02-07 14:48:09,629] {dag.py:1818} INFO - Sync 1 DAGs
[2021-02-07 14:48:09,708] {logging_mixin.py:104} INFO - [2021-02-07 14:48:09,708] {dag.py:2273} INFO - Setting next_dagrun for tutorial_taskflow_api_etl to None
[2021-02-07 14:48:09,764] {scheduler_job.py:189} INFO - Processing /home/airflow/.local/lib/python3.8/site-packages/airflow/example_dags/tutorial_taskflow_api_etl.py took 0.202 seconds
[2021-02-07 15:04:20,086] {scheduler_job.py:181} INFO - Started process (PID=47) to work on /home/airflow/.local/lib/python3.8/site-packages/airflow/example_dags/tutorial_taskflow_api_etl.py
[2021-02-07 15:04:20,088] {scheduler_job.py:627} INFO - Processing file /home/airflow/.local/lib/python3.8/site-packages/airflow/example_dags/tutorial_taskflow_api_etl.py for tasks to queue
[2021-02-07 15:04:20,091] {logging_mixin.py:104} INFO - [2021-02-07 15:04:20,090] {dagbag.py:449} INFO - Filling up the DagBag from /home/airflow/.local/lib/python3.8/site-packages/airflow/example_dags/tutorial_taskflow_api_etl.py
[2021-02-07 15:04:20,112] {scheduler_job.py:637} INFO - DAG(s) dict_keys(['tutorial_taskflow_api_etl']) retrieved from /home/airflow/.local/lib/python3.8/site-packages/airflow/example_dags/tutorial_taskflow_api_etl.py
[2021-02-07 15:04:20,179] {logging_mixin.py:104} INFO - [2021-02-07 15:04:20,179] {dag.py:1818} INFO - Sync 1 DAGs
[2021-02-07 15:04:20,238] {logging_mixin.py:104} INFO - [2021-02-07 15:04:20,237] {dag.py:2273} INFO - Setting next_dagrun for tutorial_taskflow_api_etl to None
[2021-02-07 15:04:20,263] {scheduler_job.py:189} INFO - Processing /home/airflow/.local/lib/python3.8/site-packages/airflow/example_dags/tutorial_taskflow_api_etl.py took 0.182 seconds
[2021-02-07 15:05:16,728] {scheduler_job.py:181} INFO - Started process (PID=73) to work on /home/airflow/.local/lib/python3.8/site-packages/airflow/example_dags/tutorial_taskflow_api_etl.py
[2021-02-07 15:05:16,762] {scheduler_job.py:627} INFO - Processing file /home/airflow/.local/lib/python3.8/site-packages/airflow/example_dags/tutorial_taskflow_api_etl.py for tasks to queue
[2021-02-07 15:05:16,778] {logging_mixin.py:104} INFO - [2021-02-07 15:05:16,777] {dagbag.py:449} INFO - Filling up the DagBag from /home/airflow/.local/lib/python3.8/site-packages/airflow/example_dags/tutorial_taskflow_api_etl.py
[2021-02-07 15:05:16,967] {scheduler_job.py:637} INFO - DAG(s) dict_keys(['tutorial_taskflow_api_etl']) retrieved from /home/airflow/.local/lib/python3.8/site-packages/airflow/example_dags/tutorial_taskflow_api_etl.py
[2021-02-07 15:05:17,610] {logging_mixin.py:104} INFO - [2021-02-07 15:05:17,609] {dag.py:1818} INFO - Sync 1 DAGs
[2021-02-07 15:05:18,496] {logging_mixin.py:104} INFO - [2021-02-07 15:05:18,495] {dag.py:2273} INFO - Setting next_dagrun for tutorial_taskflow_api_etl to None
[2021-02-07 15:05:18,851] {scheduler_job.py:189} INFO - Processing /home/airflow/.local/lib/python3.8/site-packages/airflow/example_dags/tutorial_taskflow_api_etl.py took 2.201 seconds
[2021-02-07 15:05:49,534] {scheduler_job.py:181} INFO - Started process (PID=99) to work on /home/airflow/.local/lib/python3.8/site-packages/airflow/example_dags/tutorial_taskflow_api_etl.py
[2021-02-07 15:05:49,555] {scheduler_job.py:627} INFO - Processing file /home/airflow/.local/lib/python3.8/site-packages/airflow/example_dags/tutorial_taskflow_api_etl.py for tasks to queue
[2021-02-07 15:05:49,580] {logging_mixin.py:104} INFO - [2021-02-07 15:05:49,579] {dagbag.py:449} INFO - Filling up the DagBag from /home/airflow/.local/lib/python3.8/site-packages/airflow/example_dags/tutorial_taskflow_api_etl.py
[2021-02-07 15:05:49,867] {scheduler_job.py:637} INFO - DAG(s) dict_keys(['tutorial_taskflow_api_etl']) retrieved from /home/airflow/.local/lib/python3.8/site-packages/airflow/example_dags/tutorial_taskflow_api_etl.py
[2021-02-07 15:05:50,408] {logging_mixin.py:104} INFO - [2021-02-07 15:05:50,396] {dag.py:1818} INFO - Sync 1 DAGs
[2021-02-07 15:05:50,615] {logging_mixin.py:104} INFO - [2021-02-07 15:05:50,615] {dag.py:2273} INFO - Setting next_dagrun for tutorial_taskflow_api_etl to None
[2021-02-07 15:05:50,767] {scheduler_job.py:189} INFO - Processing /home/airflow/.local/lib/python3.8/site-packages/airflow/example_dags/tutorial_taskflow_api_etl.py took 1.255 seconds
[2021-02-07 15:06:21,648] {scheduler_job.py:181} INFO - Started process (PID=125) to work on /home/airflow/.local/lib/python3.8/site-packages/airflow/example_dags/tutorial_taskflow_api_etl.py
[2021-02-07 15:06:21,651] {scheduler_job.py:627} INFO - Processing file /home/airflow/.local/lib/python3.8/site-packages/airflow/example_dags/tutorial_taskflow_api_etl.py for tasks to queue
[2021-02-07 15:06:21,653] {logging_mixin.py:104} INFO - [2021-02-07 15:06:21,653] {dagbag.py:449} INFO - Filling up the DagBag from /home/airflow/.local/lib/python3.8/site-packages/airflow/example_dags/tutorial_taskflow_api_etl.py
[2021-02-07 15:06:21,666] {scheduler_job.py:637} INFO - DAG(s) dict_keys(['tutorial_taskflow_api_etl']) retrieved from /home/airflow/.local/lib/python3.8/site-packages/airflow/example_dags/tutorial_taskflow_api_etl.py
[2021-02-07 15:06:21,712] {logging_mixin.py:104} INFO - [2021-02-07 15:06:21,712] {dag.py:1818} INFO - Sync 1 DAGs
[2021-02-07 15:06:21,736] {logging_mixin.py:104} INFO - [2021-02-07 15:06:21,736] {dag.py:2273} INFO - Setting next_dagrun for tutorial_taskflow_api_etl to None
[2021-02-07 15:06:21,760] {scheduler_job.py:189} INFO - Processing /home/airflow/.local/lib/python3.8/site-packages/airflow/example_dags/tutorial_taskflow_api_etl.py took 0.116 seconds
[2021-02-07 15:06:52,179] {scheduler_job.py:181} INFO - Started process (PID=151) to work on /home/airflow/.local/lib/python3.8/site-packages/airflow/example_dags/tutorial_taskflow_api_etl.py
[2021-02-07 15:06:52,181] {scheduler_job.py:627} INFO - Processing file /home/airflow/.local/lib/python3.8/site-packages/airflow/example_dags/tutorial_taskflow_api_etl.py for tasks to queue
[2021-02-07 15:06:52,183] {logging_mixin.py:104} INFO - [2021-02-07 15:06:52,182] {dagbag.py:449} INFO - Filling up the DagBag from /home/airflow/.local/lib/python3.8/site-packages/airflow/example_dags/tutorial_taskflow_api_etl.py
[2021-02-07 15:06:52,194] {scheduler_job.py:637} INFO - DAG(s) dict_keys(['tutorial_taskflow_api_etl']) retrieved from /home/airflow/.local/lib/python3.8/site-packages/airflow/example_dags/tutorial_taskflow_api_etl.py
[2021-02-07 15:06:52,224] {logging_mixin.py:104} INFO - [2021-02-07 15:06:52,223] {dag.py:1818} INFO - Sync 1 DAGs
[2021-02-07 15:06:52,237] {logging_mixin.py:104} INFO - [2021-02-07 15:06:52,237] {dag.py:2273} INFO - Setting next_dagrun for tutorial_taskflow_api_etl to None
[2021-02-07 15:06:52,258] {scheduler_job.py:189} INFO - Processing /home/airflow/.local/lib/python3.8/site-packages/airflow/example_dags/tutorial_taskflow_api_etl.py took 0.083 seconds
[2021-02-07 15:07:22,492] {scheduler_job.py:181} INFO - Started process (PID=177) to work on /home/airflow/.local/lib/python3.8/site-packages/airflow/example_dags/tutorial_taskflow_api_etl.py
[2021-02-07 15:07:22,494] {scheduler_job.py:627} INFO - Processing file /home/airflow/.local/lib/python3.8/site-packages/airflow/example_dags/tutorial_taskflow_api_etl.py for tasks to queue
[2021-02-07 15:07:22,496] {logging_mixin.py:104} INFO - [2021-02-07 15:07:22,495] {dagbag.py:449} INFO - Filling up the DagBag from /home/airflow/.local/lib/python3.8/site-packages/airflow/example_dags/tutorial_taskflow_api_etl.py
[2021-02-07 15:07:22,510] {scheduler_job.py:637} INFO - DAG(s) dict_keys(['tutorial_taskflow_api_etl']) retrieved from /home/airflow/.local/lib/python3.8/site-packages/airflow/example_dags/tutorial_taskflow_api_etl.py
[2021-02-07 15:07:22,535] {logging_mixin.py:104} INFO - [2021-02-07 15:07:22,535] {dag.py:1818} INFO - Sync 1 DAGs
[2021-02-07 15:07:22,548] {logging_mixin.py:104} INFO - [2021-02-07 15:07:22,548] {dag.py:2273} INFO - Setting next_dagrun for tutorial_taskflow_api_etl to None
[2021-02-07 15:07:22,568] {scheduler_job.py:189} INFO - Processing /home/airflow/.local/lib/python3.8/site-packages/airflow/example_dags/tutorial_taskflow_api_etl.py took 0.079 seconds
[2021-02-07 15:07:52,624] {scheduler_job.py:181} INFO - Started process (PID=203) to work on /home/airflow/.local/lib/python3.8/site-packages/airflow/example_dags/tutorial_taskflow_api_etl.py
[2021-02-07 15:07:52,627] {scheduler_job.py:627} INFO - Processing file /home/airflow/.local/lib/python3.8/site-packages/airflow/example_dags/tutorial_taskflow_api_etl.py for tasks to queue
[2021-02-07 15:07:52,629] {logging_mixin.py:104} INFO - [2021-02-07 15:07:52,628] {dagbag.py:449} INFO - Filling up the DagBag from /home/airflow/.local/lib/python3.8/site-packages/airflow/example_dags/tutorial_taskflow_api_etl.py
[2021-02-07 15:07:52,648] {scheduler_job.py:637} INFO - DAG(s) dict_keys(['tutorial_taskflow_api_etl']) retrieved from /home/airflow/.local/lib/python3.8/site-packages/airflow/example_dags/tutorial_taskflow_api_etl.py
[2021-02-07 15:07:52,679] {logging_mixin.py:104} INFO - [2021-02-07 15:07:52,679] {dag.py:1818} INFO - Sync 1 DAGs
[2021-02-07 15:07:52,695] {logging_mixin.py:104} INFO - [2021-02-07 15:07:52,695] {dag.py:2273} INFO - Setting next_dagrun for tutorial_taskflow_api_etl to None
[2021-02-07 15:07:52,722] {scheduler_job.py:189} INFO - Processing /home/airflow/.local/lib/python3.8/site-packages/airflow/example_dags/tutorial_taskflow_api_etl.py took 0.103 seconds
[2021-02-07 15:08:23,007] {scheduler_job.py:181} INFO - Started process (PID=229) to work on /home/airflow/.local/lib/python3.8/site-packages/airflow/example_dags/tutorial_taskflow_api_etl.py
[2021-02-07 15:08:23,009] {scheduler_job.py:627} INFO - Processing file /home/airflow/.local/lib/python3.8/site-packages/airflow/example_dags/tutorial_taskflow_api_etl.py for tasks to queue
[2021-02-07 15:08:23,010] {logging_mixin.py:104} INFO - [2021-02-07 15:08:23,010] {dagbag.py:449} INFO - Filling up the DagBag from /home/airflow/.local/lib/python3.8/site-packages/airflow/example_dags/tutorial_taskflow_api_etl.py
[2021-02-07 15:08:23,024] {scheduler_job.py:637} INFO - DAG(s) dict_keys(['tutorial_taskflow_api_etl']) retrieved from /home/airflow/.local/lib/python3.8/site-packages/airflow/example_dags/tutorial_taskflow_api_etl.py
[2021-02-07 15:08:23,050] {logging_mixin.py:104} INFO - [2021-02-07 15:08:23,050] {dag.py:1818} INFO - Sync 1 DAGs
[2021-02-07 15:08:23,062] {logging_mixin.py:104} INFO - [2021-02-07 15:08:23,062] {dag.py:2273} INFO - Setting next_dagrun for tutorial_taskflow_api_etl to None
[2021-02-07 15:08:23,080] {scheduler_job.py:189} INFO - Processing /home/airflow/.local/lib/python3.8/site-packages/airflow/example_dags/tutorial_taskflow_api_etl.py took 0.077 seconds
[2021-02-07 15:08:53,179] {scheduler_job.py:181} INFO - Started process (PID=255) to work on /home/airflow/.local/lib/python3.8/site-packages/airflow/example_dags/tutorial_taskflow_api_etl.py
[2021-02-07 15:08:53,181] {scheduler_job.py:627} INFO - Processing file /home/airflow/.local/lib/python3.8/site-packages/airflow/example_dags/tutorial_taskflow_api_etl.py for tasks to queue
[2021-02-07 15:08:53,182] {logging_mixin.py:104} INFO - [2021-02-07 15:08:53,182] {dagbag.py:449} INFO - Filling up the DagBag from /home/airflow/.local/lib/python3.8/site-packages/airflow/example_dags/tutorial_taskflow_api_etl.py
[2021-02-07 15:08:53,201] {scheduler_job.py:637} INFO - DAG(s) dict_keys(['tutorial_taskflow_api_etl']) retrieved from /home/airflow/.local/lib/python3.8/site-packages/airflow/example_dags/tutorial_taskflow_api_etl.py
[2021-02-07 15:08:53,228] {logging_mixin.py:104} INFO - [2021-02-07 15:08:53,228] {dag.py:1818} INFO - Sync 1 DAGs
[2021-02-07 15:08:53,242] {logging_mixin.py:104} INFO - [2021-02-07 15:08:53,242] {dag.py:2273} INFO - Setting next_dagrun for tutorial_taskflow_api_etl to None
[2021-02-07 15:08:53,256] {scheduler_job.py:189} INFO - Processing /home/airflow/.local/lib/python3.8/site-packages/airflow/example_dags/tutorial_taskflow_api_etl.py took 0.081 seconds
[2021-02-07 15:09:23,650] {scheduler_job.py:181} INFO - Started process (PID=281) to work on /home/airflow/.local/lib/python3.8/site-packages/airflow/example_dags/tutorial_taskflow_api_etl.py
[2021-02-07 15:09:23,652] {scheduler_job.py:627} INFO - Processing file /home/airflow/.local/lib/python3.8/site-packages/airflow/example_dags/tutorial_taskflow_api_etl.py for tasks to queue
[2021-02-07 15:09:23,653] {logging_mixin.py:104} INFO - [2021-02-07 15:09:23,653] {dagbag.py:449} INFO - Filling up the DagBag from /home/airflow/.local/lib/python3.8/site-packages/airflow/example_dags/tutorial_taskflow_api_etl.py
[2021-02-07 15:09:23,665] {scheduler_job.py:637} INFO - DAG(s) dict_keys(['tutorial_taskflow_api_etl']) retrieved from /home/airflow/.local/lib/python3.8/site-packages/airflow/example_dags/tutorial_taskflow_api_etl.py
[2021-02-07 15:09:23,691] {logging_mixin.py:104} INFO - [2021-02-07 15:09:23,691] {dag.py:1818} INFO - Sync 1 DAGs
[2021-02-07 15:09:23,705] {logging_mixin.py:104} INFO - [2021-02-07 15:09:23,705] {dag.py:2273} INFO - Setting next_dagrun for tutorial_taskflow_api_etl to None
[2021-02-07 15:09:23,720] {scheduler_job.py:189} INFO - Processing /home/airflow/.local/lib/python3.8/site-packages/airflow/example_dags/tutorial_taskflow_api_etl.py took 0.073 seconds
[2021-02-07 15:09:54,104] {scheduler_job.py:181} INFO - Started process (PID=307) to work on /home/airflow/.local/lib/python3.8/site-packages/airflow/example_dags/tutorial_taskflow_api_etl.py
[2021-02-07 15:09:54,109] {scheduler_job.py:627} INFO - Processing file /home/airflow/.local/lib/python3.8/site-packages/airflow/example_dags/tutorial_taskflow_api_etl.py for tasks to queue
[2021-02-07 15:09:54,111] {logging_mixin.py:104} INFO - [2021-02-07 15:09:54,110] {dagbag.py:449} INFO - Filling up the DagBag from /home/airflow/.local/lib/python3.8/site-packages/airflow/example_dags/tutorial_taskflow_api_etl.py
[2021-02-07 15:09:54,126] {scheduler_job.py:637} INFO - DAG(s) dict_keys(['tutorial_taskflow_api_etl']) retrieved from /home/airflow/.local/lib/python3.8/site-packages/airflow/example_dags/tutorial_taskflow_api_etl.py
[2021-02-07 15:09:54,152] {logging_mixin.py:104} INFO - [2021-02-07 15:09:54,152] {dag.py:1818} INFO - Sync 1 DAGs
[2021-02-07 15:09:54,166] {logging_mixin.py:104} INFO - [2021-02-07 15:09:54,166] {dag.py:2273} INFO - Setting next_dagrun for tutorial_taskflow_api_etl to None
[2021-02-07 15:09:54,178] {scheduler_job.py:189} INFO - Processing /home/airflow/.local/lib/python3.8/site-packages/airflow/example_dags/tutorial_taskflow_api_etl.py took 0.077 seconds
[2021-02-07 15:11:40,950] {scheduler_job.py:181} INFO - Started process (PID=353) to work on /home/airflow/.local/lib/python3.8/site-packages/airflow/example_dags/tutorial_taskflow_api_etl.py
[2021-02-07 15:11:40,953] {scheduler_job.py:627} INFO - Processing file /home/airflow/.local/lib/python3.8/site-packages/airflow/example_dags/tutorial_taskflow_api_etl.py for tasks to queue
[2021-02-07 15:11:40,955] {logging_mixin.py:104} INFO - [2021-02-07 15:11:40,955] {dagbag.py:449} INFO - Filling up the DagBag from /home/airflow/.local/lib/python3.8/site-packages/airflow/example_dags/tutorial_taskflow_api_etl.py
[2021-02-07 15:11:40,977] {scheduler_job.py:637} INFO - DAG(s) dict_keys(['tutorial_taskflow_api_etl']) retrieved from /home/airflow/.local/lib/python3.8/site-packages/airflow/example_dags/tutorial_taskflow_api_etl.py
[2021-02-07 15:11:41,016] {logging_mixin.py:104} INFO - [2021-02-07 15:11:41,016] {dag.py:1818} INFO - Sync 1 DAGs
[2021-02-07 15:11:41,036] {logging_mixin.py:104} INFO - [2021-02-07 15:11:41,036] {dag.py:2273} INFO - Setting next_dagrun for tutorial_taskflow_api_etl to None
[2021-02-07 15:11:41,056] {scheduler_job.py:189} INFO - Processing /home/airflow/.local/lib/python3.8/site-packages/airflow/example_dags/tutorial_taskflow_api_etl.py took 0.110 seconds
[2021-02-07 19:10:21,275] {scheduler_job.py:181} INFO - Started process (PID=379) to work on /home/airflow/.local/lib/python3.8/site-packages/airflow/example_dags/tutorial_taskflow_api_etl.py
[2021-02-07 19:10:21,278] {scheduler_job.py:627} INFO - Processing file /home/airflow/.local/lib/python3.8/site-packages/airflow/example_dags/tutorial_taskflow_api_etl.py for tasks to queue
[2021-02-07 19:10:21,282] {logging_mixin.py:104} INFO - [2021-02-07 19:10:21,282] {dagbag.py:449} INFO - Filling up the DagBag from /home/airflow/.local/lib/python3.8/site-packages/airflow/example_dags/tutorial_taskflow_api_etl.py
[2021-02-07 19:10:21,302] {scheduler_job.py:637} INFO - DAG(s) dict_keys(['tutorial_taskflow_api_etl']) retrieved from /home/airflow/.local/lib/python3.8/site-packages/airflow/example_dags/tutorial_taskflow_api_etl.py
[2021-02-07 19:10:21,351] {logging_mixin.py:104} INFO - [2021-02-07 19:10:21,351] {dag.py:1818} INFO - Sync 1 DAGs
[2021-02-07 19:10:21,391] {logging_mixin.py:104} INFO - [2021-02-07 19:10:21,391] {dag.py:2273} INFO - Setting next_dagrun for tutorial_taskflow_api_etl to None
[2021-02-07 19:10:21,424] {scheduler_job.py:189} INFO - Processing /home/airflow/.local/lib/python3.8/site-packages/airflow/example_dags/tutorial_taskflow_api_etl.py took 0.154 seconds
[2021-02-07 21:10:35,767] {scheduler_job.py:181} INFO - Started process (PID=405) to work on /home/airflow/.local/lib/python3.8/site-packages/airflow/example_dags/tutorial_taskflow_api_etl.py
[2021-02-07 21:10:35,770] {scheduler_job.py:627} INFO - Processing file /home/airflow/.local/lib/python3.8/site-packages/airflow/example_dags/tutorial_taskflow_api_etl.py for tasks to queue
[2021-02-07 21:10:35,772] {logging_mixin.py:104} INFO - [2021-02-07 21:10:35,772] {dagbag.py:449} INFO - Filling up the DagBag from /home/airflow/.local/lib/python3.8/site-packages/airflow/example_dags/tutorial_taskflow_api_etl.py
[2021-02-07 21:10:35,801] {scheduler_job.py:637} INFO - DAG(s) dict_keys(['tutorial_taskflow_api_etl']) retrieved from /home/airflow/.local/lib/python3.8/site-packages/airflow/example_dags/tutorial_taskflow_api_etl.py
[2021-02-07 21:10:35,870] {logging_mixin.py:104} INFO - [2021-02-07 21:10:35,869] {dag.py:1818} INFO - Sync 1 DAGs
[2021-02-07 21:10:35,903] {logging_mixin.py:104} INFO - [2021-02-07 21:10:35,903] {dag.py:2273} INFO - Setting next_dagrun for tutorial_taskflow_api_etl to None
[2021-02-07 21:10:35,946] {scheduler_job.py:189} INFO - Processing /home/airflow/.local/lib/python3.8/site-packages/airflow/example_dags/tutorial_taskflow_api_etl.py took 0.186 seconds
[2021-02-07 21:45:33,770] {scheduler_job.py:181} INFO - Started process (PID=431) to work on /home/airflow/.local/lib/python3.8/site-packages/airflow/example_dags/tutorial_taskflow_api_etl.py
[2021-02-07 21:45:33,773] {scheduler_job.py:627} INFO - Processing file /home/airflow/.local/lib/python3.8/site-packages/airflow/example_dags/tutorial_taskflow_api_etl.py for tasks to queue
[2021-02-07 21:45:33,774] {logging_mixin.py:104} INFO - [2021-02-07 21:45:33,774] {dagbag.py:449} INFO - Filling up the DagBag from /home/airflow/.local/lib/python3.8/site-packages/airflow/example_dags/tutorial_taskflow_api_etl.py
[2021-02-07 21:45:33,803] {scheduler_job.py:637} INFO - DAG(s) dict_keys(['tutorial_taskflow_api_etl']) retrieved from /home/airflow/.local/lib/python3.8/site-packages/airflow/example_dags/tutorial_taskflow_api_etl.py
[2021-02-07 21:45:33,865] {logging_mixin.py:104} INFO - [2021-02-07 21:45:33,865] {dag.py:1818} INFO - Sync 1 DAGs
[2021-02-07 21:45:33,906] {logging_mixin.py:104} INFO - [2021-02-07 21:45:33,905] {dag.py:2273} INFO - Setting next_dagrun for tutorial_taskflow_api_etl to None
[2021-02-07 21:45:33,945] {scheduler_job.py:189} INFO - Processing /home/airflow/.local/lib/python3.8/site-packages/airflow/example_dags/tutorial_taskflow_api_etl.py took 0.180 seconds
[2021-02-07 21:46:04,018] {scheduler_job.py:181} INFO - Started process (PID=455) to work on /home/airflow/.local/lib/python3.8/site-packages/airflow/example_dags/tutorial_taskflow_api_etl.py
[2021-02-07 21:46:04,022] {scheduler_job.py:627} INFO - Processing file /home/airflow/.local/lib/python3.8/site-packages/airflow/example_dags/tutorial_taskflow_api_etl.py for tasks to queue
[2021-02-07 21:46:04,026] {logging_mixin.py:104} INFO - [2021-02-07 21:46:04,026] {dagbag.py:449} INFO - Filling up the DagBag from /home/airflow/.local/lib/python3.8/site-packages/airflow/example_dags/tutorial_taskflow_api_etl.py
[2021-02-07 21:46:04,058] {scheduler_job.py:637} INFO - DAG(s) dict_keys(['tutorial_taskflow_api_etl']) retrieved from /home/airflow/.local/lib/python3.8/site-packages/airflow/example_dags/tutorial_taskflow_api_etl.py
[2021-02-07 21:46:04,141] {logging_mixin.py:104} INFO - [2021-02-07 21:46:04,141] {dag.py:1818} INFO - Sync 1 DAGs
[2021-02-07 21:46:04,172] {logging_mixin.py:104} INFO - [2021-02-07 21:46:04,172] {dag.py:2273} INFO - Setting next_dagrun for tutorial_taskflow_api_etl to None
[2021-02-07 21:46:04,207] {scheduler_job.py:189} INFO - Processing /home/airflow/.local/lib/python3.8/site-packages/airflow/example_dags/tutorial_taskflow_api_etl.py took 0.198 seconds
[2021-02-07 21:46:34,629] {scheduler_job.py:181} INFO - Started process (PID=481) to work on /home/airflow/.local/lib/python3.8/site-packages/airflow/example_dags/tutorial_taskflow_api_etl.py
[2021-02-07 21:46:34,631] {scheduler_job.py:627} INFO - Processing file /home/airflow/.local/lib/python3.8/site-packages/airflow/example_dags/tutorial_taskflow_api_etl.py for tasks to queue
[2021-02-07 21:46:34,632] {logging_mixin.py:104} INFO - [2021-02-07 21:46:34,632] {dagbag.py:449} INFO - Filling up the DagBag from /home/airflow/.local/lib/python3.8/site-packages/airflow/example_dags/tutorial_taskflow_api_etl.py
[2021-02-07 21:46:34,648] {scheduler_job.py:637} INFO - DAG(s) dict_keys(['tutorial_taskflow_api_etl']) retrieved from /home/airflow/.local/lib/python3.8/site-packages/airflow/example_dags/tutorial_taskflow_api_etl.py
[2021-02-07 21:46:34,685] {logging_mixin.py:104} INFO - [2021-02-07 21:46:34,685] {dag.py:1818} INFO - Sync 1 DAGs
[2021-02-07 21:46:34,707] {logging_mixin.py:104} INFO - [2021-02-07 21:46:34,707] {dag.py:2273} INFO - Setting next_dagrun for tutorial_taskflow_api_etl to None
[2021-02-07 21:46:34,724] {scheduler_job.py:189} INFO - Processing /home/airflow/.local/lib/python3.8/site-packages/airflow/example_dags/tutorial_taskflow_api_etl.py took 0.100 seconds
[2021-02-07 21:47:10,579] {scheduler_job.py:181} INFO - Started process (PID=509) to work on /home/airflow/.local/lib/python3.8/site-packages/airflow/example_dags/tutorial_taskflow_api_etl.py
[2021-02-07 21:47:10,583] {scheduler_job.py:627} INFO - Processing file /home/airflow/.local/lib/python3.8/site-packages/airflow/example_dags/tutorial_taskflow_api_etl.py for tasks to queue
[2021-02-07 21:47:10,587] {logging_mixin.py:104} INFO - [2021-02-07 21:47:10,586] {dagbag.py:449} INFO - Filling up the DagBag from /home/airflow/.local/lib/python3.8/site-packages/airflow/example_dags/tutorial_taskflow_api_etl.py
[2021-02-07 21:47:10,629] {scheduler_job.py:637} INFO - DAG(s) dict_keys(['tutorial_taskflow_api_etl']) retrieved from /home/airflow/.local/lib/python3.8/site-packages/airflow/example_dags/tutorial_taskflow_api_etl.py
[2021-02-07 21:47:10,721] {logging_mixin.py:104} INFO - [2021-02-07 21:47:10,720] {dag.py:1818} INFO - Sync 1 DAGs
[2021-02-07 21:47:10,780] {logging_mixin.py:104} INFO - [2021-02-07 21:47:10,779] {dag.py:2273} INFO - Setting next_dagrun for tutorial_taskflow_api_etl to None
[2021-02-07 21:47:10,855] {scheduler_job.py:189} INFO - Processing /home/airflow/.local/lib/python3.8/site-packages/airflow/example_dags/tutorial_taskflow_api_etl.py took 0.283 seconds
[2021-02-07 21:47:41,201] {scheduler_job.py:181} INFO - Started process (PID=533) to work on /home/airflow/.local/lib/python3.8/site-packages/airflow/example_dags/tutorial_taskflow_api_etl.py
[2021-02-07 21:47:41,208] {scheduler_job.py:627} INFO - Processing file /home/airflow/.local/lib/python3.8/site-packages/airflow/example_dags/tutorial_taskflow_api_etl.py for tasks to queue
[2021-02-07 21:47:41,215] {logging_mixin.py:104} INFO - [2021-02-07 21:47:41,214] {dagbag.py:449} INFO - Filling up the DagBag from /home/airflow/.local/lib/python3.8/site-packages/airflow/example_dags/tutorial_taskflow_api_etl.py
[2021-02-07 21:47:41,293] {scheduler_job.py:637} INFO - DAG(s) dict_keys(['tutorial_taskflow_api_etl']) retrieved from /home/airflow/.local/lib/python3.8/site-packages/airflow/example_dags/tutorial_taskflow_api_etl.py
[2021-02-07 21:47:41,429] {logging_mixin.py:104} INFO - [2021-02-07 21:47:41,428] {dag.py:1818} INFO - Sync 1 DAGs
[2021-02-07 21:47:41,519] {logging_mixin.py:104} INFO - [2021-02-07 21:47:41,519] {dag.py:2273} INFO - Setting next_dagrun for tutorial_taskflow_api_etl to None
[2021-02-07 21:47:41,609] {scheduler_job.py:189} INFO - Processing /home/airflow/.local/lib/python3.8/site-packages/airflow/example_dags/tutorial_taskflow_api_etl.py took 0.424 seconds
[2021-02-07 21:48:12,604] {scheduler_job.py:181} INFO - Started process (PID=559) to work on /home/airflow/.local/lib/python3.8/site-packages/airflow/example_dags/tutorial_taskflow_api_etl.py
[2021-02-07 21:48:12,606] {scheduler_job.py:627} INFO - Processing file /home/airflow/.local/lib/python3.8/site-packages/airflow/example_dags/tutorial_taskflow_api_etl.py for tasks to queue
[2021-02-07 21:48:12,608] {logging_mixin.py:104} INFO - [2021-02-07 21:48:12,608] {dagbag.py:449} INFO - Filling up the DagBag from /home/airflow/.local/lib/python3.8/site-packages/airflow/example_dags/tutorial_taskflow_api_etl.py
[2021-02-07 21:48:12,645] {scheduler_job.py:637} INFO - DAG(s) dict_keys(['tutorial_taskflow_api_etl']) retrieved from /home/airflow/.local/lib/python3.8/site-packages/airflow/example_dags/tutorial_taskflow_api_etl.py
[2021-02-07 21:48:12,700] {logging_mixin.py:104} INFO - [2021-02-07 21:48:12,699] {dag.py:1818} INFO - Sync 1 DAGs
[2021-02-07 21:48:12,724] {logging_mixin.py:104} INFO - [2021-02-07 21:48:12,724] {dag.py:2273} INFO - Setting next_dagrun for tutorial_taskflow_api_etl to None
[2021-02-07 21:48:12,757] {scheduler_job.py:189} INFO - Processing /home/airflow/.local/lib/python3.8/site-packages/airflow/example_dags/tutorial_taskflow_api_etl.py took 0.161 seconds
[2021-02-07 21:48:43,098] {scheduler_job.py:181} INFO - Started process (PID=585) to work on /home/airflow/.local/lib/python3.8/site-packages/airflow/example_dags/tutorial_taskflow_api_etl.py
[2021-02-07 21:48:43,107] {scheduler_job.py:627} INFO - Processing file /home/airflow/.local/lib/python3.8/site-packages/airflow/example_dags/tutorial_taskflow_api_etl.py for tasks to queue
[2021-02-07 21:48:43,110] {logging_mixin.py:104} INFO - [2021-02-07 21:48:43,110] {dagbag.py:449} INFO - Filling up the DagBag from /home/airflow/.local/lib/python3.8/site-packages/airflow/example_dags/tutorial_taskflow_api_etl.py
[2021-02-07 21:48:43,144] {scheduler_job.py:637} INFO - DAG(s) dict_keys(['tutorial_taskflow_api_etl']) retrieved from /home/airflow/.local/lib/python3.8/site-packages/airflow/example_dags/tutorial_taskflow_api_etl.py
[2021-02-07 21:48:43,206] {logging_mixin.py:104} INFO - [2021-02-07 21:48:43,206] {dag.py:1818} INFO - Sync 1 DAGs
[2021-02-07 21:48:43,246] {logging_mixin.py:104} INFO - [2021-02-07 21:48:43,246] {dag.py:2273} INFO - Setting next_dagrun for tutorial_taskflow_api_etl to None
[2021-02-07 21:48:43,276] {scheduler_job.py:189} INFO - Processing /home/airflow/.local/lib/python3.8/site-packages/airflow/example_dags/tutorial_taskflow_api_etl.py took 0.186 seconds
[2021-02-07 21:49:13,912] {scheduler_job.py:181} INFO - Started process (PID=612) to work on /home/airflow/.local/lib/python3.8/site-packages/airflow/example_dags/tutorial_taskflow_api_etl.py
[2021-02-07 21:49:13,915] {scheduler_job.py:627} INFO - Processing file /home/airflow/.local/lib/python3.8/site-packages/airflow/example_dags/tutorial_taskflow_api_etl.py for tasks to queue
[2021-02-07 21:49:13,917] {logging_mixin.py:104} INFO - [2021-02-07 21:49:13,917] {dagbag.py:449} INFO - Filling up the DagBag from /home/airflow/.local/lib/python3.8/site-packages/airflow/example_dags/tutorial_taskflow_api_etl.py
[2021-02-07 21:49:13,934] {scheduler_job.py:637} INFO - DAG(s) dict_keys(['tutorial_taskflow_api_etl']) retrieved from /home/airflow/.local/lib/python3.8/site-packages/airflow/example_dags/tutorial_taskflow_api_etl.py
[2021-02-07 21:49:13,982] {logging_mixin.py:104} INFO - [2021-02-07 21:49:13,982] {dag.py:1818} INFO - Sync 1 DAGs
[2021-02-07 21:49:14,010] {logging_mixin.py:104} INFO - [2021-02-07 21:49:14,010] {dag.py:2273} INFO - Setting next_dagrun for tutorial_taskflow_api_etl to None
[2021-02-07 21:49:14,030] {scheduler_job.py:189} INFO - Processing /home/airflow/.local/lib/python3.8/site-packages/airflow/example_dags/tutorial_taskflow_api_etl.py took 0.124 seconds
[2021-02-07 21:49:48,037] {scheduler_job.py:181} INFO - Started process (PID=638) to work on /home/airflow/.local/lib/python3.8/site-packages/airflow/example_dags/tutorial_taskflow_api_etl.py
[2021-02-07 21:49:48,039] {scheduler_job.py:627} INFO - Processing file /home/airflow/.local/lib/python3.8/site-packages/airflow/example_dags/tutorial_taskflow_api_etl.py for tasks to queue
[2021-02-07 21:49:48,043] {logging_mixin.py:104} INFO - [2021-02-07 21:49:48,042] {dagbag.py:449} INFO - Filling up the DagBag from /home/airflow/.local/lib/python3.8/site-packages/airflow/example_dags/tutorial_taskflow_api_etl.py
[2021-02-07 21:49:48,086] {scheduler_job.py:637} INFO - DAG(s) dict_keys(['tutorial_taskflow_api_etl']) retrieved from /home/airflow/.local/lib/python3.8/site-packages/airflow/example_dags/tutorial_taskflow_api_etl.py
[2021-02-07 21:49:48,162] {logging_mixin.py:104} INFO - [2021-02-07 21:49:48,161] {dag.py:1818} INFO - Sync 1 DAGs
[2021-02-07 21:49:48,219] {logging_mixin.py:104} INFO - [2021-02-07 21:49:48,219] {dag.py:2273} INFO - Setting next_dagrun for tutorial_taskflow_api_etl to None
[2021-02-07 21:49:48,283] {scheduler_job.py:189} INFO - Processing /home/airflow/.local/lib/python3.8/site-packages/airflow/example_dags/tutorial_taskflow_api_etl.py took 0.260 seconds
[2021-02-07 21:50:18,570] {scheduler_job.py:181} INFO - Started process (PID=664) to work on /home/airflow/.local/lib/python3.8/site-packages/airflow/example_dags/tutorial_taskflow_api_etl.py
[2021-02-07 21:50:18,574] {scheduler_job.py:627} INFO - Processing file /home/airflow/.local/lib/python3.8/site-packages/airflow/example_dags/tutorial_taskflow_api_etl.py for tasks to queue
[2021-02-07 21:50:18,577] {logging_mixin.py:104} INFO - [2021-02-07 21:50:18,576] {dagbag.py:449} INFO - Filling up the DagBag from /home/airflow/.local/lib/python3.8/site-packages/airflow/example_dags/tutorial_taskflow_api_etl.py
[2021-02-07 21:50:18,599] {scheduler_job.py:637} INFO - DAG(s) dict_keys(['tutorial_taskflow_api_etl']) retrieved from /home/airflow/.local/lib/python3.8/site-packages/airflow/example_dags/tutorial_taskflow_api_etl.py
[2021-02-07 21:50:18,641] {logging_mixin.py:104} INFO - [2021-02-07 21:50:18,641] {dag.py:1818} INFO - Sync 1 DAGs
[2021-02-07 21:50:18,668] {logging_mixin.py:104} INFO - [2021-02-07 21:50:18,668] {dag.py:2273} INFO - Setting next_dagrun for tutorial_taskflow_api_etl to None
[2021-02-07 21:50:18,694] {scheduler_job.py:189} INFO - Processing /home/airflow/.local/lib/python3.8/site-packages/airflow/example_dags/tutorial_taskflow_api_etl.py took 0.129 seconds
[2021-02-07 21:50:48,972] {scheduler_job.py:181} INFO - Started process (PID=686) to work on /home/airflow/.local/lib/python3.8/site-packages/airflow/example_dags/tutorial_taskflow_api_etl.py
[2021-02-07 21:50:48,975] {scheduler_job.py:627} INFO - Processing file /home/airflow/.local/lib/python3.8/site-packages/airflow/example_dags/tutorial_taskflow_api_etl.py for tasks to queue
[2021-02-07 21:50:48,977] {logging_mixin.py:104} INFO - [2021-02-07 21:50:48,977] {dagbag.py:449} INFO - Filling up the DagBag from /home/airflow/.local/lib/python3.8/site-packages/airflow/example_dags/tutorial_taskflow_api_etl.py
[2021-02-07 21:50:48,993] {scheduler_job.py:637} INFO - DAG(s) dict_keys(['tutorial_taskflow_api_etl']) retrieved from /home/airflow/.local/lib/python3.8/site-packages/airflow/example_dags/tutorial_taskflow_api_etl.py
[2021-02-07 21:50:49,025] {logging_mixin.py:104} INFO - [2021-02-07 21:50:49,025] {dag.py:1818} INFO - Sync 1 DAGs
[2021-02-07 21:50:49,039] {logging_mixin.py:104} INFO - [2021-02-07 21:50:49,039] {dag.py:2273} INFO - Setting next_dagrun for tutorial_taskflow_api_etl to None
[2021-02-07 21:50:49,055] {scheduler_job.py:189} INFO - Processing /home/airflow/.local/lib/python3.8/site-packages/airflow/example_dags/tutorial_taskflow_api_etl.py took 0.088 seconds
[2021-02-07 21:51:19,604] {scheduler_job.py:181} INFO - Started process (PID=712) to work on /home/airflow/.local/lib/python3.8/site-packages/airflow/example_dags/tutorial_taskflow_api_etl.py
[2021-02-07 21:51:19,607] {scheduler_job.py:627} INFO - Processing file /home/airflow/.local/lib/python3.8/site-packages/airflow/example_dags/tutorial_taskflow_api_etl.py for tasks to queue
[2021-02-07 21:51:19,609] {logging_mixin.py:104} INFO - [2021-02-07 21:51:19,609] {dagbag.py:449} INFO - Filling up the DagBag from /home/airflow/.local/lib/python3.8/site-packages/airflow/example_dags/tutorial_taskflow_api_etl.py
[2021-02-07 21:51:19,631] {scheduler_job.py:637} INFO - DAG(s) dict_keys(['tutorial_taskflow_api_etl']) retrieved from /home/airflow/.local/lib/python3.8/site-packages/airflow/example_dags/tutorial_taskflow_api_etl.py
[2021-02-07 21:51:19,667] {logging_mixin.py:104} INFO - [2021-02-07 21:51:19,666] {dag.py:1818} INFO - Sync 1 DAGs
[2021-02-07 21:51:19,687] {logging_mixin.py:104} INFO - [2021-02-07 21:51:19,687] {dag.py:2273} INFO - Setting next_dagrun for tutorial_taskflow_api_etl to None
[2021-02-07 21:51:19,705] {scheduler_job.py:189} INFO - Processing /home/airflow/.local/lib/python3.8/site-packages/airflow/example_dags/tutorial_taskflow_api_etl.py took 0.107 seconds
[2021-02-07 21:51:50,872] {scheduler_job.py:181} INFO - Started process (PID=742) to work on /home/airflow/.local/lib/python3.8/site-packages/airflow/example_dags/tutorial_taskflow_api_etl.py
[2021-02-07 21:51:50,875] {scheduler_job.py:627} INFO - Processing file /home/airflow/.local/lib/python3.8/site-packages/airflow/example_dags/tutorial_taskflow_api_etl.py for tasks to queue
[2021-02-07 21:51:50,878] {logging_mixin.py:104} INFO - [2021-02-07 21:51:50,878] {dagbag.py:449} INFO - Filling up the DagBag from /home/airflow/.local/lib/python3.8/site-packages/airflow/example_dags/tutorial_taskflow_api_etl.py
[2021-02-07 21:51:50,900] {scheduler_job.py:637} INFO - DAG(s) dict_keys(['tutorial_taskflow_api_etl']) retrieved from /home/airflow/.local/lib/python3.8/site-packages/airflow/example_dags/tutorial_taskflow_api_etl.py
[2021-02-07 21:51:50,972] {logging_mixin.py:104} INFO - [2021-02-07 21:51:50,972] {dag.py:1818} INFO - Sync 1 DAGs
[2021-02-07 21:51:51,010] {logging_mixin.py:104} INFO - [2021-02-07 21:51:51,009] {dag.py:2273} INFO - Setting next_dagrun for tutorial_taskflow_api_etl to None
[2021-02-07 21:51:51,035] {scheduler_job.py:189} INFO - Processing /home/airflow/.local/lib/python3.8/site-packages/airflow/example_dags/tutorial_taskflow_api_etl.py took 0.170 seconds
[2021-02-07 21:52:21,088] {scheduler_job.py:181} INFO - Started process (PID=767) to work on /home/airflow/.local/lib/python3.8/site-packages/airflow/example_dags/tutorial_taskflow_api_etl.py
[2021-02-07 21:52:21,090] {scheduler_job.py:627} INFO - Processing file /home/airflow/.local/lib/python3.8/site-packages/airflow/example_dags/tutorial_taskflow_api_etl.py for tasks to queue
[2021-02-07 21:52:21,092] {logging_mixin.py:104} INFO - [2021-02-07 21:52:21,091] {dagbag.py:449} INFO - Filling up the DagBag from /home/airflow/.local/lib/python3.8/site-packages/airflow/example_dags/tutorial_taskflow_api_etl.py
[2021-02-07 21:52:21,111] {scheduler_job.py:637} INFO - DAG(s) dict_keys(['tutorial_taskflow_api_etl']) retrieved from /home/airflow/.local/lib/python3.8/site-packages/airflow/example_dags/tutorial_taskflow_api_etl.py
[2021-02-07 21:52:21,161] {logging_mixin.py:104} INFO - [2021-02-07 21:52:21,160] {dag.py:1818} INFO - Sync 1 DAGs
[2021-02-07 21:52:21,184] {logging_mixin.py:104} INFO - [2021-02-07 21:52:21,184] {dag.py:2273} INFO - Setting next_dagrun for tutorial_taskflow_api_etl to None
[2021-02-07 21:52:21,202] {scheduler_job.py:189} INFO - Processing /home/airflow/.local/lib/python3.8/site-packages/airflow/example_dags/tutorial_taskflow_api_etl.py took 0.119 seconds
[2021-02-07 21:52:51,374] {scheduler_job.py:181} INFO - Started process (PID=789) to work on /home/airflow/.local/lib/python3.8/site-packages/airflow/example_dags/tutorial_taskflow_api_etl.py
[2021-02-07 21:52:51,394] {scheduler_job.py:627} INFO - Processing file /home/airflow/.local/lib/python3.8/site-packages/airflow/example_dags/tutorial_taskflow_api_etl.py for tasks to queue
[2021-02-07 21:52:51,404] {logging_mixin.py:104} INFO - [2021-02-07 21:52:51,404] {dagbag.py:449} INFO - Filling up the DagBag from /home/airflow/.local/lib/python3.8/site-packages/airflow/example_dags/tutorial_taskflow_api_etl.py
[2021-02-07 21:52:51,499] {scheduler_job.py:637} INFO - DAG(s) dict_keys(['tutorial_taskflow_api_etl']) retrieved from /home/airflow/.local/lib/python3.8/site-packages/airflow/example_dags/tutorial_taskflow_api_etl.py
[2021-02-07 21:52:51,657] {logging_mixin.py:104} INFO - [2021-02-07 21:52:51,656] {dag.py:1818} INFO - Sync 1 DAGs
[2021-02-07 21:52:51,677] {logging_mixin.py:104} INFO - [2021-02-07 21:52:51,676] {dag.py:2273} INFO - Setting next_dagrun for tutorial_taskflow_api_etl to None
[2021-02-07 21:52:51,693] {scheduler_job.py:189} INFO - Processing /home/airflow/.local/lib/python3.8/site-packages/airflow/example_dags/tutorial_taskflow_api_etl.py took 0.346 seconds
[2021-02-07 21:53:21,883] {scheduler_job.py:181} INFO - Started process (PID=815) to work on /home/airflow/.local/lib/python3.8/site-packages/airflow/example_dags/tutorial_taskflow_api_etl.py
[2021-02-07 21:53:21,886] {scheduler_job.py:627} INFO - Processing file /home/airflow/.local/lib/python3.8/site-packages/airflow/example_dags/tutorial_taskflow_api_etl.py for tasks to queue
[2021-02-07 21:53:21,887] {logging_mixin.py:104} INFO - [2021-02-07 21:53:21,887] {dagbag.py:449} INFO - Filling up the DagBag from /home/airflow/.local/lib/python3.8/site-packages/airflow/example_dags/tutorial_taskflow_api_etl.py
[2021-02-07 21:53:21,902] {scheduler_job.py:637} INFO - DAG(s) dict_keys(['tutorial_taskflow_api_etl']) retrieved from /home/airflow/.local/lib/python3.8/site-packages/airflow/example_dags/tutorial_taskflow_api_etl.py
[2021-02-07 21:53:21,930] {logging_mixin.py:104} INFO - [2021-02-07 21:53:21,930] {dag.py:1818} INFO - Sync 1 DAGs
[2021-02-07 21:53:21,945] {logging_mixin.py:104} INFO - [2021-02-07 21:53:21,945] {dag.py:2273} INFO - Setting next_dagrun for tutorial_taskflow_api_etl to None
[2021-02-07 21:53:21,961] {scheduler_job.py:189} INFO - Processing /home/airflow/.local/lib/python3.8/site-packages/airflow/example_dags/tutorial_taskflow_api_etl.py took 0.081 seconds
[2021-02-07 21:53:52,829] {scheduler_job.py:181} INFO - Started process (PID=851) to work on /home/airflow/.local/lib/python3.8/site-packages/airflow/example_dags/tutorial_taskflow_api_etl.py
[2021-02-07 21:53:52,831] {scheduler_job.py:627} INFO - Processing file /home/airflow/.local/lib/python3.8/site-packages/airflow/example_dags/tutorial_taskflow_api_etl.py for tasks to queue
[2021-02-07 21:53:52,833] {logging_mixin.py:104} INFO - [2021-02-07 21:53:52,833] {dagbag.py:449} INFO - Filling up the DagBag from /home/airflow/.local/lib/python3.8/site-packages/airflow/example_dags/tutorial_taskflow_api_etl.py
[2021-02-07 21:53:52,855] {scheduler_job.py:637} INFO - DAG(s) dict_keys(['tutorial_taskflow_api_etl']) retrieved from /home/airflow/.local/lib/python3.8/site-packages/airflow/example_dags/tutorial_taskflow_api_etl.py
[2021-02-07 21:53:52,892] {logging_mixin.py:104} INFO - [2021-02-07 21:53:52,891] {dag.py:1818} INFO - Sync 1 DAGs
[2021-02-07 21:53:52,908] {logging_mixin.py:104} INFO - [2021-02-07 21:53:52,908] {dag.py:2273} INFO - Setting next_dagrun for tutorial_taskflow_api_etl to None
[2021-02-07 21:53:52,924] {scheduler_job.py:189} INFO - Processing /home/airflow/.local/lib/python3.8/site-packages/airflow/example_dags/tutorial_taskflow_api_etl.py took 0.100 seconds
[2021-02-07 21:54:23,153] {scheduler_job.py:181} INFO - Started process (PID=885) to work on /home/airflow/.local/lib/python3.8/site-packages/airflow/example_dags/tutorial_taskflow_api_etl.py
[2021-02-07 21:54:23,156] {scheduler_job.py:627} INFO - Processing file /home/airflow/.local/lib/python3.8/site-packages/airflow/example_dags/tutorial_taskflow_api_etl.py for tasks to queue
[2021-02-07 21:54:23,157] {logging_mixin.py:104} INFO - [2021-02-07 21:54:23,157] {dagbag.py:449} INFO - Filling up the DagBag from /home/airflow/.local/lib/python3.8/site-packages/airflow/example_dags/tutorial_taskflow_api_etl.py
[2021-02-07 21:54:23,172] {scheduler_job.py:637} INFO - DAG(s) dict_keys(['tutorial_taskflow_api_etl']) retrieved from /home/airflow/.local/lib/python3.8/site-packages/airflow/example_dags/tutorial_taskflow_api_etl.py
[2021-02-07 21:54:23,202] {logging_mixin.py:104} INFO - [2021-02-07 21:54:23,202] {dag.py:1818} INFO - Sync 1 DAGs
[2021-02-07 21:54:23,217] {logging_mixin.py:104} INFO - [2021-02-07 21:54:23,217] {dag.py:2273} INFO - Setting next_dagrun for tutorial_taskflow_api_etl to None
[2021-02-07 21:54:23,241] {scheduler_job.py:189} INFO - Processing /home/airflow/.local/lib/python3.8/site-packages/airflow/example_dags/tutorial_taskflow_api_etl.py took 0.092 seconds
[2021-02-07 21:54:53,905] {scheduler_job.py:181} INFO - Started process (PID=911) to work on /home/airflow/.local/lib/python3.8/site-packages/airflow/example_dags/tutorial_taskflow_api_etl.py
[2021-02-07 21:54:53,926] {scheduler_job.py:627} INFO - Processing file /home/airflow/.local/lib/python3.8/site-packages/airflow/example_dags/tutorial_taskflow_api_etl.py for tasks to queue
[2021-02-07 21:54:53,939] {logging_mixin.py:104} INFO - [2021-02-07 21:54:53,936] {dagbag.py:449} INFO - Filling up the DagBag from /home/airflow/.local/lib/python3.8/site-packages/airflow/example_dags/tutorial_taskflow_api_etl.py
[2021-02-07 21:54:53,989] {scheduler_job.py:637} INFO - DAG(s) dict_keys(['tutorial_taskflow_api_etl']) retrieved from /home/airflow/.local/lib/python3.8/site-packages/airflow/example_dags/tutorial_taskflow_api_etl.py
[2021-02-07 21:54:54,044] {logging_mixin.py:104} INFO - [2021-02-07 21:54:54,043] {dag.py:1818} INFO - Sync 1 DAGs
[2021-02-07 21:54:54,067] {logging_mixin.py:104} INFO - [2021-02-07 21:54:54,067] {dag.py:2273} INFO - Setting next_dagrun for tutorial_taskflow_api_etl to None
[2021-02-07 21:54:54,089] {scheduler_job.py:189} INFO - Processing /home/airflow/.local/lib/python3.8/site-packages/airflow/example_dags/tutorial_taskflow_api_etl.py took 0.222 seconds
[2021-02-07 21:55:24,525] {scheduler_job.py:181} INFO - Started process (PID=938) to work on /home/airflow/.local/lib/python3.8/site-packages/airflow/example_dags/tutorial_taskflow_api_etl.py
[2021-02-07 21:55:24,531] {scheduler_job.py:627} INFO - Processing file /home/airflow/.local/lib/python3.8/site-packages/airflow/example_dags/tutorial_taskflow_api_etl.py for tasks to queue
[2021-02-07 21:55:24,540] {logging_mixin.py:104} INFO - [2021-02-07 21:55:24,540] {dagbag.py:449} INFO - Filling up the DagBag from /home/airflow/.local/lib/python3.8/site-packages/airflow/example_dags/tutorial_taskflow_api_etl.py
[2021-02-07 21:55:24,603] {scheduler_job.py:637} INFO - DAG(s) dict_keys(['tutorial_taskflow_api_etl']) retrieved from /home/airflow/.local/lib/python3.8/site-packages/airflow/example_dags/tutorial_taskflow_api_etl.py
[2021-02-07 21:55:24,739] {logging_mixin.py:104} INFO - [2021-02-07 21:55:24,738] {dag.py:1818} INFO - Sync 1 DAGs
[2021-02-07 21:55:24,805] {logging_mixin.py:104} INFO - [2021-02-07 21:55:24,805] {dag.py:2273} INFO - Setting next_dagrun for tutorial_taskflow_api_etl to None
[2021-02-07 21:55:24,853] {scheduler_job.py:189} INFO - Processing /home/airflow/.local/lib/python3.8/site-packages/airflow/example_dags/tutorial_taskflow_api_etl.py took 0.351 seconds
[2021-02-07 21:55:55,341] {scheduler_job.py:181} INFO - Started process (PID=964) to work on /home/airflow/.local/lib/python3.8/site-packages/airflow/example_dags/tutorial_taskflow_api_etl.py
[2021-02-07 21:55:55,343] {scheduler_job.py:627} INFO - Processing file /home/airflow/.local/lib/python3.8/site-packages/airflow/example_dags/tutorial_taskflow_api_etl.py for tasks to queue
[2021-02-07 21:55:55,346] {logging_mixin.py:104} INFO - [2021-02-07 21:55:55,346] {dagbag.py:449} INFO - Filling up the DagBag from /home/airflow/.local/lib/python3.8/site-packages/airflow/example_dags/tutorial_taskflow_api_etl.py
[2021-02-07 21:55:55,373] {scheduler_job.py:637} INFO - DAG(s) dict_keys(['tutorial_taskflow_api_etl']) retrieved from /home/airflow/.local/lib/python3.8/site-packages/airflow/example_dags/tutorial_taskflow_api_etl.py
[2021-02-07 21:55:55,422] {logging_mixin.py:104} INFO - [2021-02-07 21:55:55,422] {dag.py:1818} INFO - Sync 1 DAGs
[2021-02-07 21:55:55,445] {logging_mixin.py:104} INFO - [2021-02-07 21:55:55,445] {dag.py:2273} INFO - Setting next_dagrun for tutorial_taskflow_api_etl to None
[2021-02-07 21:55:55,469] {scheduler_job.py:189} INFO - Processing /home/airflow/.local/lib/python3.8/site-packages/airflow/example_dags/tutorial_taskflow_api_etl.py took 0.135 seconds
[2021-02-07 21:56:25,534] {scheduler_job.py:181} INFO - Started process (PID=989) to work on /home/airflow/.local/lib/python3.8/site-packages/airflow/example_dags/tutorial_taskflow_api_etl.py
[2021-02-07 21:56:25,537] {scheduler_job.py:627} INFO - Processing file /home/airflow/.local/lib/python3.8/site-packages/airflow/example_dags/tutorial_taskflow_api_etl.py for tasks to queue
[2021-02-07 21:56:25,539] {logging_mixin.py:104} INFO - [2021-02-07 21:56:25,539] {dagbag.py:449} INFO - Filling up the DagBag from /home/airflow/.local/lib/python3.8/site-packages/airflow/example_dags/tutorial_taskflow_api_etl.py
[2021-02-07 21:56:25,561] {scheduler_job.py:637} INFO - DAG(s) dict_keys(['tutorial_taskflow_api_etl']) retrieved from /home/airflow/.local/lib/python3.8/site-packages/airflow/example_dags/tutorial_taskflow_api_etl.py
[2021-02-07 21:56:25,616] {logging_mixin.py:104} INFO - [2021-02-07 21:56:25,616] {dag.py:1818} INFO - Sync 1 DAGs
[2021-02-07 21:56:25,640] {logging_mixin.py:104} INFO - [2021-02-07 21:56:25,640] {dag.py:2273} INFO - Setting next_dagrun for tutorial_taskflow_api_etl to None
[2021-02-07 21:56:25,670] {scheduler_job.py:189} INFO - Processing /home/airflow/.local/lib/python3.8/site-packages/airflow/example_dags/tutorial_taskflow_api_etl.py took 0.144 seconds
[2021-02-07 21:56:55,850] {scheduler_job.py:181} INFO - Started process (PID=1015) to work on /home/airflow/.local/lib/python3.8/site-packages/airflow/example_dags/tutorial_taskflow_api_etl.py
[2021-02-07 21:56:55,854] {scheduler_job.py:627} INFO - Processing file /home/airflow/.local/lib/python3.8/site-packages/airflow/example_dags/tutorial_taskflow_api_etl.py for tasks to queue
[2021-02-07 21:56:55,856] {logging_mixin.py:104} INFO - [2021-02-07 21:56:55,855] {dagbag.py:449} INFO - Filling up the DagBag from /home/airflow/.local/lib/python3.8/site-packages/airflow/example_dags/tutorial_taskflow_api_etl.py
[2021-02-07 21:56:55,880] {scheduler_job.py:637} INFO - DAG(s) dict_keys(['tutorial_taskflow_api_etl']) retrieved from /home/airflow/.local/lib/python3.8/site-packages/airflow/example_dags/tutorial_taskflow_api_etl.py
[2021-02-07 21:56:55,924] {logging_mixin.py:104} INFO - [2021-02-07 21:56:55,924] {dag.py:1818} INFO - Sync 1 DAGs
[2021-02-07 21:56:55,953] {logging_mixin.py:104} INFO - [2021-02-07 21:56:55,953] {dag.py:2273} INFO - Setting next_dagrun for tutorial_taskflow_api_etl to None
[2021-02-07 21:56:55,975] {scheduler_job.py:189} INFO - Processing /home/airflow/.local/lib/python3.8/site-packages/airflow/example_dags/tutorial_taskflow_api_etl.py took 0.134 seconds
[2021-02-07 21:57:26,807] {scheduler_job.py:181} INFO - Started process (PID=1043) to work on /home/airflow/.local/lib/python3.8/site-packages/airflow/example_dags/tutorial_taskflow_api_etl.py
[2021-02-07 21:57:26,810] {scheduler_job.py:627} INFO - Processing file /home/airflow/.local/lib/python3.8/site-packages/airflow/example_dags/tutorial_taskflow_api_etl.py for tasks to queue
[2021-02-07 21:57:26,811] {logging_mixin.py:104} INFO - [2021-02-07 21:57:26,811] {dagbag.py:449} INFO - Filling up the DagBag from /home/airflow/.local/lib/python3.8/site-packages/airflow/example_dags/tutorial_taskflow_api_etl.py
[2021-02-07 21:57:26,824] {scheduler_job.py:637} INFO - DAG(s) dict_keys(['tutorial_taskflow_api_etl']) retrieved from /home/airflow/.local/lib/python3.8/site-packages/airflow/example_dags/tutorial_taskflow_api_etl.py
[2021-02-07 21:57:26,856] {logging_mixin.py:104} INFO - [2021-02-07 21:57:26,856] {dag.py:1818} INFO - Sync 1 DAGs
[2021-02-07 21:57:26,871] {logging_mixin.py:104} INFO - [2021-02-07 21:57:26,870] {dag.py:2273} INFO - Setting next_dagrun for tutorial_taskflow_api_etl to None
[2021-02-07 21:57:26,886] {scheduler_job.py:189} INFO - Processing /home/airflow/.local/lib/python3.8/site-packages/airflow/example_dags/tutorial_taskflow_api_etl.py took 0.082 seconds
[2021-02-07 21:57:56,926] {scheduler_job.py:181} INFO - Started process (PID=1065) to work on /home/airflow/.local/lib/python3.8/site-packages/airflow/example_dags/tutorial_taskflow_api_etl.py
[2021-02-07 21:57:56,929] {scheduler_job.py:627} INFO - Processing file /home/airflow/.local/lib/python3.8/site-packages/airflow/example_dags/tutorial_taskflow_api_etl.py for tasks to queue
[2021-02-07 21:57:56,931] {logging_mixin.py:104} INFO - [2021-02-07 21:57:56,931] {dagbag.py:449} INFO - Filling up the DagBag from /home/airflow/.local/lib/python3.8/site-packages/airflow/example_dags/tutorial_taskflow_api_etl.py
[2021-02-07 21:57:56,943] {scheduler_job.py:637} INFO - DAG(s) dict_keys(['tutorial_taskflow_api_etl']) retrieved from /home/airflow/.local/lib/python3.8/site-packages/airflow/example_dags/tutorial_taskflow_api_etl.py
[2021-02-07 21:57:56,972] {logging_mixin.py:104} INFO - [2021-02-07 21:57:56,972] {dag.py:1818} INFO - Sync 1 DAGs
[2021-02-07 21:57:56,989] {logging_mixin.py:104} INFO - [2021-02-07 21:57:56,988] {dag.py:2273} INFO - Setting next_dagrun for tutorial_taskflow_api_etl to None
[2021-02-07 21:57:57,005] {scheduler_job.py:189} INFO - Processing /home/airflow/.local/lib/python3.8/site-packages/airflow/example_dags/tutorial_taskflow_api_etl.py took 0.083 seconds
[2021-02-07 21:58:28,160] {scheduler_job.py:181} INFO - Started process (PID=1095) to work on /home/airflow/.local/lib/python3.8/site-packages/airflow/example_dags/tutorial_taskflow_api_etl.py
[2021-02-07 21:58:28,163] {scheduler_job.py:627} INFO - Processing file /home/airflow/.local/lib/python3.8/site-packages/airflow/example_dags/tutorial_taskflow_api_etl.py for tasks to queue
[2021-02-07 21:58:28,166] {logging_mixin.py:104} INFO - [2021-02-07 21:58:28,166] {dagbag.py:449} INFO - Filling up the DagBag from /home/airflow/.local/lib/python3.8/site-packages/airflow/example_dags/tutorial_taskflow_api_etl.py
[2021-02-07 21:58:28,187] {scheduler_job.py:637} INFO - DAG(s) dict_keys(['tutorial_taskflow_api_etl']) retrieved from /home/airflow/.local/lib/python3.8/site-packages/airflow/example_dags/tutorial_taskflow_api_etl.py
[2021-02-07 21:58:28,229] {logging_mixin.py:104} INFO - [2021-02-07 21:58:28,229] {dag.py:1818} INFO - Sync 1 DAGs
[2021-02-07 21:58:28,258] {logging_mixin.py:104} INFO - [2021-02-07 21:58:28,258] {dag.py:2273} INFO - Setting next_dagrun for tutorial_taskflow_api_etl to None
[2021-02-07 21:58:28,277] {scheduler_job.py:189} INFO - Processing /home/airflow/.local/lib/python3.8/site-packages/airflow/example_dags/tutorial_taskflow_api_etl.py took 0.122 seconds
[2021-02-07 21:58:59,537] {scheduler_job.py:181} INFO - Started process (PID=1121) to work on /home/airflow/.local/lib/python3.8/site-packages/airflow/example_dags/tutorial_taskflow_api_etl.py
[2021-02-07 21:58:59,556] {scheduler_job.py:627} INFO - Processing file /home/airflow/.local/lib/python3.8/site-packages/airflow/example_dags/tutorial_taskflow_api_etl.py for tasks to queue
[2021-02-07 21:58:59,567] {logging_mixin.py:104} INFO - [2021-02-07 21:58:59,567] {dagbag.py:449} INFO - Filling up the DagBag from /home/airflow/.local/lib/python3.8/site-packages/airflow/example_dags/tutorial_taskflow_api_etl.py
[2021-02-07 21:58:59,669] {scheduler_job.py:637} INFO - DAG(s) dict_keys(['tutorial_taskflow_api_etl']) retrieved from /home/airflow/.local/lib/python3.8/site-packages/airflow/example_dags/tutorial_taskflow_api_etl.py
[2021-02-07 21:58:59,805] {logging_mixin.py:104} INFO - [2021-02-07 21:58:59,804] {dag.py:1818} INFO - Sync 1 DAGs
[2021-02-07 21:58:59,853] {logging_mixin.py:104} INFO - [2021-02-07 21:58:59,853] {dag.py:2273} INFO - Setting next_dagrun for tutorial_taskflow_api_etl to None
[2021-02-07 21:58:59,902] {scheduler_job.py:189} INFO - Processing /home/airflow/.local/lib/python3.8/site-packages/airflow/example_dags/tutorial_taskflow_api_etl.py took 0.388 seconds
[2021-02-07 21:59:30,207] {scheduler_job.py:181} INFO - Started process (PID=1147) to work on /home/airflow/.local/lib/python3.8/site-packages/airflow/example_dags/tutorial_taskflow_api_etl.py
[2021-02-07 21:59:30,211] {scheduler_job.py:627} INFO - Processing file /home/airflow/.local/lib/python3.8/site-packages/airflow/example_dags/tutorial_taskflow_api_etl.py for tasks to queue
[2021-02-07 21:59:30,217] {logging_mixin.py:104} INFO - [2021-02-07 21:59:30,217] {dagbag.py:449} INFO - Filling up the DagBag from /home/airflow/.local/lib/python3.8/site-packages/airflow/example_dags/tutorial_taskflow_api_etl.py
[2021-02-07 21:59:30,241] {scheduler_job.py:637} INFO - DAG(s) dict_keys(['tutorial_taskflow_api_etl']) retrieved from /home/airflow/.local/lib/python3.8/site-packages/airflow/example_dags/tutorial_taskflow_api_etl.py
[2021-02-07 21:59:30,307] {logging_mixin.py:104} INFO - [2021-02-07 21:59:30,307] {dag.py:1818} INFO - Sync 1 DAGs
[2021-02-07 21:59:30,340] {logging_mixin.py:104} INFO - [2021-02-07 21:59:30,339] {dag.py:2273} INFO - Setting next_dagrun for tutorial_taskflow_api_etl to None
[2021-02-07 21:59:30,372] {scheduler_job.py:189} INFO - Processing /home/airflow/.local/lib/python3.8/site-packages/airflow/example_dags/tutorial_taskflow_api_etl.py took 0.173 seconds
[2021-02-07 22:00:00,616] {scheduler_job.py:181} INFO - Started process (PID=1170) to work on /home/airflow/.local/lib/python3.8/site-packages/airflow/example_dags/tutorial_taskflow_api_etl.py
[2021-02-07 22:00:00,620] {scheduler_job.py:627} INFO - Processing file /home/airflow/.local/lib/python3.8/site-packages/airflow/example_dags/tutorial_taskflow_api_etl.py for tasks to queue
[2021-02-07 22:00:00,623] {logging_mixin.py:104} INFO - [2021-02-07 22:00:00,623] {dagbag.py:449} INFO - Filling up the DagBag from /home/airflow/.local/lib/python3.8/site-packages/airflow/example_dags/tutorial_taskflow_api_etl.py
[2021-02-07 22:00:00,642] {scheduler_job.py:637} INFO - DAG(s) dict_keys(['tutorial_taskflow_api_etl']) retrieved from /home/airflow/.local/lib/python3.8/site-packages/airflow/example_dags/tutorial_taskflow_api_etl.py
[2021-02-07 22:00:00,689] {logging_mixin.py:104} INFO - [2021-02-07 22:00:00,689] {dag.py:1818} INFO - Sync 1 DAGs
[2021-02-07 22:00:00,710] {logging_mixin.py:104} INFO - [2021-02-07 22:00:00,710] {dag.py:2273} INFO - Setting next_dagrun for tutorial_taskflow_api_etl to None
[2021-02-07 22:00:00,738] {scheduler_job.py:189} INFO - Processing /home/airflow/.local/lib/python3.8/site-packages/airflow/example_dags/tutorial_taskflow_api_etl.py took 0.128 seconds
[2021-02-07 22:00:30,889] {scheduler_job.py:181} INFO - Started process (PID=1196) to work on /home/airflow/.local/lib/python3.8/site-packages/airflow/example_dags/tutorial_taskflow_api_etl.py
[2021-02-07 22:00:30,892] {scheduler_job.py:627} INFO - Processing file /home/airflow/.local/lib/python3.8/site-packages/airflow/example_dags/tutorial_taskflow_api_etl.py for tasks to queue
[2021-02-07 22:00:30,894] {logging_mixin.py:104} INFO - [2021-02-07 22:00:30,894] {dagbag.py:449} INFO - Filling up the DagBag from /home/airflow/.local/lib/python3.8/site-packages/airflow/example_dags/tutorial_taskflow_api_etl.py
[2021-02-07 22:00:30,914] {scheduler_job.py:637} INFO - DAG(s) dict_keys(['tutorial_taskflow_api_etl']) retrieved from /home/airflow/.local/lib/python3.8/site-packages/airflow/example_dags/tutorial_taskflow_api_etl.py
[2021-02-07 22:00:30,960] {logging_mixin.py:104} INFO - [2021-02-07 22:00:30,959] {dag.py:1818} INFO - Sync 1 DAGs
[2021-02-07 22:00:30,983] {logging_mixin.py:104} INFO - [2021-02-07 22:00:30,983] {dag.py:2273} INFO - Setting next_dagrun for tutorial_taskflow_api_etl to None
[2021-02-07 22:00:31,009] {scheduler_job.py:189} INFO - Processing /home/airflow/.local/lib/python3.8/site-packages/airflow/example_dags/tutorial_taskflow_api_etl.py took 0.129 seconds
[2021-02-07 22:01:03,032] {scheduler_job.py:181} INFO - Started process (PID=1226) to work on /home/airflow/.local/lib/python3.8/site-packages/airflow/example_dags/tutorial_taskflow_api_etl.py
[2021-02-07 22:01:03,040] {scheduler_job.py:627} INFO - Processing file /home/airflow/.local/lib/python3.8/site-packages/airflow/example_dags/tutorial_taskflow_api_etl.py for tasks to queue
[2021-02-07 22:01:03,042] {logging_mixin.py:104} INFO - [2021-02-07 22:01:03,042] {dagbag.py:449} INFO - Filling up the DagBag from /home/airflow/.local/lib/python3.8/site-packages/airflow/example_dags/tutorial_taskflow_api_etl.py
[2021-02-07 22:01:03,070] {scheduler_job.py:637} INFO - DAG(s) dict_keys(['tutorial_taskflow_api_etl']) retrieved from /home/airflow/.local/lib/python3.8/site-packages/airflow/example_dags/tutorial_taskflow_api_etl.py
[2021-02-07 22:01:03,126] {logging_mixin.py:104} INFO - [2021-02-07 22:01:03,126] {dag.py:1818} INFO - Sync 1 DAGs
[2021-02-07 22:01:03,158] {logging_mixin.py:104} INFO - [2021-02-07 22:01:03,158] {dag.py:2273} INFO - Setting next_dagrun for tutorial_taskflow_api_etl to None
[2021-02-07 22:01:03,190] {scheduler_job.py:189} INFO - Processing /home/airflow/.local/lib/python3.8/site-packages/airflow/example_dags/tutorial_taskflow_api_etl.py took 0.169 seconds
[2021-02-07 22:01:33,404] {scheduler_job.py:181} INFO - Started process (PID=1251) to work on /home/airflow/.local/lib/python3.8/site-packages/airflow/example_dags/tutorial_taskflow_api_etl.py
[2021-02-07 22:01:33,407] {scheduler_job.py:627} INFO - Processing file /home/airflow/.local/lib/python3.8/site-packages/airflow/example_dags/tutorial_taskflow_api_etl.py for tasks to queue
[2021-02-07 22:01:33,409] {logging_mixin.py:104} INFO - [2021-02-07 22:01:33,409] {dagbag.py:449} INFO - Filling up the DagBag from /home/airflow/.local/lib/python3.8/site-packages/airflow/example_dags/tutorial_taskflow_api_etl.py
[2021-02-07 22:01:33,434] {scheduler_job.py:637} INFO - DAG(s) dict_keys(['tutorial_taskflow_api_etl']) retrieved from /home/airflow/.local/lib/python3.8/site-packages/airflow/example_dags/tutorial_taskflow_api_etl.py
[2021-02-07 22:01:33,478] {logging_mixin.py:104} INFO - [2021-02-07 22:01:33,478] {dag.py:1818} INFO - Sync 1 DAGs
[2021-02-07 22:01:33,505] {logging_mixin.py:104} INFO - [2021-02-07 22:01:33,505] {dag.py:2273} INFO - Setting next_dagrun for tutorial_taskflow_api_etl to None
[2021-02-07 22:01:33,539] {scheduler_job.py:189} INFO - Processing /home/airflow/.local/lib/python3.8/site-packages/airflow/example_dags/tutorial_taskflow_api_etl.py took 0.145 seconds
[2021-02-07 22:02:04,327] {scheduler_job.py:181} INFO - Started process (PID=1277) to work on /home/airflow/.local/lib/python3.8/site-packages/airflow/example_dags/tutorial_taskflow_api_etl.py
[2021-02-07 22:02:04,334] {scheduler_job.py:627} INFO - Processing file /home/airflow/.local/lib/python3.8/site-packages/airflow/example_dags/tutorial_taskflow_api_etl.py for tasks to queue
[2021-02-07 22:02:04,340] {logging_mixin.py:104} INFO - [2021-02-07 22:02:04,340] {dagbag.py:449} INFO - Filling up the DagBag from /home/airflow/.local/lib/python3.8/site-packages/airflow/example_dags/tutorial_taskflow_api_etl.py
[2021-02-07 22:02:04,406] {scheduler_job.py:637} INFO - DAG(s) dict_keys(['tutorial_taskflow_api_etl']) retrieved from /home/airflow/.local/lib/python3.8/site-packages/airflow/example_dags/tutorial_taskflow_api_etl.py
[2021-02-07 22:02:04,511] {logging_mixin.py:104} INFO - [2021-02-07 22:02:04,511] {dag.py:1818} INFO - Sync 1 DAGs
[2021-02-07 22:02:04,542] {logging_mixin.py:104} INFO - [2021-02-07 22:02:04,542] {dag.py:2273} INFO - Setting next_dagrun for tutorial_taskflow_api_etl to None
[2021-02-07 22:02:04,572] {scheduler_job.py:189} INFO - Processing /home/airflow/.local/lib/python3.8/site-packages/airflow/example_dags/tutorial_taskflow_api_etl.py took 0.259 seconds
[2021-02-07 22:02:35,534] {scheduler_job.py:181} INFO - Started process (PID=1303) to work on /home/airflow/.local/lib/python3.8/site-packages/airflow/example_dags/tutorial_taskflow_api_etl.py
[2021-02-07 22:02:35,539] {scheduler_job.py:627} INFO - Processing file /home/airflow/.local/lib/python3.8/site-packages/airflow/example_dags/tutorial_taskflow_api_etl.py for tasks to queue
[2021-02-07 22:02:35,542] {logging_mixin.py:104} INFO - [2021-02-07 22:02:35,542] {dagbag.py:449} INFO - Filling up the DagBag from /home/airflow/.local/lib/python3.8/site-packages/airflow/example_dags/tutorial_taskflow_api_etl.py
[2021-02-07 22:02:35,563] {scheduler_job.py:637} INFO - DAG(s) dict_keys(['tutorial_taskflow_api_etl']) retrieved from /home/airflow/.local/lib/python3.8/site-packages/airflow/example_dags/tutorial_taskflow_api_etl.py
[2021-02-07 22:02:35,616] {logging_mixin.py:104} INFO - [2021-02-07 22:02:35,616] {dag.py:1818} INFO - Sync 1 DAGs
[2021-02-07 22:02:35,645] {logging_mixin.py:104} INFO - [2021-02-07 22:02:35,644] {dag.py:2273} INFO - Setting next_dagrun for tutorial_taskflow_api_etl to None
[2021-02-07 22:02:35,669] {scheduler_job.py:189} INFO - Processing /home/airflow/.local/lib/python3.8/site-packages/airflow/example_dags/tutorial_taskflow_api_etl.py took 0.155 seconds
[2021-02-07 22:03:05,722] {scheduler_job.py:181} INFO - Started process (PID=1329) to work on /home/airflow/.local/lib/python3.8/site-packages/airflow/example_dags/tutorial_taskflow_api_etl.py
[2021-02-07 22:03:05,726] {scheduler_job.py:627} INFO - Processing file /home/airflow/.local/lib/python3.8/site-packages/airflow/example_dags/tutorial_taskflow_api_etl.py for tasks to queue
[2021-02-07 22:03:05,728] {logging_mixin.py:104} INFO - [2021-02-07 22:03:05,728] {dagbag.py:449} INFO - Filling up the DagBag from /home/airflow/.local/lib/python3.8/site-packages/airflow/example_dags/tutorial_taskflow_api_etl.py
[2021-02-07 22:03:05,748] {scheduler_job.py:637} INFO - DAG(s) dict_keys(['tutorial_taskflow_api_etl']) retrieved from /home/airflow/.local/lib/python3.8/site-packages/airflow/example_dags/tutorial_taskflow_api_etl.py
[2021-02-07 22:03:05,797] {logging_mixin.py:104} INFO - [2021-02-07 22:03:05,797] {dag.py:1818} INFO - Sync 1 DAGs
[2021-02-07 22:03:05,816] {logging_mixin.py:104} INFO - [2021-02-07 22:03:05,816] {dag.py:2273} INFO - Setting next_dagrun for tutorial_taskflow_api_etl to None
[2021-02-07 22:03:05,835] {scheduler_job.py:189} INFO - Processing /home/airflow/.local/lib/python3.8/site-packages/airflow/example_dags/tutorial_taskflow_api_etl.py took 0.119 seconds
[2021-02-07 22:03:36,079] {scheduler_job.py:181} INFO - Started process (PID=1355) to work on /home/airflow/.local/lib/python3.8/site-packages/airflow/example_dags/tutorial_taskflow_api_etl.py
[2021-02-07 22:03:36,083] {scheduler_job.py:627} INFO - Processing file /home/airflow/.local/lib/python3.8/site-packages/airflow/example_dags/tutorial_taskflow_api_etl.py for tasks to queue
[2021-02-07 22:03:36,086] {logging_mixin.py:104} INFO - [2021-02-07 22:03:36,086] {dagbag.py:449} INFO - Filling up the DagBag from /home/airflow/.local/lib/python3.8/site-packages/airflow/example_dags/tutorial_taskflow_api_etl.py
[2021-02-07 22:03:36,110] {scheduler_job.py:637} INFO - DAG(s) dict_keys(['tutorial_taskflow_api_etl']) retrieved from /home/airflow/.local/lib/python3.8/site-packages/airflow/example_dags/tutorial_taskflow_api_etl.py
[2021-02-07 22:03:36,162] {logging_mixin.py:104} INFO - [2021-02-07 22:03:36,162] {dag.py:1818} INFO - Sync 1 DAGs
[2021-02-07 22:03:36,188] {logging_mixin.py:104} INFO - [2021-02-07 22:03:36,188] {dag.py:2273} INFO - Setting next_dagrun for tutorial_taskflow_api_etl to None
[2021-02-07 22:03:36,216] {scheduler_job.py:189} INFO - Processing /home/airflow/.local/lib/python3.8/site-packages/airflow/example_dags/tutorial_taskflow_api_etl.py took 0.142 seconds
[2021-02-07 22:04:06,480] {scheduler_job.py:181} INFO - Started process (PID=1381) to work on /home/airflow/.local/lib/python3.8/site-packages/airflow/example_dags/tutorial_taskflow_api_etl.py
[2021-02-07 22:04:06,490] {scheduler_job.py:627} INFO - Processing file /home/airflow/.local/lib/python3.8/site-packages/airflow/example_dags/tutorial_taskflow_api_etl.py for tasks to queue
[2021-02-07 22:04:06,519] {logging_mixin.py:104} INFO - [2021-02-07 22:04:06,511] {dagbag.py:449} INFO - Filling up the DagBag from /home/airflow/.local/lib/python3.8/site-packages/airflow/example_dags/tutorial_taskflow_api_etl.py
[2021-02-07 22:04:06,589] {scheduler_job.py:637} INFO - DAG(s) dict_keys(['tutorial_taskflow_api_etl']) retrieved from /home/airflow/.local/lib/python3.8/site-packages/airflow/example_dags/tutorial_taskflow_api_etl.py
[2021-02-07 22:04:06,704] {logging_mixin.py:104} INFO - [2021-02-07 22:04:06,704] {dag.py:1818} INFO - Sync 1 DAGs
[2021-02-07 22:04:06,750] {logging_mixin.py:104} INFO - [2021-02-07 22:04:06,750] {dag.py:2273} INFO - Setting next_dagrun for tutorial_taskflow_api_etl to None
[2021-02-07 22:04:06,814] {scheduler_job.py:189} INFO - Processing /home/airflow/.local/lib/python3.8/site-packages/airflow/example_dags/tutorial_taskflow_api_etl.py took 0.347 seconds
[2021-02-07 22:04:37,616] {scheduler_job.py:181} INFO - Started process (PID=1406) to work on /home/airflow/.local/lib/python3.8/site-packages/airflow/example_dags/tutorial_taskflow_api_etl.py
[2021-02-07 22:04:37,622] {scheduler_job.py:627} INFO - Processing file /home/airflow/.local/lib/python3.8/site-packages/airflow/example_dags/tutorial_taskflow_api_etl.py for tasks to queue
[2021-02-07 22:04:37,627] {logging_mixin.py:104} INFO - [2021-02-07 22:04:37,627] {dagbag.py:449} INFO - Filling up the DagBag from /home/airflow/.local/lib/python3.8/site-packages/airflow/example_dags/tutorial_taskflow_api_etl.py
[2021-02-07 22:04:37,647] {scheduler_job.py:637} INFO - DAG(s) dict_keys(['tutorial_taskflow_api_etl']) retrieved from /home/airflow/.local/lib/python3.8/site-packages/airflow/example_dags/tutorial_taskflow_api_etl.py
[2021-02-07 22:04:37,694] {logging_mixin.py:104} INFO - [2021-02-07 22:04:37,694] {dag.py:1818} INFO - Sync 1 DAGs
[2021-02-07 22:04:37,714] {logging_mixin.py:104} INFO - [2021-02-07 22:04:37,714] {dag.py:2273} INFO - Setting next_dagrun for tutorial_taskflow_api_etl to None
[2021-02-07 22:04:37,732] {scheduler_job.py:189} INFO - Processing /home/airflow/.local/lib/python3.8/site-packages/airflow/example_dags/tutorial_taskflow_api_etl.py took 0.130 seconds
[2021-02-07 22:05:07,892] {scheduler_job.py:181} INFO - Started process (PID=1432) to work on /home/airflow/.local/lib/python3.8/site-packages/airflow/example_dags/tutorial_taskflow_api_etl.py
[2021-02-07 22:05:07,899] {scheduler_job.py:627} INFO - Processing file /home/airflow/.local/lib/python3.8/site-packages/airflow/example_dags/tutorial_taskflow_api_etl.py for tasks to queue
[2021-02-07 22:05:07,904] {logging_mixin.py:104} INFO - [2021-02-07 22:05:07,903] {dagbag.py:449} INFO - Filling up the DagBag from /home/airflow/.local/lib/python3.8/site-packages/airflow/example_dags/tutorial_taskflow_api_etl.py
[2021-02-07 22:05:07,929] {scheduler_job.py:637} INFO - DAG(s) dict_keys(['tutorial_taskflow_api_etl']) retrieved from /home/airflow/.local/lib/python3.8/site-packages/airflow/example_dags/tutorial_taskflow_api_etl.py
[2021-02-07 22:05:08,014] {logging_mixin.py:104} INFO - [2021-02-07 22:05:08,013] {dag.py:1818} INFO - Sync 1 DAGs
[2021-02-07 22:05:08,072] {logging_mixin.py:104} INFO - [2021-02-07 22:05:08,071] {dag.py:2273} INFO - Setting next_dagrun for tutorial_taskflow_api_etl to None
[2021-02-07 22:05:08,100] {scheduler_job.py:189} INFO - Processing /home/airflow/.local/lib/python3.8/site-packages/airflow/example_dags/tutorial_taskflow_api_etl.py took 0.219 seconds
[2021-02-07 22:05:38,355] {scheduler_job.py:181} INFO - Started process (PID=1458) to work on /home/airflow/.local/lib/python3.8/site-packages/airflow/example_dags/tutorial_taskflow_api_etl.py
[2021-02-07 22:05:38,358] {scheduler_job.py:627} INFO - Processing file /home/airflow/.local/lib/python3.8/site-packages/airflow/example_dags/tutorial_taskflow_api_etl.py for tasks to queue
[2021-02-07 22:05:38,363] {logging_mixin.py:104} INFO - [2021-02-07 22:05:38,362] {dagbag.py:449} INFO - Filling up the DagBag from /home/airflow/.local/lib/python3.8/site-packages/airflow/example_dags/tutorial_taskflow_api_etl.py
[2021-02-07 22:05:38,389] {scheduler_job.py:637} INFO - DAG(s) dict_keys(['tutorial_taskflow_api_etl']) retrieved from /home/airflow/.local/lib/python3.8/site-packages/airflow/example_dags/tutorial_taskflow_api_etl.py
[2021-02-07 22:05:38,443] {logging_mixin.py:104} INFO - [2021-02-07 22:05:38,443] {dag.py:1818} INFO - Sync 1 DAGs
[2021-02-07 22:05:38,470] {logging_mixin.py:104} INFO - [2021-02-07 22:05:38,470] {dag.py:2273} INFO - Setting next_dagrun for tutorial_taskflow_api_etl to None
[2021-02-07 22:05:38,493] {scheduler_job.py:189} INFO - Processing /home/airflow/.local/lib/python3.8/site-packages/airflow/example_dags/tutorial_taskflow_api_etl.py took 0.146 seconds
[2021-02-07 22:23:51,015] {scheduler_job.py:181} INFO - Started process (PID=1487) to work on /home/airflow/.local/lib/python3.8/site-packages/airflow/example_dags/tutorial_taskflow_api_etl.py
[2021-02-07 22:23:51,019] {scheduler_job.py:627} INFO - Processing file /home/airflow/.local/lib/python3.8/site-packages/airflow/example_dags/tutorial_taskflow_api_etl.py for tasks to queue
[2021-02-07 22:23:51,024] {logging_mixin.py:104} INFO - [2021-02-07 22:23:51,024] {dagbag.py:449} INFO - Filling up the DagBag from /home/airflow/.local/lib/python3.8/site-packages/airflow/example_dags/tutorial_taskflow_api_etl.py
[2021-02-07 22:23:51,066] {scheduler_job.py:637} INFO - DAG(s) dict_keys(['tutorial_taskflow_api_etl']) retrieved from /home/airflow/.local/lib/python3.8/site-packages/airflow/example_dags/tutorial_taskflow_api_etl.py
[2021-02-07 22:23:51,130] {logging_mixin.py:104} INFO - [2021-02-07 22:23:51,129] {dag.py:1818} INFO - Sync 1 DAGs
[2021-02-07 22:23:51,164] {logging_mixin.py:104} INFO - [2021-02-07 22:23:51,164] {dag.py:2273} INFO - Setting next_dagrun for tutorial_taskflow_api_etl to None
[2021-02-07 22:23:51,225] {scheduler_job.py:189} INFO - Processing /home/airflow/.local/lib/python3.8/site-packages/airflow/example_dags/tutorial_taskflow_api_etl.py took 0.216 seconds
[2021-02-07 22:24:24,194] {scheduler_job.py:181} INFO - Started process (PID=1512) to work on /home/airflow/.local/lib/python3.8/site-packages/airflow/example_dags/tutorial_taskflow_api_etl.py
[2021-02-07 22:24:24,224] {scheduler_job.py:627} INFO - Processing file /home/airflow/.local/lib/python3.8/site-packages/airflow/example_dags/tutorial_taskflow_api_etl.py for tasks to queue
[2021-02-07 22:24:24,226] {logging_mixin.py:104} INFO - [2021-02-07 22:24:24,226] {dagbag.py:449} INFO - Filling up the DagBag from /home/airflow/.local/lib/python3.8/site-packages/airflow/example_dags/tutorial_taskflow_api_etl.py
[2021-02-07 22:24:24,250] {scheduler_job.py:637} INFO - DAG(s) dict_keys(['tutorial_taskflow_api_etl']) retrieved from /home/airflow/.local/lib/python3.8/site-packages/airflow/example_dags/tutorial_taskflow_api_etl.py
[2021-02-07 22:24:24,347] {logging_mixin.py:104} INFO - [2021-02-07 22:24:24,347] {dag.py:1818} INFO - Sync 1 DAGs
[2021-02-07 22:24:24,395] {logging_mixin.py:104} INFO - [2021-02-07 22:24:24,395] {dag.py:2273} INFO - Setting next_dagrun for tutorial_taskflow_api_etl to None
[2021-02-07 22:24:24,439] {scheduler_job.py:189} INFO - Processing /home/airflow/.local/lib/python3.8/site-packages/airflow/example_dags/tutorial_taskflow_api_etl.py took 0.261 seconds
[2021-02-07 22:24:55,276] {scheduler_job.py:181} INFO - Started process (PID=1538) to work on /home/airflow/.local/lib/python3.8/site-packages/airflow/example_dags/tutorial_taskflow_api_etl.py
[2021-02-07 22:24:55,284] {scheduler_job.py:627} INFO - Processing file /home/airflow/.local/lib/python3.8/site-packages/airflow/example_dags/tutorial_taskflow_api_etl.py for tasks to queue
[2021-02-07 22:24:55,291] {logging_mixin.py:104} INFO - [2021-02-07 22:24:55,291] {dagbag.py:449} INFO - Filling up the DagBag from /home/airflow/.local/lib/python3.8/site-packages/airflow/example_dags/tutorial_taskflow_api_etl.py
[2021-02-07 22:24:55,325] {scheduler_job.py:637} INFO - DAG(s) dict_keys(['tutorial_taskflow_api_etl']) retrieved from /home/airflow/.local/lib/python3.8/site-packages/airflow/example_dags/tutorial_taskflow_api_etl.py
[2021-02-07 22:24:55,410] {logging_mixin.py:104} INFO - [2021-02-07 22:24:55,410] {dag.py:1818} INFO - Sync 1 DAGs
[2021-02-07 22:24:55,443] {logging_mixin.py:104} INFO - [2021-02-07 22:24:55,443] {dag.py:2273} INFO - Setting next_dagrun for tutorial_taskflow_api_etl to None
[2021-02-07 22:24:55,486] {scheduler_job.py:189} INFO - Processing /home/airflow/.local/lib/python3.8/site-packages/airflow/example_dags/tutorial_taskflow_api_etl.py took 0.221 seconds
[2021-02-07 22:25:25,640] {scheduler_job.py:181} INFO - Started process (PID=1564) to work on /home/airflow/.local/lib/python3.8/site-packages/airflow/example_dags/tutorial_taskflow_api_etl.py
[2021-02-07 22:25:25,656] {scheduler_job.py:627} INFO - Processing file /home/airflow/.local/lib/python3.8/site-packages/airflow/example_dags/tutorial_taskflow_api_etl.py for tasks to queue
[2021-02-07 22:25:25,673] {logging_mixin.py:104} INFO - [2021-02-07 22:25:25,669] {dagbag.py:449} INFO - Filling up the DagBag from /home/airflow/.local/lib/python3.8/site-packages/airflow/example_dags/tutorial_taskflow_api_etl.py
[2021-02-07 22:25:25,753] {scheduler_job.py:637} INFO - DAG(s) dict_keys(['tutorial_taskflow_api_etl']) retrieved from /home/airflow/.local/lib/python3.8/site-packages/airflow/example_dags/tutorial_taskflow_api_etl.py
[2021-02-07 22:25:25,847] {logging_mixin.py:104} INFO - [2021-02-07 22:25:25,846] {dag.py:1818} INFO - Sync 1 DAGs
[2021-02-07 22:25:25,896] {logging_mixin.py:104} INFO - [2021-02-07 22:25:25,896] {dag.py:2273} INFO - Setting next_dagrun for tutorial_taskflow_api_etl to None
[2021-02-07 22:25:25,959] {scheduler_job.py:189} INFO - Processing /home/airflow/.local/lib/python3.8/site-packages/airflow/example_dags/tutorial_taskflow_api_etl.py took 0.352 seconds
[2021-02-07 22:25:56,007] {scheduler_job.py:181} INFO - Started process (PID=1590) to work on /home/airflow/.local/lib/python3.8/site-packages/airflow/example_dags/tutorial_taskflow_api_etl.py
[2021-02-07 22:25:56,011] {scheduler_job.py:627} INFO - Processing file /home/airflow/.local/lib/python3.8/site-packages/airflow/example_dags/tutorial_taskflow_api_etl.py for tasks to queue
[2021-02-07 22:25:56,013] {logging_mixin.py:104} INFO - [2021-02-07 22:25:56,012] {dagbag.py:449} INFO - Filling up the DagBag from /home/airflow/.local/lib/python3.8/site-packages/airflow/example_dags/tutorial_taskflow_api_etl.py
[2021-02-07 22:25:56,026] {scheduler_job.py:637} INFO - DAG(s) dict_keys(['tutorial_taskflow_api_etl']) retrieved from /home/airflow/.local/lib/python3.8/site-packages/airflow/example_dags/tutorial_taskflow_api_etl.py
[2021-02-07 22:25:56,054] {logging_mixin.py:104} INFO - [2021-02-07 22:25:56,054] {dag.py:1818} INFO - Sync 1 DAGs
[2021-02-07 22:25:56,068] {logging_mixin.py:104} INFO - [2021-02-07 22:25:56,067] {dag.py:2273} INFO - Setting next_dagrun for tutorial_taskflow_api_etl to None
[2021-02-07 22:25:56,079] {scheduler_job.py:189} INFO - Processing /home/airflow/.local/lib/python3.8/site-packages/airflow/example_dags/tutorial_taskflow_api_etl.py took 0.076 seconds
[2021-02-07 23:26:19,316] {scheduler_job.py:181} INFO - Started process (PID=1617) to work on /home/airflow/.local/lib/python3.8/site-packages/airflow/example_dags/tutorial_taskflow_api_etl.py
[2021-02-07 23:26:19,320] {scheduler_job.py:627} INFO - Processing file /home/airflow/.local/lib/python3.8/site-packages/airflow/example_dags/tutorial_taskflow_api_etl.py for tasks to queue
[2021-02-07 23:26:19,324] {logging_mixin.py:104} INFO - [2021-02-07 23:26:19,323] {dagbag.py:449} INFO - Filling up the DagBag from /home/airflow/.local/lib/python3.8/site-packages/airflow/example_dags/tutorial_taskflow_api_etl.py
[2021-02-07 23:26:19,346] {scheduler_job.py:637} INFO - DAG(s) dict_keys(['tutorial_taskflow_api_etl']) retrieved from /home/airflow/.local/lib/python3.8/site-packages/airflow/example_dags/tutorial_taskflow_api_etl.py
[2021-02-07 23:26:19,415] {logging_mixin.py:104} INFO - [2021-02-07 23:26:19,415] {dag.py:1818} INFO - Sync 1 DAGs
[2021-02-07 23:26:19,442] {logging_mixin.py:104} INFO - [2021-02-07 23:26:19,442] {dag.py:2273} INFO - Setting next_dagrun for tutorial_taskflow_api_etl to None
[2021-02-07 23:26:19,469] {scheduler_job.py:189} INFO - Processing /home/airflow/.local/lib/python3.8/site-packages/airflow/example_dags/tutorial_taskflow_api_etl.py took 0.159 seconds
