[2021-02-06 06:42:11,820] {scheduler_job.py:181} INFO - Started process (PID=43) to work on /home/airflow/.local/lib/python3.8/site-packages/airflow/example_dags/example_task_group.py
[2021-02-06 06:42:11,820] {scheduler_job.py:627} INFO - Processing file /home/airflow/.local/lib/python3.8/site-packages/airflow/example_dags/example_task_group.py for tasks to queue
[2021-02-06 06:42:11,820] {logging_mixin.py:104} INFO - [2021-02-06 06:42:11,820] {dagbag.py:449} INFO - Filling up the DagBag from /home/airflow/.local/lib/python3.8/site-packages/airflow/example_dags/example_task_group.py
[2021-02-06 06:42:11,827] {scheduler_job.py:637} INFO - DAG(s) dict_keys(['example_task_group']) retrieved from /home/airflow/.local/lib/python3.8/site-packages/airflow/example_dags/example_task_group.py
[2021-02-06 06:42:11,845] {logging_mixin.py:104} INFO - [2021-02-06 06:42:11,845] {dag.py:1818} INFO - Sync 1 DAGs
[2021-02-06 06:42:11,850] {logging_mixin.py:104} INFO - [2021-02-06 06:42:11,850] {dag.py:1837} INFO - Creating ORM DAG for example_task_group
[2021-02-06 06:42:11,853] {logging_mixin.py:104} INFO - [2021-02-06 06:42:11,853] {dag.py:2273} INFO - Setting next_dagrun for example_task_group to 2021-02-04 00:00:00+00:00
[2021-02-06 06:42:11,862] {scheduler_job.py:189} INFO - Processing /home/airflow/.local/lib/python3.8/site-packages/airflow/example_dags/example_task_group.py took 0.044 seconds
[2021-02-06 06:42:42,607] {scheduler_job.py:181} INFO - Started process (PID=69) to work on /home/airflow/.local/lib/python3.8/site-packages/airflow/example_dags/example_task_group.py
[2021-02-06 06:42:42,607] {scheduler_job.py:627} INFO - Processing file /home/airflow/.local/lib/python3.8/site-packages/airflow/example_dags/example_task_group.py for tasks to queue
[2021-02-06 06:42:42,608] {logging_mixin.py:104} INFO - [2021-02-06 06:42:42,608] {dagbag.py:449} INFO - Filling up the DagBag from /home/airflow/.local/lib/python3.8/site-packages/airflow/example_dags/example_task_group.py
[2021-02-06 06:42:42,615] {scheduler_job.py:637} INFO - DAG(s) dict_keys(['example_task_group']) retrieved from /home/airflow/.local/lib/python3.8/site-packages/airflow/example_dags/example_task_group.py
[2021-02-06 06:42:42,629] {logging_mixin.py:104} INFO - [2021-02-06 06:42:42,629] {dag.py:1818} INFO - Sync 1 DAGs
[2021-02-06 06:42:42,636] {logging_mixin.py:104} INFO - [2021-02-06 06:42:42,636] {dag.py:2273} INFO - Setting next_dagrun for example_task_group to 2021-02-04 00:00:00+00:00
[2021-02-06 06:42:42,642] {scheduler_job.py:189} INFO - Processing /home/airflow/.local/lib/python3.8/site-packages/airflow/example_dags/example_task_group.py took 0.037 seconds
[2021-02-06 06:43:13,397] {scheduler_job.py:181} INFO - Started process (PID=118) to work on /home/airflow/.local/lib/python3.8/site-packages/airflow/example_dags/example_task_group.py
[2021-02-06 06:43:13,398] {scheduler_job.py:627} INFO - Processing file /home/airflow/.local/lib/python3.8/site-packages/airflow/example_dags/example_task_group.py for tasks to queue
[2021-02-06 06:43:13,398] {logging_mixin.py:104} INFO - [2021-02-06 06:43:13,398] {dagbag.py:449} INFO - Filling up the DagBag from /home/airflow/.local/lib/python3.8/site-packages/airflow/example_dags/example_task_group.py
[2021-02-06 06:43:13,405] {scheduler_job.py:637} INFO - DAG(s) dict_keys(['example_task_group']) retrieved from /home/airflow/.local/lib/python3.8/site-packages/airflow/example_dags/example_task_group.py
[2021-02-06 06:43:13,423] {logging_mixin.py:104} INFO - [2021-02-06 06:43:13,423] {dag.py:1818} INFO - Sync 1 DAGs
[2021-02-06 06:43:13,429] {logging_mixin.py:104} INFO - [2021-02-06 06:43:13,429] {dag.py:2273} INFO - Setting next_dagrun for example_task_group to 2021-02-04 00:00:00+00:00
[2021-02-06 06:43:13,434] {scheduler_job.py:189} INFO - Processing /home/airflow/.local/lib/python3.8/site-packages/airflow/example_dags/example_task_group.py took 0.039 seconds
[2021-02-06 06:43:44,157] {scheduler_job.py:181} INFO - Started process (PID=144) to work on /home/airflow/.local/lib/python3.8/site-packages/airflow/example_dags/example_task_group.py
[2021-02-06 06:43:44,158] {scheduler_job.py:627} INFO - Processing file /home/airflow/.local/lib/python3.8/site-packages/airflow/example_dags/example_task_group.py for tasks to queue
[2021-02-06 06:43:44,158] {logging_mixin.py:104} INFO - [2021-02-06 06:43:44,158] {dagbag.py:449} INFO - Filling up the DagBag from /home/airflow/.local/lib/python3.8/site-packages/airflow/example_dags/example_task_group.py
[2021-02-06 06:43:44,165] {scheduler_job.py:637} INFO - DAG(s) dict_keys(['example_task_group']) retrieved from /home/airflow/.local/lib/python3.8/site-packages/airflow/example_dags/example_task_group.py
[2021-02-06 06:43:44,182] {logging_mixin.py:104} INFO - [2021-02-06 06:43:44,182] {dag.py:1818} INFO - Sync 1 DAGs
[2021-02-06 06:43:44,188] {logging_mixin.py:104} INFO - [2021-02-06 06:43:44,188] {dag.py:2273} INFO - Setting next_dagrun for example_task_group to 2021-02-04 00:00:00+00:00
[2021-02-06 06:43:44,192] {scheduler_job.py:189} INFO - Processing /home/airflow/.local/lib/python3.8/site-packages/airflow/example_dags/example_task_group.py took 0.037 seconds
[2021-02-06 06:49:43,330] {scheduler_job.py:181} INFO - Started process (PID=51) to work on /home/airflow/.local/lib/python3.8/site-packages/airflow/example_dags/example_task_group.py
[2021-02-06 06:49:43,330] {scheduler_job.py:627} INFO - Processing file /home/airflow/.local/lib/python3.8/site-packages/airflow/example_dags/example_task_group.py for tasks to queue
[2021-02-06 06:49:43,331] {logging_mixin.py:104} INFO - [2021-02-06 06:49:43,331] {dagbag.py:449} INFO - Filling up the DagBag from /home/airflow/.local/lib/python3.8/site-packages/airflow/example_dags/example_task_group.py
[2021-02-06 06:49:43,338] {scheduler_job.py:637} INFO - DAG(s) dict_keys(['example_task_group']) retrieved from /home/airflow/.local/lib/python3.8/site-packages/airflow/example_dags/example_task_group.py
[2021-02-06 06:49:43,351] {logging_mixin.py:104} INFO - [2021-02-06 06:49:43,351] {dag.py:1818} INFO - Sync 1 DAGs
[2021-02-06 06:49:43,358] {logging_mixin.py:104} INFO - [2021-02-06 06:49:43,358] {dag.py:2273} INFO - Setting next_dagrun for example_task_group to 2021-02-04 00:00:00+00:00
[2021-02-06 06:49:43,365] {scheduler_job.py:189} INFO - Processing /home/airflow/.local/lib/python3.8/site-packages/airflow/example_dags/example_task_group.py took 0.036 seconds
[2021-02-06 06:50:14,160] {scheduler_job.py:181} INFO - Started process (PID=77) to work on /home/airflow/.local/lib/python3.8/site-packages/airflow/example_dags/example_task_group.py
[2021-02-06 06:50:14,161] {scheduler_job.py:627} INFO - Processing file /home/airflow/.local/lib/python3.8/site-packages/airflow/example_dags/example_task_group.py for tasks to queue
[2021-02-06 06:50:14,161] {logging_mixin.py:104} INFO - [2021-02-06 06:50:14,161] {dagbag.py:449} INFO - Filling up the DagBag from /home/airflow/.local/lib/python3.8/site-packages/airflow/example_dags/example_task_group.py
[2021-02-06 06:50:14,170] {scheduler_job.py:637} INFO - DAG(s) dict_keys(['example_task_group']) retrieved from /home/airflow/.local/lib/python3.8/site-packages/airflow/example_dags/example_task_group.py
[2021-02-06 06:50:14,183] {logging_mixin.py:104} INFO - [2021-02-06 06:50:14,183] {dag.py:1818} INFO - Sync 1 DAGs
[2021-02-06 06:50:14,190] {logging_mixin.py:104} INFO - [2021-02-06 06:50:14,189] {dag.py:2273} INFO - Setting next_dagrun for example_task_group to 2021-02-04 00:00:00+00:00
[2021-02-06 06:50:14,194] {scheduler_job.py:189} INFO - Processing /home/airflow/.local/lib/python3.8/site-packages/airflow/example_dags/example_task_group.py took 0.036 seconds
[2021-02-06 06:50:44,962] {scheduler_job.py:181} INFO - Started process (PID=103) to work on /home/airflow/.local/lib/python3.8/site-packages/airflow/example_dags/example_task_group.py
[2021-02-06 06:50:44,963] {scheduler_job.py:627} INFO - Processing file /home/airflow/.local/lib/python3.8/site-packages/airflow/example_dags/example_task_group.py for tasks to queue
[2021-02-06 06:50:44,963] {logging_mixin.py:104} INFO - [2021-02-06 06:50:44,963] {dagbag.py:449} INFO - Filling up the DagBag from /home/airflow/.local/lib/python3.8/site-packages/airflow/example_dags/example_task_group.py
[2021-02-06 06:50:44,972] {scheduler_job.py:637} INFO - DAG(s) dict_keys(['example_task_group']) retrieved from /home/airflow/.local/lib/python3.8/site-packages/airflow/example_dags/example_task_group.py
[2021-02-06 06:50:44,987] {logging_mixin.py:104} INFO - [2021-02-06 06:50:44,987] {dag.py:1818} INFO - Sync 1 DAGs
[2021-02-06 06:50:44,995] {logging_mixin.py:104} INFO - [2021-02-06 06:50:44,995] {dag.py:2273} INFO - Setting next_dagrun for example_task_group to 2021-02-04 00:00:00+00:00
[2021-02-06 06:50:45,000] {scheduler_job.py:189} INFO - Processing /home/airflow/.local/lib/python3.8/site-packages/airflow/example_dags/example_task_group.py took 0.040 seconds
[2021-02-06 06:51:15,694] {scheduler_job.py:181} INFO - Started process (PID=129) to work on /home/airflow/.local/lib/python3.8/site-packages/airflow/example_dags/example_task_group.py
[2021-02-06 06:51:15,695] {scheduler_job.py:627} INFO - Processing file /home/airflow/.local/lib/python3.8/site-packages/airflow/example_dags/example_task_group.py for tasks to queue
[2021-02-06 06:51:15,695] {logging_mixin.py:104} INFO - [2021-02-06 06:51:15,695] {dagbag.py:449} INFO - Filling up the DagBag from /home/airflow/.local/lib/python3.8/site-packages/airflow/example_dags/example_task_group.py
[2021-02-06 06:51:15,703] {scheduler_job.py:637} INFO - DAG(s) dict_keys(['example_task_group']) retrieved from /home/airflow/.local/lib/python3.8/site-packages/airflow/example_dags/example_task_group.py
[2021-02-06 06:51:15,717] {logging_mixin.py:104} INFO - [2021-02-06 06:51:15,716] {dag.py:1818} INFO - Sync 1 DAGs
[2021-02-06 06:51:15,725] {logging_mixin.py:104} INFO - [2021-02-06 06:51:15,725] {dag.py:2273} INFO - Setting next_dagrun for example_task_group to 2021-02-04 00:00:00+00:00
[2021-02-06 06:51:15,729] {scheduler_job.py:189} INFO - Processing /home/airflow/.local/lib/python3.8/site-packages/airflow/example_dags/example_task_group.py took 0.038 seconds
[2021-02-06 06:51:46,366] {scheduler_job.py:181} INFO - Started process (PID=164) to work on /home/airflow/.local/lib/python3.8/site-packages/airflow/example_dags/example_task_group.py
[2021-02-06 06:51:46,366] {scheduler_job.py:627} INFO - Processing file /home/airflow/.local/lib/python3.8/site-packages/airflow/example_dags/example_task_group.py for tasks to queue
[2021-02-06 06:51:46,367] {logging_mixin.py:104} INFO - [2021-02-06 06:51:46,367] {dagbag.py:449} INFO - Filling up the DagBag from /home/airflow/.local/lib/python3.8/site-packages/airflow/example_dags/example_task_group.py
[2021-02-06 06:51:46,376] {scheduler_job.py:637} INFO - DAG(s) dict_keys(['example_task_group']) retrieved from /home/airflow/.local/lib/python3.8/site-packages/airflow/example_dags/example_task_group.py
[2021-02-06 06:51:46,390] {logging_mixin.py:104} INFO - [2021-02-06 06:51:46,390] {dag.py:1818} INFO - Sync 1 DAGs
[2021-02-06 06:51:46,397] {logging_mixin.py:104} INFO - [2021-02-06 06:51:46,397] {dag.py:2273} INFO - Setting next_dagrun for example_task_group to 2021-02-04 00:00:00+00:00
[2021-02-06 06:51:46,402] {scheduler_job.py:189} INFO - Processing /home/airflow/.local/lib/python3.8/site-packages/airflow/example_dags/example_task_group.py took 0.038 seconds
[2021-02-06 06:52:17,066] {scheduler_job.py:181} INFO - Started process (PID=192) to work on /home/airflow/.local/lib/python3.8/site-packages/airflow/example_dags/example_task_group.py
[2021-02-06 06:52:17,069] {scheduler_job.py:627} INFO - Processing file /home/airflow/.local/lib/python3.8/site-packages/airflow/example_dags/example_task_group.py for tasks to queue
[2021-02-06 06:52:17,070] {logging_mixin.py:104} INFO - [2021-02-06 06:52:17,069] {dagbag.py:449} INFO - Filling up the DagBag from /home/airflow/.local/lib/python3.8/site-packages/airflow/example_dags/example_task_group.py
[2021-02-06 06:52:17,076] {scheduler_job.py:637} INFO - DAG(s) dict_keys(['example_task_group']) retrieved from /home/airflow/.local/lib/python3.8/site-packages/airflow/example_dags/example_task_group.py
[2021-02-06 06:52:17,091] {logging_mixin.py:104} INFO - [2021-02-06 06:52:17,091] {dag.py:1818} INFO - Sync 1 DAGs
[2021-02-06 06:52:17,098] {logging_mixin.py:104} INFO - [2021-02-06 06:52:17,098] {dag.py:2273} INFO - Setting next_dagrun for example_task_group to 2021-02-04 00:00:00+00:00
[2021-02-06 06:52:17,105] {scheduler_job.py:189} INFO - Processing /home/airflow/.local/lib/python3.8/site-packages/airflow/example_dags/example_task_group.py took 0.041 seconds
[2021-02-06 06:52:47,829] {scheduler_job.py:181} INFO - Started process (PID=218) to work on /home/airflow/.local/lib/python3.8/site-packages/airflow/example_dags/example_task_group.py
[2021-02-06 06:52:47,830] {scheduler_job.py:627} INFO - Processing file /home/airflow/.local/lib/python3.8/site-packages/airflow/example_dags/example_task_group.py for tasks to queue
[2021-02-06 06:52:47,830] {logging_mixin.py:104} INFO - [2021-02-06 06:52:47,830] {dagbag.py:449} INFO - Filling up the DagBag from /home/airflow/.local/lib/python3.8/site-packages/airflow/example_dags/example_task_group.py
[2021-02-06 06:52:47,835] {scheduler_job.py:637} INFO - DAG(s) dict_keys(['example_task_group']) retrieved from /home/airflow/.local/lib/python3.8/site-packages/airflow/example_dags/example_task_group.py
[2021-02-06 06:52:47,850] {logging_mixin.py:104} INFO - [2021-02-06 06:52:47,850] {dag.py:1818} INFO - Sync 1 DAGs
[2021-02-06 06:52:47,856] {logging_mixin.py:104} INFO - [2021-02-06 06:52:47,856] {dag.py:2273} INFO - Setting next_dagrun for example_task_group to 2021-02-04 00:00:00+00:00
[2021-02-06 06:52:47,861] {scheduler_job.py:189} INFO - Processing /home/airflow/.local/lib/python3.8/site-packages/airflow/example_dags/example_task_group.py took 0.034 seconds
[2021-02-06 06:53:18,566] {scheduler_job.py:181} INFO - Started process (PID=244) to work on /home/airflow/.local/lib/python3.8/site-packages/airflow/example_dags/example_task_group.py
[2021-02-06 06:53:18,567] {scheduler_job.py:627} INFO - Processing file /home/airflow/.local/lib/python3.8/site-packages/airflow/example_dags/example_task_group.py for tasks to queue
[2021-02-06 06:53:18,567] {logging_mixin.py:104} INFO - [2021-02-06 06:53:18,567] {dagbag.py:449} INFO - Filling up the DagBag from /home/airflow/.local/lib/python3.8/site-packages/airflow/example_dags/example_task_group.py
[2021-02-06 06:53:18,575] {scheduler_job.py:637} INFO - DAG(s) dict_keys(['example_task_group']) retrieved from /home/airflow/.local/lib/python3.8/site-packages/airflow/example_dags/example_task_group.py
[2021-02-06 06:53:18,589] {logging_mixin.py:104} INFO - [2021-02-06 06:53:18,589] {dag.py:1818} INFO - Sync 1 DAGs
[2021-02-06 06:53:18,596] {logging_mixin.py:104} INFO - [2021-02-06 06:53:18,596] {dag.py:2273} INFO - Setting next_dagrun for example_task_group to 2021-02-04 00:00:00+00:00
[2021-02-06 06:53:18,603] {scheduler_job.py:189} INFO - Processing /home/airflow/.local/lib/python3.8/site-packages/airflow/example_dags/example_task_group.py took 0.039 seconds
[2021-02-06 06:53:49,272] {scheduler_job.py:181} INFO - Started process (PID=270) to work on /home/airflow/.local/lib/python3.8/site-packages/airflow/example_dags/example_task_group.py
[2021-02-06 06:53:49,273] {scheduler_job.py:627} INFO - Processing file /home/airflow/.local/lib/python3.8/site-packages/airflow/example_dags/example_task_group.py for tasks to queue
[2021-02-06 06:53:49,273] {logging_mixin.py:104} INFO - [2021-02-06 06:53:49,273] {dagbag.py:449} INFO - Filling up the DagBag from /home/airflow/.local/lib/python3.8/site-packages/airflow/example_dags/example_task_group.py
[2021-02-06 06:53:49,280] {scheduler_job.py:637} INFO - DAG(s) dict_keys(['example_task_group']) retrieved from /home/airflow/.local/lib/python3.8/site-packages/airflow/example_dags/example_task_group.py
[2021-02-06 06:53:49,295] {logging_mixin.py:104} INFO - [2021-02-06 06:53:49,295] {dag.py:1818} INFO - Sync 1 DAGs
[2021-02-06 06:53:49,303] {logging_mixin.py:104} INFO - [2021-02-06 06:53:49,303] {dag.py:2273} INFO - Setting next_dagrun for example_task_group to 2021-02-04 00:00:00+00:00
[2021-02-06 06:53:49,308] {scheduler_job.py:189} INFO - Processing /home/airflow/.local/lib/python3.8/site-packages/airflow/example_dags/example_task_group.py took 0.039 seconds
[2021-02-06 06:54:20,026] {scheduler_job.py:181} INFO - Started process (PID=296) to work on /home/airflow/.local/lib/python3.8/site-packages/airflow/example_dags/example_task_group.py
[2021-02-06 06:54:20,027] {scheduler_job.py:627} INFO - Processing file /home/airflow/.local/lib/python3.8/site-packages/airflow/example_dags/example_task_group.py for tasks to queue
[2021-02-06 06:54:20,027] {logging_mixin.py:104} INFO - [2021-02-06 06:54:20,027] {dagbag.py:449} INFO - Filling up the DagBag from /home/airflow/.local/lib/python3.8/site-packages/airflow/example_dags/example_task_group.py
[2021-02-06 06:54:20,035] {scheduler_job.py:637} INFO - DAG(s) dict_keys(['example_task_group']) retrieved from /home/airflow/.local/lib/python3.8/site-packages/airflow/example_dags/example_task_group.py
[2021-02-06 06:54:20,049] {logging_mixin.py:104} INFO - [2021-02-06 06:54:20,049] {dag.py:1818} INFO - Sync 1 DAGs
[2021-02-06 06:54:20,057] {logging_mixin.py:104} INFO - [2021-02-06 06:54:20,057] {dag.py:2273} INFO - Setting next_dagrun for example_task_group to 2021-02-04 00:00:00+00:00
[2021-02-06 06:54:20,063] {scheduler_job.py:189} INFO - Processing /home/airflow/.local/lib/python3.8/site-packages/airflow/example_dags/example_task_group.py took 0.040 seconds
[2021-02-06 06:54:50,766] {scheduler_job.py:181} INFO - Started process (PID=322) to work on /home/airflow/.local/lib/python3.8/site-packages/airflow/example_dags/example_task_group.py
[2021-02-06 06:54:50,767] {scheduler_job.py:627} INFO - Processing file /home/airflow/.local/lib/python3.8/site-packages/airflow/example_dags/example_task_group.py for tasks to queue
[2021-02-06 06:54:50,767] {logging_mixin.py:104} INFO - [2021-02-06 06:54:50,767] {dagbag.py:449} INFO - Filling up the DagBag from /home/airflow/.local/lib/python3.8/site-packages/airflow/example_dags/example_task_group.py
[2021-02-06 06:54:50,775] {scheduler_job.py:637} INFO - DAG(s) dict_keys(['example_task_group']) retrieved from /home/airflow/.local/lib/python3.8/site-packages/airflow/example_dags/example_task_group.py
[2021-02-06 06:54:50,790] {logging_mixin.py:104} INFO - [2021-02-06 06:54:50,790] {dag.py:1818} INFO - Sync 1 DAGs
[2021-02-06 06:54:50,796] {logging_mixin.py:104} INFO - [2021-02-06 06:54:50,796] {dag.py:2273} INFO - Setting next_dagrun for example_task_group to 2021-02-04 00:00:00+00:00
[2021-02-06 06:54:50,802] {scheduler_job.py:189} INFO - Processing /home/airflow/.local/lib/python3.8/site-packages/airflow/example_dags/example_task_group.py took 0.038 seconds
[2021-02-06 06:55:21,504] {scheduler_job.py:181} INFO - Started process (PID=348) to work on /home/airflow/.local/lib/python3.8/site-packages/airflow/example_dags/example_task_group.py
[2021-02-06 06:55:21,505] {scheduler_job.py:627} INFO - Processing file /home/airflow/.local/lib/python3.8/site-packages/airflow/example_dags/example_task_group.py for tasks to queue
[2021-02-06 06:55:21,505] {logging_mixin.py:104} INFO - [2021-02-06 06:55:21,505] {dagbag.py:449} INFO - Filling up the DagBag from /home/airflow/.local/lib/python3.8/site-packages/airflow/example_dags/example_task_group.py
[2021-02-06 06:55:21,512] {scheduler_job.py:637} INFO - DAG(s) dict_keys(['example_task_group']) retrieved from /home/airflow/.local/lib/python3.8/site-packages/airflow/example_dags/example_task_group.py
[2021-02-06 06:55:21,525] {logging_mixin.py:104} INFO - [2021-02-06 06:55:21,525] {dag.py:1818} INFO - Sync 1 DAGs
[2021-02-06 06:55:21,533] {logging_mixin.py:104} INFO - [2021-02-06 06:55:21,533] {dag.py:2273} INFO - Setting next_dagrun for example_task_group to 2021-02-04 00:00:00+00:00
[2021-02-06 06:55:21,540] {scheduler_job.py:189} INFO - Processing /home/airflow/.local/lib/python3.8/site-packages/airflow/example_dags/example_task_group.py took 0.038 seconds
[2021-02-06 06:55:52,219] {scheduler_job.py:181} INFO - Started process (PID=374) to work on /home/airflow/.local/lib/python3.8/site-packages/airflow/example_dags/example_task_group.py
[2021-02-06 06:55:52,220] {scheduler_job.py:627} INFO - Processing file /home/airflow/.local/lib/python3.8/site-packages/airflow/example_dags/example_task_group.py for tasks to queue
[2021-02-06 06:55:52,220] {logging_mixin.py:104} INFO - [2021-02-06 06:55:52,220] {dagbag.py:449} INFO - Filling up the DagBag from /home/airflow/.local/lib/python3.8/site-packages/airflow/example_dags/example_task_group.py
[2021-02-06 06:55:52,227] {scheduler_job.py:637} INFO - DAG(s) dict_keys(['example_task_group']) retrieved from /home/airflow/.local/lib/python3.8/site-packages/airflow/example_dags/example_task_group.py
[2021-02-06 06:55:52,244] {logging_mixin.py:104} INFO - [2021-02-06 06:55:52,244] {dag.py:1818} INFO - Sync 1 DAGs
[2021-02-06 06:55:52,252] {logging_mixin.py:104} INFO - [2021-02-06 06:55:52,252] {dag.py:2273} INFO - Setting next_dagrun for example_task_group to 2021-02-04 00:00:00+00:00
[2021-02-06 06:55:52,257] {scheduler_job.py:189} INFO - Processing /home/airflow/.local/lib/python3.8/site-packages/airflow/example_dags/example_task_group.py took 0.041 seconds
