[2021-02-06 06:42:12,149] {scheduler_job.py:181} INFO - Started process (PID=55) to work on /home/airflow/.local/lib/python3.8/site-packages/airflow/example_dags/example_external_task_marker_dag.py
[2021-02-06 06:42:12,149] {scheduler_job.py:627} INFO - Processing file /home/airflow/.local/lib/python3.8/site-packages/airflow/example_dags/example_external_task_marker_dag.py for tasks to queue
[2021-02-06 06:42:12,150] {logging_mixin.py:104} INFO - [2021-02-06 06:42:12,150] {dagbag.py:449} INFO - Filling up the DagBag from /home/airflow/.local/lib/python3.8/site-packages/airflow/example_dags/example_external_task_marker_dag.py
[2021-02-06 06:42:12,158] {scheduler_job.py:637} INFO - DAG(s) dict_keys(['example_external_task_marker_parent', 'example_external_task_marker_child']) retrieved from /home/airflow/.local/lib/python3.8/site-packages/airflow/example_dags/example_external_task_marker_dag.py
[2021-02-06 06:42:12,174] {logging_mixin.py:104} INFO - [2021-02-06 06:42:12,174] {dag.py:1818} INFO - Sync 2 DAGs
[2021-02-06 06:42:12,179] {logging_mixin.py:104} INFO - [2021-02-06 06:42:12,179] {dag.py:1837} INFO - Creating ORM DAG for example_external_task_marker_child
[2021-02-06 06:42:12,179] {logging_mixin.py:104} INFO - [2021-02-06 06:42:12,179] {dag.py:1837} INFO - Creating ORM DAG for example_external_task_marker_parent
[2021-02-06 06:42:12,182] {logging_mixin.py:104} INFO - [2021-02-06 06:42:12,182] {dag.py:2273} INFO - Setting next_dagrun for example_external_task_marker_child to None
[2021-02-06 06:42:12,182] {logging_mixin.py:104} INFO - [2021-02-06 06:42:12,182] {dag.py:2273} INFO - Setting next_dagrun for example_external_task_marker_parent to None
[2021-02-06 06:42:12,190] {scheduler_job.py:189} INFO - Processing /home/airflow/.local/lib/python3.8/site-packages/airflow/example_dags/example_external_task_marker_dag.py took 0.044 seconds
[2021-02-06 06:42:42,946] {scheduler_job.py:181} INFO - Started process (PID=81) to work on /home/airflow/.local/lib/python3.8/site-packages/airflow/example_dags/example_external_task_marker_dag.py
[2021-02-06 06:42:42,947] {scheduler_job.py:627} INFO - Processing file /home/airflow/.local/lib/python3.8/site-packages/airflow/example_dags/example_external_task_marker_dag.py for tasks to queue
[2021-02-06 06:42:42,948] {logging_mixin.py:104} INFO - [2021-02-06 06:42:42,947] {dagbag.py:449} INFO - Filling up the DagBag from /home/airflow/.local/lib/python3.8/site-packages/airflow/example_dags/example_external_task_marker_dag.py
[2021-02-06 06:42:42,954] {scheduler_job.py:637} INFO - DAG(s) dict_keys(['example_external_task_marker_parent', 'example_external_task_marker_child']) retrieved from /home/airflow/.local/lib/python3.8/site-packages/airflow/example_dags/example_external_task_marker_dag.py
[2021-02-06 06:42:42,970] {logging_mixin.py:104} INFO - [2021-02-06 06:42:42,970] {dag.py:1818} INFO - Sync 2 DAGs
[2021-02-06 06:42:42,976] {logging_mixin.py:104} INFO - [2021-02-06 06:42:42,976] {dag.py:2273} INFO - Setting next_dagrun for example_external_task_marker_child to None
[2021-02-06 06:42:42,977] {logging_mixin.py:104} INFO - [2021-02-06 06:42:42,977] {dag.py:2273} INFO - Setting next_dagrun for example_external_task_marker_parent to None
[2021-02-06 06:42:42,981] {scheduler_job.py:189} INFO - Processing /home/airflow/.local/lib/python3.8/site-packages/airflow/example_dags/example_external_task_marker_dag.py took 0.038 seconds
[2021-02-06 06:43:13,733] {scheduler_job.py:181} INFO - Started process (PID=130) to work on /home/airflow/.local/lib/python3.8/site-packages/airflow/example_dags/example_external_task_marker_dag.py
[2021-02-06 06:43:13,733] {scheduler_job.py:627} INFO - Processing file /home/airflow/.local/lib/python3.8/site-packages/airflow/example_dags/example_external_task_marker_dag.py for tasks to queue
[2021-02-06 06:43:13,734] {logging_mixin.py:104} INFO - [2021-02-06 06:43:13,734] {dagbag.py:449} INFO - Filling up the DagBag from /home/airflow/.local/lib/python3.8/site-packages/airflow/example_dags/example_external_task_marker_dag.py
[2021-02-06 06:43:13,742] {scheduler_job.py:637} INFO - DAG(s) dict_keys(['example_external_task_marker_parent', 'example_external_task_marker_child']) retrieved from /home/airflow/.local/lib/python3.8/site-packages/airflow/example_dags/example_external_task_marker_dag.py
[2021-02-06 06:43:13,759] {logging_mixin.py:104} INFO - [2021-02-06 06:43:13,758] {dag.py:1818} INFO - Sync 2 DAGs
[2021-02-06 06:43:13,766] {logging_mixin.py:104} INFO - [2021-02-06 06:43:13,766] {dag.py:2273} INFO - Setting next_dagrun for example_external_task_marker_child to None
[2021-02-06 06:43:13,766] {logging_mixin.py:104} INFO - [2021-02-06 06:43:13,766] {dag.py:2273} INFO - Setting next_dagrun for example_external_task_marker_parent to None
[2021-02-06 06:43:13,771] {scheduler_job.py:189} INFO - Processing /home/airflow/.local/lib/python3.8/site-packages/airflow/example_dags/example_external_task_marker_dag.py took 0.040 seconds
[2021-02-06 06:43:44,524] {scheduler_job.py:181} INFO - Started process (PID=156) to work on /home/airflow/.local/lib/python3.8/site-packages/airflow/example_dags/example_external_task_marker_dag.py
[2021-02-06 06:43:44,524] {scheduler_job.py:627} INFO - Processing file /home/airflow/.local/lib/python3.8/site-packages/airflow/example_dags/example_external_task_marker_dag.py for tasks to queue
[2021-02-06 06:43:44,525] {logging_mixin.py:104} INFO - [2021-02-06 06:43:44,525] {dagbag.py:449} INFO - Filling up the DagBag from /home/airflow/.local/lib/python3.8/site-packages/airflow/example_dags/example_external_task_marker_dag.py
[2021-02-06 06:43:44,532] {scheduler_job.py:637} INFO - DAG(s) dict_keys(['example_external_task_marker_parent', 'example_external_task_marker_child']) retrieved from /home/airflow/.local/lib/python3.8/site-packages/airflow/example_dags/example_external_task_marker_dag.py
[2021-02-06 06:43:44,550] {logging_mixin.py:104} INFO - [2021-02-06 06:43:44,550] {dag.py:1818} INFO - Sync 2 DAGs
[2021-02-06 06:43:44,556] {logging_mixin.py:104} INFO - [2021-02-06 06:43:44,556] {dag.py:2273} INFO - Setting next_dagrun for example_external_task_marker_child to None
[2021-02-06 06:43:44,557] {logging_mixin.py:104} INFO - [2021-02-06 06:43:44,557] {dag.py:2273} INFO - Setting next_dagrun for example_external_task_marker_parent to None
[2021-02-06 06:43:44,562] {scheduler_job.py:189} INFO - Processing /home/airflow/.local/lib/python3.8/site-packages/airflow/example_dags/example_external_task_marker_dag.py took 0.041 seconds
[2021-02-06 06:49:43,706] {scheduler_job.py:181} INFO - Started process (PID=62) to work on /home/airflow/.local/lib/python3.8/site-packages/airflow/example_dags/example_external_task_marker_dag.py
[2021-02-06 06:49:43,707] {scheduler_job.py:627} INFO - Processing file /home/airflow/.local/lib/python3.8/site-packages/airflow/example_dags/example_external_task_marker_dag.py for tasks to queue
[2021-02-06 06:49:43,707] {logging_mixin.py:104} INFO - [2021-02-06 06:49:43,707] {dagbag.py:449} INFO - Filling up the DagBag from /home/airflow/.local/lib/python3.8/site-packages/airflow/example_dags/example_external_task_marker_dag.py
[2021-02-06 06:49:43,715] {scheduler_job.py:637} INFO - DAG(s) dict_keys(['example_external_task_marker_parent', 'example_external_task_marker_child']) retrieved from /home/airflow/.local/lib/python3.8/site-packages/airflow/example_dags/example_external_task_marker_dag.py
[2021-02-06 06:49:43,731] {logging_mixin.py:104} INFO - [2021-02-06 06:49:43,731] {dag.py:1818} INFO - Sync 2 DAGs
[2021-02-06 06:49:43,738] {logging_mixin.py:104} INFO - [2021-02-06 06:49:43,738] {dag.py:2273} INFO - Setting next_dagrun for example_external_task_marker_child to None
[2021-02-06 06:49:43,738] {logging_mixin.py:104} INFO - [2021-02-06 06:49:43,738] {dag.py:2273} INFO - Setting next_dagrun for example_external_task_marker_parent to None
[2021-02-06 06:49:43,746] {scheduler_job.py:189} INFO - Processing /home/airflow/.local/lib/python3.8/site-packages/airflow/example_dags/example_external_task_marker_dag.py took 0.041 seconds
[2021-02-06 06:50:14,483] {scheduler_job.py:181} INFO - Started process (PID=88) to work on /home/airflow/.local/lib/python3.8/site-packages/airflow/example_dags/example_external_task_marker_dag.py
[2021-02-06 06:50:14,483] {scheduler_job.py:627} INFO - Processing file /home/airflow/.local/lib/python3.8/site-packages/airflow/example_dags/example_external_task_marker_dag.py for tasks to queue
[2021-02-06 06:50:14,484] {logging_mixin.py:104} INFO - [2021-02-06 06:50:14,484] {dagbag.py:449} INFO - Filling up the DagBag from /home/airflow/.local/lib/python3.8/site-packages/airflow/example_dags/example_external_task_marker_dag.py
[2021-02-06 06:50:14,492] {scheduler_job.py:637} INFO - DAG(s) dict_keys(['example_external_task_marker_parent', 'example_external_task_marker_child']) retrieved from /home/airflow/.local/lib/python3.8/site-packages/airflow/example_dags/example_external_task_marker_dag.py
[2021-02-06 06:50:14,507] {logging_mixin.py:104} INFO - [2021-02-06 06:50:14,507] {dag.py:1818} INFO - Sync 2 DAGs
[2021-02-06 06:50:14,513] {logging_mixin.py:104} INFO - [2021-02-06 06:50:14,513] {dag.py:2273} INFO - Setting next_dagrun for example_external_task_marker_child to None
[2021-02-06 06:50:14,514] {logging_mixin.py:104} INFO - [2021-02-06 06:50:14,514] {dag.py:2273} INFO - Setting next_dagrun for example_external_task_marker_parent to None
[2021-02-06 06:50:14,520] {scheduler_job.py:189} INFO - Processing /home/airflow/.local/lib/python3.8/site-packages/airflow/example_dags/example_external_task_marker_dag.py took 0.039 seconds
[2021-02-06 06:50:45,250] {scheduler_job.py:181} INFO - Started process (PID=114) to work on /home/airflow/.local/lib/python3.8/site-packages/airflow/example_dags/example_external_task_marker_dag.py
[2021-02-06 06:50:45,251] {scheduler_job.py:627} INFO - Processing file /home/airflow/.local/lib/python3.8/site-packages/airflow/example_dags/example_external_task_marker_dag.py for tasks to queue
[2021-02-06 06:50:45,251] {logging_mixin.py:104} INFO - [2021-02-06 06:50:45,251] {dagbag.py:449} INFO - Filling up the DagBag from /home/airflow/.local/lib/python3.8/site-packages/airflow/example_dags/example_external_task_marker_dag.py
[2021-02-06 06:50:45,260] {scheduler_job.py:637} INFO - DAG(s) dict_keys(['example_external_task_marker_parent', 'example_external_task_marker_child']) retrieved from /home/airflow/.local/lib/python3.8/site-packages/airflow/example_dags/example_external_task_marker_dag.py
[2021-02-06 06:50:45,274] {logging_mixin.py:104} INFO - [2021-02-06 06:50:45,274] {dag.py:1818} INFO - Sync 2 DAGs
[2021-02-06 06:50:45,282] {logging_mixin.py:104} INFO - [2021-02-06 06:50:45,282] {dag.py:2273} INFO - Setting next_dagrun for example_external_task_marker_child to None
[2021-02-06 06:50:45,282] {logging_mixin.py:104} INFO - [2021-02-06 06:50:45,282] {dag.py:2273} INFO - Setting next_dagrun for example_external_task_marker_parent to None
[2021-02-06 06:50:45,287] {scheduler_job.py:189} INFO - Processing /home/airflow/.local/lib/python3.8/site-packages/airflow/example_dags/example_external_task_marker_dag.py took 0.039 seconds
[2021-02-06 06:51:15,953] {scheduler_job.py:181} INFO - Started process (PID=140) to work on /home/airflow/.local/lib/python3.8/site-packages/airflow/example_dags/example_external_task_marker_dag.py
[2021-02-06 06:51:15,953] {scheduler_job.py:627} INFO - Processing file /home/airflow/.local/lib/python3.8/site-packages/airflow/example_dags/example_external_task_marker_dag.py for tasks to queue
[2021-02-06 06:51:15,953] {logging_mixin.py:104} INFO - [2021-02-06 06:51:15,953] {dagbag.py:449} INFO - Filling up the DagBag from /home/airflow/.local/lib/python3.8/site-packages/airflow/example_dags/example_external_task_marker_dag.py
[2021-02-06 06:51:15,961] {scheduler_job.py:637} INFO - DAG(s) dict_keys(['example_external_task_marker_parent', 'example_external_task_marker_child']) retrieved from /home/airflow/.local/lib/python3.8/site-packages/airflow/example_dags/example_external_task_marker_dag.py
[2021-02-06 06:51:15,976] {logging_mixin.py:104} INFO - [2021-02-06 06:51:15,975] {dag.py:1818} INFO - Sync 2 DAGs
[2021-02-06 06:51:15,982] {logging_mixin.py:104} INFO - [2021-02-06 06:51:15,982] {dag.py:2273} INFO - Setting next_dagrun for example_external_task_marker_child to None
[2021-02-06 06:51:15,982] {logging_mixin.py:104} INFO - [2021-02-06 06:51:15,982] {dag.py:2273} INFO - Setting next_dagrun for example_external_task_marker_parent to None
[2021-02-06 06:51:15,987] {scheduler_job.py:189} INFO - Processing /home/airflow/.local/lib/python3.8/site-packages/airflow/example_dags/example_external_task_marker_dag.py took 0.036 seconds
[2021-02-06 06:51:46,619] {scheduler_job.py:181} INFO - Started process (PID=175) to work on /home/airflow/.local/lib/python3.8/site-packages/airflow/example_dags/example_external_task_marker_dag.py
[2021-02-06 06:51:46,619] {scheduler_job.py:627} INFO - Processing file /home/airflow/.local/lib/python3.8/site-packages/airflow/example_dags/example_external_task_marker_dag.py for tasks to queue
[2021-02-06 06:51:46,620] {logging_mixin.py:104} INFO - [2021-02-06 06:51:46,620] {dagbag.py:449} INFO - Filling up the DagBag from /home/airflow/.local/lib/python3.8/site-packages/airflow/example_dags/example_external_task_marker_dag.py
[2021-02-06 06:51:46,628] {scheduler_job.py:637} INFO - DAG(s) dict_keys(['example_external_task_marker_parent', 'example_external_task_marker_child']) retrieved from /home/airflow/.local/lib/python3.8/site-packages/airflow/example_dags/example_external_task_marker_dag.py
[2021-02-06 06:51:46,645] {logging_mixin.py:104} INFO - [2021-02-06 06:51:46,645] {dag.py:1818} INFO - Sync 2 DAGs
[2021-02-06 06:51:46,651] {logging_mixin.py:104} INFO - [2021-02-06 06:51:46,651] {dag.py:2273} INFO - Setting next_dagrun for example_external_task_marker_child to None
[2021-02-06 06:51:46,652] {logging_mixin.py:104} INFO - [2021-02-06 06:51:46,652] {dag.py:2273} INFO - Setting next_dagrun for example_external_task_marker_parent to None
[2021-02-06 06:51:46,657] {scheduler_job.py:189} INFO - Processing /home/airflow/.local/lib/python3.8/site-packages/airflow/example_dags/example_external_task_marker_dag.py took 0.040 seconds
[2021-02-06 06:52:17,399] {scheduler_job.py:181} INFO - Started process (PID=203) to work on /home/airflow/.local/lib/python3.8/site-packages/airflow/example_dags/example_external_task_marker_dag.py
[2021-02-06 06:52:17,401] {scheduler_job.py:627} INFO - Processing file /home/airflow/.local/lib/python3.8/site-packages/airflow/example_dags/example_external_task_marker_dag.py for tasks to queue
[2021-02-06 06:52:17,401] {logging_mixin.py:104} INFO - [2021-02-06 06:52:17,401] {dagbag.py:449} INFO - Filling up the DagBag from /home/airflow/.local/lib/python3.8/site-packages/airflow/example_dags/example_external_task_marker_dag.py
[2021-02-06 06:52:17,407] {scheduler_job.py:637} INFO - DAG(s) dict_keys(['example_external_task_marker_parent', 'example_external_task_marker_child']) retrieved from /home/airflow/.local/lib/python3.8/site-packages/airflow/example_dags/example_external_task_marker_dag.py
[2021-02-06 06:52:17,423] {logging_mixin.py:104} INFO - [2021-02-06 06:52:17,423] {dag.py:1818} INFO - Sync 2 DAGs
[2021-02-06 06:52:17,429] {logging_mixin.py:104} INFO - [2021-02-06 06:52:17,429] {dag.py:2273} INFO - Setting next_dagrun for example_external_task_marker_child to None
[2021-02-06 06:52:17,429] {logging_mixin.py:104} INFO - [2021-02-06 06:52:17,429] {dag.py:2273} INFO - Setting next_dagrun for example_external_task_marker_parent to None
[2021-02-06 06:52:17,436] {scheduler_job.py:189} INFO - Processing /home/airflow/.local/lib/python3.8/site-packages/airflow/example_dags/example_external_task_marker_dag.py took 0.038 seconds
[2021-02-06 06:52:48,146] {scheduler_job.py:181} INFO - Started process (PID=229) to work on /home/airflow/.local/lib/python3.8/site-packages/airflow/example_dags/example_external_task_marker_dag.py
[2021-02-06 06:52:48,146] {scheduler_job.py:627} INFO - Processing file /home/airflow/.local/lib/python3.8/site-packages/airflow/example_dags/example_external_task_marker_dag.py for tasks to queue
[2021-02-06 06:52:48,147] {logging_mixin.py:104} INFO - [2021-02-06 06:52:48,146] {dagbag.py:449} INFO - Filling up the DagBag from /home/airflow/.local/lib/python3.8/site-packages/airflow/example_dags/example_external_task_marker_dag.py
[2021-02-06 06:52:48,153] {scheduler_job.py:637} INFO - DAG(s) dict_keys(['example_external_task_marker_parent', 'example_external_task_marker_child']) retrieved from /home/airflow/.local/lib/python3.8/site-packages/airflow/example_dags/example_external_task_marker_dag.py
[2021-02-06 06:52:48,170] {logging_mixin.py:104} INFO - [2021-02-06 06:52:48,170] {dag.py:1818} INFO - Sync 2 DAGs
[2021-02-06 06:52:48,177] {logging_mixin.py:104} INFO - [2021-02-06 06:52:48,177] {dag.py:2273} INFO - Setting next_dagrun for example_external_task_marker_child to None
[2021-02-06 06:52:48,177] {logging_mixin.py:104} INFO - [2021-02-06 06:52:48,177] {dag.py:2273} INFO - Setting next_dagrun for example_external_task_marker_parent to None
[2021-02-06 06:52:48,182] {scheduler_job.py:189} INFO - Processing /home/airflow/.local/lib/python3.8/site-packages/airflow/example_dags/example_external_task_marker_dag.py took 0.039 seconds
[2021-02-06 06:53:18,833] {scheduler_job.py:181} INFO - Started process (PID=255) to work on /home/airflow/.local/lib/python3.8/site-packages/airflow/example_dags/example_external_task_marker_dag.py
[2021-02-06 06:53:18,834] {scheduler_job.py:627} INFO - Processing file /home/airflow/.local/lib/python3.8/site-packages/airflow/example_dags/example_external_task_marker_dag.py for tasks to queue
[2021-02-06 06:53:18,834] {logging_mixin.py:104} INFO - [2021-02-06 06:53:18,834] {dagbag.py:449} INFO - Filling up the DagBag from /home/airflow/.local/lib/python3.8/site-packages/airflow/example_dags/example_external_task_marker_dag.py
[2021-02-06 06:53:18,840] {scheduler_job.py:637} INFO - DAG(s) dict_keys(['example_external_task_marker_parent', 'example_external_task_marker_child']) retrieved from /home/airflow/.local/lib/python3.8/site-packages/airflow/example_dags/example_external_task_marker_dag.py
[2021-02-06 06:53:18,859] {logging_mixin.py:104} INFO - [2021-02-06 06:53:18,859] {dag.py:1818} INFO - Sync 2 DAGs
[2021-02-06 06:53:18,866] {logging_mixin.py:104} INFO - [2021-02-06 06:53:18,866] {dag.py:2273} INFO - Setting next_dagrun for example_external_task_marker_child to None
[2021-02-06 06:53:18,867] {logging_mixin.py:104} INFO - [2021-02-06 06:53:18,867] {dag.py:2273} INFO - Setting next_dagrun for example_external_task_marker_parent to None
[2021-02-06 06:53:18,875] {scheduler_job.py:189} INFO - Processing /home/airflow/.local/lib/python3.8/site-packages/airflow/example_dags/example_external_task_marker_dag.py took 0.043 seconds
[2021-02-06 06:53:49,602] {scheduler_job.py:181} INFO - Started process (PID=281) to work on /home/airflow/.local/lib/python3.8/site-packages/airflow/example_dags/example_external_task_marker_dag.py
[2021-02-06 06:53:49,602] {scheduler_job.py:627} INFO - Processing file /home/airflow/.local/lib/python3.8/site-packages/airflow/example_dags/example_external_task_marker_dag.py for tasks to queue
[2021-02-06 06:53:49,603] {logging_mixin.py:104} INFO - [2021-02-06 06:53:49,603] {dagbag.py:449} INFO - Filling up the DagBag from /home/airflow/.local/lib/python3.8/site-packages/airflow/example_dags/example_external_task_marker_dag.py
[2021-02-06 06:53:49,608] {scheduler_job.py:637} INFO - DAG(s) dict_keys(['example_external_task_marker_parent', 'example_external_task_marker_child']) retrieved from /home/airflow/.local/lib/python3.8/site-packages/airflow/example_dags/example_external_task_marker_dag.py
[2021-02-06 06:53:49,625] {logging_mixin.py:104} INFO - [2021-02-06 06:53:49,625] {dag.py:1818} INFO - Sync 2 DAGs
[2021-02-06 06:53:49,632] {logging_mixin.py:104} INFO - [2021-02-06 06:53:49,632] {dag.py:2273} INFO - Setting next_dagrun for example_external_task_marker_child to None
[2021-02-06 06:53:49,632] {logging_mixin.py:104} INFO - [2021-02-06 06:53:49,632] {dag.py:2273} INFO - Setting next_dagrun for example_external_task_marker_parent to None
[2021-02-06 06:53:49,637] {scheduler_job.py:189} INFO - Processing /home/airflow/.local/lib/python3.8/site-packages/airflow/example_dags/example_external_task_marker_dag.py took 0.038 seconds
[2021-02-06 06:54:20,313] {scheduler_job.py:181} INFO - Started process (PID=307) to work on /home/airflow/.local/lib/python3.8/site-packages/airflow/example_dags/example_external_task_marker_dag.py
[2021-02-06 06:54:20,314] {scheduler_job.py:627} INFO - Processing file /home/airflow/.local/lib/python3.8/site-packages/airflow/example_dags/example_external_task_marker_dag.py for tasks to queue
[2021-02-06 06:54:20,314] {logging_mixin.py:104} INFO - [2021-02-06 06:54:20,314] {dagbag.py:449} INFO - Filling up the DagBag from /home/airflow/.local/lib/python3.8/site-packages/airflow/example_dags/example_external_task_marker_dag.py
[2021-02-06 06:54:20,322] {scheduler_job.py:637} INFO - DAG(s) dict_keys(['example_external_task_marker_parent', 'example_external_task_marker_child']) retrieved from /home/airflow/.local/lib/python3.8/site-packages/airflow/example_dags/example_external_task_marker_dag.py
[2021-02-06 06:54:20,339] {logging_mixin.py:104} INFO - [2021-02-06 06:54:20,339] {dag.py:1818} INFO - Sync 2 DAGs
[2021-02-06 06:54:20,346] {logging_mixin.py:104} INFO - [2021-02-06 06:54:20,345] {dag.py:2273} INFO - Setting next_dagrun for example_external_task_marker_child to None
[2021-02-06 06:54:20,346] {logging_mixin.py:104} INFO - [2021-02-06 06:54:20,346] {dag.py:2273} INFO - Setting next_dagrun for example_external_task_marker_parent to None
[2021-02-06 06:54:20,353] {scheduler_job.py:189} INFO - Processing /home/airflow/.local/lib/python3.8/site-packages/airflow/example_dags/example_external_task_marker_dag.py took 0.042 seconds
[2021-02-06 06:54:51,058] {scheduler_job.py:181} INFO - Started process (PID=333) to work on /home/airflow/.local/lib/python3.8/site-packages/airflow/example_dags/example_external_task_marker_dag.py
[2021-02-06 06:54:51,058] {scheduler_job.py:627} INFO - Processing file /home/airflow/.local/lib/python3.8/site-packages/airflow/example_dags/example_external_task_marker_dag.py for tasks to queue
[2021-02-06 06:54:51,059] {logging_mixin.py:104} INFO - [2021-02-06 06:54:51,059] {dagbag.py:449} INFO - Filling up the DagBag from /home/airflow/.local/lib/python3.8/site-packages/airflow/example_dags/example_external_task_marker_dag.py
[2021-02-06 06:54:51,067] {scheduler_job.py:637} INFO - DAG(s) dict_keys(['example_external_task_marker_parent', 'example_external_task_marker_child']) retrieved from /home/airflow/.local/lib/python3.8/site-packages/airflow/example_dags/example_external_task_marker_dag.py
[2021-02-06 06:54:51,084] {logging_mixin.py:104} INFO - [2021-02-06 06:54:51,084] {dag.py:1818} INFO - Sync 2 DAGs
[2021-02-06 06:54:51,092] {logging_mixin.py:104} INFO - [2021-02-06 06:54:51,092] {dag.py:2273} INFO - Setting next_dagrun for example_external_task_marker_child to None
[2021-02-06 06:54:51,092] {logging_mixin.py:104} INFO - [2021-02-06 06:54:51,092] {dag.py:2273} INFO - Setting next_dagrun for example_external_task_marker_parent to None
[2021-02-06 06:54:51,099] {scheduler_job.py:189} INFO - Processing /home/airflow/.local/lib/python3.8/site-packages/airflow/example_dags/example_external_task_marker_dag.py took 0.044 seconds
[2021-02-06 06:55:21,789] {scheduler_job.py:181} INFO - Started process (PID=359) to work on /home/airflow/.local/lib/python3.8/site-packages/airflow/example_dags/example_external_task_marker_dag.py
[2021-02-06 06:55:21,790] {scheduler_job.py:627} INFO - Processing file /home/airflow/.local/lib/python3.8/site-packages/airflow/example_dags/example_external_task_marker_dag.py for tasks to queue
[2021-02-06 06:55:21,790] {logging_mixin.py:104} INFO - [2021-02-06 06:55:21,790] {dagbag.py:449} INFO - Filling up the DagBag from /home/airflow/.local/lib/python3.8/site-packages/airflow/example_dags/example_external_task_marker_dag.py
[2021-02-06 06:55:21,798] {scheduler_job.py:637} INFO - DAG(s) dict_keys(['example_external_task_marker_parent', 'example_external_task_marker_child']) retrieved from /home/airflow/.local/lib/python3.8/site-packages/airflow/example_dags/example_external_task_marker_dag.py
[2021-02-06 06:55:21,817] {logging_mixin.py:104} INFO - [2021-02-06 06:55:21,817] {dag.py:1818} INFO - Sync 2 DAGs
[2021-02-06 06:55:21,824] {logging_mixin.py:104} INFO - [2021-02-06 06:55:21,824] {dag.py:2273} INFO - Setting next_dagrun for example_external_task_marker_child to None
[2021-02-06 06:55:21,825] {logging_mixin.py:104} INFO - [2021-02-06 06:55:21,825] {dag.py:2273} INFO - Setting next_dagrun for example_external_task_marker_parent to None
[2021-02-06 06:55:21,832] {scheduler_job.py:189} INFO - Processing /home/airflow/.local/lib/python3.8/site-packages/airflow/example_dags/example_external_task_marker_dag.py took 0.045 seconds
[2021-02-06 06:55:52,502] {scheduler_job.py:181} INFO - Started process (PID=385) to work on /home/airflow/.local/lib/python3.8/site-packages/airflow/example_dags/example_external_task_marker_dag.py
[2021-02-06 06:55:52,503] {scheduler_job.py:627} INFO - Processing file /home/airflow/.local/lib/python3.8/site-packages/airflow/example_dags/example_external_task_marker_dag.py for tasks to queue
[2021-02-06 06:55:52,504] {logging_mixin.py:104} INFO - [2021-02-06 06:55:52,504] {dagbag.py:449} INFO - Filling up the DagBag from /home/airflow/.local/lib/python3.8/site-packages/airflow/example_dags/example_external_task_marker_dag.py
[2021-02-06 06:55:52,511] {scheduler_job.py:637} INFO - DAG(s) dict_keys(['example_external_task_marker_parent', 'example_external_task_marker_child']) retrieved from /home/airflow/.local/lib/python3.8/site-packages/airflow/example_dags/example_external_task_marker_dag.py
[2021-02-06 06:55:52,526] {logging_mixin.py:104} INFO - [2021-02-06 06:55:52,526] {dag.py:1818} INFO - Sync 2 DAGs
[2021-02-06 06:55:52,533] {logging_mixin.py:104} INFO - [2021-02-06 06:55:52,533] {dag.py:2273} INFO - Setting next_dagrun for example_external_task_marker_child to None
[2021-02-06 06:55:52,534] {logging_mixin.py:104} INFO - [2021-02-06 06:55:52,534] {dag.py:2273} INFO - Setting next_dagrun for example_external_task_marker_parent to None
[2021-02-06 06:55:52,538] {scheduler_job.py:189} INFO - Processing /home/airflow/.local/lib/python3.8/site-packages/airflow/example_dags/example_external_task_marker_dag.py took 0.038 seconds
