[2021-02-06 06:42:12,202] {scheduler_job.py:181} INFO - Started process (PID=57) to work on /home/airflow/.local/lib/python3.8/site-packages/airflow/example_dags/example_skip_dag.py
[2021-02-06 06:42:12,202] {scheduler_job.py:627} INFO - Processing file /home/airflow/.local/lib/python3.8/site-packages/airflow/example_dags/example_skip_dag.py for tasks to queue
[2021-02-06 06:42:12,203] {logging_mixin.py:104} INFO - [2021-02-06 06:42:12,203] {dagbag.py:449} INFO - Filling up the DagBag from /home/airflow/.local/lib/python3.8/site-packages/airflow/example_dags/example_skip_dag.py
[2021-02-06 06:42:12,210] {scheduler_job.py:637} INFO - DAG(s) dict_keys(['example_skip_dag']) retrieved from /home/airflow/.local/lib/python3.8/site-packages/airflow/example_dags/example_skip_dag.py
[2021-02-06 06:42:12,225] {logging_mixin.py:104} INFO - [2021-02-06 06:42:12,225] {dag.py:1818} INFO - Sync 1 DAGs
[2021-02-06 06:42:12,229] {logging_mixin.py:104} INFO - [2021-02-06 06:42:12,229] {dag.py:1837} INFO - Creating ORM DAG for example_skip_dag
[2021-02-06 06:42:12,232] {logging_mixin.py:104} INFO - [2021-02-06 06:42:12,232] {dag.py:2273} INFO - Setting next_dagrun for example_skip_dag to 2021-02-04 00:00:00+00:00
[2021-02-06 06:42:12,241] {scheduler_job.py:189} INFO - Processing /home/airflow/.local/lib/python3.8/site-packages/airflow/example_dags/example_skip_dag.py took 0.042 seconds
[2021-02-06 06:42:42,992] {scheduler_job.py:181} INFO - Started process (PID=83) to work on /home/airflow/.local/lib/python3.8/site-packages/airflow/example_dags/example_skip_dag.py
[2021-02-06 06:42:42,992] {scheduler_job.py:627} INFO - Processing file /home/airflow/.local/lib/python3.8/site-packages/airflow/example_dags/example_skip_dag.py for tasks to queue
[2021-02-06 06:42:42,993] {logging_mixin.py:104} INFO - [2021-02-06 06:42:42,993] {dagbag.py:449} INFO - Filling up the DagBag from /home/airflow/.local/lib/python3.8/site-packages/airflow/example_dags/example_skip_dag.py
[2021-02-06 06:42:42,998] {scheduler_job.py:637} INFO - DAG(s) dict_keys(['example_skip_dag']) retrieved from /home/airflow/.local/lib/python3.8/site-packages/airflow/example_dags/example_skip_dag.py
[2021-02-06 06:42:43,012] {logging_mixin.py:104} INFO - [2021-02-06 06:42:43,012] {dag.py:1818} INFO - Sync 1 DAGs
[2021-02-06 06:42:43,019] {logging_mixin.py:104} INFO - [2021-02-06 06:42:43,019] {dag.py:2273} INFO - Setting next_dagrun for example_skip_dag to 2021-02-04 00:00:00+00:00
[2021-02-06 06:42:43,023] {scheduler_job.py:189} INFO - Processing /home/airflow/.local/lib/python3.8/site-packages/airflow/example_dags/example_skip_dag.py took 0.034 seconds
[2021-02-06 06:43:13,779] {scheduler_job.py:181} INFO - Started process (PID=132) to work on /home/airflow/.local/lib/python3.8/site-packages/airflow/example_dags/example_skip_dag.py
[2021-02-06 06:43:13,780] {scheduler_job.py:627} INFO - Processing file /home/airflow/.local/lib/python3.8/site-packages/airflow/example_dags/example_skip_dag.py for tasks to queue
[2021-02-06 06:43:13,780] {logging_mixin.py:104} INFO - [2021-02-06 06:43:13,780] {dagbag.py:449} INFO - Filling up the DagBag from /home/airflow/.local/lib/python3.8/site-packages/airflow/example_dags/example_skip_dag.py
[2021-02-06 06:43:13,787] {scheduler_job.py:637} INFO - DAG(s) dict_keys(['example_skip_dag']) retrieved from /home/airflow/.local/lib/python3.8/site-packages/airflow/example_dags/example_skip_dag.py
[2021-02-06 06:43:13,803] {logging_mixin.py:104} INFO - [2021-02-06 06:43:13,803] {dag.py:1818} INFO - Sync 1 DAGs
[2021-02-06 06:43:13,809] {logging_mixin.py:104} INFO - [2021-02-06 06:43:13,809] {dag.py:2273} INFO - Setting next_dagrun for example_skip_dag to 2021-02-04 00:00:00+00:00
[2021-02-06 06:43:13,813] {scheduler_job.py:189} INFO - Processing /home/airflow/.local/lib/python3.8/site-packages/airflow/example_dags/example_skip_dag.py took 0.036 seconds
[2021-02-06 06:43:44,571] {scheduler_job.py:181} INFO - Started process (PID=158) to work on /home/airflow/.local/lib/python3.8/site-packages/airflow/example_dags/example_skip_dag.py
[2021-02-06 06:43:44,572] {scheduler_job.py:627} INFO - Processing file /home/airflow/.local/lib/python3.8/site-packages/airflow/example_dags/example_skip_dag.py for tasks to queue
[2021-02-06 06:43:44,572] {logging_mixin.py:104} INFO - [2021-02-06 06:43:44,572] {dagbag.py:449} INFO - Filling up the DagBag from /home/airflow/.local/lib/python3.8/site-packages/airflow/example_dags/example_skip_dag.py
[2021-02-06 06:43:44,578] {scheduler_job.py:637} INFO - DAG(s) dict_keys(['example_skip_dag']) retrieved from /home/airflow/.local/lib/python3.8/site-packages/airflow/example_dags/example_skip_dag.py
[2021-02-06 06:43:44,594] {logging_mixin.py:104} INFO - [2021-02-06 06:43:44,594] {dag.py:1818} INFO - Sync 1 DAGs
[2021-02-06 06:43:44,600] {logging_mixin.py:104} INFO - [2021-02-06 06:43:44,600] {dag.py:2273} INFO - Setting next_dagrun for example_skip_dag to 2021-02-04 00:00:00+00:00
[2021-02-06 06:43:44,607] {scheduler_job.py:189} INFO - Processing /home/airflow/.local/lib/python3.8/site-packages/airflow/example_dags/example_skip_dag.py took 0.038 seconds
[2021-02-06 06:49:43,375] {scheduler_job.py:181} INFO - Started process (PID=53) to work on /home/airflow/.local/lib/python3.8/site-packages/airflow/example_dags/example_skip_dag.py
[2021-02-06 06:49:43,376] {scheduler_job.py:627} INFO - Processing file /home/airflow/.local/lib/python3.8/site-packages/airflow/example_dags/example_skip_dag.py for tasks to queue
[2021-02-06 06:49:43,376] {logging_mixin.py:104} INFO - [2021-02-06 06:49:43,376] {dagbag.py:449} INFO - Filling up the DagBag from /home/airflow/.local/lib/python3.8/site-packages/airflow/example_dags/example_skip_dag.py
[2021-02-06 06:49:43,381] {scheduler_job.py:637} INFO - DAG(s) dict_keys(['example_skip_dag']) retrieved from /home/airflow/.local/lib/python3.8/site-packages/airflow/example_dags/example_skip_dag.py
[2021-02-06 06:49:43,399] {logging_mixin.py:104} INFO - [2021-02-06 06:49:43,399] {dag.py:1818} INFO - Sync 1 DAGs
[2021-02-06 06:49:43,406] {logging_mixin.py:104} INFO - [2021-02-06 06:49:43,406] {dag.py:2273} INFO - Setting next_dagrun for example_skip_dag to 2021-02-04 00:00:00+00:00
[2021-02-06 06:49:43,412] {scheduler_job.py:189} INFO - Processing /home/airflow/.local/lib/python3.8/site-packages/airflow/example_dags/example_skip_dag.py took 0.039 seconds
[2021-02-06 06:50:14,251] {scheduler_job.py:181} INFO - Started process (PID=79) to work on /home/airflow/.local/lib/python3.8/site-packages/airflow/example_dags/example_skip_dag.py
[2021-02-06 06:50:14,252] {scheduler_job.py:627} INFO - Processing file /home/airflow/.local/lib/python3.8/site-packages/airflow/example_dags/example_skip_dag.py for tasks to queue
[2021-02-06 06:50:14,252] {logging_mixin.py:104} INFO - [2021-02-06 06:50:14,252] {dagbag.py:449} INFO - Filling up the DagBag from /home/airflow/.local/lib/python3.8/site-packages/airflow/example_dags/example_skip_dag.py
[2021-02-06 06:50:14,260] {scheduler_job.py:637} INFO - DAG(s) dict_keys(['example_skip_dag']) retrieved from /home/airflow/.local/lib/python3.8/site-packages/airflow/example_dags/example_skip_dag.py
[2021-02-06 06:50:14,275] {logging_mixin.py:104} INFO - [2021-02-06 06:50:14,275] {dag.py:1818} INFO - Sync 1 DAGs
[2021-02-06 06:50:14,281] {logging_mixin.py:104} INFO - [2021-02-06 06:50:14,281] {dag.py:2273} INFO - Setting next_dagrun for example_skip_dag to 2021-02-04 00:00:00+00:00
[2021-02-06 06:50:14,286] {scheduler_job.py:189} INFO - Processing /home/airflow/.local/lib/python3.8/site-packages/airflow/example_dags/example_skip_dag.py took 0.037 seconds
[2021-02-06 06:50:45,011] {scheduler_job.py:181} INFO - Started process (PID=105) to work on /home/airflow/.local/lib/python3.8/site-packages/airflow/example_dags/example_skip_dag.py
[2021-02-06 06:50:45,012] {scheduler_job.py:627} INFO - Processing file /home/airflow/.local/lib/python3.8/site-packages/airflow/example_dags/example_skip_dag.py for tasks to queue
[2021-02-06 06:50:45,012] {logging_mixin.py:104} INFO - [2021-02-06 06:50:45,012] {dagbag.py:449} INFO - Filling up the DagBag from /home/airflow/.local/lib/python3.8/site-packages/airflow/example_dags/example_skip_dag.py
[2021-02-06 06:50:45,020] {scheduler_job.py:637} INFO - DAG(s) dict_keys(['example_skip_dag']) retrieved from /home/airflow/.local/lib/python3.8/site-packages/airflow/example_dags/example_skip_dag.py
[2021-02-06 06:50:45,034] {logging_mixin.py:104} INFO - [2021-02-06 06:50:45,034] {dag.py:1818} INFO - Sync 1 DAGs
[2021-02-06 06:50:45,041] {logging_mixin.py:104} INFO - [2021-02-06 06:50:45,041] {dag.py:2273} INFO - Setting next_dagrun for example_skip_dag to 2021-02-04 00:00:00+00:00
[2021-02-06 06:50:45,045] {scheduler_job.py:189} INFO - Processing /home/airflow/.local/lib/python3.8/site-packages/airflow/example_dags/example_skip_dag.py took 0.036 seconds
[2021-02-06 06:51:15,740] {scheduler_job.py:181} INFO - Started process (PID=131) to work on /home/airflow/.local/lib/python3.8/site-packages/airflow/example_dags/example_skip_dag.py
[2021-02-06 06:51:15,741] {scheduler_job.py:627} INFO - Processing file /home/airflow/.local/lib/python3.8/site-packages/airflow/example_dags/example_skip_dag.py for tasks to queue
[2021-02-06 06:51:15,741] {logging_mixin.py:104} INFO - [2021-02-06 06:51:15,741] {dagbag.py:449} INFO - Filling up the DagBag from /home/airflow/.local/lib/python3.8/site-packages/airflow/example_dags/example_skip_dag.py
[2021-02-06 06:51:15,748] {scheduler_job.py:637} INFO - DAG(s) dict_keys(['example_skip_dag']) retrieved from /home/airflow/.local/lib/python3.8/site-packages/airflow/example_dags/example_skip_dag.py
[2021-02-06 06:51:15,760] {logging_mixin.py:104} INFO - [2021-02-06 06:51:15,760] {dag.py:1818} INFO - Sync 1 DAGs
[2021-02-06 06:51:15,768] {logging_mixin.py:104} INFO - [2021-02-06 06:51:15,768] {dag.py:2273} INFO - Setting next_dagrun for example_skip_dag to 2021-02-04 00:00:00+00:00
[2021-02-06 06:51:15,773] {scheduler_job.py:189} INFO - Processing /home/airflow/.local/lib/python3.8/site-packages/airflow/example_dags/example_skip_dag.py took 0.035 seconds
[2021-02-06 06:51:46,411] {scheduler_job.py:181} INFO - Started process (PID=166) to work on /home/airflow/.local/lib/python3.8/site-packages/airflow/example_dags/example_skip_dag.py
[2021-02-06 06:51:46,412] {scheduler_job.py:627} INFO - Processing file /home/airflow/.local/lib/python3.8/site-packages/airflow/example_dags/example_skip_dag.py for tasks to queue
[2021-02-06 06:51:46,412] {logging_mixin.py:104} INFO - [2021-02-06 06:51:46,412] {dagbag.py:449} INFO - Filling up the DagBag from /home/airflow/.local/lib/python3.8/site-packages/airflow/example_dags/example_skip_dag.py
[2021-02-06 06:51:46,420] {scheduler_job.py:637} INFO - DAG(s) dict_keys(['example_skip_dag']) retrieved from /home/airflow/.local/lib/python3.8/site-packages/airflow/example_dags/example_skip_dag.py
[2021-02-06 06:51:46,434] {logging_mixin.py:104} INFO - [2021-02-06 06:51:46,434] {dag.py:1818} INFO - Sync 1 DAGs
[2021-02-06 06:51:46,440] {logging_mixin.py:104} INFO - [2021-02-06 06:51:46,440] {dag.py:2273} INFO - Setting next_dagrun for example_skip_dag to 2021-02-04 00:00:00+00:00
[2021-02-06 06:51:46,444] {scheduler_job.py:189} INFO - Processing /home/airflow/.local/lib/python3.8/site-packages/airflow/example_dags/example_skip_dag.py took 0.035 seconds
[2021-02-06 06:52:17,118] {scheduler_job.py:181} INFO - Started process (PID=194) to work on /home/airflow/.local/lib/python3.8/site-packages/airflow/example_dags/example_skip_dag.py
[2021-02-06 06:52:17,121] {scheduler_job.py:627} INFO - Processing file /home/airflow/.local/lib/python3.8/site-packages/airflow/example_dags/example_skip_dag.py for tasks to queue
[2021-02-06 06:52:17,122] {logging_mixin.py:104} INFO - [2021-02-06 06:52:17,122] {dagbag.py:449} INFO - Filling up the DagBag from /home/airflow/.local/lib/python3.8/site-packages/airflow/example_dags/example_skip_dag.py
[2021-02-06 06:52:17,126] {scheduler_job.py:637} INFO - DAG(s) dict_keys(['example_skip_dag']) retrieved from /home/airflow/.local/lib/python3.8/site-packages/airflow/example_dags/example_skip_dag.py
[2021-02-06 06:52:17,139] {logging_mixin.py:104} INFO - [2021-02-06 06:52:17,139] {dag.py:1818} INFO - Sync 1 DAGs
[2021-02-06 06:52:17,147] {logging_mixin.py:104} INFO - [2021-02-06 06:52:17,147] {dag.py:2273} INFO - Setting next_dagrun for example_skip_dag to 2021-02-04 00:00:00+00:00
[2021-02-06 06:52:17,154] {scheduler_job.py:189} INFO - Processing /home/airflow/.local/lib/python3.8/site-packages/airflow/example_dags/example_skip_dag.py took 0.038 seconds
[2021-02-06 06:52:47,871] {scheduler_job.py:181} INFO - Started process (PID=220) to work on /home/airflow/.local/lib/python3.8/site-packages/airflow/example_dags/example_skip_dag.py
[2021-02-06 06:52:47,871] {scheduler_job.py:627} INFO - Processing file /home/airflow/.local/lib/python3.8/site-packages/airflow/example_dags/example_skip_dag.py for tasks to queue
[2021-02-06 06:52:47,872] {logging_mixin.py:104} INFO - [2021-02-06 06:52:47,872] {dagbag.py:449} INFO - Filling up the DagBag from /home/airflow/.local/lib/python3.8/site-packages/airflow/example_dags/example_skip_dag.py
[2021-02-06 06:52:47,877] {scheduler_job.py:637} INFO - DAG(s) dict_keys(['example_skip_dag']) retrieved from /home/airflow/.local/lib/python3.8/site-packages/airflow/example_dags/example_skip_dag.py
[2021-02-06 06:52:47,891] {logging_mixin.py:104} INFO - [2021-02-06 06:52:47,891] {dag.py:1818} INFO - Sync 1 DAGs
[2021-02-06 06:52:47,900] {logging_mixin.py:104} INFO - [2021-02-06 06:52:47,900] {dag.py:2273} INFO - Setting next_dagrun for example_skip_dag to 2021-02-04 00:00:00+00:00
[2021-02-06 06:52:47,904] {scheduler_job.py:189} INFO - Processing /home/airflow/.local/lib/python3.8/site-packages/airflow/example_dags/example_skip_dag.py took 0.034 seconds
[2021-02-06 06:53:18,614] {scheduler_job.py:181} INFO - Started process (PID=246) to work on /home/airflow/.local/lib/python3.8/site-packages/airflow/example_dags/example_skip_dag.py
[2021-02-06 06:53:18,614] {scheduler_job.py:627} INFO - Processing file /home/airflow/.local/lib/python3.8/site-packages/airflow/example_dags/example_skip_dag.py for tasks to queue
[2021-02-06 06:53:18,615] {logging_mixin.py:104} INFO - [2021-02-06 06:53:18,615] {dagbag.py:449} INFO - Filling up the DagBag from /home/airflow/.local/lib/python3.8/site-packages/airflow/example_dags/example_skip_dag.py
[2021-02-06 06:53:18,622] {scheduler_job.py:637} INFO - DAG(s) dict_keys(['example_skip_dag']) retrieved from /home/airflow/.local/lib/python3.8/site-packages/airflow/example_dags/example_skip_dag.py
[2021-02-06 06:53:18,637] {logging_mixin.py:104} INFO - [2021-02-06 06:53:18,637] {dag.py:1818} INFO - Sync 1 DAGs
[2021-02-06 06:53:18,644] {logging_mixin.py:104} INFO - [2021-02-06 06:53:18,644] {dag.py:2273} INFO - Setting next_dagrun for example_skip_dag to 2021-02-04 00:00:00+00:00
[2021-02-06 06:53:18,650] {scheduler_job.py:189} INFO - Processing /home/airflow/.local/lib/python3.8/site-packages/airflow/example_dags/example_skip_dag.py took 0.038 seconds
[2021-02-06 06:53:49,322] {scheduler_job.py:181} INFO - Started process (PID=272) to work on /home/airflow/.local/lib/python3.8/site-packages/airflow/example_dags/example_skip_dag.py
[2021-02-06 06:53:49,322] {scheduler_job.py:627} INFO - Processing file /home/airflow/.local/lib/python3.8/site-packages/airflow/example_dags/example_skip_dag.py for tasks to queue
[2021-02-06 06:53:49,323] {logging_mixin.py:104} INFO - [2021-02-06 06:53:49,323] {dagbag.py:449} INFO - Filling up the DagBag from /home/airflow/.local/lib/python3.8/site-packages/airflow/example_dags/example_skip_dag.py
[2021-02-06 06:53:49,329] {scheduler_job.py:637} INFO - DAG(s) dict_keys(['example_skip_dag']) retrieved from /home/airflow/.local/lib/python3.8/site-packages/airflow/example_dags/example_skip_dag.py
[2021-02-06 06:53:49,343] {logging_mixin.py:104} INFO - [2021-02-06 06:53:49,343] {dag.py:1818} INFO - Sync 1 DAGs
[2021-02-06 06:53:49,350] {logging_mixin.py:104} INFO - [2021-02-06 06:53:49,350] {dag.py:2273} INFO - Setting next_dagrun for example_skip_dag to 2021-02-04 00:00:00+00:00
[2021-02-06 06:53:49,356] {scheduler_job.py:189} INFO - Processing /home/airflow/.local/lib/python3.8/site-packages/airflow/example_dags/example_skip_dag.py took 0.036 seconds
[2021-02-06 06:54:20,075] {scheduler_job.py:181} INFO - Started process (PID=298) to work on /home/airflow/.local/lib/python3.8/site-packages/airflow/example_dags/example_skip_dag.py
[2021-02-06 06:54:20,075] {scheduler_job.py:627} INFO - Processing file /home/airflow/.local/lib/python3.8/site-packages/airflow/example_dags/example_skip_dag.py for tasks to queue
[2021-02-06 06:54:20,076] {logging_mixin.py:104} INFO - [2021-02-06 06:54:20,076] {dagbag.py:449} INFO - Filling up the DagBag from /home/airflow/.local/lib/python3.8/site-packages/airflow/example_dags/example_skip_dag.py
[2021-02-06 06:54:20,082] {scheduler_job.py:637} INFO - DAG(s) dict_keys(['example_skip_dag']) retrieved from /home/airflow/.local/lib/python3.8/site-packages/airflow/example_dags/example_skip_dag.py
[2021-02-06 06:54:20,096] {logging_mixin.py:104} INFO - [2021-02-06 06:54:20,096] {dag.py:1818} INFO - Sync 1 DAGs
[2021-02-06 06:54:20,103] {logging_mixin.py:104} INFO - [2021-02-06 06:54:20,103] {dag.py:2273} INFO - Setting next_dagrun for example_skip_dag to 2021-02-04 00:00:00+00:00
[2021-02-06 06:54:20,110] {scheduler_job.py:189} INFO - Processing /home/airflow/.local/lib/python3.8/site-packages/airflow/example_dags/example_skip_dag.py took 0.037 seconds
[2021-02-06 06:54:50,814] {scheduler_job.py:181} INFO - Started process (PID=324) to work on /home/airflow/.local/lib/python3.8/site-packages/airflow/example_dags/example_skip_dag.py
[2021-02-06 06:54:50,814] {scheduler_job.py:627} INFO - Processing file /home/airflow/.local/lib/python3.8/site-packages/airflow/example_dags/example_skip_dag.py for tasks to queue
[2021-02-06 06:54:50,815] {logging_mixin.py:104} INFO - [2021-02-06 06:54:50,815] {dagbag.py:449} INFO - Filling up the DagBag from /home/airflow/.local/lib/python3.8/site-packages/airflow/example_dags/example_skip_dag.py
[2021-02-06 06:54:50,822] {scheduler_job.py:637} INFO - DAG(s) dict_keys(['example_skip_dag']) retrieved from /home/airflow/.local/lib/python3.8/site-packages/airflow/example_dags/example_skip_dag.py
[2021-02-06 06:54:50,835] {logging_mixin.py:104} INFO - [2021-02-06 06:54:50,835] {dag.py:1818} INFO - Sync 1 DAGs
[2021-02-06 06:54:50,842] {logging_mixin.py:104} INFO - [2021-02-06 06:54:50,842] {dag.py:2273} INFO - Setting next_dagrun for example_skip_dag to 2021-02-04 00:00:00+00:00
[2021-02-06 06:54:50,849] {scheduler_job.py:189} INFO - Processing /home/airflow/.local/lib/python3.8/site-packages/airflow/example_dags/example_skip_dag.py took 0.038 seconds
[2021-02-06 06:55:21,554] {scheduler_job.py:181} INFO - Started process (PID=350) to work on /home/airflow/.local/lib/python3.8/site-packages/airflow/example_dags/example_skip_dag.py
[2021-02-06 06:55:21,555] {scheduler_job.py:627} INFO - Processing file /home/airflow/.local/lib/python3.8/site-packages/airflow/example_dags/example_skip_dag.py for tasks to queue
[2021-02-06 06:55:21,555] {logging_mixin.py:104} INFO - [2021-02-06 06:55:21,555] {dagbag.py:449} INFO - Filling up the DagBag from /home/airflow/.local/lib/python3.8/site-packages/airflow/example_dags/example_skip_dag.py
[2021-02-06 06:55:21,560] {scheduler_job.py:637} INFO - DAG(s) dict_keys(['example_skip_dag']) retrieved from /home/airflow/.local/lib/python3.8/site-packages/airflow/example_dags/example_skip_dag.py
[2021-02-06 06:55:21,572] {logging_mixin.py:104} INFO - [2021-02-06 06:55:21,572] {dag.py:1818} INFO - Sync 1 DAGs
[2021-02-06 06:55:21,579] {logging_mixin.py:104} INFO - [2021-02-06 06:55:21,579] {dag.py:2273} INFO - Setting next_dagrun for example_skip_dag to 2021-02-04 00:00:00+00:00
[2021-02-06 06:55:21,585] {scheduler_job.py:189} INFO - Processing /home/airflow/.local/lib/python3.8/site-packages/airflow/example_dags/example_skip_dag.py took 0.033 seconds
[2021-02-06 06:55:52,271] {scheduler_job.py:181} INFO - Started process (PID=376) to work on /home/airflow/.local/lib/python3.8/site-packages/airflow/example_dags/example_skip_dag.py
[2021-02-06 06:55:52,272] {scheduler_job.py:627} INFO - Processing file /home/airflow/.local/lib/python3.8/site-packages/airflow/example_dags/example_skip_dag.py for tasks to queue
[2021-02-06 06:55:52,272] {logging_mixin.py:104} INFO - [2021-02-06 06:55:52,272] {dagbag.py:449} INFO - Filling up the DagBag from /home/airflow/.local/lib/python3.8/site-packages/airflow/example_dags/example_skip_dag.py
[2021-02-06 06:55:52,278] {scheduler_job.py:637} INFO - DAG(s) dict_keys(['example_skip_dag']) retrieved from /home/airflow/.local/lib/python3.8/site-packages/airflow/example_dags/example_skip_dag.py
[2021-02-06 06:55:52,294] {logging_mixin.py:104} INFO - [2021-02-06 06:55:52,294] {dag.py:1818} INFO - Sync 1 DAGs
[2021-02-06 06:55:52,300] {logging_mixin.py:104} INFO - [2021-02-06 06:55:52,300] {dag.py:2273} INFO - Setting next_dagrun for example_skip_dag to 2021-02-04 00:00:00+00:00
[2021-02-06 06:55:52,306] {scheduler_job.py:189} INFO - Processing /home/airflow/.local/lib/python3.8/site-packages/airflow/example_dags/example_skip_dag.py took 0.037 seconds
