[2021-02-06 12:55:42,395] {scheduler_job.py:181} INFO - Started process (PID=57) to work on /home/airflow/.local/lib/python3.8/site-packages/airflow/example_dags/example_branch_python_dop_operator_3.py
[2021-02-06 12:55:42,396] {scheduler_job.py:627} INFO - Processing file /home/airflow/.local/lib/python3.8/site-packages/airflow/example_dags/example_branch_python_dop_operator_3.py for tasks to queue
[2021-02-06 12:55:42,396] {logging_mixin.py:104} INFO - [2021-02-06 12:55:42,396] {dagbag.py:449} INFO - Filling up the DagBag from /home/airflow/.local/lib/python3.8/site-packages/airflow/example_dags/example_branch_python_dop_operator_3.py
[2021-02-06 12:55:42,407] {scheduler_job.py:637} INFO - DAG(s) dict_keys(['example_branch_dop_operator_v3']) retrieved from /home/airflow/.local/lib/python3.8/site-packages/airflow/example_dags/example_branch_python_dop_operator_3.py
[2021-02-06 12:55:42,432] {logging_mixin.py:104} INFO - [2021-02-06 12:55:42,432] {dag.py:1818} INFO - Sync 1 DAGs
[2021-02-06 12:55:42,438] {logging_mixin.py:104} INFO - [2021-02-06 12:55:42,438] {dag.py:1837} INFO - Creating ORM DAG for example_branch_dop_operator_v3
[2021-02-06 12:55:42,453] {logging_mixin.py:104} INFO - [2021-02-06 12:55:42,453] {dag.py:2273} INFO - Setting next_dagrun for example_branch_dop_operator_v3 to 2021-02-04 00:00:00+00:00
[2021-02-06 12:55:42,465] {scheduler_job.py:189} INFO - Processing /home/airflow/.local/lib/python3.8/site-packages/airflow/example_dags/example_branch_python_dop_operator_3.py took 0.073 seconds
[2021-02-06 12:56:13,229] {scheduler_job.py:181} INFO - Started process (PID=83) to work on /home/airflow/.local/lib/python3.8/site-packages/airflow/example_dags/example_branch_python_dop_operator_3.py
[2021-02-06 12:56:13,230] {scheduler_job.py:627} INFO - Processing file /home/airflow/.local/lib/python3.8/site-packages/airflow/example_dags/example_branch_python_dop_operator_3.py for tasks to queue
[2021-02-06 12:56:13,230] {logging_mixin.py:104} INFO - [2021-02-06 12:56:13,230] {dagbag.py:449} INFO - Filling up the DagBag from /home/airflow/.local/lib/python3.8/site-packages/airflow/example_dags/example_branch_python_dop_operator_3.py
[2021-02-06 12:56:13,238] {scheduler_job.py:637} INFO - DAG(s) dict_keys(['example_branch_dop_operator_v3']) retrieved from /home/airflow/.local/lib/python3.8/site-packages/airflow/example_dags/example_branch_python_dop_operator_3.py
[2021-02-06 12:56:13,252] {logging_mixin.py:104} INFO - [2021-02-06 12:56:13,252] {dag.py:1818} INFO - Sync 1 DAGs
[2021-02-06 12:56:13,269] {logging_mixin.py:104} INFO - [2021-02-06 12:56:13,269] {dag.py:2273} INFO - Setting next_dagrun for example_branch_dop_operator_v3 to 2021-02-04 00:00:00+00:00
[2021-02-06 12:56:13,277] {scheduler_job.py:189} INFO - Processing /home/airflow/.local/lib/python3.8/site-packages/airflow/example_dags/example_branch_python_dop_operator_3.py took 0.050 seconds
[2021-02-06 12:56:43,916] {scheduler_job.py:181} INFO - Started process (PID=109) to work on /home/airflow/.local/lib/python3.8/site-packages/airflow/example_dags/example_branch_python_dop_operator_3.py
[2021-02-06 12:56:43,917] {scheduler_job.py:627} INFO - Processing file /home/airflow/.local/lib/python3.8/site-packages/airflow/example_dags/example_branch_python_dop_operator_3.py for tasks to queue
[2021-02-06 12:56:43,917] {logging_mixin.py:104} INFO - [2021-02-06 12:56:43,917] {dagbag.py:449} INFO - Filling up the DagBag from /home/airflow/.local/lib/python3.8/site-packages/airflow/example_dags/example_branch_python_dop_operator_3.py
[2021-02-06 12:56:43,926] {scheduler_job.py:637} INFO - DAG(s) dict_keys(['example_branch_dop_operator_v3']) retrieved from /home/airflow/.local/lib/python3.8/site-packages/airflow/example_dags/example_branch_python_dop_operator_3.py
[2021-02-06 12:56:43,942] {logging_mixin.py:104} INFO - [2021-02-06 12:56:43,942] {dag.py:1818} INFO - Sync 1 DAGs
[2021-02-06 12:56:43,960] {logging_mixin.py:104} INFO - [2021-02-06 12:56:43,960] {dag.py:2273} INFO - Setting next_dagrun for example_branch_dop_operator_v3 to 2021-02-04 00:00:00+00:00
[2021-02-06 12:56:43,968] {scheduler_job.py:189} INFO - Processing /home/airflow/.local/lib/python3.8/site-packages/airflow/example_dags/example_branch_python_dop_operator_3.py took 0.055 seconds
[2021-02-06 12:57:14,700] {scheduler_job.py:181} INFO - Started process (PID=135) to work on /home/airflow/.local/lib/python3.8/site-packages/airflow/example_dags/example_branch_python_dop_operator_3.py
[2021-02-06 12:57:14,701] {scheduler_job.py:627} INFO - Processing file /home/airflow/.local/lib/python3.8/site-packages/airflow/example_dags/example_branch_python_dop_operator_3.py for tasks to queue
[2021-02-06 12:57:14,702] {logging_mixin.py:104} INFO - [2021-02-06 12:57:14,702] {dagbag.py:449} INFO - Filling up the DagBag from /home/airflow/.local/lib/python3.8/site-packages/airflow/example_dags/example_branch_python_dop_operator_3.py
[2021-02-06 12:57:14,710] {scheduler_job.py:637} INFO - DAG(s) dict_keys(['example_branch_dop_operator_v3']) retrieved from /home/airflow/.local/lib/python3.8/site-packages/airflow/example_dags/example_branch_python_dop_operator_3.py
[2021-02-06 12:57:14,725] {logging_mixin.py:104} INFO - [2021-02-06 12:57:14,725] {dag.py:1818} INFO - Sync 1 DAGs
[2021-02-06 12:57:14,742] {logging_mixin.py:104} INFO - [2021-02-06 12:57:14,742] {dag.py:2273} INFO - Setting next_dagrun for example_branch_dop_operator_v3 to 2021-02-04 00:00:00+00:00
[2021-02-06 12:57:14,750] {scheduler_job.py:189} INFO - Processing /home/airflow/.local/lib/python3.8/site-packages/airflow/example_dags/example_branch_python_dop_operator_3.py took 0.051 seconds
[2021-02-06 12:57:45,415] {scheduler_job.py:181} INFO - Started process (PID=161) to work on /home/airflow/.local/lib/python3.8/site-packages/airflow/example_dags/example_branch_python_dop_operator_3.py
[2021-02-06 12:57:45,416] {scheduler_job.py:627} INFO - Processing file /home/airflow/.local/lib/python3.8/site-packages/airflow/example_dags/example_branch_python_dop_operator_3.py for tasks to queue
[2021-02-06 12:57:45,416] {logging_mixin.py:104} INFO - [2021-02-06 12:57:45,416] {dagbag.py:449} INFO - Filling up the DagBag from /home/airflow/.local/lib/python3.8/site-packages/airflow/example_dags/example_branch_python_dop_operator_3.py
[2021-02-06 12:57:45,424] {scheduler_job.py:637} INFO - DAG(s) dict_keys(['example_branch_dop_operator_v3']) retrieved from /home/airflow/.local/lib/python3.8/site-packages/airflow/example_dags/example_branch_python_dop_operator_3.py
[2021-02-06 12:57:45,438] {logging_mixin.py:104} INFO - [2021-02-06 12:57:45,438] {dag.py:1818} INFO - Sync 1 DAGs
[2021-02-06 12:57:45,455] {logging_mixin.py:104} INFO - [2021-02-06 12:57:45,455] {dag.py:2273} INFO - Setting next_dagrun for example_branch_dop_operator_v3 to 2021-02-04 00:00:00+00:00
[2021-02-06 12:57:45,462] {scheduler_job.py:189} INFO - Processing /home/airflow/.local/lib/python3.8/site-packages/airflow/example_dags/example_branch_python_dop_operator_3.py took 0.049 seconds
[2021-02-06 12:58:16,122] {scheduler_job.py:181} INFO - Started process (PID=187) to work on /home/airflow/.local/lib/python3.8/site-packages/airflow/example_dags/example_branch_python_dop_operator_3.py
[2021-02-06 12:58:16,123] {scheduler_job.py:627} INFO - Processing file /home/airflow/.local/lib/python3.8/site-packages/airflow/example_dags/example_branch_python_dop_operator_3.py for tasks to queue
[2021-02-06 12:58:16,124] {logging_mixin.py:104} INFO - [2021-02-06 12:58:16,124] {dagbag.py:449} INFO - Filling up the DagBag from /home/airflow/.local/lib/python3.8/site-packages/airflow/example_dags/example_branch_python_dop_operator_3.py
[2021-02-06 12:58:16,131] {scheduler_job.py:637} INFO - DAG(s) dict_keys(['example_branch_dop_operator_v3']) retrieved from /home/airflow/.local/lib/python3.8/site-packages/airflow/example_dags/example_branch_python_dop_operator_3.py
[2021-02-06 12:58:16,146] {logging_mixin.py:104} INFO - [2021-02-06 12:58:16,146] {dag.py:1818} INFO - Sync 1 DAGs
[2021-02-06 12:58:16,163] {logging_mixin.py:104} INFO - [2021-02-06 12:58:16,163] {dag.py:2273} INFO - Setting next_dagrun for example_branch_dop_operator_v3 to 2021-02-04 00:00:00+00:00
[2021-02-06 12:58:16,172] {scheduler_job.py:189} INFO - Processing /home/airflow/.local/lib/python3.8/site-packages/airflow/example_dags/example_branch_python_dop_operator_3.py took 0.051 seconds
[2021-02-06 12:58:46,817] {scheduler_job.py:181} INFO - Started process (PID=213) to work on /home/airflow/.local/lib/python3.8/site-packages/airflow/example_dags/example_branch_python_dop_operator_3.py
[2021-02-06 12:58:46,818] {scheduler_job.py:627} INFO - Processing file /home/airflow/.local/lib/python3.8/site-packages/airflow/example_dags/example_branch_python_dop_operator_3.py for tasks to queue
[2021-02-06 12:58:46,819] {logging_mixin.py:104} INFO - [2021-02-06 12:58:46,818] {dagbag.py:449} INFO - Filling up the DagBag from /home/airflow/.local/lib/python3.8/site-packages/airflow/example_dags/example_branch_python_dop_operator_3.py
[2021-02-06 12:58:46,827] {scheduler_job.py:637} INFO - DAG(s) dict_keys(['example_branch_dop_operator_v3']) retrieved from /home/airflow/.local/lib/python3.8/site-packages/airflow/example_dags/example_branch_python_dop_operator_3.py
[2021-02-06 12:58:46,840] {logging_mixin.py:104} INFO - [2021-02-06 12:58:46,840] {dag.py:1818} INFO - Sync 1 DAGs
[2021-02-06 12:58:46,857] {logging_mixin.py:104} INFO - [2021-02-06 12:58:46,857] {dag.py:2273} INFO - Setting next_dagrun for example_branch_dop_operator_v3 to 2021-02-04 00:00:00+00:00
[2021-02-06 12:58:46,866] {scheduler_job.py:189} INFO - Processing /home/airflow/.local/lib/python3.8/site-packages/airflow/example_dags/example_branch_python_dop_operator_3.py took 0.050 seconds
[2021-02-06 12:59:17,526] {scheduler_job.py:181} INFO - Started process (PID=239) to work on /home/airflow/.local/lib/python3.8/site-packages/airflow/example_dags/example_branch_python_dop_operator_3.py
[2021-02-06 12:59:17,527] {scheduler_job.py:627} INFO - Processing file /home/airflow/.local/lib/python3.8/site-packages/airflow/example_dags/example_branch_python_dop_operator_3.py for tasks to queue
[2021-02-06 12:59:17,528] {logging_mixin.py:104} INFO - [2021-02-06 12:59:17,527] {dagbag.py:449} INFO - Filling up the DagBag from /home/airflow/.local/lib/python3.8/site-packages/airflow/example_dags/example_branch_python_dop_operator_3.py
[2021-02-06 12:59:17,537] {scheduler_job.py:637} INFO - DAG(s) dict_keys(['example_branch_dop_operator_v3']) retrieved from /home/airflow/.local/lib/python3.8/site-packages/airflow/example_dags/example_branch_python_dop_operator_3.py
[2021-02-06 12:59:17,550] {logging_mixin.py:104} INFO - [2021-02-06 12:59:17,550] {dag.py:1818} INFO - Sync 1 DAGs
[2021-02-06 12:59:17,567] {logging_mixin.py:104} INFO - [2021-02-06 12:59:17,567] {dag.py:2273} INFO - Setting next_dagrun for example_branch_dop_operator_v3 to 2021-02-04 00:00:00+00:00
[2021-02-06 12:59:17,576] {scheduler_job.py:189} INFO - Processing /home/airflow/.local/lib/python3.8/site-packages/airflow/example_dags/example_branch_python_dop_operator_3.py took 0.051 seconds
[2021-02-06 12:59:48,248] {scheduler_job.py:181} INFO - Started process (PID=265) to work on /home/airflow/.local/lib/python3.8/site-packages/airflow/example_dags/example_branch_python_dop_operator_3.py
[2021-02-06 12:59:48,249] {scheduler_job.py:627} INFO - Processing file /home/airflow/.local/lib/python3.8/site-packages/airflow/example_dags/example_branch_python_dop_operator_3.py for tasks to queue
[2021-02-06 12:59:48,250] {logging_mixin.py:104} INFO - [2021-02-06 12:59:48,250] {dagbag.py:449} INFO - Filling up the DagBag from /home/airflow/.local/lib/python3.8/site-packages/airflow/example_dags/example_branch_python_dop_operator_3.py
[2021-02-06 12:59:48,259] {scheduler_job.py:637} INFO - DAG(s) dict_keys(['example_branch_dop_operator_v3']) retrieved from /home/airflow/.local/lib/python3.8/site-packages/airflow/example_dags/example_branch_python_dop_operator_3.py
[2021-02-06 12:59:48,272] {logging_mixin.py:104} INFO - [2021-02-06 12:59:48,272] {dag.py:1818} INFO - Sync 1 DAGs
[2021-02-06 12:59:48,289] {logging_mixin.py:104} INFO - [2021-02-06 12:59:48,289] {dag.py:2273} INFO - Setting next_dagrun for example_branch_dop_operator_v3 to 2021-02-04 00:00:00+00:00
[2021-02-06 12:59:48,296] {scheduler_job.py:189} INFO - Processing /home/airflow/.local/lib/python3.8/site-packages/airflow/example_dags/example_branch_python_dop_operator_3.py took 0.050 seconds
[2021-02-06 13:00:19,267] {scheduler_job.py:181} INFO - Started process (PID=291) to work on /home/airflow/.local/lib/python3.8/site-packages/airflow/example_dags/example_branch_python_dop_operator_3.py
[2021-02-06 13:00:19,268] {scheduler_job.py:627} INFO - Processing file /home/airflow/.local/lib/python3.8/site-packages/airflow/example_dags/example_branch_python_dop_operator_3.py for tasks to queue
[2021-02-06 13:00:19,269] {logging_mixin.py:104} INFO - [2021-02-06 13:00:19,269] {dagbag.py:449} INFO - Filling up the DagBag from /home/airflow/.local/lib/python3.8/site-packages/airflow/example_dags/example_branch_python_dop_operator_3.py
[2021-02-06 13:00:19,279] {scheduler_job.py:637} INFO - DAG(s) dict_keys(['example_branch_dop_operator_v3']) retrieved from /home/airflow/.local/lib/python3.8/site-packages/airflow/example_dags/example_branch_python_dop_operator_3.py
[2021-02-06 13:00:19,293] {logging_mixin.py:104} INFO - [2021-02-06 13:00:19,293] {dag.py:1818} INFO - Sync 1 DAGs
[2021-02-06 13:00:19,313] {logging_mixin.py:104} INFO - [2021-02-06 13:00:19,313] {dag.py:2273} INFO - Setting next_dagrun for example_branch_dop_operator_v3 to 2021-02-04 00:00:00+00:00
[2021-02-06 13:00:19,324] {scheduler_job.py:189} INFO - Processing /home/airflow/.local/lib/python3.8/site-packages/airflow/example_dags/example_branch_python_dop_operator_3.py took 0.059 seconds
[2021-02-06 13:00:50,115] {scheduler_job.py:181} INFO - Started process (PID=317) to work on /home/airflow/.local/lib/python3.8/site-packages/airflow/example_dags/example_branch_python_dop_operator_3.py
[2021-02-06 13:00:50,115] {scheduler_job.py:627} INFO - Processing file /home/airflow/.local/lib/python3.8/site-packages/airflow/example_dags/example_branch_python_dop_operator_3.py for tasks to queue
[2021-02-06 13:00:50,116] {logging_mixin.py:104} INFO - [2021-02-06 13:00:50,116] {dagbag.py:449} INFO - Filling up the DagBag from /home/airflow/.local/lib/python3.8/site-packages/airflow/example_dags/example_branch_python_dop_operator_3.py
[2021-02-06 13:00:50,123] {scheduler_job.py:637} INFO - DAG(s) dict_keys(['example_branch_dop_operator_v3']) retrieved from /home/airflow/.local/lib/python3.8/site-packages/airflow/example_dags/example_branch_python_dop_operator_3.py
[2021-02-06 13:00:50,138] {logging_mixin.py:104} INFO - [2021-02-06 13:00:50,137] {dag.py:1818} INFO - Sync 1 DAGs
[2021-02-06 13:00:50,155] {logging_mixin.py:104} INFO - [2021-02-06 13:00:50,155] {dag.py:2273} INFO - Setting next_dagrun for example_branch_dop_operator_v3 to 2021-02-04 00:00:00+00:00
[2021-02-06 13:00:50,165] {scheduler_job.py:189} INFO - Processing /home/airflow/.local/lib/python3.8/site-packages/airflow/example_dags/example_branch_python_dop_operator_3.py took 0.052 seconds
[2021-02-06 13:01:20,841] {scheduler_job.py:181} INFO - Started process (PID=343) to work on /home/airflow/.local/lib/python3.8/site-packages/airflow/example_dags/example_branch_python_dop_operator_3.py
[2021-02-06 13:01:20,842] {scheduler_job.py:627} INFO - Processing file /home/airflow/.local/lib/python3.8/site-packages/airflow/example_dags/example_branch_python_dop_operator_3.py for tasks to queue
[2021-02-06 13:01:20,843] {logging_mixin.py:104} INFO - [2021-02-06 13:01:20,843] {dagbag.py:449} INFO - Filling up the DagBag from /home/airflow/.local/lib/python3.8/site-packages/airflow/example_dags/example_branch_python_dop_operator_3.py
[2021-02-06 13:01:20,850] {scheduler_job.py:637} INFO - DAG(s) dict_keys(['example_branch_dop_operator_v3']) retrieved from /home/airflow/.local/lib/python3.8/site-packages/airflow/example_dags/example_branch_python_dop_operator_3.py
[2021-02-06 13:01:20,862] {logging_mixin.py:104} INFO - [2021-02-06 13:01:20,861] {dag.py:1818} INFO - Sync 1 DAGs
[2021-02-06 13:01:20,878] {logging_mixin.py:104} INFO - [2021-02-06 13:01:20,878] {dag.py:2273} INFO - Setting next_dagrun for example_branch_dop_operator_v3 to 2021-02-04 00:00:00+00:00
[2021-02-06 13:01:20,885] {scheduler_job.py:189} INFO - Processing /home/airflow/.local/lib/python3.8/site-packages/airflow/example_dags/example_branch_python_dop_operator_3.py took 0.045 seconds
[2021-02-06 13:01:51,559] {scheduler_job.py:181} INFO - Started process (PID=369) to work on /home/airflow/.local/lib/python3.8/site-packages/airflow/example_dags/example_branch_python_dop_operator_3.py
[2021-02-06 13:01:51,560] {scheduler_job.py:627} INFO - Processing file /home/airflow/.local/lib/python3.8/site-packages/airflow/example_dags/example_branch_python_dop_operator_3.py for tasks to queue
[2021-02-06 13:01:51,560] {logging_mixin.py:104} INFO - [2021-02-06 13:01:51,560] {dagbag.py:449} INFO - Filling up the DagBag from /home/airflow/.local/lib/python3.8/site-packages/airflow/example_dags/example_branch_python_dop_operator_3.py
[2021-02-06 13:01:51,568] {scheduler_job.py:637} INFO - DAG(s) dict_keys(['example_branch_dop_operator_v3']) retrieved from /home/airflow/.local/lib/python3.8/site-packages/airflow/example_dags/example_branch_python_dop_operator_3.py
[2021-02-06 13:01:51,581] {logging_mixin.py:104} INFO - [2021-02-06 13:01:51,581] {dag.py:1818} INFO - Sync 1 DAGs
[2021-02-06 13:01:51,598] {logging_mixin.py:104} INFO - [2021-02-06 13:01:51,598] {dag.py:2273} INFO - Setting next_dagrun for example_branch_dop_operator_v3 to 2021-02-04 00:00:00+00:00
[2021-02-06 13:01:51,606] {scheduler_job.py:189} INFO - Processing /home/airflow/.local/lib/python3.8/site-packages/airflow/example_dags/example_branch_python_dop_operator_3.py took 0.049 seconds
[2021-02-06 13:02:22,253] {scheduler_job.py:181} INFO - Started process (PID=395) to work on /home/airflow/.local/lib/python3.8/site-packages/airflow/example_dags/example_branch_python_dop_operator_3.py
[2021-02-06 13:02:22,254] {scheduler_job.py:627} INFO - Processing file /home/airflow/.local/lib/python3.8/site-packages/airflow/example_dags/example_branch_python_dop_operator_3.py for tasks to queue
[2021-02-06 13:02:22,255] {logging_mixin.py:104} INFO - [2021-02-06 13:02:22,254] {dagbag.py:449} INFO - Filling up the DagBag from /home/airflow/.local/lib/python3.8/site-packages/airflow/example_dags/example_branch_python_dop_operator_3.py
[2021-02-06 13:02:22,263] {scheduler_job.py:637} INFO - DAG(s) dict_keys(['example_branch_dop_operator_v3']) retrieved from /home/airflow/.local/lib/python3.8/site-packages/airflow/example_dags/example_branch_python_dop_operator_3.py
[2021-02-06 13:02:22,275] {logging_mixin.py:104} INFO - [2021-02-06 13:02:22,275] {dag.py:1818} INFO - Sync 1 DAGs
[2021-02-06 13:02:22,293] {logging_mixin.py:104} INFO - [2021-02-06 13:02:22,293] {dag.py:2273} INFO - Setting next_dagrun for example_branch_dop_operator_v3 to 2021-02-04 00:00:00+00:00
[2021-02-06 13:02:22,301] {scheduler_job.py:189} INFO - Processing /home/airflow/.local/lib/python3.8/site-packages/airflow/example_dags/example_branch_python_dop_operator_3.py took 0.051 seconds
[2021-02-06 13:02:52,933] {scheduler_job.py:181} INFO - Started process (PID=421) to work on /home/airflow/.local/lib/python3.8/site-packages/airflow/example_dags/example_branch_python_dop_operator_3.py
[2021-02-06 13:02:52,934] {scheduler_job.py:627} INFO - Processing file /home/airflow/.local/lib/python3.8/site-packages/airflow/example_dags/example_branch_python_dop_operator_3.py for tasks to queue
[2021-02-06 13:02:52,934] {logging_mixin.py:104} INFO - [2021-02-06 13:02:52,934] {dagbag.py:449} INFO - Filling up the DagBag from /home/airflow/.local/lib/python3.8/site-packages/airflow/example_dags/example_branch_python_dop_operator_3.py
[2021-02-06 13:02:52,942] {scheduler_job.py:637} INFO - DAG(s) dict_keys(['example_branch_dop_operator_v3']) retrieved from /home/airflow/.local/lib/python3.8/site-packages/airflow/example_dags/example_branch_python_dop_operator_3.py
[2021-02-06 13:02:52,954] {logging_mixin.py:104} INFO - [2021-02-06 13:02:52,954] {dag.py:1818} INFO - Sync 1 DAGs
[2021-02-06 13:02:52,971] {logging_mixin.py:104} INFO - [2021-02-06 13:02:52,971] {dag.py:2273} INFO - Setting next_dagrun for example_branch_dop_operator_v3 to 2021-02-04 00:00:00+00:00
[2021-02-06 13:02:52,980] {scheduler_job.py:189} INFO - Processing /home/airflow/.local/lib/python3.8/site-packages/airflow/example_dags/example_branch_python_dop_operator_3.py took 0.048 seconds
[2021-02-06 13:03:23,693] {scheduler_job.py:181} INFO - Started process (PID=447) to work on /home/airflow/.local/lib/python3.8/site-packages/airflow/example_dags/example_branch_python_dop_operator_3.py
[2021-02-06 13:03:23,694] {scheduler_job.py:627} INFO - Processing file /home/airflow/.local/lib/python3.8/site-packages/airflow/example_dags/example_branch_python_dop_operator_3.py for tasks to queue
[2021-02-06 13:03:23,695] {logging_mixin.py:104} INFO - [2021-02-06 13:03:23,695] {dagbag.py:449} INFO - Filling up the DagBag from /home/airflow/.local/lib/python3.8/site-packages/airflow/example_dags/example_branch_python_dop_operator_3.py
[2021-02-06 13:03:23,702] {scheduler_job.py:637} INFO - DAG(s) dict_keys(['example_branch_dop_operator_v3']) retrieved from /home/airflow/.local/lib/python3.8/site-packages/airflow/example_dags/example_branch_python_dop_operator_3.py
[2021-02-06 13:03:23,715] {logging_mixin.py:104} INFO - [2021-02-06 13:03:23,715] {dag.py:1818} INFO - Sync 1 DAGs
[2021-02-06 13:03:23,733] {logging_mixin.py:104} INFO - [2021-02-06 13:03:23,733] {dag.py:2273} INFO - Setting next_dagrun for example_branch_dop_operator_v3 to 2021-02-04 00:00:00+00:00
[2021-02-06 13:03:23,742] {scheduler_job.py:189} INFO - Processing /home/airflow/.local/lib/python3.8/site-packages/airflow/example_dags/example_branch_python_dop_operator_3.py took 0.050 seconds
[2021-02-06 13:03:54,418] {scheduler_job.py:181} INFO - Started process (PID=473) to work on /home/airflow/.local/lib/python3.8/site-packages/airflow/example_dags/example_branch_python_dop_operator_3.py
[2021-02-06 13:03:54,419] {scheduler_job.py:627} INFO - Processing file /home/airflow/.local/lib/python3.8/site-packages/airflow/example_dags/example_branch_python_dop_operator_3.py for tasks to queue
[2021-02-06 13:03:54,419] {logging_mixin.py:104} INFO - [2021-02-06 13:03:54,419] {dagbag.py:449} INFO - Filling up the DagBag from /home/airflow/.local/lib/python3.8/site-packages/airflow/example_dags/example_branch_python_dop_operator_3.py
[2021-02-06 13:03:54,427] {scheduler_job.py:637} INFO - DAG(s) dict_keys(['example_branch_dop_operator_v3']) retrieved from /home/airflow/.local/lib/python3.8/site-packages/airflow/example_dags/example_branch_python_dop_operator_3.py
[2021-02-06 13:03:54,441] {logging_mixin.py:104} INFO - [2021-02-06 13:03:54,441] {dag.py:1818} INFO - Sync 1 DAGs
[2021-02-06 13:03:54,458] {logging_mixin.py:104} INFO - [2021-02-06 13:03:54,458] {dag.py:2273} INFO - Setting next_dagrun for example_branch_dop_operator_v3 to 2021-02-04 00:00:00+00:00
[2021-02-06 13:03:54,465] {scheduler_job.py:189} INFO - Processing /home/airflow/.local/lib/python3.8/site-packages/airflow/example_dags/example_branch_python_dop_operator_3.py took 0.048 seconds
[2021-02-06 13:04:25,098] {scheduler_job.py:181} INFO - Started process (PID=499) to work on /home/airflow/.local/lib/python3.8/site-packages/airflow/example_dags/example_branch_python_dop_operator_3.py
[2021-02-06 13:04:25,098] {scheduler_job.py:627} INFO - Processing file /home/airflow/.local/lib/python3.8/site-packages/airflow/example_dags/example_branch_python_dop_operator_3.py for tasks to queue
[2021-02-06 13:04:25,099] {logging_mixin.py:104} INFO - [2021-02-06 13:04:25,099] {dagbag.py:449} INFO - Filling up the DagBag from /home/airflow/.local/lib/python3.8/site-packages/airflow/example_dags/example_branch_python_dop_operator_3.py
[2021-02-06 13:04:25,106] {scheduler_job.py:637} INFO - DAG(s) dict_keys(['example_branch_dop_operator_v3']) retrieved from /home/airflow/.local/lib/python3.8/site-packages/airflow/example_dags/example_branch_python_dop_operator_3.py
[2021-02-06 13:04:25,120] {logging_mixin.py:104} INFO - [2021-02-06 13:04:25,120] {dag.py:1818} INFO - Sync 1 DAGs
[2021-02-06 13:04:25,137] {logging_mixin.py:104} INFO - [2021-02-06 13:04:25,137] {dag.py:2273} INFO - Setting next_dagrun for example_branch_dop_operator_v3 to 2021-02-04 00:00:00+00:00
[2021-02-06 13:04:25,146] {scheduler_job.py:189} INFO - Processing /home/airflow/.local/lib/python3.8/site-packages/airflow/example_dags/example_branch_python_dop_operator_3.py took 0.050 seconds
[2021-02-06 13:04:55,810] {scheduler_job.py:181} INFO - Started process (PID=525) to work on /home/airflow/.local/lib/python3.8/site-packages/airflow/example_dags/example_branch_python_dop_operator_3.py
[2021-02-06 13:04:55,810] {scheduler_job.py:627} INFO - Processing file /home/airflow/.local/lib/python3.8/site-packages/airflow/example_dags/example_branch_python_dop_operator_3.py for tasks to queue
[2021-02-06 13:04:55,811] {logging_mixin.py:104} INFO - [2021-02-06 13:04:55,811] {dagbag.py:449} INFO - Filling up the DagBag from /home/airflow/.local/lib/python3.8/site-packages/airflow/example_dags/example_branch_python_dop_operator_3.py
[2021-02-06 13:04:55,819] {scheduler_job.py:637} INFO - DAG(s) dict_keys(['example_branch_dop_operator_v3']) retrieved from /home/airflow/.local/lib/python3.8/site-packages/airflow/example_dags/example_branch_python_dop_operator_3.py
[2021-02-06 13:04:55,831] {logging_mixin.py:104} INFO - [2021-02-06 13:04:55,831] {dag.py:1818} INFO - Sync 1 DAGs
[2021-02-06 13:04:55,847] {logging_mixin.py:104} INFO - [2021-02-06 13:04:55,847] {dag.py:2273} INFO - Setting next_dagrun for example_branch_dop_operator_v3 to 2021-02-04 00:00:00+00:00
[2021-02-06 13:04:55,854] {scheduler_job.py:189} INFO - Processing /home/airflow/.local/lib/python3.8/site-packages/airflow/example_dags/example_branch_python_dop_operator_3.py took 0.046 seconds
[2021-02-06 13:05:26,514] {scheduler_job.py:181} INFO - Started process (PID=551) to work on /home/airflow/.local/lib/python3.8/site-packages/airflow/example_dags/example_branch_python_dop_operator_3.py
[2021-02-06 13:05:26,515] {scheduler_job.py:627} INFO - Processing file /home/airflow/.local/lib/python3.8/site-packages/airflow/example_dags/example_branch_python_dop_operator_3.py for tasks to queue
[2021-02-06 13:05:26,515] {logging_mixin.py:104} INFO - [2021-02-06 13:05:26,515] {dagbag.py:449} INFO - Filling up the DagBag from /home/airflow/.local/lib/python3.8/site-packages/airflow/example_dags/example_branch_python_dop_operator_3.py
[2021-02-06 13:05:26,523] {scheduler_job.py:637} INFO - DAG(s) dict_keys(['example_branch_dop_operator_v3']) retrieved from /home/airflow/.local/lib/python3.8/site-packages/airflow/example_dags/example_branch_python_dop_operator_3.py
[2021-02-06 13:05:26,536] {logging_mixin.py:104} INFO - [2021-02-06 13:05:26,536] {dag.py:1818} INFO - Sync 1 DAGs
[2021-02-06 13:05:26,553] {logging_mixin.py:104} INFO - [2021-02-06 13:05:26,553] {dag.py:2273} INFO - Setting next_dagrun for example_branch_dop_operator_v3 to 2021-02-04 00:00:00+00:00
[2021-02-06 13:05:26,560] {scheduler_job.py:189} INFO - Processing /home/airflow/.local/lib/python3.8/site-packages/airflow/example_dags/example_branch_python_dop_operator_3.py took 0.048 seconds
[2021-02-06 13:05:57,201] {scheduler_job.py:181} INFO - Started process (PID=577) to work on /home/airflow/.local/lib/python3.8/site-packages/airflow/example_dags/example_branch_python_dop_operator_3.py
[2021-02-06 13:05:57,201] {scheduler_job.py:627} INFO - Processing file /home/airflow/.local/lib/python3.8/site-packages/airflow/example_dags/example_branch_python_dop_operator_3.py for tasks to queue
[2021-02-06 13:05:57,202] {logging_mixin.py:104} INFO - [2021-02-06 13:05:57,202] {dagbag.py:449} INFO - Filling up the DagBag from /home/airflow/.local/lib/python3.8/site-packages/airflow/example_dags/example_branch_python_dop_operator_3.py
[2021-02-06 13:05:57,208] {scheduler_job.py:637} INFO - DAG(s) dict_keys(['example_branch_dop_operator_v3']) retrieved from /home/airflow/.local/lib/python3.8/site-packages/airflow/example_dags/example_branch_python_dop_operator_3.py
[2021-02-06 13:05:57,219] {logging_mixin.py:104} INFO - [2021-02-06 13:05:57,219] {dag.py:1818} INFO - Sync 1 DAGs
[2021-02-06 13:05:57,234] {logging_mixin.py:104} INFO - [2021-02-06 13:05:57,234] {dag.py:2273} INFO - Setting next_dagrun for example_branch_dop_operator_v3 to 2021-02-04 00:00:00+00:00
[2021-02-06 13:05:57,243] {scheduler_job.py:189} INFO - Processing /home/airflow/.local/lib/python3.8/site-packages/airflow/example_dags/example_branch_python_dop_operator_3.py took 0.043 seconds
[2021-02-06 13:06:27,894] {scheduler_job.py:181} INFO - Started process (PID=603) to work on /home/airflow/.local/lib/python3.8/site-packages/airflow/example_dags/example_branch_python_dop_operator_3.py
[2021-02-06 13:06:27,895] {scheduler_job.py:627} INFO - Processing file /home/airflow/.local/lib/python3.8/site-packages/airflow/example_dags/example_branch_python_dop_operator_3.py for tasks to queue
[2021-02-06 13:06:27,895] {logging_mixin.py:104} INFO - [2021-02-06 13:06:27,895] {dagbag.py:449} INFO - Filling up the DagBag from /home/airflow/.local/lib/python3.8/site-packages/airflow/example_dags/example_branch_python_dop_operator_3.py
[2021-02-06 13:06:27,903] {scheduler_job.py:637} INFO - DAG(s) dict_keys(['example_branch_dop_operator_v3']) retrieved from /home/airflow/.local/lib/python3.8/site-packages/airflow/example_dags/example_branch_python_dop_operator_3.py
[2021-02-06 13:06:27,914] {logging_mixin.py:104} INFO - [2021-02-06 13:06:27,914] {dag.py:1818} INFO - Sync 1 DAGs
[2021-02-06 13:06:27,931] {logging_mixin.py:104} INFO - [2021-02-06 13:06:27,931] {dag.py:2273} INFO - Setting next_dagrun for example_branch_dop_operator_v3 to 2021-02-04 00:00:00+00:00
[2021-02-06 13:06:27,941] {scheduler_job.py:189} INFO - Processing /home/airflow/.local/lib/python3.8/site-packages/airflow/example_dags/example_branch_python_dop_operator_3.py took 0.049 seconds
[2021-02-06 13:06:58,648] {scheduler_job.py:181} INFO - Started process (PID=629) to work on /home/airflow/.local/lib/python3.8/site-packages/airflow/example_dags/example_branch_python_dop_operator_3.py
[2021-02-06 13:06:58,649] {scheduler_job.py:627} INFO - Processing file /home/airflow/.local/lib/python3.8/site-packages/airflow/example_dags/example_branch_python_dop_operator_3.py for tasks to queue
[2021-02-06 13:06:58,650] {logging_mixin.py:104} INFO - [2021-02-06 13:06:58,650] {dagbag.py:449} INFO - Filling up the DagBag from /home/airflow/.local/lib/python3.8/site-packages/airflow/example_dags/example_branch_python_dop_operator_3.py
[2021-02-06 13:06:58,657] {scheduler_job.py:637} INFO - DAG(s) dict_keys(['example_branch_dop_operator_v3']) retrieved from /home/airflow/.local/lib/python3.8/site-packages/airflow/example_dags/example_branch_python_dop_operator_3.py
[2021-02-06 13:06:58,669] {logging_mixin.py:104} INFO - [2021-02-06 13:06:58,669] {dag.py:1818} INFO - Sync 1 DAGs
[2021-02-06 13:06:58,686] {logging_mixin.py:104} INFO - [2021-02-06 13:06:58,686] {dag.py:2273} INFO - Setting next_dagrun for example_branch_dop_operator_v3 to 2021-02-04 00:00:00+00:00
[2021-02-06 13:06:58,695] {scheduler_job.py:189} INFO - Processing /home/airflow/.local/lib/python3.8/site-packages/airflow/example_dags/example_branch_python_dop_operator_3.py took 0.048 seconds
[2021-02-06 13:07:29,379] {scheduler_job.py:181} INFO - Started process (PID=655) to work on /home/airflow/.local/lib/python3.8/site-packages/airflow/example_dags/example_branch_python_dop_operator_3.py
[2021-02-06 13:07:29,380] {scheduler_job.py:627} INFO - Processing file /home/airflow/.local/lib/python3.8/site-packages/airflow/example_dags/example_branch_python_dop_operator_3.py for tasks to queue
[2021-02-06 13:07:29,381] {logging_mixin.py:104} INFO - [2021-02-06 13:07:29,381] {dagbag.py:449} INFO - Filling up the DagBag from /home/airflow/.local/lib/python3.8/site-packages/airflow/example_dags/example_branch_python_dop_operator_3.py
[2021-02-06 13:07:29,388] {scheduler_job.py:637} INFO - DAG(s) dict_keys(['example_branch_dop_operator_v3']) retrieved from /home/airflow/.local/lib/python3.8/site-packages/airflow/example_dags/example_branch_python_dop_operator_3.py
[2021-02-06 13:07:29,402] {logging_mixin.py:104} INFO - [2021-02-06 13:07:29,402] {dag.py:1818} INFO - Sync 1 DAGs
[2021-02-06 13:07:29,419] {logging_mixin.py:104} INFO - [2021-02-06 13:07:29,419] {dag.py:2273} INFO - Setting next_dagrun for example_branch_dop_operator_v3 to 2021-02-04 00:00:00+00:00
[2021-02-06 13:07:29,426] {scheduler_job.py:189} INFO - Processing /home/airflow/.local/lib/python3.8/site-packages/airflow/example_dags/example_branch_python_dop_operator_3.py took 0.049 seconds
[2021-02-06 13:08:00,181] {scheduler_job.py:181} INFO - Started process (PID=681) to work on /home/airflow/.local/lib/python3.8/site-packages/airflow/example_dags/example_branch_python_dop_operator_3.py
[2021-02-06 13:08:00,182] {scheduler_job.py:627} INFO - Processing file /home/airflow/.local/lib/python3.8/site-packages/airflow/example_dags/example_branch_python_dop_operator_3.py for tasks to queue
[2021-02-06 13:08:00,182] {logging_mixin.py:104} INFO - [2021-02-06 13:08:00,182] {dagbag.py:449} INFO - Filling up the DagBag from /home/airflow/.local/lib/python3.8/site-packages/airflow/example_dags/example_branch_python_dop_operator_3.py
[2021-02-06 13:08:00,189] {scheduler_job.py:637} INFO - DAG(s) dict_keys(['example_branch_dop_operator_v3']) retrieved from /home/airflow/.local/lib/python3.8/site-packages/airflow/example_dags/example_branch_python_dop_operator_3.py
[2021-02-06 13:08:00,203] {logging_mixin.py:104} INFO - [2021-02-06 13:08:00,203] {dag.py:1818} INFO - Sync 1 DAGs
[2021-02-06 13:08:00,220] {logging_mixin.py:104} INFO - [2021-02-06 13:08:00,220] {dag.py:2273} INFO - Setting next_dagrun for example_branch_dop_operator_v3 to 2021-02-04 00:00:00+00:00
[2021-02-06 13:08:00,228] {scheduler_job.py:189} INFO - Processing /home/airflow/.local/lib/python3.8/site-packages/airflow/example_dags/example_branch_python_dop_operator_3.py took 0.049 seconds
[2021-02-06 13:08:30,987] {scheduler_job.py:181} INFO - Started process (PID=707) to work on /home/airflow/.local/lib/python3.8/site-packages/airflow/example_dags/example_branch_python_dop_operator_3.py
[2021-02-06 13:08:30,988] {scheduler_job.py:627} INFO - Processing file /home/airflow/.local/lib/python3.8/site-packages/airflow/example_dags/example_branch_python_dop_operator_3.py for tasks to queue
[2021-02-06 13:08:30,989] {logging_mixin.py:104} INFO - [2021-02-06 13:08:30,989] {dagbag.py:449} INFO - Filling up the DagBag from /home/airflow/.local/lib/python3.8/site-packages/airflow/example_dags/example_branch_python_dop_operator_3.py
[2021-02-06 13:08:30,996] {scheduler_job.py:637} INFO - DAG(s) dict_keys(['example_branch_dop_operator_v3']) retrieved from /home/airflow/.local/lib/python3.8/site-packages/airflow/example_dags/example_branch_python_dop_operator_3.py
[2021-02-06 13:08:31,010] {logging_mixin.py:104} INFO - [2021-02-06 13:08:31,010] {dag.py:1818} INFO - Sync 1 DAGs
[2021-02-06 13:08:31,027] {logging_mixin.py:104} INFO - [2021-02-06 13:08:31,027] {dag.py:2273} INFO - Setting next_dagrun for example_branch_dop_operator_v3 to 2021-02-04 00:00:00+00:00
[2021-02-06 13:08:31,034] {scheduler_job.py:189} INFO - Processing /home/airflow/.local/lib/python3.8/site-packages/airflow/example_dags/example_branch_python_dop_operator_3.py took 0.049 seconds
[2021-02-06 13:09:01,703] {scheduler_job.py:181} INFO - Started process (PID=733) to work on /home/airflow/.local/lib/python3.8/site-packages/airflow/example_dags/example_branch_python_dop_operator_3.py
[2021-02-06 13:09:01,703] {scheduler_job.py:627} INFO - Processing file /home/airflow/.local/lib/python3.8/site-packages/airflow/example_dags/example_branch_python_dop_operator_3.py for tasks to queue
[2021-02-06 13:09:01,704] {logging_mixin.py:104} INFO - [2021-02-06 13:09:01,704] {dagbag.py:449} INFO - Filling up the DagBag from /home/airflow/.local/lib/python3.8/site-packages/airflow/example_dags/example_branch_python_dop_operator_3.py
[2021-02-06 13:09:01,712] {scheduler_job.py:637} INFO - DAG(s) dict_keys(['example_branch_dop_operator_v3']) retrieved from /home/airflow/.local/lib/python3.8/site-packages/airflow/example_dags/example_branch_python_dop_operator_3.py
[2021-02-06 13:09:01,725] {logging_mixin.py:104} INFO - [2021-02-06 13:09:01,725] {dag.py:1818} INFO - Sync 1 DAGs
[2021-02-06 13:09:01,742] {logging_mixin.py:104} INFO - [2021-02-06 13:09:01,742] {dag.py:2273} INFO - Setting next_dagrun for example_branch_dop_operator_v3 to 2021-02-04 00:00:00+00:00
[2021-02-06 13:09:01,749] {scheduler_job.py:189} INFO - Processing /home/airflow/.local/lib/python3.8/site-packages/airflow/example_dags/example_branch_python_dop_operator_3.py took 0.049 seconds
[2021-02-06 13:09:32,420] {scheduler_job.py:181} INFO - Started process (PID=759) to work on /home/airflow/.local/lib/python3.8/site-packages/airflow/example_dags/example_branch_python_dop_operator_3.py
[2021-02-06 13:09:32,421] {scheduler_job.py:627} INFO - Processing file /home/airflow/.local/lib/python3.8/site-packages/airflow/example_dags/example_branch_python_dop_operator_3.py for tasks to queue
[2021-02-06 13:09:32,421] {logging_mixin.py:104} INFO - [2021-02-06 13:09:32,421] {dagbag.py:449} INFO - Filling up the DagBag from /home/airflow/.local/lib/python3.8/site-packages/airflow/example_dags/example_branch_python_dop_operator_3.py
[2021-02-06 13:09:32,429] {scheduler_job.py:637} INFO - DAG(s) dict_keys(['example_branch_dop_operator_v3']) retrieved from /home/airflow/.local/lib/python3.8/site-packages/airflow/example_dags/example_branch_python_dop_operator_3.py
[2021-02-06 13:09:32,443] {logging_mixin.py:104} INFO - [2021-02-06 13:09:32,443] {dag.py:1818} INFO - Sync 1 DAGs
[2021-02-06 13:09:32,460] {logging_mixin.py:104} INFO - [2021-02-06 13:09:32,460] {dag.py:2273} INFO - Setting next_dagrun for example_branch_dop_operator_v3 to 2021-02-04 00:00:00+00:00
[2021-02-06 13:09:32,468] {scheduler_job.py:189} INFO - Processing /home/airflow/.local/lib/python3.8/site-packages/airflow/example_dags/example_branch_python_dop_operator_3.py took 0.050 seconds
[2021-02-06 13:10:03,173] {scheduler_job.py:181} INFO - Started process (PID=785) to work on /home/airflow/.local/lib/python3.8/site-packages/airflow/example_dags/example_branch_python_dop_operator_3.py
[2021-02-06 13:10:03,174] {scheduler_job.py:627} INFO - Processing file /home/airflow/.local/lib/python3.8/site-packages/airflow/example_dags/example_branch_python_dop_operator_3.py for tasks to queue
[2021-02-06 13:10:03,175] {logging_mixin.py:104} INFO - [2021-02-06 13:10:03,175] {dagbag.py:449} INFO - Filling up the DagBag from /home/airflow/.local/lib/python3.8/site-packages/airflow/example_dags/example_branch_python_dop_operator_3.py
[2021-02-06 13:10:03,183] {scheduler_job.py:637} INFO - DAG(s) dict_keys(['example_branch_dop_operator_v3']) retrieved from /home/airflow/.local/lib/python3.8/site-packages/airflow/example_dags/example_branch_python_dop_operator_3.py
[2021-02-06 13:10:03,197] {logging_mixin.py:104} INFO - [2021-02-06 13:10:03,196] {dag.py:1818} INFO - Sync 1 DAGs
[2021-02-06 13:10:03,215] {logging_mixin.py:104} INFO - [2021-02-06 13:10:03,215] {dag.py:2273} INFO - Setting next_dagrun for example_branch_dop_operator_v3 to 2021-02-04 00:00:00+00:00
[2021-02-06 13:10:03,223] {scheduler_job.py:189} INFO - Processing /home/airflow/.local/lib/python3.8/site-packages/airflow/example_dags/example_branch_python_dop_operator_3.py took 0.052 seconds
[2021-02-06 13:10:33,918] {scheduler_job.py:181} INFO - Started process (PID=811) to work on /home/airflow/.local/lib/python3.8/site-packages/airflow/example_dags/example_branch_python_dop_operator_3.py
[2021-02-06 13:10:33,918] {scheduler_job.py:627} INFO - Processing file /home/airflow/.local/lib/python3.8/site-packages/airflow/example_dags/example_branch_python_dop_operator_3.py for tasks to queue
[2021-02-06 13:10:33,919] {logging_mixin.py:104} INFO - [2021-02-06 13:10:33,919] {dagbag.py:449} INFO - Filling up the DagBag from /home/airflow/.local/lib/python3.8/site-packages/airflow/example_dags/example_branch_python_dop_operator_3.py
[2021-02-06 13:10:33,927] {scheduler_job.py:637} INFO - DAG(s) dict_keys(['example_branch_dop_operator_v3']) retrieved from /home/airflow/.local/lib/python3.8/site-packages/airflow/example_dags/example_branch_python_dop_operator_3.py
[2021-02-06 13:10:33,940] {logging_mixin.py:104} INFO - [2021-02-06 13:10:33,940] {dag.py:1818} INFO - Sync 1 DAGs
[2021-02-06 13:10:33,957] {logging_mixin.py:104} INFO - [2021-02-06 13:10:33,957] {dag.py:2273} INFO - Setting next_dagrun for example_branch_dop_operator_v3 to 2021-02-04 00:00:00+00:00
[2021-02-06 13:10:33,965] {scheduler_job.py:189} INFO - Processing /home/airflow/.local/lib/python3.8/site-packages/airflow/example_dags/example_branch_python_dop_operator_3.py took 0.049 seconds
[2021-02-06 13:11:04,665] {scheduler_job.py:181} INFO - Started process (PID=837) to work on /home/airflow/.local/lib/python3.8/site-packages/airflow/example_dags/example_branch_python_dop_operator_3.py
[2021-02-06 13:11:04,666] {scheduler_job.py:627} INFO - Processing file /home/airflow/.local/lib/python3.8/site-packages/airflow/example_dags/example_branch_python_dop_operator_3.py for tasks to queue
[2021-02-06 13:11:04,667] {logging_mixin.py:104} INFO - [2021-02-06 13:11:04,667] {dagbag.py:449} INFO - Filling up the DagBag from /home/airflow/.local/lib/python3.8/site-packages/airflow/example_dags/example_branch_python_dop_operator_3.py
[2021-02-06 13:11:04,674] {scheduler_job.py:637} INFO - DAG(s) dict_keys(['example_branch_dop_operator_v3']) retrieved from /home/airflow/.local/lib/python3.8/site-packages/airflow/example_dags/example_branch_python_dop_operator_3.py
[2021-02-06 13:11:04,686] {logging_mixin.py:104} INFO - [2021-02-06 13:11:04,686] {dag.py:1818} INFO - Sync 1 DAGs
[2021-02-06 13:11:04,703] {logging_mixin.py:104} INFO - [2021-02-06 13:11:04,702] {dag.py:2273} INFO - Setting next_dagrun for example_branch_dop_operator_v3 to 2021-02-04 00:00:00+00:00
[2021-02-06 13:11:04,711] {scheduler_job.py:189} INFO - Processing /home/airflow/.local/lib/python3.8/site-packages/airflow/example_dags/example_branch_python_dop_operator_3.py took 0.047 seconds
[2021-02-06 13:11:35,409] {scheduler_job.py:181} INFO - Started process (PID=863) to work on /home/airflow/.local/lib/python3.8/site-packages/airflow/example_dags/example_branch_python_dop_operator_3.py
[2021-02-06 13:11:35,409] {scheduler_job.py:627} INFO - Processing file /home/airflow/.local/lib/python3.8/site-packages/airflow/example_dags/example_branch_python_dop_operator_3.py for tasks to queue
[2021-02-06 13:11:35,410] {logging_mixin.py:104} INFO - [2021-02-06 13:11:35,410] {dagbag.py:449} INFO - Filling up the DagBag from /home/airflow/.local/lib/python3.8/site-packages/airflow/example_dags/example_branch_python_dop_operator_3.py
[2021-02-06 13:11:35,419] {scheduler_job.py:637} INFO - DAG(s) dict_keys(['example_branch_dop_operator_v3']) retrieved from /home/airflow/.local/lib/python3.8/site-packages/airflow/example_dags/example_branch_python_dop_operator_3.py
[2021-02-06 13:11:35,435] {logging_mixin.py:104} INFO - [2021-02-06 13:11:35,435] {dag.py:1818} INFO - Sync 1 DAGs
[2021-02-06 13:11:35,455] {logging_mixin.py:104} INFO - [2021-02-06 13:11:35,455] {dag.py:2273} INFO - Setting next_dagrun for example_branch_dop_operator_v3 to 2021-02-04 00:00:00+00:00
[2021-02-06 13:11:35,470] {scheduler_job.py:189} INFO - Processing /home/airflow/.local/lib/python3.8/site-packages/airflow/example_dags/example_branch_python_dop_operator_3.py took 0.063 seconds
[2021-02-06 13:12:06,216] {scheduler_job.py:181} INFO - Started process (PID=889) to work on /home/airflow/.local/lib/python3.8/site-packages/airflow/example_dags/example_branch_python_dop_operator_3.py
[2021-02-06 13:12:06,217] {scheduler_job.py:627} INFO - Processing file /home/airflow/.local/lib/python3.8/site-packages/airflow/example_dags/example_branch_python_dop_operator_3.py for tasks to queue
[2021-02-06 13:12:06,217] {logging_mixin.py:104} INFO - [2021-02-06 13:12:06,217] {dagbag.py:449} INFO - Filling up the DagBag from /home/airflow/.local/lib/python3.8/site-packages/airflow/example_dags/example_branch_python_dop_operator_3.py
[2021-02-06 13:12:06,225] {scheduler_job.py:637} INFO - DAG(s) dict_keys(['example_branch_dop_operator_v3']) retrieved from /home/airflow/.local/lib/python3.8/site-packages/airflow/example_dags/example_branch_python_dop_operator_3.py
[2021-02-06 13:12:06,237] {logging_mixin.py:104} INFO - [2021-02-06 13:12:06,237] {dag.py:1818} INFO - Sync 1 DAGs
[2021-02-06 13:12:06,254] {logging_mixin.py:104} INFO - [2021-02-06 13:12:06,254] {dag.py:2273} INFO - Setting next_dagrun for example_branch_dop_operator_v3 to 2021-02-04 00:00:00+00:00
[2021-02-06 13:12:06,261] {scheduler_job.py:189} INFO - Processing /home/airflow/.local/lib/python3.8/site-packages/airflow/example_dags/example_branch_python_dop_operator_3.py took 0.047 seconds
[2021-02-06 13:12:36,918] {scheduler_job.py:181} INFO - Started process (PID=915) to work on /home/airflow/.local/lib/python3.8/site-packages/airflow/example_dags/example_branch_python_dop_operator_3.py
[2021-02-06 13:12:36,919] {scheduler_job.py:627} INFO - Processing file /home/airflow/.local/lib/python3.8/site-packages/airflow/example_dags/example_branch_python_dop_operator_3.py for tasks to queue
[2021-02-06 13:12:36,919] {logging_mixin.py:104} INFO - [2021-02-06 13:12:36,919] {dagbag.py:449} INFO - Filling up the DagBag from /home/airflow/.local/lib/python3.8/site-packages/airflow/example_dags/example_branch_python_dop_operator_3.py
[2021-02-06 13:12:36,927] {scheduler_job.py:637} INFO - DAG(s) dict_keys(['example_branch_dop_operator_v3']) retrieved from /home/airflow/.local/lib/python3.8/site-packages/airflow/example_dags/example_branch_python_dop_operator_3.py
[2021-02-06 13:12:36,939] {logging_mixin.py:104} INFO - [2021-02-06 13:12:36,939] {dag.py:1818} INFO - Sync 1 DAGs
[2021-02-06 13:12:36,958] {logging_mixin.py:104} INFO - [2021-02-06 13:12:36,957] {dag.py:2273} INFO - Setting next_dagrun for example_branch_dop_operator_v3 to 2021-02-04 00:00:00+00:00
[2021-02-06 13:12:36,965] {scheduler_job.py:189} INFO - Processing /home/airflow/.local/lib/python3.8/site-packages/airflow/example_dags/example_branch_python_dop_operator_3.py took 0.049 seconds
[2021-02-06 13:13:07,616] {scheduler_job.py:181} INFO - Started process (PID=941) to work on /home/airflow/.local/lib/python3.8/site-packages/airflow/example_dags/example_branch_python_dop_operator_3.py
[2021-02-06 13:13:07,617] {scheduler_job.py:627} INFO - Processing file /home/airflow/.local/lib/python3.8/site-packages/airflow/example_dags/example_branch_python_dop_operator_3.py for tasks to queue
[2021-02-06 13:13:07,617] {logging_mixin.py:104} INFO - [2021-02-06 13:13:07,617] {dagbag.py:449} INFO - Filling up the DagBag from /home/airflow/.local/lib/python3.8/site-packages/airflow/example_dags/example_branch_python_dop_operator_3.py
[2021-02-06 13:13:07,624] {scheduler_job.py:637} INFO - DAG(s) dict_keys(['example_branch_dop_operator_v3']) retrieved from /home/airflow/.local/lib/python3.8/site-packages/airflow/example_dags/example_branch_python_dop_operator_3.py
[2021-02-06 13:13:07,636] {logging_mixin.py:104} INFO - [2021-02-06 13:13:07,636] {dag.py:1818} INFO - Sync 1 DAGs
[2021-02-06 13:13:07,653] {logging_mixin.py:104} INFO - [2021-02-06 13:13:07,653] {dag.py:2273} INFO - Setting next_dagrun for example_branch_dop_operator_v3 to 2021-02-04 00:00:00+00:00
[2021-02-06 13:13:07,660] {scheduler_job.py:189} INFO - Processing /home/airflow/.local/lib/python3.8/site-packages/airflow/example_dags/example_branch_python_dop_operator_3.py took 0.045 seconds
[2021-02-06 13:13:38,391] {scheduler_job.py:181} INFO - Started process (PID=967) to work on /home/airflow/.local/lib/python3.8/site-packages/airflow/example_dags/example_branch_python_dop_operator_3.py
[2021-02-06 13:13:38,391] {scheduler_job.py:627} INFO - Processing file /home/airflow/.local/lib/python3.8/site-packages/airflow/example_dags/example_branch_python_dop_operator_3.py for tasks to queue
[2021-02-06 13:13:38,392] {logging_mixin.py:104} INFO - [2021-02-06 13:13:38,392] {dagbag.py:449} INFO - Filling up the DagBag from /home/airflow/.local/lib/python3.8/site-packages/airflow/example_dags/example_branch_python_dop_operator_3.py
[2021-02-06 13:13:38,399] {scheduler_job.py:637} INFO - DAG(s) dict_keys(['example_branch_dop_operator_v3']) retrieved from /home/airflow/.local/lib/python3.8/site-packages/airflow/example_dags/example_branch_python_dop_operator_3.py
[2021-02-06 13:13:38,411] {logging_mixin.py:104} INFO - [2021-02-06 13:13:38,411] {dag.py:1818} INFO - Sync 1 DAGs
[2021-02-06 13:13:38,427] {logging_mixin.py:104} INFO - [2021-02-06 13:13:38,427] {dag.py:2273} INFO - Setting next_dagrun for example_branch_dop_operator_v3 to 2021-02-04 00:00:00+00:00
[2021-02-06 13:13:38,435] {scheduler_job.py:189} INFO - Processing /home/airflow/.local/lib/python3.8/site-packages/airflow/example_dags/example_branch_python_dop_operator_3.py took 0.046 seconds
[2021-02-06 13:14:09,128] {scheduler_job.py:181} INFO - Started process (PID=993) to work on /home/airflow/.local/lib/python3.8/site-packages/airflow/example_dags/example_branch_python_dop_operator_3.py
[2021-02-06 13:14:09,129] {scheduler_job.py:627} INFO - Processing file /home/airflow/.local/lib/python3.8/site-packages/airflow/example_dags/example_branch_python_dop_operator_3.py for tasks to queue
[2021-02-06 13:14:09,130] {logging_mixin.py:104} INFO - [2021-02-06 13:14:09,130] {dagbag.py:449} INFO - Filling up the DagBag from /home/airflow/.local/lib/python3.8/site-packages/airflow/example_dags/example_branch_python_dop_operator_3.py
[2021-02-06 13:14:09,137] {scheduler_job.py:637} INFO - DAG(s) dict_keys(['example_branch_dop_operator_v3']) retrieved from /home/airflow/.local/lib/python3.8/site-packages/airflow/example_dags/example_branch_python_dop_operator_3.py
[2021-02-06 13:14:09,150] {logging_mixin.py:104} INFO - [2021-02-06 13:14:09,149] {dag.py:1818} INFO - Sync 1 DAGs
[2021-02-06 13:14:09,166] {logging_mixin.py:104} INFO - [2021-02-06 13:14:09,166] {dag.py:2273} INFO - Setting next_dagrun for example_branch_dop_operator_v3 to 2021-02-04 00:00:00+00:00
[2021-02-06 13:14:09,174] {scheduler_job.py:189} INFO - Processing /home/airflow/.local/lib/python3.8/site-packages/airflow/example_dags/example_branch_python_dop_operator_3.py took 0.047 seconds
[2021-02-06 13:14:39,876] {scheduler_job.py:181} INFO - Started process (PID=1019) to work on /home/airflow/.local/lib/python3.8/site-packages/airflow/example_dags/example_branch_python_dop_operator_3.py
[2021-02-06 13:14:39,877] {scheduler_job.py:627} INFO - Processing file /home/airflow/.local/lib/python3.8/site-packages/airflow/example_dags/example_branch_python_dop_operator_3.py for tasks to queue
[2021-02-06 13:14:39,877] {logging_mixin.py:104} INFO - [2021-02-06 13:14:39,877] {dagbag.py:449} INFO - Filling up the DagBag from /home/airflow/.local/lib/python3.8/site-packages/airflow/example_dags/example_branch_python_dop_operator_3.py
[2021-02-06 13:14:39,885] {scheduler_job.py:637} INFO - DAG(s) dict_keys(['example_branch_dop_operator_v3']) retrieved from /home/airflow/.local/lib/python3.8/site-packages/airflow/example_dags/example_branch_python_dop_operator_3.py
[2021-02-06 13:14:39,899] {logging_mixin.py:104} INFO - [2021-02-06 13:14:39,899] {dag.py:1818} INFO - Sync 1 DAGs
[2021-02-06 13:14:39,919] {logging_mixin.py:104} INFO - [2021-02-06 13:14:39,919] {dag.py:2273} INFO - Setting next_dagrun for example_branch_dop_operator_v3 to 2021-02-04 00:00:00+00:00
[2021-02-06 13:14:39,926] {scheduler_job.py:189} INFO - Processing /home/airflow/.local/lib/python3.8/site-packages/airflow/example_dags/example_branch_python_dop_operator_3.py took 0.052 seconds
[2021-02-06 13:15:10,550] {scheduler_job.py:181} INFO - Started process (PID=1045) to work on /home/airflow/.local/lib/python3.8/site-packages/airflow/example_dags/example_branch_python_dop_operator_3.py
[2021-02-06 13:15:10,551] {scheduler_job.py:627} INFO - Processing file /home/airflow/.local/lib/python3.8/site-packages/airflow/example_dags/example_branch_python_dop_operator_3.py for tasks to queue
[2021-02-06 13:15:10,551] {logging_mixin.py:104} INFO - [2021-02-06 13:15:10,551] {dagbag.py:449} INFO - Filling up the DagBag from /home/airflow/.local/lib/python3.8/site-packages/airflow/example_dags/example_branch_python_dop_operator_3.py
[2021-02-06 13:15:10,558] {scheduler_job.py:637} INFO - DAG(s) dict_keys(['example_branch_dop_operator_v3']) retrieved from /home/airflow/.local/lib/python3.8/site-packages/airflow/example_dags/example_branch_python_dop_operator_3.py
[2021-02-06 13:15:10,570] {logging_mixin.py:104} INFO - [2021-02-06 13:15:10,570] {dag.py:1818} INFO - Sync 1 DAGs
[2021-02-06 13:15:10,586] {logging_mixin.py:104} INFO - [2021-02-06 13:15:10,586] {dag.py:2273} INFO - Setting next_dagrun for example_branch_dop_operator_v3 to 2021-02-04 00:00:00+00:00
[2021-02-06 13:15:10,596] {scheduler_job.py:189} INFO - Processing /home/airflow/.local/lib/python3.8/site-packages/airflow/example_dags/example_branch_python_dop_operator_3.py took 0.047 seconds
[2021-02-06 13:15:41,294] {scheduler_job.py:181} INFO - Started process (PID=1071) to work on /home/airflow/.local/lib/python3.8/site-packages/airflow/example_dags/example_branch_python_dop_operator_3.py
[2021-02-06 13:15:41,295] {scheduler_job.py:627} INFO - Processing file /home/airflow/.local/lib/python3.8/site-packages/airflow/example_dags/example_branch_python_dop_operator_3.py for tasks to queue
[2021-02-06 13:15:41,295] {logging_mixin.py:104} INFO - [2021-02-06 13:15:41,295] {dagbag.py:449} INFO - Filling up the DagBag from /home/airflow/.local/lib/python3.8/site-packages/airflow/example_dags/example_branch_python_dop_operator_3.py
[2021-02-06 13:15:41,302] {scheduler_job.py:637} INFO - DAG(s) dict_keys(['example_branch_dop_operator_v3']) retrieved from /home/airflow/.local/lib/python3.8/site-packages/airflow/example_dags/example_branch_python_dop_operator_3.py
[2021-02-06 13:15:41,313] {logging_mixin.py:104} INFO - [2021-02-06 13:15:41,313] {dag.py:1818} INFO - Sync 1 DAGs
[2021-02-06 13:15:41,329] {logging_mixin.py:104} INFO - [2021-02-06 13:15:41,329] {dag.py:2273} INFO - Setting next_dagrun for example_branch_dop_operator_v3 to 2021-02-04 00:00:00+00:00
[2021-02-06 13:15:41,338] {scheduler_job.py:189} INFO - Processing /home/airflow/.local/lib/python3.8/site-packages/airflow/example_dags/example_branch_python_dop_operator_3.py took 0.046 seconds
[2021-02-06 13:16:12,069] {scheduler_job.py:181} INFO - Started process (PID=1097) to work on /home/airflow/.local/lib/python3.8/site-packages/airflow/example_dags/example_branch_python_dop_operator_3.py
[2021-02-06 13:16:12,070] {scheduler_job.py:627} INFO - Processing file /home/airflow/.local/lib/python3.8/site-packages/airflow/example_dags/example_branch_python_dop_operator_3.py for tasks to queue
[2021-02-06 13:16:12,070] {logging_mixin.py:104} INFO - [2021-02-06 13:16:12,070] {dagbag.py:449} INFO - Filling up the DagBag from /home/airflow/.local/lib/python3.8/site-packages/airflow/example_dags/example_branch_python_dop_operator_3.py
[2021-02-06 13:16:12,078] {scheduler_job.py:637} INFO - DAG(s) dict_keys(['example_branch_dop_operator_v3']) retrieved from /home/airflow/.local/lib/python3.8/site-packages/airflow/example_dags/example_branch_python_dop_operator_3.py
[2021-02-06 13:16:12,091] {logging_mixin.py:104} INFO - [2021-02-06 13:16:12,091] {dag.py:1818} INFO - Sync 1 DAGs
[2021-02-06 13:16:12,108] {logging_mixin.py:104} INFO - [2021-02-06 13:16:12,108] {dag.py:2273} INFO - Setting next_dagrun for example_branch_dop_operator_v3 to 2021-02-04 00:00:00+00:00
[2021-02-06 13:16:12,116] {scheduler_job.py:189} INFO - Processing /home/airflow/.local/lib/python3.8/site-packages/airflow/example_dags/example_branch_python_dop_operator_3.py took 0.049 seconds
[2021-02-06 13:16:42,767] {scheduler_job.py:181} INFO - Started process (PID=1123) to work on /home/airflow/.local/lib/python3.8/site-packages/airflow/example_dags/example_branch_python_dop_operator_3.py
[2021-02-06 13:16:42,768] {scheduler_job.py:627} INFO - Processing file /home/airflow/.local/lib/python3.8/site-packages/airflow/example_dags/example_branch_python_dop_operator_3.py for tasks to queue
[2021-02-06 13:16:42,768] {logging_mixin.py:104} INFO - [2021-02-06 13:16:42,768] {dagbag.py:449} INFO - Filling up the DagBag from /home/airflow/.local/lib/python3.8/site-packages/airflow/example_dags/example_branch_python_dop_operator_3.py
[2021-02-06 13:16:42,776] {scheduler_job.py:637} INFO - DAG(s) dict_keys(['example_branch_dop_operator_v3']) retrieved from /home/airflow/.local/lib/python3.8/site-packages/airflow/example_dags/example_branch_python_dop_operator_3.py
[2021-02-06 13:16:42,789] {logging_mixin.py:104} INFO - [2021-02-06 13:16:42,789] {dag.py:1818} INFO - Sync 1 DAGs
[2021-02-06 13:16:42,805] {logging_mixin.py:104} INFO - [2021-02-06 13:16:42,805] {dag.py:2273} INFO - Setting next_dagrun for example_branch_dop_operator_v3 to 2021-02-04 00:00:00+00:00
[2021-02-06 13:16:42,815] {scheduler_job.py:189} INFO - Processing /home/airflow/.local/lib/python3.8/site-packages/airflow/example_dags/example_branch_python_dop_operator_3.py took 0.049 seconds
[2021-02-06 13:17:13,442] {scheduler_job.py:181} INFO - Started process (PID=1149) to work on /home/airflow/.local/lib/python3.8/site-packages/airflow/example_dags/example_branch_python_dop_operator_3.py
[2021-02-06 13:17:13,442] {scheduler_job.py:627} INFO - Processing file /home/airflow/.local/lib/python3.8/site-packages/airflow/example_dags/example_branch_python_dop_operator_3.py for tasks to queue
[2021-02-06 13:17:13,443] {logging_mixin.py:104} INFO - [2021-02-06 13:17:13,443] {dagbag.py:449} INFO - Filling up the DagBag from /home/airflow/.local/lib/python3.8/site-packages/airflow/example_dags/example_branch_python_dop_operator_3.py
[2021-02-06 13:17:13,450] {scheduler_job.py:637} INFO - DAG(s) dict_keys(['example_branch_dop_operator_v3']) retrieved from /home/airflow/.local/lib/python3.8/site-packages/airflow/example_dags/example_branch_python_dop_operator_3.py
[2021-02-06 13:17:13,462] {logging_mixin.py:104} INFO - [2021-02-06 13:17:13,462] {dag.py:1818} INFO - Sync 1 DAGs
[2021-02-06 13:17:13,479] {logging_mixin.py:104} INFO - [2021-02-06 13:17:13,479] {dag.py:2273} INFO - Setting next_dagrun for example_branch_dop_operator_v3 to 2021-02-04 00:00:00+00:00
[2021-02-06 13:17:13,486] {scheduler_job.py:189} INFO - Processing /home/airflow/.local/lib/python3.8/site-packages/airflow/example_dags/example_branch_python_dop_operator_3.py took 0.046 seconds
[2021-02-06 13:17:44,211] {scheduler_job.py:181} INFO - Started process (PID=1175) to work on /home/airflow/.local/lib/python3.8/site-packages/airflow/example_dags/example_branch_python_dop_operator_3.py
[2021-02-06 13:17:44,212] {scheduler_job.py:627} INFO - Processing file /home/airflow/.local/lib/python3.8/site-packages/airflow/example_dags/example_branch_python_dop_operator_3.py for tasks to queue
[2021-02-06 13:17:44,213] {logging_mixin.py:104} INFO - [2021-02-06 13:17:44,213] {dagbag.py:449} INFO - Filling up the DagBag from /home/airflow/.local/lib/python3.8/site-packages/airflow/example_dags/example_branch_python_dop_operator_3.py
[2021-02-06 13:17:44,219] {scheduler_job.py:637} INFO - DAG(s) dict_keys(['example_branch_dop_operator_v3']) retrieved from /home/airflow/.local/lib/python3.8/site-packages/airflow/example_dags/example_branch_python_dop_operator_3.py
[2021-02-06 13:17:44,232] {logging_mixin.py:104} INFO - [2021-02-06 13:17:44,232] {dag.py:1818} INFO - Sync 1 DAGs
[2021-02-06 13:17:44,248] {logging_mixin.py:104} INFO - [2021-02-06 13:17:44,248] {dag.py:2273} INFO - Setting next_dagrun for example_branch_dop_operator_v3 to 2021-02-04 00:00:00+00:00
[2021-02-06 13:17:44,258] {scheduler_job.py:189} INFO - Processing /home/airflow/.local/lib/python3.8/site-packages/airflow/example_dags/example_branch_python_dop_operator_3.py took 0.048 seconds
[2021-02-06 13:18:14,922] {scheduler_job.py:181} INFO - Started process (PID=1201) to work on /home/airflow/.local/lib/python3.8/site-packages/airflow/example_dags/example_branch_python_dop_operator_3.py
[2021-02-06 13:18:14,922] {scheduler_job.py:627} INFO - Processing file /home/airflow/.local/lib/python3.8/site-packages/airflow/example_dags/example_branch_python_dop_operator_3.py for tasks to queue
[2021-02-06 13:18:14,923] {logging_mixin.py:104} INFO - [2021-02-06 13:18:14,923] {dagbag.py:449} INFO - Filling up the DagBag from /home/airflow/.local/lib/python3.8/site-packages/airflow/example_dags/example_branch_python_dop_operator_3.py
[2021-02-06 13:18:14,930] {scheduler_job.py:637} INFO - DAG(s) dict_keys(['example_branch_dop_operator_v3']) retrieved from /home/airflow/.local/lib/python3.8/site-packages/airflow/example_dags/example_branch_python_dop_operator_3.py
[2021-02-06 13:18:14,944] {logging_mixin.py:104} INFO - [2021-02-06 13:18:14,944] {dag.py:1818} INFO - Sync 1 DAGs
[2021-02-06 13:18:14,962] {logging_mixin.py:104} INFO - [2021-02-06 13:18:14,962] {dag.py:2273} INFO - Setting next_dagrun for example_branch_dop_operator_v3 to 2021-02-04 00:00:00+00:00
[2021-02-06 13:18:14,971] {scheduler_job.py:189} INFO - Processing /home/airflow/.local/lib/python3.8/site-packages/airflow/example_dags/example_branch_python_dop_operator_3.py took 0.051 seconds
[2021-02-06 13:18:45,645] {scheduler_job.py:181} INFO - Started process (PID=1227) to work on /home/airflow/.local/lib/python3.8/site-packages/airflow/example_dags/example_branch_python_dop_operator_3.py
[2021-02-06 13:18:45,646] {scheduler_job.py:627} INFO - Processing file /home/airflow/.local/lib/python3.8/site-packages/airflow/example_dags/example_branch_python_dop_operator_3.py for tasks to queue
[2021-02-06 13:18:45,646] {logging_mixin.py:104} INFO - [2021-02-06 13:18:45,646] {dagbag.py:449} INFO - Filling up the DagBag from /home/airflow/.local/lib/python3.8/site-packages/airflow/example_dags/example_branch_python_dop_operator_3.py
[2021-02-06 13:18:45,655] {scheduler_job.py:637} INFO - DAG(s) dict_keys(['example_branch_dop_operator_v3']) retrieved from /home/airflow/.local/lib/python3.8/site-packages/airflow/example_dags/example_branch_python_dop_operator_3.py
[2021-02-06 13:18:45,668] {logging_mixin.py:104} INFO - [2021-02-06 13:18:45,668] {dag.py:1818} INFO - Sync 1 DAGs
[2021-02-06 13:18:45,686] {logging_mixin.py:104} INFO - [2021-02-06 13:18:45,686] {dag.py:2273} INFO - Setting next_dagrun for example_branch_dop_operator_v3 to 2021-02-04 00:00:00+00:00
[2021-02-06 13:18:45,693] {scheduler_job.py:189} INFO - Processing /home/airflow/.local/lib/python3.8/site-packages/airflow/example_dags/example_branch_python_dop_operator_3.py took 0.050 seconds
[2021-02-06 13:19:16,400] {scheduler_job.py:181} INFO - Started process (PID=1253) to work on /home/airflow/.local/lib/python3.8/site-packages/airflow/example_dags/example_branch_python_dop_operator_3.py
[2021-02-06 13:19:16,401] {scheduler_job.py:627} INFO - Processing file /home/airflow/.local/lib/python3.8/site-packages/airflow/example_dags/example_branch_python_dop_operator_3.py for tasks to queue
[2021-02-06 13:19:16,401] {logging_mixin.py:104} INFO - [2021-02-06 13:19:16,401] {dagbag.py:449} INFO - Filling up the DagBag from /home/airflow/.local/lib/python3.8/site-packages/airflow/example_dags/example_branch_python_dop_operator_3.py
[2021-02-06 13:19:16,408] {scheduler_job.py:637} INFO - DAG(s) dict_keys(['example_branch_dop_operator_v3']) retrieved from /home/airflow/.local/lib/python3.8/site-packages/airflow/example_dags/example_branch_python_dop_operator_3.py
[2021-02-06 13:19:16,419] {logging_mixin.py:104} INFO - [2021-02-06 13:19:16,419] {dag.py:1818} INFO - Sync 1 DAGs
[2021-02-06 13:19:16,436] {logging_mixin.py:104} INFO - [2021-02-06 13:19:16,436] {dag.py:2273} INFO - Setting next_dagrun for example_branch_dop_operator_v3 to 2021-02-04 00:00:00+00:00
[2021-02-06 13:19:16,444] {scheduler_job.py:189} INFO - Processing /home/airflow/.local/lib/python3.8/site-packages/airflow/example_dags/example_branch_python_dop_operator_3.py took 0.045 seconds
[2021-02-06 13:19:47,127] {scheduler_job.py:181} INFO - Started process (PID=1279) to work on /home/airflow/.local/lib/python3.8/site-packages/airflow/example_dags/example_branch_python_dop_operator_3.py
[2021-02-06 13:19:47,127] {scheduler_job.py:627} INFO - Processing file /home/airflow/.local/lib/python3.8/site-packages/airflow/example_dags/example_branch_python_dop_operator_3.py for tasks to queue
[2021-02-06 13:19:47,128] {logging_mixin.py:104} INFO - [2021-02-06 13:19:47,128] {dagbag.py:449} INFO - Filling up the DagBag from /home/airflow/.local/lib/python3.8/site-packages/airflow/example_dags/example_branch_python_dop_operator_3.py
[2021-02-06 13:19:47,135] {scheduler_job.py:637} INFO - DAG(s) dict_keys(['example_branch_dop_operator_v3']) retrieved from /home/airflow/.local/lib/python3.8/site-packages/airflow/example_dags/example_branch_python_dop_operator_3.py
[2021-02-06 13:19:47,147] {logging_mixin.py:104} INFO - [2021-02-06 13:19:47,147] {dag.py:1818} INFO - Sync 1 DAGs
[2021-02-06 13:19:47,164] {logging_mixin.py:104} INFO - [2021-02-06 13:19:47,164] {dag.py:2273} INFO - Setting next_dagrun for example_branch_dop_operator_v3 to 2021-02-04 00:00:00+00:00
[2021-02-06 13:19:47,172] {scheduler_job.py:189} INFO - Processing /home/airflow/.local/lib/python3.8/site-packages/airflow/example_dags/example_branch_python_dop_operator_3.py took 0.046 seconds
[2021-02-06 13:20:17,813] {scheduler_job.py:181} INFO - Started process (PID=1305) to work on /home/airflow/.local/lib/python3.8/site-packages/airflow/example_dags/example_branch_python_dop_operator_3.py
[2021-02-06 13:20:17,814] {scheduler_job.py:627} INFO - Processing file /home/airflow/.local/lib/python3.8/site-packages/airflow/example_dags/example_branch_python_dop_operator_3.py for tasks to queue
[2021-02-06 13:20:17,814] {logging_mixin.py:104} INFO - [2021-02-06 13:20:17,814] {dagbag.py:449} INFO - Filling up the DagBag from /home/airflow/.local/lib/python3.8/site-packages/airflow/example_dags/example_branch_python_dop_operator_3.py
[2021-02-06 13:20:17,821] {scheduler_job.py:637} INFO - DAG(s) dict_keys(['example_branch_dop_operator_v3']) retrieved from /home/airflow/.local/lib/python3.8/site-packages/airflow/example_dags/example_branch_python_dop_operator_3.py
[2021-02-06 13:20:17,835] {logging_mixin.py:104} INFO - [2021-02-06 13:20:17,835] {dag.py:1818} INFO - Sync 1 DAGs
[2021-02-06 13:20:17,853] {logging_mixin.py:104} INFO - [2021-02-06 13:20:17,853] {dag.py:2273} INFO - Setting next_dagrun for example_branch_dop_operator_v3 to 2021-02-04 00:00:00+00:00
[2021-02-06 13:20:17,862] {scheduler_job.py:189} INFO - Processing /home/airflow/.local/lib/python3.8/site-packages/airflow/example_dags/example_branch_python_dop_operator_3.py took 0.050 seconds
[2021-02-06 13:20:48,577] {scheduler_job.py:181} INFO - Started process (PID=1331) to work on /home/airflow/.local/lib/python3.8/site-packages/airflow/example_dags/example_branch_python_dop_operator_3.py
[2021-02-06 13:20:48,577] {scheduler_job.py:627} INFO - Processing file /home/airflow/.local/lib/python3.8/site-packages/airflow/example_dags/example_branch_python_dop_operator_3.py for tasks to queue
[2021-02-06 13:20:48,578] {logging_mixin.py:104} INFO - [2021-02-06 13:20:48,578] {dagbag.py:449} INFO - Filling up the DagBag from /home/airflow/.local/lib/python3.8/site-packages/airflow/example_dags/example_branch_python_dop_operator_3.py
[2021-02-06 13:20:48,585] {scheduler_job.py:637} INFO - DAG(s) dict_keys(['example_branch_dop_operator_v3']) retrieved from /home/airflow/.local/lib/python3.8/site-packages/airflow/example_dags/example_branch_python_dop_operator_3.py
[2021-02-06 13:20:48,598] {logging_mixin.py:104} INFO - [2021-02-06 13:20:48,598] {dag.py:1818} INFO - Sync 1 DAGs
[2021-02-06 13:20:48,615] {logging_mixin.py:104} INFO - [2021-02-06 13:20:48,614] {dag.py:2273} INFO - Setting next_dagrun for example_branch_dop_operator_v3 to 2021-02-04 00:00:00+00:00
[2021-02-06 13:20:48,622] {scheduler_job.py:189} INFO - Processing /home/airflow/.local/lib/python3.8/site-packages/airflow/example_dags/example_branch_python_dop_operator_3.py took 0.048 seconds
[2021-02-06 13:21:19,473] {scheduler_job.py:181} INFO - Started process (PID=1371) to work on /home/airflow/.local/lib/python3.8/site-packages/airflow/example_dags/example_branch_python_dop_operator_3.py
[2021-02-06 13:21:19,474] {scheduler_job.py:627} INFO - Processing file /home/airflow/.local/lib/python3.8/site-packages/airflow/example_dags/example_branch_python_dop_operator_3.py for tasks to queue
[2021-02-06 13:21:19,474] {logging_mixin.py:104} INFO - [2021-02-06 13:21:19,474] {dagbag.py:449} INFO - Filling up the DagBag from /home/airflow/.local/lib/python3.8/site-packages/airflow/example_dags/example_branch_python_dop_operator_3.py
[2021-02-06 13:21:19,482] {scheduler_job.py:637} INFO - DAG(s) dict_keys(['example_branch_dop_operator_v3']) retrieved from /home/airflow/.local/lib/python3.8/site-packages/airflow/example_dags/example_branch_python_dop_operator_3.py
[2021-02-06 13:21:19,495] {logging_mixin.py:104} INFO - [2021-02-06 13:21:19,495] {dag.py:1818} INFO - Sync 1 DAGs
[2021-02-06 13:21:19,513] {logging_mixin.py:104} INFO - [2021-02-06 13:21:19,512] {dag.py:2273} INFO - Setting next_dagrun for example_branch_dop_operator_v3 to 2021-02-04 00:00:00+00:00
[2021-02-06 13:21:19,521] {scheduler_job.py:189} INFO - Processing /home/airflow/.local/lib/python3.8/site-packages/airflow/example_dags/example_branch_python_dop_operator_3.py took 0.050 seconds
[2021-02-06 13:21:50,157] {scheduler_job.py:181} INFO - Started process (PID=1397) to work on /home/airflow/.local/lib/python3.8/site-packages/airflow/example_dags/example_branch_python_dop_operator_3.py
[2021-02-06 13:21:50,158] {scheduler_job.py:627} INFO - Processing file /home/airflow/.local/lib/python3.8/site-packages/airflow/example_dags/example_branch_python_dop_operator_3.py for tasks to queue
[2021-02-06 13:21:50,159] {logging_mixin.py:104} INFO - [2021-02-06 13:21:50,159] {dagbag.py:449} INFO - Filling up the DagBag from /home/airflow/.local/lib/python3.8/site-packages/airflow/example_dags/example_branch_python_dop_operator_3.py
[2021-02-06 13:21:50,167] {scheduler_job.py:637} INFO - DAG(s) dict_keys(['example_branch_dop_operator_v3']) retrieved from /home/airflow/.local/lib/python3.8/site-packages/airflow/example_dags/example_branch_python_dop_operator_3.py
[2021-02-06 13:21:50,179] {logging_mixin.py:104} INFO - [2021-02-06 13:21:50,179] {dag.py:1818} INFO - Sync 1 DAGs
[2021-02-06 13:21:50,196] {logging_mixin.py:104} INFO - [2021-02-06 13:21:50,196] {dag.py:2273} INFO - Setting next_dagrun for example_branch_dop_operator_v3 to 2021-02-04 00:00:00+00:00
[2021-02-06 13:21:50,206] {scheduler_job.py:189} INFO - Processing /home/airflow/.local/lib/python3.8/site-packages/airflow/example_dags/example_branch_python_dop_operator_3.py took 0.050 seconds
