[2021-02-06 06:42:12,439] {scheduler_job.py:181} INFO - Started process (PID=65) to work on /home/airflow/.local/lib/python3.8/site-packages/airflow/example_dags/example_kubernetes_executor_config.py
[2021-02-06 06:42:12,440] {scheduler_job.py:627} INFO - Processing file /home/airflow/.local/lib/python3.8/site-packages/airflow/example_dags/example_kubernetes_executor_config.py for tasks to queue
[2021-02-06 06:42:12,440] {logging_mixin.py:104} INFO - [2021-02-06 06:42:12,440] {dagbag.py:449} INFO - Filling up the DagBag from /home/airflow/.local/lib/python3.8/site-packages/airflow/example_dags/example_kubernetes_executor_config.py
[2021-02-06 06:42:12,449] {scheduler_job.py:637} INFO - DAG(s) dict_keys(['example_kubernetes_executor_config']) retrieved from /home/airflow/.local/lib/python3.8/site-packages/airflow/example_dags/example_kubernetes_executor_config.py
[2021-02-06 06:42:12,466] {logging_mixin.py:104} INFO - [2021-02-06 06:42:12,466] {dag.py:1818} INFO - Sync 1 DAGs
[2021-02-06 06:42:12,469] {logging_mixin.py:104} INFO - [2021-02-06 06:42:12,469] {dag.py:1837} INFO - Creating ORM DAG for example_kubernetes_executor_config
[2021-02-06 06:42:12,472] {logging_mixin.py:104} INFO - [2021-02-06 06:42:12,472] {dag.py:2273} INFO - Setting next_dagrun for example_kubernetes_executor_config to None
[2021-02-06 06:42:12,482] {scheduler_job.py:189} INFO - Processing /home/airflow/.local/lib/python3.8/site-packages/airflow/example_dags/example_kubernetes_executor_config.py took 0.045 seconds
[2021-02-06 06:42:43,232] {scheduler_job.py:181} INFO - Started process (PID=91) to work on /home/airflow/.local/lib/python3.8/site-packages/airflow/example_dags/example_kubernetes_executor_config.py
[2021-02-06 06:42:43,232] {scheduler_job.py:627} INFO - Processing file /home/airflow/.local/lib/python3.8/site-packages/airflow/example_dags/example_kubernetes_executor_config.py for tasks to queue
[2021-02-06 06:42:43,233] {logging_mixin.py:104} INFO - [2021-02-06 06:42:43,233] {dagbag.py:449} INFO - Filling up the DagBag from /home/airflow/.local/lib/python3.8/site-packages/airflow/example_dags/example_kubernetes_executor_config.py
[2021-02-06 06:42:43,241] {scheduler_job.py:637} INFO - DAG(s) dict_keys(['example_kubernetes_executor_config']) retrieved from /home/airflow/.local/lib/python3.8/site-packages/airflow/example_dags/example_kubernetes_executor_config.py
[2021-02-06 06:42:43,257] {logging_mixin.py:104} INFO - [2021-02-06 06:42:43,257] {dag.py:1818} INFO - Sync 1 DAGs
[2021-02-06 06:42:43,265] {logging_mixin.py:104} INFO - [2021-02-06 06:42:43,264] {dag.py:2273} INFO - Setting next_dagrun for example_kubernetes_executor_config to None
[2021-02-06 06:42:43,271] {scheduler_job.py:189} INFO - Processing /home/airflow/.local/lib/python3.8/site-packages/airflow/example_dags/example_kubernetes_executor_config.py took 0.042 seconds
[2021-02-06 06:43:13,996] {scheduler_job.py:181} INFO - Started process (PID=140) to work on /home/airflow/.local/lib/python3.8/site-packages/airflow/example_dags/example_kubernetes_executor_config.py
[2021-02-06 06:43:13,997] {scheduler_job.py:627} INFO - Processing file /home/airflow/.local/lib/python3.8/site-packages/airflow/example_dags/example_kubernetes_executor_config.py for tasks to queue
[2021-02-06 06:43:13,997] {logging_mixin.py:104} INFO - [2021-02-06 06:43:13,997] {dagbag.py:449} INFO - Filling up the DagBag from /home/airflow/.local/lib/python3.8/site-packages/airflow/example_dags/example_kubernetes_executor_config.py
[2021-02-06 06:43:14,005] {scheduler_job.py:637} INFO - DAG(s) dict_keys(['example_kubernetes_executor_config']) retrieved from /home/airflow/.local/lib/python3.8/site-packages/airflow/example_dags/example_kubernetes_executor_config.py
[2021-02-06 06:43:14,021] {logging_mixin.py:104} INFO - [2021-02-06 06:43:14,021] {dag.py:1818} INFO - Sync 1 DAGs
[2021-02-06 06:43:14,027] {logging_mixin.py:104} INFO - [2021-02-06 06:43:14,027] {dag.py:2273} INFO - Setting next_dagrun for example_kubernetes_executor_config to None
[2021-02-06 06:43:14,033] {scheduler_job.py:189} INFO - Processing /home/airflow/.local/lib/python3.8/site-packages/airflow/example_dags/example_kubernetes_executor_config.py took 0.039 seconds
[2021-02-06 06:43:44,741] {scheduler_job.py:181} INFO - Started process (PID=166) to work on /home/airflow/.local/lib/python3.8/site-packages/airflow/example_dags/example_kubernetes_executor_config.py
[2021-02-06 06:43:44,742] {scheduler_job.py:627} INFO - Processing file /home/airflow/.local/lib/python3.8/site-packages/airflow/example_dags/example_kubernetes_executor_config.py for tasks to queue
[2021-02-06 06:43:44,742] {logging_mixin.py:104} INFO - [2021-02-06 06:43:44,742] {dagbag.py:449} INFO - Filling up the DagBag from /home/airflow/.local/lib/python3.8/site-packages/airflow/example_dags/example_kubernetes_executor_config.py
[2021-02-06 06:43:44,751] {scheduler_job.py:637} INFO - DAG(s) dict_keys(['example_kubernetes_executor_config']) retrieved from /home/airflow/.local/lib/python3.8/site-packages/airflow/example_dags/example_kubernetes_executor_config.py
[2021-02-06 06:43:44,767] {logging_mixin.py:104} INFO - [2021-02-06 06:43:44,767] {dag.py:1818} INFO - Sync 1 DAGs
[2021-02-06 06:43:44,773] {logging_mixin.py:104} INFO - [2021-02-06 06:43:44,773] {dag.py:2273} INFO - Setting next_dagrun for example_kubernetes_executor_config to None
[2021-02-06 06:43:44,779] {scheduler_job.py:189} INFO - Processing /home/airflow/.local/lib/python3.8/site-packages/airflow/example_dags/example_kubernetes_executor_config.py took 0.040 seconds
[2021-02-06 06:49:43,518] {scheduler_job.py:181} INFO - Started process (PID=57) to work on /home/airflow/.local/lib/python3.8/site-packages/airflow/example_dags/example_kubernetes_executor_config.py
[2021-02-06 06:49:43,519] {scheduler_job.py:627} INFO - Processing file /home/airflow/.local/lib/python3.8/site-packages/airflow/example_dags/example_kubernetes_executor_config.py for tasks to queue
[2021-02-06 06:49:43,519] {logging_mixin.py:104} INFO - [2021-02-06 06:49:43,519] {dagbag.py:449} INFO - Filling up the DagBag from /home/airflow/.local/lib/python3.8/site-packages/airflow/example_dags/example_kubernetes_executor_config.py
[2021-02-06 06:49:43,530] {scheduler_job.py:637} INFO - DAG(s) dict_keys(['example_kubernetes_executor_config']) retrieved from /home/airflow/.local/lib/python3.8/site-packages/airflow/example_dags/example_kubernetes_executor_config.py
[2021-02-06 06:49:43,547] {logging_mixin.py:104} INFO - [2021-02-06 06:49:43,547] {dag.py:1818} INFO - Sync 1 DAGs
[2021-02-06 06:49:43,553] {logging_mixin.py:104} INFO - [2021-02-06 06:49:43,553] {dag.py:2273} INFO - Setting next_dagrun for example_kubernetes_executor_config to None
[2021-02-06 06:49:43,563] {scheduler_job.py:189} INFO - Processing /home/airflow/.local/lib/python3.8/site-packages/airflow/example_dags/example_kubernetes_executor_config.py took 0.047 seconds
[2021-02-06 06:50:14,342] {scheduler_job.py:181} INFO - Started process (PID=83) to work on /home/airflow/.local/lib/python3.8/site-packages/airflow/example_dags/example_kubernetes_executor_config.py
[2021-02-06 06:50:14,343] {scheduler_job.py:627} INFO - Processing file /home/airflow/.local/lib/python3.8/site-packages/airflow/example_dags/example_kubernetes_executor_config.py for tasks to queue
[2021-02-06 06:50:14,344] {logging_mixin.py:104} INFO - [2021-02-06 06:50:14,344] {dagbag.py:449} INFO - Filling up the DagBag from /home/airflow/.local/lib/python3.8/site-packages/airflow/example_dags/example_kubernetes_executor_config.py
[2021-02-06 06:50:14,353] {scheduler_job.py:637} INFO - DAG(s) dict_keys(['example_kubernetes_executor_config']) retrieved from /home/airflow/.local/lib/python3.8/site-packages/airflow/example_dags/example_kubernetes_executor_config.py
[2021-02-06 06:50:14,368] {logging_mixin.py:104} INFO - [2021-02-06 06:50:14,368] {dag.py:1818} INFO - Sync 1 DAGs
[2021-02-06 06:50:14,374] {logging_mixin.py:104} INFO - [2021-02-06 06:50:14,374] {dag.py:2273} INFO - Setting next_dagrun for example_kubernetes_executor_config to None
[2021-02-06 06:50:14,379] {scheduler_job.py:189} INFO - Processing /home/airflow/.local/lib/python3.8/site-packages/airflow/example_dags/example_kubernetes_executor_config.py took 0.039 seconds
[2021-02-06 06:50:45,110] {scheduler_job.py:181} INFO - Started process (PID=109) to work on /home/airflow/.local/lib/python3.8/site-packages/airflow/example_dags/example_kubernetes_executor_config.py
[2021-02-06 06:50:45,111] {scheduler_job.py:627} INFO - Processing file /home/airflow/.local/lib/python3.8/site-packages/airflow/example_dags/example_kubernetes_executor_config.py for tasks to queue
[2021-02-06 06:50:45,111] {logging_mixin.py:104} INFO - [2021-02-06 06:50:45,111] {dagbag.py:449} INFO - Filling up the DagBag from /home/airflow/.local/lib/python3.8/site-packages/airflow/example_dags/example_kubernetes_executor_config.py
[2021-02-06 06:50:45,121] {scheduler_job.py:637} INFO - DAG(s) dict_keys(['example_kubernetes_executor_config']) retrieved from /home/airflow/.local/lib/python3.8/site-packages/airflow/example_dags/example_kubernetes_executor_config.py
[2021-02-06 06:50:45,137] {logging_mixin.py:104} INFO - [2021-02-06 06:50:45,137] {dag.py:1818} INFO - Sync 1 DAGs
[2021-02-06 06:50:45,144] {logging_mixin.py:104} INFO - [2021-02-06 06:50:45,144] {dag.py:2273} INFO - Setting next_dagrun for example_kubernetes_executor_config to None
[2021-02-06 06:50:45,149] {scheduler_job.py:189} INFO - Processing /home/airflow/.local/lib/python3.8/site-packages/airflow/example_dags/example_kubernetes_executor_config.py took 0.041 seconds
[2021-02-06 06:51:15,832] {scheduler_job.py:181} INFO - Started process (PID=135) to work on /home/airflow/.local/lib/python3.8/site-packages/airflow/example_dags/example_kubernetes_executor_config.py
[2021-02-06 06:51:15,833] {scheduler_job.py:627} INFO - Processing file /home/airflow/.local/lib/python3.8/site-packages/airflow/example_dags/example_kubernetes_executor_config.py for tasks to queue
[2021-02-06 06:51:15,833] {logging_mixin.py:104} INFO - [2021-02-06 06:51:15,833] {dagbag.py:449} INFO - Filling up the DagBag from /home/airflow/.local/lib/python3.8/site-packages/airflow/example_dags/example_kubernetes_executor_config.py
[2021-02-06 06:51:15,843] {scheduler_job.py:637} INFO - DAG(s) dict_keys(['example_kubernetes_executor_config']) retrieved from /home/airflow/.local/lib/python3.8/site-packages/airflow/example_dags/example_kubernetes_executor_config.py
[2021-02-06 06:51:15,859] {logging_mixin.py:104} INFO - [2021-02-06 06:51:15,859] {dag.py:1818} INFO - Sync 1 DAGs
[2021-02-06 06:51:15,865] {logging_mixin.py:104} INFO - [2021-02-06 06:51:15,865] {dag.py:2273} INFO - Setting next_dagrun for example_kubernetes_executor_config to None
[2021-02-06 06:51:15,870] {scheduler_job.py:189} INFO - Processing /home/airflow/.local/lib/python3.8/site-packages/airflow/example_dags/example_kubernetes_executor_config.py took 0.040 seconds
[2021-02-06 06:51:46,500] {scheduler_job.py:181} INFO - Started process (PID=170) to work on /home/airflow/.local/lib/python3.8/site-packages/airflow/example_dags/example_kubernetes_executor_config.py
[2021-02-06 06:51:46,500] {scheduler_job.py:627} INFO - Processing file /home/airflow/.local/lib/python3.8/site-packages/airflow/example_dags/example_kubernetes_executor_config.py for tasks to queue
[2021-02-06 06:51:46,501] {logging_mixin.py:104} INFO - [2021-02-06 06:51:46,501] {dagbag.py:449} INFO - Filling up the DagBag from /home/airflow/.local/lib/python3.8/site-packages/airflow/example_dags/example_kubernetes_executor_config.py
[2021-02-06 06:51:46,509] {scheduler_job.py:637} INFO - DAG(s) dict_keys(['example_kubernetes_executor_config']) retrieved from /home/airflow/.local/lib/python3.8/site-packages/airflow/example_dags/example_kubernetes_executor_config.py
[2021-02-06 06:51:46,523] {logging_mixin.py:104} INFO - [2021-02-06 06:51:46,523] {dag.py:1818} INFO - Sync 1 DAGs
[2021-02-06 06:51:46,531] {logging_mixin.py:104} INFO - [2021-02-06 06:51:46,531] {dag.py:2273} INFO - Setting next_dagrun for example_kubernetes_executor_config to None
[2021-02-06 06:51:46,535] {scheduler_job.py:189} INFO - Processing /home/airflow/.local/lib/python3.8/site-packages/airflow/example_dags/example_kubernetes_executor_config.py took 0.038 seconds
[2021-02-06 06:52:17,261] {scheduler_job.py:181} INFO - Started process (PID=198) to work on /home/airflow/.local/lib/python3.8/site-packages/airflow/example_dags/example_kubernetes_executor_config.py
[2021-02-06 06:52:17,263] {scheduler_job.py:627} INFO - Processing file /home/airflow/.local/lib/python3.8/site-packages/airflow/example_dags/example_kubernetes_executor_config.py for tasks to queue
[2021-02-06 06:52:17,263] {logging_mixin.py:104} INFO - [2021-02-06 06:52:17,263] {dagbag.py:449} INFO - Filling up the DagBag from /home/airflow/.local/lib/python3.8/site-packages/airflow/example_dags/example_kubernetes_executor_config.py
[2021-02-06 06:52:17,269] {scheduler_job.py:637} INFO - DAG(s) dict_keys(['example_kubernetes_executor_config']) retrieved from /home/airflow/.local/lib/python3.8/site-packages/airflow/example_dags/example_kubernetes_executor_config.py
[2021-02-06 06:52:17,283] {logging_mixin.py:104} INFO - [2021-02-06 06:52:17,283] {dag.py:1818} INFO - Sync 1 DAGs
[2021-02-06 06:52:17,291] {logging_mixin.py:104} INFO - [2021-02-06 06:52:17,291] {dag.py:2273} INFO - Setting next_dagrun for example_kubernetes_executor_config to None
[2021-02-06 06:52:17,295] {scheduler_job.py:189} INFO - Processing /home/airflow/.local/lib/python3.8/site-packages/airflow/example_dags/example_kubernetes_executor_config.py took 0.036 seconds
[2021-02-06 06:52:48,006] {scheduler_job.py:181} INFO - Started process (PID=224) to work on /home/airflow/.local/lib/python3.8/site-packages/airflow/example_dags/example_kubernetes_executor_config.py
[2021-02-06 06:52:48,007] {scheduler_job.py:627} INFO - Processing file /home/airflow/.local/lib/python3.8/site-packages/airflow/example_dags/example_kubernetes_executor_config.py for tasks to queue
[2021-02-06 06:52:48,007] {logging_mixin.py:104} INFO - [2021-02-06 06:52:48,007] {dagbag.py:449} INFO - Filling up the DagBag from /home/airflow/.local/lib/python3.8/site-packages/airflow/example_dags/example_kubernetes_executor_config.py
[2021-02-06 06:52:48,015] {scheduler_job.py:637} INFO - DAG(s) dict_keys(['example_kubernetes_executor_config']) retrieved from /home/airflow/.local/lib/python3.8/site-packages/airflow/example_dags/example_kubernetes_executor_config.py
[2021-02-06 06:52:48,033] {logging_mixin.py:104} INFO - [2021-02-06 06:52:48,032] {dag.py:1818} INFO - Sync 1 DAGs
[2021-02-06 06:52:48,039] {logging_mixin.py:104} INFO - [2021-02-06 06:52:48,039] {dag.py:2273} INFO - Setting next_dagrun for example_kubernetes_executor_config to None
[2021-02-06 06:52:48,043] {scheduler_job.py:189} INFO - Processing /home/airflow/.local/lib/python3.8/site-packages/airflow/example_dags/example_kubernetes_executor_config.py took 0.039 seconds
[2021-02-06 06:53:18,709] {scheduler_job.py:181} INFO - Started process (PID=250) to work on /home/airflow/.local/lib/python3.8/site-packages/airflow/example_dags/example_kubernetes_executor_config.py
[2021-02-06 06:53:18,710] {scheduler_job.py:627} INFO - Processing file /home/airflow/.local/lib/python3.8/site-packages/airflow/example_dags/example_kubernetes_executor_config.py for tasks to queue
[2021-02-06 06:53:18,710] {logging_mixin.py:104} INFO - [2021-02-06 06:53:18,710] {dagbag.py:449} INFO - Filling up the DagBag from /home/airflow/.local/lib/python3.8/site-packages/airflow/example_dags/example_kubernetes_executor_config.py
[2021-02-06 06:53:18,718] {scheduler_job.py:637} INFO - DAG(s) dict_keys(['example_kubernetes_executor_config']) retrieved from /home/airflow/.local/lib/python3.8/site-packages/airflow/example_dags/example_kubernetes_executor_config.py
[2021-02-06 06:53:18,734] {logging_mixin.py:104} INFO - [2021-02-06 06:53:18,733] {dag.py:1818} INFO - Sync 1 DAGs
[2021-02-06 06:53:18,741] {logging_mixin.py:104} INFO - [2021-02-06 06:53:18,741] {dag.py:2273} INFO - Setting next_dagrun for example_kubernetes_executor_config to None
[2021-02-06 06:53:18,747] {scheduler_job.py:189} INFO - Processing /home/airflow/.local/lib/python3.8/site-packages/airflow/example_dags/example_kubernetes_executor_config.py took 0.041 seconds
[2021-02-06 06:53:49,465] {scheduler_job.py:181} INFO - Started process (PID=276) to work on /home/airflow/.local/lib/python3.8/site-packages/airflow/example_dags/example_kubernetes_executor_config.py
[2021-02-06 06:53:49,466] {scheduler_job.py:627} INFO - Processing file /home/airflow/.local/lib/python3.8/site-packages/airflow/example_dags/example_kubernetes_executor_config.py for tasks to queue
[2021-02-06 06:53:49,466] {logging_mixin.py:104} INFO - [2021-02-06 06:53:49,466] {dagbag.py:449} INFO - Filling up the DagBag from /home/airflow/.local/lib/python3.8/site-packages/airflow/example_dags/example_kubernetes_executor_config.py
[2021-02-06 06:53:49,474] {scheduler_job.py:637} INFO - DAG(s) dict_keys(['example_kubernetes_executor_config']) retrieved from /home/airflow/.local/lib/python3.8/site-packages/airflow/example_dags/example_kubernetes_executor_config.py
[2021-02-06 06:53:49,489] {logging_mixin.py:104} INFO - [2021-02-06 06:53:49,489] {dag.py:1818} INFO - Sync 1 DAGs
[2021-02-06 06:53:49,496] {logging_mixin.py:104} INFO - [2021-02-06 06:53:49,496] {dag.py:2273} INFO - Setting next_dagrun for example_kubernetes_executor_config to None
[2021-02-06 06:53:49,503] {scheduler_job.py:189} INFO - Processing /home/airflow/.local/lib/python3.8/site-packages/airflow/example_dags/example_kubernetes_executor_config.py took 0.040 seconds
[2021-02-06 06:54:20,169] {scheduler_job.py:181} INFO - Started process (PID=302) to work on /home/airflow/.local/lib/python3.8/site-packages/airflow/example_dags/example_kubernetes_executor_config.py
[2021-02-06 06:54:20,169] {scheduler_job.py:627} INFO - Processing file /home/airflow/.local/lib/python3.8/site-packages/airflow/example_dags/example_kubernetes_executor_config.py for tasks to queue
[2021-02-06 06:54:20,170] {logging_mixin.py:104} INFO - [2021-02-06 06:54:20,170] {dagbag.py:449} INFO - Filling up the DagBag from /home/airflow/.local/lib/python3.8/site-packages/airflow/example_dags/example_kubernetes_executor_config.py
[2021-02-06 06:54:20,178] {scheduler_job.py:637} INFO - DAG(s) dict_keys(['example_kubernetes_executor_config']) retrieved from /home/airflow/.local/lib/python3.8/site-packages/airflow/example_dags/example_kubernetes_executor_config.py
[2021-02-06 06:54:20,194] {logging_mixin.py:104} INFO - [2021-02-06 06:54:20,194] {dag.py:1818} INFO - Sync 1 DAGs
[2021-02-06 06:54:20,200] {logging_mixin.py:104} INFO - [2021-02-06 06:54:20,200] {dag.py:2273} INFO - Setting next_dagrun for example_kubernetes_executor_config to None
[2021-02-06 06:54:20,206] {scheduler_job.py:189} INFO - Processing /home/airflow/.local/lib/python3.8/site-packages/airflow/example_dags/example_kubernetes_executor_config.py took 0.040 seconds
[2021-02-06 06:54:50,911] {scheduler_job.py:181} INFO - Started process (PID=328) to work on /home/airflow/.local/lib/python3.8/site-packages/airflow/example_dags/example_kubernetes_executor_config.py
[2021-02-06 06:54:50,912] {scheduler_job.py:627} INFO - Processing file /home/airflow/.local/lib/python3.8/site-packages/airflow/example_dags/example_kubernetes_executor_config.py for tasks to queue
[2021-02-06 06:54:50,913] {logging_mixin.py:104} INFO - [2021-02-06 06:54:50,913] {dagbag.py:449} INFO - Filling up the DagBag from /home/airflow/.local/lib/python3.8/site-packages/airflow/example_dags/example_kubernetes_executor_config.py
[2021-02-06 06:54:50,920] {scheduler_job.py:637} INFO - DAG(s) dict_keys(['example_kubernetes_executor_config']) retrieved from /home/airflow/.local/lib/python3.8/site-packages/airflow/example_dags/example_kubernetes_executor_config.py
[2021-02-06 06:54:50,934] {logging_mixin.py:104} INFO - [2021-02-06 06:54:50,934] {dag.py:1818} INFO - Sync 1 DAGs
[2021-02-06 06:54:50,941] {logging_mixin.py:104} INFO - [2021-02-06 06:54:50,941] {dag.py:2273} INFO - Setting next_dagrun for example_kubernetes_executor_config to None
[2021-02-06 06:54:50,948] {scheduler_job.py:189} INFO - Processing /home/airflow/.local/lib/python3.8/site-packages/airflow/example_dags/example_kubernetes_executor_config.py took 0.039 seconds
[2021-02-06 06:55:21,687] {scheduler_job.py:181} INFO - Started process (PID=354) to work on /home/airflow/.local/lib/python3.8/site-packages/airflow/example_dags/example_kubernetes_executor_config.py
[2021-02-06 06:55:21,687] {scheduler_job.py:627} INFO - Processing file /home/airflow/.local/lib/python3.8/site-packages/airflow/example_dags/example_kubernetes_executor_config.py for tasks to queue
[2021-02-06 06:55:21,688] {logging_mixin.py:104} INFO - [2021-02-06 06:55:21,688] {dagbag.py:449} INFO - Filling up the DagBag from /home/airflow/.local/lib/python3.8/site-packages/airflow/example_dags/example_kubernetes_executor_config.py
[2021-02-06 06:55:21,696] {scheduler_job.py:637} INFO - DAG(s) dict_keys(['example_kubernetes_executor_config']) retrieved from /home/airflow/.local/lib/python3.8/site-packages/airflow/example_dags/example_kubernetes_executor_config.py
[2021-02-06 06:55:21,710] {logging_mixin.py:104} INFO - [2021-02-06 06:55:21,710] {dag.py:1818} INFO - Sync 1 DAGs
[2021-02-06 06:55:21,717] {logging_mixin.py:104} INFO - [2021-02-06 06:55:21,717] {dag.py:2273} INFO - Setting next_dagrun for example_kubernetes_executor_config to None
[2021-02-06 06:55:21,724] {scheduler_job.py:189} INFO - Processing /home/airflow/.local/lib/python3.8/site-packages/airflow/example_dags/example_kubernetes_executor_config.py took 0.039 seconds
[2021-02-06 06:55:52,376] {scheduler_job.py:181} INFO - Started process (PID=380) to work on /home/airflow/.local/lib/python3.8/site-packages/airflow/example_dags/example_kubernetes_executor_config.py
[2021-02-06 06:55:52,376] {scheduler_job.py:627} INFO - Processing file /home/airflow/.local/lib/python3.8/site-packages/airflow/example_dags/example_kubernetes_executor_config.py for tasks to queue
[2021-02-06 06:55:52,377] {logging_mixin.py:104} INFO - [2021-02-06 06:55:52,377] {dagbag.py:449} INFO - Filling up the DagBag from /home/airflow/.local/lib/python3.8/site-packages/airflow/example_dags/example_kubernetes_executor_config.py
[2021-02-06 06:55:52,385] {scheduler_job.py:637} INFO - DAG(s) dict_keys(['example_kubernetes_executor_config']) retrieved from /home/airflow/.local/lib/python3.8/site-packages/airflow/example_dags/example_kubernetes_executor_config.py
[2021-02-06 06:55:52,401] {logging_mixin.py:104} INFO - [2021-02-06 06:55:52,401] {dag.py:1818} INFO - Sync 1 DAGs
[2021-02-06 06:55:52,408] {logging_mixin.py:104} INFO - [2021-02-06 06:55:52,407] {dag.py:2273} INFO - Setting next_dagrun for example_kubernetes_executor_config to None
[2021-02-06 06:55:52,412] {scheduler_job.py:189} INFO - Processing /home/airflow/.local/lib/python3.8/site-packages/airflow/example_dags/example_kubernetes_executor_config.py took 0.038 seconds
