[2021-02-06 12:55:42,218] {scheduler_job.py:181} INFO - Started process (PID=52) to work on /home/airflow/.local/lib/python3.8/site-packages/airflow/example_dags/example_xcomargs.py
[2021-02-06 12:55:42,219] {scheduler_job.py:627} INFO - Processing file /home/airflow/.local/lib/python3.8/site-packages/airflow/example_dags/example_xcomargs.py for tasks to queue
[2021-02-06 12:55:42,219] {logging_mixin.py:104} INFO - [2021-02-06 12:55:42,219] {dagbag.py:449} INFO - Filling up the DagBag from /home/airflow/.local/lib/python3.8/site-packages/airflow/example_dags/example_xcomargs.py
[2021-02-06 12:55:42,227] {scheduler_job.py:637} INFO - DAG(s) dict_keys(['example_xcom_args', 'example_xcom_args_with_operators']) retrieved from /home/airflow/.local/lib/python3.8/site-packages/airflow/example_dags/example_xcomargs.py
[2021-02-06 12:55:42,248] {logging_mixin.py:104} INFO - [2021-02-06 12:55:42,248] {dag.py:1818} INFO - Sync 2 DAGs
[2021-02-06 12:55:42,253] {logging_mixin.py:104} INFO - [2021-02-06 12:55:42,253] {dag.py:1837} INFO - Creating ORM DAG for example_xcom_args
[2021-02-06 12:55:42,254] {logging_mixin.py:104} INFO - [2021-02-06 12:55:42,254] {dag.py:1837} INFO - Creating ORM DAG for example_xcom_args_with_operators
[2021-02-06 12:55:42,258] {logging_mixin.py:104} INFO - [2021-02-06 12:55:42,258] {dag.py:2273} INFO - Setting next_dagrun for example_xcom_args to None
[2021-02-06 12:55:42,259] {logging_mixin.py:104} INFO - [2021-02-06 12:55:42,259] {dag.py:2273} INFO - Setting next_dagrun for example_xcom_args_with_operators to None
[2021-02-06 12:55:42,270] {scheduler_job.py:189} INFO - Processing /home/airflow/.local/lib/python3.8/site-packages/airflow/example_dags/example_xcomargs.py took 0.054 seconds
[2021-02-06 12:56:13,091] {scheduler_job.py:181} INFO - Started process (PID=78) to work on /home/airflow/.local/lib/python3.8/site-packages/airflow/example_dags/example_xcomargs.py
[2021-02-06 12:56:13,092] {scheduler_job.py:627} INFO - Processing file /home/airflow/.local/lib/python3.8/site-packages/airflow/example_dags/example_xcomargs.py for tasks to queue
[2021-02-06 12:56:13,092] {logging_mixin.py:104} INFO - [2021-02-06 12:56:13,092] {dagbag.py:449} INFO - Filling up the DagBag from /home/airflow/.local/lib/python3.8/site-packages/airflow/example_dags/example_xcomargs.py
[2021-02-06 12:56:13,099] {scheduler_job.py:637} INFO - DAG(s) dict_keys(['example_xcom_args', 'example_xcom_args_with_operators']) retrieved from /home/airflow/.local/lib/python3.8/site-packages/airflow/example_dags/example_xcomargs.py
[2021-02-06 12:56:13,117] {logging_mixin.py:104} INFO - [2021-02-06 12:56:13,117] {dag.py:1818} INFO - Sync 2 DAGs
[2021-02-06 12:56:13,125] {logging_mixin.py:104} INFO - [2021-02-06 12:56:13,125] {dag.py:2273} INFO - Setting next_dagrun for example_xcom_args to None
[2021-02-06 12:56:13,126] {logging_mixin.py:104} INFO - [2021-02-06 12:56:13,126] {dag.py:2273} INFO - Setting next_dagrun for example_xcom_args_with_operators to None
[2021-02-06 12:56:13,135] {scheduler_job.py:189} INFO - Processing /home/airflow/.local/lib/python3.8/site-packages/airflow/example_dags/example_xcomargs.py took 0.045 seconds
[2021-02-06 12:56:43,789] {scheduler_job.py:181} INFO - Started process (PID=104) to work on /home/airflow/.local/lib/python3.8/site-packages/airflow/example_dags/example_xcomargs.py
[2021-02-06 12:56:43,789] {scheduler_job.py:627} INFO - Processing file /home/airflow/.local/lib/python3.8/site-packages/airflow/example_dags/example_xcomargs.py for tasks to queue
[2021-02-06 12:56:43,790] {logging_mixin.py:104} INFO - [2021-02-06 12:56:43,790] {dagbag.py:449} INFO - Filling up the DagBag from /home/airflow/.local/lib/python3.8/site-packages/airflow/example_dags/example_xcomargs.py
[2021-02-06 12:56:43,796] {scheduler_job.py:637} INFO - DAG(s) dict_keys(['example_xcom_args', 'example_xcom_args_with_operators']) retrieved from /home/airflow/.local/lib/python3.8/site-packages/airflow/example_dags/example_xcomargs.py
[2021-02-06 12:56:43,813] {logging_mixin.py:104} INFO - [2021-02-06 12:56:43,812] {dag.py:1818} INFO - Sync 2 DAGs
[2021-02-06 12:56:43,820] {logging_mixin.py:104} INFO - [2021-02-06 12:56:43,820] {dag.py:2273} INFO - Setting next_dagrun for example_xcom_args to None
[2021-02-06 12:56:43,821] {logging_mixin.py:104} INFO - [2021-02-06 12:56:43,821] {dag.py:2273} INFO - Setting next_dagrun for example_xcom_args_with_operators to None
[2021-02-06 12:56:43,828] {scheduler_job.py:189} INFO - Processing /home/airflow/.local/lib/python3.8/site-packages/airflow/example_dags/example_xcomargs.py took 0.040 seconds
[2021-02-06 12:57:14,566] {scheduler_job.py:181} INFO - Started process (PID=130) to work on /home/airflow/.local/lib/python3.8/site-packages/airflow/example_dags/example_xcomargs.py
[2021-02-06 12:57:14,567] {scheduler_job.py:627} INFO - Processing file /home/airflow/.local/lib/python3.8/site-packages/airflow/example_dags/example_xcomargs.py for tasks to queue
[2021-02-06 12:57:14,568] {logging_mixin.py:104} INFO - [2021-02-06 12:57:14,568] {dagbag.py:449} INFO - Filling up the DagBag from /home/airflow/.local/lib/python3.8/site-packages/airflow/example_dags/example_xcomargs.py
[2021-02-06 12:57:14,575] {scheduler_job.py:637} INFO - DAG(s) dict_keys(['example_xcom_args', 'example_xcom_args_with_operators']) retrieved from /home/airflow/.local/lib/python3.8/site-packages/airflow/example_dags/example_xcomargs.py
[2021-02-06 12:57:14,593] {logging_mixin.py:104} INFO - [2021-02-06 12:57:14,593] {dag.py:1818} INFO - Sync 2 DAGs
[2021-02-06 12:57:14,601] {logging_mixin.py:104} INFO - [2021-02-06 12:57:14,601] {dag.py:2273} INFO - Setting next_dagrun for example_xcom_args to None
[2021-02-06 12:57:14,602] {logging_mixin.py:104} INFO - [2021-02-06 12:57:14,602] {dag.py:2273} INFO - Setting next_dagrun for example_xcom_args_with_operators to None
[2021-02-06 12:57:14,609] {scheduler_job.py:189} INFO - Processing /home/airflow/.local/lib/python3.8/site-packages/airflow/example_dags/example_xcomargs.py took 0.044 seconds
[2021-02-06 12:57:45,278] {scheduler_job.py:181} INFO - Started process (PID=156) to work on /home/airflow/.local/lib/python3.8/site-packages/airflow/example_dags/example_xcomargs.py
[2021-02-06 12:57:45,279] {scheduler_job.py:627} INFO - Processing file /home/airflow/.local/lib/python3.8/site-packages/airflow/example_dags/example_xcomargs.py for tasks to queue
[2021-02-06 12:57:45,280] {logging_mixin.py:104} INFO - [2021-02-06 12:57:45,279] {dagbag.py:449} INFO - Filling up the DagBag from /home/airflow/.local/lib/python3.8/site-packages/airflow/example_dags/example_xcomargs.py
[2021-02-06 12:57:45,286] {scheduler_job.py:637} INFO - DAG(s) dict_keys(['example_xcom_args', 'example_xcom_args_with_operators']) retrieved from /home/airflow/.local/lib/python3.8/site-packages/airflow/example_dags/example_xcomargs.py
[2021-02-06 12:57:45,303] {logging_mixin.py:104} INFO - [2021-02-06 12:57:45,302] {dag.py:1818} INFO - Sync 2 DAGs
[2021-02-06 12:57:45,310] {logging_mixin.py:104} INFO - [2021-02-06 12:57:45,310] {dag.py:2273} INFO - Setting next_dagrun for example_xcom_args to None
[2021-02-06 12:57:45,311] {logging_mixin.py:104} INFO - [2021-02-06 12:57:45,311] {dag.py:2273} INFO - Setting next_dagrun for example_xcom_args_with_operators to None
[2021-02-06 12:57:45,318] {scheduler_job.py:189} INFO - Processing /home/airflow/.local/lib/python3.8/site-packages/airflow/example_dags/example_xcomargs.py took 0.041 seconds
[2021-02-06 12:58:15,988] {scheduler_job.py:181} INFO - Started process (PID=182) to work on /home/airflow/.local/lib/python3.8/site-packages/airflow/example_dags/example_xcomargs.py
[2021-02-06 12:58:15,989] {scheduler_job.py:627} INFO - Processing file /home/airflow/.local/lib/python3.8/site-packages/airflow/example_dags/example_xcomargs.py for tasks to queue
[2021-02-06 12:58:15,990] {logging_mixin.py:104} INFO - [2021-02-06 12:58:15,990] {dagbag.py:449} INFO - Filling up the DagBag from /home/airflow/.local/lib/python3.8/site-packages/airflow/example_dags/example_xcomargs.py
[2021-02-06 12:58:15,998] {scheduler_job.py:637} INFO - DAG(s) dict_keys(['example_xcom_args', 'example_xcom_args_with_operators']) retrieved from /home/airflow/.local/lib/python3.8/site-packages/airflow/example_dags/example_xcomargs.py
[2021-02-06 12:58:16,014] {logging_mixin.py:104} INFO - [2021-02-06 12:58:16,014] {dag.py:1818} INFO - Sync 2 DAGs
[2021-02-06 12:58:16,022] {logging_mixin.py:104} INFO - [2021-02-06 12:58:16,022] {dag.py:2273} INFO - Setting next_dagrun for example_xcom_args to None
[2021-02-06 12:58:16,023] {logging_mixin.py:104} INFO - [2021-02-06 12:58:16,023] {dag.py:2273} INFO - Setting next_dagrun for example_xcom_args_with_operators to None
[2021-02-06 12:58:16,033] {scheduler_job.py:189} INFO - Processing /home/airflow/.local/lib/python3.8/site-packages/airflow/example_dags/example_xcomargs.py took 0.047 seconds
[2021-02-06 12:58:46,681] {scheduler_job.py:181} INFO - Started process (PID=208) to work on /home/airflow/.local/lib/python3.8/site-packages/airflow/example_dags/example_xcomargs.py
[2021-02-06 12:58:46,681] {scheduler_job.py:627} INFO - Processing file /home/airflow/.local/lib/python3.8/site-packages/airflow/example_dags/example_xcomargs.py for tasks to queue
[2021-02-06 12:58:46,682] {logging_mixin.py:104} INFO - [2021-02-06 12:58:46,682] {dagbag.py:449} INFO - Filling up the DagBag from /home/airflow/.local/lib/python3.8/site-packages/airflow/example_dags/example_xcomargs.py
[2021-02-06 12:58:46,689] {scheduler_job.py:637} INFO - DAG(s) dict_keys(['example_xcom_args', 'example_xcom_args_with_operators']) retrieved from /home/airflow/.local/lib/python3.8/site-packages/airflow/example_dags/example_xcomargs.py
[2021-02-06 12:58:46,704] {logging_mixin.py:104} INFO - [2021-02-06 12:58:46,704] {dag.py:1818} INFO - Sync 2 DAGs
[2021-02-06 12:58:46,712] {logging_mixin.py:104} INFO - [2021-02-06 12:58:46,712] {dag.py:2273} INFO - Setting next_dagrun for example_xcom_args to None
[2021-02-06 12:58:46,713] {logging_mixin.py:104} INFO - [2021-02-06 12:58:46,713] {dag.py:2273} INFO - Setting next_dagrun for example_xcom_args_with_operators to None
[2021-02-06 12:58:46,722] {scheduler_job.py:189} INFO - Processing /home/airflow/.local/lib/python3.8/site-packages/airflow/example_dags/example_xcomargs.py took 0.043 seconds
[2021-02-06 12:59:17,393] {scheduler_job.py:181} INFO - Started process (PID=234) to work on /home/airflow/.local/lib/python3.8/site-packages/airflow/example_dags/example_xcomargs.py
[2021-02-06 12:59:17,393] {scheduler_job.py:627} INFO - Processing file /home/airflow/.local/lib/python3.8/site-packages/airflow/example_dags/example_xcomargs.py for tasks to queue
[2021-02-06 12:59:17,394] {logging_mixin.py:104} INFO - [2021-02-06 12:59:17,394] {dagbag.py:449} INFO - Filling up the DagBag from /home/airflow/.local/lib/python3.8/site-packages/airflow/example_dags/example_xcomargs.py
[2021-02-06 12:59:17,402] {scheduler_job.py:637} INFO - DAG(s) dict_keys(['example_xcom_args', 'example_xcom_args_with_operators']) retrieved from /home/airflow/.local/lib/python3.8/site-packages/airflow/example_dags/example_xcomargs.py
[2021-02-06 12:59:17,417] {logging_mixin.py:104} INFO - [2021-02-06 12:59:17,417] {dag.py:1818} INFO - Sync 2 DAGs
[2021-02-06 12:59:17,425] {logging_mixin.py:104} INFO - [2021-02-06 12:59:17,425] {dag.py:2273} INFO - Setting next_dagrun for example_xcom_args to None
[2021-02-06 12:59:17,426] {logging_mixin.py:104} INFO - [2021-02-06 12:59:17,426] {dag.py:2273} INFO - Setting next_dagrun for example_xcom_args_with_operators to None
[2021-02-06 12:59:17,433] {scheduler_job.py:189} INFO - Processing /home/airflow/.local/lib/python3.8/site-packages/airflow/example_dags/example_xcomargs.py took 0.042 seconds
[2021-02-06 12:59:48,118] {scheduler_job.py:181} INFO - Started process (PID=260) to work on /home/airflow/.local/lib/python3.8/site-packages/airflow/example_dags/example_xcomargs.py
[2021-02-06 12:59:48,119] {scheduler_job.py:627} INFO - Processing file /home/airflow/.local/lib/python3.8/site-packages/airflow/example_dags/example_xcomargs.py for tasks to queue
[2021-02-06 12:59:48,119] {logging_mixin.py:104} INFO - [2021-02-06 12:59:48,119] {dagbag.py:449} INFO - Filling up the DagBag from /home/airflow/.local/lib/python3.8/site-packages/airflow/example_dags/example_xcomargs.py
[2021-02-06 12:59:48,128] {scheduler_job.py:637} INFO - DAG(s) dict_keys(['example_xcom_args', 'example_xcom_args_with_operators']) retrieved from /home/airflow/.local/lib/python3.8/site-packages/airflow/example_dags/example_xcomargs.py
[2021-02-06 12:59:48,144] {logging_mixin.py:104} INFO - [2021-02-06 12:59:48,144] {dag.py:1818} INFO - Sync 2 DAGs
[2021-02-06 12:59:48,152] {logging_mixin.py:104} INFO - [2021-02-06 12:59:48,152] {dag.py:2273} INFO - Setting next_dagrun for example_xcom_args to None
[2021-02-06 12:59:48,153] {logging_mixin.py:104} INFO - [2021-02-06 12:59:48,152] {dag.py:2273} INFO - Setting next_dagrun for example_xcom_args_with_operators to None
[2021-02-06 12:59:48,161] {scheduler_job.py:189} INFO - Processing /home/airflow/.local/lib/python3.8/site-packages/airflow/example_dags/example_xcomargs.py took 0.045 seconds
[2021-02-06 13:00:19,073] {scheduler_job.py:181} INFO - Started process (PID=286) to work on /home/airflow/.local/lib/python3.8/site-packages/airflow/example_dags/example_xcomargs.py
[2021-02-06 13:00:19,074] {scheduler_job.py:627} INFO - Processing file /home/airflow/.local/lib/python3.8/site-packages/airflow/example_dags/example_xcomargs.py for tasks to queue
[2021-02-06 13:00:19,074] {logging_mixin.py:104} INFO - [2021-02-06 13:00:19,074] {dagbag.py:449} INFO - Filling up the DagBag from /home/airflow/.local/lib/python3.8/site-packages/airflow/example_dags/example_xcomargs.py
[2021-02-06 13:00:19,084] {scheduler_job.py:637} INFO - DAG(s) dict_keys(['example_xcom_args', 'example_xcom_args_with_operators']) retrieved from /home/airflow/.local/lib/python3.8/site-packages/airflow/example_dags/example_xcomargs.py
[2021-02-06 13:00:19,102] {logging_mixin.py:104} INFO - [2021-02-06 13:00:19,101] {dag.py:1818} INFO - Sync 2 DAGs
[2021-02-06 13:00:19,111] {logging_mixin.py:104} INFO - [2021-02-06 13:00:19,111] {dag.py:2273} INFO - Setting next_dagrun for example_xcom_args to None
[2021-02-06 13:00:19,112] {logging_mixin.py:104} INFO - [2021-02-06 13:00:19,112] {dag.py:2273} INFO - Setting next_dagrun for example_xcom_args_with_operators to None
[2021-02-06 13:00:19,120] {scheduler_job.py:189} INFO - Processing /home/airflow/.local/lib/python3.8/site-packages/airflow/example_dags/example_xcomargs.py took 0.049 seconds
[2021-02-06 13:00:49,984] {scheduler_job.py:181} INFO - Started process (PID=312) to work on /home/airflow/.local/lib/python3.8/site-packages/airflow/example_dags/example_xcomargs.py
[2021-02-06 13:00:49,985] {scheduler_job.py:627} INFO - Processing file /home/airflow/.local/lib/python3.8/site-packages/airflow/example_dags/example_xcomargs.py for tasks to queue
[2021-02-06 13:00:49,985] {logging_mixin.py:104} INFO - [2021-02-06 13:00:49,985] {dagbag.py:449} INFO - Filling up the DagBag from /home/airflow/.local/lib/python3.8/site-packages/airflow/example_dags/example_xcomargs.py
[2021-02-06 13:00:49,993] {scheduler_job.py:637} INFO - DAG(s) dict_keys(['example_xcom_args', 'example_xcom_args_with_operators']) retrieved from /home/airflow/.local/lib/python3.8/site-packages/airflow/example_dags/example_xcomargs.py
[2021-02-06 13:00:50,008] {logging_mixin.py:104} INFO - [2021-02-06 13:00:50,008] {dag.py:1818} INFO - Sync 2 DAGs
[2021-02-06 13:00:50,017] {logging_mixin.py:104} INFO - [2021-02-06 13:00:50,016] {dag.py:2273} INFO - Setting next_dagrun for example_xcom_args to None
[2021-02-06 13:00:50,017] {logging_mixin.py:104} INFO - [2021-02-06 13:00:50,017] {dag.py:2273} INFO - Setting next_dagrun for example_xcom_args_with_operators to None
[2021-02-06 13:00:50,025] {scheduler_job.py:189} INFO - Processing /home/airflow/.local/lib/python3.8/site-packages/airflow/example_dags/example_xcomargs.py took 0.043 seconds
[2021-02-06 13:01:20,692] {scheduler_job.py:181} INFO - Started process (PID=338) to work on /home/airflow/.local/lib/python3.8/site-packages/airflow/example_dags/example_xcomargs.py
[2021-02-06 13:01:20,693] {scheduler_job.py:627} INFO - Processing file /home/airflow/.local/lib/python3.8/site-packages/airflow/example_dags/example_xcomargs.py for tasks to queue
[2021-02-06 13:01:20,693] {logging_mixin.py:104} INFO - [2021-02-06 13:01:20,693] {dagbag.py:449} INFO - Filling up the DagBag from /home/airflow/.local/lib/python3.8/site-packages/airflow/example_dags/example_xcomargs.py
[2021-02-06 13:01:20,699] {scheduler_job.py:637} INFO - DAG(s) dict_keys(['example_xcom_args', 'example_xcom_args_with_operators']) retrieved from /home/airflow/.local/lib/python3.8/site-packages/airflow/example_dags/example_xcomargs.py
[2021-02-06 13:01:20,715] {logging_mixin.py:104} INFO - [2021-02-06 13:01:20,715] {dag.py:1818} INFO - Sync 2 DAGs
[2021-02-06 13:01:20,723] {logging_mixin.py:104} INFO - [2021-02-06 13:01:20,723] {dag.py:2273} INFO - Setting next_dagrun for example_xcom_args to None
[2021-02-06 13:01:20,724] {logging_mixin.py:104} INFO - [2021-02-06 13:01:20,724] {dag.py:2273} INFO - Setting next_dagrun for example_xcom_args_with_operators to None
[2021-02-06 13:01:20,732] {scheduler_job.py:189} INFO - Processing /home/airflow/.local/lib/python3.8/site-packages/airflow/example_dags/example_xcomargs.py took 0.042 seconds
[2021-02-06 13:01:51,418] {scheduler_job.py:181} INFO - Started process (PID=364) to work on /home/airflow/.local/lib/python3.8/site-packages/airflow/example_dags/example_xcomargs.py
[2021-02-06 13:01:51,418] {scheduler_job.py:627} INFO - Processing file /home/airflow/.local/lib/python3.8/site-packages/airflow/example_dags/example_xcomargs.py for tasks to queue
[2021-02-06 13:01:51,419] {logging_mixin.py:104} INFO - [2021-02-06 13:01:51,419] {dagbag.py:449} INFO - Filling up the DagBag from /home/airflow/.local/lib/python3.8/site-packages/airflow/example_dags/example_xcomargs.py
[2021-02-06 13:01:51,426] {scheduler_job.py:637} INFO - DAG(s) dict_keys(['example_xcom_args', 'example_xcom_args_with_operators']) retrieved from /home/airflow/.local/lib/python3.8/site-packages/airflow/example_dags/example_xcomargs.py
[2021-02-06 13:01:51,442] {logging_mixin.py:104} INFO - [2021-02-06 13:01:51,442] {dag.py:1818} INFO - Sync 2 DAGs
[2021-02-06 13:01:51,450] {logging_mixin.py:104} INFO - [2021-02-06 13:01:51,450] {dag.py:2273} INFO - Setting next_dagrun for example_xcom_args to None
[2021-02-06 13:01:51,451] {logging_mixin.py:104} INFO - [2021-02-06 13:01:51,451] {dag.py:2273} INFO - Setting next_dagrun for example_xcom_args_with_operators to None
[2021-02-06 13:01:51,460] {scheduler_job.py:189} INFO - Processing /home/airflow/.local/lib/python3.8/site-packages/airflow/example_dags/example_xcomargs.py took 0.044 seconds
[2021-02-06 13:02:22,132] {scheduler_job.py:181} INFO - Started process (PID=390) to work on /home/airflow/.local/lib/python3.8/site-packages/airflow/example_dags/example_xcomargs.py
[2021-02-06 13:02:22,132] {scheduler_job.py:627} INFO - Processing file /home/airflow/.local/lib/python3.8/site-packages/airflow/example_dags/example_xcomargs.py for tasks to queue
[2021-02-06 13:02:22,133] {logging_mixin.py:104} INFO - [2021-02-06 13:02:22,133] {dagbag.py:449} INFO - Filling up the DagBag from /home/airflow/.local/lib/python3.8/site-packages/airflow/example_dags/example_xcomargs.py
[2021-02-06 13:02:22,140] {scheduler_job.py:637} INFO - DAG(s) dict_keys(['example_xcom_args', 'example_xcom_args_with_operators']) retrieved from /home/airflow/.local/lib/python3.8/site-packages/airflow/example_dags/example_xcomargs.py
[2021-02-06 13:02:22,155] {logging_mixin.py:104} INFO - [2021-02-06 13:02:22,155] {dag.py:1818} INFO - Sync 2 DAGs
[2021-02-06 13:02:22,163] {logging_mixin.py:104} INFO - [2021-02-06 13:02:22,163] {dag.py:2273} INFO - Setting next_dagrun for example_xcom_args to None
[2021-02-06 13:02:22,164] {logging_mixin.py:104} INFO - [2021-02-06 13:02:22,164] {dag.py:2273} INFO - Setting next_dagrun for example_xcom_args_with_operators to None
[2021-02-06 13:02:22,171] {scheduler_job.py:189} INFO - Processing /home/airflow/.local/lib/python3.8/site-packages/airflow/example_dags/example_xcomargs.py took 0.041 seconds
[2021-02-06 13:02:52,809] {scheduler_job.py:181} INFO - Started process (PID=416) to work on /home/airflow/.local/lib/python3.8/site-packages/airflow/example_dags/example_xcomargs.py
[2021-02-06 13:02:52,810] {scheduler_job.py:627} INFO - Processing file /home/airflow/.local/lib/python3.8/site-packages/airflow/example_dags/example_xcomargs.py for tasks to queue
[2021-02-06 13:02:52,810] {logging_mixin.py:104} INFO - [2021-02-06 13:02:52,810] {dagbag.py:449} INFO - Filling up the DagBag from /home/airflow/.local/lib/python3.8/site-packages/airflow/example_dags/example_xcomargs.py
[2021-02-06 13:02:52,817] {scheduler_job.py:637} INFO - DAG(s) dict_keys(['example_xcom_args', 'example_xcom_args_with_operators']) retrieved from /home/airflow/.local/lib/python3.8/site-packages/airflow/example_dags/example_xcomargs.py
[2021-02-06 13:02:52,833] {logging_mixin.py:104} INFO - [2021-02-06 13:02:52,833] {dag.py:1818} INFO - Sync 2 DAGs
[2021-02-06 13:02:52,841] {logging_mixin.py:104} INFO - [2021-02-06 13:02:52,841] {dag.py:2273} INFO - Setting next_dagrun for example_xcom_args to None
[2021-02-06 13:02:52,842] {logging_mixin.py:104} INFO - [2021-02-06 13:02:52,842] {dag.py:2273} INFO - Setting next_dagrun for example_xcom_args_with_operators to None
[2021-02-06 13:02:52,850] {scheduler_job.py:189} INFO - Processing /home/airflow/.local/lib/python3.8/site-packages/airflow/example_dags/example_xcomargs.py took 0.042 seconds
[2021-02-06 13:03:23,549] {scheduler_job.py:181} INFO - Started process (PID=442) to work on /home/airflow/.local/lib/python3.8/site-packages/airflow/example_dags/example_xcomargs.py
[2021-02-06 13:03:23,550] {scheduler_job.py:627} INFO - Processing file /home/airflow/.local/lib/python3.8/site-packages/airflow/example_dags/example_xcomargs.py for tasks to queue
[2021-02-06 13:03:23,551] {logging_mixin.py:104} INFO - [2021-02-06 13:03:23,551] {dagbag.py:449} INFO - Filling up the DagBag from /home/airflow/.local/lib/python3.8/site-packages/airflow/example_dags/example_xcomargs.py
[2021-02-06 13:03:23,558] {scheduler_job.py:637} INFO - DAG(s) dict_keys(['example_xcom_args', 'example_xcom_args_with_operators']) retrieved from /home/airflow/.local/lib/python3.8/site-packages/airflow/example_dags/example_xcomargs.py
[2021-02-06 13:03:23,576] {logging_mixin.py:104} INFO - [2021-02-06 13:03:23,575] {dag.py:1818} INFO - Sync 2 DAGs
[2021-02-06 13:03:23,585] {logging_mixin.py:104} INFO - [2021-02-06 13:03:23,585] {dag.py:2273} INFO - Setting next_dagrun for example_xcom_args to None
[2021-02-06 13:03:23,586] {logging_mixin.py:104} INFO - [2021-02-06 13:03:23,586] {dag.py:2273} INFO - Setting next_dagrun for example_xcom_args_with_operators to None
[2021-02-06 13:03:23,595] {scheduler_job.py:189} INFO - Processing /home/airflow/.local/lib/python3.8/site-packages/airflow/example_dags/example_xcomargs.py took 0.047 seconds
[2021-02-06 13:03:54,283] {scheduler_job.py:181} INFO - Started process (PID=468) to work on /home/airflow/.local/lib/python3.8/site-packages/airflow/example_dags/example_xcomargs.py
[2021-02-06 13:03:54,284] {scheduler_job.py:627} INFO - Processing file /home/airflow/.local/lib/python3.8/site-packages/airflow/example_dags/example_xcomargs.py for tasks to queue
[2021-02-06 13:03:54,284] {logging_mixin.py:104} INFO - [2021-02-06 13:03:54,284] {dagbag.py:449} INFO - Filling up the DagBag from /home/airflow/.local/lib/python3.8/site-packages/airflow/example_dags/example_xcomargs.py
[2021-02-06 13:03:54,290] {scheduler_job.py:637} INFO - DAG(s) dict_keys(['example_xcom_args', 'example_xcom_args_with_operators']) retrieved from /home/airflow/.local/lib/python3.8/site-packages/airflow/example_dags/example_xcomargs.py
[2021-02-06 13:03:54,306] {logging_mixin.py:104} INFO - [2021-02-06 13:03:54,306] {dag.py:1818} INFO - Sync 2 DAGs
[2021-02-06 13:03:54,314] {logging_mixin.py:104} INFO - [2021-02-06 13:03:54,314] {dag.py:2273} INFO - Setting next_dagrun for example_xcom_args to None
[2021-02-06 13:03:54,314] {logging_mixin.py:104} INFO - [2021-02-06 13:03:54,314] {dag.py:2273} INFO - Setting next_dagrun for example_xcom_args_with_operators to None
[2021-02-06 13:03:54,323] {scheduler_job.py:189} INFO - Processing /home/airflow/.local/lib/python3.8/site-packages/airflow/example_dags/example_xcomargs.py took 0.041 seconds
[2021-02-06 13:04:24,988] {scheduler_job.py:181} INFO - Started process (PID=494) to work on /home/airflow/.local/lib/python3.8/site-packages/airflow/example_dags/example_xcomargs.py
[2021-02-06 13:04:24,989] {scheduler_job.py:627} INFO - Processing file /home/airflow/.local/lib/python3.8/site-packages/airflow/example_dags/example_xcomargs.py for tasks to queue
[2021-02-06 13:04:24,989] {logging_mixin.py:104} INFO - [2021-02-06 13:04:24,989] {dagbag.py:449} INFO - Filling up the DagBag from /home/airflow/.local/lib/python3.8/site-packages/airflow/example_dags/example_xcomargs.py
[2021-02-06 13:04:24,996] {scheduler_job.py:637} INFO - DAG(s) dict_keys(['example_xcom_args', 'example_xcom_args_with_operators']) retrieved from /home/airflow/.local/lib/python3.8/site-packages/airflow/example_dags/example_xcomargs.py
[2021-02-06 13:04:25,014] {logging_mixin.py:104} INFO - [2021-02-06 13:04:25,014] {dag.py:1818} INFO - Sync 2 DAGs
[2021-02-06 13:04:25,021] {logging_mixin.py:104} INFO - [2021-02-06 13:04:25,021] {dag.py:2273} INFO - Setting next_dagrun for example_xcom_args to None
[2021-02-06 13:04:25,022] {logging_mixin.py:104} INFO - [2021-02-06 13:04:25,022] {dag.py:2273} INFO - Setting next_dagrun for example_xcom_args_with_operators to None
[2021-02-06 13:04:25,034] {scheduler_job.py:189} INFO - Processing /home/airflow/.local/lib/python3.8/site-packages/airflow/example_dags/example_xcomargs.py took 0.048 seconds
[2021-02-06 13:04:55,661] {scheduler_job.py:181} INFO - Started process (PID=520) to work on /home/airflow/.local/lib/python3.8/site-packages/airflow/example_dags/example_xcomargs.py
[2021-02-06 13:04:55,661] {scheduler_job.py:627} INFO - Processing file /home/airflow/.local/lib/python3.8/site-packages/airflow/example_dags/example_xcomargs.py for tasks to queue
[2021-02-06 13:04:55,662] {logging_mixin.py:104} INFO - [2021-02-06 13:04:55,662] {dagbag.py:449} INFO - Filling up the DagBag from /home/airflow/.local/lib/python3.8/site-packages/airflow/example_dags/example_xcomargs.py
[2021-02-06 13:04:55,668] {scheduler_job.py:637} INFO - DAG(s) dict_keys(['example_xcom_args', 'example_xcom_args_with_operators']) retrieved from /home/airflow/.local/lib/python3.8/site-packages/airflow/example_dags/example_xcomargs.py
[2021-02-06 13:04:55,683] {logging_mixin.py:104} INFO - [2021-02-06 13:04:55,683] {dag.py:1818} INFO - Sync 2 DAGs
[2021-02-06 13:04:55,690] {logging_mixin.py:104} INFO - [2021-02-06 13:04:55,690] {dag.py:2273} INFO - Setting next_dagrun for example_xcom_args to None
[2021-02-06 13:04:55,691] {logging_mixin.py:104} INFO - [2021-02-06 13:04:55,691] {dag.py:2273} INFO - Setting next_dagrun for example_xcom_args_with_operators to None
[2021-02-06 13:04:55,697] {scheduler_job.py:189} INFO - Processing /home/airflow/.local/lib/python3.8/site-packages/airflow/example_dags/example_xcomargs.py took 0.038 seconds
[2021-02-06 13:05:26,385] {scheduler_job.py:181} INFO - Started process (PID=546) to work on /home/airflow/.local/lib/python3.8/site-packages/airflow/example_dags/example_xcomargs.py
[2021-02-06 13:05:26,386] {scheduler_job.py:627} INFO - Processing file /home/airflow/.local/lib/python3.8/site-packages/airflow/example_dags/example_xcomargs.py for tasks to queue
[2021-02-06 13:05:26,386] {logging_mixin.py:104} INFO - [2021-02-06 13:05:26,386] {dagbag.py:449} INFO - Filling up the DagBag from /home/airflow/.local/lib/python3.8/site-packages/airflow/example_dags/example_xcomargs.py
[2021-02-06 13:05:26,393] {scheduler_job.py:637} INFO - DAG(s) dict_keys(['example_xcom_args', 'example_xcom_args_with_operators']) retrieved from /home/airflow/.local/lib/python3.8/site-packages/airflow/example_dags/example_xcomargs.py
[2021-02-06 13:05:26,409] {logging_mixin.py:104} INFO - [2021-02-06 13:05:26,409] {dag.py:1818} INFO - Sync 2 DAGs
[2021-02-06 13:05:26,418] {logging_mixin.py:104} INFO - [2021-02-06 13:05:26,418] {dag.py:2273} INFO - Setting next_dagrun for example_xcom_args to None
[2021-02-06 13:05:26,418] {logging_mixin.py:104} INFO - [2021-02-06 13:05:26,418] {dag.py:2273} INFO - Setting next_dagrun for example_xcom_args_with_operators to None
[2021-02-06 13:05:26,426] {scheduler_job.py:189} INFO - Processing /home/airflow/.local/lib/python3.8/site-packages/airflow/example_dags/example_xcomargs.py took 0.043 seconds
[2021-02-06 13:05:57,105] {scheduler_job.py:181} INFO - Started process (PID=572) to work on /home/airflow/.local/lib/python3.8/site-packages/airflow/example_dags/example_xcomargs.py
[2021-02-06 13:05:57,105] {scheduler_job.py:627} INFO - Processing file /home/airflow/.local/lib/python3.8/site-packages/airflow/example_dags/example_xcomargs.py for tasks to queue
[2021-02-06 13:05:57,106] {logging_mixin.py:104} INFO - [2021-02-06 13:05:57,106] {dagbag.py:449} INFO - Filling up the DagBag from /home/airflow/.local/lib/python3.8/site-packages/airflow/example_dags/example_xcomargs.py
[2021-02-06 13:05:57,112] {scheduler_job.py:637} INFO - DAG(s) dict_keys(['example_xcom_args', 'example_xcom_args_with_operators']) retrieved from /home/airflow/.local/lib/python3.8/site-packages/airflow/example_dags/example_xcomargs.py
[2021-02-06 13:05:57,127] {logging_mixin.py:104} INFO - [2021-02-06 13:05:57,127] {dag.py:1818} INFO - Sync 2 DAGs
[2021-02-06 13:05:57,134] {logging_mixin.py:104} INFO - [2021-02-06 13:05:57,134] {dag.py:2273} INFO - Setting next_dagrun for example_xcom_args to None
[2021-02-06 13:05:57,135] {logging_mixin.py:104} INFO - [2021-02-06 13:05:57,135] {dag.py:2273} INFO - Setting next_dagrun for example_xcom_args_with_operators to None
[2021-02-06 13:05:57,144] {scheduler_job.py:189} INFO - Processing /home/airflow/.local/lib/python3.8/site-packages/airflow/example_dags/example_xcomargs.py took 0.040 seconds
[2021-02-06 13:06:27,786] {scheduler_job.py:181} INFO - Started process (PID=598) to work on /home/airflow/.local/lib/python3.8/site-packages/airflow/example_dags/example_xcomargs.py
[2021-02-06 13:06:27,787] {scheduler_job.py:627} INFO - Processing file /home/airflow/.local/lib/python3.8/site-packages/airflow/example_dags/example_xcomargs.py for tasks to queue
[2021-02-06 13:06:27,788] {logging_mixin.py:104} INFO - [2021-02-06 13:06:27,787] {dagbag.py:449} INFO - Filling up the DagBag from /home/airflow/.local/lib/python3.8/site-packages/airflow/example_dags/example_xcomargs.py
[2021-02-06 13:06:27,795] {scheduler_job.py:637} INFO - DAG(s) dict_keys(['example_xcom_args', 'example_xcom_args_with_operators']) retrieved from /home/airflow/.local/lib/python3.8/site-packages/airflow/example_dags/example_xcomargs.py
[2021-02-06 13:06:27,811] {logging_mixin.py:104} INFO - [2021-02-06 13:06:27,811] {dag.py:1818} INFO - Sync 2 DAGs
[2021-02-06 13:06:27,819] {logging_mixin.py:104} INFO - [2021-02-06 13:06:27,819] {dag.py:2273} INFO - Setting next_dagrun for example_xcom_args to None
[2021-02-06 13:06:27,819] {logging_mixin.py:104} INFO - [2021-02-06 13:06:27,819] {dag.py:2273} INFO - Setting next_dagrun for example_xcom_args_with_operators to None
[2021-02-06 13:06:27,829] {scheduler_job.py:189} INFO - Processing /home/airflow/.local/lib/python3.8/site-packages/airflow/example_dags/example_xcomargs.py took 0.045 seconds
[2021-02-06 13:06:58,511] {scheduler_job.py:181} INFO - Started process (PID=624) to work on /home/airflow/.local/lib/python3.8/site-packages/airflow/example_dags/example_xcomargs.py
[2021-02-06 13:06:58,512] {scheduler_job.py:627} INFO - Processing file /home/airflow/.local/lib/python3.8/site-packages/airflow/example_dags/example_xcomargs.py for tasks to queue
[2021-02-06 13:06:58,512] {logging_mixin.py:104} INFO - [2021-02-06 13:06:58,512] {dagbag.py:449} INFO - Filling up the DagBag from /home/airflow/.local/lib/python3.8/site-packages/airflow/example_dags/example_xcomargs.py
[2021-02-06 13:06:58,518] {scheduler_job.py:637} INFO - DAG(s) dict_keys(['example_xcom_args', 'example_xcom_args_with_operators']) retrieved from /home/airflow/.local/lib/python3.8/site-packages/airflow/example_dags/example_xcomargs.py
[2021-02-06 13:06:58,533] {logging_mixin.py:104} INFO - [2021-02-06 13:06:58,533] {dag.py:1818} INFO - Sync 2 DAGs
[2021-02-06 13:06:58,541] {logging_mixin.py:104} INFO - [2021-02-06 13:06:58,540] {dag.py:2273} INFO - Setting next_dagrun for example_xcom_args to None
[2021-02-06 13:06:58,541] {logging_mixin.py:104} INFO - [2021-02-06 13:06:58,541] {dag.py:2273} INFO - Setting next_dagrun for example_xcom_args_with_operators to None
[2021-02-06 13:06:58,550] {scheduler_job.py:189} INFO - Processing /home/airflow/.local/lib/python3.8/site-packages/airflow/example_dags/example_xcomargs.py took 0.041 seconds
[2021-02-06 13:07:29,241] {scheduler_job.py:181} INFO - Started process (PID=650) to work on /home/airflow/.local/lib/python3.8/site-packages/airflow/example_dags/example_xcomargs.py
[2021-02-06 13:07:29,242] {scheduler_job.py:627} INFO - Processing file /home/airflow/.local/lib/python3.8/site-packages/airflow/example_dags/example_xcomargs.py for tasks to queue
[2021-02-06 13:07:29,242] {logging_mixin.py:104} INFO - [2021-02-06 13:07:29,242] {dagbag.py:449} INFO - Filling up the DagBag from /home/airflow/.local/lib/python3.8/site-packages/airflow/example_dags/example_xcomargs.py
[2021-02-06 13:07:29,249] {scheduler_job.py:637} INFO - DAG(s) dict_keys(['example_xcom_args', 'example_xcom_args_with_operators']) retrieved from /home/airflow/.local/lib/python3.8/site-packages/airflow/example_dags/example_xcomargs.py
[2021-02-06 13:07:29,265] {logging_mixin.py:104} INFO - [2021-02-06 13:07:29,265] {dag.py:1818} INFO - Sync 2 DAGs
[2021-02-06 13:07:29,274] {logging_mixin.py:104} INFO - [2021-02-06 13:07:29,274] {dag.py:2273} INFO - Setting next_dagrun for example_xcom_args to None
[2021-02-06 13:07:29,274] {logging_mixin.py:104} INFO - [2021-02-06 13:07:29,274] {dag.py:2273} INFO - Setting next_dagrun for example_xcom_args_with_operators to None
[2021-02-06 13:07:29,285] {scheduler_job.py:189} INFO - Processing /home/airflow/.local/lib/python3.8/site-packages/airflow/example_dags/example_xcomargs.py took 0.045 seconds
[2021-02-06 13:08:00,044] {scheduler_job.py:181} INFO - Started process (PID=676) to work on /home/airflow/.local/lib/python3.8/site-packages/airflow/example_dags/example_xcomargs.py
[2021-02-06 13:08:00,045] {scheduler_job.py:627} INFO - Processing file /home/airflow/.local/lib/python3.8/site-packages/airflow/example_dags/example_xcomargs.py for tasks to queue
[2021-02-06 13:08:00,046] {logging_mixin.py:104} INFO - [2021-02-06 13:08:00,046] {dagbag.py:449} INFO - Filling up the DagBag from /home/airflow/.local/lib/python3.8/site-packages/airflow/example_dags/example_xcomargs.py
[2021-02-06 13:08:00,052] {scheduler_job.py:637} INFO - DAG(s) dict_keys(['example_xcom_args', 'example_xcom_args_with_operators']) retrieved from /home/airflow/.local/lib/python3.8/site-packages/airflow/example_dags/example_xcomargs.py
[2021-02-06 13:08:00,068] {logging_mixin.py:104} INFO - [2021-02-06 13:08:00,068] {dag.py:1818} INFO - Sync 2 DAGs
[2021-02-06 13:08:00,076] {logging_mixin.py:104} INFO - [2021-02-06 13:08:00,076] {dag.py:2273} INFO - Setting next_dagrun for example_xcom_args to None
[2021-02-06 13:08:00,076] {logging_mixin.py:104} INFO - [2021-02-06 13:08:00,076] {dag.py:2273} INFO - Setting next_dagrun for example_xcom_args_with_operators to None
[2021-02-06 13:08:00,086] {scheduler_job.py:189} INFO - Processing /home/airflow/.local/lib/python3.8/site-packages/airflow/example_dags/example_xcomargs.py took 0.043 seconds
[2021-02-06 13:08:30,853] {scheduler_job.py:181} INFO - Started process (PID=702) to work on /home/airflow/.local/lib/python3.8/site-packages/airflow/example_dags/example_xcomargs.py
[2021-02-06 13:08:30,854] {scheduler_job.py:627} INFO - Processing file /home/airflow/.local/lib/python3.8/site-packages/airflow/example_dags/example_xcomargs.py for tasks to queue
[2021-02-06 13:08:30,855] {logging_mixin.py:104} INFO - [2021-02-06 13:08:30,855] {dagbag.py:449} INFO - Filling up the DagBag from /home/airflow/.local/lib/python3.8/site-packages/airflow/example_dags/example_xcomargs.py
[2021-02-06 13:08:30,862] {scheduler_job.py:637} INFO - DAG(s) dict_keys(['example_xcom_args', 'example_xcom_args_with_operators']) retrieved from /home/airflow/.local/lib/python3.8/site-packages/airflow/example_dags/example_xcomargs.py
[2021-02-06 13:08:30,877] {logging_mixin.py:104} INFO - [2021-02-06 13:08:30,877] {dag.py:1818} INFO - Sync 2 DAGs
[2021-02-06 13:08:30,885] {logging_mixin.py:104} INFO - [2021-02-06 13:08:30,885] {dag.py:2273} INFO - Setting next_dagrun for example_xcom_args to None
[2021-02-06 13:08:30,885] {logging_mixin.py:104} INFO - [2021-02-06 13:08:30,885] {dag.py:2273} INFO - Setting next_dagrun for example_xcom_args_with_operators to None
[2021-02-06 13:08:30,894] {scheduler_job.py:189} INFO - Processing /home/airflow/.local/lib/python3.8/site-packages/airflow/example_dags/example_xcomargs.py took 0.042 seconds
[2021-02-06 13:09:01,575] {scheduler_job.py:181} INFO - Started process (PID=728) to work on /home/airflow/.local/lib/python3.8/site-packages/airflow/example_dags/example_xcomargs.py
[2021-02-06 13:09:01,575] {scheduler_job.py:627} INFO - Processing file /home/airflow/.local/lib/python3.8/site-packages/airflow/example_dags/example_xcomargs.py for tasks to queue
[2021-02-06 13:09:01,576] {logging_mixin.py:104} INFO - [2021-02-06 13:09:01,576] {dagbag.py:449} INFO - Filling up the DagBag from /home/airflow/.local/lib/python3.8/site-packages/airflow/example_dags/example_xcomargs.py
[2021-02-06 13:09:01,582] {scheduler_job.py:637} INFO - DAG(s) dict_keys(['example_xcom_args', 'example_xcom_args_with_operators']) retrieved from /home/airflow/.local/lib/python3.8/site-packages/airflow/example_dags/example_xcomargs.py
[2021-02-06 13:09:01,598] {logging_mixin.py:104} INFO - [2021-02-06 13:09:01,597] {dag.py:1818} INFO - Sync 2 DAGs
[2021-02-06 13:09:01,605] {logging_mixin.py:104} INFO - [2021-02-06 13:09:01,605] {dag.py:2273} INFO - Setting next_dagrun for example_xcom_args to None
[2021-02-06 13:09:01,606] {logging_mixin.py:104} INFO - [2021-02-06 13:09:01,606] {dag.py:2273} INFO - Setting next_dagrun for example_xcom_args_with_operators to None
[2021-02-06 13:09:01,614] {scheduler_job.py:189} INFO - Processing /home/airflow/.local/lib/python3.8/site-packages/airflow/example_dags/example_xcomargs.py took 0.040 seconds
[2021-02-06 13:09:32,291] {scheduler_job.py:181} INFO - Started process (PID=754) to work on /home/airflow/.local/lib/python3.8/site-packages/airflow/example_dags/example_xcomargs.py
[2021-02-06 13:09:32,292] {scheduler_job.py:627} INFO - Processing file /home/airflow/.local/lib/python3.8/site-packages/airflow/example_dags/example_xcomargs.py for tasks to queue
[2021-02-06 13:09:32,293] {logging_mixin.py:104} INFO - [2021-02-06 13:09:32,293] {dagbag.py:449} INFO - Filling up the DagBag from /home/airflow/.local/lib/python3.8/site-packages/airflow/example_dags/example_xcomargs.py
[2021-02-06 13:09:32,299] {scheduler_job.py:637} INFO - DAG(s) dict_keys(['example_xcom_args', 'example_xcom_args_with_operators']) retrieved from /home/airflow/.local/lib/python3.8/site-packages/airflow/example_dags/example_xcomargs.py
[2021-02-06 13:09:32,315] {logging_mixin.py:104} INFO - [2021-02-06 13:09:32,315] {dag.py:1818} INFO - Sync 2 DAGs
[2021-02-06 13:09:32,323] {logging_mixin.py:104} INFO - [2021-02-06 13:09:32,323] {dag.py:2273} INFO - Setting next_dagrun for example_xcom_args to None
[2021-02-06 13:09:32,324] {logging_mixin.py:104} INFO - [2021-02-06 13:09:32,324] {dag.py:2273} INFO - Setting next_dagrun for example_xcom_args_with_operators to None
[2021-02-06 13:09:32,333] {scheduler_job.py:189} INFO - Processing /home/airflow/.local/lib/python3.8/site-packages/airflow/example_dags/example_xcomargs.py took 0.043 seconds
[2021-02-06 13:10:03,032] {scheduler_job.py:181} INFO - Started process (PID=780) to work on /home/airflow/.local/lib/python3.8/site-packages/airflow/example_dags/example_xcomargs.py
[2021-02-06 13:10:03,032] {scheduler_job.py:627} INFO - Processing file /home/airflow/.local/lib/python3.8/site-packages/airflow/example_dags/example_xcomargs.py for tasks to queue
[2021-02-06 13:10:03,033] {logging_mixin.py:104} INFO - [2021-02-06 13:10:03,033] {dagbag.py:449} INFO - Filling up the DagBag from /home/airflow/.local/lib/python3.8/site-packages/airflow/example_dags/example_xcomargs.py
[2021-02-06 13:10:03,041] {scheduler_job.py:637} INFO - DAG(s) dict_keys(['example_xcom_args', 'example_xcom_args_with_operators']) retrieved from /home/airflow/.local/lib/python3.8/site-packages/airflow/example_dags/example_xcomargs.py
[2021-02-06 13:10:03,057] {logging_mixin.py:104} INFO - [2021-02-06 13:10:03,057] {dag.py:1818} INFO - Sync 2 DAGs
[2021-02-06 13:10:03,066] {logging_mixin.py:104} INFO - [2021-02-06 13:10:03,066] {dag.py:2273} INFO - Setting next_dagrun for example_xcom_args to None
[2021-02-06 13:10:03,067] {logging_mixin.py:104} INFO - [2021-02-06 13:10:03,067] {dag.py:2273} INFO - Setting next_dagrun for example_xcom_args_with_operators to None
[2021-02-06 13:10:03,077] {scheduler_job.py:189} INFO - Processing /home/airflow/.local/lib/python3.8/site-packages/airflow/example_dags/example_xcomargs.py took 0.047 seconds
[2021-02-06 13:10:33,785] {scheduler_job.py:181} INFO - Started process (PID=806) to work on /home/airflow/.local/lib/python3.8/site-packages/airflow/example_dags/example_xcomargs.py
[2021-02-06 13:10:33,785] {scheduler_job.py:627} INFO - Processing file /home/airflow/.local/lib/python3.8/site-packages/airflow/example_dags/example_xcomargs.py for tasks to queue
[2021-02-06 13:10:33,786] {logging_mixin.py:104} INFO - [2021-02-06 13:10:33,786] {dagbag.py:449} INFO - Filling up the DagBag from /home/airflow/.local/lib/python3.8/site-packages/airflow/example_dags/example_xcomargs.py
[2021-02-06 13:10:33,792] {scheduler_job.py:637} INFO - DAG(s) dict_keys(['example_xcom_args', 'example_xcom_args_with_operators']) retrieved from /home/airflow/.local/lib/python3.8/site-packages/airflow/example_dags/example_xcomargs.py
[2021-02-06 13:10:33,808] {logging_mixin.py:104} INFO - [2021-02-06 13:10:33,808] {dag.py:1818} INFO - Sync 2 DAGs
[2021-02-06 13:10:33,816] {logging_mixin.py:104} INFO - [2021-02-06 13:10:33,816] {dag.py:2273} INFO - Setting next_dagrun for example_xcom_args to None
[2021-02-06 13:10:33,817] {logging_mixin.py:104} INFO - [2021-02-06 13:10:33,817] {dag.py:2273} INFO - Setting next_dagrun for example_xcom_args_with_operators to None
[2021-02-06 13:10:33,824] {scheduler_job.py:189} INFO - Processing /home/airflow/.local/lib/python3.8/site-packages/airflow/example_dags/example_xcomargs.py took 0.041 seconds
[2021-02-06 13:11:04,509] {scheduler_job.py:181} INFO - Started process (PID=832) to work on /home/airflow/.local/lib/python3.8/site-packages/airflow/example_dags/example_xcomargs.py
[2021-02-06 13:11:04,509] {scheduler_job.py:627} INFO - Processing file /home/airflow/.local/lib/python3.8/site-packages/airflow/example_dags/example_xcomargs.py for tasks to queue
[2021-02-06 13:11:04,510] {logging_mixin.py:104} INFO - [2021-02-06 13:11:04,510] {dagbag.py:449} INFO - Filling up the DagBag from /home/airflow/.local/lib/python3.8/site-packages/airflow/example_dags/example_xcomargs.py
[2021-02-06 13:11:04,517] {scheduler_job.py:637} INFO - DAG(s) dict_keys(['example_xcom_args', 'example_xcom_args_with_operators']) retrieved from /home/airflow/.local/lib/python3.8/site-packages/airflow/example_dags/example_xcomargs.py
[2021-02-06 13:11:04,534] {logging_mixin.py:104} INFO - [2021-02-06 13:11:04,534] {dag.py:1818} INFO - Sync 2 DAGs
[2021-02-06 13:11:04,542] {logging_mixin.py:104} INFO - [2021-02-06 13:11:04,542] {dag.py:2273} INFO - Setting next_dagrun for example_xcom_args to None
[2021-02-06 13:11:04,543] {logging_mixin.py:104} INFO - [2021-02-06 13:11:04,543] {dag.py:2273} INFO - Setting next_dagrun for example_xcom_args_with_operators to None
[2021-02-06 13:11:04,552] {scheduler_job.py:189} INFO - Processing /home/airflow/.local/lib/python3.8/site-packages/airflow/example_dags/example_xcomargs.py took 0.045 seconds
[2021-02-06 13:11:35,254] {scheduler_job.py:181} INFO - Started process (PID=858) to work on /home/airflow/.local/lib/python3.8/site-packages/airflow/example_dags/example_xcomargs.py
[2021-02-06 13:11:35,255] {scheduler_job.py:627} INFO - Processing file /home/airflow/.local/lib/python3.8/site-packages/airflow/example_dags/example_xcomargs.py for tasks to queue
[2021-02-06 13:11:35,256] {logging_mixin.py:104} INFO - [2021-02-06 13:11:35,256] {dagbag.py:449} INFO - Filling up the DagBag from /home/airflow/.local/lib/python3.8/site-packages/airflow/example_dags/example_xcomargs.py
[2021-02-06 13:11:35,263] {scheduler_job.py:637} INFO - DAG(s) dict_keys(['example_xcom_args', 'example_xcom_args_with_operators']) retrieved from /home/airflow/.local/lib/python3.8/site-packages/airflow/example_dags/example_xcomargs.py
[2021-02-06 13:11:35,281] {logging_mixin.py:104} INFO - [2021-02-06 13:11:35,281] {dag.py:1818} INFO - Sync 2 DAGs
[2021-02-06 13:11:35,290] {logging_mixin.py:104} INFO - [2021-02-06 13:11:35,290] {dag.py:2273} INFO - Setting next_dagrun for example_xcom_args to None
[2021-02-06 13:11:35,291] {logging_mixin.py:104} INFO - [2021-02-06 13:11:35,291] {dag.py:2273} INFO - Setting next_dagrun for example_xcom_args_with_operators to None
[2021-02-06 13:11:35,302] {scheduler_job.py:189} INFO - Processing /home/airflow/.local/lib/python3.8/site-packages/airflow/example_dags/example_xcomargs.py took 0.049 seconds
[2021-02-06 13:12:06,085] {scheduler_job.py:181} INFO - Started process (PID=884) to work on /home/airflow/.local/lib/python3.8/site-packages/airflow/example_dags/example_xcomargs.py
[2021-02-06 13:12:06,086] {scheduler_job.py:627} INFO - Processing file /home/airflow/.local/lib/python3.8/site-packages/airflow/example_dags/example_xcomargs.py for tasks to queue
[2021-02-06 13:12:06,086] {logging_mixin.py:104} INFO - [2021-02-06 13:12:06,086] {dagbag.py:449} INFO - Filling up the DagBag from /home/airflow/.local/lib/python3.8/site-packages/airflow/example_dags/example_xcomargs.py
[2021-02-06 13:12:06,093] {scheduler_job.py:637} INFO - DAG(s) dict_keys(['example_xcom_args', 'example_xcom_args_with_operators']) retrieved from /home/airflow/.local/lib/python3.8/site-packages/airflow/example_dags/example_xcomargs.py
[2021-02-06 13:12:06,109] {logging_mixin.py:104} INFO - [2021-02-06 13:12:06,109] {dag.py:1818} INFO - Sync 2 DAGs
[2021-02-06 13:12:06,117] {logging_mixin.py:104} INFO - [2021-02-06 13:12:06,117] {dag.py:2273} INFO - Setting next_dagrun for example_xcom_args to None
[2021-02-06 13:12:06,118] {logging_mixin.py:104} INFO - [2021-02-06 13:12:06,118] {dag.py:2273} INFO - Setting next_dagrun for example_xcom_args_with_operators to None
[2021-02-06 13:12:06,126] {scheduler_job.py:189} INFO - Processing /home/airflow/.local/lib/python3.8/site-packages/airflow/example_dags/example_xcomargs.py took 0.043 seconds
[2021-02-06 13:12:36,790] {scheduler_job.py:181} INFO - Started process (PID=910) to work on /home/airflow/.local/lib/python3.8/site-packages/airflow/example_dags/example_xcomargs.py
[2021-02-06 13:12:36,791] {scheduler_job.py:627} INFO - Processing file /home/airflow/.local/lib/python3.8/site-packages/airflow/example_dags/example_xcomargs.py for tasks to queue
[2021-02-06 13:12:36,791] {logging_mixin.py:104} INFO - [2021-02-06 13:12:36,791] {dagbag.py:449} INFO - Filling up the DagBag from /home/airflow/.local/lib/python3.8/site-packages/airflow/example_dags/example_xcomargs.py
[2021-02-06 13:12:36,798] {scheduler_job.py:637} INFO - DAG(s) dict_keys(['example_xcom_args', 'example_xcom_args_with_operators']) retrieved from /home/airflow/.local/lib/python3.8/site-packages/airflow/example_dags/example_xcomargs.py
[2021-02-06 13:12:36,813] {logging_mixin.py:104} INFO - [2021-02-06 13:12:36,813] {dag.py:1818} INFO - Sync 2 DAGs
[2021-02-06 13:12:36,822] {logging_mixin.py:104} INFO - [2021-02-06 13:12:36,822] {dag.py:2273} INFO - Setting next_dagrun for example_xcom_args to None
[2021-02-06 13:12:36,822] {logging_mixin.py:104} INFO - [2021-02-06 13:12:36,822] {dag.py:2273} INFO - Setting next_dagrun for example_xcom_args_with_operators to None
[2021-02-06 13:12:36,830] {scheduler_job.py:189} INFO - Processing /home/airflow/.local/lib/python3.8/site-packages/airflow/example_dags/example_xcomargs.py took 0.042 seconds
[2021-02-06 13:13:07,496] {scheduler_job.py:181} INFO - Started process (PID=936) to work on /home/airflow/.local/lib/python3.8/site-packages/airflow/example_dags/example_xcomargs.py
[2021-02-06 13:13:07,496] {scheduler_job.py:627} INFO - Processing file /home/airflow/.local/lib/python3.8/site-packages/airflow/example_dags/example_xcomargs.py for tasks to queue
[2021-02-06 13:13:07,497] {logging_mixin.py:104} INFO - [2021-02-06 13:13:07,497] {dagbag.py:449} INFO - Filling up the DagBag from /home/airflow/.local/lib/python3.8/site-packages/airflow/example_dags/example_xcomargs.py
[2021-02-06 13:13:07,503] {scheduler_job.py:637} INFO - DAG(s) dict_keys(['example_xcom_args', 'example_xcom_args_with_operators']) retrieved from /home/airflow/.local/lib/python3.8/site-packages/airflow/example_dags/example_xcomargs.py
[2021-02-06 13:13:07,518] {logging_mixin.py:104} INFO - [2021-02-06 13:13:07,518] {dag.py:1818} INFO - Sync 2 DAGs
[2021-02-06 13:13:07,525] {logging_mixin.py:104} INFO - [2021-02-06 13:13:07,525] {dag.py:2273} INFO - Setting next_dagrun for example_xcom_args to None
[2021-02-06 13:13:07,526] {logging_mixin.py:104} INFO - [2021-02-06 13:13:07,526] {dag.py:2273} INFO - Setting next_dagrun for example_xcom_args_with_operators to None
[2021-02-06 13:13:07,533] {scheduler_job.py:189} INFO - Processing /home/airflow/.local/lib/python3.8/site-packages/airflow/example_dags/example_xcomargs.py took 0.039 seconds
[2021-02-06 13:13:38,226] {scheduler_job.py:181} INFO - Started process (PID=962) to work on /home/airflow/.local/lib/python3.8/site-packages/airflow/example_dags/example_xcomargs.py
[2021-02-06 13:13:38,227] {scheduler_job.py:627} INFO - Processing file /home/airflow/.local/lib/python3.8/site-packages/airflow/example_dags/example_xcomargs.py for tasks to queue
[2021-02-06 13:13:38,227] {logging_mixin.py:104} INFO - [2021-02-06 13:13:38,227] {dagbag.py:449} INFO - Filling up the DagBag from /home/airflow/.local/lib/python3.8/site-packages/airflow/example_dags/example_xcomargs.py
[2021-02-06 13:13:38,235] {scheduler_job.py:637} INFO - DAG(s) dict_keys(['example_xcom_args', 'example_xcom_args_with_operators']) retrieved from /home/airflow/.local/lib/python3.8/site-packages/airflow/example_dags/example_xcomargs.py
[2021-02-06 13:13:38,251] {logging_mixin.py:104} INFO - [2021-02-06 13:13:38,251] {dag.py:1818} INFO - Sync 2 DAGs
[2021-02-06 13:13:38,260] {logging_mixin.py:104} INFO - [2021-02-06 13:13:38,260] {dag.py:2273} INFO - Setting next_dagrun for example_xcom_args to None
[2021-02-06 13:13:38,261] {logging_mixin.py:104} INFO - [2021-02-06 13:13:38,261] {dag.py:2273} INFO - Setting next_dagrun for example_xcom_args_with_operators to None
[2021-02-06 13:13:38,269] {scheduler_job.py:189} INFO - Processing /home/airflow/.local/lib/python3.8/site-packages/airflow/example_dags/example_xcomargs.py took 0.044 seconds
[2021-02-06 13:14:08,967] {scheduler_job.py:181} INFO - Started process (PID=988) to work on /home/airflow/.local/lib/python3.8/site-packages/airflow/example_dags/example_xcomargs.py
[2021-02-06 13:14:08,967] {scheduler_job.py:627} INFO - Processing file /home/airflow/.local/lib/python3.8/site-packages/airflow/example_dags/example_xcomargs.py for tasks to queue
[2021-02-06 13:14:08,968] {logging_mixin.py:104} INFO - [2021-02-06 13:14:08,968] {dagbag.py:449} INFO - Filling up the DagBag from /home/airflow/.local/lib/python3.8/site-packages/airflow/example_dags/example_xcomargs.py
[2021-02-06 13:14:08,974] {scheduler_job.py:637} INFO - DAG(s) dict_keys(['example_xcom_args', 'example_xcom_args_with_operators']) retrieved from /home/airflow/.local/lib/python3.8/site-packages/airflow/example_dags/example_xcomargs.py
[2021-02-06 13:14:08,991] {logging_mixin.py:104} INFO - [2021-02-06 13:14:08,991] {dag.py:1818} INFO - Sync 2 DAGs
[2021-02-06 13:14:08,999] {logging_mixin.py:104} INFO - [2021-02-06 13:14:08,999] {dag.py:2273} INFO - Setting next_dagrun for example_xcom_args to None
[2021-02-06 13:14:09,000] {logging_mixin.py:104} INFO - [2021-02-06 13:14:09,000] {dag.py:2273} INFO - Setting next_dagrun for example_xcom_args_with_operators to None
[2021-02-06 13:14:09,011] {scheduler_job.py:189} INFO - Processing /home/airflow/.local/lib/python3.8/site-packages/airflow/example_dags/example_xcomargs.py took 0.046 seconds
[2021-02-06 13:14:39,748] {scheduler_job.py:181} INFO - Started process (PID=1014) to work on /home/airflow/.local/lib/python3.8/site-packages/airflow/example_dags/example_xcomargs.py
[2021-02-06 13:14:39,749] {scheduler_job.py:627} INFO - Processing file /home/airflow/.local/lib/python3.8/site-packages/airflow/example_dags/example_xcomargs.py for tasks to queue
[2021-02-06 13:14:39,749] {logging_mixin.py:104} INFO - [2021-02-06 13:14:39,749] {dagbag.py:449} INFO - Filling up the DagBag from /home/airflow/.local/lib/python3.8/site-packages/airflow/example_dags/example_xcomargs.py
[2021-02-06 13:14:39,756] {scheduler_job.py:637} INFO - DAG(s) dict_keys(['example_xcom_args', 'example_xcom_args_with_operators']) retrieved from /home/airflow/.local/lib/python3.8/site-packages/airflow/example_dags/example_xcomargs.py
[2021-02-06 13:14:39,772] {logging_mixin.py:104} INFO - [2021-02-06 13:14:39,772] {dag.py:1818} INFO - Sync 2 DAGs
[2021-02-06 13:14:39,780] {logging_mixin.py:104} INFO - [2021-02-06 13:14:39,780] {dag.py:2273} INFO - Setting next_dagrun for example_xcom_args to None
[2021-02-06 13:14:39,780] {logging_mixin.py:104} INFO - [2021-02-06 13:14:39,780] {dag.py:2273} INFO - Setting next_dagrun for example_xcom_args_with_operators to None
[2021-02-06 13:14:39,788] {scheduler_job.py:189} INFO - Processing /home/airflow/.local/lib/python3.8/site-packages/airflow/example_dags/example_xcomargs.py took 0.041 seconds
[2021-02-06 13:15:10,450] {scheduler_job.py:181} INFO - Started process (PID=1040) to work on /home/airflow/.local/lib/python3.8/site-packages/airflow/example_dags/example_xcomargs.py
[2021-02-06 13:15:10,451] {scheduler_job.py:627} INFO - Processing file /home/airflow/.local/lib/python3.8/site-packages/airflow/example_dags/example_xcomargs.py for tasks to queue
[2021-02-06 13:15:10,451] {logging_mixin.py:104} INFO - [2021-02-06 13:15:10,451] {dagbag.py:449} INFO - Filling up the DagBag from /home/airflow/.local/lib/python3.8/site-packages/airflow/example_dags/example_xcomargs.py
[2021-02-06 13:15:10,458] {scheduler_job.py:637} INFO - DAG(s) dict_keys(['example_xcom_args', 'example_xcom_args_with_operators']) retrieved from /home/airflow/.local/lib/python3.8/site-packages/airflow/example_dags/example_xcomargs.py
[2021-02-06 13:15:10,473] {logging_mixin.py:104} INFO - [2021-02-06 13:15:10,473] {dag.py:1818} INFO - Sync 2 DAGs
[2021-02-06 13:15:10,480] {logging_mixin.py:104} INFO - [2021-02-06 13:15:10,480] {dag.py:2273} INFO - Setting next_dagrun for example_xcom_args to None
[2021-02-06 13:15:10,481] {logging_mixin.py:104} INFO - [2021-02-06 13:15:10,481] {dag.py:2273} INFO - Setting next_dagrun for example_xcom_args_with_operators to None
[2021-02-06 13:15:10,492] {scheduler_job.py:189} INFO - Processing /home/airflow/.local/lib/python3.8/site-packages/airflow/example_dags/example_xcomargs.py took 0.044 seconds
[2021-02-06 13:15:41,193] {scheduler_job.py:181} INFO - Started process (PID=1066) to work on /home/airflow/.local/lib/python3.8/site-packages/airflow/example_dags/example_xcomargs.py
[2021-02-06 13:15:41,194] {scheduler_job.py:627} INFO - Processing file /home/airflow/.local/lib/python3.8/site-packages/airflow/example_dags/example_xcomargs.py for tasks to queue
[2021-02-06 13:15:41,194] {logging_mixin.py:104} INFO - [2021-02-06 13:15:41,194] {dagbag.py:449} INFO - Filling up the DagBag from /home/airflow/.local/lib/python3.8/site-packages/airflow/example_dags/example_xcomargs.py
[2021-02-06 13:15:41,201] {scheduler_job.py:637} INFO - DAG(s) dict_keys(['example_xcom_args', 'example_xcom_args_with_operators']) retrieved from /home/airflow/.local/lib/python3.8/site-packages/airflow/example_dags/example_xcomargs.py
[2021-02-06 13:15:41,216] {logging_mixin.py:104} INFO - [2021-02-06 13:15:41,216] {dag.py:1818} INFO - Sync 2 DAGs
[2021-02-06 13:15:41,223] {logging_mixin.py:104} INFO - [2021-02-06 13:15:41,223] {dag.py:2273} INFO - Setting next_dagrun for example_xcom_args to None
[2021-02-06 13:15:41,224] {logging_mixin.py:104} INFO - [2021-02-06 13:15:41,224] {dag.py:2273} INFO - Setting next_dagrun for example_xcom_args_with_operators to None
[2021-02-06 13:15:41,233] {scheduler_job.py:189} INFO - Processing /home/airflow/.local/lib/python3.8/site-packages/airflow/example_dags/example_xcomargs.py took 0.041 seconds
[2021-02-06 13:16:11,938] {scheduler_job.py:181} INFO - Started process (PID=1092) to work on /home/airflow/.local/lib/python3.8/site-packages/airflow/example_dags/example_xcomargs.py
[2021-02-06 13:16:11,938] {scheduler_job.py:627} INFO - Processing file /home/airflow/.local/lib/python3.8/site-packages/airflow/example_dags/example_xcomargs.py for tasks to queue
[2021-02-06 13:16:11,939] {logging_mixin.py:104} INFO - [2021-02-06 13:16:11,939] {dagbag.py:449} INFO - Filling up the DagBag from /home/airflow/.local/lib/python3.8/site-packages/airflow/example_dags/example_xcomargs.py
[2021-02-06 13:16:11,945] {scheduler_job.py:637} INFO - DAG(s) dict_keys(['example_xcom_args', 'example_xcom_args_with_operators']) retrieved from /home/airflow/.local/lib/python3.8/site-packages/airflow/example_dags/example_xcomargs.py
[2021-02-06 13:16:11,961] {logging_mixin.py:104} INFO - [2021-02-06 13:16:11,961] {dag.py:1818} INFO - Sync 2 DAGs
[2021-02-06 13:16:11,969] {logging_mixin.py:104} INFO - [2021-02-06 13:16:11,969] {dag.py:2273} INFO - Setting next_dagrun for example_xcom_args to None
[2021-02-06 13:16:11,970] {logging_mixin.py:104} INFO - [2021-02-06 13:16:11,970] {dag.py:2273} INFO - Setting next_dagrun for example_xcom_args_with_operators to None
[2021-02-06 13:16:11,977] {scheduler_job.py:189} INFO - Processing /home/airflow/.local/lib/python3.8/site-packages/airflow/example_dags/example_xcomargs.py took 0.041 seconds
[2021-02-06 13:16:42,663] {scheduler_job.py:181} INFO - Started process (PID=1118) to work on /home/airflow/.local/lib/python3.8/site-packages/airflow/example_dags/example_xcomargs.py
[2021-02-06 13:16:42,664] {scheduler_job.py:627} INFO - Processing file /home/airflow/.local/lib/python3.8/site-packages/airflow/example_dags/example_xcomargs.py for tasks to queue
[2021-02-06 13:16:42,664] {logging_mixin.py:104} INFO - [2021-02-06 13:16:42,664] {dagbag.py:449} INFO - Filling up the DagBag from /home/airflow/.local/lib/python3.8/site-packages/airflow/example_dags/example_xcomargs.py
[2021-02-06 13:16:42,671] {scheduler_job.py:637} INFO - DAG(s) dict_keys(['example_xcom_args', 'example_xcom_args_with_operators']) retrieved from /home/airflow/.local/lib/python3.8/site-packages/airflow/example_dags/example_xcomargs.py
[2021-02-06 13:16:42,686] {logging_mixin.py:104} INFO - [2021-02-06 13:16:42,686] {dag.py:1818} INFO - Sync 2 DAGs
[2021-02-06 13:16:42,694] {logging_mixin.py:104} INFO - [2021-02-06 13:16:42,694] {dag.py:2273} INFO - Setting next_dagrun for example_xcom_args to None
[2021-02-06 13:16:42,695] {logging_mixin.py:104} INFO - [2021-02-06 13:16:42,694] {dag.py:2273} INFO - Setting next_dagrun for example_xcom_args_with_operators to None
[2021-02-06 13:16:42,704] {scheduler_job.py:189} INFO - Processing /home/airflow/.local/lib/python3.8/site-packages/airflow/example_dags/example_xcomargs.py took 0.043 seconds
[2021-02-06 13:17:13,342] {scheduler_job.py:181} INFO - Started process (PID=1144) to work on /home/airflow/.local/lib/python3.8/site-packages/airflow/example_dags/example_xcomargs.py
[2021-02-06 13:17:13,343] {scheduler_job.py:627} INFO - Processing file /home/airflow/.local/lib/python3.8/site-packages/airflow/example_dags/example_xcomargs.py for tasks to queue
[2021-02-06 13:17:13,343] {logging_mixin.py:104} INFO - [2021-02-06 13:17:13,343] {dagbag.py:449} INFO - Filling up the DagBag from /home/airflow/.local/lib/python3.8/site-packages/airflow/example_dags/example_xcomargs.py
[2021-02-06 13:17:13,350] {scheduler_job.py:637} INFO - DAG(s) dict_keys(['example_xcom_args', 'example_xcom_args_with_operators']) retrieved from /home/airflow/.local/lib/python3.8/site-packages/airflow/example_dags/example_xcomargs.py
[2021-02-06 13:17:13,365] {logging_mixin.py:104} INFO - [2021-02-06 13:17:13,365] {dag.py:1818} INFO - Sync 2 DAGs
[2021-02-06 13:17:13,371] {logging_mixin.py:104} INFO - [2021-02-06 13:17:13,371] {dag.py:2273} INFO - Setting next_dagrun for example_xcom_args to None
[2021-02-06 13:17:13,372] {logging_mixin.py:104} INFO - [2021-02-06 13:17:13,372] {dag.py:2273} INFO - Setting next_dagrun for example_xcom_args_with_operators to None
[2021-02-06 13:17:13,381] {scheduler_job.py:189} INFO - Processing /home/airflow/.local/lib/python3.8/site-packages/airflow/example_dags/example_xcomargs.py took 0.040 seconds
[2021-02-06 13:17:44,064] {scheduler_job.py:181} INFO - Started process (PID=1170) to work on /home/airflow/.local/lib/python3.8/site-packages/airflow/example_dags/example_xcomargs.py
[2021-02-06 13:17:44,065] {scheduler_job.py:627} INFO - Processing file /home/airflow/.local/lib/python3.8/site-packages/airflow/example_dags/example_xcomargs.py for tasks to queue
[2021-02-06 13:17:44,066] {logging_mixin.py:104} INFO - [2021-02-06 13:17:44,066] {dagbag.py:449} INFO - Filling up the DagBag from /home/airflow/.local/lib/python3.8/site-packages/airflow/example_dags/example_xcomargs.py
[2021-02-06 13:17:44,072] {scheduler_job.py:637} INFO - DAG(s) dict_keys(['example_xcom_args', 'example_xcom_args_with_operators']) retrieved from /home/airflow/.local/lib/python3.8/site-packages/airflow/example_dags/example_xcomargs.py
[2021-02-06 13:17:44,087] {logging_mixin.py:104} INFO - [2021-02-06 13:17:44,086] {dag.py:1818} INFO - Sync 2 DAGs
[2021-02-06 13:17:44,093] {logging_mixin.py:104} INFO - [2021-02-06 13:17:44,093] {dag.py:2273} INFO - Setting next_dagrun for example_xcom_args to None
[2021-02-06 13:17:44,094] {logging_mixin.py:104} INFO - [2021-02-06 13:17:44,094] {dag.py:2273} INFO - Setting next_dagrun for example_xcom_args_with_operators to None
[2021-02-06 13:17:44,102] {scheduler_job.py:189} INFO - Processing /home/airflow/.local/lib/python3.8/site-packages/airflow/example_dags/example_xcomargs.py took 0.040 seconds
[2021-02-06 13:18:14,784] {scheduler_job.py:181} INFO - Started process (PID=1196) to work on /home/airflow/.local/lib/python3.8/site-packages/airflow/example_dags/example_xcomargs.py
[2021-02-06 13:18:14,785] {scheduler_job.py:627} INFO - Processing file /home/airflow/.local/lib/python3.8/site-packages/airflow/example_dags/example_xcomargs.py for tasks to queue
[2021-02-06 13:18:14,785] {logging_mixin.py:104} INFO - [2021-02-06 13:18:14,785] {dagbag.py:449} INFO - Filling up the DagBag from /home/airflow/.local/lib/python3.8/site-packages/airflow/example_dags/example_xcomargs.py
[2021-02-06 13:18:14,792] {scheduler_job.py:637} INFO - DAG(s) dict_keys(['example_xcom_args', 'example_xcom_args_with_operators']) retrieved from /home/airflow/.local/lib/python3.8/site-packages/airflow/example_dags/example_xcomargs.py
[2021-02-06 13:18:14,807] {logging_mixin.py:104} INFO - [2021-02-06 13:18:14,807] {dag.py:1818} INFO - Sync 2 DAGs
[2021-02-06 13:18:14,815] {logging_mixin.py:104} INFO - [2021-02-06 13:18:14,815] {dag.py:2273} INFO - Setting next_dagrun for example_xcom_args to None
[2021-02-06 13:18:14,816] {logging_mixin.py:104} INFO - [2021-02-06 13:18:14,816] {dag.py:2273} INFO - Setting next_dagrun for example_xcom_args_with_operators to None
[2021-02-06 13:18:14,826] {scheduler_job.py:189} INFO - Processing /home/airflow/.local/lib/python3.8/site-packages/airflow/example_dags/example_xcomargs.py took 0.043 seconds
[2021-02-06 13:18:45,502] {scheduler_job.py:181} INFO - Started process (PID=1222) to work on /home/airflow/.local/lib/python3.8/site-packages/airflow/example_dags/example_xcomargs.py
[2021-02-06 13:18:45,503] {scheduler_job.py:627} INFO - Processing file /home/airflow/.local/lib/python3.8/site-packages/airflow/example_dags/example_xcomargs.py for tasks to queue
[2021-02-06 13:18:45,503] {logging_mixin.py:104} INFO - [2021-02-06 13:18:45,503] {dagbag.py:449} INFO - Filling up the DagBag from /home/airflow/.local/lib/python3.8/site-packages/airflow/example_dags/example_xcomargs.py
[2021-02-06 13:18:45,509] {scheduler_job.py:637} INFO - DAG(s) dict_keys(['example_xcom_args', 'example_xcom_args_with_operators']) retrieved from /home/airflow/.local/lib/python3.8/site-packages/airflow/example_dags/example_xcomargs.py
[2021-02-06 13:18:45,524] {logging_mixin.py:104} INFO - [2021-02-06 13:18:45,523] {dag.py:1818} INFO - Sync 2 DAGs
[2021-02-06 13:18:45,530] {logging_mixin.py:104} INFO - [2021-02-06 13:18:45,530] {dag.py:2273} INFO - Setting next_dagrun for example_xcom_args to None
[2021-02-06 13:18:45,531] {logging_mixin.py:104} INFO - [2021-02-06 13:18:45,531] {dag.py:2273} INFO - Setting next_dagrun for example_xcom_args_with_operators to None
[2021-02-06 13:18:45,538] {scheduler_job.py:189} INFO - Processing /home/airflow/.local/lib/python3.8/site-packages/airflow/example_dags/example_xcomargs.py took 0.037 seconds
[2021-02-06 13:19:16,303] {scheduler_job.py:181} INFO - Started process (PID=1248) to work on /home/airflow/.local/lib/python3.8/site-packages/airflow/example_dags/example_xcomargs.py
[2021-02-06 13:19:16,304] {scheduler_job.py:627} INFO - Processing file /home/airflow/.local/lib/python3.8/site-packages/airflow/example_dags/example_xcomargs.py for tasks to queue
[2021-02-06 13:19:16,305] {logging_mixin.py:104} INFO - [2021-02-06 13:19:16,305] {dagbag.py:449} INFO - Filling up the DagBag from /home/airflow/.local/lib/python3.8/site-packages/airflow/example_dags/example_xcomargs.py
[2021-02-06 13:19:16,311] {scheduler_job.py:637} INFO - DAG(s) dict_keys(['example_xcom_args', 'example_xcom_args_with_operators']) retrieved from /home/airflow/.local/lib/python3.8/site-packages/airflow/example_dags/example_xcomargs.py
[2021-02-06 13:19:16,326] {logging_mixin.py:104} INFO - [2021-02-06 13:19:16,326] {dag.py:1818} INFO - Sync 2 DAGs
[2021-02-06 13:19:16,334] {logging_mixin.py:104} INFO - [2021-02-06 13:19:16,334] {dag.py:2273} INFO - Setting next_dagrun for example_xcom_args to None
[2021-02-06 13:19:16,335] {logging_mixin.py:104} INFO - [2021-02-06 13:19:16,335] {dag.py:2273} INFO - Setting next_dagrun for example_xcom_args_with_operators to None
[2021-02-06 13:19:16,344] {scheduler_job.py:189} INFO - Processing /home/airflow/.local/lib/python3.8/site-packages/airflow/example_dags/example_xcomargs.py took 0.042 seconds
[2021-02-06 13:19:46,979] {scheduler_job.py:181} INFO - Started process (PID=1274) to work on /home/airflow/.local/lib/python3.8/site-packages/airflow/example_dags/example_xcomargs.py
[2021-02-06 13:19:46,980] {scheduler_job.py:627} INFO - Processing file /home/airflow/.local/lib/python3.8/site-packages/airflow/example_dags/example_xcomargs.py for tasks to queue
[2021-02-06 13:19:46,980] {logging_mixin.py:104} INFO - [2021-02-06 13:19:46,980] {dagbag.py:449} INFO - Filling up the DagBag from /home/airflow/.local/lib/python3.8/site-packages/airflow/example_dags/example_xcomargs.py
[2021-02-06 13:19:46,987] {scheduler_job.py:637} INFO - DAG(s) dict_keys(['example_xcom_args', 'example_xcom_args_with_operators']) retrieved from /home/airflow/.local/lib/python3.8/site-packages/airflow/example_dags/example_xcomargs.py
[2021-02-06 13:19:47,002] {logging_mixin.py:104} INFO - [2021-02-06 13:19:47,002] {dag.py:1818} INFO - Sync 2 DAGs
[2021-02-06 13:19:47,009] {logging_mixin.py:104} INFO - [2021-02-06 13:19:47,009] {dag.py:2273} INFO - Setting next_dagrun for example_xcom_args to None
[2021-02-06 13:19:47,010] {logging_mixin.py:104} INFO - [2021-02-06 13:19:47,010] {dag.py:2273} INFO - Setting next_dagrun for example_xcom_args_with_operators to None
[2021-02-06 13:19:47,017] {scheduler_job.py:189} INFO - Processing /home/airflow/.local/lib/python3.8/site-packages/airflow/example_dags/example_xcomargs.py took 0.040 seconds
[2021-02-06 13:20:17,685] {scheduler_job.py:181} INFO - Started process (PID=1300) to work on /home/airflow/.local/lib/python3.8/site-packages/airflow/example_dags/example_xcomargs.py
[2021-02-06 13:20:17,686] {scheduler_job.py:627} INFO - Processing file /home/airflow/.local/lib/python3.8/site-packages/airflow/example_dags/example_xcomargs.py for tasks to queue
[2021-02-06 13:20:17,686] {logging_mixin.py:104} INFO - [2021-02-06 13:20:17,686] {dagbag.py:449} INFO - Filling up the DagBag from /home/airflow/.local/lib/python3.8/site-packages/airflow/example_dags/example_xcomargs.py
[2021-02-06 13:20:17,693] {scheduler_job.py:637} INFO - DAG(s) dict_keys(['example_xcom_args', 'example_xcom_args_with_operators']) retrieved from /home/airflow/.local/lib/python3.8/site-packages/airflow/example_dags/example_xcomargs.py
[2021-02-06 13:20:17,709] {logging_mixin.py:104} INFO - [2021-02-06 13:20:17,708] {dag.py:1818} INFO - Sync 2 DAGs
[2021-02-06 13:20:17,716] {logging_mixin.py:104} INFO - [2021-02-06 13:20:17,716] {dag.py:2273} INFO - Setting next_dagrun for example_xcom_args to None
[2021-02-06 13:20:17,717] {logging_mixin.py:104} INFO - [2021-02-06 13:20:17,717] {dag.py:2273} INFO - Setting next_dagrun for example_xcom_args_with_operators to None
[2021-02-06 13:20:17,726] {scheduler_job.py:189} INFO - Processing /home/airflow/.local/lib/python3.8/site-packages/airflow/example_dags/example_xcomargs.py took 0.043 seconds
[2021-02-06 13:20:48,413] {scheduler_job.py:181} INFO - Started process (PID=1326) to work on /home/airflow/.local/lib/python3.8/site-packages/airflow/example_dags/example_xcomargs.py
[2021-02-06 13:20:48,413] {scheduler_job.py:627} INFO - Processing file /home/airflow/.local/lib/python3.8/site-packages/airflow/example_dags/example_xcomargs.py for tasks to queue
[2021-02-06 13:20:48,414] {logging_mixin.py:104} INFO - [2021-02-06 13:20:48,414] {dagbag.py:449} INFO - Filling up the DagBag from /home/airflow/.local/lib/python3.8/site-packages/airflow/example_dags/example_xcomargs.py
[2021-02-06 13:20:48,420] {scheduler_job.py:637} INFO - DAG(s) dict_keys(['example_xcom_args', 'example_xcom_args_with_operators']) retrieved from /home/airflow/.local/lib/python3.8/site-packages/airflow/example_dags/example_xcomargs.py
[2021-02-06 13:20:48,436] {logging_mixin.py:104} INFO - [2021-02-06 13:20:48,436] {dag.py:1818} INFO - Sync 2 DAGs
[2021-02-06 13:20:48,445] {logging_mixin.py:104} INFO - [2021-02-06 13:20:48,444] {dag.py:2273} INFO - Setting next_dagrun for example_xcom_args to None
[2021-02-06 13:20:48,445] {logging_mixin.py:104} INFO - [2021-02-06 13:20:48,445] {dag.py:2273} INFO - Setting next_dagrun for example_xcom_args_with_operators to None
[2021-02-06 13:20:48,452] {scheduler_job.py:189} INFO - Processing /home/airflow/.local/lib/python3.8/site-packages/airflow/example_dags/example_xcomargs.py took 0.041 seconds
[2021-02-06 13:21:19,286] {scheduler_job.py:181} INFO - Started process (PID=1366) to work on /home/airflow/.local/lib/python3.8/site-packages/airflow/example_dags/example_xcomargs.py
[2021-02-06 13:21:19,287] {scheduler_job.py:627} INFO - Processing file /home/airflow/.local/lib/python3.8/site-packages/airflow/example_dags/example_xcomargs.py for tasks to queue
[2021-02-06 13:21:19,288] {logging_mixin.py:104} INFO - [2021-02-06 13:21:19,288] {dagbag.py:449} INFO - Filling up the DagBag from /home/airflow/.local/lib/python3.8/site-packages/airflow/example_dags/example_xcomargs.py
[2021-02-06 13:21:19,295] {scheduler_job.py:637} INFO - DAG(s) dict_keys(['example_xcom_args', 'example_xcom_args_with_operators']) retrieved from /home/airflow/.local/lib/python3.8/site-packages/airflow/example_dags/example_xcomargs.py
[2021-02-06 13:21:19,313] {logging_mixin.py:104} INFO - [2021-02-06 13:21:19,313] {dag.py:1818} INFO - Sync 2 DAGs
[2021-02-06 13:21:19,325] {logging_mixin.py:104} INFO - [2021-02-06 13:21:19,325] {dag.py:2273} INFO - Setting next_dagrun for example_xcom_args to None
[2021-02-06 13:21:19,326] {logging_mixin.py:104} INFO - [2021-02-06 13:21:19,326] {dag.py:2273} INFO - Setting next_dagrun for example_xcom_args_with_operators to None
[2021-02-06 13:21:19,340] {scheduler_job.py:189} INFO - Processing /home/airflow/.local/lib/python3.8/site-packages/airflow/example_dags/example_xcomargs.py took 0.055 seconds
[2021-02-06 13:21:50,052] {scheduler_job.py:181} INFO - Started process (PID=1392) to work on /home/airflow/.local/lib/python3.8/site-packages/airflow/example_dags/example_xcomargs.py
[2021-02-06 13:21:50,053] {scheduler_job.py:627} INFO - Processing file /home/airflow/.local/lib/python3.8/site-packages/airflow/example_dags/example_xcomargs.py for tasks to queue
[2021-02-06 13:21:50,053] {logging_mixin.py:104} INFO - [2021-02-06 13:21:50,053] {dagbag.py:449} INFO - Filling up the DagBag from /home/airflow/.local/lib/python3.8/site-packages/airflow/example_dags/example_xcomargs.py
[2021-02-06 13:21:50,060] {scheduler_job.py:637} INFO - DAG(s) dict_keys(['example_xcom_args', 'example_xcom_args_with_operators']) retrieved from /home/airflow/.local/lib/python3.8/site-packages/airflow/example_dags/example_xcomargs.py
[2021-02-06 13:21:50,074] {logging_mixin.py:104} INFO - [2021-02-06 13:21:50,074] {dag.py:1818} INFO - Sync 2 DAGs
[2021-02-06 13:21:50,082] {logging_mixin.py:104} INFO - [2021-02-06 13:21:50,082] {dag.py:2273} INFO - Setting next_dagrun for example_xcom_args to None
[2021-02-06 13:21:50,082] {logging_mixin.py:104} INFO - [2021-02-06 13:21:50,082] {dag.py:2273} INFO - Setting next_dagrun for example_xcom_args_with_operators to None
[2021-02-06 13:21:50,091] {scheduler_job.py:189} INFO - Processing /home/airflow/.local/lib/python3.8/site-packages/airflow/example_dags/example_xcomargs.py took 0.041 seconds
