[2021-02-06 06:42:12,026] {scheduler_job.py:181} INFO - Started process (PID=50) to work on /home/airflow/.local/lib/python3.8/site-packages/airflow/example_dags/example_trigger_controller_dag.py
[2021-02-06 06:42:12,027] {scheduler_job.py:627} INFO - Processing file /home/airflow/.local/lib/python3.8/site-packages/airflow/example_dags/example_trigger_controller_dag.py for tasks to queue
[2021-02-06 06:42:12,027] {logging_mixin.py:104} INFO - [2021-02-06 06:42:12,027] {dagbag.py:449} INFO - Filling up the DagBag from /home/airflow/.local/lib/python3.8/site-packages/airflow/example_dags/example_trigger_controller_dag.py
[2021-02-06 06:42:12,035] {scheduler_job.py:637} INFO - DAG(s) dict_keys(['example_trigger_controller_dag']) retrieved from /home/airflow/.local/lib/python3.8/site-packages/airflow/example_dags/example_trigger_controller_dag.py
[2021-02-06 06:42:12,052] {logging_mixin.py:104} INFO - [2021-02-06 06:42:12,052] {dag.py:1818} INFO - Sync 1 DAGs
[2021-02-06 06:42:12,055] {logging_mixin.py:104} INFO - [2021-02-06 06:42:12,055] {dag.py:1837} INFO - Creating ORM DAG for example_trigger_controller_dag
[2021-02-06 06:42:12,058] {logging_mixin.py:104} INFO - [2021-02-06 06:42:12,058] {dag.py:2273} INFO - Setting next_dagrun for example_trigger_controller_dag to 2021-02-04 00:00:00+00:00
[2021-02-06 06:42:12,066] {scheduler_job.py:189} INFO - Processing /home/airflow/.local/lib/python3.8/site-packages/airflow/example_dags/example_trigger_controller_dag.py took 0.042 seconds
[2021-02-06 06:42:42,798] {scheduler_job.py:181} INFO - Started process (PID=76) to work on /home/airflow/.local/lib/python3.8/site-packages/airflow/example_dags/example_trigger_controller_dag.py
[2021-02-06 06:42:42,799] {scheduler_job.py:627} INFO - Processing file /home/airflow/.local/lib/python3.8/site-packages/airflow/example_dags/example_trigger_controller_dag.py for tasks to queue
[2021-02-06 06:42:42,799] {logging_mixin.py:104} INFO - [2021-02-06 06:42:42,799] {dagbag.py:449} INFO - Filling up the DagBag from /home/airflow/.local/lib/python3.8/site-packages/airflow/example_dags/example_trigger_controller_dag.py
[2021-02-06 06:42:42,805] {scheduler_job.py:637} INFO - DAG(s) dict_keys(['example_trigger_controller_dag']) retrieved from /home/airflow/.local/lib/python3.8/site-packages/airflow/example_dags/example_trigger_controller_dag.py
[2021-02-06 06:42:42,818] {logging_mixin.py:104} INFO - [2021-02-06 06:42:42,818] {dag.py:1818} INFO - Sync 1 DAGs
[2021-02-06 06:42:42,829] {logging_mixin.py:104} INFO - [2021-02-06 06:42:42,829] {dag.py:2273} INFO - Setting next_dagrun for example_trigger_controller_dag to 2021-02-04 00:00:00+00:00
[2021-02-06 06:42:42,836] {scheduler_job.py:189} INFO - Processing /home/airflow/.local/lib/python3.8/site-packages/airflow/example_dags/example_trigger_controller_dag.py took 0.040 seconds
[2021-02-06 06:43:13,634] {scheduler_job.py:181} INFO - Started process (PID=125) to work on /home/airflow/.local/lib/python3.8/site-packages/airflow/example_dags/example_trigger_controller_dag.py
[2021-02-06 06:43:13,634] {scheduler_job.py:627} INFO - Processing file /home/airflow/.local/lib/python3.8/site-packages/airflow/example_dags/example_trigger_controller_dag.py for tasks to queue
[2021-02-06 06:43:13,634] {logging_mixin.py:104} INFO - [2021-02-06 06:43:13,634] {dagbag.py:449} INFO - Filling up the DagBag from /home/airflow/.local/lib/python3.8/site-packages/airflow/example_dags/example_trigger_controller_dag.py
[2021-02-06 06:43:13,640] {scheduler_job.py:637} INFO - DAG(s) dict_keys(['example_trigger_controller_dag']) retrieved from /home/airflow/.local/lib/python3.8/site-packages/airflow/example_dags/example_trigger_controller_dag.py
[2021-02-06 06:43:13,657] {logging_mixin.py:104} INFO - [2021-02-06 06:43:13,657] {dag.py:1818} INFO - Sync 1 DAGs
[2021-02-06 06:43:13,663] {logging_mixin.py:104} INFO - [2021-02-06 06:43:13,663] {dag.py:2273} INFO - Setting next_dagrun for example_trigger_controller_dag to 2021-02-04 00:00:00+00:00
[2021-02-06 06:43:13,668] {scheduler_job.py:189} INFO - Processing /home/airflow/.local/lib/python3.8/site-packages/airflow/example_dags/example_trigger_controller_dag.py took 0.036 seconds
[2021-02-06 06:43:44,387] {scheduler_job.py:181} INFO - Started process (PID=151) to work on /home/airflow/.local/lib/python3.8/site-packages/airflow/example_dags/example_trigger_controller_dag.py
[2021-02-06 06:43:44,388] {scheduler_job.py:627} INFO - Processing file /home/airflow/.local/lib/python3.8/site-packages/airflow/example_dags/example_trigger_controller_dag.py for tasks to queue
[2021-02-06 06:43:44,388] {logging_mixin.py:104} INFO - [2021-02-06 06:43:44,388] {dagbag.py:449} INFO - Filling up the DagBag from /home/airflow/.local/lib/python3.8/site-packages/airflow/example_dags/example_trigger_controller_dag.py
[2021-02-06 06:43:44,395] {scheduler_job.py:637} INFO - DAG(s) dict_keys(['example_trigger_controller_dag']) retrieved from /home/airflow/.local/lib/python3.8/site-packages/airflow/example_dags/example_trigger_controller_dag.py
[2021-02-06 06:43:44,408] {logging_mixin.py:104} INFO - [2021-02-06 06:43:44,408] {dag.py:1818} INFO - Sync 1 DAGs
[2021-02-06 06:43:44,414] {logging_mixin.py:104} INFO - [2021-02-06 06:43:44,414] {dag.py:2273} INFO - Setting next_dagrun for example_trigger_controller_dag to 2021-02-04 00:00:00+00:00
[2021-02-06 06:43:44,419] {scheduler_job.py:189} INFO - Processing /home/airflow/.local/lib/python3.8/site-packages/airflow/example_dags/example_trigger_controller_dag.py took 0.035 seconds
[2021-02-06 06:49:43,521] {scheduler_job.py:181} INFO - Started process (PID=58) to work on /home/airflow/.local/lib/python3.8/site-packages/airflow/example_dags/example_trigger_controller_dag.py
[2021-02-06 06:49:43,522] {scheduler_job.py:627} INFO - Processing file /home/airflow/.local/lib/python3.8/site-packages/airflow/example_dags/example_trigger_controller_dag.py for tasks to queue
[2021-02-06 06:49:43,522] {logging_mixin.py:104} INFO - [2021-02-06 06:49:43,522] {dagbag.py:449} INFO - Filling up the DagBag from /home/airflow/.local/lib/python3.8/site-packages/airflow/example_dags/example_trigger_controller_dag.py
[2021-02-06 06:49:43,529] {scheduler_job.py:637} INFO - DAG(s) dict_keys(['example_trigger_controller_dag']) retrieved from /home/airflow/.local/lib/python3.8/site-packages/airflow/example_dags/example_trigger_controller_dag.py
[2021-02-06 06:49:43,544] {logging_mixin.py:104} INFO - [2021-02-06 06:49:43,544] {dag.py:1818} INFO - Sync 1 DAGs
[2021-02-06 06:49:43,551] {logging_mixin.py:104} INFO - [2021-02-06 06:49:43,551] {dag.py:2273} INFO - Setting next_dagrun for example_trigger_controller_dag to 2021-02-04 00:00:00+00:00
[2021-02-06 06:49:43,560] {scheduler_job.py:189} INFO - Processing /home/airflow/.local/lib/python3.8/site-packages/airflow/example_dags/example_trigger_controller_dag.py took 0.042 seconds
[2021-02-06 06:50:14,350] {scheduler_job.py:181} INFO - Started process (PID=84) to work on /home/airflow/.local/lib/python3.8/site-packages/airflow/example_dags/example_trigger_controller_dag.py
[2021-02-06 06:50:14,351] {scheduler_job.py:627} INFO - Processing file /home/airflow/.local/lib/python3.8/site-packages/airflow/example_dags/example_trigger_controller_dag.py for tasks to queue
[2021-02-06 06:50:14,351] {logging_mixin.py:104} INFO - [2021-02-06 06:50:14,351] {dagbag.py:449} INFO - Filling up the DagBag from /home/airflow/.local/lib/python3.8/site-packages/airflow/example_dags/example_trigger_controller_dag.py
[2021-02-06 06:50:14,359] {scheduler_job.py:637} INFO - DAG(s) dict_keys(['example_trigger_controller_dag']) retrieved from /home/airflow/.local/lib/python3.8/site-packages/airflow/example_dags/example_trigger_controller_dag.py
[2021-02-06 06:50:14,372] {logging_mixin.py:104} INFO - [2021-02-06 06:50:14,372] {dag.py:1818} INFO - Sync 1 DAGs
[2021-02-06 06:50:14,378] {logging_mixin.py:104} INFO - [2021-02-06 06:50:14,378] {dag.py:2273} INFO - Setting next_dagrun for example_trigger_controller_dag to 2021-02-04 00:00:00+00:00
[2021-02-06 06:50:14,382] {scheduler_job.py:189} INFO - Processing /home/airflow/.local/lib/python3.8/site-packages/airflow/example_dags/example_trigger_controller_dag.py took 0.034 seconds
[2021-02-06 06:50:45,161] {scheduler_job.py:181} INFO - Started process (PID=110) to work on /home/airflow/.local/lib/python3.8/site-packages/airflow/example_dags/example_trigger_controller_dag.py
[2021-02-06 06:50:45,162] {scheduler_job.py:627} INFO - Processing file /home/airflow/.local/lib/python3.8/site-packages/airflow/example_dags/example_trigger_controller_dag.py for tasks to queue
[2021-02-06 06:50:45,162] {logging_mixin.py:104} INFO - [2021-02-06 06:50:45,162] {dagbag.py:449} INFO - Filling up the DagBag from /home/airflow/.local/lib/python3.8/site-packages/airflow/example_dags/example_trigger_controller_dag.py
[2021-02-06 06:50:45,169] {scheduler_job.py:637} INFO - DAG(s) dict_keys(['example_trigger_controller_dag']) retrieved from /home/airflow/.local/lib/python3.8/site-packages/airflow/example_dags/example_trigger_controller_dag.py
[2021-02-06 06:50:45,183] {logging_mixin.py:104} INFO - [2021-02-06 06:50:45,183] {dag.py:1818} INFO - Sync 1 DAGs
[2021-02-06 06:50:45,190] {logging_mixin.py:104} INFO - [2021-02-06 06:50:45,190] {dag.py:2273} INFO - Setting next_dagrun for example_trigger_controller_dag to 2021-02-04 00:00:00+00:00
[2021-02-06 06:50:45,195] {scheduler_job.py:189} INFO - Processing /home/airflow/.local/lib/python3.8/site-packages/airflow/example_dags/example_trigger_controller_dag.py took 0.036 seconds
[2021-02-06 06:51:15,847] {scheduler_job.py:181} INFO - Started process (PID=136) to work on /home/airflow/.local/lib/python3.8/site-packages/airflow/example_dags/example_trigger_controller_dag.py
[2021-02-06 06:51:15,848] {scheduler_job.py:627} INFO - Processing file /home/airflow/.local/lib/python3.8/site-packages/airflow/example_dags/example_trigger_controller_dag.py for tasks to queue
[2021-02-06 06:51:15,848] {logging_mixin.py:104} INFO - [2021-02-06 06:51:15,848] {dagbag.py:449} INFO - Filling up the DagBag from /home/airflow/.local/lib/python3.8/site-packages/airflow/example_dags/example_trigger_controller_dag.py
[2021-02-06 06:51:15,856] {scheduler_job.py:637} INFO - DAG(s) dict_keys(['example_trigger_controller_dag']) retrieved from /home/airflow/.local/lib/python3.8/site-packages/airflow/example_dags/example_trigger_controller_dag.py
[2021-02-06 06:51:15,870] {logging_mixin.py:104} INFO - [2021-02-06 06:51:15,870] {dag.py:1818} INFO - Sync 1 DAGs
[2021-02-06 06:51:15,877] {logging_mixin.py:104} INFO - [2021-02-06 06:51:15,877] {dag.py:2273} INFO - Setting next_dagrun for example_trigger_controller_dag to 2021-02-04 00:00:00+00:00
[2021-02-06 06:51:15,882] {scheduler_job.py:189} INFO - Processing /home/airflow/.local/lib/python3.8/site-packages/airflow/example_dags/example_trigger_controller_dag.py took 0.037 seconds
[2021-02-06 06:51:46,522] {scheduler_job.py:181} INFO - Started process (PID=171) to work on /home/airflow/.local/lib/python3.8/site-packages/airflow/example_dags/example_trigger_controller_dag.py
[2021-02-06 06:51:46,522] {scheduler_job.py:627} INFO - Processing file /home/airflow/.local/lib/python3.8/site-packages/airflow/example_dags/example_trigger_controller_dag.py for tasks to queue
[2021-02-06 06:51:46,523] {logging_mixin.py:104} INFO - [2021-02-06 06:51:46,523] {dagbag.py:449} INFO - Filling up the DagBag from /home/airflow/.local/lib/python3.8/site-packages/airflow/example_dags/example_trigger_controller_dag.py
[2021-02-06 06:51:46,531] {scheduler_job.py:637} INFO - DAG(s) dict_keys(['example_trigger_controller_dag']) retrieved from /home/airflow/.local/lib/python3.8/site-packages/airflow/example_dags/example_trigger_controller_dag.py
[2021-02-06 06:51:46,542] {logging_mixin.py:104} INFO - [2021-02-06 06:51:46,542] {dag.py:1818} INFO - Sync 1 DAGs
[2021-02-06 06:51:46,549] {logging_mixin.py:104} INFO - [2021-02-06 06:51:46,549] {dag.py:2273} INFO - Setting next_dagrun for example_trigger_controller_dag to 2021-02-04 00:00:00+00:00
[2021-02-06 06:51:46,553] {scheduler_job.py:189} INFO - Processing /home/airflow/.local/lib/python3.8/site-packages/airflow/example_dags/example_trigger_controller_dag.py took 0.034 seconds
[2021-02-06 06:52:17,303] {scheduler_job.py:181} INFO - Started process (PID=199) to work on /home/airflow/.local/lib/python3.8/site-packages/airflow/example_dags/example_trigger_controller_dag.py
[2021-02-06 06:52:17,306] {scheduler_job.py:627} INFO - Processing file /home/airflow/.local/lib/python3.8/site-packages/airflow/example_dags/example_trigger_controller_dag.py for tasks to queue
[2021-02-06 06:52:17,306] {logging_mixin.py:104} INFO - [2021-02-06 06:52:17,306] {dagbag.py:449} INFO - Filling up the DagBag from /home/airflow/.local/lib/python3.8/site-packages/airflow/example_dags/example_trigger_controller_dag.py
[2021-02-06 06:52:17,312] {scheduler_job.py:637} INFO - DAG(s) dict_keys(['example_trigger_controller_dag']) retrieved from /home/airflow/.local/lib/python3.8/site-packages/airflow/example_dags/example_trigger_controller_dag.py
[2021-02-06 06:52:17,326] {logging_mixin.py:104} INFO - [2021-02-06 06:52:17,326] {dag.py:1818} INFO - Sync 1 DAGs
[2021-02-06 06:52:17,334] {logging_mixin.py:104} INFO - [2021-02-06 06:52:17,334] {dag.py:2273} INFO - Setting next_dagrun for example_trigger_controller_dag to 2021-02-04 00:00:00+00:00
[2021-02-06 06:52:17,338] {scheduler_job.py:189} INFO - Processing /home/airflow/.local/lib/python3.8/site-packages/airflow/example_dags/example_trigger_controller_dag.py took 0.037 seconds
[2021-02-06 06:52:48,009] {scheduler_job.py:181} INFO - Started process (PID=225) to work on /home/airflow/.local/lib/python3.8/site-packages/airflow/example_dags/example_trigger_controller_dag.py
[2021-02-06 06:52:48,010] {scheduler_job.py:627} INFO - Processing file /home/airflow/.local/lib/python3.8/site-packages/airflow/example_dags/example_trigger_controller_dag.py for tasks to queue
[2021-02-06 06:52:48,010] {logging_mixin.py:104} INFO - [2021-02-06 06:52:48,010] {dagbag.py:449} INFO - Filling up the DagBag from /home/airflow/.local/lib/python3.8/site-packages/airflow/example_dags/example_trigger_controller_dag.py
[2021-02-06 06:52:48,016] {scheduler_job.py:637} INFO - DAG(s) dict_keys(['example_trigger_controller_dag']) retrieved from /home/airflow/.local/lib/python3.8/site-packages/airflow/example_dags/example_trigger_controller_dag.py
[2021-02-06 06:52:48,030] {logging_mixin.py:104} INFO - [2021-02-06 06:52:48,029] {dag.py:1818} INFO - Sync 1 DAGs
[2021-02-06 06:52:48,038] {logging_mixin.py:104} INFO - [2021-02-06 06:52:48,038] {dag.py:2273} INFO - Setting next_dagrun for example_trigger_controller_dag to 2021-02-04 00:00:00+00:00
[2021-02-06 06:52:48,042] {scheduler_job.py:189} INFO - Processing /home/airflow/.local/lib/python3.8/site-packages/airflow/example_dags/example_trigger_controller_dag.py took 0.036 seconds
[2021-02-06 06:53:18,742] {scheduler_job.py:181} INFO - Started process (PID=251) to work on /home/airflow/.local/lib/python3.8/site-packages/airflow/example_dags/example_trigger_controller_dag.py
[2021-02-06 06:53:18,743] {scheduler_job.py:627} INFO - Processing file /home/airflow/.local/lib/python3.8/site-packages/airflow/example_dags/example_trigger_controller_dag.py for tasks to queue
[2021-02-06 06:53:18,743] {logging_mixin.py:104} INFO - [2021-02-06 06:53:18,743] {dagbag.py:449} INFO - Filling up the DagBag from /home/airflow/.local/lib/python3.8/site-packages/airflow/example_dags/example_trigger_controller_dag.py
[2021-02-06 06:53:18,749] {scheduler_job.py:637} INFO - DAG(s) dict_keys(['example_trigger_controller_dag']) retrieved from /home/airflow/.local/lib/python3.8/site-packages/airflow/example_dags/example_trigger_controller_dag.py
[2021-02-06 06:53:18,763] {logging_mixin.py:104} INFO - [2021-02-06 06:53:18,763] {dag.py:1818} INFO - Sync 1 DAGs
[2021-02-06 06:53:18,771] {logging_mixin.py:104} INFO - [2021-02-06 06:53:18,771] {dag.py:2273} INFO - Setting next_dagrun for example_trigger_controller_dag to 2021-02-04 00:00:00+00:00
[2021-02-06 06:53:18,777] {scheduler_job.py:189} INFO - Processing /home/airflow/.local/lib/python3.8/site-packages/airflow/example_dags/example_trigger_controller_dag.py took 0.037 seconds
[2021-02-06 06:53:49,515] {scheduler_job.py:181} INFO - Started process (PID=277) to work on /home/airflow/.local/lib/python3.8/site-packages/airflow/example_dags/example_trigger_controller_dag.py
[2021-02-06 06:53:49,516] {scheduler_job.py:627} INFO - Processing file /home/airflow/.local/lib/python3.8/site-packages/airflow/example_dags/example_trigger_controller_dag.py for tasks to queue
[2021-02-06 06:53:49,516] {logging_mixin.py:104} INFO - [2021-02-06 06:53:49,516] {dagbag.py:449} INFO - Filling up the DagBag from /home/airflow/.local/lib/python3.8/site-packages/airflow/example_dags/example_trigger_controller_dag.py
[2021-02-06 06:53:49,522] {scheduler_job.py:637} INFO - DAG(s) dict_keys(['example_trigger_controller_dag']) retrieved from /home/airflow/.local/lib/python3.8/site-packages/airflow/example_dags/example_trigger_controller_dag.py
[2021-02-06 06:53:49,536] {logging_mixin.py:104} INFO - [2021-02-06 06:53:49,535] {dag.py:1818} INFO - Sync 1 DAGs
[2021-02-06 06:53:49,542] {logging_mixin.py:104} INFO - [2021-02-06 06:53:49,542] {dag.py:2273} INFO - Setting next_dagrun for example_trigger_controller_dag to 2021-02-04 00:00:00+00:00
[2021-02-06 06:53:49,546] {scheduler_job.py:189} INFO - Processing /home/airflow/.local/lib/python3.8/site-packages/airflow/example_dags/example_trigger_controller_dag.py took 0.033 seconds
[2021-02-06 06:54:20,174] {scheduler_job.py:181} INFO - Started process (PID=303) to work on /home/airflow/.local/lib/python3.8/site-packages/airflow/example_dags/example_trigger_controller_dag.py
[2021-02-06 06:54:20,175] {scheduler_job.py:627} INFO - Processing file /home/airflow/.local/lib/python3.8/site-packages/airflow/example_dags/example_trigger_controller_dag.py for tasks to queue
[2021-02-06 06:54:20,175] {logging_mixin.py:104} INFO - [2021-02-06 06:54:20,175] {dagbag.py:449} INFO - Filling up the DagBag from /home/airflow/.local/lib/python3.8/site-packages/airflow/example_dags/example_trigger_controller_dag.py
[2021-02-06 06:54:20,182] {scheduler_job.py:637} INFO - DAG(s) dict_keys(['example_trigger_controller_dag']) retrieved from /home/airflow/.local/lib/python3.8/site-packages/airflow/example_dags/example_trigger_controller_dag.py
[2021-02-06 06:54:20,195] {logging_mixin.py:104} INFO - [2021-02-06 06:54:20,195] {dag.py:1818} INFO - Sync 1 DAGs
[2021-02-06 06:54:20,201] {logging_mixin.py:104} INFO - [2021-02-06 06:54:20,201] {dag.py:2273} INFO - Setting next_dagrun for example_trigger_controller_dag to 2021-02-04 00:00:00+00:00
[2021-02-06 06:54:20,209] {scheduler_job.py:189} INFO - Processing /home/airflow/.local/lib/python3.8/site-packages/airflow/example_dags/example_trigger_controller_dag.py took 0.037 seconds
[2021-02-06 06:54:50,922] {scheduler_job.py:181} INFO - Started process (PID=329) to work on /home/airflow/.local/lib/python3.8/site-packages/airflow/example_dags/example_trigger_controller_dag.py
[2021-02-06 06:54:50,922] {scheduler_job.py:627} INFO - Processing file /home/airflow/.local/lib/python3.8/site-packages/airflow/example_dags/example_trigger_controller_dag.py for tasks to queue
[2021-02-06 06:54:50,923] {logging_mixin.py:104} INFO - [2021-02-06 06:54:50,923] {dagbag.py:449} INFO - Filling up the DagBag from /home/airflow/.local/lib/python3.8/site-packages/airflow/example_dags/example_trigger_controller_dag.py
[2021-02-06 06:54:50,930] {scheduler_job.py:637} INFO - DAG(s) dict_keys(['example_trigger_controller_dag']) retrieved from /home/airflow/.local/lib/python3.8/site-packages/airflow/example_dags/example_trigger_controller_dag.py
[2021-02-06 06:54:50,944] {logging_mixin.py:104} INFO - [2021-02-06 06:54:50,944] {dag.py:1818} INFO - Sync 1 DAGs
[2021-02-06 06:54:50,953] {logging_mixin.py:104} INFO - [2021-02-06 06:54:50,953] {dag.py:2273} INFO - Setting next_dagrun for example_trigger_controller_dag to 2021-02-04 00:00:00+00:00
[2021-02-06 06:54:50,959] {scheduler_job.py:189} INFO - Processing /home/airflow/.local/lib/python3.8/site-packages/airflow/example_dags/example_trigger_controller_dag.py took 0.040 seconds
[2021-02-06 06:55:21,696] {scheduler_job.py:181} INFO - Started process (PID=355) to work on /home/airflow/.local/lib/python3.8/site-packages/airflow/example_dags/example_trigger_controller_dag.py
[2021-02-06 06:55:21,696] {scheduler_job.py:627} INFO - Processing file /home/airflow/.local/lib/python3.8/site-packages/airflow/example_dags/example_trigger_controller_dag.py for tasks to queue
[2021-02-06 06:55:21,697] {logging_mixin.py:104} INFO - [2021-02-06 06:55:21,697] {dagbag.py:449} INFO - Filling up the DagBag from /home/airflow/.local/lib/python3.8/site-packages/airflow/example_dags/example_trigger_controller_dag.py
[2021-02-06 06:55:21,703] {scheduler_job.py:637} INFO - DAG(s) dict_keys(['example_trigger_controller_dag']) retrieved from /home/airflow/.local/lib/python3.8/site-packages/airflow/example_dags/example_trigger_controller_dag.py
[2021-02-06 06:55:21,716] {logging_mixin.py:104} INFO - [2021-02-06 06:55:21,716] {dag.py:1818} INFO - Sync 1 DAGs
[2021-02-06 06:55:21,723] {logging_mixin.py:104} INFO - [2021-02-06 06:55:21,723] {dag.py:2273} INFO - Setting next_dagrun for example_trigger_controller_dag to 2021-02-04 00:00:00+00:00
[2021-02-06 06:55:21,730] {scheduler_job.py:189} INFO - Processing /home/airflow/.local/lib/python3.8/site-packages/airflow/example_dags/example_trigger_controller_dag.py took 0.037 seconds
[2021-02-06 06:55:52,414] {scheduler_job.py:181} INFO - Started process (PID=381) to work on /home/airflow/.local/lib/python3.8/site-packages/airflow/example_dags/example_trigger_controller_dag.py
[2021-02-06 06:55:52,414] {scheduler_job.py:627} INFO - Processing file /home/airflow/.local/lib/python3.8/site-packages/airflow/example_dags/example_trigger_controller_dag.py for tasks to queue
[2021-02-06 06:55:52,415] {logging_mixin.py:104} INFO - [2021-02-06 06:55:52,415] {dagbag.py:449} INFO - Filling up the DagBag from /home/airflow/.local/lib/python3.8/site-packages/airflow/example_dags/example_trigger_controller_dag.py
[2021-02-06 06:55:52,422] {scheduler_job.py:637} INFO - DAG(s) dict_keys(['example_trigger_controller_dag']) retrieved from /home/airflow/.local/lib/python3.8/site-packages/airflow/example_dags/example_trigger_controller_dag.py
[2021-02-06 06:55:52,436] {logging_mixin.py:104} INFO - [2021-02-06 06:55:52,436] {dag.py:1818} INFO - Sync 1 DAGs
[2021-02-06 06:55:52,443] {logging_mixin.py:104} INFO - [2021-02-06 06:55:52,443] {dag.py:2273} INFO - Setting next_dagrun for example_trigger_controller_dag to 2021-02-04 00:00:00+00:00
[2021-02-06 06:55:52,447] {scheduler_job.py:189} INFO - Processing /home/airflow/.local/lib/python3.8/site-packages/airflow/example_dags/example_trigger_controller_dag.py took 0.036 seconds
