[2021-02-06 06:42:11,927] {scheduler_job.py:181} INFO - Started process (PID=47) to work on /home/airflow/.local/lib/python3.8/site-packages/airflow/example_dags/example_latest_only.py
[2021-02-06 06:42:11,928] {scheduler_job.py:627} INFO - Processing file /home/airflow/.local/lib/python3.8/site-packages/airflow/example_dags/example_latest_only.py for tasks to queue
[2021-02-06 06:42:11,928] {logging_mixin.py:104} INFO - [2021-02-06 06:42:11,928] {dagbag.py:449} INFO - Filling up the DagBag from /home/airflow/.local/lib/python3.8/site-packages/airflow/example_dags/example_latest_only.py
[2021-02-06 06:42:11,935] {scheduler_job.py:637} INFO - DAG(s) dict_keys(['latest_only']) retrieved from /home/airflow/.local/lib/python3.8/site-packages/airflow/example_dags/example_latest_only.py
[2021-02-06 06:42:11,950] {logging_mixin.py:104} INFO - [2021-02-06 06:42:11,950] {dag.py:1818} INFO - Sync 1 DAGs
[2021-02-06 06:42:11,953] {logging_mixin.py:104} INFO - [2021-02-06 06:42:11,953] {dag.py:1837} INFO - Creating ORM DAG for latest_only
[2021-02-06 06:42:11,956] {logging_mixin.py:104} INFO - [2021-02-06 06:42:11,956] {dag.py:2273} INFO - Setting next_dagrun for latest_only to 2021-02-04 00:00:00+00:00
[2021-02-06 06:42:11,966] {scheduler_job.py:189} INFO - Processing /home/airflow/.local/lib/python3.8/site-packages/airflow/example_dags/example_latest_only.py took 0.042 seconds
[2021-02-06 06:42:42,714] {scheduler_job.py:181} INFO - Started process (PID=73) to work on /home/airflow/.local/lib/python3.8/site-packages/airflow/example_dags/example_latest_only.py
[2021-02-06 06:42:42,714] {scheduler_job.py:627} INFO - Processing file /home/airflow/.local/lib/python3.8/site-packages/airflow/example_dags/example_latest_only.py for tasks to queue
[2021-02-06 06:42:42,715] {logging_mixin.py:104} INFO - [2021-02-06 06:42:42,715] {dagbag.py:449} INFO - Filling up the DagBag from /home/airflow/.local/lib/python3.8/site-packages/airflow/example_dags/example_latest_only.py
[2021-02-06 06:42:42,719] {scheduler_job.py:637} INFO - DAG(s) dict_keys(['latest_only']) retrieved from /home/airflow/.local/lib/python3.8/site-packages/airflow/example_dags/example_latest_only.py
[2021-02-06 06:42:42,730] {logging_mixin.py:104} INFO - [2021-02-06 06:42:42,730] {dag.py:1818} INFO - Sync 1 DAGs
[2021-02-06 06:42:42,738] {logging_mixin.py:104} INFO - [2021-02-06 06:42:42,738] {dag.py:2273} INFO - Setting next_dagrun for latest_only to 2021-02-04 00:00:00+00:00
[2021-02-06 06:42:42,743] {scheduler_job.py:189} INFO - Processing /home/airflow/.local/lib/python3.8/site-packages/airflow/example_dags/example_latest_only.py took 0.030 seconds
[2021-02-06 06:43:13,534] {scheduler_job.py:181} INFO - Started process (PID=122) to work on /home/airflow/.local/lib/python3.8/site-packages/airflow/example_dags/example_latest_only.py
[2021-02-06 06:43:13,535] {scheduler_job.py:627} INFO - Processing file /home/airflow/.local/lib/python3.8/site-packages/airflow/example_dags/example_latest_only.py for tasks to queue
[2021-02-06 06:43:13,535] {logging_mixin.py:104} INFO - [2021-02-06 06:43:13,535] {dagbag.py:449} INFO - Filling up the DagBag from /home/airflow/.local/lib/python3.8/site-packages/airflow/example_dags/example_latest_only.py
[2021-02-06 06:43:13,542] {scheduler_job.py:637} INFO - DAG(s) dict_keys(['latest_only']) retrieved from /home/airflow/.local/lib/python3.8/site-packages/airflow/example_dags/example_latest_only.py
[2021-02-06 06:43:13,558] {logging_mixin.py:104} INFO - [2021-02-06 06:43:13,558] {dag.py:1818} INFO - Sync 1 DAGs
[2021-02-06 06:43:13,564] {logging_mixin.py:104} INFO - [2021-02-06 06:43:13,564] {dag.py:2273} INFO - Setting next_dagrun for latest_only to 2021-02-04 00:00:00+00:00
[2021-02-06 06:43:13,569] {scheduler_job.py:189} INFO - Processing /home/airflow/.local/lib/python3.8/site-packages/airflow/example_dags/example_latest_only.py took 0.037 seconds
[2021-02-06 06:43:44,292] {scheduler_job.py:181} INFO - Started process (PID=148) to work on /home/airflow/.local/lib/python3.8/site-packages/airflow/example_dags/example_latest_only.py
[2021-02-06 06:43:44,292] {scheduler_job.py:627} INFO - Processing file /home/airflow/.local/lib/python3.8/site-packages/airflow/example_dags/example_latest_only.py for tasks to queue
[2021-02-06 06:43:44,293] {logging_mixin.py:104} INFO - [2021-02-06 06:43:44,293] {dagbag.py:449} INFO - Filling up the DagBag from /home/airflow/.local/lib/python3.8/site-packages/airflow/example_dags/example_latest_only.py
[2021-02-06 06:43:44,299] {scheduler_job.py:637} INFO - DAG(s) dict_keys(['latest_only']) retrieved from /home/airflow/.local/lib/python3.8/site-packages/airflow/example_dags/example_latest_only.py
[2021-02-06 06:43:44,314] {logging_mixin.py:104} INFO - [2021-02-06 06:43:44,314] {dag.py:1818} INFO - Sync 1 DAGs
[2021-02-06 06:43:44,320] {logging_mixin.py:104} INFO - [2021-02-06 06:43:44,320] {dag.py:2273} INFO - Setting next_dagrun for latest_only to 2021-02-04 00:00:00+00:00
[2021-02-06 06:43:44,324] {scheduler_job.py:189} INFO - Processing /home/airflow/.local/lib/python3.8/site-packages/airflow/example_dags/example_latest_only.py took 0.035 seconds
[2021-02-06 06:49:43,314] {scheduler_job.py:181} INFO - Started process (PID=50) to work on /home/airflow/.local/lib/python3.8/site-packages/airflow/example_dags/example_latest_only.py
[2021-02-06 06:49:43,314] {scheduler_job.py:627} INFO - Processing file /home/airflow/.local/lib/python3.8/site-packages/airflow/example_dags/example_latest_only.py for tasks to queue
[2021-02-06 06:49:43,314] {logging_mixin.py:104} INFO - [2021-02-06 06:49:43,314] {dagbag.py:449} INFO - Filling up the DagBag from /home/airflow/.local/lib/python3.8/site-packages/airflow/example_dags/example_latest_only.py
[2021-02-06 06:49:43,321] {scheduler_job.py:637} INFO - DAG(s) dict_keys(['latest_only']) retrieved from /home/airflow/.local/lib/python3.8/site-packages/airflow/example_dags/example_latest_only.py
[2021-02-06 06:49:43,337] {logging_mixin.py:104} INFO - [2021-02-06 06:49:43,337] {dag.py:1818} INFO - Sync 1 DAGs
[2021-02-06 06:49:43,343] {logging_mixin.py:104} INFO - [2021-02-06 06:49:43,343] {dag.py:2273} INFO - Setting next_dagrun for latest_only to 2021-02-04 00:00:00+00:00
[2021-02-06 06:49:43,349] {scheduler_job.py:189} INFO - Processing /home/airflow/.local/lib/python3.8/site-packages/airflow/example_dags/example_latest_only.py took 0.037 seconds
[2021-02-06 06:50:14,157] {scheduler_job.py:181} INFO - Started process (PID=76) to work on /home/airflow/.local/lib/python3.8/site-packages/airflow/example_dags/example_latest_only.py
[2021-02-06 06:50:14,158] {scheduler_job.py:627} INFO - Processing file /home/airflow/.local/lib/python3.8/site-packages/airflow/example_dags/example_latest_only.py for tasks to queue
[2021-02-06 06:50:14,158] {logging_mixin.py:104} INFO - [2021-02-06 06:50:14,158] {dagbag.py:449} INFO - Filling up the DagBag from /home/airflow/.local/lib/python3.8/site-packages/airflow/example_dags/example_latest_only.py
[2021-02-06 06:50:14,166] {scheduler_job.py:637} INFO - DAG(s) dict_keys(['latest_only']) retrieved from /home/airflow/.local/lib/python3.8/site-packages/airflow/example_dags/example_latest_only.py
[2021-02-06 06:50:14,180] {logging_mixin.py:104} INFO - [2021-02-06 06:50:14,180] {dag.py:1818} INFO - Sync 1 DAGs
[2021-02-06 06:50:14,187] {logging_mixin.py:104} INFO - [2021-02-06 06:50:14,186] {dag.py:2273} INFO - Setting next_dagrun for latest_only to 2021-02-04 00:00:00+00:00
[2021-02-06 06:50:14,191] {scheduler_job.py:189} INFO - Processing /home/airflow/.local/lib/python3.8/site-packages/airflow/example_dags/example_latest_only.py took 0.036 seconds
[2021-02-06 06:50:44,928] {scheduler_job.py:181} INFO - Started process (PID=102) to work on /home/airflow/.local/lib/python3.8/site-packages/airflow/example_dags/example_latest_only.py
[2021-02-06 06:50:44,929] {scheduler_job.py:627} INFO - Processing file /home/airflow/.local/lib/python3.8/site-packages/airflow/example_dags/example_latest_only.py for tasks to queue
[2021-02-06 06:50:44,929] {logging_mixin.py:104} INFO - [2021-02-06 06:50:44,929] {dagbag.py:449} INFO - Filling up the DagBag from /home/airflow/.local/lib/python3.8/site-packages/airflow/example_dags/example_latest_only.py
[2021-02-06 06:50:44,936] {scheduler_job.py:637} INFO - DAG(s) dict_keys(['latest_only']) retrieved from /home/airflow/.local/lib/python3.8/site-packages/airflow/example_dags/example_latest_only.py
[2021-02-06 06:50:44,949] {logging_mixin.py:104} INFO - [2021-02-06 06:50:44,949] {dag.py:1818} INFO - Sync 1 DAGs
[2021-02-06 06:50:44,958] {logging_mixin.py:104} INFO - [2021-02-06 06:50:44,958] {dag.py:2273} INFO - Setting next_dagrun for latest_only to 2021-02-04 00:00:00+00:00
[2021-02-06 06:50:44,962] {scheduler_job.py:189} INFO - Processing /home/airflow/.local/lib/python3.8/site-packages/airflow/example_dags/example_latest_only.py took 0.036 seconds
[2021-02-06 06:51:15,661] {scheduler_job.py:181} INFO - Started process (PID=128) to work on /home/airflow/.local/lib/python3.8/site-packages/airflow/example_dags/example_latest_only.py
[2021-02-06 06:51:15,661] {scheduler_job.py:627} INFO - Processing file /home/airflow/.local/lib/python3.8/site-packages/airflow/example_dags/example_latest_only.py for tasks to queue
[2021-02-06 06:51:15,662] {logging_mixin.py:104} INFO - [2021-02-06 06:51:15,662] {dagbag.py:449} INFO - Filling up the DagBag from /home/airflow/.local/lib/python3.8/site-packages/airflow/example_dags/example_latest_only.py
[2021-02-06 06:51:15,669] {scheduler_job.py:637} INFO - DAG(s) dict_keys(['latest_only']) retrieved from /home/airflow/.local/lib/python3.8/site-packages/airflow/example_dags/example_latest_only.py
[2021-02-06 06:51:15,680] {logging_mixin.py:104} INFO - [2021-02-06 06:51:15,680] {dag.py:1818} INFO - Sync 1 DAGs
[2021-02-06 06:51:15,689] {logging_mixin.py:104} INFO - [2021-02-06 06:51:15,689] {dag.py:2273} INFO - Setting next_dagrun for latest_only to 2021-02-04 00:00:00+00:00
[2021-02-06 06:51:15,695] {scheduler_job.py:189} INFO - Processing /home/airflow/.local/lib/python3.8/site-packages/airflow/example_dags/example_latest_only.py took 0.037 seconds
[2021-02-06 06:51:46,336] {scheduler_job.py:181} INFO - Started process (PID=163) to work on /home/airflow/.local/lib/python3.8/site-packages/airflow/example_dags/example_latest_only.py
[2021-02-06 06:51:46,336] {scheduler_job.py:627} INFO - Processing file /home/airflow/.local/lib/python3.8/site-packages/airflow/example_dags/example_latest_only.py for tasks to queue
[2021-02-06 06:51:46,336] {logging_mixin.py:104} INFO - [2021-02-06 06:51:46,336] {dagbag.py:449} INFO - Filling up the DagBag from /home/airflow/.local/lib/python3.8/site-packages/airflow/example_dags/example_latest_only.py
[2021-02-06 06:51:46,341] {scheduler_job.py:637} INFO - DAG(s) dict_keys(['latest_only']) retrieved from /home/airflow/.local/lib/python3.8/site-packages/airflow/example_dags/example_latest_only.py
[2021-02-06 06:51:46,354] {logging_mixin.py:104} INFO - [2021-02-06 06:51:46,354] {dag.py:1818} INFO - Sync 1 DAGs
[2021-02-06 06:51:46,361] {logging_mixin.py:104} INFO - [2021-02-06 06:51:46,361] {dag.py:2273} INFO - Setting next_dagrun for latest_only to 2021-02-04 00:00:00+00:00
[2021-02-06 06:51:46,366] {scheduler_job.py:189} INFO - Processing /home/airflow/.local/lib/python3.8/site-packages/airflow/example_dags/example_latest_only.py took 0.032 seconds
[2021-02-06 06:52:17,026] {scheduler_job.py:181} INFO - Started process (PID=191) to work on /home/airflow/.local/lib/python3.8/site-packages/airflow/example_dags/example_latest_only.py
[2021-02-06 06:52:17,028] {scheduler_job.py:627} INFO - Processing file /home/airflow/.local/lib/python3.8/site-packages/airflow/example_dags/example_latest_only.py for tasks to queue
[2021-02-06 06:52:17,029] {logging_mixin.py:104} INFO - [2021-02-06 06:52:17,029] {dagbag.py:449} INFO - Filling up the DagBag from /home/airflow/.local/lib/python3.8/site-packages/airflow/example_dags/example_latest_only.py
[2021-02-06 06:52:17,033] {scheduler_job.py:637} INFO - DAG(s) dict_keys(['latest_only']) retrieved from /home/airflow/.local/lib/python3.8/site-packages/airflow/example_dags/example_latest_only.py
[2021-02-06 06:52:17,045] {logging_mixin.py:104} INFO - [2021-02-06 06:52:17,044] {dag.py:1818} INFO - Sync 1 DAGs
[2021-02-06 06:52:17,051] {logging_mixin.py:104} INFO - [2021-02-06 06:52:17,051] {dag.py:2273} INFO - Setting next_dagrun for latest_only to 2021-02-04 00:00:00+00:00
[2021-02-06 06:52:17,055] {scheduler_job.py:189} INFO - Processing /home/airflow/.local/lib/python3.8/site-packages/airflow/example_dags/example_latest_only.py took 0.031 seconds
[2021-02-06 06:52:47,809] {scheduler_job.py:181} INFO - Started process (PID=217) to work on /home/airflow/.local/lib/python3.8/site-packages/airflow/example_dags/example_latest_only.py
[2021-02-06 06:52:47,810] {scheduler_job.py:627} INFO - Processing file /home/airflow/.local/lib/python3.8/site-packages/airflow/example_dags/example_latest_only.py for tasks to queue
[2021-02-06 06:52:47,810] {logging_mixin.py:104} INFO - [2021-02-06 06:52:47,810] {dagbag.py:449} INFO - Filling up the DagBag from /home/airflow/.local/lib/python3.8/site-packages/airflow/example_dags/example_latest_only.py
[2021-02-06 06:52:47,816] {scheduler_job.py:637} INFO - DAG(s) dict_keys(['latest_only']) retrieved from /home/airflow/.local/lib/python3.8/site-packages/airflow/example_dags/example_latest_only.py
[2021-02-06 06:52:47,830] {logging_mixin.py:104} INFO - [2021-02-06 06:52:47,830] {dag.py:1818} INFO - Sync 1 DAGs
[2021-02-06 06:52:47,839] {logging_mixin.py:104} INFO - [2021-02-06 06:52:47,839] {dag.py:2273} INFO - Setting next_dagrun for latest_only to 2021-02-04 00:00:00+00:00
[2021-02-06 06:52:47,844] {scheduler_job.py:189} INFO - Processing /home/airflow/.local/lib/python3.8/site-packages/airflow/example_dags/example_latest_only.py took 0.038 seconds
[2021-02-06 06:53:18,534] {scheduler_job.py:181} INFO - Started process (PID=243) to work on /home/airflow/.local/lib/python3.8/site-packages/airflow/example_dags/example_latest_only.py
[2021-02-06 06:53:18,535] {scheduler_job.py:627} INFO - Processing file /home/airflow/.local/lib/python3.8/site-packages/airflow/example_dags/example_latest_only.py for tasks to queue
[2021-02-06 06:53:18,535] {logging_mixin.py:104} INFO - [2021-02-06 06:53:18,535] {dagbag.py:449} INFO - Filling up the DagBag from /home/airflow/.local/lib/python3.8/site-packages/airflow/example_dags/example_latest_only.py
[2021-02-06 06:53:18,542] {scheduler_job.py:637} INFO - DAG(s) dict_keys(['latest_only']) retrieved from /home/airflow/.local/lib/python3.8/site-packages/airflow/example_dags/example_latest_only.py
[2021-02-06 06:53:18,556] {logging_mixin.py:104} INFO - [2021-02-06 06:53:18,556] {dag.py:1818} INFO - Sync 1 DAGs
[2021-02-06 06:53:18,564] {logging_mixin.py:104} INFO - [2021-02-06 06:53:18,564] {dag.py:2273} INFO - Setting next_dagrun for latest_only to 2021-02-04 00:00:00+00:00
[2021-02-06 06:53:18,568] {scheduler_job.py:189} INFO - Processing /home/airflow/.local/lib/python3.8/site-packages/airflow/example_dags/example_latest_only.py took 0.037 seconds
[2021-02-06 06:53:49,227] {scheduler_job.py:181} INFO - Started process (PID=269) to work on /home/airflow/.local/lib/python3.8/site-packages/airflow/example_dags/example_latest_only.py
[2021-02-06 06:53:49,228] {scheduler_job.py:627} INFO - Processing file /home/airflow/.local/lib/python3.8/site-packages/airflow/example_dags/example_latest_only.py for tasks to queue
[2021-02-06 06:53:49,228] {logging_mixin.py:104} INFO - [2021-02-06 06:53:49,228] {dagbag.py:449} INFO - Filling up the DagBag from /home/airflow/.local/lib/python3.8/site-packages/airflow/example_dags/example_latest_only.py
[2021-02-06 06:53:49,235] {scheduler_job.py:637} INFO - DAG(s) dict_keys(['latest_only']) retrieved from /home/airflow/.local/lib/python3.8/site-packages/airflow/example_dags/example_latest_only.py
[2021-02-06 06:53:49,250] {logging_mixin.py:104} INFO - [2021-02-06 06:53:49,250] {dag.py:1818} INFO - Sync 1 DAGs
[2021-02-06 06:53:49,258] {logging_mixin.py:104} INFO - [2021-02-06 06:53:49,258] {dag.py:2273} INFO - Setting next_dagrun for latest_only to 2021-02-04 00:00:00+00:00
[2021-02-06 06:53:49,264] {scheduler_job.py:189} INFO - Processing /home/airflow/.local/lib/python3.8/site-packages/airflow/example_dags/example_latest_only.py took 0.039 seconds
[2021-02-06 06:54:19,989] {scheduler_job.py:181} INFO - Started process (PID=295) to work on /home/airflow/.local/lib/python3.8/site-packages/airflow/example_dags/example_latest_only.py
[2021-02-06 06:54:19,990] {scheduler_job.py:627} INFO - Processing file /home/airflow/.local/lib/python3.8/site-packages/airflow/example_dags/example_latest_only.py for tasks to queue
[2021-02-06 06:54:19,990] {logging_mixin.py:104} INFO - [2021-02-06 06:54:19,990] {dagbag.py:449} INFO - Filling up the DagBag from /home/airflow/.local/lib/python3.8/site-packages/airflow/example_dags/example_latest_only.py
[2021-02-06 06:54:19,996] {scheduler_job.py:637} INFO - DAG(s) dict_keys(['latest_only']) retrieved from /home/airflow/.local/lib/python3.8/site-packages/airflow/example_dags/example_latest_only.py
[2021-02-06 06:54:20,010] {logging_mixin.py:104} INFO - [2021-02-06 06:54:20,010] {dag.py:1818} INFO - Sync 1 DAGs
[2021-02-06 06:54:20,016] {logging_mixin.py:104} INFO - [2021-02-06 06:54:20,016] {dag.py:2273} INFO - Setting next_dagrun for latest_only to 2021-02-04 00:00:00+00:00
[2021-02-06 06:54:20,022] {scheduler_job.py:189} INFO - Processing /home/airflow/.local/lib/python3.8/site-packages/airflow/example_dags/example_latest_only.py took 0.035 seconds
[2021-02-06 06:54:50,726] {scheduler_job.py:181} INFO - Started process (PID=321) to work on /home/airflow/.local/lib/python3.8/site-packages/airflow/example_dags/example_latest_only.py
[2021-02-06 06:54:50,727] {scheduler_job.py:627} INFO - Processing file /home/airflow/.local/lib/python3.8/site-packages/airflow/example_dags/example_latest_only.py for tasks to queue
[2021-02-06 06:54:50,728] {logging_mixin.py:104} INFO - [2021-02-06 06:54:50,727] {dagbag.py:449} INFO - Filling up the DagBag from /home/airflow/.local/lib/python3.8/site-packages/airflow/example_dags/example_latest_only.py
[2021-02-06 06:54:50,734] {scheduler_job.py:637} INFO - DAG(s) dict_keys(['latest_only']) retrieved from /home/airflow/.local/lib/python3.8/site-packages/airflow/example_dags/example_latest_only.py
[2021-02-06 06:54:50,748] {logging_mixin.py:104} INFO - [2021-02-06 06:54:50,748] {dag.py:1818} INFO - Sync 1 DAGs
[2021-02-06 06:54:50,755] {logging_mixin.py:104} INFO - [2021-02-06 06:54:50,755] {dag.py:2273} INFO - Setting next_dagrun for latest_only to 2021-02-04 00:00:00+00:00
[2021-02-06 06:54:50,762] {scheduler_job.py:189} INFO - Processing /home/airflow/.local/lib/python3.8/site-packages/airflow/example_dags/example_latest_only.py took 0.037 seconds
[2021-02-06 06:55:21,462] {scheduler_job.py:181} INFO - Started process (PID=347) to work on /home/airflow/.local/lib/python3.8/site-packages/airflow/example_dags/example_latest_only.py
[2021-02-06 06:55:21,463] {scheduler_job.py:627} INFO - Processing file /home/airflow/.local/lib/python3.8/site-packages/airflow/example_dags/example_latest_only.py for tasks to queue
[2021-02-06 06:55:21,463] {logging_mixin.py:104} INFO - [2021-02-06 06:55:21,463] {dagbag.py:449} INFO - Filling up the DagBag from /home/airflow/.local/lib/python3.8/site-packages/airflow/example_dags/example_latest_only.py
[2021-02-06 06:55:21,470] {scheduler_job.py:637} INFO - DAG(s) dict_keys(['latest_only']) retrieved from /home/airflow/.local/lib/python3.8/site-packages/airflow/example_dags/example_latest_only.py
[2021-02-06 06:55:21,482] {logging_mixin.py:104} INFO - [2021-02-06 06:55:21,482] {dag.py:1818} INFO - Sync 1 DAGs
[2021-02-06 06:55:21,488] {logging_mixin.py:104} INFO - [2021-02-06 06:55:21,488] {dag.py:2273} INFO - Setting next_dagrun for latest_only to 2021-02-04 00:00:00+00:00
[2021-02-06 06:55:21,495] {scheduler_job.py:189} INFO - Processing /home/airflow/.local/lib/python3.8/site-packages/airflow/example_dags/example_latest_only.py took 0.035 seconds
[2021-02-06 06:55:52,183] {scheduler_job.py:181} INFO - Started process (PID=373) to work on /home/airflow/.local/lib/python3.8/site-packages/airflow/example_dags/example_latest_only.py
[2021-02-06 06:55:52,183] {scheduler_job.py:627} INFO - Processing file /home/airflow/.local/lib/python3.8/site-packages/airflow/example_dags/example_latest_only.py for tasks to queue
[2021-02-06 06:55:52,184] {logging_mixin.py:104} INFO - [2021-02-06 06:55:52,184] {dagbag.py:449} INFO - Filling up the DagBag from /home/airflow/.local/lib/python3.8/site-packages/airflow/example_dags/example_latest_only.py
[2021-02-06 06:55:52,190] {scheduler_job.py:637} INFO - DAG(s) dict_keys(['latest_only']) retrieved from /home/airflow/.local/lib/python3.8/site-packages/airflow/example_dags/example_latest_only.py
[2021-02-06 06:55:52,204] {logging_mixin.py:104} INFO - [2021-02-06 06:55:52,204] {dag.py:1818} INFO - Sync 1 DAGs
[2021-02-06 06:55:52,211] {logging_mixin.py:104} INFO - [2021-02-06 06:55:52,211] {dag.py:2273} INFO - Setting next_dagrun for latest_only to 2021-02-04 00:00:00+00:00
[2021-02-06 06:55:52,216] {scheduler_job.py:189} INFO - Processing /home/airflow/.local/lib/python3.8/site-packages/airflow/example_dags/example_latest_only.py took 0.035 seconds
