[2021-02-06 06:42:12,465] {scheduler_job.py:181} INFO - Started process (PID=66) to work on /home/airflow/.local/lib/python3.8/site-packages/airflow/example_dags/example_nested_branch_dag.py
[2021-02-06 06:42:12,465] {scheduler_job.py:627} INFO - Processing file /home/airflow/.local/lib/python3.8/site-packages/airflow/example_dags/example_nested_branch_dag.py for tasks to queue
[2021-02-06 06:42:12,465] {logging_mixin.py:104} INFO - [2021-02-06 06:42:12,465] {dagbag.py:449} INFO - Filling up the DagBag from /home/airflow/.local/lib/python3.8/site-packages/airflow/example_dags/example_nested_branch_dag.py
[2021-02-06 06:42:12,473] {scheduler_job.py:637} INFO - DAG(s) dict_keys(['example_nested_branch_dag']) retrieved from /home/airflow/.local/lib/python3.8/site-packages/airflow/example_dags/example_nested_branch_dag.py
[2021-02-06 06:42:12,487] {logging_mixin.py:104} INFO - [2021-02-06 06:42:12,487] {dag.py:1818} INFO - Sync 1 DAGs
[2021-02-06 06:42:12,491] {logging_mixin.py:104} INFO - [2021-02-06 06:42:12,491] {dag.py:1837} INFO - Creating ORM DAG for example_nested_branch_dag
[2021-02-06 06:42:12,498] {logging_mixin.py:104} INFO - [2021-02-06 06:42:12,498] {dag.py:2273} INFO - Setting next_dagrun for example_nested_branch_dag to 2021-02-04 00:00:00+00:00
[2021-02-06 06:42:12,507] {scheduler_job.py:189} INFO - Processing /home/airflow/.local/lib/python3.8/site-packages/airflow/example_dags/example_nested_branch_dag.py took 0.044 seconds
[2021-02-06 06:42:43,233] {scheduler_job.py:181} INFO - Started process (PID=92) to work on /home/airflow/.local/lib/python3.8/site-packages/airflow/example_dags/example_nested_branch_dag.py
[2021-02-06 06:42:43,233] {scheduler_job.py:627} INFO - Processing file /home/airflow/.local/lib/python3.8/site-packages/airflow/example_dags/example_nested_branch_dag.py for tasks to queue
[2021-02-06 06:42:43,234] {logging_mixin.py:104} INFO - [2021-02-06 06:42:43,234] {dagbag.py:449} INFO - Filling up the DagBag from /home/airflow/.local/lib/python3.8/site-packages/airflow/example_dags/example_nested_branch_dag.py
[2021-02-06 06:42:43,242] {scheduler_job.py:637} INFO - DAG(s) dict_keys(['example_nested_branch_dag']) retrieved from /home/airflow/.local/lib/python3.8/site-packages/airflow/example_dags/example_nested_branch_dag.py
[2021-02-06 06:42:43,257] {logging_mixin.py:104} INFO - [2021-02-06 06:42:43,256] {dag.py:1818} INFO - Sync 1 DAGs
[2021-02-06 06:42:43,267] {logging_mixin.py:104} INFO - [2021-02-06 06:42:43,267] {dag.py:2273} INFO - Setting next_dagrun for example_nested_branch_dag to 2021-02-04 00:00:00+00:00
[2021-02-06 06:42:43,274] {scheduler_job.py:189} INFO - Processing /home/airflow/.local/lib/python3.8/site-packages/airflow/example_dags/example_nested_branch_dag.py took 0.043 seconds
[2021-02-06 06:43:14,009] {scheduler_job.py:181} INFO - Started process (PID=141) to work on /home/airflow/.local/lib/python3.8/site-packages/airflow/example_dags/example_nested_branch_dag.py
[2021-02-06 06:43:14,009] {scheduler_job.py:627} INFO - Processing file /home/airflow/.local/lib/python3.8/site-packages/airflow/example_dags/example_nested_branch_dag.py for tasks to queue
[2021-02-06 06:43:14,010] {logging_mixin.py:104} INFO - [2021-02-06 06:43:14,010] {dagbag.py:449} INFO - Filling up the DagBag from /home/airflow/.local/lib/python3.8/site-packages/airflow/example_dags/example_nested_branch_dag.py
[2021-02-06 06:43:14,018] {scheduler_job.py:637} INFO - DAG(s) dict_keys(['example_nested_branch_dag']) retrieved from /home/airflow/.local/lib/python3.8/site-packages/airflow/example_dags/example_nested_branch_dag.py
[2021-02-06 06:43:14,035] {logging_mixin.py:104} INFO - [2021-02-06 06:43:14,035] {dag.py:1818} INFO - Sync 1 DAGs
[2021-02-06 06:43:14,045] {logging_mixin.py:104} INFO - [2021-02-06 06:43:14,045] {dag.py:2273} INFO - Setting next_dagrun for example_nested_branch_dag to 2021-02-04 00:00:00+00:00
[2021-02-06 06:43:14,051] {scheduler_job.py:189} INFO - Processing /home/airflow/.local/lib/python3.8/site-packages/airflow/example_dags/example_nested_branch_dag.py took 0.043 seconds
[2021-02-06 06:43:44,762] {scheduler_job.py:181} INFO - Started process (PID=167) to work on /home/airflow/.local/lib/python3.8/site-packages/airflow/example_dags/example_nested_branch_dag.py
[2021-02-06 06:43:44,763] {scheduler_job.py:627} INFO - Processing file /home/airflow/.local/lib/python3.8/site-packages/airflow/example_dags/example_nested_branch_dag.py for tasks to queue
[2021-02-06 06:43:44,763] {logging_mixin.py:104} INFO - [2021-02-06 06:43:44,763] {dagbag.py:449} INFO - Filling up the DagBag from /home/airflow/.local/lib/python3.8/site-packages/airflow/example_dags/example_nested_branch_dag.py
[2021-02-06 06:43:44,770] {scheduler_job.py:637} INFO - DAG(s) dict_keys(['example_nested_branch_dag']) retrieved from /home/airflow/.local/lib/python3.8/site-packages/airflow/example_dags/example_nested_branch_dag.py
[2021-02-06 06:43:44,785] {logging_mixin.py:104} INFO - [2021-02-06 06:43:44,785] {dag.py:1818} INFO - Sync 1 DAGs
[2021-02-06 06:43:44,796] {logging_mixin.py:104} INFO - [2021-02-06 06:43:44,796] {dag.py:2273} INFO - Setting next_dagrun for example_nested_branch_dag to 2021-02-04 00:00:00+00:00
[2021-02-06 06:43:44,802] {scheduler_job.py:189} INFO - Processing /home/airflow/.local/lib/python3.8/site-packages/airflow/example_dags/example_nested_branch_dag.py took 0.043 seconds
[2021-02-06 06:49:43,759] {scheduler_job.py:181} INFO - Started process (PID=63) to work on /home/airflow/.local/lib/python3.8/site-packages/airflow/example_dags/example_nested_branch_dag.py
[2021-02-06 06:49:43,759] {scheduler_job.py:627} INFO - Processing file /home/airflow/.local/lib/python3.8/site-packages/airflow/example_dags/example_nested_branch_dag.py for tasks to queue
[2021-02-06 06:49:43,759] {logging_mixin.py:104} INFO - [2021-02-06 06:49:43,759] {dagbag.py:449} INFO - Filling up the DagBag from /home/airflow/.local/lib/python3.8/site-packages/airflow/example_dags/example_nested_branch_dag.py
[2021-02-06 06:49:43,769] {scheduler_job.py:637} INFO - DAG(s) dict_keys(['example_nested_branch_dag']) retrieved from /home/airflow/.local/lib/python3.8/site-packages/airflow/example_dags/example_nested_branch_dag.py
[2021-02-06 06:49:43,783] {logging_mixin.py:104} INFO - [2021-02-06 06:49:43,782] {dag.py:1818} INFO - Sync 1 DAGs
[2021-02-06 06:49:43,795] {logging_mixin.py:104} INFO - [2021-02-06 06:49:43,795] {dag.py:2273} INFO - Setting next_dagrun for example_nested_branch_dag to 2021-02-04 00:00:00+00:00
[2021-02-06 06:49:43,802] {scheduler_job.py:189} INFO - Processing /home/airflow/.local/lib/python3.8/site-packages/airflow/example_dags/example_nested_branch_dag.py took 0.045 seconds
[2021-02-06 06:50:14,488] {scheduler_job.py:181} INFO - Started process (PID=89) to work on /home/airflow/.local/lib/python3.8/site-packages/airflow/example_dags/example_nested_branch_dag.py
[2021-02-06 06:50:14,489] {scheduler_job.py:627} INFO - Processing file /home/airflow/.local/lib/python3.8/site-packages/airflow/example_dags/example_nested_branch_dag.py for tasks to queue
[2021-02-06 06:50:14,489] {logging_mixin.py:104} INFO - [2021-02-06 06:50:14,489] {dagbag.py:449} INFO - Filling up the DagBag from /home/airflow/.local/lib/python3.8/site-packages/airflow/example_dags/example_nested_branch_dag.py
[2021-02-06 06:50:14,499] {scheduler_job.py:637} INFO - DAG(s) dict_keys(['example_nested_branch_dag']) retrieved from /home/airflow/.local/lib/python3.8/site-packages/airflow/example_dags/example_nested_branch_dag.py
[2021-02-06 06:50:14,512] {logging_mixin.py:104} INFO - [2021-02-06 06:50:14,512] {dag.py:1818} INFO - Sync 1 DAGs
[2021-02-06 06:50:14,526] {logging_mixin.py:104} INFO - [2021-02-06 06:50:14,526] {dag.py:2273} INFO - Setting next_dagrun for example_nested_branch_dag to 2021-02-04 00:00:00+00:00
[2021-02-06 06:50:14,532] {scheduler_job.py:189} INFO - Processing /home/airflow/.local/lib/python3.8/site-packages/airflow/example_dags/example_nested_branch_dag.py took 0.046 seconds
[2021-02-06 06:50:45,299] {scheduler_job.py:181} INFO - Started process (PID=115) to work on /home/airflow/.local/lib/python3.8/site-packages/airflow/example_dags/example_nested_branch_dag.py
[2021-02-06 06:50:45,299] {scheduler_job.py:627} INFO - Processing file /home/airflow/.local/lib/python3.8/site-packages/airflow/example_dags/example_nested_branch_dag.py for tasks to queue
[2021-02-06 06:50:45,300] {logging_mixin.py:104} INFO - [2021-02-06 06:50:45,300] {dagbag.py:449} INFO - Filling up the DagBag from /home/airflow/.local/lib/python3.8/site-packages/airflow/example_dags/example_nested_branch_dag.py
[2021-02-06 06:50:45,309] {scheduler_job.py:637} INFO - DAG(s) dict_keys(['example_nested_branch_dag']) retrieved from /home/airflow/.local/lib/python3.8/site-packages/airflow/example_dags/example_nested_branch_dag.py
[2021-02-06 06:50:45,324] {logging_mixin.py:104} INFO - [2021-02-06 06:50:45,324] {dag.py:1818} INFO - Sync 1 DAGs
[2021-02-06 06:50:45,334] {logging_mixin.py:104} INFO - [2021-02-06 06:50:45,334] {dag.py:2273} INFO - Setting next_dagrun for example_nested_branch_dag to 2021-02-04 00:00:00+00:00
[2021-02-06 06:50:45,339] {scheduler_job.py:189} INFO - Processing /home/airflow/.local/lib/python3.8/site-packages/airflow/example_dags/example_nested_branch_dag.py took 0.043 seconds
[2021-02-06 06:51:15,979] {scheduler_job.py:181} INFO - Started process (PID=141) to work on /home/airflow/.local/lib/python3.8/site-packages/airflow/example_dags/example_nested_branch_dag.py
[2021-02-06 06:51:15,979] {scheduler_job.py:627} INFO - Processing file /home/airflow/.local/lib/python3.8/site-packages/airflow/example_dags/example_nested_branch_dag.py for tasks to queue
[2021-02-06 06:51:15,980] {logging_mixin.py:104} INFO - [2021-02-06 06:51:15,980] {dagbag.py:449} INFO - Filling up the DagBag from /home/airflow/.local/lib/python3.8/site-packages/airflow/example_dags/example_nested_branch_dag.py
[2021-02-06 06:51:15,989] {scheduler_job.py:637} INFO - DAG(s) dict_keys(['example_nested_branch_dag']) retrieved from /home/airflow/.local/lib/python3.8/site-packages/airflow/example_dags/example_nested_branch_dag.py
[2021-02-06 06:51:16,002] {logging_mixin.py:104} INFO - [2021-02-06 06:51:16,002] {dag.py:1818} INFO - Sync 1 DAGs
[2021-02-06 06:51:16,014] {logging_mixin.py:104} INFO - [2021-02-06 06:51:16,014] {dag.py:2273} INFO - Setting next_dagrun for example_nested_branch_dag to 2021-02-04 00:00:00+00:00
[2021-02-06 06:51:16,018] {scheduler_job.py:189} INFO - Processing /home/airflow/.local/lib/python3.8/site-packages/airflow/example_dags/example_nested_branch_dag.py took 0.042 seconds
[2021-02-06 06:51:46,640] {scheduler_job.py:181} INFO - Started process (PID=176) to work on /home/airflow/.local/lib/python3.8/site-packages/airflow/example_dags/example_nested_branch_dag.py
[2021-02-06 06:51:46,640] {scheduler_job.py:627} INFO - Processing file /home/airflow/.local/lib/python3.8/site-packages/airflow/example_dags/example_nested_branch_dag.py for tasks to queue
[2021-02-06 06:51:46,641] {logging_mixin.py:104} INFO - [2021-02-06 06:51:46,641] {dagbag.py:449} INFO - Filling up the DagBag from /home/airflow/.local/lib/python3.8/site-packages/airflow/example_dags/example_nested_branch_dag.py
[2021-02-06 06:51:46,651] {scheduler_job.py:637} INFO - DAG(s) dict_keys(['example_nested_branch_dag']) retrieved from /home/airflow/.local/lib/python3.8/site-packages/airflow/example_dags/example_nested_branch_dag.py
[2021-02-06 06:51:46,697] {logging_mixin.py:104} INFO - [2021-02-06 06:51:46,697] {dag.py:1818} INFO - Sync 1 DAGs
[2021-02-06 06:51:46,710] {logging_mixin.py:104} INFO - [2021-02-06 06:51:46,710] {dag.py:2273} INFO - Setting next_dagrun for example_nested_branch_dag to 2021-02-04 00:00:00+00:00
[2021-02-06 06:51:46,715] {scheduler_job.py:189} INFO - Processing /home/airflow/.local/lib/python3.8/site-packages/airflow/example_dags/example_nested_branch_dag.py took 0.077 seconds
[2021-02-06 06:52:17,437] {scheduler_job.py:181} INFO - Started process (PID=204) to work on /home/airflow/.local/lib/python3.8/site-packages/airflow/example_dags/example_nested_branch_dag.py
[2021-02-06 06:52:17,440] {scheduler_job.py:627} INFO - Processing file /home/airflow/.local/lib/python3.8/site-packages/airflow/example_dags/example_nested_branch_dag.py for tasks to queue
[2021-02-06 06:52:17,440] {logging_mixin.py:104} INFO - [2021-02-06 06:52:17,440] {dagbag.py:449} INFO - Filling up the DagBag from /home/airflow/.local/lib/python3.8/site-packages/airflow/example_dags/example_nested_branch_dag.py
[2021-02-06 06:52:17,448] {scheduler_job.py:637} INFO - DAG(s) dict_keys(['example_nested_branch_dag']) retrieved from /home/airflow/.local/lib/python3.8/site-packages/airflow/example_dags/example_nested_branch_dag.py
[2021-02-06 06:52:17,462] {logging_mixin.py:104} INFO - [2021-02-06 06:52:17,462] {dag.py:1818} INFO - Sync 1 DAGs
[2021-02-06 06:52:17,475] {logging_mixin.py:104} INFO - [2021-02-06 06:52:17,475] {dag.py:2273} INFO - Setting next_dagrun for example_nested_branch_dag to 2021-02-04 00:00:00+00:00
[2021-02-06 06:52:17,479] {scheduler_job.py:189} INFO - Processing /home/airflow/.local/lib/python3.8/site-packages/airflow/example_dags/example_nested_branch_dag.py took 0.044 seconds
[2021-02-06 06:52:48,194] {scheduler_job.py:181} INFO - Started process (PID=230) to work on /home/airflow/.local/lib/python3.8/site-packages/airflow/example_dags/example_nested_branch_dag.py
[2021-02-06 06:52:48,194] {scheduler_job.py:627} INFO - Processing file /home/airflow/.local/lib/python3.8/site-packages/airflow/example_dags/example_nested_branch_dag.py for tasks to queue
[2021-02-06 06:52:48,195] {logging_mixin.py:104} INFO - [2021-02-06 06:52:48,195] {dagbag.py:449} INFO - Filling up the DagBag from /home/airflow/.local/lib/python3.8/site-packages/airflow/example_dags/example_nested_branch_dag.py
[2021-02-06 06:52:48,203] {scheduler_job.py:637} INFO - DAG(s) dict_keys(['example_nested_branch_dag']) retrieved from /home/airflow/.local/lib/python3.8/site-packages/airflow/example_dags/example_nested_branch_dag.py
[2021-02-06 06:52:48,216] {logging_mixin.py:104} INFO - [2021-02-06 06:52:48,216] {dag.py:1818} INFO - Sync 1 DAGs
[2021-02-06 06:52:48,226] {logging_mixin.py:104} INFO - [2021-02-06 06:52:48,225] {dag.py:2273} INFO - Setting next_dagrun for example_nested_branch_dag to 2021-02-04 00:00:00+00:00
[2021-02-06 06:52:48,231] {scheduler_job.py:189} INFO - Processing /home/airflow/.local/lib/python3.8/site-packages/airflow/example_dags/example_nested_branch_dag.py took 0.039 seconds
[2021-02-06 06:53:18,866] {scheduler_job.py:181} INFO - Started process (PID=256) to work on /home/airflow/.local/lib/python3.8/site-packages/airflow/example_dags/example_nested_branch_dag.py
[2021-02-06 06:53:18,867] {scheduler_job.py:627} INFO - Processing file /home/airflow/.local/lib/python3.8/site-packages/airflow/example_dags/example_nested_branch_dag.py for tasks to queue
[2021-02-06 06:53:18,867] {logging_mixin.py:104} INFO - [2021-02-06 06:53:18,867] {dagbag.py:449} INFO - Filling up the DagBag from /home/airflow/.local/lib/python3.8/site-packages/airflow/example_dags/example_nested_branch_dag.py
[2021-02-06 06:53:18,876] {scheduler_job.py:637} INFO - DAG(s) dict_keys(['example_nested_branch_dag']) retrieved from /home/airflow/.local/lib/python3.8/site-packages/airflow/example_dags/example_nested_branch_dag.py
[2021-02-06 06:53:18,889] {logging_mixin.py:104} INFO - [2021-02-06 06:53:18,889] {dag.py:1818} INFO - Sync 1 DAGs
[2021-02-06 06:53:18,899] {logging_mixin.py:104} INFO - [2021-02-06 06:53:18,899] {dag.py:2273} INFO - Setting next_dagrun for example_nested_branch_dag to 2021-02-04 00:00:00+00:00
[2021-02-06 06:53:18,906] {scheduler_job.py:189} INFO - Processing /home/airflow/.local/lib/python3.8/site-packages/airflow/example_dags/example_nested_branch_dag.py took 0.043 seconds
[2021-02-06 06:53:49,609] {scheduler_job.py:181} INFO - Started process (PID=282) to work on /home/airflow/.local/lib/python3.8/site-packages/airflow/example_dags/example_nested_branch_dag.py
[2021-02-06 06:53:49,609] {scheduler_job.py:627} INFO - Processing file /home/airflow/.local/lib/python3.8/site-packages/airflow/example_dags/example_nested_branch_dag.py for tasks to queue
[2021-02-06 06:53:49,610] {logging_mixin.py:104} INFO - [2021-02-06 06:53:49,610] {dagbag.py:449} INFO - Filling up the DagBag from /home/airflow/.local/lib/python3.8/site-packages/airflow/example_dags/example_nested_branch_dag.py
[2021-02-06 06:53:49,618] {scheduler_job.py:637} INFO - DAG(s) dict_keys(['example_nested_branch_dag']) retrieved from /home/airflow/.local/lib/python3.8/site-packages/airflow/example_dags/example_nested_branch_dag.py
[2021-02-06 06:53:49,634] {logging_mixin.py:104} INFO - [2021-02-06 06:53:49,634] {dag.py:1818} INFO - Sync 1 DAGs
[2021-02-06 06:53:49,643] {logging_mixin.py:104} INFO - [2021-02-06 06:53:49,643] {dag.py:2273} INFO - Setting next_dagrun for example_nested_branch_dag to 2021-02-04 00:00:00+00:00
[2021-02-06 06:53:49,648] {scheduler_job.py:189} INFO - Processing /home/airflow/.local/lib/python3.8/site-packages/airflow/example_dags/example_nested_branch_dag.py took 0.041 seconds
[2021-02-06 06:54:20,364] {scheduler_job.py:181} INFO - Started process (PID=308) to work on /home/airflow/.local/lib/python3.8/site-packages/airflow/example_dags/example_nested_branch_dag.py
[2021-02-06 06:54:20,365] {scheduler_job.py:627} INFO - Processing file /home/airflow/.local/lib/python3.8/site-packages/airflow/example_dags/example_nested_branch_dag.py for tasks to queue
[2021-02-06 06:54:20,365] {logging_mixin.py:104} INFO - [2021-02-06 06:54:20,365] {dagbag.py:449} INFO - Filling up the DagBag from /home/airflow/.local/lib/python3.8/site-packages/airflow/example_dags/example_nested_branch_dag.py
[2021-02-06 06:54:20,373] {scheduler_job.py:637} INFO - DAG(s) dict_keys(['example_nested_branch_dag']) retrieved from /home/airflow/.local/lib/python3.8/site-packages/airflow/example_dags/example_nested_branch_dag.py
[2021-02-06 06:54:20,387] {logging_mixin.py:104} INFO - [2021-02-06 06:54:20,386] {dag.py:1818} INFO - Sync 1 DAGs
[2021-02-06 06:54:20,397] {logging_mixin.py:104} INFO - [2021-02-06 06:54:20,397] {dag.py:2273} INFO - Setting next_dagrun for example_nested_branch_dag to 2021-02-04 00:00:00+00:00
[2021-02-06 06:54:20,405] {scheduler_job.py:189} INFO - Processing /home/airflow/.local/lib/python3.8/site-packages/airflow/example_dags/example_nested_branch_dag.py took 0.043 seconds
[2021-02-06 06:54:51,061] {scheduler_job.py:181} INFO - Started process (PID=334) to work on /home/airflow/.local/lib/python3.8/site-packages/airflow/example_dags/example_nested_branch_dag.py
[2021-02-06 06:54:51,062] {scheduler_job.py:627} INFO - Processing file /home/airflow/.local/lib/python3.8/site-packages/airflow/example_dags/example_nested_branch_dag.py for tasks to queue
[2021-02-06 06:54:51,063] {logging_mixin.py:104} INFO - [2021-02-06 06:54:51,062] {dagbag.py:449} INFO - Filling up the DagBag from /home/airflow/.local/lib/python3.8/site-packages/airflow/example_dags/example_nested_branch_dag.py
[2021-02-06 06:54:51,070] {scheduler_job.py:637} INFO - DAG(s) dict_keys(['example_nested_branch_dag']) retrieved from /home/airflow/.local/lib/python3.8/site-packages/airflow/example_dags/example_nested_branch_dag.py
[2021-02-06 06:54:51,084] {logging_mixin.py:104} INFO - [2021-02-06 06:54:51,084] {dag.py:1818} INFO - Sync 1 DAGs
[2021-02-06 06:54:51,095] {logging_mixin.py:104} INFO - [2021-02-06 06:54:51,095] {dag.py:2273} INFO - Setting next_dagrun for example_nested_branch_dag to 2021-02-04 00:00:00+00:00
[2021-02-06 06:54:51,101] {scheduler_job.py:189} INFO - Processing /home/airflow/.local/lib/python3.8/site-packages/airflow/example_dags/example_nested_branch_dag.py took 0.043 seconds
[2021-02-06 06:55:21,833] {scheduler_job.py:181} INFO - Started process (PID=360) to work on /home/airflow/.local/lib/python3.8/site-packages/airflow/example_dags/example_nested_branch_dag.py
[2021-02-06 06:55:21,834] {scheduler_job.py:627} INFO - Processing file /home/airflow/.local/lib/python3.8/site-packages/airflow/example_dags/example_nested_branch_dag.py for tasks to queue
[2021-02-06 06:55:21,834] {logging_mixin.py:104} INFO - [2021-02-06 06:55:21,834] {dagbag.py:449} INFO - Filling up the DagBag from /home/airflow/.local/lib/python3.8/site-packages/airflow/example_dags/example_nested_branch_dag.py
[2021-02-06 06:55:21,843] {scheduler_job.py:637} INFO - DAG(s) dict_keys(['example_nested_branch_dag']) retrieved from /home/airflow/.local/lib/python3.8/site-packages/airflow/example_dags/example_nested_branch_dag.py
[2021-02-06 06:55:21,857] {logging_mixin.py:104} INFO - [2021-02-06 06:55:21,857] {dag.py:1818} INFO - Sync 1 DAGs
[2021-02-06 06:55:21,867] {logging_mixin.py:104} INFO - [2021-02-06 06:55:21,867] {dag.py:2273} INFO - Setting next_dagrun for example_nested_branch_dag to 2021-02-04 00:00:00+00:00
[2021-02-06 06:55:21,873] {scheduler_job.py:189} INFO - Processing /home/airflow/.local/lib/python3.8/site-packages/airflow/example_dags/example_nested_branch_dag.py took 0.042 seconds
[2021-02-06 06:55:52,511] {scheduler_job.py:181} INFO - Started process (PID=386) to work on /home/airflow/.local/lib/python3.8/site-packages/airflow/example_dags/example_nested_branch_dag.py
[2021-02-06 06:55:52,511] {scheduler_job.py:627} INFO - Processing file /home/airflow/.local/lib/python3.8/site-packages/airflow/example_dags/example_nested_branch_dag.py for tasks to queue
[2021-02-06 06:55:52,512] {logging_mixin.py:104} INFO - [2021-02-06 06:55:52,512] {dagbag.py:449} INFO - Filling up the DagBag from /home/airflow/.local/lib/python3.8/site-packages/airflow/example_dags/example_nested_branch_dag.py
[2021-02-06 06:55:52,520] {scheduler_job.py:637} INFO - DAG(s) dict_keys(['example_nested_branch_dag']) retrieved from /home/airflow/.local/lib/python3.8/site-packages/airflow/example_dags/example_nested_branch_dag.py
[2021-02-06 06:55:52,533] {logging_mixin.py:104} INFO - [2021-02-06 06:55:52,533] {dag.py:1818} INFO - Sync 1 DAGs
[2021-02-06 06:55:52,543] {logging_mixin.py:104} INFO - [2021-02-06 06:55:52,543] {dag.py:2273} INFO - Setting next_dagrun for example_nested_branch_dag to 2021-02-04 00:00:00+00:00
[2021-02-06 06:55:52,548] {scheduler_job.py:189} INFO - Processing /home/airflow/.local/lib/python3.8/site-packages/airflow/example_dags/example_nested_branch_dag.py took 0.040 seconds
