[2021-02-06 06:42:12,076] {scheduler_job.py:181} INFO - Started process (PID=52) to work on /home/airflow/.local/lib/python3.8/site-packages/airflow/example_dags/example_subdag_operator.py
[2021-02-06 06:42:12,076] {scheduler_job.py:627} INFO - Processing file /home/airflow/.local/lib/python3.8/site-packages/airflow/example_dags/example_subdag_operator.py for tasks to queue
[2021-02-06 06:42:12,077] {logging_mixin.py:104} INFO - [2021-02-06 06:42:12,077] {dagbag.py:449} INFO - Filling up the DagBag from /home/airflow/.local/lib/python3.8/site-packages/airflow/example_dags/example_subdag_operator.py
[2021-02-06 06:42:12,094] {scheduler_job.py:637} INFO - DAG(s) dict_keys(['example_subdag_operator.section-1', 'example_subdag_operator.section-2', 'example_subdag_operator']) retrieved from /home/airflow/.local/lib/python3.8/site-packages/airflow/example_dags/example_subdag_operator.py
[2021-02-06 06:42:12,105] {logging_mixin.py:104} INFO - [2021-02-06 06:42:12,105] {dag.py:1818} INFO - Sync 3 DAGs
[2021-02-06 06:42:12,109] {logging_mixin.py:104} INFO - [2021-02-06 06:42:12,109] {dag.py:1837} INFO - Creating ORM DAG for example_subdag_operator.section-1
[2021-02-06 06:42:12,109] {logging_mixin.py:104} INFO - [2021-02-06 06:42:12,109] {dag.py:1837} INFO - Creating ORM DAG for example_subdag_operator
[2021-02-06 06:42:12,109] {logging_mixin.py:104} INFO - [2021-02-06 06:42:12,109] {dag.py:1837} INFO - Creating ORM DAG for example_subdag_operator.section-2
[2021-02-06 06:42:12,112] {logging_mixin.py:104} INFO - [2021-02-06 06:42:12,112] {dag.py:2273} INFO - Setting next_dagrun for example_subdag_operator to 2021-02-04 00:00:00+00:00
[2021-02-06 06:42:12,112] {logging_mixin.py:104} INFO - [2021-02-06 06:42:12,112] {dag.py:2273} INFO - Setting next_dagrun for example_subdag_operator.section-1 to None
[2021-02-06 06:42:12,112] {logging_mixin.py:104} INFO - [2021-02-06 06:42:12,112] {dag.py:2273} INFO - Setting next_dagrun for example_subdag_operator.section-2 to None
[2021-02-06 06:42:12,120] {logging_mixin.py:104} INFO - [2021-02-06 06:42:12,120] {dag.py:1818} INFO - Sync 2 DAGs
[2021-02-06 06:42:12,123] {logging_mixin.py:104} INFO - [2021-02-06 06:42:12,123] {dag.py:2273} INFO - Setting next_dagrun for example_subdag_operator.section-1 to None
[2021-02-06 06:42:12,123] {logging_mixin.py:104} INFO - [2021-02-06 06:42:12,123] {dag.py:2273} INFO - Setting next_dagrun for example_subdag_operator.section-2 to None
[2021-02-06 06:42:12,129] {scheduler_job.py:189} INFO - Processing /home/airflow/.local/lib/python3.8/site-packages/airflow/example_dags/example_subdag_operator.py took 0.054 seconds
[2021-02-06 06:42:42,853] {scheduler_job.py:181} INFO - Started process (PID=78) to work on /home/airflow/.local/lib/python3.8/site-packages/airflow/example_dags/example_subdag_operator.py
[2021-02-06 06:42:42,853] {scheduler_job.py:627} INFO - Processing file /home/airflow/.local/lib/python3.8/site-packages/airflow/example_dags/example_subdag_operator.py for tasks to queue
[2021-02-06 06:42:42,854] {logging_mixin.py:104} INFO - [2021-02-06 06:42:42,854] {dagbag.py:449} INFO - Filling up the DagBag from /home/airflow/.local/lib/python3.8/site-packages/airflow/example_dags/example_subdag_operator.py
[2021-02-06 06:42:42,872] {scheduler_job.py:637} INFO - DAG(s) dict_keys(['example_subdag_operator.section-1', 'example_subdag_operator.section-2', 'example_subdag_operator']) retrieved from /home/airflow/.local/lib/python3.8/site-packages/airflow/example_dags/example_subdag_operator.py
[2021-02-06 06:42:42,880] {logging_mixin.py:104} INFO - [2021-02-06 06:42:42,880] {dag.py:1818} INFO - Sync 3 DAGs
[2021-02-06 06:42:42,888] {logging_mixin.py:104} INFO - [2021-02-06 06:42:42,888] {dag.py:2273} INFO - Setting next_dagrun for example_subdag_operator to 2021-02-04 00:00:00+00:00
[2021-02-06 06:42:42,888] {logging_mixin.py:104} INFO - [2021-02-06 06:42:42,888] {dag.py:2273} INFO - Setting next_dagrun for example_subdag_operator.section-1 to None
[2021-02-06 06:42:42,888] {logging_mixin.py:104} INFO - [2021-02-06 06:42:42,888] {dag.py:2273} INFO - Setting next_dagrun for example_subdag_operator.section-2 to None
[2021-02-06 06:42:42,892] {logging_mixin.py:104} INFO - [2021-02-06 06:42:42,892] {dag.py:1818} INFO - Sync 2 DAGs
[2021-02-06 06:42:42,897] {logging_mixin.py:104} INFO - [2021-02-06 06:42:42,897] {dag.py:2273} INFO - Setting next_dagrun for example_subdag_operator.section-1 to None
[2021-02-06 06:42:42,897] {logging_mixin.py:104} INFO - [2021-02-06 06:42:42,897] {dag.py:2273} INFO - Setting next_dagrun for example_subdag_operator.section-2 to None
[2021-02-06 06:42:42,901] {scheduler_job.py:189} INFO - Processing /home/airflow/.local/lib/python3.8/site-packages/airflow/example_dags/example_subdag_operator.py took 0.050 seconds
[2021-02-06 06:43:13,677] {scheduler_job.py:181} INFO - Started process (PID=127) to work on /home/airflow/.local/lib/python3.8/site-packages/airflow/example_dags/example_subdag_operator.py
[2021-02-06 06:43:13,677] {scheduler_job.py:627} INFO - Processing file /home/airflow/.local/lib/python3.8/site-packages/airflow/example_dags/example_subdag_operator.py for tasks to queue
[2021-02-06 06:43:13,678] {logging_mixin.py:104} INFO - [2021-02-06 06:43:13,678] {dagbag.py:449} INFO - Filling up the DagBag from /home/airflow/.local/lib/python3.8/site-packages/airflow/example_dags/example_subdag_operator.py
[2021-02-06 06:43:13,697] {scheduler_job.py:637} INFO - DAG(s) dict_keys(['example_subdag_operator.section-1', 'example_subdag_operator.section-2', 'example_subdag_operator']) retrieved from /home/airflow/.local/lib/python3.8/site-packages/airflow/example_dags/example_subdag_operator.py
[2021-02-06 06:43:13,704] {logging_mixin.py:104} INFO - [2021-02-06 06:43:13,703] {dag.py:1818} INFO - Sync 3 DAGs
[2021-02-06 06:43:13,710] {logging_mixin.py:104} INFO - [2021-02-06 06:43:13,710] {dag.py:2273} INFO - Setting next_dagrun for example_subdag_operator to 2021-02-04 00:00:00+00:00
[2021-02-06 06:43:13,710] {logging_mixin.py:104} INFO - [2021-02-06 06:43:13,710] {dag.py:2273} INFO - Setting next_dagrun for example_subdag_operator.section-1 to None
[2021-02-06 06:43:13,710] {logging_mixin.py:104} INFO - [2021-02-06 06:43:13,710] {dag.py:2273} INFO - Setting next_dagrun for example_subdag_operator.section-2 to None
[2021-02-06 06:43:13,714] {logging_mixin.py:104} INFO - [2021-02-06 06:43:13,714] {dag.py:1818} INFO - Sync 2 DAGs
[2021-02-06 06:43:13,718] {logging_mixin.py:104} INFO - [2021-02-06 06:43:13,718] {dag.py:2273} INFO - Setting next_dagrun for example_subdag_operator.section-1 to None
[2021-02-06 06:43:13,718] {logging_mixin.py:104} INFO - [2021-02-06 06:43:13,718] {dag.py:2273} INFO - Setting next_dagrun for example_subdag_operator.section-2 to None
[2021-02-06 06:43:13,721] {scheduler_job.py:189} INFO - Processing /home/airflow/.local/lib/python3.8/site-packages/airflow/example_dags/example_subdag_operator.py took 0.047 seconds
[2021-02-06 06:43:44,431] {scheduler_job.py:181} INFO - Started process (PID=153) to work on /home/airflow/.local/lib/python3.8/site-packages/airflow/example_dags/example_subdag_operator.py
[2021-02-06 06:43:44,432] {scheduler_job.py:627} INFO - Processing file /home/airflow/.local/lib/python3.8/site-packages/airflow/example_dags/example_subdag_operator.py for tasks to queue
[2021-02-06 06:43:44,432] {logging_mixin.py:104} INFO - [2021-02-06 06:43:44,432] {dagbag.py:449} INFO - Filling up the DagBag from /home/airflow/.local/lib/python3.8/site-packages/airflow/example_dags/example_subdag_operator.py
[2021-02-06 06:43:44,453] {scheduler_job.py:637} INFO - DAG(s) dict_keys(['example_subdag_operator.section-1', 'example_subdag_operator.section-2', 'example_subdag_operator']) retrieved from /home/airflow/.local/lib/python3.8/site-packages/airflow/example_dags/example_subdag_operator.py
[2021-02-06 06:43:44,461] {logging_mixin.py:104} INFO - [2021-02-06 06:43:44,460] {dag.py:1818} INFO - Sync 3 DAGs
[2021-02-06 06:43:44,468] {logging_mixin.py:104} INFO - [2021-02-06 06:43:44,468] {dag.py:2273} INFO - Setting next_dagrun for example_subdag_operator to 2021-02-04 00:00:00+00:00
[2021-02-06 06:43:44,468] {logging_mixin.py:104} INFO - [2021-02-06 06:43:44,468] {dag.py:2273} INFO - Setting next_dagrun for example_subdag_operator.section-1 to None
[2021-02-06 06:43:44,468] {logging_mixin.py:104} INFO - [2021-02-06 06:43:44,468] {dag.py:2273} INFO - Setting next_dagrun for example_subdag_operator.section-2 to None
[2021-02-06 06:43:44,471] {logging_mixin.py:104} INFO - [2021-02-06 06:43:44,471] {dag.py:1818} INFO - Sync 2 DAGs
[2021-02-06 06:43:44,474] {logging_mixin.py:104} INFO - [2021-02-06 06:43:44,474] {dag.py:2273} INFO - Setting next_dagrun for example_subdag_operator.section-1 to None
[2021-02-06 06:43:44,474] {logging_mixin.py:104} INFO - [2021-02-06 06:43:44,474] {dag.py:2273} INFO - Setting next_dagrun for example_subdag_operator.section-2 to None
[2021-02-06 06:43:44,477] {scheduler_job.py:189} INFO - Processing /home/airflow/.local/lib/python3.8/site-packages/airflow/example_dags/example_subdag_operator.py took 0.049 seconds
[2021-02-06 06:49:43,762] {scheduler_job.py:181} INFO - Started process (PID=64) to work on /home/airflow/.local/lib/python3.8/site-packages/airflow/example_dags/example_subdag_operator.py
[2021-02-06 06:49:43,763] {scheduler_job.py:627} INFO - Processing file /home/airflow/.local/lib/python3.8/site-packages/airflow/example_dags/example_subdag_operator.py for tasks to queue
[2021-02-06 06:49:43,763] {logging_mixin.py:104} INFO - [2021-02-06 06:49:43,763] {dagbag.py:449} INFO - Filling up the DagBag from /home/airflow/.local/lib/python3.8/site-packages/airflow/example_dags/example_subdag_operator.py
[2021-02-06 06:49:43,784] {scheduler_job.py:637} INFO - DAG(s) dict_keys(['example_subdag_operator.section-1', 'example_subdag_operator.section-2', 'example_subdag_operator']) retrieved from /home/airflow/.local/lib/python3.8/site-packages/airflow/example_dags/example_subdag_operator.py
[2021-02-06 06:49:43,792] {logging_mixin.py:104} INFO - [2021-02-06 06:49:43,792] {dag.py:1818} INFO - Sync 3 DAGs
[2021-02-06 06:49:43,798] {logging_mixin.py:104} INFO - [2021-02-06 06:49:43,798] {dag.py:2273} INFO - Setting next_dagrun for example_subdag_operator to 2021-02-04 00:00:00+00:00
[2021-02-06 06:49:43,799] {logging_mixin.py:104} INFO - [2021-02-06 06:49:43,799] {dag.py:2273} INFO - Setting next_dagrun for example_subdag_operator.section-1 to None
[2021-02-06 06:49:43,799] {logging_mixin.py:104} INFO - [2021-02-06 06:49:43,799] {dag.py:2273} INFO - Setting next_dagrun for example_subdag_operator.section-2 to None
[2021-02-06 06:49:43,805] {logging_mixin.py:104} INFO - [2021-02-06 06:49:43,805] {dag.py:1818} INFO - Sync 2 DAGs
[2021-02-06 06:49:43,809] {logging_mixin.py:104} INFO - [2021-02-06 06:49:43,809] {dag.py:2273} INFO - Setting next_dagrun for example_subdag_operator.section-1 to None
[2021-02-06 06:49:43,809] {logging_mixin.py:104} INFO - [2021-02-06 06:49:43,809] {dag.py:2273} INFO - Setting next_dagrun for example_subdag_operator.section-2 to None
[2021-02-06 06:49:43,813] {scheduler_job.py:189} INFO - Processing /home/airflow/.local/lib/python3.8/site-packages/airflow/example_dags/example_subdag_operator.py took 0.053 seconds
[2021-02-06 06:50:14,541] {scheduler_job.py:181} INFO - Started process (PID=90) to work on /home/airflow/.local/lib/python3.8/site-packages/airflow/example_dags/example_subdag_operator.py
[2021-02-06 06:50:14,542] {scheduler_job.py:627} INFO - Processing file /home/airflow/.local/lib/python3.8/site-packages/airflow/example_dags/example_subdag_operator.py for tasks to queue
[2021-02-06 06:50:14,542] {logging_mixin.py:104} INFO - [2021-02-06 06:50:14,542] {dagbag.py:449} INFO - Filling up the DagBag from /home/airflow/.local/lib/python3.8/site-packages/airflow/example_dags/example_subdag_operator.py
[2021-02-06 06:50:14,562] {scheduler_job.py:637} INFO - DAG(s) dict_keys(['example_subdag_operator.section-1', 'example_subdag_operator.section-2', 'example_subdag_operator']) retrieved from /home/airflow/.local/lib/python3.8/site-packages/airflow/example_dags/example_subdag_operator.py
[2021-02-06 06:50:14,569] {logging_mixin.py:104} INFO - [2021-02-06 06:50:14,569] {dag.py:1818} INFO - Sync 3 DAGs
[2021-02-06 06:50:14,576] {logging_mixin.py:104} INFO - [2021-02-06 06:50:14,576] {dag.py:2273} INFO - Setting next_dagrun for example_subdag_operator to 2021-02-04 00:00:00+00:00
[2021-02-06 06:50:14,576] {logging_mixin.py:104} INFO - [2021-02-06 06:50:14,576] {dag.py:2273} INFO - Setting next_dagrun for example_subdag_operator.section-1 to None
[2021-02-06 06:50:14,576] {logging_mixin.py:104} INFO - [2021-02-06 06:50:14,576] {dag.py:2273} INFO - Setting next_dagrun for example_subdag_operator.section-2 to None
[2021-02-06 06:50:14,581] {logging_mixin.py:104} INFO - [2021-02-06 06:50:14,581] {dag.py:1818} INFO - Sync 2 DAGs
[2021-02-06 06:50:14,584] {logging_mixin.py:104} INFO - [2021-02-06 06:50:14,584] {dag.py:2273} INFO - Setting next_dagrun for example_subdag_operator.section-1 to None
[2021-02-06 06:50:14,585] {logging_mixin.py:104} INFO - [2021-02-06 06:50:14,585] {dag.py:2273} INFO - Setting next_dagrun for example_subdag_operator.section-2 to None
[2021-02-06 06:50:14,589] {scheduler_job.py:189} INFO - Processing /home/airflow/.local/lib/python3.8/site-packages/airflow/example_dags/example_subdag_operator.py took 0.050 seconds
[2021-02-06 06:50:45,300] {scheduler_job.py:181} INFO - Started process (PID=116) to work on /home/airflow/.local/lib/python3.8/site-packages/airflow/example_dags/example_subdag_operator.py
[2021-02-06 06:50:45,301] {scheduler_job.py:627} INFO - Processing file /home/airflow/.local/lib/python3.8/site-packages/airflow/example_dags/example_subdag_operator.py for tasks to queue
[2021-02-06 06:50:45,301] {logging_mixin.py:104} INFO - [2021-02-06 06:50:45,301] {dagbag.py:449} INFO - Filling up the DagBag from /home/airflow/.local/lib/python3.8/site-packages/airflow/example_dags/example_subdag_operator.py
[2021-02-06 06:50:45,320] {scheduler_job.py:637} INFO - DAG(s) dict_keys(['example_subdag_operator.section-1', 'example_subdag_operator.section-2', 'example_subdag_operator']) retrieved from /home/airflow/.local/lib/python3.8/site-packages/airflow/example_dags/example_subdag_operator.py
[2021-02-06 06:50:45,325] {logging_mixin.py:104} INFO - [2021-02-06 06:50:45,325] {dag.py:1818} INFO - Sync 3 DAGs
[2021-02-06 06:50:45,332] {logging_mixin.py:104} INFO - [2021-02-06 06:50:45,332] {dag.py:2273} INFO - Setting next_dagrun for example_subdag_operator to 2021-02-04 00:00:00+00:00
[2021-02-06 06:50:45,332] {logging_mixin.py:104} INFO - [2021-02-06 06:50:45,332] {dag.py:2273} INFO - Setting next_dagrun for example_subdag_operator.section-1 to None
[2021-02-06 06:50:45,332] {logging_mixin.py:104} INFO - [2021-02-06 06:50:45,332] {dag.py:2273} INFO - Setting next_dagrun for example_subdag_operator.section-2 to None
[2021-02-06 06:50:45,335] {logging_mixin.py:104} INFO - [2021-02-06 06:50:45,335] {dag.py:1818} INFO - Sync 2 DAGs
[2021-02-06 06:50:45,338] {logging_mixin.py:104} INFO - [2021-02-06 06:50:45,338] {dag.py:2273} INFO - Setting next_dagrun for example_subdag_operator.section-1 to None
[2021-02-06 06:50:45,339] {logging_mixin.py:104} INFO - [2021-02-06 06:50:45,339] {dag.py:2273} INFO - Setting next_dagrun for example_subdag_operator.section-2 to None
[2021-02-06 06:50:45,344] {scheduler_job.py:189} INFO - Processing /home/airflow/.local/lib/python3.8/site-packages/airflow/example_dags/example_subdag_operator.py took 0.046 seconds
[2021-02-06 06:51:15,997] {scheduler_job.py:181} INFO - Started process (PID=142) to work on /home/airflow/.local/lib/python3.8/site-packages/airflow/example_dags/example_subdag_operator.py
[2021-02-06 06:51:15,997] {scheduler_job.py:627} INFO - Processing file /home/airflow/.local/lib/python3.8/site-packages/airflow/example_dags/example_subdag_operator.py for tasks to queue
[2021-02-06 06:51:15,997] {logging_mixin.py:104} INFO - [2021-02-06 06:51:15,997] {dagbag.py:449} INFO - Filling up the DagBag from /home/airflow/.local/lib/python3.8/site-packages/airflow/example_dags/example_subdag_operator.py
[2021-02-06 06:51:16,018] {scheduler_job.py:637} INFO - DAG(s) dict_keys(['example_subdag_operator.section-1', 'example_subdag_operator.section-2', 'example_subdag_operator']) retrieved from /home/airflow/.local/lib/python3.8/site-packages/airflow/example_dags/example_subdag_operator.py
[2021-02-06 06:51:16,024] {logging_mixin.py:104} INFO - [2021-02-06 06:51:16,024] {dag.py:1818} INFO - Sync 3 DAGs
[2021-02-06 06:51:16,030] {logging_mixin.py:104} INFO - [2021-02-06 06:51:16,030] {dag.py:2273} INFO - Setting next_dagrun for example_subdag_operator to 2021-02-04 00:00:00+00:00
[2021-02-06 06:51:16,031] {logging_mixin.py:104} INFO - [2021-02-06 06:51:16,031] {dag.py:2273} INFO - Setting next_dagrun for example_subdag_operator.section-1 to None
[2021-02-06 06:51:16,031] {logging_mixin.py:104} INFO - [2021-02-06 06:51:16,031] {dag.py:2273} INFO - Setting next_dagrun for example_subdag_operator.section-2 to None
[2021-02-06 06:51:16,034] {logging_mixin.py:104} INFO - [2021-02-06 06:51:16,034] {dag.py:1818} INFO - Sync 2 DAGs
[2021-02-06 06:51:16,037] {logging_mixin.py:104} INFO - [2021-02-06 06:51:16,037] {dag.py:2273} INFO - Setting next_dagrun for example_subdag_operator.section-1 to None
[2021-02-06 06:51:16,037] {logging_mixin.py:104} INFO - [2021-02-06 06:51:16,037] {dag.py:2273} INFO - Setting next_dagrun for example_subdag_operator.section-2 to None
[2021-02-06 06:51:16,041] {scheduler_job.py:189} INFO - Processing /home/airflow/.local/lib/python3.8/site-packages/airflow/example_dags/example_subdag_operator.py took 0.046 seconds
[2021-02-06 06:51:46,696] {scheduler_job.py:181} INFO - Started process (PID=177) to work on /home/airflow/.local/lib/python3.8/site-packages/airflow/example_dags/example_subdag_operator.py
[2021-02-06 06:51:46,697] {scheduler_job.py:627} INFO - Processing file /home/airflow/.local/lib/python3.8/site-packages/airflow/example_dags/example_subdag_operator.py for tasks to queue
[2021-02-06 06:51:46,697] {logging_mixin.py:104} INFO - [2021-02-06 06:51:46,697] {dagbag.py:449} INFO - Filling up the DagBag from /home/airflow/.local/lib/python3.8/site-packages/airflow/example_dags/example_subdag_operator.py
[2021-02-06 06:51:46,716] {scheduler_job.py:637} INFO - DAG(s) dict_keys(['example_subdag_operator.section-1', 'example_subdag_operator.section-2', 'example_subdag_operator']) retrieved from /home/airflow/.local/lib/python3.8/site-packages/airflow/example_dags/example_subdag_operator.py
[2021-02-06 06:51:46,722] {logging_mixin.py:104} INFO - [2021-02-06 06:51:46,722] {dag.py:1818} INFO - Sync 3 DAGs
[2021-02-06 06:51:46,728] {logging_mixin.py:104} INFO - [2021-02-06 06:51:46,728] {dag.py:2273} INFO - Setting next_dagrun for example_subdag_operator to 2021-02-04 00:00:00+00:00
[2021-02-06 06:51:46,729] {logging_mixin.py:104} INFO - [2021-02-06 06:51:46,729] {dag.py:2273} INFO - Setting next_dagrun for example_subdag_operator.section-1 to None
[2021-02-06 06:51:46,729] {logging_mixin.py:104} INFO - [2021-02-06 06:51:46,729] {dag.py:2273} INFO - Setting next_dagrun for example_subdag_operator.section-2 to None
[2021-02-06 06:51:46,733] {logging_mixin.py:104} INFO - [2021-02-06 06:51:46,733] {dag.py:1818} INFO - Sync 2 DAGs
[2021-02-06 06:51:46,736] {logging_mixin.py:104} INFO - [2021-02-06 06:51:46,736] {dag.py:2273} INFO - Setting next_dagrun for example_subdag_operator.section-1 to None
[2021-02-06 06:51:46,736] {logging_mixin.py:104} INFO - [2021-02-06 06:51:46,736] {dag.py:2273} INFO - Setting next_dagrun for example_subdag_operator.section-2 to None
[2021-02-06 06:51:46,739] {scheduler_job.py:189} INFO - Processing /home/airflow/.local/lib/python3.8/site-packages/airflow/example_dags/example_subdag_operator.py took 0.045 seconds
[2021-02-06 06:52:17,448] {scheduler_job.py:181} INFO - Started process (PID=205) to work on /home/airflow/.local/lib/python3.8/site-packages/airflow/example_dags/example_subdag_operator.py
[2021-02-06 06:52:17,450] {scheduler_job.py:627} INFO - Processing file /home/airflow/.local/lib/python3.8/site-packages/airflow/example_dags/example_subdag_operator.py for tasks to queue
[2021-02-06 06:52:17,450] {logging_mixin.py:104} INFO - [2021-02-06 06:52:17,450] {dagbag.py:449} INFO - Filling up the DagBag from /home/airflow/.local/lib/python3.8/site-packages/airflow/example_dags/example_subdag_operator.py
[2021-02-06 06:52:17,466] {scheduler_job.py:637} INFO - DAG(s) dict_keys(['example_subdag_operator.section-1', 'example_subdag_operator.section-2', 'example_subdag_operator']) retrieved from /home/airflow/.local/lib/python3.8/site-packages/airflow/example_dags/example_subdag_operator.py
[2021-02-06 06:52:17,471] {logging_mixin.py:104} INFO - [2021-02-06 06:52:17,471] {dag.py:1818} INFO - Sync 3 DAGs
[2021-02-06 06:52:17,477] {logging_mixin.py:104} INFO - [2021-02-06 06:52:17,477] {dag.py:2273} INFO - Setting next_dagrun for example_subdag_operator to 2021-02-04 00:00:00+00:00
[2021-02-06 06:52:17,477] {logging_mixin.py:104} INFO - [2021-02-06 06:52:17,477] {dag.py:2273} INFO - Setting next_dagrun for example_subdag_operator.section-1 to None
[2021-02-06 06:52:17,478] {logging_mixin.py:104} INFO - [2021-02-06 06:52:17,478] {dag.py:2273} INFO - Setting next_dagrun for example_subdag_operator.section-2 to None
[2021-02-06 06:52:17,481] {logging_mixin.py:104} INFO - [2021-02-06 06:52:17,481] {dag.py:1818} INFO - Sync 2 DAGs
[2021-02-06 06:52:17,484] {logging_mixin.py:104} INFO - [2021-02-06 06:52:17,484] {dag.py:2273} INFO - Setting next_dagrun for example_subdag_operator.section-1 to None
[2021-02-06 06:52:17,484] {logging_mixin.py:104} INFO - [2021-02-06 06:52:17,484] {dag.py:2273} INFO - Setting next_dagrun for example_subdag_operator.section-2 to None
[2021-02-06 06:52:17,487] {scheduler_job.py:189} INFO - Processing /home/airflow/.local/lib/python3.8/site-packages/airflow/example_dags/example_subdag_operator.py took 0.040 seconds
[2021-02-06 06:52:48,195] {scheduler_job.py:181} INFO - Started process (PID=231) to work on /home/airflow/.local/lib/python3.8/site-packages/airflow/example_dags/example_subdag_operator.py
[2021-02-06 06:52:48,195] {scheduler_job.py:627} INFO - Processing file /home/airflow/.local/lib/python3.8/site-packages/airflow/example_dags/example_subdag_operator.py for tasks to queue
[2021-02-06 06:52:48,196] {logging_mixin.py:104} INFO - [2021-02-06 06:52:48,196] {dagbag.py:449} INFO - Filling up the DagBag from /home/airflow/.local/lib/python3.8/site-packages/airflow/example_dags/example_subdag_operator.py
[2021-02-06 06:52:48,214] {scheduler_job.py:637} INFO - DAG(s) dict_keys(['example_subdag_operator.section-1', 'example_subdag_operator.section-2', 'example_subdag_operator']) retrieved from /home/airflow/.local/lib/python3.8/site-packages/airflow/example_dags/example_subdag_operator.py
[2021-02-06 06:52:48,221] {logging_mixin.py:104} INFO - [2021-02-06 06:52:48,221] {dag.py:1818} INFO - Sync 3 DAGs
[2021-02-06 06:52:48,229] {logging_mixin.py:104} INFO - [2021-02-06 06:52:48,229] {dag.py:2273} INFO - Setting next_dagrun for example_subdag_operator to 2021-02-04 00:00:00+00:00
[2021-02-06 06:52:48,229] {logging_mixin.py:104} INFO - [2021-02-06 06:52:48,229] {dag.py:2273} INFO - Setting next_dagrun for example_subdag_operator.section-1 to None
[2021-02-06 06:52:48,229] {logging_mixin.py:104} INFO - [2021-02-06 06:52:48,229] {dag.py:2273} INFO - Setting next_dagrun for example_subdag_operator.section-2 to None
[2021-02-06 06:52:48,233] {logging_mixin.py:104} INFO - [2021-02-06 06:52:48,232] {dag.py:1818} INFO - Sync 2 DAGs
[2021-02-06 06:52:48,237] {logging_mixin.py:104} INFO - [2021-02-06 06:52:48,237] {dag.py:2273} INFO - Setting next_dagrun for example_subdag_operator.section-1 to None
[2021-02-06 06:52:48,237] {logging_mixin.py:104} INFO - [2021-02-06 06:52:48,237] {dag.py:2273} INFO - Setting next_dagrun for example_subdag_operator.section-2 to None
[2021-02-06 06:52:48,241] {scheduler_job.py:189} INFO - Processing /home/airflow/.local/lib/python3.8/site-packages/airflow/example_dags/example_subdag_operator.py took 0.048 seconds
[2021-02-06 06:53:18,887] {scheduler_job.py:181} INFO - Started process (PID=257) to work on /home/airflow/.local/lib/python3.8/site-packages/airflow/example_dags/example_subdag_operator.py
[2021-02-06 06:53:18,887] {scheduler_job.py:627} INFO - Processing file /home/airflow/.local/lib/python3.8/site-packages/airflow/example_dags/example_subdag_operator.py for tasks to queue
[2021-02-06 06:53:18,888] {logging_mixin.py:104} INFO - [2021-02-06 06:53:18,887] {dagbag.py:449} INFO - Filling up the DagBag from /home/airflow/.local/lib/python3.8/site-packages/airflow/example_dags/example_subdag_operator.py
[2021-02-06 06:53:18,905] {scheduler_job.py:637} INFO - DAG(s) dict_keys(['example_subdag_operator.section-1', 'example_subdag_operator.section-2', 'example_subdag_operator']) retrieved from /home/airflow/.local/lib/python3.8/site-packages/airflow/example_dags/example_subdag_operator.py
[2021-02-06 06:53:18,916] {logging_mixin.py:104} INFO - [2021-02-06 06:53:18,915] {dag.py:1818} INFO - Sync 3 DAGs
[2021-02-06 06:53:18,924] {logging_mixin.py:104} INFO - [2021-02-06 06:53:18,924] {dag.py:2273} INFO - Setting next_dagrun for example_subdag_operator to 2021-02-04 00:00:00+00:00
[2021-02-06 06:53:18,925] {logging_mixin.py:104} INFO - [2021-02-06 06:53:18,925] {dag.py:2273} INFO - Setting next_dagrun for example_subdag_operator.section-1 to None
[2021-02-06 06:53:18,925] {logging_mixin.py:104} INFO - [2021-02-06 06:53:18,925] {dag.py:2273} INFO - Setting next_dagrun for example_subdag_operator.section-2 to None
[2021-02-06 06:53:18,930] {logging_mixin.py:104} INFO - [2021-02-06 06:53:18,930] {dag.py:1818} INFO - Sync 2 DAGs
[2021-02-06 06:53:18,936] {logging_mixin.py:104} INFO - [2021-02-06 06:53:18,936] {dag.py:2273} INFO - Setting next_dagrun for example_subdag_operator.section-1 to None
[2021-02-06 06:53:18,936] {logging_mixin.py:104} INFO - [2021-02-06 06:53:18,936] {dag.py:2273} INFO - Setting next_dagrun for example_subdag_operator.section-2 to None
[2021-02-06 06:53:18,942] {scheduler_job.py:189} INFO - Processing /home/airflow/.local/lib/python3.8/site-packages/airflow/example_dags/example_subdag_operator.py took 0.057 seconds
[2021-02-06 06:53:49,649] {scheduler_job.py:181} INFO - Started process (PID=283) to work on /home/airflow/.local/lib/python3.8/site-packages/airflow/example_dags/example_subdag_operator.py
[2021-02-06 06:53:49,650] {scheduler_job.py:627} INFO - Processing file /home/airflow/.local/lib/python3.8/site-packages/airflow/example_dags/example_subdag_operator.py for tasks to queue
[2021-02-06 06:53:49,650] {logging_mixin.py:104} INFO - [2021-02-06 06:53:49,650] {dagbag.py:449} INFO - Filling up the DagBag from /home/airflow/.local/lib/python3.8/site-packages/airflow/example_dags/example_subdag_operator.py
[2021-02-06 06:53:49,669] {scheduler_job.py:637} INFO - DAG(s) dict_keys(['example_subdag_operator.section-1', 'example_subdag_operator.section-2', 'example_subdag_operator']) retrieved from /home/airflow/.local/lib/python3.8/site-packages/airflow/example_dags/example_subdag_operator.py
[2021-02-06 06:53:49,674] {logging_mixin.py:104} INFO - [2021-02-06 06:53:49,674] {dag.py:1818} INFO - Sync 3 DAGs
[2021-02-06 06:53:49,681] {logging_mixin.py:104} INFO - [2021-02-06 06:53:49,681] {dag.py:2273} INFO - Setting next_dagrun for example_subdag_operator to 2021-02-04 00:00:00+00:00
[2021-02-06 06:53:49,682] {logging_mixin.py:104} INFO - [2021-02-06 06:53:49,681] {dag.py:2273} INFO - Setting next_dagrun for example_subdag_operator.section-1 to None
[2021-02-06 06:53:49,682] {logging_mixin.py:104} INFO - [2021-02-06 06:53:49,682] {dag.py:2273} INFO - Setting next_dagrun for example_subdag_operator.section-2 to None
[2021-02-06 06:53:49,685] {logging_mixin.py:104} INFO - [2021-02-06 06:53:49,685] {dag.py:1818} INFO - Sync 2 DAGs
[2021-02-06 06:53:49,689] {logging_mixin.py:104} INFO - [2021-02-06 06:53:49,689] {dag.py:2273} INFO - Setting next_dagrun for example_subdag_operator.section-1 to None
[2021-02-06 06:53:49,689] {logging_mixin.py:104} INFO - [2021-02-06 06:53:49,689] {dag.py:2273} INFO - Setting next_dagrun for example_subdag_operator.section-2 to None
[2021-02-06 06:53:49,693] {scheduler_job.py:189} INFO - Processing /home/airflow/.local/lib/python3.8/site-packages/airflow/example_dags/example_subdag_operator.py took 0.046 seconds
[2021-02-06 06:54:20,367] {scheduler_job.py:181} INFO - Started process (PID=309) to work on /home/airflow/.local/lib/python3.8/site-packages/airflow/example_dags/example_subdag_operator.py
[2021-02-06 06:54:20,367] {scheduler_job.py:627} INFO - Processing file /home/airflow/.local/lib/python3.8/site-packages/airflow/example_dags/example_subdag_operator.py for tasks to queue
[2021-02-06 06:54:20,368] {logging_mixin.py:104} INFO - [2021-02-06 06:54:20,368] {dagbag.py:449} INFO - Filling up the DagBag from /home/airflow/.local/lib/python3.8/site-packages/airflow/example_dags/example_subdag_operator.py
[2021-02-06 06:54:20,386] {scheduler_job.py:637} INFO - DAG(s) dict_keys(['example_subdag_operator.section-1', 'example_subdag_operator.section-2', 'example_subdag_operator']) retrieved from /home/airflow/.local/lib/python3.8/site-packages/airflow/example_dags/example_subdag_operator.py
[2021-02-06 06:54:20,390] {logging_mixin.py:104} INFO - [2021-02-06 06:54:20,390] {dag.py:1818} INFO - Sync 3 DAGs
[2021-02-06 06:54:20,396] {logging_mixin.py:104} INFO - [2021-02-06 06:54:20,396] {dag.py:2273} INFO - Setting next_dagrun for example_subdag_operator to 2021-02-04 00:00:00+00:00
[2021-02-06 06:54:20,397] {logging_mixin.py:104} INFO - [2021-02-06 06:54:20,397] {dag.py:2273} INFO - Setting next_dagrun for example_subdag_operator.section-1 to None
[2021-02-06 06:54:20,397] {logging_mixin.py:104} INFO - [2021-02-06 06:54:20,397] {dag.py:2273} INFO - Setting next_dagrun for example_subdag_operator.section-2 to None
[2021-02-06 06:54:20,401] {logging_mixin.py:104} INFO - [2021-02-06 06:54:20,401] {dag.py:1818} INFO - Sync 2 DAGs
[2021-02-06 06:54:20,404] {logging_mixin.py:104} INFO - [2021-02-06 06:54:20,404] {dag.py:2273} INFO - Setting next_dagrun for example_subdag_operator.section-1 to None
[2021-02-06 06:54:20,405] {logging_mixin.py:104} INFO - [2021-02-06 06:54:20,405] {dag.py:2273} INFO - Setting next_dagrun for example_subdag_operator.section-2 to None
[2021-02-06 06:54:20,409] {scheduler_job.py:189} INFO - Processing /home/airflow/.local/lib/python3.8/site-packages/airflow/example_dags/example_subdag_operator.py took 0.045 seconds
[2021-02-06 06:54:51,111] {scheduler_job.py:181} INFO - Started process (PID=335) to work on /home/airflow/.local/lib/python3.8/site-packages/airflow/example_dags/example_subdag_operator.py
[2021-02-06 06:54:51,111] {scheduler_job.py:627} INFO - Processing file /home/airflow/.local/lib/python3.8/site-packages/airflow/example_dags/example_subdag_operator.py for tasks to queue
[2021-02-06 06:54:51,111] {logging_mixin.py:104} INFO - [2021-02-06 06:54:51,111] {dagbag.py:449} INFO - Filling up the DagBag from /home/airflow/.local/lib/python3.8/site-packages/airflow/example_dags/example_subdag_operator.py
[2021-02-06 06:54:51,129] {scheduler_job.py:637} INFO - DAG(s) dict_keys(['example_subdag_operator.section-1', 'example_subdag_operator.section-2', 'example_subdag_operator']) retrieved from /home/airflow/.local/lib/python3.8/site-packages/airflow/example_dags/example_subdag_operator.py
[2021-02-06 06:54:51,134] {logging_mixin.py:104} INFO - [2021-02-06 06:54:51,134] {dag.py:1818} INFO - Sync 3 DAGs
[2021-02-06 06:54:51,141] {logging_mixin.py:104} INFO - [2021-02-06 06:54:51,140] {dag.py:2273} INFO - Setting next_dagrun for example_subdag_operator to 2021-02-04 00:00:00+00:00
[2021-02-06 06:54:51,141] {logging_mixin.py:104} INFO - [2021-02-06 06:54:51,141] {dag.py:2273} INFO - Setting next_dagrun for example_subdag_operator.section-1 to None
[2021-02-06 06:54:51,141] {logging_mixin.py:104} INFO - [2021-02-06 06:54:51,141] {dag.py:2273} INFO - Setting next_dagrun for example_subdag_operator.section-2 to None
[2021-02-06 06:54:51,146] {logging_mixin.py:104} INFO - [2021-02-06 06:54:51,145] {dag.py:1818} INFO - Sync 2 DAGs
[2021-02-06 06:54:51,150] {logging_mixin.py:104} INFO - [2021-02-06 06:54:51,150] {dag.py:2273} INFO - Setting next_dagrun for example_subdag_operator.section-1 to None
[2021-02-06 06:54:51,150] {logging_mixin.py:104} INFO - [2021-02-06 06:54:51,150] {dag.py:2273} INFO - Setting next_dagrun for example_subdag_operator.section-2 to None
[2021-02-06 06:54:51,158] {scheduler_job.py:189} INFO - Processing /home/airflow/.local/lib/python3.8/site-packages/airflow/example_dags/example_subdag_operator.py took 0.049 seconds
[2021-02-06 06:55:21,843] {scheduler_job.py:181} INFO - Started process (PID=361) to work on /home/airflow/.local/lib/python3.8/site-packages/airflow/example_dags/example_subdag_operator.py
[2021-02-06 06:55:21,843] {scheduler_job.py:627} INFO - Processing file /home/airflow/.local/lib/python3.8/site-packages/airflow/example_dags/example_subdag_operator.py for tasks to queue
[2021-02-06 06:55:21,844] {logging_mixin.py:104} INFO - [2021-02-06 06:55:21,844] {dagbag.py:449} INFO - Filling up the DagBag from /home/airflow/.local/lib/python3.8/site-packages/airflow/example_dags/example_subdag_operator.py
[2021-02-06 06:55:21,862] {scheduler_job.py:637} INFO - DAG(s) dict_keys(['example_subdag_operator.section-1', 'example_subdag_operator.section-2', 'example_subdag_operator']) retrieved from /home/airflow/.local/lib/python3.8/site-packages/airflow/example_dags/example_subdag_operator.py
[2021-02-06 06:55:21,870] {logging_mixin.py:104} INFO - [2021-02-06 06:55:21,870] {dag.py:1818} INFO - Sync 3 DAGs
[2021-02-06 06:55:21,876] {logging_mixin.py:104} INFO - [2021-02-06 06:55:21,876] {dag.py:2273} INFO - Setting next_dagrun for example_subdag_operator to 2021-02-04 00:00:00+00:00
[2021-02-06 06:55:21,877] {logging_mixin.py:104} INFO - [2021-02-06 06:55:21,877] {dag.py:2273} INFO - Setting next_dagrun for example_subdag_operator.section-1 to None
[2021-02-06 06:55:21,877] {logging_mixin.py:104} INFO - [2021-02-06 06:55:21,877] {dag.py:2273} INFO - Setting next_dagrun for example_subdag_operator.section-2 to None
[2021-02-06 06:55:21,882] {logging_mixin.py:104} INFO - [2021-02-06 06:55:21,882] {dag.py:1818} INFO - Sync 2 DAGs
[2021-02-06 06:55:21,885] {logging_mixin.py:104} INFO - [2021-02-06 06:55:21,885] {dag.py:2273} INFO - Setting next_dagrun for example_subdag_operator.section-1 to None
[2021-02-06 06:55:21,885] {logging_mixin.py:104} INFO - [2021-02-06 06:55:21,885] {dag.py:2273} INFO - Setting next_dagrun for example_subdag_operator.section-2 to None
[2021-02-06 06:55:21,890] {scheduler_job.py:189} INFO - Processing /home/airflow/.local/lib/python3.8/site-packages/airflow/example_dags/example_subdag_operator.py took 0.050 seconds
[2021-02-06 06:55:52,549] {scheduler_job.py:181} INFO - Started process (PID=387) to work on /home/airflow/.local/lib/python3.8/site-packages/airflow/example_dags/example_subdag_operator.py
[2021-02-06 06:55:52,550] {scheduler_job.py:627} INFO - Processing file /home/airflow/.local/lib/python3.8/site-packages/airflow/example_dags/example_subdag_operator.py for tasks to queue
[2021-02-06 06:55:52,551] {logging_mixin.py:104} INFO - [2021-02-06 06:55:52,550] {dagbag.py:449} INFO - Filling up the DagBag from /home/airflow/.local/lib/python3.8/site-packages/airflow/example_dags/example_subdag_operator.py
[2021-02-06 06:55:52,570] {scheduler_job.py:637} INFO - DAG(s) dict_keys(['example_subdag_operator.section-1', 'example_subdag_operator.section-2', 'example_subdag_operator']) retrieved from /home/airflow/.local/lib/python3.8/site-packages/airflow/example_dags/example_subdag_operator.py
[2021-02-06 06:55:52,575] {logging_mixin.py:104} INFO - [2021-02-06 06:55:52,575] {dag.py:1818} INFO - Sync 3 DAGs
[2021-02-06 06:55:52,582] {logging_mixin.py:104} INFO - [2021-02-06 06:55:52,582] {dag.py:2273} INFO - Setting next_dagrun for example_subdag_operator to 2021-02-04 00:00:00+00:00
[2021-02-06 06:55:52,582] {logging_mixin.py:104} INFO - [2021-02-06 06:55:52,582] {dag.py:2273} INFO - Setting next_dagrun for example_subdag_operator.section-1 to None
[2021-02-06 06:55:52,582] {logging_mixin.py:104} INFO - [2021-02-06 06:55:52,582] {dag.py:2273} INFO - Setting next_dagrun for example_subdag_operator.section-2 to None
[2021-02-06 06:55:52,586] {logging_mixin.py:104} INFO - [2021-02-06 06:55:52,586] {dag.py:1818} INFO - Sync 2 DAGs
[2021-02-06 06:55:52,590] {logging_mixin.py:104} INFO - [2021-02-06 06:55:52,590] {dag.py:2273} INFO - Setting next_dagrun for example_subdag_operator.section-1 to None
[2021-02-06 06:55:52,591] {logging_mixin.py:104} INFO - [2021-02-06 06:55:52,590] {dag.py:2273} INFO - Setting next_dagrun for example_subdag_operator.section-2 to None
[2021-02-06 06:55:52,595] {scheduler_job.py:189} INFO - Processing /home/airflow/.local/lib/python3.8/site-packages/airflow/example_dags/example_subdag_operator.py took 0.048 seconds
