[2021-02-06 06:42:11,872] {scheduler_job.py:181} INFO - Started process (PID=45) to work on /home/airflow/.local/lib/python3.8/site-packages/airflow/example_dags/example_trigger_target_dag.py
[2021-02-06 06:42:11,873] {scheduler_job.py:627} INFO - Processing file /home/airflow/.local/lib/python3.8/site-packages/airflow/example_dags/example_trigger_target_dag.py for tasks to queue
[2021-02-06 06:42:11,874] {logging_mixin.py:104} INFO - [2021-02-06 06:42:11,873] {dagbag.py:449} INFO - Filling up the DagBag from /home/airflow/.local/lib/python3.8/site-packages/airflow/example_dags/example_trigger_target_dag.py
[2021-02-06 06:42:11,880] {scheduler_job.py:637} INFO - DAG(s) dict_keys(['example_trigger_target_dag']) retrieved from /home/airflow/.local/lib/python3.8/site-packages/airflow/example_dags/example_trigger_target_dag.py
[2021-02-06 06:42:11,897] {logging_mixin.py:104} INFO - [2021-02-06 06:42:11,897] {dag.py:1818} INFO - Sync 1 DAGs
[2021-02-06 06:42:11,901] {logging_mixin.py:104} INFO - [2021-02-06 06:42:11,901] {dag.py:1837} INFO - Creating ORM DAG for example_trigger_target_dag
[2021-02-06 06:42:11,903] {logging_mixin.py:104} INFO - [2021-02-06 06:42:11,903] {dag.py:2273} INFO - Setting next_dagrun for example_trigger_target_dag to None
[2021-02-06 06:42:11,911] {scheduler_job.py:189} INFO - Processing /home/airflow/.local/lib/python3.8/site-packages/airflow/example_dags/example_trigger_target_dag.py took 0.041 seconds
[2021-02-06 06:42:42,670] {scheduler_job.py:181} INFO - Started process (PID=71) to work on /home/airflow/.local/lib/python3.8/site-packages/airflow/example_dags/example_trigger_target_dag.py
[2021-02-06 06:42:42,670] {scheduler_job.py:627} INFO - Processing file /home/airflow/.local/lib/python3.8/site-packages/airflow/example_dags/example_trigger_target_dag.py for tasks to queue
[2021-02-06 06:42:42,671] {logging_mixin.py:104} INFO - [2021-02-06 06:42:42,670] {dagbag.py:449} INFO - Filling up the DagBag from /home/airflow/.local/lib/python3.8/site-packages/airflow/example_dags/example_trigger_target_dag.py
[2021-02-06 06:42:42,678] {scheduler_job.py:637} INFO - DAG(s) dict_keys(['example_trigger_target_dag']) retrieved from /home/airflow/.local/lib/python3.8/site-packages/airflow/example_dags/example_trigger_target_dag.py
[2021-02-06 06:42:42,694] {logging_mixin.py:104} INFO - [2021-02-06 06:42:42,694] {dag.py:1818} INFO - Sync 1 DAGs
[2021-02-06 06:42:42,701] {logging_mixin.py:104} INFO - [2021-02-06 06:42:42,700] {dag.py:2273} INFO - Setting next_dagrun for example_trigger_target_dag to None
[2021-02-06 06:42:42,705] {scheduler_job.py:189} INFO - Processing /home/airflow/.local/lib/python3.8/site-packages/airflow/example_dags/example_trigger_target_dag.py took 0.038 seconds
[2021-02-06 06:43:13,445] {scheduler_job.py:181} INFO - Started process (PID=120) to work on /home/airflow/.local/lib/python3.8/site-packages/airflow/example_dags/example_trigger_target_dag.py
[2021-02-06 06:43:13,446] {scheduler_job.py:627} INFO - Processing file /home/airflow/.local/lib/python3.8/site-packages/airflow/example_dags/example_trigger_target_dag.py for tasks to queue
[2021-02-06 06:43:13,446] {logging_mixin.py:104} INFO - [2021-02-06 06:43:13,446] {dagbag.py:449} INFO - Filling up the DagBag from /home/airflow/.local/lib/python3.8/site-packages/airflow/example_dags/example_trigger_target_dag.py
[2021-02-06 06:43:13,454] {scheduler_job.py:637} INFO - DAG(s) dict_keys(['example_trigger_target_dag']) retrieved from /home/airflow/.local/lib/python3.8/site-packages/airflow/example_dags/example_trigger_target_dag.py
[2021-02-06 06:43:13,468] {logging_mixin.py:104} INFO - [2021-02-06 06:43:13,468] {dag.py:1818} INFO - Sync 1 DAGs
[2021-02-06 06:43:13,475] {logging_mixin.py:104} INFO - [2021-02-06 06:43:13,475] {dag.py:2273} INFO - Setting next_dagrun for example_trigger_target_dag to None
[2021-02-06 06:43:13,480] {scheduler_job.py:189} INFO - Processing /home/airflow/.local/lib/python3.8/site-packages/airflow/example_dags/example_trigger_target_dag.py took 0.036 seconds
[2021-02-06 06:43:44,204] {scheduler_job.py:181} INFO - Started process (PID=146) to work on /home/airflow/.local/lib/python3.8/site-packages/airflow/example_dags/example_trigger_target_dag.py
[2021-02-06 06:43:44,205] {scheduler_job.py:627} INFO - Processing file /home/airflow/.local/lib/python3.8/site-packages/airflow/example_dags/example_trigger_target_dag.py for tasks to queue
[2021-02-06 06:43:44,205] {logging_mixin.py:104} INFO - [2021-02-06 06:43:44,205] {dagbag.py:449} INFO - Filling up the DagBag from /home/airflow/.local/lib/python3.8/site-packages/airflow/example_dags/example_trigger_target_dag.py
[2021-02-06 06:43:44,212] {scheduler_job.py:637} INFO - DAG(s) dict_keys(['example_trigger_target_dag']) retrieved from /home/airflow/.local/lib/python3.8/site-packages/airflow/example_dags/example_trigger_target_dag.py
[2021-02-06 06:43:44,227] {logging_mixin.py:104} INFO - [2021-02-06 06:43:44,227] {dag.py:1818} INFO - Sync 1 DAGs
[2021-02-06 06:43:44,233] {logging_mixin.py:104} INFO - [2021-02-06 06:43:44,233] {dag.py:2273} INFO - Setting next_dagrun for example_trigger_target_dag to None
[2021-02-06 06:43:44,237] {scheduler_job.py:189} INFO - Processing /home/airflow/.local/lib/python3.8/site-packages/airflow/example_dags/example_trigger_target_dag.py took 0.035 seconds
[2021-02-06 06:49:43,423] {scheduler_job.py:181} INFO - Started process (PID=55) to work on /home/airflow/.local/lib/python3.8/site-packages/airflow/example_dags/example_trigger_target_dag.py
[2021-02-06 06:49:43,424] {scheduler_job.py:627} INFO - Processing file /home/airflow/.local/lib/python3.8/site-packages/airflow/example_dags/example_trigger_target_dag.py for tasks to queue
[2021-02-06 06:49:43,424] {logging_mixin.py:104} INFO - [2021-02-06 06:49:43,424] {dagbag.py:449} INFO - Filling up the DagBag from /home/airflow/.local/lib/python3.8/site-packages/airflow/example_dags/example_trigger_target_dag.py
[2021-02-06 06:49:43,433] {scheduler_job.py:637} INFO - DAG(s) dict_keys(['example_trigger_target_dag']) retrieved from /home/airflow/.local/lib/python3.8/site-packages/airflow/example_dags/example_trigger_target_dag.py
[2021-02-06 06:49:43,446] {logging_mixin.py:104} INFO - [2021-02-06 06:49:43,446] {dag.py:1818} INFO - Sync 1 DAGs
[2021-02-06 06:49:43,454] {logging_mixin.py:104} INFO - [2021-02-06 06:49:43,454] {dag.py:2273} INFO - Setting next_dagrun for example_trigger_target_dag to None
[2021-02-06 06:49:43,460] {scheduler_job.py:189} INFO - Processing /home/airflow/.local/lib/python3.8/site-packages/airflow/example_dags/example_trigger_target_dag.py took 0.039 seconds
[2021-02-06 06:50:14,296] {scheduler_job.py:181} INFO - Started process (PID=81) to work on /home/airflow/.local/lib/python3.8/site-packages/airflow/example_dags/example_trigger_target_dag.py
[2021-02-06 06:50:14,297] {scheduler_job.py:627} INFO - Processing file /home/airflow/.local/lib/python3.8/site-packages/airflow/example_dags/example_trigger_target_dag.py for tasks to queue
[2021-02-06 06:50:14,298] {logging_mixin.py:104} INFO - [2021-02-06 06:50:14,297] {dagbag.py:449} INFO - Filling up the DagBag from /home/airflow/.local/lib/python3.8/site-packages/airflow/example_dags/example_trigger_target_dag.py
[2021-02-06 06:50:14,306] {scheduler_job.py:637} INFO - DAG(s) dict_keys(['example_trigger_target_dag']) retrieved from /home/airflow/.local/lib/python3.8/site-packages/airflow/example_dags/example_trigger_target_dag.py
[2021-02-06 06:50:14,320] {logging_mixin.py:104} INFO - [2021-02-06 06:50:14,320] {dag.py:1818} INFO - Sync 1 DAGs
[2021-02-06 06:50:14,327] {logging_mixin.py:104} INFO - [2021-02-06 06:50:14,327] {dag.py:2273} INFO - Setting next_dagrun for example_trigger_target_dag to None
[2021-02-06 06:50:14,331] {scheduler_job.py:189} INFO - Processing /home/airflow/.local/lib/python3.8/site-packages/airflow/example_dags/example_trigger_target_dag.py took 0.037 seconds
[2021-02-06 06:50:45,057] {scheduler_job.py:181} INFO - Started process (PID=107) to work on /home/airflow/.local/lib/python3.8/site-packages/airflow/example_dags/example_trigger_target_dag.py
[2021-02-06 06:50:45,058] {scheduler_job.py:627} INFO - Processing file /home/airflow/.local/lib/python3.8/site-packages/airflow/example_dags/example_trigger_target_dag.py for tasks to queue
[2021-02-06 06:50:45,058] {logging_mixin.py:104} INFO - [2021-02-06 06:50:45,058] {dagbag.py:449} INFO - Filling up the DagBag from /home/airflow/.local/lib/python3.8/site-packages/airflow/example_dags/example_trigger_target_dag.py
[2021-02-06 06:50:45,067] {scheduler_job.py:637} INFO - DAG(s) dict_keys(['example_trigger_target_dag']) retrieved from /home/airflow/.local/lib/python3.8/site-packages/airflow/example_dags/example_trigger_target_dag.py
[2021-02-06 06:50:45,082] {logging_mixin.py:104} INFO - [2021-02-06 06:50:45,082] {dag.py:1818} INFO - Sync 1 DAGs
[2021-02-06 06:50:45,091] {logging_mixin.py:104} INFO - [2021-02-06 06:50:45,091] {dag.py:2273} INFO - Setting next_dagrun for example_trigger_target_dag to None
[2021-02-06 06:50:45,097] {scheduler_job.py:189} INFO - Processing /home/airflow/.local/lib/python3.8/site-packages/airflow/example_dags/example_trigger_target_dag.py took 0.043 seconds
[2021-02-06 06:51:15,785] {scheduler_job.py:181} INFO - Started process (PID=133) to work on /home/airflow/.local/lib/python3.8/site-packages/airflow/example_dags/example_trigger_target_dag.py
[2021-02-06 06:51:15,786] {scheduler_job.py:627} INFO - Processing file /home/airflow/.local/lib/python3.8/site-packages/airflow/example_dags/example_trigger_target_dag.py for tasks to queue
[2021-02-06 06:51:15,786] {logging_mixin.py:104} INFO - [2021-02-06 06:51:15,786] {dagbag.py:449} INFO - Filling up the DagBag from /home/airflow/.local/lib/python3.8/site-packages/airflow/example_dags/example_trigger_target_dag.py
[2021-02-06 06:51:15,794] {scheduler_job.py:637} INFO - DAG(s) dict_keys(['example_trigger_target_dag']) retrieved from /home/airflow/.local/lib/python3.8/site-packages/airflow/example_dags/example_trigger_target_dag.py
[2021-02-06 06:51:15,809] {logging_mixin.py:104} INFO - [2021-02-06 06:51:15,809] {dag.py:1818} INFO - Sync 1 DAGs
[2021-02-06 06:51:15,815] {logging_mixin.py:104} INFO - [2021-02-06 06:51:15,815] {dag.py:2273} INFO - Setting next_dagrun for example_trigger_target_dag to None
[2021-02-06 06:51:15,820] {scheduler_job.py:189} INFO - Processing /home/airflow/.local/lib/python3.8/site-packages/airflow/example_dags/example_trigger_target_dag.py took 0.036 seconds
[2021-02-06 06:51:46,454] {scheduler_job.py:181} INFO - Started process (PID=168) to work on /home/airflow/.local/lib/python3.8/site-packages/airflow/example_dags/example_trigger_target_dag.py
[2021-02-06 06:51:46,455] {scheduler_job.py:627} INFO - Processing file /home/airflow/.local/lib/python3.8/site-packages/airflow/example_dags/example_trigger_target_dag.py for tasks to queue
[2021-02-06 06:51:46,455] {logging_mixin.py:104} INFO - [2021-02-06 06:51:46,455] {dagbag.py:449} INFO - Filling up the DagBag from /home/airflow/.local/lib/python3.8/site-packages/airflow/example_dags/example_trigger_target_dag.py
[2021-02-06 06:51:46,464] {scheduler_job.py:637} INFO - DAG(s) dict_keys(['example_trigger_target_dag']) retrieved from /home/airflow/.local/lib/python3.8/site-packages/airflow/example_dags/example_trigger_target_dag.py
[2021-02-06 06:51:46,477] {logging_mixin.py:104} INFO - [2021-02-06 06:51:46,477] {dag.py:1818} INFO - Sync 1 DAGs
[2021-02-06 06:51:46,485] {logging_mixin.py:104} INFO - [2021-02-06 06:51:46,485] {dag.py:2273} INFO - Setting next_dagrun for example_trigger_target_dag to None
[2021-02-06 06:51:46,489] {scheduler_job.py:189} INFO - Processing /home/airflow/.local/lib/python3.8/site-packages/airflow/example_dags/example_trigger_target_dag.py took 0.037 seconds
[2021-02-06 06:52:17,209] {scheduler_job.py:181} INFO - Started process (PID=196) to work on /home/airflow/.local/lib/python3.8/site-packages/airflow/example_dags/example_trigger_target_dag.py
[2021-02-06 06:52:17,213] {scheduler_job.py:627} INFO - Processing file /home/airflow/.local/lib/python3.8/site-packages/airflow/example_dags/example_trigger_target_dag.py for tasks to queue
[2021-02-06 06:52:17,213] {logging_mixin.py:104} INFO - [2021-02-06 06:52:17,213] {dagbag.py:449} INFO - Filling up the DagBag from /home/airflow/.local/lib/python3.8/site-packages/airflow/example_dags/example_trigger_target_dag.py
[2021-02-06 06:52:17,218] {scheduler_job.py:637} INFO - DAG(s) dict_keys(['example_trigger_target_dag']) retrieved from /home/airflow/.local/lib/python3.8/site-packages/airflow/example_dags/example_trigger_target_dag.py
[2021-02-06 06:52:17,232] {logging_mixin.py:104} INFO - [2021-02-06 06:52:17,232] {dag.py:1818} INFO - Sync 1 DAGs
[2021-02-06 06:52:17,239] {logging_mixin.py:104} INFO - [2021-02-06 06:52:17,239] {dag.py:2273} INFO - Setting next_dagrun for example_trigger_target_dag to None
[2021-02-06 06:52:17,243] {scheduler_job.py:189} INFO - Processing /home/airflow/.local/lib/python3.8/site-packages/airflow/example_dags/example_trigger_target_dag.py took 0.036 seconds
[2021-02-06 06:52:47,916] {scheduler_job.py:181} INFO - Started process (PID=222) to work on /home/airflow/.local/lib/python3.8/site-packages/airflow/example_dags/example_trigger_target_dag.py
[2021-02-06 06:52:47,916] {scheduler_job.py:627} INFO - Processing file /home/airflow/.local/lib/python3.8/site-packages/airflow/example_dags/example_trigger_target_dag.py for tasks to queue
[2021-02-06 06:52:47,917] {logging_mixin.py:104} INFO - [2021-02-06 06:52:47,917] {dagbag.py:449} INFO - Filling up the DagBag from /home/airflow/.local/lib/python3.8/site-packages/airflow/example_dags/example_trigger_target_dag.py
[2021-02-06 06:52:47,924] {scheduler_job.py:637} INFO - DAG(s) dict_keys(['example_trigger_target_dag']) retrieved from /home/airflow/.local/lib/python3.8/site-packages/airflow/example_dags/example_trigger_target_dag.py
[2021-02-06 06:52:47,938] {logging_mixin.py:104} INFO - [2021-02-06 06:52:47,938] {dag.py:1818} INFO - Sync 1 DAGs
[2021-02-06 06:52:47,946] {logging_mixin.py:104} INFO - [2021-02-06 06:52:47,946] {dag.py:2273} INFO - Setting next_dagrun for example_trigger_target_dag to None
[2021-02-06 06:52:47,950] {scheduler_job.py:189} INFO - Processing /home/airflow/.local/lib/python3.8/site-packages/airflow/example_dags/example_trigger_target_dag.py took 0.037 seconds
[2021-02-06 06:53:18,661] {scheduler_job.py:181} INFO - Started process (PID=248) to work on /home/airflow/.local/lib/python3.8/site-packages/airflow/example_dags/example_trigger_target_dag.py
[2021-02-06 06:53:18,662] {scheduler_job.py:627} INFO - Processing file /home/airflow/.local/lib/python3.8/site-packages/airflow/example_dags/example_trigger_target_dag.py for tasks to queue
[2021-02-06 06:53:18,662] {logging_mixin.py:104} INFO - [2021-02-06 06:53:18,662] {dagbag.py:449} INFO - Filling up the DagBag from /home/airflow/.local/lib/python3.8/site-packages/airflow/example_dags/example_trigger_target_dag.py
[2021-02-06 06:53:18,669] {scheduler_job.py:637} INFO - DAG(s) dict_keys(['example_trigger_target_dag']) retrieved from /home/airflow/.local/lib/python3.8/site-packages/airflow/example_dags/example_trigger_target_dag.py
[2021-02-06 06:53:18,683] {logging_mixin.py:104} INFO - [2021-02-06 06:53:18,682] {dag.py:1818} INFO - Sync 1 DAGs
[2021-02-06 06:53:18,690] {logging_mixin.py:104} INFO - [2021-02-06 06:53:18,690] {dag.py:2273} INFO - Setting next_dagrun for example_trigger_target_dag to None
[2021-02-06 06:53:18,697] {scheduler_job.py:189} INFO - Processing /home/airflow/.local/lib/python3.8/site-packages/airflow/example_dags/example_trigger_target_dag.py took 0.039 seconds
[2021-02-06 06:53:49,420] {scheduler_job.py:181} INFO - Started process (PID=274) to work on /home/airflow/.local/lib/python3.8/site-packages/airflow/example_dags/example_trigger_target_dag.py
[2021-02-06 06:53:49,420] {scheduler_job.py:627} INFO - Processing file /home/airflow/.local/lib/python3.8/site-packages/airflow/example_dags/example_trigger_target_dag.py for tasks to queue
[2021-02-06 06:53:49,421] {logging_mixin.py:104} INFO - [2021-02-06 06:53:49,421] {dagbag.py:449} INFO - Filling up the DagBag from /home/airflow/.local/lib/python3.8/site-packages/airflow/example_dags/example_trigger_target_dag.py
[2021-02-06 06:53:49,427] {scheduler_job.py:637} INFO - DAG(s) dict_keys(['example_trigger_target_dag']) retrieved from /home/airflow/.local/lib/python3.8/site-packages/airflow/example_dags/example_trigger_target_dag.py
[2021-02-06 06:53:49,440] {logging_mixin.py:104} INFO - [2021-02-06 06:53:49,440] {dag.py:1818} INFO - Sync 1 DAGs
[2021-02-06 06:53:49,448] {logging_mixin.py:104} INFO - [2021-02-06 06:53:49,448] {dag.py:2273} INFO - Setting next_dagrun for example_trigger_target_dag to None
[2021-02-06 06:53:49,454] {scheduler_job.py:189} INFO - Processing /home/airflow/.local/lib/python3.8/site-packages/airflow/example_dags/example_trigger_target_dag.py took 0.036 seconds
[2021-02-06 06:54:20,122] {scheduler_job.py:181} INFO - Started process (PID=300) to work on /home/airflow/.local/lib/python3.8/site-packages/airflow/example_dags/example_trigger_target_dag.py
[2021-02-06 06:54:20,123] {scheduler_job.py:627} INFO - Processing file /home/airflow/.local/lib/python3.8/site-packages/airflow/example_dags/example_trigger_target_dag.py for tasks to queue
[2021-02-06 06:54:20,124] {logging_mixin.py:104} INFO - [2021-02-06 06:54:20,124] {dagbag.py:449} INFO - Filling up the DagBag from /home/airflow/.local/lib/python3.8/site-packages/airflow/example_dags/example_trigger_target_dag.py
[2021-02-06 06:54:20,131] {scheduler_job.py:637} INFO - DAG(s) dict_keys(['example_trigger_target_dag']) retrieved from /home/airflow/.local/lib/python3.8/site-packages/airflow/example_dags/example_trigger_target_dag.py
[2021-02-06 06:54:20,145] {logging_mixin.py:104} INFO - [2021-02-06 06:54:20,145] {dag.py:1818} INFO - Sync 1 DAGs
[2021-02-06 06:54:20,151] {logging_mixin.py:104} INFO - [2021-02-06 06:54:20,151] {dag.py:2273} INFO - Setting next_dagrun for example_trigger_target_dag to None
[2021-02-06 06:54:20,157] {scheduler_job.py:189} INFO - Processing /home/airflow/.local/lib/python3.8/site-packages/airflow/example_dags/example_trigger_target_dag.py took 0.037 seconds
[2021-02-06 06:54:50,861] {scheduler_job.py:181} INFO - Started process (PID=326) to work on /home/airflow/.local/lib/python3.8/site-packages/airflow/example_dags/example_trigger_target_dag.py
[2021-02-06 06:54:50,862] {scheduler_job.py:627} INFO - Processing file /home/airflow/.local/lib/python3.8/site-packages/airflow/example_dags/example_trigger_target_dag.py for tasks to queue
[2021-02-06 06:54:50,862] {logging_mixin.py:104} INFO - [2021-02-06 06:54:50,862] {dagbag.py:449} INFO - Filling up the DagBag from /home/airflow/.local/lib/python3.8/site-packages/airflow/example_dags/example_trigger_target_dag.py
[2021-02-06 06:54:50,870] {scheduler_job.py:637} INFO - DAG(s) dict_keys(['example_trigger_target_dag']) retrieved from /home/airflow/.local/lib/python3.8/site-packages/airflow/example_dags/example_trigger_target_dag.py
[2021-02-06 06:54:50,883] {logging_mixin.py:104} INFO - [2021-02-06 06:54:50,883] {dag.py:1818} INFO - Sync 1 DAGs
[2021-02-06 06:54:50,891] {logging_mixin.py:104} INFO - [2021-02-06 06:54:50,891] {dag.py:2273} INFO - Setting next_dagrun for example_trigger_target_dag to None
[2021-02-06 06:54:50,898] {scheduler_job.py:189} INFO - Processing /home/airflow/.local/lib/python3.8/site-packages/airflow/example_dags/example_trigger_target_dag.py took 0.039 seconds
[2021-02-06 06:55:21,647] {scheduler_job.py:181} INFO - Started process (PID=352) to work on /home/airflow/.local/lib/python3.8/site-packages/airflow/example_dags/example_trigger_target_dag.py
[2021-02-06 06:55:21,648] {scheduler_job.py:627} INFO - Processing file /home/airflow/.local/lib/python3.8/site-packages/airflow/example_dags/example_trigger_target_dag.py for tasks to queue
[2021-02-06 06:55:21,648] {logging_mixin.py:104} INFO - [2021-02-06 06:55:21,648] {dagbag.py:449} INFO - Filling up the DagBag from /home/airflow/.local/lib/python3.8/site-packages/airflow/example_dags/example_trigger_target_dag.py
[2021-02-06 06:55:21,653] {scheduler_job.py:637} INFO - DAG(s) dict_keys(['example_trigger_target_dag']) retrieved from /home/airflow/.local/lib/python3.8/site-packages/airflow/example_dags/example_trigger_target_dag.py
[2021-02-06 06:55:21,663] {logging_mixin.py:104} INFO - [2021-02-06 06:55:21,663] {dag.py:1818} INFO - Sync 1 DAGs
[2021-02-06 06:55:21,669] {logging_mixin.py:104} INFO - [2021-02-06 06:55:21,669] {dag.py:2273} INFO - Setting next_dagrun for example_trigger_target_dag to None
[2021-02-06 06:55:21,675] {scheduler_job.py:189} INFO - Processing /home/airflow/.local/lib/python3.8/site-packages/airflow/example_dags/example_trigger_target_dag.py took 0.031 seconds
[2021-02-06 06:55:52,319] {scheduler_job.py:181} INFO - Started process (PID=378) to work on /home/airflow/.local/lib/python3.8/site-packages/airflow/example_dags/example_trigger_target_dag.py
[2021-02-06 06:55:52,319] {scheduler_job.py:627} INFO - Processing file /home/airflow/.local/lib/python3.8/site-packages/airflow/example_dags/example_trigger_target_dag.py for tasks to queue
[2021-02-06 06:55:52,320] {logging_mixin.py:104} INFO - [2021-02-06 06:55:52,320] {dagbag.py:449} INFO - Filling up the DagBag from /home/airflow/.local/lib/python3.8/site-packages/airflow/example_dags/example_trigger_target_dag.py
[2021-02-06 06:55:52,327] {scheduler_job.py:637} INFO - DAG(s) dict_keys(['example_trigger_target_dag']) retrieved from /home/airflow/.local/lib/python3.8/site-packages/airflow/example_dags/example_trigger_target_dag.py
[2021-02-06 06:55:52,342] {logging_mixin.py:104} INFO - [2021-02-06 06:55:52,342] {dag.py:1818} INFO - Sync 1 DAGs
[2021-02-06 06:55:52,348] {logging_mixin.py:104} INFO - [2021-02-06 06:55:52,348] {dag.py:2273} INFO - Setting next_dagrun for example_trigger_target_dag to None
[2021-02-06 06:55:52,355] {scheduler_job.py:189} INFO - Processing /home/airflow/.local/lib/python3.8/site-packages/airflow/example_dags/example_trigger_target_dag.py took 0.039 seconds
