[2021-02-06 06:42:12,390] {scheduler_job.py:181} INFO - Started process (PID=63) to work on /home/airflow/.local/lib/python3.8/site-packages/airflow/example_dags/example_kubernetes_executor.py
[2021-02-06 06:42:12,390] {scheduler_job.py:627} INFO - Processing file /home/airflow/.local/lib/python3.8/site-packages/airflow/example_dags/example_kubernetes_executor.py for tasks to queue
[2021-02-06 06:42:12,391] {logging_mixin.py:104} INFO - [2021-02-06 06:42:12,391] {dagbag.py:449} INFO - Filling up the DagBag from /home/airflow/.local/lib/python3.8/site-packages/airflow/example_dags/example_kubernetes_executor.py
[2021-02-06 06:42:12,397] {scheduler_job.py:637} INFO - DAG(s) dict_keys(['example_kubernetes_executor']) retrieved from /home/airflow/.local/lib/python3.8/site-packages/airflow/example_dags/example_kubernetes_executor.py
[2021-02-06 06:42:12,413] {logging_mixin.py:104} INFO - [2021-02-06 06:42:12,413] {dag.py:1818} INFO - Sync 1 DAGs
[2021-02-06 06:42:12,418] {logging_mixin.py:104} INFO - [2021-02-06 06:42:12,418] {dag.py:1837} INFO - Creating ORM DAG for example_kubernetes_executor
[2021-02-06 06:42:12,420] {logging_mixin.py:104} INFO - [2021-02-06 06:42:12,420] {dag.py:2273} INFO - Setting next_dagrun for example_kubernetes_executor to None
[2021-02-06 06:42:12,430] {scheduler_job.py:189} INFO - Processing /home/airflow/.local/lib/python3.8/site-packages/airflow/example_dags/example_kubernetes_executor.py took 0.042 seconds
[2021-02-06 06:42:43,134] {scheduler_job.py:181} INFO - Started process (PID=89) to work on /home/airflow/.local/lib/python3.8/site-packages/airflow/example_dags/example_kubernetes_executor.py
[2021-02-06 06:42:43,135] {scheduler_job.py:627} INFO - Processing file /home/airflow/.local/lib/python3.8/site-packages/airflow/example_dags/example_kubernetes_executor.py for tasks to queue
[2021-02-06 06:42:43,135] {logging_mixin.py:104} INFO - [2021-02-06 06:42:43,135] {dagbag.py:449} INFO - Filling up the DagBag from /home/airflow/.local/lib/python3.8/site-packages/airflow/example_dags/example_kubernetes_executor.py
[2021-02-06 06:42:43,144] {scheduler_job.py:637} INFO - DAG(s) dict_keys(['example_kubernetes_executor']) retrieved from /home/airflow/.local/lib/python3.8/site-packages/airflow/example_dags/example_kubernetes_executor.py
[2021-02-06 06:42:43,160] {logging_mixin.py:104} INFO - [2021-02-06 06:42:43,160] {dag.py:1818} INFO - Sync 1 DAGs
[2021-02-06 06:42:43,166] {logging_mixin.py:104} INFO - [2021-02-06 06:42:43,166] {dag.py:2273} INFO - Setting next_dagrun for example_kubernetes_executor to None
[2021-02-06 06:42:43,173] {scheduler_job.py:189} INFO - Processing /home/airflow/.local/lib/python3.8/site-packages/airflow/example_dags/example_kubernetes_executor.py took 0.040 seconds
[2021-02-06 06:43:13,950] {scheduler_job.py:181} INFO - Started process (PID=138) to work on /home/airflow/.local/lib/python3.8/site-packages/airflow/example_dags/example_kubernetes_executor.py
[2021-02-06 06:43:13,951] {scheduler_job.py:627} INFO - Processing file /home/airflow/.local/lib/python3.8/site-packages/airflow/example_dags/example_kubernetes_executor.py for tasks to queue
[2021-02-06 06:43:13,951] {logging_mixin.py:104} INFO - [2021-02-06 06:43:13,951] {dagbag.py:449} INFO - Filling up the DagBag from /home/airflow/.local/lib/python3.8/site-packages/airflow/example_dags/example_kubernetes_executor.py
[2021-02-06 06:43:13,959] {scheduler_job.py:637} INFO - DAG(s) dict_keys(['example_kubernetes_executor']) retrieved from /home/airflow/.local/lib/python3.8/site-packages/airflow/example_dags/example_kubernetes_executor.py
[2021-02-06 06:43:13,974] {logging_mixin.py:104} INFO - [2021-02-06 06:43:13,974] {dag.py:1818} INFO - Sync 1 DAGs
[2021-02-06 06:43:13,980] {logging_mixin.py:104} INFO - [2021-02-06 06:43:13,980] {dag.py:2273} INFO - Setting next_dagrun for example_kubernetes_executor to None
[2021-02-06 06:43:13,985] {scheduler_job.py:189} INFO - Processing /home/airflow/.local/lib/python3.8/site-packages/airflow/example_dags/example_kubernetes_executor.py took 0.037 seconds
[2021-02-06 06:43:44,694] {scheduler_job.py:181} INFO - Started process (PID=164) to work on /home/airflow/.local/lib/python3.8/site-packages/airflow/example_dags/example_kubernetes_executor.py
[2021-02-06 06:43:44,695] {scheduler_job.py:627} INFO - Processing file /home/airflow/.local/lib/python3.8/site-packages/airflow/example_dags/example_kubernetes_executor.py for tasks to queue
[2021-02-06 06:43:44,695] {logging_mixin.py:104} INFO - [2021-02-06 06:43:44,695] {dagbag.py:449} INFO - Filling up the DagBag from /home/airflow/.local/lib/python3.8/site-packages/airflow/example_dags/example_kubernetes_executor.py
[2021-02-06 06:43:44,702] {scheduler_job.py:637} INFO - DAG(s) dict_keys(['example_kubernetes_executor']) retrieved from /home/airflow/.local/lib/python3.8/site-packages/airflow/example_dags/example_kubernetes_executor.py
[2021-02-06 06:43:44,718] {logging_mixin.py:104} INFO - [2021-02-06 06:43:44,718] {dag.py:1818} INFO - Sync 1 DAGs
[2021-02-06 06:43:44,724] {logging_mixin.py:104} INFO - [2021-02-06 06:43:44,724] {dag.py:2273} INFO - Setting next_dagrun for example_kubernetes_executor to None
[2021-02-06 06:43:44,731] {scheduler_job.py:189} INFO - Processing /home/airflow/.local/lib/python3.8/site-packages/airflow/example_dags/example_kubernetes_executor.py took 0.038 seconds
[2021-02-06 06:49:43,471] {scheduler_job.py:181} INFO - Started process (PID=56) to work on /home/airflow/.local/lib/python3.8/site-packages/airflow/example_dags/example_kubernetes_executor.py
[2021-02-06 06:49:43,471] {scheduler_job.py:627} INFO - Processing file /home/airflow/.local/lib/python3.8/site-packages/airflow/example_dags/example_kubernetes_executor.py for tasks to queue
[2021-02-06 06:49:43,472] {logging_mixin.py:104} INFO - [2021-02-06 06:49:43,471] {dagbag.py:449} INFO - Filling up the DagBag from /home/airflow/.local/lib/python3.8/site-packages/airflow/example_dags/example_kubernetes_executor.py
[2021-02-06 06:49:43,479] {scheduler_job.py:637} INFO - DAG(s) dict_keys(['example_kubernetes_executor']) retrieved from /home/airflow/.local/lib/python3.8/site-packages/airflow/example_dags/example_kubernetes_executor.py
[2021-02-06 06:49:43,494] {logging_mixin.py:104} INFO - [2021-02-06 06:49:43,494] {dag.py:1818} INFO - Sync 1 DAGs
[2021-02-06 06:49:43,501] {logging_mixin.py:104} INFO - [2021-02-06 06:49:43,501] {dag.py:2273} INFO - Setting next_dagrun for example_kubernetes_executor to None
[2021-02-06 06:49:43,509] {scheduler_job.py:189} INFO - Processing /home/airflow/.local/lib/python3.8/site-packages/airflow/example_dags/example_kubernetes_executor.py took 0.040 seconds
[2021-02-06 06:50:14,306] {scheduler_job.py:181} INFO - Started process (PID=82) to work on /home/airflow/.local/lib/python3.8/site-packages/airflow/example_dags/example_kubernetes_executor.py
[2021-02-06 06:50:14,307] {scheduler_job.py:627} INFO - Processing file /home/airflow/.local/lib/python3.8/site-packages/airflow/example_dags/example_kubernetes_executor.py for tasks to queue
[2021-02-06 06:50:14,307] {logging_mixin.py:104} INFO - [2021-02-06 06:50:14,307] {dagbag.py:449} INFO - Filling up the DagBag from /home/airflow/.local/lib/python3.8/site-packages/airflow/example_dags/example_kubernetes_executor.py
[2021-02-06 06:50:14,314] {scheduler_job.py:637} INFO - DAG(s) dict_keys(['example_kubernetes_executor']) retrieved from /home/airflow/.local/lib/python3.8/site-packages/airflow/example_dags/example_kubernetes_executor.py
[2021-02-06 06:50:14,328] {logging_mixin.py:104} INFO - [2021-02-06 06:50:14,328] {dag.py:1818} INFO - Sync 1 DAGs
[2021-02-06 06:50:14,335] {logging_mixin.py:104} INFO - [2021-02-06 06:50:14,335] {dag.py:2273} INFO - Setting next_dagrun for example_kubernetes_executor to None
[2021-02-06 06:50:14,340] {scheduler_job.py:189} INFO - Processing /home/airflow/.local/lib/python3.8/site-packages/airflow/example_dags/example_kubernetes_executor.py took 0.035 seconds
[2021-02-06 06:50:45,066] {scheduler_job.py:181} INFO - Started process (PID=108) to work on /home/airflow/.local/lib/python3.8/site-packages/airflow/example_dags/example_kubernetes_executor.py
[2021-02-06 06:50:45,067] {scheduler_job.py:627} INFO - Processing file /home/airflow/.local/lib/python3.8/site-packages/airflow/example_dags/example_kubernetes_executor.py for tasks to queue
[2021-02-06 06:50:45,067] {logging_mixin.py:104} INFO - [2021-02-06 06:50:45,067] {dagbag.py:449} INFO - Filling up the DagBag from /home/airflow/.local/lib/python3.8/site-packages/airflow/example_dags/example_kubernetes_executor.py
[2021-02-06 06:50:45,076] {scheduler_job.py:637} INFO - DAG(s) dict_keys(['example_kubernetes_executor']) retrieved from /home/airflow/.local/lib/python3.8/site-packages/airflow/example_dags/example_kubernetes_executor.py
[2021-02-06 06:50:45,091] {logging_mixin.py:104} INFO - [2021-02-06 06:50:45,091] {dag.py:1818} INFO - Sync 1 DAGs
[2021-02-06 06:50:45,097] {logging_mixin.py:104} INFO - [2021-02-06 06:50:45,097] {dag.py:2273} INFO - Setting next_dagrun for example_kubernetes_executor to None
[2021-02-06 06:50:45,102] {scheduler_job.py:189} INFO - Processing /home/airflow/.local/lib/python3.8/site-packages/airflow/example_dags/example_kubernetes_executor.py took 0.038 seconds
[2021-02-06 06:51:15,802] {scheduler_job.py:181} INFO - Started process (PID=134) to work on /home/airflow/.local/lib/python3.8/site-packages/airflow/example_dags/example_kubernetes_executor.py
[2021-02-06 06:51:15,802] {scheduler_job.py:627} INFO - Processing file /home/airflow/.local/lib/python3.8/site-packages/airflow/example_dags/example_kubernetes_executor.py for tasks to queue
[2021-02-06 06:51:15,803] {logging_mixin.py:104} INFO - [2021-02-06 06:51:15,803] {dagbag.py:449} INFO - Filling up the DagBag from /home/airflow/.local/lib/python3.8/site-packages/airflow/example_dags/example_kubernetes_executor.py
[2021-02-06 06:51:15,809] {scheduler_job.py:637} INFO - DAG(s) dict_keys(['example_kubernetes_executor']) retrieved from /home/airflow/.local/lib/python3.8/site-packages/airflow/example_dags/example_kubernetes_executor.py
[2021-02-06 06:51:15,825] {logging_mixin.py:104} INFO - [2021-02-06 06:51:15,825] {dag.py:1818} INFO - Sync 1 DAGs
[2021-02-06 06:51:15,832] {logging_mixin.py:104} INFO - [2021-02-06 06:51:15,832] {dag.py:2273} INFO - Setting next_dagrun for example_kubernetes_executor to None
[2021-02-06 06:51:15,836] {scheduler_job.py:189} INFO - Processing /home/airflow/.local/lib/python3.8/site-packages/airflow/example_dags/example_kubernetes_executor.py took 0.036 seconds
[2021-02-06 06:51:46,476] {scheduler_job.py:181} INFO - Started process (PID=169) to work on /home/airflow/.local/lib/python3.8/site-packages/airflow/example_dags/example_kubernetes_executor.py
[2021-02-06 06:51:46,477] {scheduler_job.py:627} INFO - Processing file /home/airflow/.local/lib/python3.8/site-packages/airflow/example_dags/example_kubernetes_executor.py for tasks to queue
[2021-02-06 06:51:46,477] {logging_mixin.py:104} INFO - [2021-02-06 06:51:46,477] {dagbag.py:449} INFO - Filling up the DagBag from /home/airflow/.local/lib/python3.8/site-packages/airflow/example_dags/example_kubernetes_executor.py
[2021-02-06 06:51:46,484] {scheduler_job.py:637} INFO - DAG(s) dict_keys(['example_kubernetes_executor']) retrieved from /home/airflow/.local/lib/python3.8/site-packages/airflow/example_dags/example_kubernetes_executor.py
[2021-02-06 06:51:46,497] {logging_mixin.py:104} INFO - [2021-02-06 06:51:46,497] {dag.py:1818} INFO - Sync 1 DAGs
[2021-02-06 06:51:46,505] {logging_mixin.py:104} INFO - [2021-02-06 06:51:46,505] {dag.py:2273} INFO - Setting next_dagrun for example_kubernetes_executor to None
[2021-02-06 06:51:46,510] {scheduler_job.py:189} INFO - Processing /home/airflow/.local/lib/python3.8/site-packages/airflow/example_dags/example_kubernetes_executor.py took 0.036 seconds
[2021-02-06 06:52:17,256] {scheduler_job.py:181} INFO - Started process (PID=197) to work on /home/airflow/.local/lib/python3.8/site-packages/airflow/example_dags/example_kubernetes_executor.py
[2021-02-06 06:52:17,259] {scheduler_job.py:627} INFO - Processing file /home/airflow/.local/lib/python3.8/site-packages/airflow/example_dags/example_kubernetes_executor.py for tasks to queue
[2021-02-06 06:52:17,260] {logging_mixin.py:104} INFO - [2021-02-06 06:52:17,260] {dagbag.py:449} INFO - Filling up the DagBag from /home/airflow/.local/lib/python3.8/site-packages/airflow/example_dags/example_kubernetes_executor.py
[2021-02-06 06:52:17,266] {scheduler_job.py:637} INFO - DAG(s) dict_keys(['example_kubernetes_executor']) retrieved from /home/airflow/.local/lib/python3.8/site-packages/airflow/example_dags/example_kubernetes_executor.py
[2021-02-06 06:52:17,279] {logging_mixin.py:104} INFO - [2021-02-06 06:52:17,279] {dag.py:1818} INFO - Sync 1 DAGs
[2021-02-06 06:52:17,286] {logging_mixin.py:104} INFO - [2021-02-06 06:52:17,286] {dag.py:2273} INFO - Setting next_dagrun for example_kubernetes_executor to None
[2021-02-06 06:52:17,291] {scheduler_job.py:189} INFO - Processing /home/airflow/.local/lib/python3.8/site-packages/airflow/example_dags/example_kubernetes_executor.py took 0.038 seconds
[2021-02-06 06:52:47,960] {scheduler_job.py:181} INFO - Started process (PID=223) to work on /home/airflow/.local/lib/python3.8/site-packages/airflow/example_dags/example_kubernetes_executor.py
[2021-02-06 06:52:47,960] {scheduler_job.py:627} INFO - Processing file /home/airflow/.local/lib/python3.8/site-packages/airflow/example_dags/example_kubernetes_executor.py for tasks to queue
[2021-02-06 06:52:47,960] {logging_mixin.py:104} INFO - [2021-02-06 06:52:47,960] {dagbag.py:449} INFO - Filling up the DagBag from /home/airflow/.local/lib/python3.8/site-packages/airflow/example_dags/example_kubernetes_executor.py
[2021-02-06 06:52:47,968] {scheduler_job.py:637} INFO - DAG(s) dict_keys(['example_kubernetes_executor']) retrieved from /home/airflow/.local/lib/python3.8/site-packages/airflow/example_dags/example_kubernetes_executor.py
[2021-02-06 06:52:47,983] {logging_mixin.py:104} INFO - [2021-02-06 06:52:47,983] {dag.py:1818} INFO - Sync 1 DAGs
[2021-02-06 06:52:47,989] {logging_mixin.py:104} INFO - [2021-02-06 06:52:47,989] {dag.py:2273} INFO - Setting next_dagrun for example_kubernetes_executor to None
[2021-02-06 06:52:47,994] {scheduler_job.py:189} INFO - Processing /home/airflow/.local/lib/python3.8/site-packages/airflow/example_dags/example_kubernetes_executor.py took 0.036 seconds
[2021-02-06 06:53:18,692] {scheduler_job.py:181} INFO - Started process (PID=249) to work on /home/airflow/.local/lib/python3.8/site-packages/airflow/example_dags/example_kubernetes_executor.py
[2021-02-06 06:53:18,692] {scheduler_job.py:627} INFO - Processing file /home/airflow/.local/lib/python3.8/site-packages/airflow/example_dags/example_kubernetes_executor.py for tasks to queue
[2021-02-06 06:53:18,693] {logging_mixin.py:104} INFO - [2021-02-06 06:53:18,693] {dagbag.py:449} INFO - Filling up the DagBag from /home/airflow/.local/lib/python3.8/site-packages/airflow/example_dags/example_kubernetes_executor.py
[2021-02-06 06:53:18,700] {scheduler_job.py:637} INFO - DAG(s) dict_keys(['example_kubernetes_executor']) retrieved from /home/airflow/.local/lib/python3.8/site-packages/airflow/example_dags/example_kubernetes_executor.py
[2021-02-06 06:53:18,714] {logging_mixin.py:104} INFO - [2021-02-06 06:53:18,714] {dag.py:1818} INFO - Sync 1 DAGs
[2021-02-06 06:53:18,722] {logging_mixin.py:104} INFO - [2021-02-06 06:53:18,722] {dag.py:2273} INFO - Setting next_dagrun for example_kubernetes_executor to None
[2021-02-06 06:53:18,729] {scheduler_job.py:189} INFO - Processing /home/airflow/.local/lib/python3.8/site-packages/airflow/example_dags/example_kubernetes_executor.py took 0.039 seconds
[2021-02-06 06:53:49,422] {scheduler_job.py:181} INFO - Started process (PID=275) to work on /home/airflow/.local/lib/python3.8/site-packages/airflow/example_dags/example_kubernetes_executor.py
[2021-02-06 06:53:49,423] {scheduler_job.py:627} INFO - Processing file /home/airflow/.local/lib/python3.8/site-packages/airflow/example_dags/example_kubernetes_executor.py for tasks to queue
[2021-02-06 06:53:49,423] {logging_mixin.py:104} INFO - [2021-02-06 06:53:49,423] {dagbag.py:449} INFO - Filling up the DagBag from /home/airflow/.local/lib/python3.8/site-packages/airflow/example_dags/example_kubernetes_executor.py
[2021-02-06 06:53:49,431] {scheduler_job.py:637} INFO - DAG(s) dict_keys(['example_kubernetes_executor']) retrieved from /home/airflow/.local/lib/python3.8/site-packages/airflow/example_dags/example_kubernetes_executor.py
[2021-02-06 06:53:49,443] {logging_mixin.py:104} INFO - [2021-02-06 06:53:49,443] {dag.py:1818} INFO - Sync 1 DAGs
[2021-02-06 06:53:49,450] {logging_mixin.py:104} INFO - [2021-02-06 06:53:49,450] {dag.py:2273} INFO - Setting next_dagrun for example_kubernetes_executor to None
[2021-02-06 06:53:49,456] {scheduler_job.py:189} INFO - Processing /home/airflow/.local/lib/python3.8/site-packages/airflow/example_dags/example_kubernetes_executor.py took 0.036 seconds
[2021-02-06 06:54:20,128] {scheduler_job.py:181} INFO - Started process (PID=301) to work on /home/airflow/.local/lib/python3.8/site-packages/airflow/example_dags/example_kubernetes_executor.py
[2021-02-06 06:54:20,129] {scheduler_job.py:627} INFO - Processing file /home/airflow/.local/lib/python3.8/site-packages/airflow/example_dags/example_kubernetes_executor.py for tasks to queue
[2021-02-06 06:54:20,129] {logging_mixin.py:104} INFO - [2021-02-06 06:54:20,129] {dagbag.py:449} INFO - Filling up the DagBag from /home/airflow/.local/lib/python3.8/site-packages/airflow/example_dags/example_kubernetes_executor.py
[2021-02-06 06:54:20,136] {scheduler_job.py:637} INFO - DAG(s) dict_keys(['example_kubernetes_executor']) retrieved from /home/airflow/.local/lib/python3.8/site-packages/airflow/example_dags/example_kubernetes_executor.py
[2021-02-06 06:54:20,150] {logging_mixin.py:104} INFO - [2021-02-06 06:54:20,150] {dag.py:1818} INFO - Sync 1 DAGs
[2021-02-06 06:54:20,156] {logging_mixin.py:104} INFO - [2021-02-06 06:54:20,156] {dag.py:2273} INFO - Setting next_dagrun for example_kubernetes_executor to None
[2021-02-06 06:54:20,162] {scheduler_job.py:189} INFO - Processing /home/airflow/.local/lib/python3.8/site-packages/airflow/example_dags/example_kubernetes_executor.py took 0.036 seconds
[2021-02-06 06:54:50,874] {scheduler_job.py:181} INFO - Started process (PID=327) to work on /home/airflow/.local/lib/python3.8/site-packages/airflow/example_dags/example_kubernetes_executor.py
[2021-02-06 06:54:50,874] {scheduler_job.py:627} INFO - Processing file /home/airflow/.local/lib/python3.8/site-packages/airflow/example_dags/example_kubernetes_executor.py for tasks to queue
[2021-02-06 06:54:50,875] {logging_mixin.py:104} INFO - [2021-02-06 06:54:50,875] {dagbag.py:449} INFO - Filling up the DagBag from /home/airflow/.local/lib/python3.8/site-packages/airflow/example_dags/example_kubernetes_executor.py
[2021-02-06 06:54:50,883] {scheduler_job.py:637} INFO - DAG(s) dict_keys(['example_kubernetes_executor']) retrieved from /home/airflow/.local/lib/python3.8/site-packages/airflow/example_dags/example_kubernetes_executor.py
[2021-02-06 06:54:50,897] {logging_mixin.py:104} INFO - [2021-02-06 06:54:50,897] {dag.py:1818} INFO - Sync 1 DAGs
[2021-02-06 06:54:50,904] {logging_mixin.py:104} INFO - [2021-02-06 06:54:50,904] {dag.py:2273} INFO - Setting next_dagrun for example_kubernetes_executor to None
[2021-02-06 06:54:50,910] {scheduler_job.py:189} INFO - Processing /home/airflow/.local/lib/python3.8/site-packages/airflow/example_dags/example_kubernetes_executor.py took 0.039 seconds
[2021-02-06 06:55:21,649] {scheduler_job.py:181} INFO - Started process (PID=353) to work on /home/airflow/.local/lib/python3.8/site-packages/airflow/example_dags/example_kubernetes_executor.py
[2021-02-06 06:55:21,650] {scheduler_job.py:627} INFO - Processing file /home/airflow/.local/lib/python3.8/site-packages/airflow/example_dags/example_kubernetes_executor.py for tasks to queue
[2021-02-06 06:55:21,650] {logging_mixin.py:104} INFO - [2021-02-06 06:55:21,650] {dagbag.py:449} INFO - Filling up the DagBag from /home/airflow/.local/lib/python3.8/site-packages/airflow/example_dags/example_kubernetes_executor.py
[2021-02-06 06:55:21,657] {scheduler_job.py:637} INFO - DAG(s) dict_keys(['example_kubernetes_executor']) retrieved from /home/airflow/.local/lib/python3.8/site-packages/airflow/example_dags/example_kubernetes_executor.py
[2021-02-06 06:55:21,672] {logging_mixin.py:104} INFO - [2021-02-06 06:55:21,672] {dag.py:1818} INFO - Sync 1 DAGs
[2021-02-06 06:55:21,678] {logging_mixin.py:104} INFO - [2021-02-06 06:55:21,678] {dag.py:2273} INFO - Setting next_dagrun for example_kubernetes_executor to None
[2021-02-06 06:55:21,685] {scheduler_job.py:189} INFO - Processing /home/airflow/.local/lib/python3.8/site-packages/airflow/example_dags/example_kubernetes_executor.py took 0.038 seconds
[2021-02-06 06:55:52,369] {scheduler_job.py:181} INFO - Started process (PID=379) to work on /home/airflow/.local/lib/python3.8/site-packages/airflow/example_dags/example_kubernetes_executor.py
[2021-02-06 06:55:52,369] {scheduler_job.py:627} INFO - Processing file /home/airflow/.local/lib/python3.8/site-packages/airflow/example_dags/example_kubernetes_executor.py for tasks to queue
[2021-02-06 06:55:52,370] {logging_mixin.py:104} INFO - [2021-02-06 06:55:52,370] {dagbag.py:449} INFO - Filling up the DagBag from /home/airflow/.local/lib/python3.8/site-packages/airflow/example_dags/example_kubernetes_executor.py
[2021-02-06 06:55:52,376] {scheduler_job.py:637} INFO - DAG(s) dict_keys(['example_kubernetes_executor']) retrieved from /home/airflow/.local/lib/python3.8/site-packages/airflow/example_dags/example_kubernetes_executor.py
[2021-02-06 06:55:52,390] {logging_mixin.py:104} INFO - [2021-02-06 06:55:52,390] {dag.py:1818} INFO - Sync 1 DAGs
[2021-02-06 06:55:52,397] {logging_mixin.py:104} INFO - [2021-02-06 06:55:52,397] {dag.py:2273} INFO - Setting next_dagrun for example_kubernetes_executor to None
[2021-02-06 06:55:52,402] {scheduler_job.py:189} INFO - Processing /home/airflow/.local/lib/python3.8/site-packages/airflow/example_dags/example_kubernetes_executor.py took 0.035 seconds
