[2021-02-06 06:42:11,871] {scheduler_job.py:181} INFO - Started process (PID=44) to work on /home/airflow/.local/lib/python3.8/site-packages/airflow/example_dags/example_bash_operator.py
[2021-02-06 06:42:11,871] {scheduler_job.py:627} INFO - Processing file /home/airflow/.local/lib/python3.8/site-packages/airflow/example_dags/example_bash_operator.py for tasks to queue
[2021-02-06 06:42:11,872] {logging_mixin.py:104} INFO - [2021-02-06 06:42:11,872] {dagbag.py:449} INFO - Filling up the DagBag from /home/airflow/.local/lib/python3.8/site-packages/airflow/example_dags/example_bash_operator.py
[2021-02-06 06:42:11,880] {scheduler_job.py:637} INFO - DAG(s) dict_keys(['example_bash_operator']) retrieved from /home/airflow/.local/lib/python3.8/site-packages/airflow/example_dags/example_bash_operator.py
[2021-02-06 06:42:11,898] {logging_mixin.py:104} INFO - [2021-02-06 06:42:11,898] {dag.py:1818} INFO - Sync 1 DAGs
[2021-02-06 06:42:11,901] {logging_mixin.py:104} INFO - [2021-02-06 06:42:11,901] {dag.py:1837} INFO - Creating ORM DAG for example_bash_operator
[2021-02-06 06:42:11,908] {logging_mixin.py:104} INFO - [2021-02-06 06:42:11,908] {dag.py:2273} INFO - Setting next_dagrun for example_bash_operator to 2021-02-04 00:00:00+00:00
[2021-02-06 06:42:11,917] {scheduler_job.py:189} INFO - Processing /home/airflow/.local/lib/python3.8/site-packages/airflow/example_dags/example_bash_operator.py took 0.049 seconds
[2021-02-06 06:42:42,610] {scheduler_job.py:181} INFO - Started process (PID=70) to work on /home/airflow/.local/lib/python3.8/site-packages/airflow/example_dags/example_bash_operator.py
[2021-02-06 06:42:42,610] {scheduler_job.py:627} INFO - Processing file /home/airflow/.local/lib/python3.8/site-packages/airflow/example_dags/example_bash_operator.py for tasks to queue
[2021-02-06 06:42:42,611] {logging_mixin.py:104} INFO - [2021-02-06 06:42:42,611] {dagbag.py:449} INFO - Filling up the DagBag from /home/airflow/.local/lib/python3.8/site-packages/airflow/example_dags/example_bash_operator.py
[2021-02-06 06:42:42,619] {scheduler_job.py:637} INFO - DAG(s) dict_keys(['example_bash_operator']) retrieved from /home/airflow/.local/lib/python3.8/site-packages/airflow/example_dags/example_bash_operator.py
[2021-02-06 06:42:42,671] {logging_mixin.py:104} INFO - [2021-02-06 06:42:42,671] {dag.py:1818} INFO - Sync 1 DAGs
[2021-02-06 06:42:42,683] {logging_mixin.py:104} INFO - [2021-02-06 06:42:42,683] {dag.py:2273} INFO - Setting next_dagrun for example_bash_operator to 2021-02-04 00:00:00+00:00
[2021-02-06 06:42:42,693] {scheduler_job.py:189} INFO - Processing /home/airflow/.local/lib/python3.8/site-packages/airflow/example_dags/example_bash_operator.py took 0.086 seconds
[2021-02-06 06:43:13,445] {scheduler_job.py:181} INFO - Started process (PID=119) to work on /home/airflow/.local/lib/python3.8/site-packages/airflow/example_dags/example_bash_operator.py
[2021-02-06 06:43:13,446] {scheduler_job.py:627} INFO - Processing file /home/airflow/.local/lib/python3.8/site-packages/airflow/example_dags/example_bash_operator.py for tasks to queue
[2021-02-06 06:43:13,446] {logging_mixin.py:104} INFO - [2021-02-06 06:43:13,446] {dagbag.py:449} INFO - Filling up the DagBag from /home/airflow/.local/lib/python3.8/site-packages/airflow/example_dags/example_bash_operator.py
[2021-02-06 06:43:13,453] {scheduler_job.py:637} INFO - DAG(s) dict_keys(['example_bash_operator']) retrieved from /home/airflow/.local/lib/python3.8/site-packages/airflow/example_dags/example_bash_operator.py
[2021-02-06 06:43:13,470] {logging_mixin.py:104} INFO - [2021-02-06 06:43:13,469] {dag.py:1818} INFO - Sync 1 DAGs
[2021-02-06 06:43:13,477] {logging_mixin.py:104} INFO - [2021-02-06 06:43:13,477] {dag.py:2273} INFO - Setting next_dagrun for example_bash_operator to 2021-02-06 00:00:00+00:00
[2021-02-06 06:43:13,482] {scheduler_job.py:189} INFO - Processing /home/airflow/.local/lib/python3.8/site-packages/airflow/example_dags/example_bash_operator.py took 0.039 seconds
[2021-02-06 06:43:44,202] {scheduler_job.py:181} INFO - Started process (PID=145) to work on /home/airflow/.local/lib/python3.8/site-packages/airflow/example_dags/example_bash_operator.py
[2021-02-06 06:43:44,203] {scheduler_job.py:627} INFO - Processing file /home/airflow/.local/lib/python3.8/site-packages/airflow/example_dags/example_bash_operator.py for tasks to queue
[2021-02-06 06:43:44,203] {logging_mixin.py:104} INFO - [2021-02-06 06:43:44,203] {dagbag.py:449} INFO - Filling up the DagBag from /home/airflow/.local/lib/python3.8/site-packages/airflow/example_dags/example_bash_operator.py
[2021-02-06 06:43:44,209] {scheduler_job.py:637} INFO - DAG(s) dict_keys(['example_bash_operator']) retrieved from /home/airflow/.local/lib/python3.8/site-packages/airflow/example_dags/example_bash_operator.py
[2021-02-06 06:43:44,226] {logging_mixin.py:104} INFO - [2021-02-06 06:43:44,226] {dag.py:1818} INFO - Sync 1 DAGs
[2021-02-06 06:43:44,235] {logging_mixin.py:104} INFO - [2021-02-06 06:43:44,235] {dag.py:2273} INFO - Setting next_dagrun for example_bash_operator to 2021-02-06 00:00:00+00:00
[2021-02-06 06:43:44,239] {scheduler_job.py:189} INFO - Processing /home/airflow/.local/lib/python3.8/site-packages/airflow/example_dags/example_bash_operator.py took 0.040 seconds
[2021-02-06 06:49:43,255] {scheduler_job.py:181} INFO - Started process (PID=48) to work on /home/airflow/.local/lib/python3.8/site-packages/airflow/example_dags/example_bash_operator.py
[2021-02-06 06:49:43,256] {scheduler_job.py:627} INFO - Processing file /home/airflow/.local/lib/python3.8/site-packages/airflow/example_dags/example_bash_operator.py for tasks to queue
[2021-02-06 06:49:43,256] {logging_mixin.py:104} INFO - [2021-02-06 06:49:43,256] {dagbag.py:449} INFO - Filling up the DagBag from /home/airflow/.local/lib/python3.8/site-packages/airflow/example_dags/example_bash_operator.py
[2021-02-06 06:49:43,266] {scheduler_job.py:637} INFO - DAG(s) dict_keys(['example_bash_operator']) retrieved from /home/airflow/.local/lib/python3.8/site-packages/airflow/example_dags/example_bash_operator.py
[2021-02-06 06:49:43,282] {logging_mixin.py:104} INFO - [2021-02-06 06:49:43,282] {dag.py:1818} INFO - Sync 1 DAGs
[2021-02-06 06:49:43,293] {logging_mixin.py:104} INFO - [2021-02-06 06:49:43,293] {dag.py:2273} INFO - Setting next_dagrun for example_bash_operator to 2021-02-06 00:00:00+00:00
[2021-02-06 06:49:43,301] {scheduler_job.py:189} INFO - Processing /home/airflow/.local/lib/python3.8/site-packages/airflow/example_dags/example_bash_operator.py took 0.048 seconds
[2021-02-06 06:50:14,059] {scheduler_job.py:181} INFO - Started process (PID=74) to work on /home/airflow/.local/lib/python3.8/site-packages/airflow/example_dags/example_bash_operator.py
[2021-02-06 06:50:14,060] {scheduler_job.py:627} INFO - Processing file /home/airflow/.local/lib/python3.8/site-packages/airflow/example_dags/example_bash_operator.py for tasks to queue
[2021-02-06 06:50:14,060] {logging_mixin.py:104} INFO - [2021-02-06 06:50:14,060] {dagbag.py:449} INFO - Filling up the DagBag from /home/airflow/.local/lib/python3.8/site-packages/airflow/example_dags/example_bash_operator.py
[2021-02-06 06:50:14,069] {scheduler_job.py:637} INFO - DAG(s) dict_keys(['example_bash_operator']) retrieved from /home/airflow/.local/lib/python3.8/site-packages/airflow/example_dags/example_bash_operator.py
[2021-02-06 06:50:14,083] {logging_mixin.py:104} INFO - [2021-02-06 06:50:14,083] {dag.py:1818} INFO - Sync 1 DAGs
[2021-02-06 06:50:14,090] {logging_mixin.py:104} INFO - [2021-02-06 06:50:14,090] {dag.py:2273} INFO - Setting next_dagrun for example_bash_operator to 2021-02-06 00:00:00+00:00
[2021-02-06 06:50:14,095] {scheduler_job.py:189} INFO - Processing /home/airflow/.local/lib/python3.8/site-packages/airflow/example_dags/example_bash_operator.py took 0.038 seconds
[2021-02-06 06:50:44,881] {scheduler_job.py:181} INFO - Started process (PID=100) to work on /home/airflow/.local/lib/python3.8/site-packages/airflow/example_dags/example_bash_operator.py
[2021-02-06 06:50:44,882] {scheduler_job.py:627} INFO - Processing file /home/airflow/.local/lib/python3.8/site-packages/airflow/example_dags/example_bash_operator.py for tasks to queue
[2021-02-06 06:50:44,882] {logging_mixin.py:104} INFO - [2021-02-06 06:50:44,882] {dagbag.py:449} INFO - Filling up the DagBag from /home/airflow/.local/lib/python3.8/site-packages/airflow/example_dags/example_bash_operator.py
[2021-02-06 06:50:44,889] {scheduler_job.py:637} INFO - DAG(s) dict_keys(['example_bash_operator']) retrieved from /home/airflow/.local/lib/python3.8/site-packages/airflow/example_dags/example_bash_operator.py
[2021-02-06 06:50:44,902] {logging_mixin.py:104} INFO - [2021-02-06 06:50:44,902] {dag.py:1818} INFO - Sync 1 DAGs
[2021-02-06 06:50:44,913] {logging_mixin.py:104} INFO - [2021-02-06 06:50:44,913] {dag.py:2273} INFO - Setting next_dagrun for example_bash_operator to 2021-02-06 00:00:00+00:00
[2021-02-06 06:50:44,918] {scheduler_job.py:189} INFO - Processing /home/airflow/.local/lib/python3.8/site-packages/airflow/example_dags/example_bash_operator.py took 0.040 seconds
[2021-02-06 06:51:15,608] {scheduler_job.py:181} INFO - Started process (PID=126) to work on /home/airflow/.local/lib/python3.8/site-packages/airflow/example_dags/example_bash_operator.py
[2021-02-06 06:51:15,609] {scheduler_job.py:627} INFO - Processing file /home/airflow/.local/lib/python3.8/site-packages/airflow/example_dags/example_bash_operator.py for tasks to queue
[2021-02-06 06:51:15,610] {logging_mixin.py:104} INFO - [2021-02-06 06:51:15,610] {dagbag.py:449} INFO - Filling up the DagBag from /home/airflow/.local/lib/python3.8/site-packages/airflow/example_dags/example_bash_operator.py
[2021-02-06 06:51:15,618] {scheduler_job.py:637} INFO - DAG(s) dict_keys(['example_bash_operator']) retrieved from /home/airflow/.local/lib/python3.8/site-packages/airflow/example_dags/example_bash_operator.py
[2021-02-06 06:51:15,632] {logging_mixin.py:104} INFO - [2021-02-06 06:51:15,632] {dag.py:1818} INFO - Sync 1 DAGs
[2021-02-06 06:51:15,642] {logging_mixin.py:104} INFO - [2021-02-06 06:51:15,642] {dag.py:2273} INFO - Setting next_dagrun for example_bash_operator to 2021-02-06 00:00:00+00:00
[2021-02-06 06:51:15,647] {scheduler_job.py:189} INFO - Processing /home/airflow/.local/lib/python3.8/site-packages/airflow/example_dags/example_bash_operator.py took 0.041 seconds
[2021-02-06 06:51:46,289] {scheduler_job.py:181} INFO - Started process (PID=161) to work on /home/airflow/.local/lib/python3.8/site-packages/airflow/example_dags/example_bash_operator.py
[2021-02-06 06:51:46,290] {scheduler_job.py:627} INFO - Processing file /home/airflow/.local/lib/python3.8/site-packages/airflow/example_dags/example_bash_operator.py for tasks to queue
[2021-02-06 06:51:46,290] {logging_mixin.py:104} INFO - [2021-02-06 06:51:46,290] {dagbag.py:449} INFO - Filling up the DagBag from /home/airflow/.local/lib/python3.8/site-packages/airflow/example_dags/example_bash_operator.py
[2021-02-06 06:51:46,299] {scheduler_job.py:637} INFO - DAG(s) dict_keys(['example_bash_operator']) retrieved from /home/airflow/.local/lib/python3.8/site-packages/airflow/example_dags/example_bash_operator.py
[2021-02-06 06:51:46,313] {logging_mixin.py:104} INFO - [2021-02-06 06:51:46,312] {dag.py:1818} INFO - Sync 1 DAGs
[2021-02-06 06:51:46,321] {logging_mixin.py:104} INFO - [2021-02-06 06:51:46,321] {dag.py:2273} INFO - Setting next_dagrun for example_bash_operator to 2021-02-06 00:00:00+00:00
[2021-02-06 06:51:46,325] {scheduler_job.py:189} INFO - Processing /home/airflow/.local/lib/python3.8/site-packages/airflow/example_dags/example_bash_operator.py took 0.038 seconds
[2021-02-06 06:52:16,978] {scheduler_job.py:181} INFO - Started process (PID=189) to work on /home/airflow/.local/lib/python3.8/site-packages/airflow/example_dags/example_bash_operator.py
[2021-02-06 06:52:16,981] {scheduler_job.py:627} INFO - Processing file /home/airflow/.local/lib/python3.8/site-packages/airflow/example_dags/example_bash_operator.py for tasks to queue
[2021-02-06 06:52:16,981] {logging_mixin.py:104} INFO - [2021-02-06 06:52:16,981] {dagbag.py:449} INFO - Filling up the DagBag from /home/airflow/.local/lib/python3.8/site-packages/airflow/example_dags/example_bash_operator.py
[2021-02-06 06:52:16,988] {scheduler_job.py:637} INFO - DAG(s) dict_keys(['example_bash_operator']) retrieved from /home/airflow/.local/lib/python3.8/site-packages/airflow/example_dags/example_bash_operator.py
[2021-02-06 06:52:17,002] {logging_mixin.py:104} INFO - [2021-02-06 06:52:17,002] {dag.py:1818} INFO - Sync 1 DAGs
[2021-02-06 06:52:17,010] {logging_mixin.py:104} INFO - [2021-02-06 06:52:17,010] {dag.py:2273} INFO - Setting next_dagrun for example_bash_operator to 2021-02-06 00:00:00+00:00
[2021-02-06 06:52:17,015] {scheduler_job.py:189} INFO - Processing /home/airflow/.local/lib/python3.8/site-packages/airflow/example_dags/example_bash_operator.py took 0.038 seconds
[2021-02-06 06:52:47,746] {scheduler_job.py:181} INFO - Started process (PID=215) to work on /home/airflow/.local/lib/python3.8/site-packages/airflow/example_dags/example_bash_operator.py
[2021-02-06 06:52:47,747] {scheduler_job.py:627} INFO - Processing file /home/airflow/.local/lib/python3.8/site-packages/airflow/example_dags/example_bash_operator.py for tasks to queue
[2021-02-06 06:52:47,747] {logging_mixin.py:104} INFO - [2021-02-06 06:52:47,747] {dagbag.py:449} INFO - Filling up the DagBag from /home/airflow/.local/lib/python3.8/site-packages/airflow/example_dags/example_bash_operator.py
[2021-02-06 06:52:47,755] {scheduler_job.py:637} INFO - DAG(s) dict_keys(['example_bash_operator']) retrieved from /home/airflow/.local/lib/python3.8/site-packages/airflow/example_dags/example_bash_operator.py
[2021-02-06 06:52:47,777] {logging_mixin.py:104} INFO - [2021-02-06 06:52:47,777] {dag.py:1818} INFO - Sync 1 DAGs
[2021-02-06 06:52:47,789] {logging_mixin.py:104} INFO - [2021-02-06 06:52:47,789] {dag.py:2273} INFO - Setting next_dagrun for example_bash_operator to 2021-02-06 00:00:00+00:00
[2021-02-06 06:52:47,795] {scheduler_job.py:189} INFO - Processing /home/airflow/.local/lib/python3.8/site-packages/airflow/example_dags/example_bash_operator.py took 0.052 seconds
[2021-02-06 06:53:18,485] {scheduler_job.py:181} INFO - Started process (PID=241) to work on /home/airflow/.local/lib/python3.8/site-packages/airflow/example_dags/example_bash_operator.py
[2021-02-06 06:53:18,486] {scheduler_job.py:627} INFO - Processing file /home/airflow/.local/lib/python3.8/site-packages/airflow/example_dags/example_bash_operator.py for tasks to queue
[2021-02-06 06:53:18,486] {logging_mixin.py:104} INFO - [2021-02-06 06:53:18,486] {dagbag.py:449} INFO - Filling up the DagBag from /home/airflow/.local/lib/python3.8/site-packages/airflow/example_dags/example_bash_operator.py
[2021-02-06 06:53:18,492] {scheduler_job.py:637} INFO - DAG(s) dict_keys(['example_bash_operator']) retrieved from /home/airflow/.local/lib/python3.8/site-packages/airflow/example_dags/example_bash_operator.py
[2021-02-06 06:53:18,508] {logging_mixin.py:104} INFO - [2021-02-06 06:53:18,508] {dag.py:1818} INFO - Sync 1 DAGs
[2021-02-06 06:53:18,516] {logging_mixin.py:104} INFO - [2021-02-06 06:53:18,516] {dag.py:2273} INFO - Setting next_dagrun for example_bash_operator to 2021-02-06 00:00:00+00:00
[2021-02-06 06:53:18,522] {scheduler_job.py:189} INFO - Processing /home/airflow/.local/lib/python3.8/site-packages/airflow/example_dags/example_bash_operator.py took 0.038 seconds
[2021-02-06 06:53:49,183] {scheduler_job.py:181} INFO - Started process (PID=267) to work on /home/airflow/.local/lib/python3.8/site-packages/airflow/example_dags/example_bash_operator.py
[2021-02-06 06:53:49,183] {scheduler_job.py:627} INFO - Processing file /home/airflow/.local/lib/python3.8/site-packages/airflow/example_dags/example_bash_operator.py for tasks to queue
[2021-02-06 06:53:49,184] {logging_mixin.py:104} INFO - [2021-02-06 06:53:49,184] {dagbag.py:449} INFO - Filling up the DagBag from /home/airflow/.local/lib/python3.8/site-packages/airflow/example_dags/example_bash_operator.py
[2021-02-06 06:53:49,189] {scheduler_job.py:637} INFO - DAG(s) dict_keys(['example_bash_operator']) retrieved from /home/airflow/.local/lib/python3.8/site-packages/airflow/example_dags/example_bash_operator.py
[2021-02-06 06:53:49,203] {logging_mixin.py:104} INFO - [2021-02-06 06:53:49,203] {dag.py:1818} INFO - Sync 1 DAGs
[2021-02-06 06:53:49,211] {logging_mixin.py:104} INFO - [2021-02-06 06:53:49,211] {dag.py:2273} INFO - Setting next_dagrun for example_bash_operator to 2021-02-06 00:00:00+00:00
[2021-02-06 06:53:49,217] {scheduler_job.py:189} INFO - Processing /home/airflow/.local/lib/python3.8/site-packages/airflow/example_dags/example_bash_operator.py took 0.035 seconds
[2021-02-06 06:54:19,940] {scheduler_job.py:181} INFO - Started process (PID=293) to work on /home/airflow/.local/lib/python3.8/site-packages/airflow/example_dags/example_bash_operator.py
[2021-02-06 06:54:19,941] {scheduler_job.py:627} INFO - Processing file /home/airflow/.local/lib/python3.8/site-packages/airflow/example_dags/example_bash_operator.py for tasks to queue
[2021-02-06 06:54:19,941] {logging_mixin.py:104} INFO - [2021-02-06 06:54:19,941] {dagbag.py:449} INFO - Filling up the DagBag from /home/airflow/.local/lib/python3.8/site-packages/airflow/example_dags/example_bash_operator.py
[2021-02-06 06:54:19,948] {scheduler_job.py:637} INFO - DAG(s) dict_keys(['example_bash_operator']) retrieved from /home/airflow/.local/lib/python3.8/site-packages/airflow/example_dags/example_bash_operator.py
[2021-02-06 06:54:19,961] {logging_mixin.py:104} INFO - [2021-02-06 06:54:19,961] {dag.py:1818} INFO - Sync 1 DAGs
[2021-02-06 06:54:19,970] {logging_mixin.py:104} INFO - [2021-02-06 06:54:19,970] {dag.py:2273} INFO - Setting next_dagrun for example_bash_operator to 2021-02-06 00:00:00+00:00
[2021-02-06 06:54:19,977] {scheduler_job.py:189} INFO - Processing /home/airflow/.local/lib/python3.8/site-packages/airflow/example_dags/example_bash_operator.py took 0.040 seconds
[2021-02-06 06:54:50,676] {scheduler_job.py:181} INFO - Started process (PID=319) to work on /home/airflow/.local/lib/python3.8/site-packages/airflow/example_dags/example_bash_operator.py
[2021-02-06 06:54:50,677] {scheduler_job.py:627} INFO - Processing file /home/airflow/.local/lib/python3.8/site-packages/airflow/example_dags/example_bash_operator.py for tasks to queue
[2021-02-06 06:54:50,678] {logging_mixin.py:104} INFO - [2021-02-06 06:54:50,678] {dagbag.py:449} INFO - Filling up the DagBag from /home/airflow/.local/lib/python3.8/site-packages/airflow/example_dags/example_bash_operator.py
[2021-02-06 06:54:50,685] {scheduler_job.py:637} INFO - DAG(s) dict_keys(['example_bash_operator']) retrieved from /home/airflow/.local/lib/python3.8/site-packages/airflow/example_dags/example_bash_operator.py
[2021-02-06 06:54:50,700] {logging_mixin.py:104} INFO - [2021-02-06 06:54:50,700] {dag.py:1818} INFO - Sync 1 DAGs
[2021-02-06 06:54:50,708] {logging_mixin.py:104} INFO - [2021-02-06 06:54:50,708] {dag.py:2273} INFO - Setting next_dagrun for example_bash_operator to 2021-02-06 00:00:00+00:00
[2021-02-06 06:54:50,715] {scheduler_job.py:189} INFO - Processing /home/airflow/.local/lib/python3.8/site-packages/airflow/example_dags/example_bash_operator.py took 0.041 seconds
[2021-02-06 06:55:21,415] {scheduler_job.py:181} INFO - Started process (PID=345) to work on /home/airflow/.local/lib/python3.8/site-packages/airflow/example_dags/example_bash_operator.py
[2021-02-06 06:55:21,415] {scheduler_job.py:627} INFO - Processing file /home/airflow/.local/lib/python3.8/site-packages/airflow/example_dags/example_bash_operator.py for tasks to queue
[2021-02-06 06:55:21,416] {logging_mixin.py:104} INFO - [2021-02-06 06:55:21,416] {dagbag.py:449} INFO - Filling up the DagBag from /home/airflow/.local/lib/python3.8/site-packages/airflow/example_dags/example_bash_operator.py
[2021-02-06 06:55:21,423] {scheduler_job.py:637} INFO - DAG(s) dict_keys(['example_bash_operator']) retrieved from /home/airflow/.local/lib/python3.8/site-packages/airflow/example_dags/example_bash_operator.py
[2021-02-06 06:55:21,436] {logging_mixin.py:104} INFO - [2021-02-06 06:55:21,436] {dag.py:1818} INFO - Sync 1 DAGs
[2021-02-06 06:55:21,444] {logging_mixin.py:104} INFO - [2021-02-06 06:55:21,444] {dag.py:2273} INFO - Setting next_dagrun for example_bash_operator to 2021-02-06 00:00:00+00:00
[2021-02-06 06:55:21,451] {scheduler_job.py:189} INFO - Processing /home/airflow/.local/lib/python3.8/site-packages/airflow/example_dags/example_bash_operator.py took 0.038 seconds
[2021-02-06 06:55:52,136] {scheduler_job.py:181} INFO - Started process (PID=371) to work on /home/airflow/.local/lib/python3.8/site-packages/airflow/example_dags/example_bash_operator.py
[2021-02-06 06:55:52,137] {scheduler_job.py:627} INFO - Processing file /home/airflow/.local/lib/python3.8/site-packages/airflow/example_dags/example_bash_operator.py for tasks to queue
[2021-02-06 06:55:52,137] {logging_mixin.py:104} INFO - [2021-02-06 06:55:52,137] {dagbag.py:449} INFO - Filling up the DagBag from /home/airflow/.local/lib/python3.8/site-packages/airflow/example_dags/example_bash_operator.py
[2021-02-06 06:55:52,144] {scheduler_job.py:637} INFO - DAG(s) dict_keys(['example_bash_operator']) retrieved from /home/airflow/.local/lib/python3.8/site-packages/airflow/example_dags/example_bash_operator.py
[2021-02-06 06:55:52,158] {logging_mixin.py:104} INFO - [2021-02-06 06:55:52,158] {dag.py:1818} INFO - Sync 1 DAGs
[2021-02-06 06:55:52,167] {logging_mixin.py:104} INFO - [2021-02-06 06:55:52,167] {dag.py:2273} INFO - Setting next_dagrun for example_bash_operator to 2021-02-06 00:00:00+00:00
[2021-02-06 06:55:52,172] {scheduler_job.py:189} INFO - Processing /home/airflow/.local/lib/python3.8/site-packages/airflow/example_dags/example_bash_operator.py took 0.038 seconds
