[2021-02-06 06:42:12,415] {scheduler_job.py:181} INFO - Started process (PID=64) to work on /home/airflow/.local/lib/python3.8/site-packages/airflow/example_dags/tutorial_etl_dag.py
[2021-02-06 06:42:12,416] {scheduler_job.py:627} INFO - Processing file /home/airflow/.local/lib/python3.8/site-packages/airflow/example_dags/tutorial_etl_dag.py for tasks to queue
[2021-02-06 06:42:12,416] {logging_mixin.py:104} INFO - [2021-02-06 06:42:12,416] {dagbag.py:449} INFO - Filling up the DagBag from /home/airflow/.local/lib/python3.8/site-packages/airflow/example_dags/tutorial_etl_dag.py
[2021-02-06 06:42:12,423] {scheduler_job.py:637} INFO - DAG(s) dict_keys(['tutorial_etl_dag']) retrieved from /home/airflow/.local/lib/python3.8/site-packages/airflow/example_dags/tutorial_etl_dag.py
[2021-02-06 06:42:12,439] {logging_mixin.py:104} INFO - [2021-02-06 06:42:12,439] {dag.py:1818} INFO - Sync 1 DAGs
[2021-02-06 06:42:12,442] {logging_mixin.py:104} INFO - [2021-02-06 06:42:12,442] {dag.py:1837} INFO - Creating ORM DAG for tutorial_etl_dag
[2021-02-06 06:42:12,445] {logging_mixin.py:104} INFO - [2021-02-06 06:42:12,445] {dag.py:2273} INFO - Setting next_dagrun for tutorial_etl_dag to None
[2021-02-06 06:42:12,454] {scheduler_job.py:189} INFO - Processing /home/airflow/.local/lib/python3.8/site-packages/airflow/example_dags/tutorial_etl_dag.py took 0.041 seconds
[2021-02-06 06:42:43,184] {scheduler_job.py:181} INFO - Started process (PID=90) to work on /home/airflow/.local/lib/python3.8/site-packages/airflow/example_dags/tutorial_etl_dag.py
[2021-02-06 06:42:43,185] {scheduler_job.py:627} INFO - Processing file /home/airflow/.local/lib/python3.8/site-packages/airflow/example_dags/tutorial_etl_dag.py for tasks to queue
[2021-02-06 06:42:43,185] {logging_mixin.py:104} INFO - [2021-02-06 06:42:43,185] {dagbag.py:449} INFO - Filling up the DagBag from /home/airflow/.local/lib/python3.8/site-packages/airflow/example_dags/tutorial_etl_dag.py
[2021-02-06 06:42:43,192] {scheduler_job.py:637} INFO - DAG(s) dict_keys(['tutorial_etl_dag']) retrieved from /home/airflow/.local/lib/python3.8/site-packages/airflow/example_dags/tutorial_etl_dag.py
[2021-02-06 06:42:43,207] {logging_mixin.py:104} INFO - [2021-02-06 06:42:43,207] {dag.py:1818} INFO - Sync 1 DAGs
[2021-02-06 06:42:43,215] {logging_mixin.py:104} INFO - [2021-02-06 06:42:43,215] {dag.py:2273} INFO - Setting next_dagrun for tutorial_etl_dag to None
[2021-02-06 06:42:43,221] {scheduler_job.py:189} INFO - Processing /home/airflow/.local/lib/python3.8/site-packages/airflow/example_dags/tutorial_etl_dag.py took 0.039 seconds
[2021-02-06 06:43:13,966] {scheduler_job.py:181} INFO - Started process (PID=139) to work on /home/airflow/.local/lib/python3.8/site-packages/airflow/example_dags/tutorial_etl_dag.py
[2021-02-06 06:43:13,967] {scheduler_job.py:627} INFO - Processing file /home/airflow/.local/lib/python3.8/site-packages/airflow/example_dags/tutorial_etl_dag.py for tasks to queue
[2021-02-06 06:43:13,967] {logging_mixin.py:104} INFO - [2021-02-06 06:43:13,967] {dagbag.py:449} INFO - Filling up the DagBag from /home/airflow/.local/lib/python3.8/site-packages/airflow/example_dags/tutorial_etl_dag.py
[2021-02-06 06:43:13,974] {scheduler_job.py:637} INFO - DAG(s) dict_keys(['tutorial_etl_dag']) retrieved from /home/airflow/.local/lib/python3.8/site-packages/airflow/example_dags/tutorial_etl_dag.py
[2021-02-06 06:43:13,989] {logging_mixin.py:104} INFO - [2021-02-06 06:43:13,989] {dag.py:1818} INFO - Sync 1 DAGs
[2021-02-06 06:43:13,995] {logging_mixin.py:104} INFO - [2021-02-06 06:43:13,995] {dag.py:2273} INFO - Setting next_dagrun for tutorial_etl_dag to None
[2021-02-06 06:43:14,000] {scheduler_job.py:189} INFO - Processing /home/airflow/.local/lib/python3.8/site-packages/airflow/example_dags/tutorial_etl_dag.py took 0.035 seconds
[2021-02-06 06:43:44,716] {scheduler_job.py:181} INFO - Started process (PID=165) to work on /home/airflow/.local/lib/python3.8/site-packages/airflow/example_dags/tutorial_etl_dag.py
[2021-02-06 06:43:44,717] {scheduler_job.py:627} INFO - Processing file /home/airflow/.local/lib/python3.8/site-packages/airflow/example_dags/tutorial_etl_dag.py for tasks to queue
[2021-02-06 06:43:44,717] {logging_mixin.py:104} INFO - [2021-02-06 06:43:44,717] {dagbag.py:449} INFO - Filling up the DagBag from /home/airflow/.local/lib/python3.8/site-packages/airflow/example_dags/tutorial_etl_dag.py
[2021-02-06 06:43:44,724] {scheduler_job.py:637} INFO - DAG(s) dict_keys(['tutorial_etl_dag']) retrieved from /home/airflow/.local/lib/python3.8/site-packages/airflow/example_dags/tutorial_etl_dag.py
[2021-02-06 06:43:44,738] {logging_mixin.py:104} INFO - [2021-02-06 06:43:44,738] {dag.py:1818} INFO - Sync 1 DAGs
[2021-02-06 06:43:44,744] {logging_mixin.py:104} INFO - [2021-02-06 06:43:44,744] {dag.py:2273} INFO - Setting next_dagrun for tutorial_etl_dag to None
[2021-02-06 06:43:44,750] {scheduler_job.py:189} INFO - Processing /home/airflow/.local/lib/python3.8/site-packages/airflow/example_dags/tutorial_etl_dag.py took 0.036 seconds
[2021-02-06 06:49:43,067] {scheduler_job.py:181} INFO - Started process (PID=42) to work on /home/airflow/.local/lib/python3.8/site-packages/airflow/example_dags/tutorial_etl_dag.py
[2021-02-06 06:49:43,068] {scheduler_job.py:627} INFO - Processing file /home/airflow/.local/lib/python3.8/site-packages/airflow/example_dags/tutorial_etl_dag.py for tasks to queue
[2021-02-06 06:49:43,068] {logging_mixin.py:104} INFO - [2021-02-06 06:49:43,068] {dagbag.py:449} INFO - Filling up the DagBag from /home/airflow/.local/lib/python3.8/site-packages/airflow/example_dags/tutorial_etl_dag.py
[2021-02-06 06:49:43,081] {scheduler_job.py:637} INFO - DAG(s) dict_keys(['tutorial_etl_dag']) retrieved from /home/airflow/.local/lib/python3.8/site-packages/airflow/example_dags/tutorial_etl_dag.py
[2021-02-06 06:49:43,094] {logging_mixin.py:104} INFO - [2021-02-06 06:49:43,094] {dag.py:1818} INFO - Sync 1 DAGs
[2021-02-06 06:49:43,104] {logging_mixin.py:104} INFO - [2021-02-06 06:49:43,104] {dag.py:2273} INFO - Setting next_dagrun for tutorial_etl_dag to None
[2021-02-06 06:49:43,111] {scheduler_job.py:189} INFO - Processing /home/airflow/.local/lib/python3.8/site-packages/airflow/example_dags/tutorial_etl_dag.py took 0.046 seconds
[2021-02-06 06:50:13,910] {scheduler_job.py:181} INFO - Started process (PID=68) to work on /home/airflow/.local/lib/python3.8/site-packages/airflow/example_dags/tutorial_etl_dag.py
[2021-02-06 06:50:13,910] {scheduler_job.py:627} INFO - Processing file /home/airflow/.local/lib/python3.8/site-packages/airflow/example_dags/tutorial_etl_dag.py for tasks to queue
[2021-02-06 06:50:13,911] {logging_mixin.py:104} INFO - [2021-02-06 06:50:13,911] {dagbag.py:449} INFO - Filling up the DagBag from /home/airflow/.local/lib/python3.8/site-packages/airflow/example_dags/tutorial_etl_dag.py
[2021-02-06 06:50:13,921] {scheduler_job.py:637} INFO - DAG(s) dict_keys(['tutorial_etl_dag']) retrieved from /home/airflow/.local/lib/python3.8/site-packages/airflow/example_dags/tutorial_etl_dag.py
[2021-02-06 06:50:13,934] {logging_mixin.py:104} INFO - [2021-02-06 06:50:13,933] {dag.py:1818} INFO - Sync 1 DAGs
[2021-02-06 06:50:13,940] {logging_mixin.py:104} INFO - [2021-02-06 06:50:13,940] {dag.py:2273} INFO - Setting next_dagrun for tutorial_etl_dag to None
[2021-02-06 06:50:13,945] {scheduler_job.py:189} INFO - Processing /home/airflow/.local/lib/python3.8/site-packages/airflow/example_dags/tutorial_etl_dag.py took 0.037 seconds
[2021-02-06 06:50:44,697] {scheduler_job.py:181} INFO - Started process (PID=94) to work on /home/airflow/.local/lib/python3.8/site-packages/airflow/example_dags/tutorial_etl_dag.py
[2021-02-06 06:50:44,697] {scheduler_job.py:627} INFO - Processing file /home/airflow/.local/lib/python3.8/site-packages/airflow/example_dags/tutorial_etl_dag.py for tasks to queue
[2021-02-06 06:50:44,698] {logging_mixin.py:104} INFO - [2021-02-06 06:50:44,697] {dagbag.py:449} INFO - Filling up the DagBag from /home/airflow/.local/lib/python3.8/site-packages/airflow/example_dags/tutorial_etl_dag.py
[2021-02-06 06:50:44,706] {scheduler_job.py:637} INFO - DAG(s) dict_keys(['tutorial_etl_dag']) retrieved from /home/airflow/.local/lib/python3.8/site-packages/airflow/example_dags/tutorial_etl_dag.py
[2021-02-06 06:50:44,719] {logging_mixin.py:104} INFO - [2021-02-06 06:50:44,719] {dag.py:1818} INFO - Sync 1 DAGs
[2021-02-06 06:50:44,727] {logging_mixin.py:104} INFO - [2021-02-06 06:50:44,727] {dag.py:2273} INFO - Setting next_dagrun for tutorial_etl_dag to None
[2021-02-06 06:50:44,734] {scheduler_job.py:189} INFO - Processing /home/airflow/.local/lib/python3.8/site-packages/airflow/example_dags/tutorial_etl_dag.py took 0.039 seconds
[2021-02-06 06:51:15,446] {scheduler_job.py:181} INFO - Started process (PID=120) to work on /home/airflow/.local/lib/python3.8/site-packages/airflow/example_dags/tutorial_etl_dag.py
[2021-02-06 06:51:15,447] {scheduler_job.py:627} INFO - Processing file /home/airflow/.local/lib/python3.8/site-packages/airflow/example_dags/tutorial_etl_dag.py for tasks to queue
[2021-02-06 06:51:15,447] {logging_mixin.py:104} INFO - [2021-02-06 06:51:15,447] {dagbag.py:449} INFO - Filling up the DagBag from /home/airflow/.local/lib/python3.8/site-packages/airflow/example_dags/tutorial_etl_dag.py
[2021-02-06 06:51:15,456] {scheduler_job.py:637} INFO - DAG(s) dict_keys(['tutorial_etl_dag']) retrieved from /home/airflow/.local/lib/python3.8/site-packages/airflow/example_dags/tutorial_etl_dag.py
[2021-02-06 06:51:15,469] {logging_mixin.py:104} INFO - [2021-02-06 06:51:15,469] {dag.py:1818} INFO - Sync 1 DAGs
[2021-02-06 06:51:15,477] {logging_mixin.py:104} INFO - [2021-02-06 06:51:15,477] {dag.py:2273} INFO - Setting next_dagrun for tutorial_etl_dag to None
[2021-02-06 06:51:15,483] {scheduler_job.py:189} INFO - Processing /home/airflow/.local/lib/python3.8/site-packages/airflow/example_dags/tutorial_etl_dag.py took 0.039 seconds
[2021-02-06 06:51:46,129] {scheduler_job.py:181} INFO - Started process (PID=155) to work on /home/airflow/.local/lib/python3.8/site-packages/airflow/example_dags/tutorial_etl_dag.py
[2021-02-06 06:51:46,130] {scheduler_job.py:627} INFO - Processing file /home/airflow/.local/lib/python3.8/site-packages/airflow/example_dags/tutorial_etl_dag.py for tasks to queue
[2021-02-06 06:51:46,130] {logging_mixin.py:104} INFO - [2021-02-06 06:51:46,130] {dagbag.py:449} INFO - Filling up the DagBag from /home/airflow/.local/lib/python3.8/site-packages/airflow/example_dags/tutorial_etl_dag.py
[2021-02-06 06:51:46,138] {scheduler_job.py:637} INFO - DAG(s) dict_keys(['tutorial_etl_dag']) retrieved from /home/airflow/.local/lib/python3.8/site-packages/airflow/example_dags/tutorial_etl_dag.py
[2021-02-06 06:51:46,152] {logging_mixin.py:104} INFO - [2021-02-06 06:51:46,152] {dag.py:1818} INFO - Sync 1 DAGs
[2021-02-06 06:51:46,158] {logging_mixin.py:104} INFO - [2021-02-06 06:51:46,158] {dag.py:2273} INFO - Setting next_dagrun for tutorial_etl_dag to None
[2021-02-06 06:51:46,164] {scheduler_job.py:189} INFO - Processing /home/airflow/.local/lib/python3.8/site-packages/airflow/example_dags/tutorial_etl_dag.py took 0.038 seconds
[2021-02-06 06:52:16,827] {scheduler_job.py:181} INFO - Started process (PID=183) to work on /home/airflow/.local/lib/python3.8/site-packages/airflow/example_dags/tutorial_etl_dag.py
[2021-02-06 06:52:16,830] {scheduler_job.py:627} INFO - Processing file /home/airflow/.local/lib/python3.8/site-packages/airflow/example_dags/tutorial_etl_dag.py for tasks to queue
[2021-02-06 06:52:16,831] {logging_mixin.py:104} INFO - [2021-02-06 06:52:16,831] {dagbag.py:449} INFO - Filling up the DagBag from /home/airflow/.local/lib/python3.8/site-packages/airflow/example_dags/tutorial_etl_dag.py
[2021-02-06 06:52:16,836] {scheduler_job.py:637} INFO - DAG(s) dict_keys(['tutorial_etl_dag']) retrieved from /home/airflow/.local/lib/python3.8/site-packages/airflow/example_dags/tutorial_etl_dag.py
[2021-02-06 06:52:16,851] {logging_mixin.py:104} INFO - [2021-02-06 06:52:16,851] {dag.py:1818} INFO - Sync 1 DAGs
[2021-02-06 06:52:16,858] {logging_mixin.py:104} INFO - [2021-02-06 06:52:16,858] {dag.py:2273} INFO - Setting next_dagrun for tutorial_etl_dag to None
[2021-02-06 06:52:16,863] {scheduler_job.py:189} INFO - Processing /home/airflow/.local/lib/python3.8/site-packages/airflow/example_dags/tutorial_etl_dag.py took 0.039 seconds
[2021-02-06 06:52:47,588] {scheduler_job.py:181} INFO - Started process (PID=209) to work on /home/airflow/.local/lib/python3.8/site-packages/airflow/example_dags/tutorial_etl_dag.py
[2021-02-06 06:52:47,589] {scheduler_job.py:627} INFO - Processing file /home/airflow/.local/lib/python3.8/site-packages/airflow/example_dags/tutorial_etl_dag.py for tasks to queue
[2021-02-06 06:52:47,589] {logging_mixin.py:104} INFO - [2021-02-06 06:52:47,589] {dagbag.py:449} INFO - Filling up the DagBag from /home/airflow/.local/lib/python3.8/site-packages/airflow/example_dags/tutorial_etl_dag.py
[2021-02-06 06:52:47,596] {scheduler_job.py:637} INFO - DAG(s) dict_keys(['tutorial_etl_dag']) retrieved from /home/airflow/.local/lib/python3.8/site-packages/airflow/example_dags/tutorial_etl_dag.py
[2021-02-06 06:52:47,610] {logging_mixin.py:104} INFO - [2021-02-06 06:52:47,610] {dag.py:1818} INFO - Sync 1 DAGs
[2021-02-06 06:52:47,616] {logging_mixin.py:104} INFO - [2021-02-06 06:52:47,616] {dag.py:2273} INFO - Setting next_dagrun for tutorial_etl_dag to None
[2021-02-06 06:52:47,623] {scheduler_job.py:189} INFO - Processing /home/airflow/.local/lib/python3.8/site-packages/airflow/example_dags/tutorial_etl_dag.py took 0.037 seconds
[2021-02-06 06:53:18,339] {scheduler_job.py:181} INFO - Started process (PID=235) to work on /home/airflow/.local/lib/python3.8/site-packages/airflow/example_dags/tutorial_etl_dag.py
[2021-02-06 06:53:18,339] {scheduler_job.py:627} INFO - Processing file /home/airflow/.local/lib/python3.8/site-packages/airflow/example_dags/tutorial_etl_dag.py for tasks to queue
[2021-02-06 06:53:18,340] {logging_mixin.py:104} INFO - [2021-02-06 06:53:18,340] {dagbag.py:449} INFO - Filling up the DagBag from /home/airflow/.local/lib/python3.8/site-packages/airflow/example_dags/tutorial_etl_dag.py
[2021-02-06 06:53:18,347] {scheduler_job.py:637} INFO - DAG(s) dict_keys(['tutorial_etl_dag']) retrieved from /home/airflow/.local/lib/python3.8/site-packages/airflow/example_dags/tutorial_etl_dag.py
[2021-02-06 06:53:18,360] {logging_mixin.py:104} INFO - [2021-02-06 06:53:18,360] {dag.py:1818} INFO - Sync 1 DAGs
[2021-02-06 06:53:18,369] {logging_mixin.py:104} INFO - [2021-02-06 06:53:18,369] {dag.py:2273} INFO - Setting next_dagrun for tutorial_etl_dag to None
[2021-02-06 06:53:18,374] {scheduler_job.py:189} INFO - Processing /home/airflow/.local/lib/python3.8/site-packages/airflow/example_dags/tutorial_etl_dag.py took 0.037 seconds
[2021-02-06 06:53:49,025] {scheduler_job.py:181} INFO - Started process (PID=261) to work on /home/airflow/.local/lib/python3.8/site-packages/airflow/example_dags/tutorial_etl_dag.py
[2021-02-06 06:53:49,026] {scheduler_job.py:627} INFO - Processing file /home/airflow/.local/lib/python3.8/site-packages/airflow/example_dags/tutorial_etl_dag.py for tasks to queue
[2021-02-06 06:53:49,026] {logging_mixin.py:104} INFO - [2021-02-06 06:53:49,026] {dagbag.py:449} INFO - Filling up the DagBag from /home/airflow/.local/lib/python3.8/site-packages/airflow/example_dags/tutorial_etl_dag.py
[2021-02-06 06:53:49,033] {scheduler_job.py:637} INFO - DAG(s) dict_keys(['tutorial_etl_dag']) retrieved from /home/airflow/.local/lib/python3.8/site-packages/airflow/example_dags/tutorial_etl_dag.py
[2021-02-06 06:53:49,047] {logging_mixin.py:104} INFO - [2021-02-06 06:53:49,047] {dag.py:1818} INFO - Sync 1 DAGs
[2021-02-06 06:53:49,054] {logging_mixin.py:104} INFO - [2021-02-06 06:53:49,054] {dag.py:2273} INFO - Setting next_dagrun for tutorial_etl_dag to None
[2021-02-06 06:53:49,061] {scheduler_job.py:189} INFO - Processing /home/airflow/.local/lib/python3.8/site-packages/airflow/example_dags/tutorial_etl_dag.py took 0.038 seconds
[2021-02-06 06:54:19,779] {scheduler_job.py:181} INFO - Started process (PID=287) to work on /home/airflow/.local/lib/python3.8/site-packages/airflow/example_dags/tutorial_etl_dag.py
[2021-02-06 06:54:19,780] {scheduler_job.py:627} INFO - Processing file /home/airflow/.local/lib/python3.8/site-packages/airflow/example_dags/tutorial_etl_dag.py for tasks to queue
[2021-02-06 06:54:19,780] {logging_mixin.py:104} INFO - [2021-02-06 06:54:19,780] {dagbag.py:449} INFO - Filling up the DagBag from /home/airflow/.local/lib/python3.8/site-packages/airflow/example_dags/tutorial_etl_dag.py
[2021-02-06 06:54:19,787] {scheduler_job.py:637} INFO - DAG(s) dict_keys(['tutorial_etl_dag']) retrieved from /home/airflow/.local/lib/python3.8/site-packages/airflow/example_dags/tutorial_etl_dag.py
[2021-02-06 06:54:19,802] {logging_mixin.py:104} INFO - [2021-02-06 06:54:19,802] {dag.py:1818} INFO - Sync 1 DAGs
[2021-02-06 06:54:19,808] {logging_mixin.py:104} INFO - [2021-02-06 06:54:19,808] {dag.py:2273} INFO - Setting next_dagrun for tutorial_etl_dag to None
[2021-02-06 06:54:19,813] {scheduler_job.py:189} INFO - Processing /home/airflow/.local/lib/python3.8/site-packages/airflow/example_dags/tutorial_etl_dag.py took 0.036 seconds
[2021-02-06 06:54:50,530] {scheduler_job.py:181} INFO - Started process (PID=313) to work on /home/airflow/.local/lib/python3.8/site-packages/airflow/example_dags/tutorial_etl_dag.py
[2021-02-06 06:54:50,530] {scheduler_job.py:627} INFO - Processing file /home/airflow/.local/lib/python3.8/site-packages/airflow/example_dags/tutorial_etl_dag.py for tasks to queue
[2021-02-06 06:54:50,531] {logging_mixin.py:104} INFO - [2021-02-06 06:54:50,531] {dagbag.py:449} INFO - Filling up the DagBag from /home/airflow/.local/lib/python3.8/site-packages/airflow/example_dags/tutorial_etl_dag.py
[2021-02-06 06:54:50,538] {scheduler_job.py:637} INFO - DAG(s) dict_keys(['tutorial_etl_dag']) retrieved from /home/airflow/.local/lib/python3.8/site-packages/airflow/example_dags/tutorial_etl_dag.py
[2021-02-06 06:54:50,553] {logging_mixin.py:104} INFO - [2021-02-06 06:54:50,552] {dag.py:1818} INFO - Sync 1 DAGs
[2021-02-06 06:54:50,558] {logging_mixin.py:104} INFO - [2021-02-06 06:54:50,558] {dag.py:2273} INFO - Setting next_dagrun for tutorial_etl_dag to None
[2021-02-06 06:54:50,564] {scheduler_job.py:189} INFO - Processing /home/airflow/.local/lib/python3.8/site-packages/airflow/example_dags/tutorial_etl_dag.py took 0.036 seconds
[2021-02-06 06:55:21,263] {scheduler_job.py:181} INFO - Started process (PID=339) to work on /home/airflow/.local/lib/python3.8/site-packages/airflow/example_dags/tutorial_etl_dag.py
[2021-02-06 06:55:21,263] {scheduler_job.py:627} INFO - Processing file /home/airflow/.local/lib/python3.8/site-packages/airflow/example_dags/tutorial_etl_dag.py for tasks to queue
[2021-02-06 06:55:21,264] {logging_mixin.py:104} INFO - [2021-02-06 06:55:21,264] {dagbag.py:449} INFO - Filling up the DagBag from /home/airflow/.local/lib/python3.8/site-packages/airflow/example_dags/tutorial_etl_dag.py
[2021-02-06 06:55:21,269] {scheduler_job.py:637} INFO - DAG(s) dict_keys(['tutorial_etl_dag']) retrieved from /home/airflow/.local/lib/python3.8/site-packages/airflow/example_dags/tutorial_etl_dag.py
[2021-02-06 06:55:21,284] {logging_mixin.py:104} INFO - [2021-02-06 06:55:21,284] {dag.py:1818} INFO - Sync 1 DAGs
[2021-02-06 06:55:21,293] {logging_mixin.py:104} INFO - [2021-02-06 06:55:21,293] {dag.py:2273} INFO - Setting next_dagrun for tutorial_etl_dag to None
[2021-02-06 06:55:21,299] {scheduler_job.py:189} INFO - Processing /home/airflow/.local/lib/python3.8/site-packages/airflow/example_dags/tutorial_etl_dag.py took 0.038 seconds
[2021-02-06 06:55:51,982] {scheduler_job.py:181} INFO - Started process (PID=365) to work on /home/airflow/.local/lib/python3.8/site-packages/airflow/example_dags/tutorial_etl_dag.py
[2021-02-06 06:55:51,983] {scheduler_job.py:627} INFO - Processing file /home/airflow/.local/lib/python3.8/site-packages/airflow/example_dags/tutorial_etl_dag.py for tasks to queue
[2021-02-06 06:55:51,984] {logging_mixin.py:104} INFO - [2021-02-06 06:55:51,983] {dagbag.py:449} INFO - Filling up the DagBag from /home/airflow/.local/lib/python3.8/site-packages/airflow/example_dags/tutorial_etl_dag.py
[2021-02-06 06:55:51,991] {scheduler_job.py:637} INFO - DAG(s) dict_keys(['tutorial_etl_dag']) retrieved from /home/airflow/.local/lib/python3.8/site-packages/airflow/example_dags/tutorial_etl_dag.py
[2021-02-06 06:55:52,005] {logging_mixin.py:104} INFO - [2021-02-06 06:55:52,005] {dag.py:1818} INFO - Sync 1 DAGs
[2021-02-06 06:55:52,011] {logging_mixin.py:104} INFO - [2021-02-06 06:55:52,011] {dag.py:2273} INFO - Setting next_dagrun for tutorial_etl_dag to None
[2021-02-06 06:55:52,017] {scheduler_job.py:189} INFO - Processing /home/airflow/.local/lib/python3.8/site-packages/airflow/example_dags/tutorial_etl_dag.py took 0.036 seconds
