[2021-02-06 06:42:12,338] {scheduler_job.py:181} INFO - Started process (PID=61) to work on /home/airflow/.local/lib/python3.8/site-packages/airflow/example_dags/tutorial_taskflow_api_etl.py
[2021-02-06 06:42:12,338] {scheduler_job.py:627} INFO - Processing file /home/airflow/.local/lib/python3.8/site-packages/airflow/example_dags/tutorial_taskflow_api_etl.py for tasks to queue
[2021-02-06 06:42:12,339] {logging_mixin.py:104} INFO - [2021-02-06 06:42:12,338] {dagbag.py:449} INFO - Filling up the DagBag from /home/airflow/.local/lib/python3.8/site-packages/airflow/example_dags/tutorial_taskflow_api_etl.py
[2021-02-06 06:42:12,345] {scheduler_job.py:637} INFO - DAG(s) dict_keys(['tutorial_taskflow_api_etl']) retrieved from /home/airflow/.local/lib/python3.8/site-packages/airflow/example_dags/tutorial_taskflow_api_etl.py
[2021-02-06 06:42:12,362] {logging_mixin.py:104} INFO - [2021-02-06 06:42:12,362] {dag.py:1818} INFO - Sync 1 DAGs
[2021-02-06 06:42:12,367] {logging_mixin.py:104} INFO - [2021-02-06 06:42:12,367] {dag.py:1837} INFO - Creating ORM DAG for tutorial_taskflow_api_etl
[2021-02-06 06:42:12,370] {logging_mixin.py:104} INFO - [2021-02-06 06:42:12,370] {dag.py:2273} INFO - Setting next_dagrun for tutorial_taskflow_api_etl to None
[2021-02-06 06:42:12,379] {scheduler_job.py:189} INFO - Processing /home/airflow/.local/lib/python3.8/site-packages/airflow/example_dags/tutorial_taskflow_api_etl.py took 0.043 seconds
[2021-02-06 06:42:43,080] {scheduler_job.py:181} INFO - Started process (PID=87) to work on /home/airflow/.local/lib/python3.8/site-packages/airflow/example_dags/tutorial_taskflow_api_etl.py
[2021-02-06 06:42:43,081] {scheduler_job.py:627} INFO - Processing file /home/airflow/.local/lib/python3.8/site-packages/airflow/example_dags/tutorial_taskflow_api_etl.py for tasks to queue
[2021-02-06 06:42:43,081] {logging_mixin.py:104} INFO - [2021-02-06 06:42:43,081] {dagbag.py:449} INFO - Filling up the DagBag from /home/airflow/.local/lib/python3.8/site-packages/airflow/example_dags/tutorial_taskflow_api_etl.py
[2021-02-06 06:42:43,088] {scheduler_job.py:637} INFO - DAG(s) dict_keys(['tutorial_taskflow_api_etl']) retrieved from /home/airflow/.local/lib/python3.8/site-packages/airflow/example_dags/tutorial_taskflow_api_etl.py
[2021-02-06 06:42:43,106] {logging_mixin.py:104} INFO - [2021-02-06 06:42:43,106] {dag.py:1818} INFO - Sync 1 DAGs
[2021-02-06 06:42:43,114] {logging_mixin.py:104} INFO - [2021-02-06 06:42:43,114] {dag.py:2273} INFO - Setting next_dagrun for tutorial_taskflow_api_etl to None
[2021-02-06 06:42:43,122] {scheduler_job.py:189} INFO - Processing /home/airflow/.local/lib/python3.8/site-packages/airflow/example_dags/tutorial_taskflow_api_etl.py took 0.044 seconds
[2021-02-06 06:43:13,902] {scheduler_job.py:181} INFO - Started process (PID=136) to work on /home/airflow/.local/lib/python3.8/site-packages/airflow/example_dags/tutorial_taskflow_api_etl.py
[2021-02-06 06:43:13,903] {scheduler_job.py:627} INFO - Processing file /home/airflow/.local/lib/python3.8/site-packages/airflow/example_dags/tutorial_taskflow_api_etl.py for tasks to queue
[2021-02-06 06:43:13,903] {logging_mixin.py:104} INFO - [2021-02-06 06:43:13,903] {dagbag.py:449} INFO - Filling up the DagBag from /home/airflow/.local/lib/python3.8/site-packages/airflow/example_dags/tutorial_taskflow_api_etl.py
[2021-02-06 06:43:13,909] {scheduler_job.py:637} INFO - DAG(s) dict_keys(['tutorial_taskflow_api_etl']) retrieved from /home/airflow/.local/lib/python3.8/site-packages/airflow/example_dags/tutorial_taskflow_api_etl.py
[2021-02-06 06:43:13,927] {logging_mixin.py:104} INFO - [2021-02-06 06:43:13,927] {dag.py:1818} INFO - Sync 1 DAGs
[2021-02-06 06:43:13,934] {logging_mixin.py:104} INFO - [2021-02-06 06:43:13,934] {dag.py:2273} INFO - Setting next_dagrun for tutorial_taskflow_api_etl to None
[2021-02-06 06:43:13,939] {scheduler_job.py:189} INFO - Processing /home/airflow/.local/lib/python3.8/site-packages/airflow/example_dags/tutorial_taskflow_api_etl.py took 0.040 seconds
[2021-02-06 06:43:44,649] {scheduler_job.py:181} INFO - Started process (PID=162) to work on /home/airflow/.local/lib/python3.8/site-packages/airflow/example_dags/tutorial_taskflow_api_etl.py
[2021-02-06 06:43:44,649] {scheduler_job.py:627} INFO - Processing file /home/airflow/.local/lib/python3.8/site-packages/airflow/example_dags/tutorial_taskflow_api_etl.py for tasks to queue
[2021-02-06 06:43:44,649] {logging_mixin.py:104} INFO - [2021-02-06 06:43:44,649] {dagbag.py:449} INFO - Filling up the DagBag from /home/airflow/.local/lib/python3.8/site-packages/airflow/example_dags/tutorial_taskflow_api_etl.py
[2021-02-06 06:43:44,654] {scheduler_job.py:637} INFO - DAG(s) dict_keys(['tutorial_taskflow_api_etl']) retrieved from /home/airflow/.local/lib/python3.8/site-packages/airflow/example_dags/tutorial_taskflow_api_etl.py
[2021-02-06 06:43:44,671] {logging_mixin.py:104} INFO - [2021-02-06 06:43:44,671] {dag.py:1818} INFO - Sync 1 DAGs
[2021-02-06 06:43:44,677] {logging_mixin.py:104} INFO - [2021-02-06 06:43:44,677] {dag.py:2273} INFO - Setting next_dagrun for tutorial_taskflow_api_etl to None
[2021-02-06 06:43:44,684] {scheduler_job.py:189} INFO - Processing /home/airflow/.local/lib/python3.8/site-packages/airflow/example_dags/tutorial_taskflow_api_etl.py took 0.037 seconds
[2021-02-06 06:49:43,361] {scheduler_job.py:181} INFO - Started process (PID=52) to work on /home/airflow/.local/lib/python3.8/site-packages/airflow/example_dags/tutorial_taskflow_api_etl.py
[2021-02-06 06:49:43,361] {scheduler_job.py:627} INFO - Processing file /home/airflow/.local/lib/python3.8/site-packages/airflow/example_dags/tutorial_taskflow_api_etl.py for tasks to queue
[2021-02-06 06:49:43,362] {logging_mixin.py:104} INFO - [2021-02-06 06:49:43,361] {dagbag.py:449} INFO - Filling up the DagBag from /home/airflow/.local/lib/python3.8/site-packages/airflow/example_dags/tutorial_taskflow_api_etl.py
[2021-02-06 06:49:43,370] {scheduler_job.py:637} INFO - DAG(s) dict_keys(['tutorial_taskflow_api_etl']) retrieved from /home/airflow/.local/lib/python3.8/site-packages/airflow/example_dags/tutorial_taskflow_api_etl.py
[2021-02-06 06:49:43,386] {logging_mixin.py:104} INFO - [2021-02-06 06:49:43,386] {dag.py:1818} INFO - Sync 1 DAGs
[2021-02-06 06:49:43,394] {logging_mixin.py:104} INFO - [2021-02-06 06:49:43,394] {dag.py:2273} INFO - Setting next_dagrun for tutorial_taskflow_api_etl to None
[2021-02-06 06:49:43,402] {scheduler_job.py:189} INFO - Processing /home/airflow/.local/lib/python3.8/site-packages/airflow/example_dags/tutorial_taskflow_api_etl.py took 0.043 seconds
[2021-02-06 06:50:14,202] {scheduler_job.py:181} INFO - Started process (PID=78) to work on /home/airflow/.local/lib/python3.8/site-packages/airflow/example_dags/tutorial_taskflow_api_etl.py
[2021-02-06 06:50:14,202] {scheduler_job.py:627} INFO - Processing file /home/airflow/.local/lib/python3.8/site-packages/airflow/example_dags/tutorial_taskflow_api_etl.py for tasks to queue
[2021-02-06 06:50:14,203] {logging_mixin.py:104} INFO - [2021-02-06 06:50:14,203] {dagbag.py:449} INFO - Filling up the DagBag from /home/airflow/.local/lib/python3.8/site-packages/airflow/example_dags/tutorial_taskflow_api_etl.py
[2021-02-06 06:50:14,211] {scheduler_job.py:637} INFO - DAG(s) dict_keys(['tutorial_taskflow_api_etl']) retrieved from /home/airflow/.local/lib/python3.8/site-packages/airflow/example_dags/tutorial_taskflow_api_etl.py
[2021-02-06 06:50:14,227] {logging_mixin.py:104} INFO - [2021-02-06 06:50:14,227] {dag.py:1818} INFO - Sync 1 DAGs
[2021-02-06 06:50:14,234] {logging_mixin.py:104} INFO - [2021-02-06 06:50:14,234] {dag.py:2273} INFO - Setting next_dagrun for tutorial_taskflow_api_etl to None
[2021-02-06 06:50:14,239] {scheduler_job.py:189} INFO - Processing /home/airflow/.local/lib/python3.8/site-packages/airflow/example_dags/tutorial_taskflow_api_etl.py took 0.040 seconds
[2021-02-06 06:50:44,972] {scheduler_job.py:181} INFO - Started process (PID=104) to work on /home/airflow/.local/lib/python3.8/site-packages/airflow/example_dags/tutorial_taskflow_api_etl.py
[2021-02-06 06:50:44,972] {scheduler_job.py:627} INFO - Processing file /home/airflow/.local/lib/python3.8/site-packages/airflow/example_dags/tutorial_taskflow_api_etl.py for tasks to queue
[2021-02-06 06:50:44,972] {logging_mixin.py:104} INFO - [2021-02-06 06:50:44,972] {dagbag.py:449} INFO - Filling up the DagBag from /home/airflow/.local/lib/python3.8/site-packages/airflow/example_dags/tutorial_taskflow_api_etl.py
[2021-02-06 06:50:44,979] {scheduler_job.py:637} INFO - DAG(s) dict_keys(['tutorial_taskflow_api_etl']) retrieved from /home/airflow/.local/lib/python3.8/site-packages/airflow/example_dags/tutorial_taskflow_api_etl.py
[2021-02-06 06:50:44,991] {logging_mixin.py:104} INFO - [2021-02-06 06:50:44,990] {dag.py:1818} INFO - Sync 1 DAGs
[2021-02-06 06:50:44,998] {logging_mixin.py:104} INFO - [2021-02-06 06:50:44,998] {dag.py:2273} INFO - Setting next_dagrun for tutorial_taskflow_api_etl to None
[2021-02-06 06:50:45,003] {scheduler_job.py:189} INFO - Processing /home/airflow/.local/lib/python3.8/site-packages/airflow/example_dags/tutorial_taskflow_api_etl.py took 0.033 seconds
[2021-02-06 06:51:15,706] {scheduler_job.py:181} INFO - Started process (PID=130) to work on /home/airflow/.local/lib/python3.8/site-packages/airflow/example_dags/tutorial_taskflow_api_etl.py
[2021-02-06 06:51:15,706] {scheduler_job.py:627} INFO - Processing file /home/airflow/.local/lib/python3.8/site-packages/airflow/example_dags/tutorial_taskflow_api_etl.py for tasks to queue
[2021-02-06 06:51:15,706] {logging_mixin.py:104} INFO - [2021-02-06 06:51:15,706] {dagbag.py:449} INFO - Filling up the DagBag from /home/airflow/.local/lib/python3.8/site-packages/airflow/example_dags/tutorial_taskflow_api_etl.py
[2021-02-06 06:51:15,715] {scheduler_job.py:637} INFO - DAG(s) dict_keys(['tutorial_taskflow_api_etl']) retrieved from /home/airflow/.local/lib/python3.8/site-packages/airflow/example_dags/tutorial_taskflow_api_etl.py
[2021-02-06 06:51:15,730] {logging_mixin.py:104} INFO - [2021-02-06 06:51:15,730] {dag.py:1818} INFO - Sync 1 DAGs
[2021-02-06 06:51:15,738] {logging_mixin.py:104} INFO - [2021-02-06 06:51:15,738] {dag.py:2273} INFO - Setting next_dagrun for tutorial_taskflow_api_etl to None
[2021-02-06 06:51:15,743] {scheduler_job.py:189} INFO - Processing /home/airflow/.local/lib/python3.8/site-packages/airflow/example_dags/tutorial_taskflow_api_etl.py took 0.040 seconds
[2021-02-06 06:51:46,376] {scheduler_job.py:181} INFO - Started process (PID=165) to work on /home/airflow/.local/lib/python3.8/site-packages/airflow/example_dags/tutorial_taskflow_api_etl.py
[2021-02-06 06:51:46,377] {scheduler_job.py:627} INFO - Processing file /home/airflow/.local/lib/python3.8/site-packages/airflow/example_dags/tutorial_taskflow_api_etl.py for tasks to queue
[2021-02-06 06:51:46,377] {logging_mixin.py:104} INFO - [2021-02-06 06:51:46,377] {dagbag.py:449} INFO - Filling up the DagBag from /home/airflow/.local/lib/python3.8/site-packages/airflow/example_dags/tutorial_taskflow_api_etl.py
[2021-02-06 06:51:46,386] {scheduler_job.py:637} INFO - DAG(s) dict_keys(['tutorial_taskflow_api_etl']) retrieved from /home/airflow/.local/lib/python3.8/site-packages/airflow/example_dags/tutorial_taskflow_api_etl.py
[2021-02-06 06:51:46,402] {logging_mixin.py:104} INFO - [2021-02-06 06:51:46,402] {dag.py:1818} INFO - Sync 1 DAGs
[2021-02-06 06:51:46,408] {logging_mixin.py:104} INFO - [2021-02-06 06:51:46,408] {dag.py:2273} INFO - Setting next_dagrun for tutorial_taskflow_api_etl to None
[2021-02-06 06:51:46,413] {scheduler_job.py:189} INFO - Processing /home/airflow/.local/lib/python3.8/site-packages/airflow/example_dags/tutorial_taskflow_api_etl.py took 0.039 seconds
[2021-02-06 06:52:17,073] {scheduler_job.py:181} INFO - Started process (PID=193) to work on /home/airflow/.local/lib/python3.8/site-packages/airflow/example_dags/tutorial_taskflow_api_etl.py
[2021-02-06 06:52:17,076] {scheduler_job.py:627} INFO - Processing file /home/airflow/.local/lib/python3.8/site-packages/airflow/example_dags/tutorial_taskflow_api_etl.py for tasks to queue
[2021-02-06 06:52:17,076] {logging_mixin.py:104} INFO - [2021-02-06 06:52:17,076] {dagbag.py:449} INFO - Filling up the DagBag from /home/airflow/.local/lib/python3.8/site-packages/airflow/example_dags/tutorial_taskflow_api_etl.py
[2021-02-06 06:52:17,081] {scheduler_job.py:637} INFO - DAG(s) dict_keys(['tutorial_taskflow_api_etl']) retrieved from /home/airflow/.local/lib/python3.8/site-packages/airflow/example_dags/tutorial_taskflow_api_etl.py
[2021-02-06 06:52:17,098] {logging_mixin.py:104} INFO - [2021-02-06 06:52:17,098] {dag.py:1818} INFO - Sync 1 DAGs
[2021-02-06 06:52:17,104] {logging_mixin.py:104} INFO - [2021-02-06 06:52:17,104] {dag.py:2273} INFO - Setting next_dagrun for tutorial_taskflow_api_etl to None
[2021-02-06 06:52:17,111] {scheduler_job.py:189} INFO - Processing /home/airflow/.local/lib/python3.8/site-packages/airflow/example_dags/tutorial_taskflow_api_etl.py took 0.041 seconds
[2021-02-06 06:52:47,857] {scheduler_job.py:181} INFO - Started process (PID=219) to work on /home/airflow/.local/lib/python3.8/site-packages/airflow/example_dags/tutorial_taskflow_api_etl.py
[2021-02-06 06:52:47,858] {scheduler_job.py:627} INFO - Processing file /home/airflow/.local/lib/python3.8/site-packages/airflow/example_dags/tutorial_taskflow_api_etl.py for tasks to queue
[2021-02-06 06:52:47,858] {logging_mixin.py:104} INFO - [2021-02-06 06:52:47,858] {dagbag.py:449} INFO - Filling up the DagBag from /home/airflow/.local/lib/python3.8/site-packages/airflow/example_dags/tutorial_taskflow_api_etl.py
[2021-02-06 06:52:47,866] {scheduler_job.py:637} INFO - DAG(s) dict_keys(['tutorial_taskflow_api_etl']) retrieved from /home/airflow/.local/lib/python3.8/site-packages/airflow/example_dags/tutorial_taskflow_api_etl.py
[2021-02-06 06:52:47,881] {logging_mixin.py:104} INFO - [2021-02-06 06:52:47,881] {dag.py:1818} INFO - Sync 1 DAGs
[2021-02-06 06:52:47,888] {logging_mixin.py:104} INFO - [2021-02-06 06:52:47,888] {dag.py:2273} INFO - Setting next_dagrun for tutorial_taskflow_api_etl to None
[2021-02-06 06:52:47,894] {scheduler_job.py:189} INFO - Processing /home/airflow/.local/lib/python3.8/site-packages/airflow/example_dags/tutorial_taskflow_api_etl.py took 0.039 seconds
[2021-02-06 06:53:18,580] {scheduler_job.py:181} INFO - Started process (PID=245) to work on /home/airflow/.local/lib/python3.8/site-packages/airflow/example_dags/tutorial_taskflow_api_etl.py
[2021-02-06 06:53:18,580] {scheduler_job.py:627} INFO - Processing file /home/airflow/.local/lib/python3.8/site-packages/airflow/example_dags/tutorial_taskflow_api_etl.py for tasks to queue
[2021-02-06 06:53:18,581] {logging_mixin.py:104} INFO - [2021-02-06 06:53:18,581] {dagbag.py:449} INFO - Filling up the DagBag from /home/airflow/.local/lib/python3.8/site-packages/airflow/example_dags/tutorial_taskflow_api_etl.py
[2021-02-06 06:53:18,588] {scheduler_job.py:637} INFO - DAG(s) dict_keys(['tutorial_taskflow_api_etl']) retrieved from /home/airflow/.local/lib/python3.8/site-packages/airflow/example_dags/tutorial_taskflow_api_etl.py
[2021-02-06 06:53:18,604] {logging_mixin.py:104} INFO - [2021-02-06 06:53:18,604] {dag.py:1818} INFO - Sync 1 DAGs
[2021-02-06 06:53:18,613] {logging_mixin.py:104} INFO - [2021-02-06 06:53:18,613] {dag.py:2273} INFO - Setting next_dagrun for tutorial_taskflow_api_etl to None
[2021-02-06 06:53:18,624] {scheduler_job.py:189} INFO - Processing /home/airflow/.local/lib/python3.8/site-packages/airflow/example_dags/tutorial_taskflow_api_etl.py took 0.046 seconds
[2021-02-06 06:53:49,320] {scheduler_job.py:181} INFO - Started process (PID=271) to work on /home/airflow/.local/lib/python3.8/site-packages/airflow/example_dags/tutorial_taskflow_api_etl.py
[2021-02-06 06:53:49,321] {scheduler_job.py:627} INFO - Processing file /home/airflow/.local/lib/python3.8/site-packages/airflow/example_dags/tutorial_taskflow_api_etl.py for tasks to queue
[2021-02-06 06:53:49,321] {logging_mixin.py:104} INFO - [2021-02-06 06:53:49,321] {dagbag.py:449} INFO - Filling up the DagBag from /home/airflow/.local/lib/python3.8/site-packages/airflow/example_dags/tutorial_taskflow_api_etl.py
[2021-02-06 06:53:49,328] {scheduler_job.py:637} INFO - DAG(s) dict_keys(['tutorial_taskflow_api_etl']) retrieved from /home/airflow/.local/lib/python3.8/site-packages/airflow/example_dags/tutorial_taskflow_api_etl.py
[2021-02-06 06:53:49,344] {logging_mixin.py:104} INFO - [2021-02-06 06:53:49,344] {dag.py:1818} INFO - Sync 1 DAGs
[2021-02-06 06:53:49,350] {logging_mixin.py:104} INFO - [2021-02-06 06:53:49,350] {dag.py:2273} INFO - Setting next_dagrun for tutorial_taskflow_api_etl to None
[2021-02-06 06:53:49,358] {scheduler_job.py:189} INFO - Processing /home/airflow/.local/lib/python3.8/site-packages/airflow/example_dags/tutorial_taskflow_api_etl.py took 0.040 seconds
[2021-02-06 06:54:20,032] {scheduler_job.py:181} INFO - Started process (PID=297) to work on /home/airflow/.local/lib/python3.8/site-packages/airflow/example_dags/tutorial_taskflow_api_etl.py
[2021-02-06 06:54:20,032] {scheduler_job.py:627} INFO - Processing file /home/airflow/.local/lib/python3.8/site-packages/airflow/example_dags/tutorial_taskflow_api_etl.py for tasks to queue
[2021-02-06 06:54:20,033] {logging_mixin.py:104} INFO - [2021-02-06 06:54:20,033] {dagbag.py:449} INFO - Filling up the DagBag from /home/airflow/.local/lib/python3.8/site-packages/airflow/example_dags/tutorial_taskflow_api_etl.py
[2021-02-06 06:54:20,040] {scheduler_job.py:637} INFO - DAG(s) dict_keys(['tutorial_taskflow_api_etl']) retrieved from /home/airflow/.local/lib/python3.8/site-packages/airflow/example_dags/tutorial_taskflow_api_etl.py
[2021-02-06 06:54:20,056] {logging_mixin.py:104} INFO - [2021-02-06 06:54:20,056] {dag.py:1818} INFO - Sync 1 DAGs
[2021-02-06 06:54:20,062] {logging_mixin.py:104} INFO - [2021-02-06 06:54:20,062] {dag.py:2273} INFO - Setting next_dagrun for tutorial_taskflow_api_etl to None
[2021-02-06 06:54:20,070] {scheduler_job.py:189} INFO - Processing /home/airflow/.local/lib/python3.8/site-packages/airflow/example_dags/tutorial_taskflow_api_etl.py took 0.040 seconds
[2021-02-06 06:54:50,772] {scheduler_job.py:181} INFO - Started process (PID=323) to work on /home/airflow/.local/lib/python3.8/site-packages/airflow/example_dags/tutorial_taskflow_api_etl.py
[2021-02-06 06:54:50,772] {scheduler_job.py:627} INFO - Processing file /home/airflow/.local/lib/python3.8/site-packages/airflow/example_dags/tutorial_taskflow_api_etl.py for tasks to queue
[2021-02-06 06:54:50,773] {logging_mixin.py:104} INFO - [2021-02-06 06:54:50,773] {dagbag.py:449} INFO - Filling up the DagBag from /home/airflow/.local/lib/python3.8/site-packages/airflow/example_dags/tutorial_taskflow_api_etl.py
[2021-02-06 06:54:50,779] {scheduler_job.py:637} INFO - DAG(s) dict_keys(['tutorial_taskflow_api_etl']) retrieved from /home/airflow/.local/lib/python3.8/site-packages/airflow/example_dags/tutorial_taskflow_api_etl.py
[2021-02-06 06:54:50,795] {logging_mixin.py:104} INFO - [2021-02-06 06:54:50,795] {dag.py:1818} INFO - Sync 1 DAGs
[2021-02-06 06:54:50,801] {logging_mixin.py:104} INFO - [2021-02-06 06:54:50,801] {dag.py:2273} INFO - Setting next_dagrun for tutorial_taskflow_api_etl to None
[2021-02-06 06:54:50,809] {scheduler_job.py:189} INFO - Processing /home/airflow/.local/lib/python3.8/site-packages/airflow/example_dags/tutorial_taskflow_api_etl.py took 0.040 seconds
[2021-02-06 06:55:21,551] {scheduler_job.py:181} INFO - Started process (PID=349) to work on /home/airflow/.local/lib/python3.8/site-packages/airflow/example_dags/tutorial_taskflow_api_etl.py
[2021-02-06 06:55:21,551] {scheduler_job.py:627} INFO - Processing file /home/airflow/.local/lib/python3.8/site-packages/airflow/example_dags/tutorial_taskflow_api_etl.py for tasks to queue
[2021-02-06 06:55:21,552] {logging_mixin.py:104} INFO - [2021-02-06 06:55:21,552] {dagbag.py:449} INFO - Filling up the DagBag from /home/airflow/.local/lib/python3.8/site-packages/airflow/example_dags/tutorial_taskflow_api_etl.py
[2021-02-06 06:55:21,559] {scheduler_job.py:637} INFO - DAG(s) dict_keys(['tutorial_taskflow_api_etl']) retrieved from /home/airflow/.local/lib/python3.8/site-packages/airflow/example_dags/tutorial_taskflow_api_etl.py
[2021-02-06 06:55:21,574] {logging_mixin.py:104} INFO - [2021-02-06 06:55:21,574] {dag.py:1818} INFO - Sync 1 DAGs
[2021-02-06 06:55:21,580] {logging_mixin.py:104} INFO - [2021-02-06 06:55:21,579] {dag.py:2273} INFO - Setting next_dagrun for tutorial_taskflow_api_etl to None
[2021-02-06 06:55:21,588] {scheduler_job.py:189} INFO - Processing /home/airflow/.local/lib/python3.8/site-packages/airflow/example_dags/tutorial_taskflow_api_etl.py took 0.039 seconds
[2021-02-06 06:55:52,227] {scheduler_job.py:181} INFO - Started process (PID=375) to work on /home/airflow/.local/lib/python3.8/site-packages/airflow/example_dags/tutorial_taskflow_api_etl.py
[2021-02-06 06:55:52,227] {scheduler_job.py:627} INFO - Processing file /home/airflow/.local/lib/python3.8/site-packages/airflow/example_dags/tutorial_taskflow_api_etl.py for tasks to queue
[2021-02-06 06:55:52,228] {logging_mixin.py:104} INFO - [2021-02-06 06:55:52,228] {dagbag.py:449} INFO - Filling up the DagBag from /home/airflow/.local/lib/python3.8/site-packages/airflow/example_dags/tutorial_taskflow_api_etl.py
[2021-02-06 06:55:52,235] {scheduler_job.py:637} INFO - DAG(s) dict_keys(['tutorial_taskflow_api_etl']) retrieved from /home/airflow/.local/lib/python3.8/site-packages/airflow/example_dags/tutorial_taskflow_api_etl.py
[2021-02-06 06:55:52,250] {logging_mixin.py:104} INFO - [2021-02-06 06:55:52,250] {dag.py:1818} INFO - Sync 1 DAGs
[2021-02-06 06:55:52,256] {logging_mixin.py:104} INFO - [2021-02-06 06:55:52,256] {dag.py:2273} INFO - Setting next_dagrun for tutorial_taskflow_api_etl to None
[2021-02-06 06:55:52,261] {scheduler_job.py:189} INFO - Processing /home/airflow/.local/lib/python3.8/site-packages/airflow/example_dags/tutorial_taskflow_api_etl.py took 0.036 seconds
