[2021-02-06 13:21:17,877] {taskinstance.py:851} INFO - Dependencies all met for <TaskInstance: example_bash_operator.also_run_this 2021-02-05T00:00:00+00:00 [queued]>
[2021-02-06 13:21:17,888] {taskinstance.py:851} INFO - Dependencies all met for <TaskInstance: example_bash_operator.also_run_this 2021-02-05T00:00:00+00:00 [queued]>
[2021-02-06 13:21:17,888] {taskinstance.py:1042} INFO - 
--------------------------------------------------------------------------------
[2021-02-06 13:21:17,889] {taskinstance.py:1043} INFO - Starting attempt 1 of 1
[2021-02-06 13:21:17,889] {taskinstance.py:1044} INFO - 
--------------------------------------------------------------------------------
[2021-02-06 13:21:17,904] {taskinstance.py:1063} INFO - Executing <Task(BashOperator): also_run_this> on 2021-02-05T00:00:00+00:00
[2021-02-06 13:21:17,909] {standard_task_runner.py:52} INFO - Started process 76 to run task
[2021-02-06 13:21:17,913] {standard_task_runner.py:76} INFO - Running: ['airflow', 'tasks', 'run', 'example_bash_operator', 'also_run_this', '2021-02-05T00:00:00+00:00', '--job-id', '8', '--pool', 'default_pool', '--raw', '--subdir', '/home/airflow/.local/lib/python3.8/site-packages/airflow/example_dags/example_bash_operator.py', '--cfg-path', '/tmp/tmpq9oo7oe6', '--error-file', '/tmp/tmpm_f32f8k']
[2021-02-06 13:21:17,913] {standard_task_runner.py:77} INFO - Job 8: Subtask also_run_this
[2021-02-06 13:21:17,957] {logging_mixin.py:104} INFO - Running <TaskInstance: example_bash_operator.also_run_this 2021-02-05T00:00:00+00:00 [running]> on host 66bc8b98f452
[2021-02-06 13:21:18,005] {taskinstance.py:1254} INFO - Exporting the following env vars:
AIRFLOW_CTX_DAG_OWNER=airflow
AIRFLOW_CTX_DAG_ID=example_bash_operator
AIRFLOW_CTX_TASK_ID=also_run_this
AIRFLOW_CTX_EXECUTION_DATE=2021-02-05T00:00:00+00:00
AIRFLOW_CTX_DAG_RUN_ID=scheduled__2021-02-05T00:00:00+00:00
[2021-02-06 13:21:18,006] {bash.py:135} INFO - Tmp dir root location: 
 /tmp
[2021-02-06 13:21:18,007] {bash.py:158} INFO - Running command: echo "run_id=scheduled__2021-02-05T00:00:00+00:00 | dag_run=<DagRun example_bash_operator @ 2021-02-05 00:00:00+00:00: scheduled__2021-02-05T00:00:00+00:00, externally triggered: False>"
[2021-02-06 13:21:18,016] {bash.py:169} INFO - Output:
[2021-02-06 13:21:18,018] {bash.py:173} INFO - run_id=scheduled__2021-02-05T00:00:00+00:00 | dag_run=<DagRun example_bash_operator @ 2021-02-05 00:00:00+00:00: scheduled__2021-02-05T00:00:00+00:00, externally triggered: False>
[2021-02-06 13:21:18,018] {bash.py:177} INFO - Command exited with return code 0
[2021-02-06 13:21:18,046] {taskinstance.py:1159} INFO - Marking task as SUCCESS. dag_id=example_bash_operator, task_id=also_run_this, execution_date=20210205T000000, start_date=20210206T132117, end_date=20210206T132118
[2021-02-06 13:21:18,080] {taskinstance.py:1219} INFO - 0 downstream tasks scheduled from follow-on schedule check
[2021-02-06 13:21:18,124] {local_task_job.py:146} INFO - Task exited with return code 0
