[2021-02-06 13:21:17,582] {taskinstance.py:851} INFO - Dependencies all met for <TaskInstance: example_bash_operator.also_run_this 2021-02-04T00:00:00+00:00 [queued]>
[2021-02-06 13:21:17,595] {taskinstance.py:851} INFO - Dependencies all met for <TaskInstance: example_bash_operator.also_run_this 2021-02-04T00:00:00+00:00 [queued]>
[2021-02-06 13:21:17,596] {taskinstance.py:1042} INFO - 
--------------------------------------------------------------------------------
[2021-02-06 13:21:17,596] {taskinstance.py:1043} INFO - Starting attempt 1 of 1
[2021-02-06 13:21:17,597] {taskinstance.py:1044} INFO - 
--------------------------------------------------------------------------------
[2021-02-06 13:21:17,613] {taskinstance.py:1063} INFO - Executing <Task(BashOperator): also_run_this> on 2021-02-04T00:00:00+00:00
[2021-02-06 13:21:17,618] {standard_task_runner.py:52} INFO - Started process 64 to run task
[2021-02-06 13:21:17,621] {standard_task_runner.py:76} INFO - Running: ['airflow', 'tasks', 'run', 'example_bash_operator', 'also_run_this', '2021-02-04T00:00:00+00:00', '--job-id', '3', '--pool', 'default_pool', '--raw', '--subdir', '/home/airflow/.local/lib/python3.8/site-packages/airflow/example_dags/example_bash_operator.py', '--cfg-path', '/tmp/tmpd_6psnzo', '--error-file', '/tmp/tmp8z4k5drs']
[2021-02-06 13:21:17,622] {standard_task_runner.py:77} INFO - Job 3: Subtask also_run_this
[2021-02-06 13:21:17,676] {logging_mixin.py:104} INFO - Running <TaskInstance: example_bash_operator.also_run_this 2021-02-04T00:00:00+00:00 [running]> on host 66bc8b98f452
[2021-02-06 13:21:17,792] {taskinstance.py:1254} INFO - Exporting the following env vars:
AIRFLOW_CTX_DAG_OWNER=airflow
AIRFLOW_CTX_DAG_ID=example_bash_operator
AIRFLOW_CTX_TASK_ID=also_run_this
AIRFLOW_CTX_EXECUTION_DATE=2021-02-04T00:00:00+00:00
AIRFLOW_CTX_DAG_RUN_ID=scheduled__2021-02-04T00:00:00+00:00
[2021-02-06 13:21:17,793] {bash.py:135} INFO - Tmp dir root location: 
 /tmp
[2021-02-06 13:21:17,793] {bash.py:158} INFO - Running command: echo "run_id=scheduled__2021-02-04T00:00:00+00:00 | dag_run=<DagRun example_bash_operator @ 2021-02-04 00:00:00+00:00: scheduled__2021-02-04T00:00:00+00:00, externally triggered: False>"
[2021-02-06 13:21:17,800] {bash.py:169} INFO - Output:
[2021-02-06 13:21:17,801] {bash.py:173} INFO - run_id=scheduled__2021-02-04T00:00:00+00:00 | dag_run=<DagRun example_bash_operator @ 2021-02-04 00:00:00+00:00: scheduled__2021-02-04T00:00:00+00:00, externally triggered: False>
[2021-02-06 13:21:17,802] {bash.py:177} INFO - Command exited with return code 0
[2021-02-06 13:21:17,825] {taskinstance.py:1159} INFO - Marking task as SUCCESS. dag_id=example_bash_operator, task_id=also_run_this, execution_date=20210204T000000, start_date=20210206T132117, end_date=20210206T132117
[2021-02-06 13:21:17,854] {taskinstance.py:1219} INFO - 0 downstream tasks scheduled from follow-on schedule check
[2021-02-06 13:21:17,874] {local_task_job.py:146} INFO - Task exited with return code 0
